#Time | Normalised to Self | SEM_NTS | Normalised to Initial DSBs | SEM_NTI
Ku_Recruitment
0 0 0
0.0166667 0.412082 0.0202579
0.0333333 0.509469 0.0140799
0.05 0.573804 0.0184955
0.0666667 0.610928 0.0240188
0.0833333 0.640025 0.016669
0.1 0.673702 0.0161923
0.116667 0.702636 0.0208913
0.133333 0.732537 0.0131232
0.15 0.771146 0.0129186
0.166667 0.789809 0.0160388
0.183333 0.813369 0.0233215
0.2 0.83418 0.0194858
0.216667 0.846079 0.0238177
0.233333 0.853264 0.0364337
0.25 0.864943 0.0457526
0.266667 0.877283 0.0472484
0.283333 0.890887 0.0475638
0.3 0.895965 0.0426599
0.316667 0.907903 0.0398152
0.333333 0.918318 0.0351826
0.35 0.924699 0.0365336
0.366667 0.931664 0.044545
0.383333 0.936799 0.0447964
0.4 0.935534 0.0389683
0.416667 0.942336 0.0296273
0.433333 0.940027 0.0310314
0.45 0.954052 0.030201
0.466667 0.957003 0.0259095
0.483333 0.954215 0.0237156
0.5 0.954215 0.0234091
0.516667 0.95526 0.0252611
0.533333 0.956085 0.0336215
0.55 0.956362 0.0306657
0.566667 0.963145 0.0368971
0.583333 0.973741 0.0361957
0.6 0.975226 0.0375287
0.616667 0.983312 0.0353945
0.633333 0.987365 0.0347014
0.65 0.993084 0.0376482
0.666667 0.992644 0.0393971
0.683333 0.995412 0.0368885
0.7 0.997098 0.0399082
0.716667 0.990334 0.0396923
0.733333 0.989088 0.0363309
0.75 0.987585 0.0339135
0.766667 0.988648 0.0363486
0.783333 0.991857 0.037628
0.8 0.987843 0.0368394
0.816667 0.979594 0.0312261
0.833333 0.974113 0.0307191
0.85 0.978752 0.0303898
0.866667 0.980419 0.0261077
0.883333 0.98702 0.0212147
0.9 0.987259 0.0239174
0.916667 0.991292 0.0256093
0.933333 0.994243 0.0214561
0.95 0.99703 0.0198466
0.966667 0.993255 0.0205623
0.983333 0.999799 0.0212623
1 1 0.0196116


PKcs_Recruitment
0 0 0
0.0166667 0.186227 0.00983491
0.0333333 0.326065 0.0128754
0.05 0.453122 0.0150863
0.0666667 0.522507 0.0232356
0.0833333 0.5866 0.0149356
0.1 0.623782 0.012856
0.116667 0.654432 0.0188733
0.133333 0.690382 0.010219
0.15 0.726677 0.0102039
0.166667 0.762087 0.0159081
0.183333 0.7849 0.023204
0.2 0.801188 0.0159741
0.216667 0.815039 0.0238426
0.233333 0.832302 0.0363034
0.25 0.844234 0.0457191
0.266667 0.860705 0.047247
0.283333 0.876935 0.0472196
0.3 0.885329 0.0427722
0.316667 0.898591 0.0400478
0.333333 0.910359 0.0353771
0.35 0.919323 0.0367119
0.366667 0.919285 0.0445723
0.383333 0.926128 0.0448305
0.4 0.930628 0.0389384
0.416667 0.938339 0.0296577
0.433333 0.934319 0.0307002
0.45 0.938375 0.0302435
0.466667 0.949477 0.0259762
0.483333 0.950326 0.0236785
0.5 0.956041 0.023228
0.516667 0.958201 0.0253737
0.533333 0.959252 0.0337265
0.55 0.951194 0.0308038
0.566667 0.95372 0.0368715
0.583333 0.959473 0.0363761
0.6 0.966297 0.0376779
0.616667 0.971887 0.0355536
0.633333 0.98111 0.0348352
0.65 0.990498 0.0375154
0.666667 0.994315 0.0395473
0.683333 0.998594 0.0370826
0.7 0.998777 0.0400627
0.716667 0.992193 0.0399288
0.733333 0.989649 0.0365278
0.75 0.988174 0.0339531
0.766667 0.986459 0.0364977
0.783333 0.988395 0.0378371
0.8 0.985629 0.0370571
0.816667 0.974787 0.0313261
0.833333 0.971818 0.0308997
0.85 0.974363 0.0300628
0.866667 0.976889 0.0262411
0.883333 0.982055 0.0210469
0.9 0.97951 0.0238665
0.916667 0.98484 0.0255901
0.933333 0.987808 0.0213785
0.95 0.994872 0.0199606
0.966667 0.993417 0.0202957
0.983333 0.994708 0.0206473
1 1 0.0188023


XRCC4_Recruitment
0 0 0
0.0166667 0 0
0.0333333 0 0
0.05 0.00545741 0.00545741
0.0666667 0.00545741 0.00545741
0.0833333 0.00545741 0.00545741
0.1 0.00545741 0.00545741
0.116667 0.00545741 0.00545741
0.133333 0.00545741 0.00545741
0.15 0.0109148 0.0109148
0.166667 0.0109148 0.0109148
0.183333 0.0217488 0.0144545
0.2 0.0217488 0.0144545
0.216667 0.0217488 0.0144545
0.233333 0.038121 0.0304147
0.25 0.0435784 0.0358175
0.266667 0.0490359 0.0412348
0.283333 0.0490359 0.0412348
0.3 0.0608049 0.0432802
0.316667 0.0608049 0.0432802
0.333333 0.0661814 0.0407662
0.35 0.0724931 0.0374636
0.366667 0.0788047 0.0349975
0.383333 0.0788047 0.0349975
0.4 0.0788047 0.0349975
0.416667 0.0895578 0.0289818
0.433333 0.101327 0.0313655
0.45 0.107638 0.0293621
0.466667 0.107638 0.0293621
0.483333 0.119327 0.0241512
0.5 0.125638 0.0242287
0.516667 0.131096 0.0287168
0.533333 0.136553 0.0334939
0.55 0.14201 0.0384526
0.566667 0.147468 0.0435307
0.583333 0.147468 0.0435307
0.6 0.147468 0.0435307
0.616667 0.152925 0.048691
0.633333 0.152925 0.048691
0.65 0.170925 0.0429572
0.666667 0.170925 0.0429572
0.683333 0.170925 0.0429572
0.7 0.181759 0.0433988
0.716667 0.176383 0.047776
0.733333 0.181759 0.0433988
0.75 0.181759 0.0433988
0.766667 0.181759 0.0433988
0.783333 0.187216 0.0484861
0.8 0.187216 0.0484861
0.816667 0.187216 0.0484861
0.833333 0.187216 0.0484861
0.85 0.187216 0.0484861
0.866667 0.19797 0.0408348
0.883333 0.209658 0.0352771
0.9 0.215115 0.0406081
0.916667 0.215115 0.0406081
0.933333 0.231245 0.0322663
0.95 0.243014 0.0340317
0.966667 0.261095 0.0348053
0.983333 0.266471 0.0310469
1 0.284552 0.0340651
1.16667 0.335989 0.0343594
1.33333 0.388118 0.0179772
1.5 0.409624 0.00838438
1.66667 0.47898 0.0268469
1.83333 0.508749 0.0365594
2 0.56104 0.0488146
2.16667 0.576477 0.0292137
2.33333 0.623472 0.0391645
2.5 0.662366 0.0287091
2.66667 0.701953 0.0298854
2.83333 0.734455 0.0158626
3 0.739751 0.0265076
3.16667 0.785892 0.0177716
3.33333 0.824786 0.00433043
3.5 0.858142 0.00643354
3.66667 0.87981 0.0149334
3.83333 0.907628 0.0303131
4 0.91777 0.0328562
4.16667 0.922292 0.0445825
4.33333 0.944041 0.056179
4.5 0.967336 0.0491332
4.66667 0.97817 0.0544417
4.83333 0.994462 0.0619182
5 1 0.0651623


DSB_Residual
0 0 0 1 0
0.0166667 0 0 1 0
0.0333333 0 0 1 0
0.05 0 0 1 0
0.0666667 0 0 1 0
0.0833333 0 0 1 0
0.1 0 0 1 0
0.116667 0 0 1 0
0.133333 0 0 1 0
0.15 0 0 1 0
0.166667 0 0 1 0
0.183333 0 0 1 0
0.2 0 0 1 0
0.216667 0 0 1 0
0.233333 0 0 1 0
0.25 0 0 1 0
0.266667 0 0 1 0
0.283333 0 0 1 0
0.3 0 0 1 0
0.316667 0 0 1 0
0.333333 0 0 1 0
0.35 0 0 1 0
0.366667 0 0 1 0
0.383333 0 0 1 0
0.4 0 0 1 0
0.416667 0 0 1 0
0.433333 0 0 1 0
0.45 0 0 1 0
0.466667 0 0 1 0
0.483333 0 0 1 0
0.5 0 0 1 0
0.516667 0 0 1 0
0.533333 0 0 1 0
0.55 0 0 1 0
0.566667 0 0 1 0
0.583333 0 0 1 0
0.6 0 0 1 0
0.616667 0 0 1 0
0.633333 0 0 1 0
0.65 0 0 1 0
0.666667 0 0 1 0
0.683333 0 0 1 0
0.7 0 0 1 0
0.716667 0 0 0.997531 0.00246914
0.733333 0 0 0.997531 0.00246914
0.75 0 0 0.997531 0.00246914
0.766667 0 0 0.997531 0.00246914
0.783333 0 0 0.997531 0.00246914
0.8 0 0 0.997531 0.00246914
0.816667 0 0 0.997531 0.00246914
0.833333 0 0 0.997531 0.00246914
0.85 0 0 0.997531 0.00246914
0.866667 0 0 0.997531 0.00246914
0.883333 0 0 0.997531 0.00246914
0.9 0 0 0.997531 0.00246914
0.916667 0 0 0.997531 0.00246914
0.933333 0 0 0.997531 0.00246914
0.95 0 0 0.997531 0.00246914
0.966667 0 0 0.997531 0.00246914
0.983333 0 0 0.997531 0.00246914
1 0 0 0.997531 0.00246914
1.16667 0 0 0.994632 0.00270949
1.33333 0 0 0.994632 0.00270949
1.5 0 0 0.989657 0.00226153
1.66667 0 0 0.987151 0.00207785
1.83333 0 0 0.984644 0.00401038
2 0 0 0.982138 0.00635701
2.16667 0 0 0.97677 0.003696
2.33333 0 0 0.97677 0.003696
2.5 0 0 0.97677 0.003696
2.66667 0 0 0.974301 0.00415569
2.83333 0 0 0.974301 0.00415569
3 0 0 0.96682 0.00823155
3.16667 0 0 0.96682 0.00823155
3.33333 0 0 0.96682 0.00823155
3.5 0 0 0.963921 0.00551314
3.66667 0 0 0.963921 0.00551314
3.83333 0 0 0.963921 0.00551314
4 0 0 0.953149 0.0029035
4.16667 0 0 0.95025 0.00265606
4.33333 0 0 0.945275 0.00271409
4.5 0 0 0.942768 0.00521959
4.66667 0 0 0.934502 0.00316697
4.83333 0 0 0.931604 0.00549733
5 0 0 0.926236 0.00660255
5.16667 0 0 0.926236 0.00660255
5.33333 0 0 0.923767 0.00567148
5.5 0 0 0.920868 0.00846458
5.66667 0 0 0.920868 0.00846458
5.83333 0 0 0.915463 0.00991082
6 0 0 0.915463 0.00991082
6.16667 0 0 0.915463 0.00991082
6.33333 0 0 0.912565 0.0128082
6.5 0 0 0.912565 0.0128082
6.66667 0 0 0.907197 0.0145818
6.83333 0 0 0.902222 0.0121126
7 0 0 0.902222 0.0121126
7.16667 0 0 0.896817 0.0136313
7.33333 0 0 0.891449 0.0153899
7.5 0 0 0.883968 0.0115578
7.66667 0 0 0.873624 0.0108524
7.83333 0 0 0.871118 0.00948611
8 0 0 0.871118 0.00948611
8.16667 0 0 0.868612 0.00864646
8.33333 0 0 0.858661 0.00425201
8.5 0 0 0.856155 0.00530719
8.66667 0 0 0.853256 0.00693591
8.83333 0 0 0.85075 0.00796817
9 0 0 0.85075 0.00796817
9.16667 0 0 0.848244 0.00956238
9.33333 0 0 0.842839 0.0121202
9.5 0 0 0.832104 0.0102616
9.66667 0 0 0.832104 0.0102616
9.83333 0 0 0.821331 0.0128609
10 0 0 0.821331 0.0128609
11 0 0 0.803114 0.0114568
12 0 0 0.795277 0.0107148
13 0 0 0.769504 0.011574
14 0 0 0.753719 0.0157468
15 0 0 0.722653 0.0128758
16 0 0 0.698994 0.0174236
17 0 0 0.683246 0.0177835
18 0 0 0.65379 0.0250072
19 0 0 0.63765 0.0265444
20 0 0 0.60404 0.0276479
21 0 0 0.596166 0.0279006
22 0 0 0.58081 0.0282
23 0 0 0.563304 0.0364935
24 0 0 0.552568 0.0327554
25 0 0 0.520643 0.0365295
26 0 0 0.496629 0.0368763
27 0 0 0.486715 0.0308449
28 0 0 0.478878 0.0272292
29 0 0 0.460698 0.0216531
30 0 0 0.455723 0.0202901
31 0 0 0.447886 0.017044
32 0 0 0.442948 0.0122059
33 0 0 0.435541 0.00530647
34 0 0 0.428022 0.00897541
35 0 0 0.417679 0.00681846
36 0 0 0.409768 0.0111708
37 0 0 0.404829 0.00714765
38 0 0 0.394953 0.00707196
39 0 0 0.389585 0.00645267
40 0 0 0.373445 0.00592122
41 0 0 0.370939 0.00403052
42 0 0 0.368432 0.00316102
43 0 0 0.360951 0.00651144
44 0 0 0.353469 0.0106064
45 0 0 0.341049 0.0164493
46 0 0 0.33858 0.0177206
47 0 0 0.333605 0.0201994
48 0 0 0.325301 0.0156318
49 0 0 0.322795 0.0171265
50 0 0 0.319896 0.0142815
51 0 0 0.306618 0.0129916
52 0 0 0.303719 0.0103995
53 0 0 0.295808 0.0128516
54 0 0 0.28582 0.0194599
55 0 0 0.277983 0.0163255
56 0 0 0.272578 0.0165035
57 0 0 0.272578 0.0165035
58 0 0 0.267566 0.0213957
59 0 0 0.264667 0.0196155
60 0 0 0.264667 0.0196155
70 0 0 0.23403 0.0214368
80 0 0 0.21284 0.0240481
90 0 0 0.192902 0.0341665
100 0 0 0.187926 0.0360671
110 0 0 0.18009 0.0331461
120 0 0 0.17762 0.0330482
130 0 0 0.17762 0.0330482
140 0 0 0.175151 0.0331344
150 0 0 0.175151 0.0331344
160 0 0 0.175151 0.0331344
170 0 0 0.169784 0.0307277
180 0 0 0.169784 0.0307277
190 0 0 0.169784 0.0307277
200 0 0 0.166885 0.0280961
210 0 0 0.166885 0.0280961
220 0 0 0.166885 0.0280961
230 0 0 0.166885 0.0280961
240 0 0 0.164416 0.0283756
250 0 0 0.164416 0.0283756
260 0 0 0.164416 0.0283756
270 0 0 0.164416 0.0283756
280 0 0 0.164416 0.0283756
290 0 0 0.164416 0.0283756
300 0 0 0.161947 0.0288643
310 0 0 0.161947 0.0288643
320 0 0 0.156579 0.026718
330 0 0 0.156579 0.026718
340 0 0 0.156579 0.026718
350 0 0 0.156579 0.026718
360 0 0 0.156579 0.026718
370 0 0 0.156579 0.026718
380 0 0 0.156579 0.026718
390 0 0 0.156579 0.026718
400 0 0 0.156579 0.026718
410 0 0 0.156579 0.026718
420 0 0 0.156579 0.026718
430 0 0 0.156579 0.026718
440 0 0 0.156579 0.026718
450 0 0 0.156579 0.026718
460 0 0 0.156579 0.026718
470 0 0 0.156579 0.026718
480 0 0 0.154073 0.028479
490 0 0 0.154073 0.028479
500 0 0 0.154073 0.028479
510 0 0 0.154073 0.028479
520 0 0 0.154073 0.028479
530 0 0 0.154073 0.028479
540 0 0 0.154073 0.028479
550 0 0 0.154073 0.028479
560 0 0 0.154073 0.028479
570 0 0 0.154073 0.028479
580 0 0 0.154073 0.028479
590 0 0 0.151567 0.0303451
600 0 0 0.151567 0.0303451
610 0 0 0.151567 0.0303451
620 0 0 0.151567 0.0303451
630 0 0 0.151567 0.0303451
640 0 0 0.151567 0.0303451
650 0 0 0.151567 0.0303451
660 0 0 0.151567 0.0303451
670 0 0 0.151567 0.0303451
680 0 0 0.151567 0.0303451
690 0 0 0.151567 0.0303451
700 0 0 0.14906 0.0322979
710 0 0 0.14906 0.0322979
720 0 0 0.14906 0.0322979
730 0 0 0.14906 0.0322979
740 0 0 0.14906 0.0322979
750 0 0 0.14906 0.0322979
760 0 0 0.14906 0.0322979
770 0 0 0.14906 0.0322979
780 0 0 0.14906 0.0322979
790 0 0 0.14906 0.0322979
800 0 0 0.14906 0.0322979
810 0 0 0.14906 0.0322979
820 0 0 0.14906 0.0322979
830 0 0 0.14906 0.0322979
840 0 0 0.14906 0.0322979
850 0 0 0.14906 0.0322979
860 0 0 0.14906 0.0322979
870 0 0 0.14906 0.0322979
880 0 0 0.14906 0.0322979
890 0 0 0.14906 0.0322979
900 0 0 0.14906 0.0322979
910 0 0 0.14906 0.0322979
920 0 0 0.14906 0.0322979
930 0 0 0.14906 0.0322979
940 0 0 0.14906 0.0322979
950 0 0 0.14906 0.0322979
960 0 0 0.14906 0.0322979
970 0 0 0.14906 0.0322979
980 0 0 0.14906 0.0322979
990 0 0 0.14906 0.0322979
1000 0 0 0.14906 0.0322979
1010 0 0 0.14906 0.0322979
1020 0 0 0.14906 0.0322979
1030 0 0 0.14906 0.0322979
1040 0 0 0.146162 0.0296428
1050 0 0 0.146162 0.0296428
1060 0 0 0.146162 0.0296428
1070 0 0 0.146162 0.0296428
1080 0 0 0.146162 0.0296428
1090 0 0 0.146162 0.0296428
1100 0 0 0.146162 0.0296428
1110 0 0 0.146162 0.0296428
1120 0 0 0.146162 0.0296428
1130 0 0 0.146162 0.0296428
1140 0 0 0.146162 0.0296428
1150 0 0 0.146162 0.0296428
1160 0 0 0.146162 0.0296428
1170 0 0 0.146162 0.0296428
1180 0 0 0.146162 0.0296428
1190 0 0 0.146162 0.0296428
1200 0 0 0.146162 0.0296428
1210 0 0 0.146162 0.0296428
1220 0 0 0.146162 0.0296428
1230 0 0 0.146162 0.0296428
1240 0 0 0.146162 0.0296428
1250 0 0 0.146162 0.0296428
1260 0 0 0.146162 0.0296428
1270 0 0 0.146162 0.0296428
1280 0 0 0.146162 0.0296428
1290 0 0 0.146162 0.0296428
1300 0 0 0.146162 0.0296428
1310 0 0 0.146162 0.0296428
1320 0 0 0.146162 0.0296428
1330 0 0 0.146162 0.0296428
1340 0 0 0.146162 0.0296428
1350 0 0 0.146162 0.0296428
1360 0 0 0.146162 0.0296428
1370 0 0 0.146162 0.0296428
1380 0 0 0.146162 0.0296428
1390 0 0 0.146162 0.0296428
1400 0 0 0.146162 0.0296428
1410 0 0 0.146162 0.0296428
1420 0 0 0.146162 0.0296428
1430 0 0 0.146162 0.0296428
1440 0 0 0.146162 0.0296428


DSBEnd
0 1 0 1 0
0.0166667 0.160311 0.0190551 0.160311 0.0190551
0.0333333 0.0603263 0.00425402 0.0603263 0.00425402
0.05 0.042933 0.00488679 0.042933 0.00488679
0.0666667 0.0385832 0.00875655 0.0385832 0.00875655
0.0833333 0.0337131 0.00756737 0.0337131 0.00756737
0.1 0.0389589 0.00209563 0.0389589 0.00209563
0.116667 0.0475823 0.0114229 0.0475823 0.0114229
0.133333 0.0406415 0.0036844 0.0406415 0.0036844
0.15 0.0225277 0.00750807 0.0225277 0.00750807
0.166667 0.0229777 0.00586096 0.0229777 0.00586096
0.183333 0.029869 0.00386279 0.029869 0.00386279
0.2 0.024875 0.00132803 0.024875 0.00132803
0.216667 0.0221726 0.000237225 0.0221726 0.000237225
0.233333 0.0192926 0.00385089 0.0192926 0.00385089
0.25 0.0180023 0.0040034 0.0180023 0.0040034
0.266667 0.0161216 0.00655588 0.0161216 0.00655588
0.283333 0.00642468 0.00103892 0.00642468 0.00103892
0.3 0.0170196 0.00330919 0.0170196 0.00330919
0.316667 0.0074631 0.00373186 0.0074631 0.00373186
0.333333 0.00908996 0.00319751 0.00908996 0.00319751
0.35 0.0186465 0.00372081 0.0186465 0.00372081
0.366667 0.00642468 0.00103892 0.00642468 0.00103892
0.383333 0.00867911 0.00537722 0.00867911 0.00537722
0.4 0.0146909 0.00410552 0.0146909 0.00410552
0.416667 0.00268384 0.00135474 0.00268384 0.00135474
0.433333 0.0169825 0.00102544 0.0169825 0.00102544
0.45 0.00932323 0.0018604 0.00932323 0.0018604
0.466667 0.0112039 0.0057187 0.0112039 0.0057187
0.483333 0.0128865 0.00484923 0.0128865 0.00484923
0.5 0.00932323 0.0018604 0.00932323 0.0018604
0.516667 0.00558239 0.00388073 0.00558239 0.00388073
0.533333 0.0132788 0.00301328 0.0132788 0.00301328
0.55 0.0103431 0.00226153 0.0103431 0.00226153
0.566667 0.00889381 0.00309879 0.00889381 0.00309879
0.583333 0.0107725 0.00330956 0.0107725 0.00330956
0.6 0.00538625 0.00165478 0.00538625 0.00165478
0.616667 0.0113629 0.00550626 0.0113629 0.00550626
0.633333 0.00517154 0.00113076 0.00517154 0.00113076
0.65 0.00413312 0.00251938 0.00413312 0.00251938
0.666667 0.00393698 0.000206053 0.00393698 0.000206053
0.683333 0.00785539 0.00216344 0.00785539 0.00216344
0.7 0.00372227 0.00213841 0.00372227 0.00213841
0.716667 0.00538625 0.00165478 0.00538625 0.00165478
0.733333 0.0105578 0.00161866 0.0105578 0.00161866
0.75 0.00640611 0.00235862 0.00640611 0.00235862
0.766667 0.00705023 0.0052832 0.00705023 0.0052832
0.783333 0.00519011 0.0011791 0.00519011 0.0011791
0.8 0.00517154 0.00113076 0.00517154 0.00113076
0.816667 0.00785539 0.00216344 0.00785539 0.00216344
0.833333 0.0154775 0.00756661 0.0154775 0.00756661
0.85 0.00519011 0.0011791 0.00519011 0.0011791
0.866667 0.0116334 0.00360107 0.0116334 0.00360107
0.883333 0.0115777 0.00348702 0.0115777 0.00348702
0.9 0.0113444 0.00729275 0.0113444 0.00729275
0.916667 0.00536769 0.00270949 0.00536769 0.00270949
0.933333 0.0024877 0.00124395 0.0024877 0.00124395
0.95 0.00144928 0.00144928 0.00144928 0.00144928
0.966667 0.00515298 0.00323267 0.00515298 0.00323267
0.983333 0.00270241 0.00136184 0.00270241 0.00136184
1 0.00125313 0.00125313 0.00125313 0.00125313
1.16667 0.00626566 0.00626566 0.00626566 0.00626566
1.33333 0.00268384 0.00135474 0.00268384 0.00135474
1.5 0.00413312 0.00251938 0.00413312 0.00251938
1.66667 0.0024877 0.00124395 0.0024877 0.00124395
1.83333 0.00644324 0.00242462 0.00644324 0.00242462
2 0.00519011 0.0011791 0.00519011 0.0011791
2.16667 0.00123457 0.00123457 0.00123457 0.00123457
2.33333 0.00765924 0.00195365 0.00765924 0.00195365
2.5 0.00393698 0.000206053 0.00393698 0.000206053
2.66667 0.00495684 0.0032629 0.00495684 0.0032629
2.83333 0.00268384 0.00135474 0.00268384 0.00135474
3 0.00515298 0.00323267 0.00515298 0.00323267
3.16667 0.00250627 0.00250627 0.00250627 0.00250627
3.33333 0.00395554 0.00217933 0.00395554 0.00217933
3.5 0.00144928 0.00144928 0.00144928 0.00144928
3.66667 0.00393698 0.000206053 0.00393698 0.000206053
3.83333 0.00374083 0.00217057 0.00374083 0.00217057
4 0.00270241 0.00136184 0.00270241 0.00136184
4.16667 0.00268384 0.00135474 0.00268384 0.00135474
4.33333 0.00125313 0.00125313 0.00125313 0.00125313
4.5 0.00289855 0.00289855 0.00289855 0.00289855
4.66667 0.00123457 0.00123457 0.00123457 0.00123457
4.83333 0.00289855 0.00289855 0.00289855 0.00289855
5 0.00270241 0.00136184 0.00270241 0.00136184
5.16667 0.00374083 0.00217057 0.00374083 0.00217057
5.33333 0.00123457 0.00123457 0.00123457 0.00123457
5.5 0 0 0 0
5.66667 0.00270241 0.00136184 0.00270241 0.00136184
5.83333 0 0 0 0
6 0.00144928 0.00144928 0.00144928 0.00144928
6.16667 0.00144928 0.00144928 0.00144928 0.00144928
6.33333 0 0 0 0
6.5 0.00125313 0.00125313 0.00125313 0.00125313
6.66667 0 0 0 0
6.83333 0 0 0 0
7 0.00123457 0.00123457 0.00123457 0.00123457
7.16667 0 0 0 0
7.33333 0 0 0 0
7.5 0 0 0 0
7.66667 0.00125313 0.00125313 0.00125313 0.00125313
7.83333 0.00144928 0.00144928 0.00144928 0.00144928
8 0 0 0 0
8.16667 0 0 0 0
8.33333 0 0 0 0
8.5 0 0 0 0
8.66667 0.00374083 0.00217057 0.00374083 0.00217057
8.83333 0 0 0 0
9 0 0 0 0
9.16667 0 0 0 0
9.33333 0 0 0 0
9.5 0 0 0 0
9.66667 0 0 0 0
9.83333 0 0 0 0
10 0 0 0 0
11 0 0 0 0
12 0 0 0 0
13 0 0 0 0
14 0 0 0 0
15 0 0 0 0
16 0 0 0 0
17 0 0 0 0
18 0.00125313 0.00125313 0.00125313 0.00125313
19 0 0 0 0
20 0 0 0 0
21 0 0 0 0
22 0 0 0 0
23 0 0 0 0
24 0 0 0 0
25 0 0 0 0
26 0 0 0 0
27 0 0 0 0
28 0 0 0 0
29 0 0 0 0
30 0 0 0 0
31 0 0 0 0
32 0 0 0 0
33 0 0 0 0
34 0 0 0 0
35 0 0 0 0
36 0 0 0 0
37 0 0 0 0
38 0 0 0 0
39 0 0 0 0
40 0 0 0 0
41 0 0 0 0
42 0 0 0 0
43 0 0 0 0
44 0 0 0 0
45 0 0 0 0
46 0 0 0 0
47 0 0 0 0
48 0 0 0 0
49 0 0 0 0
50 0 0 0 0
51 0 0 0 0
52 0 0 0 0
53 0 0 0 0
54 0 0 0 0
55 0 0 0 0
56 0 0 0 0
57 0 0 0 0
58 0 0 0 0
59 0 0 0 0
60 0 0 0 0
70 0 0 0 0
80 0 0 0 0
90 0 0 0 0
100 0 0 0 0
110 0 0 0 0
120 0 0 0 0
130 0 0 0 0
140 0 0 0 0
150 0 0 0 0
160 0 0 0 0
170 0 0 0 0
180 0 0 0 0
190 0 0 0 0
200 0 0 0 0
210 0 0 0 0
220 0 0 0 0
230 0 0 0 0
240 0 0 0 0
250 0 0 0 0
260 0 0 0 0
270 0 0 0 0
280 0 0 0 0
290 0 0 0 0
300 0 0 0 0
310 0 0 0 0
320 0 0 0 0
330 0 0 0 0
340 0 0 0 0
350 0 0 0 0
360 0 0 0 0
370 0 0 0 0
380 0 0 0 0
390 0 0 0 0
400 0 0 0 0
410 0 0 0 0
420 0 0 0 0
430 0 0 0 0
440 0 0 0 0
450 0 0 0 0
460 0 0 0 0
470 0 0 0 0
480 0 0 0 0
490 0 0 0 0
500 0 0 0 0
510 0 0 0 0
520 0 0 0 0
530 0 0 0 0
540 0 0 0 0
550 0 0 0 0
560 0 0 0 0
570 0 0 0 0
580 0 0 0 0
590 0 0 0 0
600 0 0 0 0
610 0 0 0 0
620 0 0 0 0
630 0 0 0 0
640 0 0 0 0
650 0 0 0 0
660 0 0 0 0
670 0 0 0 0
680 0 0 0 0
690 0 0 0 0
700 0 0 0 0
710 0 0 0 0
720 0 0 0 0
730 0 0 0 0
740 0 0 0 0
750 0 0 0 0
760 0 0 0 0
770 0 0 0 0
780 0 0 0 0
790 0 0 0 0
800 0 0 0 0
810 0 0 0 0
820 0 0 0 0
830 0 0 0 0
840 0 0 0 0
850 0 0 0 0
860 0 0 0 0
870 0 0 0 0
880 0 0 0 0
890 0 0 0 0
900 0 0 0 0
910 0 0 0 0
920 0 0 0 0
930 0 0 0 0
940 0 0 0 0
950 0 0 0 0
960 0 0 0 0
970 0 0 0 0
980 0 0 0 0
990 0 0 0 0
1000 0 0 0 0
1010 0 0 0 0
1020 0 0 0 0
1030 0 0 0 0
1040 0 0 0 0
1050 0 0 0 0
1060 0 0 0 0
1070 0 0 0 0
1080 0 0 0 0
1090 0 0 0 0
1100 0 0 0 0
1110 0 0 0 0
1120 0 0 0 0
1130 0 0 0 0
1140 0 0 0 0
1150 0 0 0 0
1160 0 0 0 0
1170 0 0 0 0
1180 0 0 0 0
1190 0 0 0 0
1200 0 0 0 0
1210 0 0 0 0
1220 0 0 0 0
1230 0 0 0 0
1240 0 0 0 0
1250 0 0 0 0
1260 0 0 0 0
1270 0 0 0 0
1280 0 0 0 0
1290 0 0 0 0
1300 0 0 0 0
1310 0 0 0 0
1320 0 0 0 0
1330 0 0 0 0
1340 0 0 0 0
1350 0 0 0 0
1360 0 0 0 0
1370 0 0 0 0
1380 0 0 0 0
1390 0 0 0 0
1400 0 0 0 0
1410 0 0 0 0
1420 0 0 0 0
1430 0 0 0 0
1440 0 0 0 0


DSBEnd_Inhibited
0 0 0 0 0
0.0166667 0.968116 0.0318841 0.437465 0.0237995
0.0333333 0.98052 0.0150889 0.442393 0.011439
0.05 0.879376 0.015872 0.39699 0.0146342
0.0666667 0.810368 0.0272226 0.365104 0.00432806
0.0833333 0.757791 0.0348422 0.341573 0.0134099
0.1 0.673517 0.0360674 0.303457 0.0129761
0.116667 0.591036 0.0456932 0.266591 0.0209478
0.133333 0.54226 0.0204403 0.244346 0.00562948
0.15 0.500778 0.059084 0.224775 0.0211794
0.166667 0.458464 0.0452278 0.206108 0.0162704
0.183333 0.391668 0.0306917 0.17622 0.010522
0.2 0.357507 0.0330626 0.160902 0.012717
0.216667 0.337528 0.0326078 0.151989 0.0132504
0.233333 0.328623 0.0349497 0.147856 0.0137243
0.25 0.306245 0.0467592 0.137747 0.0195442
0.266667 0.284474 0.0451092 0.127583 0.0174878
0.283333 0.2758 0.0280172 0.124001 0.0102958
0.3 0.241119 0.0241677 0.108449 0.00908474
0.316667 0.235864 0.0198211 0.106354 0.00883337
0.333333 0.209878 0.0237773 0.0945617 0.0102472
0.35 0.174677 0.0136824 0.0787767 0.00617802
0.366667 0.186813 0.0240611 0.0842 0.0106294
0.383333 0.170109 0.0290312 0.0769331 0.0139356
0.4 0.160141 0.0152097 0.0721558 0.00645133
0.416667 0.171778 0.0121415 0.0775235 0.00590028
0.433333 0.145106 0.00288245 0.0654793 0.00206115
0.45 0.13224 0.0159325 0.0594489 0.00651742
0.466667 0.121333 0.00578759 0.0546883 0.00228932
0.483333 0.123877 0.0113089 0.0557267 0.00438225
0.5 0.132385 0.0212518 0.0592899 0.00827493
0.516667 0.138536 0.0236034 0.0620109 0.00908868
0.533333 0.119099 0.0148275 0.0535094 0.00565869
0.55 0.124752 0.00736994 0.0561747 0.00240186
0.566667 0.113302 0.00932359 0.0510031 0.003498
0.583333 0.0866085 0.0141145 0.0387813 0.0053934
0.6 0.0953257 0.0139997 0.0427183 0.00524657
0.616667 0.0642516 0.0132742 0.0288491 0.0055634
0.633333 0.0691956 0.00694214 0.031085 0.00250319
0.65 0.0597485 0.0209635 0.026541 0.00900704
0.666667 0.0606447 0.00937091 0.0271665 0.00354633
0.683333 0.0461089 0.0123322 0.0205457 0.00502003
0.7 0.0517397 0.0146293 0.0230334 0.00601557
0.716667 0.0572041 0.0151622 0.0255026 0.00634671
0.733333 0.0483206 0.0149628 0.021547 0.0064965
0.75 0.0606447 0.00937091 0.0271665 0.00354633
0.766667 0.0570378 0.0146803 0.025484 0.00629097
0.783333 0.053973 0.015669 0.0242123 0.00697565
0.8 0.0626902 0.0153634 0.0281493 0.00680246
0.816667 0.0743275 0.0161878 0.033517 0.00731589
0.833333 0.0690509 0.0111694 0.031244 0.00526494
0.85 0.0810639 0.0231805 0.0370039 0.0109836
0.866667 0.0634417 0.0192462 0.0289338 0.00899382
0.883333 0.0494263 0.0118655 0.0225463 0.00578245
0.9 0.0494263 0.0118655 0.0225463 0.00578245
0.916667 0.0541824 0.018913 0.024586 0.0086234
0.933333 0.0541824 0.018913 0.024586 0.0086234
0.95 0.0505755 0.0281511 0.0229035 0.0127227
0.966667 0.0504092 0.0326406 0.0228849 0.0147294
0.983333 0.041692 0.0328703 0.0189479 0.0148143
1 0.0445905 0.0311129 0.0202011 0.014046
1.16667 0.0392923 0.0213399 0.0177505 0.00964925
1.33333 0.042003 0.0212972 0.0188075 0.00962298
1.5 0.0577462 0.00671969 0.0259134 0.00240642
1.66667 0.0559102 0.0121738 0.0253044 0.00578635
1.83333 0.0438971 0.018186 0.0195444 0.00770446
2 0.0232315 0.00580803 0.0103802 0.0023582
2.16667 0.0435645 0.00873909 0.0195073 0.00348455
2.33333 0.0468172 0.0129858 0.0209751 0.00548777
2.5 0.0376011 0.00181215 0.0169825 0.00102544
2.66667 0.0267152 0.0160727 0.0123994 0.00755815
2.83333 0.0470267 0.00941436 0.0213489 0.00468615
3 0.0355988 0.0147551 0.0163549 0.00711591
3.16667 0.0324692 0.0128989 0.0145505 0.00562461
3.33333 0.0499036 0.0132872 0.0224244 0.00577263
3.5 0.0172466 0.00487643 0.00767781 0.00200519
3.66667 0.0203545 0.00590162 0.00930466 0.00282819
3.83333 0.0314498 0.00935857 0.0142615 0.00428798
4 0.047193 0.0118759 0.0213674 0.00560985
4.16667 0.0430224 0.0147711 0.0190965 0.0061785
4.33333 0.0232315 0.00580803 0.0103802 0.0023582
4.5 0.0254217 0.0130802 0.0112039 0.0057187
4.66667 0.0232531 0.00307195 0.0105578 0.00161866
4.83333 0.0432319 0.00350763 0.0194702 0.00143461
5 0.0263395 0.00573829 0.0120071 0.00288494
5.16667 0.0174129 0.00869029 0.00769637 0.00367532
5.33333 0.0375795 0.00743908 0.0168049 0.00292086
5.5 0.0203114 0.0115875 0.00894951 0.00492725
5.66667 0.0203114 0.0115875 0.00894951 0.00492725
5.83333 0.0350136 0.0133392 0.0155889 0.00560479
6 0.0309078 0.014098 0.0138506 0.00636047
6.16667 0.0171018 0.00949123 0.00783682 0.00429817
6.33333 0.00581866 0.00292545 0.00268384 0.00135474
6.5 0.0112831 0.00717034 0.00515298 0.00323267
6.66667 0.00617284 0.00617284 0.00289855 0.00289855
6.83333 0.00869565 0.00869565 0.0037594 0.0037594
7 0.00852934 0.00502319 0.00374083 0.00217057
7.16667 0.0172681 0.00463075 0.00785539 0.00216344
7.33333 0.0172681 0.00463075 0.00785539 0.00216344
7.5 0.00852934 0.00502319 0.00374083 0.00217057
7.66667 0.00852934 0.00502319 0.00374083 0.00217057
7.83333 0.00598497 0.0029969 0.00270241 0.00136184
8 0.0085509 0.00474561 0.00391841 0.00214909
8.16667 0.00581866 0.00292545 0.00268384 0.00135474
8.33333 0 0 0 0
8.5 0.00546448 0.00546448 0.00246914 0.00246914
8.66667 0 0 0 0
8.83333 0.00273224 0.00273224 0.00123457 0.00123457
9 0.00273224 0.00273224 0.00123457 0.00123457
9.16667 0.00617284 0.00617284 0.00289855 0.00289855
9.33333 0.00563079 0.00281908 0.0024877 0.00124395
9.5 0.0085509 0.00474561 0.00391841 0.00214909
9.66667 0.00273224 0.00273224 0.00123457 0.00123457
9.83333 0 0 0 0
10 0.00546448 0.00546448 0.00246914 0.00246914
11 0.00289855 0.00289855 0.00125313 0.00125313
12 0.00289855 0.00289855 0.00125313 0.00125313
13 0 0 0 0
14 0.00308642 0.00308642 0.00144928 0.00144928
15 0 0 0 0
16 0.00273224 0.00273224 0.00123457 0.00123457
17 0 0 0 0
18 0.00289855 0.00289855 0.00125313 0.00125313
19 0 0 0 0
20 0 0 0 0
21 0.00598497 0.0029969 0.00270241 0.00136184
22 0 0 0 0
23 0 0 0 0
24 0 0 0 0
25 0 0 0 0
26 0 0 0 0
27 0 0 0 0
28 0 0 0 0
29 0 0 0 0
30 0 0 0 0
31 0 0 0 0
32 0 0 0 0
33 0.0057971 0.0057971 0.00250627 0.00250627
34 0 0 0 0
35 0 0 0 0
36 0 0 0 0
37 0 0 0 0
38 0 0 0 0
39 0 0 0 0
40 0 0 0 0
41 0 0 0 0
42 0 0 0 0
43 0 0 0 0
44 0 0 0 0
45 0 0 0 0
46 0 0 0 0
47 0 0 0 0
48 0 0 0 0
49 0 0 0 0
50 0 0 0 0
51 0 0 0 0
52 0 0 0 0
53 0 0 0 0
54 0 0 0 0
55 0 0 0 0
56 0 0 0 0
57 0 0 0 0
58 0 0 0 0
59 0 0 0 0
60 0 0 0 0
70 0 0 0 0
80 0 0 0 0
90 0 0 0 0
100 0 0 0 0
110 0 0 0 0
120 0 0 0 0
130 0 0 0 0
140 0 0 0 0
150 0 0 0 0
160 0 0 0 0
170 0 0 0 0
180 0 0 0 0
190 0 0 0 0
200 0 0 0 0
210 0 0 0 0
220 0 0 0 0
230 0 0 0 0
240 0 0 0 0
250 0 0 0 0
260 0 0 0 0
270 0 0 0 0
280 0 0 0 0
290 0 0 0 0
300 0 0 0 0
310 0 0 0 0
320 0 0 0 0
330 0 0 0 0
340 0 0 0 0
350 0 0 0 0
360 0 0 0 0
370 0 0 0 0
380 0 0 0 0
390 0 0 0 0
400 0 0 0 0
410 0 0 0 0
420 0 0 0 0
430 0 0 0 0
440 0 0 0 0
450 0 0 0 0
460 0 0 0 0
470 0 0 0 0
480 0 0 0 0
490 0 0 0 0
500 0 0 0 0
510 0 0 0 0
520 0 0 0 0
530 0 0 0 0
540 0 0 0 0
550 0 0 0 0
560 0 0 0 0
570 0 0 0 0
580 0 0 0 0
590 0 0 0 0
600 0 0 0 0
610 0 0 0 0
620 0 0 0 0
630 0 0 0 0
640 0 0 0 0
650 0 0 0 0
660 0 0 0 0
670 0 0 0 0
680 0 0 0 0
690 0 0 0 0
700 0 0 0 0
710 0 0 0 0
720 0 0 0 0
730 0 0 0 0
740 0 0 0 0
750 0 0 0 0
760 0 0 0 0
770 0 0 0 0
780 0 0 0 0
790 0 0 0 0
800 0 0 0 0
810 0 0 0 0
820 0 0 0 0
830 0 0 0 0
840 0 0 0 0
850 0 0 0 0
860 0 0 0 0
870 0 0 0 0
880 0 0 0 0
890 0 0 0 0
900 0 0 0 0
910 0 0 0 0
920 0 0 0 0
930 0 0 0 0
940 0 0 0 0
950 0 0 0 0
960 0 0 0 0
970 0 0 0 0
980 0 0 0 0
990 0 0 0 0
1000 0 0 0 0
1010 0 0 0 0
1020 0 0 0 0
1030 0 0 0 0
1040 0 0 0 0
1050 0 0 0 0
1060 0 0 0 0
1070 0 0 0 0
1080 0 0 0 0
1090 0 0 0 0
1100 0 0 0 0
1110 0 0 0 0
1120 0 0 0 0
1130 0 0 0 0
1140 0 0 0 0
1150 0 0 0 0
1160 0 0 0 0
1170 0 0 0 0
1180 0 0 0 0
1190 0 0 0 0
1200 0 0 0 0
1210 0 0 0 0
1220 0 0 0 0
1230 0 0 0 0
1240 0 0 0 0
1250 0 0 0 0
1260 0 0 0 0
1270 0 0 0 0
1280 0 0 0 0
1290 0 0 0 0
1300 0 0 0 0
1310 0 0 0 0
1320 0 0 0 0
1330 0 0 0 0
1340 0 0 0 0
1350 0 0 0 0
1360 0 0 0 0
1370 0 0 0 0
1380 0 0 0 0
1390 0 0 0 0
1400 0 0 0 0
1410 0 0 0 0
1420 0 0 0 0
1430 0 0 0 0
1440 0 0 0 0


DSBEnd_Ku
0 0 0 0 0
0.0166667 1 0 0.221532 0.0173182
0.0333333 0.823159 0.0419089 0.180907 0.00572747
0.05 0.542878 0.00986696 0.120421 0.0105661
0.0666667 0.41267 0.0625874 0.0893344 0.00643046
0.0833333 0.259448 0.0570405 0.0555471 0.00739681
0.1 0.2414 0.0507536 0.052341 0.00970559
0.116667 0.231105 0.0381408 0.0508441 0.00897057
0.133333 0.212694 0.0571601 0.0451483 0.00810951
0.15 0.22311 0.0543194 0.0476174 0.00780884
0.166667 0.145349 0.0222588 0.0314772 0.00261442
0.183333 0.14547 0.0053992 0.0323381 0.00335886
0.2 0.161216 0.0408802 0.0368469 0.0110234
0.216667 0.15843 0.00218023 0.0350219 0.0022992
0.233333 0.119307 0.0336731 0.0252858 0.00488936
0.25 0.116764 0.0292429 0.0251083 0.00514777
0.266667 0.098595 0.0272863 0.0211713 0.00503052
0.283333 0.0881783 0.0373068 0.0187021 0.00749951
0.3 0.0701308 0.0135329 0.0155146 0.00339229
0.316667 0.0649225 0.00242248 0.0142986 0.000630862
0.333333 0.0597141 0.00675368 0.0130455 0.00102093
0.35 0.0492975 0.0111848 0.0105764 0.00166441
0.366667 0.08297 0.0286399 0.0174119 0.00448319
0.383333 0.0726744 0.0207133 0.015785 0.00444627
0.4 0.0442103 0.0171137 0.0101841 0.0043961
0.416667 0.0440891 0.0156915 0.00934179 0.00286473
0.433333 0.0543847 0.0312742 0.0109872 0.00548761
0.45 0.0935078 0.00902435 0.0207419 0.00280589
0.466667 0.0571705 0.00532946 0.0128494 0.00207785
0.483333 0.0440891 0.0156915 0.00930466 0.00282819
0.5 0.015625 0.015625 0.0037594 0.0037594
0.516667 0.0129603 0.00684431 0.00268384 0.00135474
0.533333 0.0104167 0.0104167 0.00246914 0.00246914
0.55 0.0492975 0.0111848 0.0105578 0.00161866
0.566667 0.0700097 0.0248313 0.014728 0.00414011
0.583333 0.0882994 0.00509153 0.0194887 0.00156796
0.6 0.0649225 0.0093407 0.0143172 0.00230832
0.616667 0.0753391 0.00278585 0.0167863 0.00187315
0.633333 0.0545058 0.0118156 0.0117924 0.00219711
0.65 0.0414244 0.0273311 0.00826624 0.00503877
0.666667 0.0207122 0.0136656 0.00413312 0.00251938
0.683333 0.0129603 0.00684431 0.00268384 0.00135474
0.7 0.0207122 0.0136656 0.00415168 0.00251787
0.716667 0.0181686 0.0025436 0.00393698 0.000206053
0.733333 0.0233769 0.00451096 0.00519011 0.0011791
0.75 0.0233769 0.0135318 0.00515298 0.00323267
0.766667 0.0363372 0.0103566 0.00785539 0.00216344
0.783333 0.0415455 0.00514884 0.00910852 0.00105736
0.8 0.0363372 0.00508721 0.00787395 0.000412106
0.816667 0.0467539 0.00902191 0.0103431 0.00226153
0.833333 0.0363372 0.00508721 0.00787395 0.000412106
0.85 0.0416667 0.0227026 0.00993224 0.00538803
0.866667 0.0415455 0.00514884 0.00910852 0.00105736
0.883333 0.0492975 0.0169664 0.0105392 0.00342826
0.9 0.0622578 0.0178328 0.0132416 0.0029565
0.916667 0.0570494 0.0185438 0.0120071 0.00288494
0.933333 0.0570494 0.0185438 0.0120071 0.00288494
0.95 0.0363372 0.00508721 0.00787395 0.000412106
0.966667 0.0284641 0.0211385 0.00560096 0.00387628
0.983333 0.0518411 0.0273772 0.0107354 0.00541897
1 0.0310078 0.0310078 0.0057971 0.0057971
1.16667 0.0494186 0.0222855 0.0114372 0.00562931
1.33333 0.0285853 0.0182379 0.00638755 0.00439659
1.5 0 0 0 0
1.66667 0.0207122 0.0136656 0.00413312 0.00251938
1.83333 0.0104167 0.0104167 0.00246914 0.00246914
2 0.0181686 0.0025436 0.00393698 0.000206053
2.16667 0.0284641 0.0211385 0.00560096 0.00387628
2.33333 0.0233769 0.00451096 0.00519011 0.0011791
2.5 0.0700097 0.0293383 0.0146723 0.00553511
2.66667 0.0208333 0.0104167 0.0049754 0.00248791
2.83333 0.0284641 0.0211385 0.00560096 0.00387628
3 0.0233769 0.0135318 0.00515298 0.00323267
3.16667 0.00520833 0.00520833 0.00125313 0.00125313
3.33333 0 0 0 0
3.5 0.015625 0.0090211 0.00372227 0.00213841
3.66667 0.00520833 0.00520833 0.00125313 0.00125313
3.83333 0.015625 0.0090211 0.00372227 0.00213841
4 0.0492975 0.0111848 0.0105578 0.00161866
4.16667 0.0104167 0.00520833 0.0024877 0.00124395
4.33333 0.0440891 0.0156915 0.00930466 0.00282819
4.5 0.0181686 0.0025436 0.00393698 0.000206053
4.66667 0 0 0 0
4.83333 0.00520833 0.00520833 0.00125313 0.00125313
5 0 0 0 0
5.16667 0.00775194 0.00775194 0.00144928 0.00144928
5.33333 0.0104167 0.00520833 0.0024877 0.00124395
5.5 0.0104167 0.0104167 0.00246914 0.00246914
5.66667 0 0 0 0
5.83333 0.00520833 0.00520833 0.00125313 0.00125313
6 0.0129603 0.00684431 0.00268384 0.00135474
6.16667 0.0207122 0.0136656 0.00413312 0.00251938
6.33333 0.00520833 0.00520833 0.00123457 0.00123457
6.5 0.015625 0.0090211 0.00372227 0.00213841
6.66667 0 0 0 0
6.83333 0.00520833 0.00520833 0.00123457 0.00123457
7 0 0 0 0
7.16667 0 0 0 0
7.33333 0.0104167 0.00520833 0.0024877 0.00124395
7.5 0 0 0 0
7.66667 0.00520833 0.00520833 0.00125313 0.00125313
7.83333 0.00520833 0.00520833 0.00125313 0.00125313
8 0.00520833 0.00520833 0.00123457 0.00123457
8.16667 0 0 0 0
8.33333 0.00520833 0.00520833 0.00125313 0.00125313
8.5 0 0 0 0
8.66667 0 0 0 0
8.83333 0.00520833 0.00520833 0.00125313 0.00125313
9 0.00520833 0.00520833 0.00123457 0.00123457
9.16667 0 0 0 0
9.33333 0.0207122 0.0136656 0.00413312 0.00251938
9.5 0 0 0 0
9.66667 0.00520833 0.00520833 0.00123457 0.00123457
9.83333 0 0 0 0
10 0.00520833 0.00520833 0.00123457 0.00123457
11 0 0 0 0
12 0 0 0 0
13 0.00520833 0.00520833 0.00123457 0.00123457
14 0 0 0 0
15 0 0 0 0
16 0 0 0 0
17 0 0 0 0
18 0.0104167 0.0104167 0.00246914 0.00246914
19 0 0 0 0
20 0 0 0 0
21 0 0 0 0
22 0 0 0 0
23 0 0 0 0
24 0 0 0 0
25 0 0 0 0
26 0 0 0 0
27 0 0 0 0
28 0 0 0 0
29 0 0 0 0
30 0 0 0 0
31 0 0 0 0
32 0 0 0 0
33 0 0 0 0
34 0 0 0 0
35 0 0 0 0
36 0 0 0 0
37 0 0 0 0
38 0 0 0 0
39 0 0 0 0
40 0 0 0 0
41 0 0 0 0
42 0 0 0 0
43 0 0 0 0
44 0.00520833 0.00520833 0.00125313 0.00125313
45 0 0 0 0
46 0 0 0 0
47 0 0 0 0
48 0 0 0 0
49 0 0 0 0
50 0 0 0 0
51 0 0 0 0
52 0 0 0 0
53 0 0 0 0
54 0 0 0 0
55 0 0 0 0
56 0 0 0 0
57 0 0 0 0
58 0 0 0 0
59 0 0 0 0
60 0 0 0 0
70 0 0 0 0
80 0 0 0 0
90 0 0 0 0
100 0 0 0 0
110 0 0 0 0
120 0 0 0 0
130 0 0 0 0
140 0 0 0 0
150 0 0 0 0
160 0 0 0 0
170 0 0 0 0
180 0 0 0 0
190 0 0 0 0
200 0 0 0 0
210 0 0 0 0
220 0 0 0 0
230 0 0 0 0
240 0 0 0 0
250 0 0 0 0
260 0 0 0 0
270 0 0 0 0
280 0 0 0 0
290 0 0 0 0
300 0 0 0 0
310 0 0 0 0
320 0 0 0 0
330 0 0 0 0
340 0 0 0 0
350 0 0 0 0
360 0 0 0 0
370 0 0 0 0
380 0 0 0 0
390 0 0 0 0
400 0 0 0 0
410 0 0 0 0
420 0 0 0 0
430 0 0 0 0
440 0 0 0 0
450 0 0 0 0
460 0 0 0 0
470 0 0 0 0
480 0 0 0 0
490 0 0 0 0
500 0 0 0 0
510 0 0 0 0
520 0 0 0 0
530 0 0 0 0
540 0 0 0 0
550 0 0 0 0
560 0 0 0 0
570 0 0 0 0
580 0 0 0 0
590 0 0 0 0
600 0 0 0 0
610 0 0 0 0
620 0 0 0 0
630 0 0 0 0
640 0 0 0 0
650 0 0 0 0
660 0 0 0 0
670 0 0 0 0
680 0 0 0 0
690 0 0 0 0
700 0 0 0 0
710 0 0 0 0
720 0 0 0 0
730 0 0 0 0
740 0 0 0 0
750 0 0 0 0
760 0 0 0 0
770 0 0 0 0
780 0 0 0 0
790 0 0 0 0
800 0 0 0 0
810 0 0 0 0
820 0 0 0 0
830 0 0 0 0
840 0 0 0 0
850 0 0 0 0
860 0 0 0 0
870 0 0 0 0
880 0 0 0 0
890 0 0 0 0
900 0 0 0 0
910 0 0 0 0
920 0 0 0 0
930 0 0 0 0
940 0 0 0 0
950 0 0 0 0
960 0 0 0 0
970 0 0 0 0
980 0 0 0 0
990 0 0 0 0
1000 0 0 0 0
1010 0 0 0 0
1020 0 0 0 0
1030 0 0 0 0
1040 0 0 0 0
1050 0 0 0 0
1060 0 0 0 0
1070 0 0 0 0
1080 0 0 0 0
1090 0 0 0 0
1100 0 0 0 0
1110 0 0 0 0
1120 0 0 0 0
1130 0 0 0 0
1140 0 0 0 0
1150 0 0 0 0
1160 0 0 0 0
1170 0 0 0 0
1180 0 0 0 0
1190 0 0 0 0
1200 0 0 0 0
1210 0 0 0 0
1220 0 0 0 0
1230 0 0 0 0
1240 0 0 0 0
1250 0 0 0 0
1260 0 0 0 0
1270 0 0 0 0
1280 0 0 0 0
1290 0 0 0 0
1300 0 0 0 0
1310 0 0 0 0
1320 0 0 0 0
1330 0 0 0 0
1340 0 0 0 0
1350 0 0 0 0
1360 0 0 0 0
1370 0 0 0 0
1380 0 0 0 0
1390 0 0 0 0
1400 0 0 0 0
1410 0 0 0 0
1420 0 0 0 0
1430 0 0 0 0
1440 0 0 0 0


DSBEnd_PKcs
0 0 0 0 0
0.0166667 0.495439 0.0284502 0.12851 0.00862465
0.0333333 0.748186 0.0287087 0.194074 0.010539
0.05 0.929581 0.0389125 0.241085 0.0133284
0.0666667 0.922197 0.0516064 0.239693 0.0192014
0.0833333 0.93725 0.0263601 0.243077 0.0107247
0.1 0.953777 0.0231165 0.247228 0.0086748
0.116667 0.941848 0.019024 0.243898 0.00260947
0.133333 0.915395 0.00910829 0.237222 0.00551635
0.15 0.877806 0.0268034 0.227271 0.00468825
0.166667 0.795468 0.0214476 0.206118 0.00670681
0.183333 0.76682 0.0556947 0.198083 0.00965761
0.2 0.743164 0.0319331 0.192268 0.00456092
0.216667 0.735811 0.0257467 0.190463 0.00442209
0.233333 0.713468 0.037397 0.184449 0.00527623
0.25 0.688073 0.0428119 0.177847 0.00760134
0.266667 0.698752 0.0482077 0.18055 0.00890061
0.283333 0.679958 0.0538442 0.175574 0.0100407
0.3 0.645887 0.0362512 0.167075 0.00724648
0.316667 0.63649 0.0376562 0.164587 0.00717758
0.333333 0.621245 0.0369981 0.16065 0.00715542
0.35 0.588487 0.0482526 0.151952 0.00931226
0.366667 0.591051 0.0650781 0.152382 0.0134236
0.383333 0.586485 0.0694849 0.151147 0.0146417
0.4 0.580372 0.0597026 0.149679 0.0120634
0.416667 0.589504 0.0510006 0.152148 0.00964214
0.433333 0.585955 0.0592524 0.15111 0.0116272
0.45 0.585203 0.0610293 0.150932 0.0125455
0.466667 0.572978 0.041346 0.147997 0.00736403
0.483333 0.547318 0.0410691 0.141376 0.00776002
0.5 0.538409 0.0397348 0.139047 0.00676704
0.516667 0.529012 0.0441669 0.13656 0.00797589
0.533333 0.525727 0.0565388 0.13554 0.0111479
0.55 0.535124 0.0522545 0.138027 0.00999229
0.566667 0.546555 0.0612384 0.140907 0.012264
0.583333 0.55697 0.0641244 0.143591 0.0129992
0.6 0.559766 0.0491879 0.144452 0.00905339
0.616667 0.559502 0.0465043 0.144434 0.00838479
0.633333 0.537158 0.0658113 0.13842 0.0134959
0.65 0.52346 0.0753962 0.134716 0.0159952
0.666667 0.507198 0.0680264 0.130583 0.0142453
0.683333 0.500333 0.0576168 0.128937 0.0117424
0.7 0.489918 0.0570645 0.126254 0.0117866
0.716667 0.495766 0.0617349 0.127703 0.0128836
0.733333 0.507462 0.0715965 0.130601 0.0152551
0.75 0.511011 0.062807 0.13164 0.0130546
0.766667 0.506445 0.06697 0.130405 0.0142079
0.783333 0.512293 0.071752 0.131855 0.0153464
0.8 0.490183 0.0623856 0.126272 0.0133446
0.816667 0.490935 0.0614742 0.12645 0.0127554
0.833333 0.502367 0.0687074 0.12933 0.0144208
0.85 0.511499 0.0620019 0.131799 0.0126463
0.866667 0.520896 0.0575261 0.134287 0.0114372
0.883333 0.499539 0.0490283 0.128882 0.00948611
0.9 0.490406 0.0551898 0.126413 0.0110305
0.916667 0.491423 0.0622958 0.126609 0.0128783
0.933333 0.482026 0.0668874 0.124121 0.014112
0.95 0.48531 0.0556672 0.125141 0.0113577
0.966667 0.509953 0.0521509 0.131566 0.0103191
0.983333 0.483764 0.048467 0.124908 0.0100367
1 0.482747 0.0396431 0.124712 0.00770732
1.16667 0.500556 0.0568273 0.129078 0.0115621
1.33333 0.509953 0.0521509 0.131566 0.0103191
1.5 0.505386 0.0548174 0.130331 0.0109335
1.66667 0.542254 0.066701 0.139691 0.0136554
1.83333 0.53184 0.0649941 0.137008 0.013321
2 0.547614 0.0743393 0.140982 0.0158712
2.16667 0.53184 0.0649941 0.137008 0.013321
2.33333 0.571992 0.0671286 0.147388 0.0137482
2.5 0.586972 0.0642758 0.151306 0.012792
2.66667 0.57607 0.0699917 0.148463 0.0150077
2.83333 0.612673 0.0817338 0.157805 0.0178578
3 0.644668 0.0816614 0.166034 0.0169236
3.16667 0.667572 0.104909 0.171672 0.022962
3.33333 0.666555 0.100681 0.171476 0.0220311
3.5 0.64595 0.0906998 0.166249 0.0192495
3.66667 0.650781 0.0906082 0.167502 0.0192631
3.83333 0.661195 0.0918264 0.170186 0.0194376
4 0.694747 0.0905235 0.178939 0.0194435
4.16667 0.708975 0.0888706 0.18268 0.0191744
4.33333 0.722409 0.0697572 0.186365 0.0137922
4.5 0.722938 0.0815513 0.186402 0.0172796
4.66667 0.726975 0.065406 0.1876 0.0125811
4.83333 0.725195 0.0805931 0.186935 0.0160431
5 0.752136 0.0928712 0.193771 0.0190188
5.16667 0.756215 0.0893662 0.194846 0.0182252
5.33333 0.74757 0.0962576 0.192536 0.0199173
5.5 0.760293 0.0901455 0.195922 0.0188339
5.66667 0.759276 0.0871986 0.195726 0.0183406
5.83333 0.779352 0.0896794 0.200916 0.0190063
6 0.795879 0.0989512 0.205067 0.0211991
6.16667 0.776291 0.0905219 0.200036 0.0184681
6.33333 0.760028 0.085045 0.195903 0.0173351
6.5 0.7458 0.0883334 0.192162 0.0181129
6.66667 0.756215 0.0893662 0.194846 0.0182252
6.83333 0.747347 0.101751 0.192396 0.021702
7 0.73795 0.105466 0.189908 0.0226714
7.16667 0.737685 0.101223 0.189889 0.0214496
7.33333 0.738925 0.105843 0.190226 0.0224634
7.5 0.722663 0.0974211 0.186093 0.0203829
7.66667 0.731795 0.0914002 0.188562 0.0188495
7.83333 0.727229 0.0943482 0.187327 0.0195923
8 0.727981 0.101108 0.187505 0.0214679
8.16667 0.727981 0.101108 0.187505 0.0214679
8.33333 0.722398 0.0960078 0.186074 0.0200865
8.5 0.717567 0.0978779 0.184821 0.020645
8.66667 0.722133 0.0952712 0.186056 0.0200189
8.83333 0.726964 0.0932307 0.187309 0.0194025
9 0.7267 0.0928161 0.18729 0.019451
9.16667 0.717567 0.0978779 0.184821 0.020645
9.33333 0.743226 0.102269 0.191442 0.0216731
9.5 0.744243 0.110356 0.191638 0.0237892
9.66667 0.759224 0.111763 0.195557 0.0242253
9.83333 0.759224 0.111763 0.195557 0.0242253
10 0.76379 0.109761 0.196791 0.0238
11 0.773187 0.105061 0.199279 0.022578
12 0.773187 0.105061 0.199279 0.022578
13 0.76379 0.109761 0.196791 0.0238
14 0.774204 0.113719 0.199475 0.0248402
15 0.759224 0.111763 0.195557 0.0242253
16 0.744996 0.119163 0.191816 0.0262501
17 0.749562 0.117297 0.19305 0.025859
18 0.74043 0.121171 0.190581 0.0266926
19 0.74043 0.121171 0.190581 0.0266926
20 0.74043 0.121171 0.190581 0.0266926
21 0.751108 0.124462 0.193284 0.0273871
22 0.74043 0.121171 0.190581 0.0266926
23 0.74043 0.121171 0.190581 0.0266926
24 0.74043 0.121171 0.190581 0.0266926
25 0.74043 0.121171 0.190581 0.0266926
26 0.74043 0.121171 0.190581 0.0266926
27 0.74043 0.121171 0.190581 0.0266926
28 0.74043 0.121171 0.190581 0.0266926
29 0.74043 0.121171 0.190581 0.0266926
30 0.74043 0.121171 0.190581 0.0266926
31 0.74043 0.121171 0.190581 0.0266926
32 0.74043 0.121171 0.190581 0.0266926
33 0.730768 0.126683 0.188075 0.0282966
34 0.730768 0.126683 0.188075 0.0282966
35 0.730768 0.126683 0.188075 0.0282966
36 0.730768 0.126683 0.188075 0.0282966
37 0.730768 0.126683 0.188075 0.0282966
38 0.721106 0.132671 0.185569 0.0300244
39 0.721106 0.132671 0.185569 0.0300244
40 0.721106 0.132671 0.185569 0.0300244
41 0.721106 0.132671 0.185569 0.0300244
42 0.711444 0.139072 0.183062 0.0318558
43 0.699748 0.127703 0.180164 0.0291217
44 0.704579 0.124385 0.181417 0.0281686
45 0.699748 0.127703 0.180164 0.0291217
46 0.699748 0.127703 0.180164 0.0291217
47 0.699748 0.127703 0.180164 0.0291217
48 0.699748 0.127703 0.180164 0.0291217
49 0.699748 0.127703 0.180164 0.0291217
50 0.699748 0.127703 0.180164 0.0291217
51 0.699748 0.127703 0.180164 0.0291217
52 0.699748 0.127703 0.180164 0.0291217
53 0.699748 0.127703 0.180164 0.0291217
54 0.699748 0.127703 0.180164 0.0291217
55 0.699748 0.127703 0.180164 0.0291217
56 0.699748 0.127703 0.180164 0.0291217
57 0.690086 0.134616 0.177658 0.0310918
58 0.690086 0.134616 0.177658 0.0310918
59 0.690086 0.134616 0.177658 0.0310918
60 0.690086 0.134616 0.177658 0.0310918
70 0.690086 0.134616 0.177658 0.0310918
80 0.680954 0.136939 0.175188 0.0314768
90 0.671292 0.14375 0.172682 0.0334034
100 0.671292 0.14375 0.172682 0.0334034
110 0.671292 0.14375 0.172682 0.0334034
120 0.671292 0.14375 0.172682 0.0334034
130 0.659596 0.132559 0.169784 0.0307277
140 0.659596 0.132559 0.169784 0.0307277
150 0.6479 0.121463 0.166885 0.0280961
160 0.6479 0.121463 0.166885 0.0280961
170 0.6479 0.121463 0.166885 0.0280961
180 0.6479 0.121463 0.166885 0.0280961
190 0.6479 0.121463 0.166885 0.0280961
200 0.638768 0.123487 0.164416 0.0283756
210 0.638768 0.123487 0.164416 0.0283756
220 0.638768 0.123487 0.164416 0.0283756
230 0.638768 0.123487 0.164416 0.0283756
240 0.638768 0.123487 0.164416 0.0283756
250 0.638768 0.123487 0.164416 0.0283756
260 0.61794 0.114687 0.159048 0.0260929
270 0.61794 0.114687 0.159048 0.0260929
280 0.61794 0.114687 0.159048 0.0260929
290 0.61794 0.114687 0.159048 0.0260929
300 0.61794 0.114687 0.159048 0.0260929
310 0.61794 0.114687 0.159048 0.0260929
320 0.608807 0.117795 0.156579 0.026718
330 0.608807 0.117795 0.156579 0.026718
340 0.608807 0.117795 0.156579 0.026718
350 0.608807 0.117795 0.156579 0.026718
360 0.608807 0.117795 0.156579 0.026718
370 0.608807 0.117795 0.156579 0.026718
380 0.608807 0.117795 0.156579 0.026718
390 0.608807 0.117795 0.156579 0.026718
400 0.608807 0.117795 0.156579 0.026718
410 0.608807 0.117795 0.156579 0.026718
420 0.608807 0.117795 0.156579 0.026718
430 0.608807 0.117795 0.156579 0.026718
440 0.608807 0.117795 0.156579 0.026718
450 0.608807 0.117795 0.156579 0.026718
460 0.608807 0.117795 0.156579 0.026718
470 0.608807 0.117795 0.156579 0.026718
480 0.599145 0.123977 0.154073 0.028479
490 0.599145 0.123977 0.154073 0.028479
500 0.599145 0.123977 0.154073 0.028479
510 0.599145 0.123977 0.154073 0.028479
520 0.599145 0.123977 0.154073 0.028479
530 0.599145 0.123977 0.154073 0.028479
540 0.599145 0.123977 0.154073 0.028479
550 0.589483 0.130582 0.151567 0.0303451
560 0.589483 0.130582 0.151567 0.0303451
570 0.589483 0.130582 0.151567 0.0303451
580 0.589483 0.130582 0.151567 0.0303451
590 0.589483 0.130582 0.151567 0.0303451
600 0.589483 0.130582 0.151567 0.0303451
610 0.589483 0.130582 0.151567 0.0303451
620 0.589483 0.130582 0.151567 0.0303451
630 0.589483 0.130582 0.151567 0.0303451
640 0.589483 0.130582 0.151567 0.0303451
650 0.589483 0.130582 0.151567 0.0303451
660 0.589483 0.130582 0.151567 0.0303451
670 0.589483 0.130582 0.151567 0.0303451
680 0.579822 0.137549 0.14906 0.0322979
690 0.579822 0.137549 0.14906 0.0322979
700 0.579822 0.137549 0.14906 0.0322979
710 0.579822 0.137549 0.14906 0.0322979
720 0.579822 0.137549 0.14906 0.0322979
730 0.579822 0.137549 0.14906 0.0322979
740 0.579822 0.137549 0.14906 0.0322979
750 0.579822 0.137549 0.14906 0.0322979
760 0.579822 0.137549 0.14906 0.0322979
770 0.579822 0.137549 0.14906 0.0322979
780 0.579822 0.137549 0.14906 0.0322979
790 0.579822 0.137549 0.14906 0.0322979
800 0.579822 0.137549 0.14906 0.0322979
810 0.579822 0.137549 0.14906 0.0322979
820 0.579822 0.137549 0.14906 0.0322979
830 0.579822 0.137549 0.14906 0.0322979
840 0.579822 0.137549 0.14906 0.0322979
850 0.579822 0.137549 0.14906 0.0322979
860 0.579822 0.137549 0.14906 0.0322979
870 0.579822 0.137549 0.14906 0.0322979
880 0.579822 0.137549 0.14906 0.0322979
890 0.579822 0.137549 0.14906 0.0322979
900 0.579822 0.137549 0.14906 0.0322979
910 0.579822 0.137549 0.14906 0.0322979
920 0.579822 0.137549 0.14906 0.0322979
930 0.579822 0.137549 0.14906 0.0322979
940 0.579822 0.137549 0.14906 0.0322979
950 0.579822 0.137549 0.14906 0.0322979
960 0.579822 0.137549 0.14906 0.0322979
970 0.579822 0.137549 0.14906 0.0322979
980 0.579822 0.137549 0.14906 0.0322979
990 0.579822 0.137549 0.14906 0.0322979
1000 0.579822 0.137549 0.14906 0.0322979
1010 0.568126 0.126448 0.146162 0.0296428
1020 0.568126 0.126448 0.146162 0.0296428
1030 0.568126 0.126448 0.146162 0.0296428
1040 0.568126 0.126448 0.146162 0.0296428
1050 0.568126 0.126448 0.146162 0.0296428
1060 0.568126 0.126448 0.146162 0.0296428
1070 0.568126 0.126448 0.146162 0.0296428
1080 0.568126 0.126448 0.146162 0.0296428
1090 0.568126 0.126448 0.146162 0.0296428
1100 0.568126 0.126448 0.146162 0.0296428
1110 0.568126 0.126448 0.146162 0.0296428
1120 0.568126 0.126448 0.146162 0.0296428
1130 0.568126 0.126448 0.146162 0.0296428
1140 0.568126 0.126448 0.146162 0.0296428
1150 0.568126 0.126448 0.146162 0.0296428
1160 0.568126 0.126448 0.146162 0.0296428
1170 0.568126 0.126448 0.146162 0.0296428
1180 0.568126 0.126448 0.146162 0.0296428
1190 0.568126 0.126448 0.146162 0.0296428
1200 0.568126 0.126448 0.146162 0.0296428
1210 0.568126 0.126448 0.146162 0.0296428
1220 0.568126 0.126448 0.146162 0.0296428
1230 0.568126 0.126448 0.146162 0.0296428
1240 0.568126 0.126448 0.146162 0.0296428
1250 0.568126 0.126448 0.146162 0.0296428
1260 0.568126 0.126448 0.146162 0.0296428
1270 0.568126 0.126448 0.146162 0.0296428
1280 0.568126 0.126448 0.146162 0.0296428
1290 0.568126 0.126448 0.146162 0.0296428
1300 0.568126 0.126448 0.146162 0.0296428
1310 0.568126 0.126448 0.146162 0.0296428
1320 0.568126 0.126448 0.146162 0.0296428
1330 0.568126 0.126448 0.146162 0.0296428
1340 0.568126 0.126448 0.146162 0.0296428
1350 0.568126 0.126448 0.146162 0.0296428
1360 0.568126 0.126448 0.146162 0.0296428
1370 0.568126 0.126448 0.146162 0.0296428
1380 0.568126 0.126448 0.146162 0.0296428
1390 0.568126 0.126448 0.146162 0.0296428
1400 0.568126 0.126448 0.146162 0.0296428
1410 0.568126 0.126448 0.146162 0.0296428
1420 0.568126 0.126448 0.146162 0.0296428
1430 0.568126 0.126448 0.146162 0.0296428
1440 0.568126 0.126448 0.146162 0.0296428


DSBSynaptic
0 0 0 0 0
0.0166667 0.0676391 0.00338615 0.052182 0.00408374
0.0333333 0.159518 0.0121321 0.1223 0.00670797
0.05 0.255717 0.0145813 0.196064 0.00550837
0.0666667 0.344742 0.0180948 0.264779 0.0115457
0.0833333 0.420612 0.0023382 0.323584 0.00941856
0.1 0.462466 0.0108931 0.355509 0.00860608
0.116667 0.504575 0.00821524 0.388578 0.0179514
0.133333 0.559604 0.0111621 0.430136 0.00784864
0.15 0.615181 0.0124569 0.472796 0.00713568
0.166667 0.687452 0.0201783 0.528306 0.0129669
0.183333 0.719299 0.00912496 0.553501 0.019224
0.2 0.74823 0.0183855 0.575121 0.0132425
0.216667 0.767213 0.0140301 0.590365 0.0217155
0.233333 0.786196 0.0206895 0.605609 0.0319034
0.25 0.80598 0.0309733 0.621283 0.0404907
0.266667 0.820074 0.0325062 0.632055 0.040789
0.283333 0.847032 0.0307513 0.652778 0.0404933
0.3 0.862299 0.0298813 0.664018 0.0357038
0.316667 0.882395 0.02428 0.679373 0.0326088
0.333333 0.89946 0.018387 0.69226 0.0278668
0.35 0.917954 0.0111147 0.706756 0.0297677
0.366667 0.912951 0.0209518 0.703391 0.0378397
0.383333 0.923214 0.0204199 0.711265 0.0376748
0.4 0.931248 0.0133898 0.7171 0.0319933
0.416667 0.93199 0.00229958 0.717174 0.0236211
0.433333 0.921297 0.00663597 0.708908 0.0233375
0.45 0.922958 0.0102038 0.710122 0.0228449
0.466667 0.941255 0.0181281 0.72383 0.0199799
0.483333 0.943855 0.0113286 0.725907 0.0185636
0.5 0.950287 0.00844126 0.730882 0.0183942
0.516667 0.952887 0.00400375 0.732959 0.0191986
0.533333 0.951715 0.00624485 0.732492 0.0266457
0.55 0.935391 0.00228693 0.71968 0.0219459
0.566667 0.931189 0.00759442 0.716744 0.0270157
0.583333 0.93502 0.00526542 0.719643 0.0260214
0.6 0.942312 0.0119732 0.725403 0.0292385
0.616667 0.946514 0.0106785 0.728339 0.0248943
0.633333 0.96618 0.00169308 0.743302 0.0214543
0.65 0.971811 0.0089172 0.747848 0.0260761
0.666667 0.981703 0.0100101 0.755685 0.0296698
0.683333 0.989366 0.00590701 0.761482 0.0277043
0.7 0.986395 0.0136054 0.759368 0.0312232
0.716667 0.979533 0.0101982 0.754 0.029216
0.733333 0.969641 0.00537285 0.746163 0.025024
0.75 0.966611 0.00535699 0.743694 0.0227521
0.766667 0.965809 0.00391243 0.743265 0.0255928
0.783333 0.963209 0.00809493 0.741188 0.0248292
0.8 0.967041 0.0115365 0.744086 0.0248783
0.816667 0.953688 0.00885313 0.733388 0.0162895
0.833333 0.946396 0.0123104 0.727628 0.0139683
0.85 0.946396 0.0123104 0.727628 0.0139683
0.866667 0.939965 0.0119054 0.722653 0.0128758
0.883333 0.947139 0.0234113 0.727703 0.00803648
0.9 0.943737 0.0203608 0.725196 0.00817338
0.916667 0.950169 0.0210232 0.730172 0.0101427
0.933333 0.94794 0.0260997 0.728132 0.00339956
0.95 0.948741 0.0297531 0.728561 0.00135621
0.966667 0.927785 0.0308919 0.712421 0.0050817
0.983333 0.935388 0.0395264 0.717863 0.00986509
1 0.930815 0.028225 0.71489 0.0053559
1.16667 0.878816 0.00762982 0.675801 0.0146449
1.33333 0.855884 0.0380544 0.656948 0.0144944
1.5 0.834987 0.0323145 0.641163 0.0128825
1.66667 0.775207 0.0369242 0.595567 0.0240192
1.83333 0.761602 0.0239284 0.585542 0.0197934
2 0.733413 0.031083 0.563997 0.0261916
2.16667 0.713688 0.0285674 0.548678 0.0225239
2.33333 0.66163 0.0264476 0.509234 0.0273526
2.5 0.631583 0.031545 0.485687 0.0258063
2.66667 0.625953 0.0254884 0.481141 0.0189541
2.83333 0.584158 0.0222468 0.449571 0.0231629
3 0.565917 0.0334404 0.434401 0.0191457
3.16667 0.539764 0.0193427 0.415924 0.0257826
3.33333 0.506003 0.0198301 0.390188 0.0271568
3.5 0.507917 0.00757315 0.390729 0.0123542
3.66667 0.491223 0.00497962 0.377879 0.0110989
3.83333 0.462778 0.018541 0.355191 0.00374146
4 0.412637 0.014044 0.318104 0.0203196
4.16667 0.4151 0.0267247 0.319748 0.0246207
4.33333 0.395375 0.0293386 0.304429 0.0251103
4.5 0.382081 0.0292573 0.294086 0.0242438
4.66667 0.37213 0.021103 0.285894 0.0145688
4.83333 0.343941 0.012246 0.264349 0.00877765
5 0.335907 0.00528681 0.258515 0.00973415
5.16667 0.317669 0.0173711 0.245162 0.0205003
5.33333 0.290652 0.00983301 0.224084 0.0144917
5.5 0.281621 0.013456 0.217031 0.0148705
5.66667 0.270185 0.0190647 0.208691 0.0206438
5.83333 0.253491 0.0202394 0.195841 0.0208122
6 0.223814 0.0048237 0.172331 0.00791769
6.16667 0.220295 0.0123177 0.169114 0.00693631
6.33333 0.230617 0.00217335 0.177344 0.00393104
6.5 0.216953 0.0013349 0.166963 0.00580574
6.66667 0.215351 0.0118365 0.166104 0.0135593
6.83333 0.212379 0.0125673 0.16399 0.0148351
7 0.192283 0.0159296 0.148635 0.0165971
7.16667 0.175217 0.0224895 0.135748 0.0210334
7.33333 0.155433 0.0118892 0.120075 0.0124399
7.5 0.156293 0.0222595 0.120859 0.0190819
7.66667 0.14343 0.0271535 0.110909 0.0219531
7.83333 0.139599 0.0244317 0.10801 0.0202123
8 0.132678 0.0108901 0.102287 0.00980606
8.16667 0.131877 0.0100534 0.101858 0.0104127
8.33333 0.131936 0.020104 0.102213 0.0176677
8.5 0.128475 0.0133946 0.0993514 0.0127555
8.66667 0.114811 0.0168349 0.0889712 0.0150856
8.83333 0.100717 0.0161786 0.0781987 0.0147433
9 0.0980573 0.0083723 0.0757667 0.0083893
9.16667 0.0972562 0.0108788 0.0753373 0.0108262
9.33333 0.0805614 0.0111936 0.0624879 0.0105299
9.5 0.0839628 0.00843178 0.0649942 0.0085798
9.66667 0.0809325 0.00562851 0.0625251 0.00624502
9.83333 0.0809325 0.00562851 0.0625251 0.00624502
10 0.0748719 0.00281899 0.0575868 0.00252084
11 0.0607774 0.0017937 0.0468143 0.00256259
12 0.0432815 0.00592131 0.0335355 0.00557464
13 0.0364198 0.00684782 0.0281678 0.00575086
14 0.0265278 0.00847274 0.020331 0.00624376
15 0.0273289 0.00688499 0.0207604 0.00471639
16 0.0238685 0.0135937 0.017899 0.0098545
17 0.0204672 0.0101982 0.0153927 0.00735063
18 0.0136644 0.0034425 0.0103802 0.0023582
19 0.0136644 0.0034425 0.0103802 0.0023582
20 0.0136644 0.0034425 0.0103802 0.0023582
21 0.0030303 0.0030303 0.00246914 0.00246914
22 0.0102631 0.000694412 0.00787395 0.000412106
23 0.00723278 0.00363552 0.00540482 0.00272368
24 0.00383142 0.00383142 0.00289855 0.00289855
25 0.00383142 0.00383142 0.00289855 0.00289855
26 0.00383142 0.00383142 0.00289855 0.00289855
27 0.00383142 0.00383142 0.00289855 0.00289855
28 0.00383142 0.00383142 0.00289855 0.00289855
29 0 0 0 0
30 0 0 0 0
31 0 0 0 0
32 0 0 0 0
33 0 0 0 0
34 0.00340136 0.00340136 0.00250627 0.00250627
35 0.00340136 0.00340136 0.00250627 0.00250627
36 0.00340136 0.00340136 0.00250627 0.00250627
37 0 0 0 0
38 0.00340136 0.00340136 0.00250627 0.00250627
39 0 0 0 0
40 0 0 0 0
41 0 0 0 0
42 0.00340136 0.00340136 0.00250627 0.00250627
43 0.00723278 0.00363552 0.00540482 0.00272368
44 0.00383142 0.00383142 0.00289855 0.00289855
45 0 0 0 0
46 0 0 0 0
47 0 0 0 0
48 0 0 0 0
49 0 0 0 0
50 0 0 0 0
51 0 0 0 0
52 0 0 0 0
53 0 0 0 0
54 0 0 0 0
55 0 0 0 0
56 0 0 0 0
57 0.00340136 0.00340136 0.00250627 0.00250627
58 0.00340136 0.00340136 0.00250627 0.00250627
59 0.00340136 0.00340136 0.00250627 0.00250627
60 0 0 0 0
70 0 0 0 0
80 0.0030303 0.0030303 0.00246914 0.00246914
90 0 0 0 0
100 0 0 0 0
110 0 0 0 0
120 0 0 0 0
130 0 0 0 0
140 0 0 0 0
150 0 0 0 0
160 0 0 0 0
170 0 0 0 0
180 0 0 0 0
190 0 0 0 0
200 0 0 0 0
210 0 0 0 0
220 0 0 0 0
230 0 0 0 0
240 0 0 0 0
250 0 0 0 0
260 0.0030303 0.0030303 0.00246914 0.00246914
270 0.0030303 0.0030303 0.00246914 0.00246914
280 0 0 0 0
290 0 0 0 0
300 0 0 0 0
310 0 0 0 0
320 0 0 0 0
330 0 0 0 0
340 0 0 0 0
350 0 0 0 0
360 0 0 0 0
370 0 0 0 0
380 0 0 0 0
390 0 0 0 0
400 0 0 0 0
410 0 0 0 0
420 0 0 0 0
430 0 0 0 0
440 0 0 0 0
450 0 0 0 0
460 0 0 0 0
470 0 0 0 0
480 0 0 0 0
490 0 0 0 0
500 0 0 0 0
510 0 0 0 0
520 0 0 0 0
530 0 0 0 0
540 0 0 0 0
550 0 0 0 0
560 0 0 0 0
570 0 0 0 0
580 0 0 0 0
590 0 0 0 0
600 0 0 0 0
610 0 0 0 0
620 0 0 0 0
630 0 0 0 0
640 0 0 0 0
650 0 0 0 0
660 0 0 0 0
670 0 0 0 0
680 0 0 0 0
690 0 0 0 0
700 0 0 0 0
710 0 0 0 0
720 0 0 0 0
730 0 0 0 0
740 0 0 0 0
750 0 0 0 0
760 0 0 0 0
770 0 0 0 0
780 0 0 0 0
790 0 0 0 0
800 0 0 0 0
810 0 0 0 0
820 0 0 0 0
830 0 0 0 0
840 0 0 0 0
850 0 0 0 0
860 0 0 0 0
870 0 0 0 0
880 0 0 0 0
890 0 0 0 0
900 0 0 0 0
910 0 0 0 0
920 0 0 0 0
930 0 0 0 0
940 0 0 0 0
950 0 0 0 0
960 0 0 0 0
970 0 0 0 0
980 0 0 0 0
990 0 0 0 0
1000 0 0 0 0
1010 0.00383142 0.00383142 0.00289855 0.00289855
1020 0.00383142 0.00383142 0.00289855 0.00289855
1030 0 0 0 0
1040 0 0 0 0
1050 0 0 0 0
1060 0 0 0 0
1070 0 0 0 0
1080 0 0 0 0
1090 0 0 0 0
1100 0 0 0 0
1110 0 0 0 0
1120 0 0 0 0
1130 0 0 0 0
1140 0 0 0 0
1150 0 0 0 0
1160 0 0 0 0
1170 0 0 0 0
1180 0 0 0 0
1190 0 0 0 0
1200 0 0 0 0
1210 0 0 0 0
1220 0 0 0 0
1230 0 0 0 0
1240 0 0 0 0
1250 0 0 0 0
1260 0 0 0 0
1270 0 0 0 0
1280 0 0 0 0
1290 0 0 0 0
1300 0 0 0 0
1310 0 0 0 0
1320 0 0 0 0
1330 0 0 0 0
1340 0 0 0 0
1350 0 0 0 0
1360 0 0 0 0
1370 0 0 0 0
1380 0 0 0 0
1390 0 0 0 0
1400 0 0 0 0
1410 0 0 0 0
1420 0 0 0 0
1430 0 0 0 0
1440 0 0 0 0


DSBSynaptic_Stable
0 0 0 0 0
0.0166667 0 0 0 0
0.0333333 0 0 0 0
0.05 0.00396825 0.00396825 0.00250627 0.00250627
0.0666667 0.00396825 0.00396825 0.00250627 0.00250627
0.0833333 0.00396825 0.00396825 0.00250627 0.00250627
0.1 0.00396825 0.00396825 0.00250627 0.00250627
0.116667 0.00396825 0.00396825 0.00250627 0.00250627
0.133333 0.00396825 0.00396825 0.00250627 0.00250627
0.15 0.00793651 0.00793651 0.00501253 0.00501253
0.166667 0.00793651 0.00793651 0.00501253 0.00501253
0.183333 0.0159698 0.0104812 0.00998793 0.00663807
0.2 0.0159698 0.0104812 0.00998793 0.00663807
0.216667 0.0159698 0.0104812 0.00998793 0.00663807
0.233333 0.0278746 0.0220597 0.0175067 0.0139677
0.25 0.0318428 0.0259848 0.020013 0.0164489
0.266667 0.0358111 0.0299213 0.0225193 0.0189367
0.283333 0.0358111 0.0299213 0.0225193 0.0189367
0.3 0.0451557 0.0310144 0.0279241 0.019876
0.316667 0.0451557 0.0310144 0.0279241 0.019876
0.333333 0.0492207 0.0290591 0.0303932 0.0187215
0.35 0.0545971 0.0263709 0.0332918 0.0172048
0.366667 0.0599734 0.024581 0.0361903 0.0160723
0.383333 0.0599734 0.024581 0.0361903 0.0160723
0.4 0.0599734 0.024581 0.0361903 0.0160723
0.416667 0.0681035 0.01952 0.0411286 0.0133096
0.433333 0.0774481 0.02129 0.0465334 0.0144043
0.45 0.0828244 0.0203136 0.049432 0.0134843
0.466667 0.0828244 0.0203136 0.049432 0.0134843
0.483333 0.0922658 0.0169148 0.0547996 0.0110912
0.5 0.0976422 0.0184189 0.0576982 0.0111268
0.516667 0.10161 0.0209748 0.0602045 0.0131879
0.533333 0.105579 0.0239192 0.0627107 0.0153818
0.55 0.109547 0.0271257 0.065217 0.017659
0.566667 0.113515 0.0305119 0.0677233 0.0199911
0.583333 0.113515 0.0305119 0.0677233 0.0199911
0.6 0.113515 0.0305119 0.0677233 0.0199911
0.616667 0.117483 0.0340241 0.0702295 0.0223609
0.633333 0.117483 0.0340241 0.0702295 0.0223609
0.65 0.132301 0.0310986 0.0784958 0.0197277
0.666667 0.132301 0.0310986 0.0784958 0.0197277
0.683333 0.132301 0.0310986 0.0784958 0.0197277
0.7 0.140334 0.0304386 0.0834712 0.0199305
0.716667 0.136269 0.0341538 0.081002 0.0219407
0.733333 0.140334 0.0304386 0.0834712 0.0199305
0.75 0.140334 0.0304386 0.0834712 0.0199305
0.766667 0.140334 0.0304386 0.0834712 0.0199305
0.783333 0.144303 0.0337821 0.0859774 0.0222668
0.8 0.144303 0.0337821 0.0859774 0.0222668
0.816667 0.144303 0.0337821 0.0859774 0.0222668
0.833333 0.144303 0.0337821 0.0859774 0.0222668
0.85 0.144303 0.0337821 0.0859774 0.0222668
0.866667 0.152433 0.0269845 0.0909157 0.018753
0.883333 0.161874 0.0232199 0.0962834 0.0162007
0.9 0.165842 0.0267517 0.0987896 0.0186489
0.916667 0.165842 0.0267517 0.0987896 0.0186489
0.933333 0.178038 0.0181415 0.106197 0.014818
0.95 0.187382 0.0201553 0.111602 0.0156287
0.966667 0.202103 0.0232768 0.119905 0.015984
0.983333 0.206168 0.0195252 0.122374 0.014258
1 0.220889 0.0251865 0.130678 0.0156441
1.16667 0.261118 0.0269333 0.1543 0.0157792
1.33333 0.302949 0.026428 0.178239 0.00825585
1.5 0.319209 0.0199831 0.188116 0.00385045
1.66667 0.374352 0.0364085 0.219967 0.0123292
1.83333 0.398514 0.0470751 0.233638 0.0167896
2 0.440151 0.0590212 0.257652 0.0224176
2.16667 0.450745 0.0440696 0.264742 0.0134161
2.33333 0.48822 0.0551859 0.286324 0.0179859
2.5 0.5176 0.0477638 0.304186 0.0131844
2.66667 0.548581 0.0502549 0.322365 0.0137246
2.83333 0.572681 0.0389105 0.337292 0.00728475
3 0.576842 0.0421206 0.339724 0.0121734
3.16667 0.612909 0.0428195 0.360914 0.00816145
3.33333 0.642289 0.0345654 0.378775 0.00198871
3.5 0.667797 0.0311645 0.394094 0.00295454
3.66667 0.683863 0.02395 0.404045 0.00685801
3.83333 0.7055 0.0314603 0.41682 0.013921
4 0.711932 0.0108805 0.421477 0.0150889
4.16667 0.714589 0.00881473 0.423554 0.0204741
4.33333 0.730558 0.0105742 0.433542 0.0257997
4.5 0.749538 0.0161286 0.44424 0.022564
4.66667 0.757571 0.0175908 0.449216 0.0250019
4.83333 0.769573 0.0185701 0.456697 0.0284353
5 0.773444 0.0158823 0.459241 0.0299252
5.16667 0.798918 0.00402738 0.473341 0.0203236
5.33333 0.821672 0.00976711 0.48662 0.0192659
5.5 0.837932 0.00931211 0.496496 0.0221614
5.66667 0.852653 0.0108757 0.5048 0.0177605
5.83333 0.847374 0.0133566 0.501864 0.0206003
6 0.878258 0.0170937 0.520081 0.0213145
6.16667 0.899798 0.0236992 0.532893 0.0244482
6.33333 0.903766 0.0202024 0.5354 0.025004
6.5 0.917079 0.0133758 0.543311 0.0239022
6.66667 0.916982 0.00647984 0.543348 0.0239728
6.83333 0.913014 0.0103067 0.540842 0.0225964
7 0.942393 0.00464251 0.558704 0.0275776
7.16667 0.948922 0.0164472 0.563324 0.0356382
7.33333 0.960923 0.0233136 0.570805 0.039892
7.5 0.964988 0.0238783 0.573275 0.04041
7.66667 0.955547 0.0282119 0.567907 0.0426334
7.83333 0.959612 0.0290589 0.570376 0.0432014
8 0.970365 0.0188079 0.576173 0.0376348
8.16667 0.971773 0.0107049 0.576565 0.0330345
8.33333 0.959674 0.00825887 0.569121 0.0301892
8.5 0.961082 0.00503135 0.569513 0.0255332
8.66667 0.969116 0.00375149 0.574489 0.0278848
8.83333 0.983933 0.00803504 0.582755 0.0228816
9 0.987998 0.0068739 0.585224 0.0235362
9.16667 0.988095 0.0119048 0.585187 0.0230329
9.33333 0.982719 0.0103259 0.582288 0.0259309
9.5 0.963836 0.00693094 0.571553 0.0296367
9.66667 0.963836 0.00693094 0.571553 0.0296367
9.83333 0.949115 0.0163213 0.56325 0.0338964
10 0.949115 0.0163213 0.56325 0.0338964
11 0.937114 0.0134169 0.555768 0.0300601
12 0.946361 0.00544911 0.56121 0.0292443
13 0.917079 0.0133758 0.543311 0.0239022
14 0.898486 0.0277483 0.532464 0.0290699
15 0.854289 0.0313267 0.506336 0.0299458
16 0.823598 0.0414648 0.488045 0.0329041
17 0.800747 0.0392766 0.474803 0.0334743
18 0.753831 0.0502715 0.447853 0.0417761
19 0.733637 0.0574876 0.436688 0.047686
20 0.677438 0.0591381 0.403079 0.046137
21 0.667997 0.0590431 0.397711 0.0466706
22 0.642586 0.0580747 0.382355 0.0447225
23 0.618776 0.0691624 0.367318 0.0470068
24 0.603861 0.0640765 0.359089 0.0459411
25 0.548912 0.0744276 0.327163 0.0519114
26 0.507275 0.0798844 0.303149 0.0552378
27 0.491111 0.0691107 0.293236 0.0488098
28 0.477605 0.06575 0.285399 0.0472062
29 0.452 0.0559865 0.270117 0.0417353
30 0.443967 0.0524948 0.265142 0.0394062
31 0.43046 0.0503307 0.257305 0.038538
32 0.42233 0.043986 0.252367 0.0352683
33 0.410135 0.0358471 0.244959 0.0311981
34 0.39823 0.0326426 0.237441 0.0279277
35 0.380756 0.0306962 0.227098 0.026786
36 0.367443 0.0347593 0.219186 0.0280226
37 0.363281 0.0290838 0.216754 0.0257924
38 0.347021 0.0217611 0.206878 0.0221204
39 0.341548 0.0295992 0.204016 0.0264965
40 0.31332 0.0401746 0.187876 0.0318897
41 0.309352 0.0368966 0.18537 0.0298511
42 0.305384 0.0337672 0.182864 0.0278889
43 0.293382 0.0270031 0.175382 0.0236343
44 0.281381 0.020313 0.1679 0.019418
45 0.270594 0.0135246 0.160885 0.0143484
46 0.266529 0.0160738 0.158416 0.0150044
47 0.258495 0.015592 0.153441 0.0135132
48 0.243774 0.0151138 0.145137 0.0149408
49 0.239806 0.0111798 0.142631 0.0126431
50 0.23443 0.0151381 0.139733 0.0151263
51 0.211676 0.0179485 0.126454 0.0161675
52 0.206299 0.023135 0.123555 0.0189492
53 0.192986 0.0239601 0.115644 0.0187006
54 0.177017 0.0179597 0.105656 0.0142135
55 0.16351 0.0172847 0.0978194 0.0141353
56 0.154166 0.0211584 0.0924146 0.0158626
57 0.154166 0.0211584 0.0924146 0.0158626
58 0.146229 0.0202843 0.0874021 0.014572
59 0.140853 0.0248903 0.0845035 0.0172526
60 0.144821 0.025362 0.0870098 0.0178402
70 0.093805 0.0146639 0.0563728 0.010799
80 0.0577379 0.0235243 0.035183 0.0146462
90 0.0337348 0.0197556 0.0202196 0.0121172
100 0.0257015 0.0182413 0.0152442 0.0111818
110 0.0121951 0.0121951 0.00740741 0.00740741
120 0.00813008 0.00813008 0.00493827 0.00493827
130 0.0135064 0.00716193 0.00783682 0.00429817
140 0.00944138 0.00485537 0.00536769 0.00270949
150 0.0148177 0.00940397 0.00826624 0.00503877
160 0.0148177 0.00940397 0.00826624 0.00503877
170 0.00537634 0.00537634 0.00289855 0.00289855
180 0.00537634 0.00537634 0.00289855 0.00289855
190 0.00537634 0.00537634 0.00289855 0.00289855
200 0.00406504 0.00406504 0.00246914 0.00246914
210 0.00406504 0.00406504 0.00246914 0.00246914
220 0.00406504 0.00406504 0.00246914 0.00246914
230 0.00406504 0.00406504 0.00246914 0.00246914
240 0 0 0 0
250 0 0 0 0
260 0.00537634 0.00537634 0.00289855 0.00289855
270 0.00537634 0.00537634 0.00289855 0.00289855
280 0.00944138 0.00485537 0.00536769 0.00270949
290 0.00944138 0.00485537 0.00536769 0.00270949
300 0.00537634 0.00537634 0.00289855 0.00289855
310 0.00537634 0.00537634 0.00289855 0.00289855
320 0 0 0 0
330 0 0 0 0
340 0 0 0 0
350 0 0 0 0
360 0 0 0 0
370 0 0 0 0
380 0 0 0 0
390 0 0 0 0
400 0 0 0 0
410 0 0 0 0
420 0 0 0 0
430 0 0 0 0
440 0 0 0 0
450 0 0 0 0
460 0 0 0 0
470 0 0 0 0
480 0 0 0 0
490 0 0 0 0
500 0 0 0 0
510 0 0 0 0
520 0 0 0 0
530 0 0 0 0
540 0 0 0 0
550 0.00396825 0.00396825 0.00250627 0.00250627
560 0.00396825 0.00396825 0.00250627 0.00250627
570 0.00396825 0.00396825 0.00250627 0.00250627
580 0.00396825 0.00396825 0.00250627 0.00250627
590 0 0 0 0
600 0 0 0 0
610 0 0 0 0
620 0 0 0 0
630 0 0 0 0
640 0 0 0 0
650 0 0 0 0
660 0 0 0 0
670 0 0 0 0
680 0.00396825 0.00396825 0.00250627 0.00250627
690 0.00396825 0.00396825 0.00250627 0.00250627
700 0 0 0 0
710 0 0 0 0
720 0 0 0 0
730 0 0 0 0
740 0 0 0 0
750 0 0 0 0
760 0 0 0 0
770 0 0 0 0
780 0 0 0 0
790 0 0 0 0
800 0 0 0 0
810 0 0 0 0
820 0 0 0 0
830 0 0 0 0
840 0 0 0 0
850 0 0 0 0
860 0 0 0 0
870 0 0 0 0
880 0 0 0 0
890 0 0 0 0
900 0 0 0 0
910 0 0 0 0
920 0 0 0 0
930 0 0 0 0
940 0 0 0 0
950 0 0 0 0
960 0 0 0 0
970 0 0 0 0
980 0 0 0 0
990 0 0 0 0
1000 0 0 0 0
1010 0 0 0 0
1020 0 0 0 0
1030 0.00537634 0.00537634 0.00289855 0.00289855
1040 0 0 0 0
1050 0 0 0 0
1060 0 0 0 0
1070 0 0 0 0
1080 0 0 0 0
1090 0 0 0 0
1100 0 0 0 0
1110 0 0 0 0
1120 0 0 0 0
1130 0 0 0 0
1140 0 0 0 0
1150 0 0 0 0
1160 0 0 0 0
1170 0 0 0 0
1180 0 0 0 0
1190 0 0 0 0
1200 0 0 0 0
1210 0 0 0 0
1220 0 0 0 0
1230 0 0 0 0
1240 0 0 0 0
1250 0 0 0 0
1260 0 0 0 0
1270 0 0 0 0
1280 0 0 0 0
1290 0 0 0 0
1300 0 0 0 0
1310 0 0 0 0
1320 0 0 0 0
1330 0 0 0 0
1340 0 0 0 0
1350 0 0 0 0
1360 0 0 0 0
1370 0 0 0 0
1380 0 0 0 0
1390 0 0 0 0
1400 0 0 0 0
1410 0 0 0 0
1420 0 0 0 0
1430 0 0 0 0
1440 0 0 0 0


DSB_Residual
0 1 0 1 0
0.0166667 1 0 1 0
0.0333333 1 0 1 0
0.05 1 0 1 0
0.0666667 1 0 1 0
0.0833333 1 0 1 0
0.1 1 0 1 0
0.116667 1 0 1 0
0.133333 1 0 1 0
0.15 1 0 1 0
0.166667 1 0 1 0
0.183333 1 0 1 0
0.2 1 0 1 0
0.216667 1 0 1 0
0.233333 1 0 1 0
0.25 1 0 1 0
0.266667 1 0 1 0
0.283333 1 0 1 0
0.3 1 0 1 0
0.316667 1 0 1 0
0.333333 1 0 1 0
0.35 1 0 1 0
0.366667 1 0 1 0
0.383333 1 0 1 0
0.4 1 0 1 0
0.416667 1 0 1 0
0.433333 1 0 1 0
0.45 1 0 1 0
0.466667 1 0 1 0
0.483333 1 0 1 0
0.5 1 0 1 0
0.516667 1 0 1 0
0.533333 1 0 1 0
0.55 1 0 1 0
0.566667 1 0 1 0
0.583333 1 0 1 0
0.6 1 0 1 0
0.616667 1 0 1 0
0.633333 1 0 1 0
0.65 1 0 1 0
0.666667 1 0 1 0
0.683333 1 0 1 0
0.7 1 0 1 0
0.716667 0.997126 0.00287356 0.997531 0.00246914
0.733333 0.997126 0.00287356 0.997531 0.00246914
0.75 0.997126 0.00287356 0.997531 0.00246914
0.766667 0.997126 0.00287356 0.997531 0.00246914
0.783333 0.997126 0.00287356 0.997531 0.00246914
0.8 0.997126 0.00287356 0.997531 0.00246914
0.816667 0.997126 0.00287356 0.997531 0.00246914
0.833333 0.997126 0.00287356 0.997531 0.00246914
0.85 0.997126 0.00287356 0.997531 0.00246914
0.866667 0.997126 0.00287356 0.997531 0.00246914
0.883333 0.997126 0.00287356 0.997531 0.00246914
0.9 0.997126 0.00287356 0.997531 0.00246914
0.916667 0.997126 0.00287356 0.997531 0.00246914
0.933333 0.997126 0.00287356 0.997531 0.00246914
0.95 0.997126 0.00287356 0.997531 0.00246914
0.966667 0.997126 0.00287356 0.997531 0.00246914
0.983333 0.997126 0.00287356 0.997531 0.00246914
1 0.997126 0.00287356 0.997531 0.00246914
1.16667 0.993503 0.00331261 0.994632 0.00270949
1.33333 0.993503 0.00331261 0.994632 0.00270949
1.5 0.987852 0.0026498 0.989657 0.00226153
1.66667 0.985074 0.00203493 0.987151 0.00207785
1.83333 0.982296 0.00408565 0.984644 0.00401038
2 0.979519 0.00668403 0.982138 0.00635701
2.16667 0.973022 0.00339316 0.97677 0.003696
2.33333 0.973022 0.00339316 0.97677 0.003696
2.5 0.973022 0.00339316 0.97677 0.003696
2.66667 0.970148 0.00406985 0.974301 0.00415569
2.83333 0.970148 0.00406985 0.974301 0.00415569
3 0.961719 0.0085071 0.96682 0.00823155
3.16667 0.961719 0.0085071 0.96682 0.00823155
3.33333 0.961719 0.0085071 0.96682 0.00823155
3.5 0.958096 0.00505613 0.963921 0.00551314
3.66667 0.958096 0.00505613 0.963921 0.00551314
3.83333 0.958096 0.00505613 0.963921 0.00551314
4 0.945198 0.00192136 0.953149 0.0029035
4.16667 0.941575 0.00389544 0.95025 0.00265606
4.33333 0.935924 0.00191207 0.945275 0.00271409
4.5 0.933146 0.004309 0.942768 0.00521959
4.66667 0.923026 0.00528651 0.934502 0.00316697
4.83333 0.919403 0.00878881 0.931604 0.00549733
5 0.912906 0.0108266 0.926236 0.00660255
5.16667 0.912906 0.0108266 0.926236 0.00660255
5.33333 0.910032 0.00990717 0.923767 0.00567148
5.5 0.906409 0.0133841 0.920868 0.00846458
5.66667 0.906409 0.0133841 0.920868 0.00846458
5.83333 0.900008 0.0152441 0.915463 0.00991082
6 0.900008 0.0152441 0.915463 0.00991082
6.16667 0.900008 0.0152441 0.915463 0.00991082
6.33333 0.896385 0.018863 0.912565 0.0128082
6.5 0.896385 0.018863 0.912565 0.0128082
6.66667 0.889888 0.0212913 0.907197 0.0145818
6.83333 0.884237 0.0185204 0.902222 0.0121126
7 0.884237 0.0185204 0.902222 0.0121126
7.16667 0.877836 0.020464 0.896817 0.0136313
7.33333 0.871339 0.0228929 0.891449 0.0153899
7.5 0.86291 0.0184482 0.883968 0.0115578
7.66667 0.850762 0.0181602 0.873624 0.0108524
7.83333 0.847984 0.0164371 0.871118 0.00948611
8 0.847984 0.0164371 0.871118 0.00948611
8.16667 0.845207 0.0150333 0.868612 0.00864646
8.33333 0.833904 0.0093877 0.858661 0.00425201
8.5 0.831126 0.00861868 0.856155 0.00530719
8.66667 0.827503 0.0120436 0.853256 0.00693591
8.83333 0.824725 0.0116863 0.85075 0.00796817
9 0.824725 0.0116863 0.85075 0.00796817
9.16667 0.821947 0.0119801 0.848244 0.00956238
9.33333 0.815546 0.0152557 0.842839 0.0121202
9.5 0.802553 0.0163787 0.832104 0.0102616
9.66667 0.802553 0.0163787 0.832104 0.0102616
9.83333 0.789655 0.0205696 0.821331 0.0128609
10 0.789655 0.0205696 0.821331 0.0128609
11 0.768233 0.0201839 0.803114 0.0114568
12 0.758862 0.0208473 0.795277 0.0107148
13 0.729202 0.0182944 0.769504 0.011574
14 0.710749 0.0219976 0.753719 0.0157468
15 0.6744 0.0189372 0.722653 0.0128758
16 0.646672 0.0235046 0.698994 0.0174236
17 0.628123 0.0247188 0.683246 0.0177835
18 0.593149 0.0353889 0.65379 0.0250072
19 0.573755 0.0401043 0.63765 0.0265444
20 0.534724 0.0392824 0.60404 0.0276479
21 0.52545 0.0399261 0.596166 0.0279006
22 0.507746 0.0382825 0.58081 0.0282
23 0.488206 0.0403993 0.563304 0.0364935
24 0.475212 0.03899 0.552568 0.0327554
25 0.437365 0.0462907 0.520643 0.0365295
26 0.408696 0.0503923 0.496629 0.0368763
27 0.397297 0.0428313 0.486715 0.0308449
28 0.387927 0.040942 0.478878 0.0272292
29 0.366408 0.0381704 0.460698 0.0216531
30 0.360757 0.0354545 0.455723 0.0202901
31 0.351387 0.0349473 0.447886 0.017044
32 0.34564 0.03154 0.442948 0.0122059
33 0.337019 0.0279075 0.435541 0.00530647
34 0.328686 0.02306 0.428022 0.00897541
35 0.316538 0.0224546 0.417679 0.00681846
36 0.307359 0.0234687 0.409768 0.0111708
37 0.301612 0.0204454 0.404829 0.00714765
38 0.290117 0.018726 0.394953 0.00707196
39 0.283621 0.0219954 0.389585 0.00645267
40 0.264226 0.0287951 0.373445 0.00592122
41 0.261448 0.0262907 0.370939 0.00403052
42 0.258671 0.0238471 0.368432 0.00316102
43 0.250242 0.0190362 0.360951 0.00651144
44 0.241812 0.0142262 0.353469 0.0106064
45 0.227636 0.011195 0.341049 0.0164493
46 0.224763 0.0129773 0.33858 0.0177206
47 0.219111 0.0125553 0.333605 0.0201994
48 0.209087 0.0121467 0.325301 0.0156318
49 0.206309 0.00937597 0.322795 0.0171265
50 0.202686 0.0118173 0.319896 0.0142815
51 0.187011 0.0131407 0.306618 0.0129916
52 0.183387 0.0165119 0.303719 0.0103995
53 0.174209 0.0164624 0.295808 0.0128516
54 0.163002 0.0116146 0.28582 0.0194599
55 0.153632 0.011628 0.277983 0.0163255
56 0.147231 0.0139222 0.272578 0.0165035
57 0.147231 0.0139222 0.272578 0.0165035
58 0.141675 0.0127675 0.267566 0.0213957
59 0.138052 0.0160076 0.264667 0.0196155
60 0.138052 0.0160076 0.264667 0.0196155
70 0.102453 0.00782289 0.23403 0.0214368
80 0.0775987 0.0142335 0.21284 0.0240481
90 0.0550891 0.0127801 0.192902 0.0341665
100 0.0494378 0.012927 0.187926 0.0360671
110 0.0400675 0.00790084 0.18009 0.0331461
120 0.0371939 0.00609791 0.17762 0.0330482
130 0.0371939 0.00609791 0.17762 0.0330482
140 0.0343203 0.00533483 0.175151 0.0331344
150 0.0343203 0.00533483 0.175151 0.0331344
160 0.0343203 0.00533483 0.175151 0.0331344
170 0.0278236 0.00240546 0.169784 0.0307277
180 0.0278236 0.00240546 0.169784 0.0307277
190 0.0278236 0.00240546 0.169784 0.0307277
200 0.0242004 0.00125554 0.166885 0.0280961
210 0.0242004 0.00125554 0.166885 0.0280961
220 0.0242004 0.00125554 0.166885 0.0280961
230 0.0242004 0.00125554 0.166885 0.0280961
240 0.0213268 0.00224919 0.164416 0.0283756
250 0.0213268 0.00224919 0.164416 0.0283756
260 0.0213268 0.00224919 0.164416 0.0283756
270 0.0213268 0.00224919 0.164416 0.0283756
280 0.0213268 0.00224919 0.164416 0.0283756
290 0.0213268 0.00224919 0.164416 0.0283756
300 0.0184533 0.0050056 0.161947 0.0288643
310 0.0184533 0.0050056 0.161947 0.0288643
320 0.0119565 0.00723731 0.156579 0.026718
330 0.0119565 0.00723731 0.156579 0.026718
340 0.0119565 0.00723731 0.156579 0.026718
350 0.0119565 0.00723731 0.156579 0.026718
360 0.0119565 0.00723731 0.156579 0.026718
370 0.0119565 0.00723731 0.156579 0.026718
380 0.0119565 0.00723731 0.156579 0.026718
390 0.0119565 0.00723731 0.156579 0.026718
400 0.0119565 0.00723731 0.156579 0.026718
410 0.0119565 0.00723731 0.156579 0.026718
420 0.0119565 0.00723731 0.156579 0.026718
430 0.0119565 0.00723731 0.156579 0.026718
440 0.0119565 0.00723731 0.156579 0.026718
450 0.0119565 0.00723731 0.156579 0.026718
460 0.0119565 0.00723731 0.156579 0.026718
470 0.0119565 0.00723731 0.156579 0.026718
480 0.00917874 0.00488496 0.154073 0.028479
490 0.00917874 0.00488496 0.154073 0.028479
500 0.00917874 0.00488496 0.154073 0.028479
510 0.00917874 0.00488496 0.154073 0.028479
520 0.00917874 0.00488496 0.154073 0.028479
530 0.00917874 0.00488496 0.154073 0.028479
540 0.00917874 0.00488496 0.154073 0.028479
550 0.00917874 0.00488496 0.154073 0.028479
560 0.00917874 0.00488496 0.154073 0.028479
570 0.00917874 0.00488496 0.154073 0.028479
580 0.00917874 0.00488496 0.154073 0.028479
590 0.00640097 0.00328316 0.151567 0.0303451
600 0.00640097 0.00328316 0.151567 0.0303451
610 0.00640097 0.00328316 0.151567 0.0303451
620 0.00640097 0.00328316 0.151567 0.0303451
630 0.00640097 0.00328316 0.151567 0.0303451
640 0.00640097 0.00328316 0.151567 0.0303451
650 0.00640097 0.00328316 0.151567 0.0303451
660 0.00640097 0.00328316 0.151567 0.0303451
670 0.00640097 0.00328316 0.151567 0.0303451
680 0.00640097 0.00328316 0.151567 0.0303451
690 0.00640097 0.00328316 0.151567 0.0303451
700 0.00362319 0.00362319 0.14906 0.0322979
710 0.00362319 0.00362319 0.14906 0.0322979
720 0.00362319 0.00362319 0.14906 0.0322979
730 0.00362319 0.00362319 0.14906 0.0322979
740 0.00362319 0.00362319 0.14906 0.0322979
750 0.00362319 0.00362319 0.14906 0.0322979
760 0.00362319 0.00362319 0.14906 0.0322979
770 0.00362319 0.00362319 0.14906 0.0322979
780 0.00362319 0.00362319 0.14906 0.0322979
790 0.00362319 0.00362319 0.14906 0.0322979
800 0.00362319 0.00362319 0.14906 0.0322979
810 0.00362319 0.00362319 0.14906 0.0322979
820 0.00362319 0.00362319 0.14906 0.0322979
830 0.00362319 0.00362319 0.14906 0.0322979
840 0.00362319 0.00362319 0.14906 0.0322979
850 0.00362319 0.00362319 0.14906 0.0322979
860 0.00362319 0.00362319 0.14906 0.0322979
870 0.00362319 0.00362319 0.14906 0.0322979
880 0.00362319 0.00362319 0.14906 0.0322979
890 0.00362319 0.00362319 0.14906 0.0322979
900 0.00362319 0.00362319 0.14906 0.0322979
910 0.00362319 0.00362319 0.14906 0.0322979
920 0.00362319 0.00362319 0.14906 0.0322979
930 0.00362319 0.00362319 0.14906 0.0322979
940 0.00362319 0.00362319 0.14906 0.0322979
950 0.00362319 0.00362319 0.14906 0.0322979
960 0.00362319 0.00362319 0.14906 0.0322979
970 0.00362319 0.00362319 0.14906 0.0322979
980 0.00362319 0.00362319 0.14906 0.0322979
990 0.00362319 0.00362319 0.14906 0.0322979
1000 0.00362319 0.00362319 0.14906 0.0322979
1010 0.00362319 0.00362319 0.14906 0.0322979
1020 0.00362319 0.00362319 0.14906 0.0322979
1030 0.00362319 0.00362319 0.14906 0.0322979
1040 0 0 0.146162 0.0296428
1050 0 0 0.146162 0.0296428
1060 0 0 0.146162 0.0296428
1070 0 0 0.146162 0.0296428
1080 0 0 0.146162 0.0296428
1090 0 0 0.146162 0.0296428
1100 0 0 0.146162 0.0296428
1110 0 0 0.146162 0.0296428
1120 0 0 0.146162 0.0296428
1130 0 0 0.146162 0.0296428
1140 0 0 0.146162 0.0296428
1150 0 0 0.146162 0.0296428
1160 0 0 0.146162 0.0296428
1170 0 0 0.146162 0.0296428
1180 0 0 0.146162 0.0296428
1190 0 0 0.146162 0.0296428
1200 0 0 0.146162 0.0296428
1210 0 0 0.146162 0.0296428
1220 0 0 0.146162 0.0296428
1230 0 0 0.146162 0.0296428
1240 0 0 0.146162 0.0296428
1250 0 0 0.146162 0.0296428
1260 0 0 0.146162 0.0296428
1270 0 0 0.146162 0.0296428
1280 0 0 0.146162 0.0296428
1290 0 0 0.146162 0.0296428
1300 0 0 0.146162 0.0296428
1310 0 0 0.146162 0.0296428
1320 0 0 0.146162 0.0296428
1330 0 0 0.146162 0.0296428
1340 0 0 0.146162 0.0296428
1350 0 0 0.146162 0.0296428
1360 0 0 0.146162 0.0296428
1370 0 0 0.146162 0.0296428
1380 0 0 0.146162 0.0296428
1390 0 0 0.146162 0.0296428
1400 0 0 0.146162 0.0296428
1410 0 0 0.146162 0.0296428
1420 0 0 0.146162 0.0296428
1430 0 0 0.146162 0.0296428
1440 0 0 0.146162 0.0296428


Time || Bleached_RelInit SEM_RelInit
1 0 0.0556011
2 0 0.06947
3 0 0.0615972
4 0 0.0738537
5 0 0.0725512
6 0.0266285 0.075079
7 0.0427847 0.071225
8 0.0746576 0.0697305
9 0.0983574 0.0757389
10 0.119893 0.0799342
11 0.133446 0.0762276
12 0.141907 0.0810236
13 0.137292 0.0810494
14 0.143226 0.075632
15 0.15898 0.0700732
16 0.164035 0.0758546
17 0.175902 0.0797281
18 0.184362 0.0806891
19 0.19491 0.079793
20 0.208463 0.0851628
21 0.224506 0.0878562
22 0.234652 0.0789746
23 0.261031 0.0728278
24 0.279601 0.0868379
25 0.295241 0.0915992
26 0.306267 0.0829396
27 0.325352 0.0847716
28 0.338504 0.0928861
29 0.341069 0.0931913
30 0.35671 0.08724
40 0.415059 0.0884469
50 0.474481 0.106275
60 0.498029 0.103465
70 0.548108 0.10583
80 0.603605 0.104666
90 0.659367 0.105835
100 0.675929 0.101838
110 0.725201 0.1007
120 0.759753 0.0915879
130 0.810597 0.0954829
140 0.841113 0.0932276
150 0.856902 0.0862696
160 0.900375 0.0938977
170 0.90005 0.0889764
180 0.937129 0.0732717
190 0.960943 0.0691011
200 0.956328 0.0736096
210 0.927426 0.078915
220 0.960829 0.0941608
230 0.957461 0.0962155
240 0.974458 0.091144
250 0.970325 0.0814353
260 0.940176 0.0851424
270 0.952486 0.0926157
280 0.961349 0.0883765
290 0.962705 0.0800454
300 0.990656 0.0877423
310 0.990179 0.0880046
320 0.968491 0.0912948
330 0.971208 0.0882983
340 0.986485 0.0854382
350 1 0.084309
360 0.992418 0.0839728
370 0.99623 0.0878171
380 0.981756 0.0904255
390 0.981794 0.098165
400 0.964835 0.110658
410 0.948755 0.112128
420 0.946955 0.115112
430 0.920652 0.119441
440 0.917245 0.119509
450 0.917761 0.106821
460 0.917685 0.100498
470 0.900244 0.0997953
480 0.892624 0.0913294
490 0.884088 0.0950399
500 0.881523 0.0884515
510 0.881561 0.0856912
520 0.875551 0.0874162
530 0.856868 0.0916077
540 0.840424 0.0974773
550 0.843391 0.0971829
560 0.826394 0.102852
570 0.818812 0.101765
630 0.786538 0.0953491
690 0.770495 0.0948232
750 0.717775 0.0897083
810 0.685023 0.0971156
870 0.624396 0.0972188
930 0.573439 0.10475
990 0.543729 0.104237
1050 0.478302 0.118228
1110 0.455447 0.127253
1170 0.386647 0.124838
1230 0.364997 0.1263
1290 0.339095 0.12257
1350 0.303258 0.126221
1410 0.281283 0.124582
1470 0.215931 0.134048
1530 0.166773 0.139507
1590 0.14648 0.129073
1650 0.130438 0.126549
1710 0.0932228 0.118069
1770 0.0830381 0.114667
1830 0.0669959 0.113423
1890 0.0568871 0.108875
1950 0.0417239 0.105326
2010 0.0314631 0.101536
2070 0.0102905 0.100239
2130 0 0.101646
2190 0 0.0990082
2250 0 0.0975395
2310 0 0.101878
2370 0 0.10816
2430 0 0.105694
2490 0 0.105819
2550 0 0.0979043
2610 0 0.0927358
2670 0 0.0898678
2730 0 0.0903156
2790 0 0.0893236
2850 0 0.0902714
2910 0 0.0887882
2970 0 0.0904008
3030 0 0.0911528
3090 0 0.0933711
3150 0 0.0931609
3210 0 0.0897779
3270 0 0.0897262
3330 0 0.0909281
3390 0 0.093762
3450 0 0.0928802
3510 0 0.094785
3570 0 0.0951014
4170 0 0.0905499
4770 0 0.09631
5370 0 0.0974179
5970 0 0.0969481
6570 0 0.0954197
7170 0 0.094748
7770 0 0.0907378
8370 0 0.0904804
8970 0 0.0872564
9570 0 0.0872564
10170 0 0.0868476
10770 0 0.0868476
11370 0 0.0868476
11970 0 0.090497
12570 0 0.090497
13170 0 0.090497
13770 0 0.090497
14370 0 0.0903557
14970 0 0.0903557
15570 0 0.087772
16170 0 0.087772
16770 0 0.0876009
17370 0 0.0876009
17970 0 0.0876263
18570 0 0.0876263
19170 0 0.0882127
19770 0 0.0882127
20370 0 0.0882127
20970 0 0.0882127
21570 0 0.0882127
22170 0 0.0882127
22770 0 0.0882127
23370 0 0.0882127
23970 0 0.0882127
24570 0 0.0882127
25170 0 0.0882127
25770 0 0.0882127
26370 0 0.0882127
26970 0 0.0882127
27570 0 0.0882127
28170 0 0.0882127
28770 0 0.0905178
29370 0 0.0905178
29970 0 0.0905178
30570 0 0.0905178
31170 0 0.0905178
31770 0 0.0905178
32370 0 0.0905178
32970 0 0.0932837
33570 0 0.0932837
34170 0 0.0932837
34770 0 0.0932837
35370 0 0.0931425
35970 0 0.0931425
36570 0 0.0931425
37170 0 0.0931425
37770 0 0.0931425
38370 0 0.0931425
38970 0 0.0931425
39570 0 0.0931425
40170 0 0.0931425
40770 0 0.0959919
41370 0 0.0959919
41970 0 0.0958547
42570 0 0.0958547
43170 0 0.0958547
43770 0 0.0958547
44370 0 0.0958547
44970 0 0.0958547
45570 0 0.0958547
46170 0 0.0958547
46770 0 0.0958547
47370 0 0.0958547
47970 0 0.0958547
48570 0 0.0958547
49170 0 0.0958547
49770 0 0.0958547
50370 0 0.0958547
50970 0 0.0958547
51570 0 0.0958547
52170 0 0.0958547
52770 0 0.0958547
53370 0 0.0958547
53970 0 0.0958547
54570 0 0.0958547
55170 0 0.0958547
55770 0 0.0958547
56370 0 0.0958547
56970 0 0.0958547
57570 0 0.0958547
58170 0 0.0958547
58770 0 0.0958547
59370 0 0.0958547
59970 0 0.0958547
60570 0 0.0923808
61170 0 0.0923808
61770 0 0.0923808
62370 0 0.09219
62970 0 0.09219
63570 0 0.09219
64170 0 0.09219
64770 0 0.09219
65370 0 0.09219
65970 0 0.09219
66570 0 0.09219
67170 0 0.09219
67770 0 0.09219
68370 0 0.09219
68970 0 0.09219
69570 0 0.09219
70170 0 0.09219
70770 0 0.09219
71370 0 0.09219
71970 0 0.09219
72570 0 0.09219
73170 0 0.09219
73770 0 0.09219
74370 0 0.09219
74970 0 0.09219
75570 0 0.09219
76170 0 0.09219
76770 0 0.09219
77370 0 0.09219
77970 0 0.09219
78570 0 0.09219
79170 0 0.09219
79770 0 0.09219
80370 0 0.09219
80970 0 0.09219
81570 0 0.09219
82170 0 0.09219
82770 0 0.09219
83370 0 0.09219
83970 0 0.09219
84570 0 0.09219
85170 0 0.09219
85770 0 0.09219
86370 0 0.09219


Original_Seperation_of_Misrepair
# Separation (nm) | Normalised Frequency
13 1


Time_of_Misrepair_Interactions
# Time of Interaction (s) | Normalised Frequency
6.00003 1
49.0002 1
108 1
256.001 1
318.001 1
468.002 1


MSD_of_DSB
# Time (s) | MSD


Displacement_at_End
# Displacement (nm) | Normalised Frequency
75.4 0.25
98.8 0.25
104 0.25
106.6 0.25
111.8 0.25
114.4 0.125
117 0.125
124.8 0.25
137.8 0.25
140.4 0.25
143 0.25
148.2 0.25
161.2 0.25
171.6 0.25
179.4 0.25
182 0.125
184.6 0.25
189.8 0.25
195 0.375
200.2 0.25
202.8 0.375
213.2 0.125
215.8 0.375
221 0.125
223.6 0.25
226.2 0.25
236.6 0.25
244.4 0.25
249.6 0.375
252.2 0.25
257.4 0.125
265.2 0.75
270.4 0.125
273 0.125
283.4 0.375
288.6 0.125
312 0.25
314.6 0.125
317.2 0.125
319.8 0.125
322.4 0.625
327.6 0.25
338 0.5
340.6 0.25
343.2 0.25
353.6 0.625
358.8 0.5
361.4 0.125
369.2 0.125
371.8 0.25
374.4 0.25
379.6 0.625
382.2 0.625
387.4 0.125
390 0.25
392.6 0.5
395.2 0.875
397.8 0.75
400.4 0.5
405.6 0.5
408.2 0.375
410.8 0.25
418.6 0.25
421.2 0.375
426.4 0.25
431.6 0.25
434.2 0.375
439.4 1
444.6 0.25
449.8 0.5
452.4 0.125
455 0.25
457.6 0.375
460.2 0.25
462.8 0.25
473.2 0.25
475.8 0.125
478.4 0.375
481 0.25
483.6 0.5
488.8 0.25
494 0.5
496.6 0.5
501.8 0.125
504.4 0.5
507 0.25
509.6 0.125
512.2 0.625
514.8 0.5
522.6 0.5
525.2 0.125
533 0.5
535.6 0.5
538.2 0.5
540.8 0.25
543.4 0.25
556.4 0.25
559 0.5
561.6 0.5
564.2 0.25
566.8 0.75
569.4 0.375
572 0.5
574.6 0.5
577.2 0.625
579.8 0.25
582.4 0.625
585 0.5
592.8 0.25
595.4 0.5
598 0.5
605.8 0.25
608.4 0.25
611 0.375
618.8 0.25
631.8 0.625
637 0.25
642.2 0.25
647.4 0.5
652.6 0.5
655.2 0.125
657.8 0.25
660.4 0.25
663 0.25
665.6 0.5
676 0.25
678.6 0.5
681.2 0.75
683.8 0.375
686.4 0.125
689 0.125
691.6 0.25
694.2 0.5
696.8 0.5
699.4 0.375
707.2 0.25
709.8 0.75
712.4 0.25
715 0.125
722.8 0.25
725.4 0.125
728 0.25
730.6 0.25
735.8 0.5
741 0.375
746.2 0.5
754 0.5
756.6 0.375
764.4 0.5
767 0.125
769.6 0.25
782.6 0.25
785.2 0.25
787.8 0.5
790.4 0.5
795.6 0.125
798.2 0.25
808.6 0.125
811.2 0.25
813.8 0.25
816.4 0.125
824.2 0.25
826.8 0.5
832 0.25
834.6 0.25
837.2 0.25
839.8 0.25
842.4 0.25
845 0.25
850.2 0.375
852.8 0.125
855.4 0.25
863.2 0.25
865.8 0.25
871 0.25
876.2 0.25
881.4 0.125
884 0.125
889.2 0.125
891.8 0.125
897 0.25
904.8 0.25
910 0.25
912.6 0.25
923 0.5
925.6 0.125
943.8 0.125
946.4 0.25
951.6 0.25
954.2 0.25
956.8 0.25
959.4 0.25
962 0.125
964.6 0.25
975 0.25
980.2 0.375
985.4 0.25
988 0.5
998.4 0.375
1003.6 0.5
1011.4 0.25
1014 0.25
1021.8 0.25
1027 0.5
1032.2 0.25
1037.4 0.25
1040 0.25
1045.2 0.25
1053 0.5
1066 0.25
1068.6 0.25
1079 0.25
1084.2 0.125
1089.4 0.25
1094.6 0.375
1105 0.5
1107.6 0.375
1115.4 0.25
1118 0.5
1120.6 0.5
1123.2 0.5
1128.4 0.375
1131 0.5
1138.8 0.375
1141.4 0.25
1151.8 0.25
1159.6 0.25
1172.6 0.25
1175.2 0.125
1177.8 0.125
1180.4 0.25
1188.2 0.125
1190.8 0.5
1196 0.25
1201.2 0.375
1209 0.25
1211.6 0.5
1219.4 0.25
1224.6 0.375
1240.2 0.125
1242.8 0.25
1248 0.5
1266.2 0.25
1281.8 0.25
1305.2 0.125
1313 0.125
1318.2 0.125
1320.8 0.5
1326 0.25
1331.2 0.25
1344.2 0.25
1354.6 0.25
1370.2 0.25
1372.8 0.125
1375.4 0.25
1383.2 0.25
1385.8 0.125
1391 0.125
1404 0.25
1414.4 0.25
1435.2 0.75
1437.8 0.375
1443 0.25
1458.6 0.125
1471.6 0.25
1489.8 0.25
1495 0.25
1500.2 0.25
1508 0.125
1510.6 0.25
1513.2 0.25
1518.4 0.125
1528.8 0.25
1541.8 0.125
1557.4 0.25
1567.8 0.25
1583.4 0.5
1593.8 0.25
1604.2 0.25
1609.4 0.25
1653.6 0.25
1661.4 0.25
1664 0.25
1687.4 0.25
1703 0.375
1718.6 0.25
1729 0.25
1736.8 0.25
1755 0.25
1778.4 0.25
1827.8 0.125
1830.4 0.25
1856.4 0.125
1877.2 0.25
1939.6 0.25
1947.4 0.25
1957.8 0.25
1968.2 0.25
1981.2 0.125
1983.8 0.25
1991.6 0.125
1999.4 0.25
2012.4 0.25
2059.2 0.25
2080 0.25
2119 0.25
2121.6 0.25
2147.6 0.25
2176.2 0.25
2197 0.25
2262 0.25
2368.6 0.25
2464.8 0.25
2542.8 0.25
2563.6 0.25
2724.8 0.25
2766.4 0.25
3190.2 0.25


Displacement_of_ResidualEnds
114.4 0.5
117 0.5
171.6 1
182 0.5
195 0.5
202.8 0.5
213.2 0.5
215.8 0.5
221 0.5
249.6 0.5
257.4 0.5
270.4 0.5
273 0.5
283.4 0.5
288.6 0.5
314.6 0.5
317.2 0.5
319.8 0.5
322.4 0.5
338 1
353.6 0.5
361.4 0.5
369.2 0.5
379.6 0.5
382.2 0.5
387.4 0.5
395.2 0.5
397.8 1
408.2 0.5
421.2 0.5
434.2 0.5
452.4 0.5
457.6 0.5
475.8 0.5
478.4 0.5
481 1
501.8 0.5
509.6 0.5
512.2 0.5
525.2 0.5
561.6 1
566.8 1
569.4 0.5
574.6 0.5
577.2 0.5
611 0.5
631.8 0.5
655.2 0.5
683.8 0.5
686.4 0.5
689 0.5
699.4 0.5
715 0.5
730.6 0.5
741 0.5
756.6 0.5
767 0.5
795.6 0.5
808.6 0.5
811.2 1
816.4 0.5
850.2 0.5
852.8 0.5
881.4 0.5
884 0.5
889.2 0.5
891.8 0.5
925.6 0.5
943.8 0.5
962 0.5
980.2 0.5
998.4 0.5
1084.2 0.5
1094.6 0.5
1107.6 0.5
1128.4 0.5
1138.8 0.5
1175.2 0.5
1177.8 0.5
1188.2 0.5
1201.2 0.5
1224.6 0.5
1240.2 0.5
1305.2 0.5
1313 0.5
1318.2 0.5
1331.2 1
1372.8 0.5
1385.8 0.5
1391 0.5
1437.8 0.5
1458.6 0.5
1508 0.5
1510.6 1
1518.4 0.5
1541.8 0.5
1703 0.5
1827.8 0.5
1856.4 0.5
1981.2 0.5
1991.6 0.5


Displacement_of_ResidualSyn


