#Time | Normalised to Self | SEM_NTS | Normalised to Initial DSBs | SEM_NTI
Ku_Recruitment
0 0 0
0.0166667 0.444052 0.0352934
0.0333333 0.523145 0.0200564
0.05 0.585779 0.0458048
0.0666667 0.640294 0.0488316
0.0833333 0.675511 0.034304
0.1 0.721035 0.0242228
0.116667 0.749117 0.0235313
0.133333 0.784002 0.0196886
0.15 0.812084 0.0209322
0.166667 0.843464 0.0190779
0.183333 0.854436 0.0396187
0.2 0.866393 0.0276272
0.216667 0.889321 0.0297219
0.233333 0.89514 0.0259655
0.25 0.900293 0.0253815
0.266667 0.910933 0.0265413
0.283333 0.921573 0.0430536
0.3 0.927059 0.0420924
0.316667 0.92124 0.0465995
0.333333 0.934845 0.0571249
0.35 0.926726 0.0526864
0.366667 0.945818 0.0540039
0.383333 0.961611 0.0461921
0.4 0.961611 0.04218
0.416667 0.96326 0.0438704
0.433333 0.973567 0.0564886
0.45 0.968081 0.0523184
0.466667 0.973567 0.0492984
0.483333 0.984207 0.0563344
0.5 0.984207 0.046624
0.516667 0.994846 0.0510022
0.533333 0.994846 0.0432915
0.55 1 0.0441615
0.566667 0.989693 0.0295316
0.583333 0.98289 0.0328561
0.6 0.989693 0.033553
0.616667 0.989693 0.0295316
0.633333 0.996496 0.030305
0.65 0.969285 0.0313887
0.666667 0.964131 0.0268143
0.683333 0.964131 0.0295457
0.7 0.970934 0.0276638
0.716667 0.965448 0.033416
0.733333 0.97225 0.0333388
0.75 0.984539 0.0415155
0.766667 0.985856 0.0419122
0.783333 0.985856 0.033786
0.8 0.99101 0.0348087
0.816667 0.99101 0.0348087
0.833333 0.99101 0.0399944
0.85 0.980702 0.0380392
0.866667 0.985856 0.039359
0.883333 0.968746 0.0324738
0.9 0.970395 0.0373274
0.916667 0.970395 0.0340295
0.933333 0.965242 0.0394503
0.95 0.965242 0.037069
0.966667 0.970395 0.0477541
0.983333 0.980702 0.0439494
1 0.987505 0.0413211


PKcs_Recruitment
0 0 0
0.0166667 0.208735 0.0220025
0.0333333 0.375566 0.0102593
0.05 0.461907 0.0336958
0.0666667 0.572283 0.0350657
0.0833333 0.636231 0.027021
0.1 0.675822 0.00944057
0.116667 0.707906 0.0156085
0.133333 0.746494 0.0147155
0.15 0.790055 0.009859
0.166667 0.811111 0.013715
0.183333 0.830301 0.0383785
0.2 0.853348 0.0277288
0.216667 0.877719 0.028306
0.233333 0.888748 0.0236553
0.25 0.888748 0.0236553
0.266667 0.893928 0.022292
0.283333 0.893928 0.0388266
0.3 0.905291 0.0399802
0.316667 0.904957 0.044809
0.333333 0.93285 0.0570122
0.35 0.931527 0.0529593
0.366667 0.931527 0.0529593
0.383333 0.942222 0.0456774
0.4 0.961412 0.0420809
0.416667 0.956232 0.0436627
0.433333 0.96307 0.0546131
0.45 0.962401 0.052316
0.466667 0.97343 0.0492823
0.483333 0.97861 0.0563724
0.5 0.984125 0.0465784
0.516667 0.989305 0.050986
0.533333 0.99482 0.0432064
0.55 1 0.044087
0.566667 0.99482 0.0296846
0.583333 0.987982 0.0330263
0.6 0.987982 0.0330263
0.616667 0.99482 0.0296846
0.633333 0.99482 0.0296846
0.65 0.974306 0.0315513
0.666667 0.969126 0.0269532
0.683333 0.963945 0.0292435
0.7 0.969126 0.0269532
0.716667 0.964935 0.0331334
0.733333 0.964935 0.0329175
0.75 0.970449 0.0399927
0.766667 0.971773 0.0404086
0.783333 0.990963 0.0339611
0.8 0.990963 0.0346034
0.816667 0.990963 0.0346034
0.833333 0.996143 0.0402016
0.85 0.985783 0.0382362
0.866667 0.985783 0.0392222
0.883333 0.966926 0.0319177
0.9 0.970242 0.0371615
0.916667 0.975422 0.0342057
0.933333 0.965062 0.0393148
0.95 0.970242 0.037261
0.966667 0.970242 0.0477211
0.983333 0.975422 0.042945
1 0.980602 0.0410731


XRCC4_Recruitment
0 0 0
0.0166667 0 0
0.0333333 0 0
0.05 0 0
0.0666667 0 0
0.0833333 0 0
0.1 0 0
0.116667 0 0
0.133333 0 0
0.15 0 0
0.166667 0.0184885 0.0184885
0.183333 0.0184885 0.0184885
0.2 0.0184885 0.0184885
0.216667 0.0184885 0.0184885
0.233333 0.0184885 0.0184885
0.25 0.0184885 0.0184885
0.266667 0.0184885 0.0184885
0.283333 0.0184885 0.0184885
0.3 0.0184885 0.0184885
0.316667 0.0184885 0.0184885
0.333333 0.0184885 0.0184885
0.35 0.0184885 0.0184885
0.366667 0.0184885 0.0184885
0.383333 0.0184885 0.0184885
0.4 0.0184885 0.0184885
0.416667 0.0184885 0.0184885
0.433333 0.0184885 0.0184885
0.45 0.0381698 0.0191128
0.466667 0.0566582 0.0320452
0.483333 0.0763395 0.0382256
0.5 0.0763395 0.0382256
0.516667 0.094828 0.0494223
0.533333 0.094828 0.0494223
0.55 0.094828 0.0494223
0.566667 0.119233 0.0269054
0.583333 0.119233 0.0269054
0.6 0.119233 0.0269054
0.616667 0.119233 0.0269054
0.633333 0.119233 0.0269054
0.65 0.119233 0.0269054
0.666667 0.119233 0.0269054
0.683333 0.119233 0.0269054
0.7 0.119233 0.0269054
0.716667 0.119233 0.0269054
0.733333 0.143638 0.0140151
0.75 0.163319 0.00899571
0.766667 0.187724 0.0162578
0.783333 0.206212 0.0145544
0.8 0.224701 0.0290343
0.816667 0.224701 0.0290343
0.833333 0.224701 0.0290343
0.85 0.224701 0.0290343
0.866667 0.244382 0.01715
0.883333 0.244382 0.01715
0.9 0.244382 0.01715
0.916667 0.244382 0.01715
0.933333 0.244382 0.01715
0.95 0.244382 0.01715
0.966667 0.26287 0.0352853
0.983333 0.26287 0.0352853
1 0.26287 0.0352853
1.16667 0.287275 0.0280303
1.33333 0.342741 0.0799172
1.5 0.367145 0.0759274
1.66667 0.39155 0.0795887
1.83333 0.47853 0.0920927
2 0.498211 0.0725302
2.16667 0.537573 0.0338215
2.33333 0.598955 0.0633313
2.5 0.618636 0.0436632
2.66667 0.685934 0.081012
2.83333 0.722911 0.0960663
3 0.786679 0.0699043
3.16667 0.867742 0.079649
3.33333 0.867742 0.079649
3.5 0.907104 0.0403267
3.66667 0.888616 0.036139
3.83333 0.907104 0.0403267
4 0.925593 0.0512845
4.16667 0.926786 0.0207229
4.33333 0.926786 0.0207229
4.5 0.907104 0.0403267
4.66667 0.945274 0.032702
4.83333 0.95119 0.0404374
5 1 0.0872939


DSB_Residual
0 15.1991 0 1 0
0.0166667 15.1991 0 1 0
0.0333333 15.1991 0 1 0
0.05 15.1991 0 1 0
0.0666667 15.1991 0 1 0
0.0833333 15.1991 0 1 0
0.1 15.1991 0 1 0
0.116667 15.1991 0 1 0
0.133333 15.1991 0 1 0
0.15 15.1991 0 1 0
0.166667 15.1991 0 1 0
0.183333 15.1991 0 1 0
0.2 15.1991 0 1 0
0.216667 15.1991 0 1 0
0.233333 15.1991 0 1 0
0.25 15.1991 0 1 0
0.266667 15.1991 0 1 0
0.283333 15.1991 0 1 0
0.3 15.1991 0 1 0
0.316667 15.1991 0 1 0
0.333333 15.1991 0 1 0
0.35 15.1991 0 1 0
0.366667 15.1991 0 1 0
0.383333 15.1991 0 1 0
0.4 15.1991 0 1 0
0.416667 15.1991 0 1 0
0.433333 15.1991 0 1 0
0.45 15.1991 0 1 0
0.466667 15.1991 0 1 0
0.483333 15.1991 0 1 0
0.5 15.1991 0 1 0
0.516667 15.1991 0 1 0
0.533333 15.1991 0 1 0
0.55 15.1991 0 1 0
0.566667 15.1991 0 1 0
0.583333 15.1991 0 1 0
0.6 15.1991 0 1 0
0.616667 15.1991 0 1 0
0.633333 15.1991 0 1 0
0.65 15.1991 0 1 0
0.666667 15.1991 0 1 0
0.683333 15.1991 0 1 0
0.7 15.1991 0 1 0
0.716667 15.1991 0 1 0
0.733333 15.1991 0 1 0
0.75 15.1991 0 1 0
0.766667 15.1991 0 1 0
0.783333 15.1991 0 1 0
0.8 15.1991 0 1 0
0.816667 15.1991 0 1 0
0.833333 15.1991 0 1 0
0.85 15.1991 0 1 0
0.866667 15.1991 0 1 0
0.883333 15.1991 0 1 0
0.9 15.1991 0 1 0
0.916667 15.1991 0 1 0
0.933333 15.1991 0 1 0
0.95 15.1991 0 1 0
0.966667 15.1991 0 1 0
0.983333 15.1991 0 1 0
1 15.1991 0 1 0
1.16667 15.1991 0 1 0
1.33333 15.1991 0 1 0
1.5 15.1991 0 1 0
1.66667 15.1991 0 1 0
1.83333 15.1991 0 1 0
2 15.1991 0 1 0
2.16667 15.1991 0 1 0
2.33333 15.1991 0 1 0
2.5 15.1991 0 1 0
2.66667 15.1991 0 1 0
2.83333 15.1991 0 1 0
3 15.1991 0 1 0
3.16667 15.1991 0 1 0
3.33333 15.1991 0 1 0
3.5 15.1991 0 1 0
3.66667 15.0456 0.153526 0.989899 0.010101
3.83333 15.0456 0.153526 0.989899 0.010101
4 14.8429 0.183102 0.976566 0.0120469
4.16667 14.6894 0.270415 0.966465 0.0177915
4.33333 14.6894 0.270415 0.966465 0.0177915
4.5 14.526 0.128578 0.955712 0.00845956
4.66667 14.526 0.128578 0.955712 0.00845956
4.83333 14.3724 0.279607 0.945611 0.0183963
5 14.3724 0.279607 0.945611 0.0183963
5.16667 14.3724 0.279607 0.945611 0.0183963
5.33333 14.3724 0.279607 0.945611 0.0183963
5.5 14.3724 0.279607 0.945611 0.0183963
5.66667 14.2189 0.432398 0.93551 0.028449
5.83333 14.2189 0.432398 0.93551 0.028449
6 14.0162 0.390645 0.922177 0.0257019
6.16667 14.0162 0.390645 0.922177 0.0257019
6.33333 14.0162 0.390645 0.922177 0.0257019
6.5 14.0162 0.390645 0.922177 0.0257019
6.66667 14.0162 0.390645 0.922177 0.0257019
6.83333 14.0162 0.390645 0.922177 0.0257019
7 14.0162 0.390645 0.922177 0.0257019
7.16667 14.0162 0.390645 0.922177 0.0257019
7.33333 14.0162 0.390645 0.922177 0.0257019
7.5 13.8627 0.526706 0.912076 0.0346538
7.66667 13.3431 0.514924 0.877889 0.0338786
7.83333 13.3431 0.514924 0.877889 0.0338786
8 13.3431 0.514924 0.877889 0.0338786
8.16667 13.3431 0.514924 0.877889 0.0338786
8.33333 13.3431 0.514924 0.877889 0.0338786
8.5 13.3431 0.514924 0.877889 0.0338786
8.66667 13.3431 0.514924 0.877889 0.0338786
8.83333 13.1896 0.654248 0.867788 0.0430452
9 12.8235 0.506878 0.843702 0.0333492
9.16667 12.8235 0.506878 0.843702 0.0333492
9.33333 12.8235 0.506878 0.843702 0.0333492
9.5 12.8235 0.506878 0.843702 0.0333492
9.66667 12.67 0.640902 0.833601 0.0421671
9.83333 12.67 0.640902 0.833601 0.0421671
10 12.5164 0.782129 0.8235 0.051459
11 12.353 0.663623 0.812747 0.043662
12 11.9869 0.496476 0.788661 0.0326649
13 11.5065 0.470446 0.757054 0.0309522
14 10.9869 0.434392 0.722867 0.0285801
15 10.6208 0.248224 0.698781 0.0163315
16 10.6208 0.248224 0.698781 0.0163315
17 9.68601 0.298582 0.637276 0.0196447
18 9.68601 0.298582 0.637276 0.0196447
19 9.53249 0.210094 0.627175 0.0138228
20 9.21553 0.0566488 0.606321 0.00372712
21 9.062 0.165492 0.59622 0.0108883
22 8.90848 0.314176 0.586119 0.0206707
23 8.59152 0.390197 0.565266 0.0256724
24 7.70582 0.169139 0.506993 0.0111283
25 6.82013 0.0675015 0.448719 0.00444116
26 6.82013 0.0675015 0.448719 0.00444116
27 6.49326 0.311481 0.427214 0.0204934
28 6.49326 0.311481 0.427214 0.0204934
29 6.13708 0.165492 0.40378 0.0108883
30 5.93443 0.283017 0.390446 0.0186207
31 5.40491 0.521716 0.355608 0.0343255
32 5.40491 0.521716 0.355608 0.0343255
33 5.08796 0.468251 0.334754 0.0308079
34 5.08796 0.468251 0.334754 0.0308079
35 4.8853 0.552967 0.321421 0.0363816
36 4.73177 0.400155 0.31132 0.0263275
37 4.57825 0.248224 0.301219 0.0163315
38 4.06854 0.224098 0.267683 0.0147442
39 4.06854 0.224098 0.267683 0.0147442
40 3.91502 0.249039 0.257582 0.0163851
41 3.91502 0.249039 0.257582 0.0163851
42 3.76149 0.347795 0.247481 0.0228826
43 3.55884 0.430202 0.234148 0.0283044
44 3.19275 0.430552 0.210062 0.0283275
45 3.19275 0.430552 0.210062 0.0283275
46 3.19275 0.430552 0.210062 0.0283275
47 2.9901 0.616963 0.196729 0.0405921
48 2.9901 0.616963 0.196729 0.0405921
49 2.9901 0.616963 0.196729 0.0405921
50 2.9901 0.616963 0.196729 0.0405921
51 2.9901 0.616963 0.196729 0.0405921
52 2.9901 0.616963 0.196729 0.0405921
53 2.82666 0.504969 0.185976 0.0332237
54 2.62401 0.706597 0.172643 0.0464894
55 2.62401 0.706597 0.172643 0.0464894
56 2.46058 0.627638 0.16189 0.0412945
57 2.46058 0.627638 0.16189 0.0412945
58 2.46058 0.627638 0.16189 0.0412945
59 2.30705 0.547985 0.151789 0.0360538
60 2.30705 0.547985 0.151789 0.0360538
70 1.9901 0.389453 0.130935 0.0256234
80 1.9901 0.389453 0.130935 0.0256234
90 1.83657 0.356681 0.120834 0.0234673
100 1.83657 0.356681 0.120834 0.0234673
110 1.68304 0.387182 0.110733 0.025474
120 1.68304 0.387182 0.110733 0.025474
130 1.68304 0.387182 0.110733 0.025474
140 1.68304 0.387182 0.110733 0.025474
150 1.68304 0.387182 0.110733 0.025474
160 1.68304 0.387182 0.110733 0.025474
170 1.68304 0.387182 0.110733 0.025474
180 1.68304 0.387182 0.110733 0.025474
190 1.68304 0.387182 0.110733 0.025474
200 1.68304 0.387182 0.110733 0.025474
210 1.52952 0.468763 0.100632 0.0308415
220 1.52952 0.468763 0.100632 0.0308415
230 1.32686 0.569524 0.0872988 0.0374709
240 1.16343 0.408989 0.0765461 0.0269088
250 1.16343 0.408989 0.0765461 0.0269088
260 1.16343 0.408989 0.0765461 0.0269088
270 1.16343 0.408989 0.0765461 0.0269088
280 1.16343 0.408989 0.0765461 0.0269088
290 1.16343 0.408989 0.0765461 0.0269088
300 1.16343 0.408989 0.0765461 0.0269088
310 1.16343 0.408989 0.0765461 0.0269088
320 1.16343 0.408989 0.0765461 0.0269088
330 1.16343 0.408989 0.0765461 0.0269088
340 1.16343 0.408989 0.0765461 0.0269088
350 1.16343 0.408989 0.0765461 0.0269088
360 1.16343 0.408989 0.0765461 0.0269088
370 1.16343 0.408989 0.0765461 0.0269088
380 1.16343 0.408989 0.0765461 0.0269088
390 1.16343 0.408989 0.0765461 0.0269088
400 1.16343 0.408989 0.0765461 0.0269088
410 1.16343 0.408989 0.0765461 0.0269088
420 1.16343 0.408989 0.0765461 0.0269088
430 1.16343 0.408989 0.0765461 0.0269088
440 1.16343 0.408989 0.0765461 0.0269088
450 1.16343 0.408989 0.0765461 0.0269088
460 1.16343 0.408989 0.0765461 0.0269088
470 1.16343 0.408989 0.0765461 0.0269088
480 1.16343 0.408989 0.0765461 0.0269088
490 1.16343 0.408989 0.0765461 0.0269088
500 1.16343 0.408989 0.0765461 0.0269088
510 1.16343 0.408989 0.0765461 0.0269088
520 1.16343 0.408989 0.0765461 0.0269088
530 1.16343 0.408989 0.0765461 0.0269088
540 1.16343 0.408989 0.0765461 0.0269088
550 1.16343 0.408989 0.0765461 0.0269088
560 1.16343 0.408989 0.0765461 0.0269088
570 1.16343 0.408989 0.0765461 0.0269088
580 1.16343 0.408989 0.0765461 0.0269088
590 1.16343 0.408989 0.0765461 0.0269088
600 1.16343 0.408989 0.0765461 0.0269088
610 1.16343 0.408989 0.0765461 0.0269088
620 1.16343 0.408989 0.0765461 0.0269088
630 1.16343 0.408989 0.0765461 0.0269088
640 1.16343 0.408989 0.0765461 0.0269088
650 1.16343 0.408989 0.0765461 0.0269088
660 1.16343 0.408989 0.0765461 0.0269088
670 1.16343 0.408989 0.0765461 0.0269088
680 1.16343 0.408989 0.0765461 0.0269088
690 1.16343 0.408989 0.0765461 0.0269088
700 1.16343 0.408989 0.0765461 0.0269088
710 1 0.252202 0.0657934 0.0165933
720 1 0.252202 0.0657934 0.0165933
730 1 0.252202 0.0657934 0.0165933
740 1 0.252202 0.0657934 0.0165933
750 1 0.252202 0.0657934 0.0165933
760 1 0.252202 0.0657934 0.0165933
770 1 0.252202 0.0657934 0.0165933
780 1 0.252202 0.0657934 0.0165933
790 1 0.252202 0.0657934 0.0165933
800 1 0.252202 0.0657934 0.0165933
810 1 0.252202 0.0657934 0.0165933
820 1 0.252202 0.0657934 0.0165933
830 1 0.252202 0.0657934 0.0165933
840 1 0.252202 0.0657934 0.0165933
850 1 0.252202 0.0657934 0.0165933
860 1 0.252202 0.0657934 0.0165933
870 1 0.252202 0.0657934 0.0165933
880 1 0.252202 0.0657934 0.0165933
890 1 0.252202 0.0657934 0.0165933
900 1 0.252202 0.0657934 0.0165933
910 1 0.252202 0.0657934 0.0165933
920 1 0.252202 0.0657934 0.0165933
930 1 0.252202 0.0657934 0.0165933
940 1 0.252202 0.0657934 0.0165933
950 1 0.252202 0.0657934 0.0165933
960 1 0.252202 0.0657934 0.0165933
970 1 0.252202 0.0657934 0.0165933
980 1 0.252202 0.0657934 0.0165933
990 1 0.252202 0.0657934 0.0165933
1000 1 0.252202 0.0657934 0.0165933
1010 1 0.252202 0.0657934 0.0165933
1020 1 0.252202 0.0657934 0.0165933
1030 1 0.252202 0.0657934 0.0165933
1040 1 0.252202 0.0657934 0.0165933
1050 1 0.252202 0.0657934 0.0165933
1060 1 0.252202 0.0657934 0.0165933
1070 1 0.252202 0.0657934 0.0165933
1080 1 0.252202 0.0657934 0.0165933
1090 1 0.252202 0.0657934 0.0165933
1100 1 0.252202 0.0657934 0.0165933
1110 1 0.252202 0.0657934 0.0165933
1120 1 0.252202 0.0657934 0.0165933
1130 1 0.252202 0.0657934 0.0165933
1140 1 0.252202 0.0657934 0.0165933
1150 1 0.252202 0.0657934 0.0165933
1160 1 0.252202 0.0657934 0.0165933
1170 1 0.252202 0.0657934 0.0165933
1180 1 0.252202 0.0657934 0.0165933
1190 1 0.252202 0.0657934 0.0165933
1200 1 0.252202 0.0657934 0.0165933
1210 1 0.252202 0.0657934 0.0165933
1220 1 0.252202 0.0657934 0.0165933
1230 1 0.252202 0.0657934 0.0165933
1240 1 0.252202 0.0657934 0.0165933
1250 1 0.252202 0.0657934 0.0165933
1260 1 0.252202 0.0657934 0.0165933
1270 1 0.252202 0.0657934 0.0165933
1280 1 0.252202 0.0657934 0.0165933
1290 1 0.252202 0.0657934 0.0165933
1300 1 0.252202 0.0657934 0.0165933
1310 1 0.252202 0.0657934 0.0165933
1320 1 0.252202 0.0657934 0.0165933
1330 1 0.252202 0.0657934 0.0165933
1340 1 0.252202 0.0657934 0.0165933
1350 1 0.252202 0.0657934 0.0165933
1360 1 0.252202 0.0657934 0.0165933
1370 1 0.252202 0.0657934 0.0165933
1380 1 0.252202 0.0657934 0.0165933
1390 1 0.252202 0.0657934 0.0165933
1400 1 0.252202 0.0657934 0.0165933
1410 1 0.252202 0.0657934 0.0165933
1420 1 0.252202 0.0657934 0.0165933
1430 1 0.252202 0.0657934 0.0165933
1440 1 0.252202 0.0657934 0.0165933


DSBEnd
0 1 0 1 0
0.0166667 0.118051 0.0394242 0.118051 0.0394242
0.0333333 0.0750407 0.0125306 0.0750407 0.0125306
0.05 0.0588009 0.0194517 0.0588009 0.0194517
0.0666667 0.0328967 0.00829663 0.0328967 0.00829663
0.0833333 0.0411795 0.0134389 0.0411795 0.0134389
0.1 0.0496644 0.00598264 0.0496644 0.00598264
0.116667 0.0563311 0.00397583 0.0563311 0.00397583
0.133333 0.0328967 0.00829663 0.0328967 0.00829663
0.15 0.0291365 0.00734098 0.0291365 0.00734098
0.166667 0.0345129 0.00997885 0.0345129 0.00997885
0.183333 0.0259042 0.0135007 0.0259042 0.0135007
0.2 0.0436494 0.0187355 0.0436494 0.0187355
0.216667 0.0104268 0.00522106 0.0104268 0.00522106
0.233333 0.0205279 0.0133047 0.0205279 0.0133047
0.25 0.00537634 0.00537634 0.00537634 0.00537634
0.266667 0.00505051 0.00505051 0.00505051 0.00505051
0.283333 0.0104268 0.00522106 0.0104268 0.00522106
0.3 0.00666667 0.00666667 0.00666667 0.00666667
0.316667 0.0187097 0.0116189 0.0187097 0.0116189
0.333333 0.012043 0.00612431 0.012043 0.00612431
0.35 0.012043 0.00612431 0.012043 0.00612431
0.366667 0.022144 0.00422978 0.022144 0.00422978
0.383333 0.0183838 0.0116596 0.0183838 0.0116596
0.4 0.0183838 0.0116596 0.0183838 0.0116596
0.416667 0.00505051 0.00505051 0.00505051 0.00505051
0.433333 0.00666667 0.00666667 0.00666667 0.00666667
0.45 0.012043 0.00612431 0.012043 0.00612431
0.466667 0.0104268 0.00522106 0.0104268 0.00522106
0.483333 0 0 0 0
0.5 0.0154774 0.0087538 0.0154774 0.0087538
0.516667 0 0 0 0
0.533333 0.00666667 0.00666667 0.00666667 0.00666667
0.55 0.00666667 0.00666667 0.00666667 0.00666667
0.566667 0.010101 0.010101 0.010101 0.010101
0.583333 0.00666667 0.00666667 0.00666667 0.00666667
0.6 0.0133333 0.0133333 0.0133333 0.0133333
0.616667 0.00666667 0.00666667 0.00666667 0.00666667
0.633333 0.00505051 0.00505051 0.00505051 0.00505051
0.65 0.00666667 0.00666667 0.00666667 0.00666667
0.666667 0 0 0 0
0.683333 0.00505051 0.00505051 0.00505051 0.00505051
0.7 0.0133333 0.0133333 0.0133333 0.0133333
0.716667 0 0 0 0
0.733333 0.0104268 0.00522106 0.0104268 0.00522106
0.75 0.00505051 0.00505051 0.00505051 0.00505051
0.766667 0 0 0 0
0.783333 0.0117172 0.00602346 0.0117172 0.00602346
0.8 0 0 0 0
0.816667 0 0 0 0
0.833333 0 0 0 0
0.85 0.00666667 0.00666667 0.00666667 0.00666667
0.866667 0 0 0 0
0.883333 0.00666667 0.00666667 0.00666667 0.00666667
0.9 0 0 0 0
0.916667 0 0 0 0
0.933333 0.0167677 0.00889577 0.0167677 0.00889577
0.95 0.00505051 0.00505051 0.00505051 0.00505051
0.966667 0 0 0 0
0.983333 0 0 0 0
1 0 0 0 0
1.16667 0.00537634 0.00537634 0.00537634 0.00537634
1.33333 0 0 0 0
1.5 0.00537634 0.00537634 0.00537634 0.00537634
1.66667 0.00537634 0.00537634 0.00537634 0.00537634
1.83333 0.00537634 0.00537634 0.00537634 0.00537634
2 0.010101 0.010101 0.010101 0.010101
2.16667 0 0 0 0
2.33333 0.0167677 0.00889577 0.0167677 0.00889577
2.5 0 0 0 0
2.66667 0.00537634 0.00537634 0.00537634 0.00537634
2.83333 0.00505051 0.00505051 0.00505051 0.00505051
3 0.00505051 0.00505051 0.00505051 0.00505051
3.16667 0.00505051 0.00505051 0.00505051 0.00505051
3.33333 0.00505051 0.00505051 0.00505051 0.00505051
3.5 0 0 0 0
3.66667 0 0 0 0
3.83333 0 0 0 0
4 0 0 0 0
4.16667 0 0 0 0
4.33333 0 0 0 0
4.5 0.00537634 0.00537634 0.00537634 0.00537634
4.66667 0.00537634 0.00537634 0.00537634 0.00537634
4.83333 0 0 0 0
5 0 0 0 0
5.16667 0 0 0 0
5.33333 0 0 0 0
5.5 0 0 0 0
5.66667 0 0 0 0
5.83333 0 0 0 0
6 0 0 0 0
6.16667 0 0 0 0
6.33333 0 0 0 0
6.5 0 0 0 0
6.66667 0 0 0 0
6.83333 0.00505051 0.00505051 0.00505051 0.00505051
7 0 0 0 0
7.16667 0 0 0 0
7.33333 0.00537634 0.00537634 0.00537634 0.00537634
7.5 0 0 0 0
7.66667 0 0 0 0
7.83333 0 0 0 0
8 0 0 0 0
8.16667 0.00505051 0.00505051 0.00505051 0.00505051
8.33333 0 0 0 0
8.5 0 0 0 0
8.66667 0.00505051 0.00505051 0.00505051 0.00505051
8.83333 0 0 0 0
9 0 0 0 0
9.16667 0 0 0 0
9.33333 0 0 0 0
9.5 0 0 0 0
9.66667 0 0 0 0
9.83333 0 0 0 0
10 0.00537634 0.00537634 0.00537634 0.00537634
11 0 0 0 0
12 0 0 0 0
13 0 0 0 0
14 0 0 0 0
15 0 0 0 0
16 0 0 0 0
17 0 0 0 0
18 0 0 0 0
19 0 0 0 0
20 0 0 0 0
21 0 0 0 0
22 0 0 0 0
23 0 0 0 0
24 0 0 0 0
25 0 0 0 0
26 0 0 0 0
27 0 0 0 0
28 0 0 0 0
29 0 0 0 0
30 0 0 0 0
31 0 0 0 0
32 0 0 0 0
33 0 0 0 0
34 0 0 0 0
35 0 0 0 0
36 0 0 0 0
37 0 0 0 0
38 0 0 0 0
39 0 0 0 0
40 0 0 0 0
41 0 0 0 0
42 0 0 0 0
43 0 0 0 0
44 0 0 0 0
45 0 0 0 0
46 0 0 0 0
47 0 0 0 0
48 0 0 0 0
49 0 0 0 0
50 0 0 0 0
51 0 0 0 0
52 0 0 0 0
53 0 0 0 0
54 0 0 0 0
55 0 0 0 0
56 0 0 0 0
57 0 0 0 0
58 0 0 0 0
59 0 0 0 0
60 0 0 0 0
70 0 0 0 0
80 0 0 0 0
90 0 0 0 0
100 0 0 0 0
110 0 0 0 0
120 0 0 0 0
130 0 0 0 0
140 0 0 0 0
150 0 0 0 0
160 0 0 0 0
170 0 0 0 0
180 0 0 0 0
190 0 0 0 0
200 0 0 0 0
210 0 0 0 0
220 0 0 0 0
230 0 0 0 0
240 0 0 0 0
250 0 0 0 0
260 0 0 0 0
270 0 0 0 0
280 0 0 0 0
290 0 0 0 0
300 0 0 0 0
310 0 0 0 0
320 0 0 0 0
330 0 0 0 0
340 0 0 0 0
350 0 0 0 0
360 0 0 0 0
370 0 0 0 0
380 0 0 0 0
390 0 0 0 0
400 0 0 0 0
410 0 0 0 0
420 0 0 0 0
430 0 0 0 0
440 0 0 0 0
450 0 0 0 0
460 0 0 0 0
470 0 0 0 0
480 0 0 0 0
490 0 0 0 0
500 0 0 0 0
510 0 0 0 0
520 0 0 0 0
530 0 0 0 0
540 0 0 0 0
550 0 0 0 0
560 0 0 0 0
570 0 0 0 0
580 0 0 0 0
590 0 0 0 0
600 0 0 0 0
610 0 0 0 0
620 0 0 0 0
630 0 0 0 0
640 0 0 0 0
650 0 0 0 0
660 0 0 0 0
670 0 0 0 0
680 0 0 0 0
690 0 0 0 0
700 0 0 0 0
710 0 0 0 0
720 0 0 0 0
730 0 0 0 0
740 0 0 0 0
750 0 0 0 0
760 0 0 0 0
770 0 0 0 0
780 0 0 0 0
790 0 0 0 0
800 0 0 0 0
810 0 0 0 0
820 0 0 0 0
830 0 0 0 0
840 0 0 0 0
850 0 0 0 0
860 0 0 0 0
870 0 0 0 0
880 0 0 0 0
890 0 0 0 0
900 0 0 0 0
910 0 0 0 0
920 0 0 0 0
930 0 0 0 0
940 0 0 0 0
950 0 0 0 0
960 0 0 0 0
970 0 0 0 0
980 0 0 0 0
990 0 0 0 0
1000 0 0 0 0
1010 0 0 0 0
1020 0 0 0 0
1030 0 0 0 0
1040 0 0 0 0
1050 0 0 0 0
1060 0 0 0 0
1070 0 0 0 0
1080 0 0 0 0
1090 0 0 0 0
1100 0 0 0 0
1110 0 0 0 0
1120 0 0 0 0
1130 0 0 0 0
1140 0 0 0 0
1150 0 0 0 0
1160 0 0 0 0
1170 0 0 0 0
1180 0 0 0 0
1190 0 0 0 0
1200 0 0 0 0
1210 0 0 0 0
1220 0 0 0 0
1230 0 0 0 0
1240 0 0 0 0
1250 0 0 0 0
1260 0 0 0 0
1270 0 0 0 0
1280 0 0 0 0
1290 0 0 0 0
1300 0 0 0 0
1310 0 0 0 0
1320 0 0 0 0
1330 0 0 0 0
1340 0 0 0 0
1350 0 0 0 0
1360 0 0 0 0
1370 0 0 0 0
1380 0 0 0 0
1390 0 0 0 0
1400 0 0 0 0
1410 0 0 0 0
1420 0 0 0 0
1430 0 0 0 0
1440 0 0 0 0


DSBEnd_Inhibited
0 0 0 0 0
0.0166667 0.977011 0.0229885 0.446777 0.0195533
0.0333333 0.900298 0.0500009 0.412278 0.0311432
0.05 0.807694 0.0767182 0.367136 0.0253787
0.0666667 0.747999 0.079309 0.339616 0.0260614
0.0833333 0.650024 0.028909 0.29682 0.0130797
0.1 0.537168 0.066142 0.243721 0.0237321
0.116667 0.4616 0.0589556 0.209534 0.0223495
0.133333 0.438612 0.0522028 0.198781 0.0163315
0.15 0.384955 0.0364777 0.175021 0.0123867
0.166667 0.302853 0.00859193 0.138892 0.00962251
0.183333 0.302271 0.0400426 0.136748 0.0118431
0.2 0.236043 0.0334433 0.107286 0.0133249
0.216667 0.259031 0.0135717 0.118038 0.00259134
0.233333 0.225626 0.0328872 0.102235 0.0115206
0.25 0.246459 0.0370452 0.112336 0.0165347
0.266667 0.225626 0.0328872 0.102235 0.0115206
0.283333 0.192221 0.0526686 0.0864321 0.0207937
0.3 0.186765 0.0420308 0.0848159 0.0182982
0.316667 0.171969 0.0170407 0.0784751 0.00765705
0.333333 0.156096 0.0157662 0.0718084 0.00963891
0.35 0.176348 0.0392672 0.0797654 0.0159071
0.366667 0.112274 0.0222595 0.0509547 0.00934996
0.383333 0.0859845 0.00852035 0.0392375 0.00382852
0.4 0.0859845 0.00852035 0.0392375 0.00382852
0.416667 0.112274 0.0222595 0.0509547 0.00934996
0.433333 0.0859845 0.00852035 0.0392375 0.00382852
0.45 0.0859845 0.00852035 0.0392375 0.00382852
0.466667 0.0799466 0.0324784 0.0354774 0.012926
0.483333 0.0799466 0.0324784 0.0354774 0.012926
0.5 0.047619 0.047619 0.02 0.02
0.516667 0.0580357 0.0433595 0.0250505 0.0180138
0.533333 0.0421627 0.0280291 0.0183838 0.0116596
0.55 0.031746 0.031746 0.0133333 0.0133333
0.566667 0.047619 0.047619 0.02 0.02
0.583333 0.0684524 0.0413466 0.030101 0.0173208
0.6 0.0367063 0.0188492 0.0167677 0.00889577
0.616667 0.0525794 0.0279368 0.0234343 0.0120469
0.633333 0.0421627 0.0280291 0.0183838 0.0116596
0.65 0.100198 0.0712699 0.0434343 0.0296047
0.666667 0.126488 0.0840873 0.0551515 0.0349787
0.683333 0.116071 0.0867191 0.050101 0.0360276
0.7 0.078869 0.0419051 0.0351515 0.0180704
0.716667 0.122109 0.060464 0.0538612 0.0245736
0.733333 0.0843254 0.0560582 0.0367677 0.0233191
0.75 0.0684524 0.0413466 0.030101 0.0173208
0.766667 0.0744903 0.0200084 0.0338612 0.00900482
0.783333 0.0482006 0.00809311 0.022144 0.00422978
0.8 0.0640736 0.0175562 0.0288107 0.00693124
0.816667 0.0640736 0.0175562 0.0288107 0.00693124
0.833333 0.0640736 0.0175562 0.0288107 0.00693124
0.85 0.0690339 0.0282388 0.032245 0.0142245
0.866667 0.0744903 0.0200084 0.0338612 0.00900482
0.883333 0.0953236 0.0351512 0.0439622 0.0173269
0.9 0.10574 0.0444833 0.0490127 0.0220525
0.916667 0.10574 0.0444833 0.0490127 0.0220525
0.933333 0.0794506 0.0385865 0.0372955 0.0192635
0.95 0.10574 0.0444833 0.0490127 0.0220525
0.966667 0.10574 0.0444833 0.0490127 0.0220525
0.983333 0.084907 0.0266358 0.0389117 0.0128509
1 0.0690339 0.0282388 0.032245 0.0142245
1.16667 0.0651512 0.01857 0.0291365 0.00734098
1.33333 0.015873 0.015873 0.00666667 0.00666667
1.5 0.031746 0.031746 0.0133333 0.0133333
1.66667 0.0482006 0.00809311 0.022144 0.00422978
1.83333 0.0367063 0.0188492 0.0167677 0.00889577
2 0.0575397 0.0364237 0.0268687 0.0178294
2.16667 0.0262897 0.0139684 0.0117172 0.00602346
2.33333 0.031746 0.031746 0.0133333 0.0133333
2.5 0.015873 0.015873 0.00666667 0.00666667
2.66667 0.0432403 0.0278394 0.0187097 0.0116189
2.83333 0.0607724 0.0218549 0.0278462 0.0103654
3 0.0334052 0.0199378 0.0158032 0.0093178
3.16667 0.0208333 0.0208333 0.010101 0.010101
3.33333 0.0229885 0.0229885 0.0107527 0.0107527
3.5 0.0219109 0.0109951 0.0104268 0.00522106
3.66667 0.0323276 0.0180743 0.0154774 0.0087538
3.83333 0.0262897 0.0139684 0.0117172 0.00602346
4 0.0262897 0.0139684 0.0117172 0.00602346
4.16667 0.015873 0.015873 0.00666667 0.00666667
4.33333 0.0448994 0.0306329 0.0211795 0.0142896
4.5 0.0273673 0.0141994 0.012043 0.00612431
4.66667 0.0114943 0.0114943 0.00537634 0.00537634
4.83333 0.0114943 0.0114943 0.00537634 0.00537634
5 0.0114943 0.0114943 0.00537634 0.00537634
5.16667 0.0503558 0.0298943 0.0227957 0.0140379
5.33333 0.0273673 0.0141994 0.012043 0.00612431
5.5 0.0273673 0.0141994 0.012043 0.00612431
5.66667 0.0114943 0.0114943 0.00537634 0.00537634
5.83333 0.0114943 0.0114943 0.00537634 0.00537634
6 0.0114943 0.0114943 0.00537634 0.00537634
6.16667 0 0 0 0
6.33333 0.015873 0.015873 0.00666667 0.00666667
6.5 0 0 0 0
6.66667 0 0 0 0
6.83333 0.0114943 0.0114943 0.00537634 0.00537634
7 0.0114943 0.0114943 0.00537634 0.00537634
7.16667 0 0 0 0
7.33333 0.0114943 0.0114943 0.00537634 0.00537634
7.5 0.0114943 0.0114943 0.00537634 0.00537634
7.66667 0.0114943 0.0114943 0.00537634 0.00537634
7.83333 0.045977 0.045977 0.0215054 0.0215054
8 0.0219109 0.0109951 0.0104268 0.00522106
8.16667 0.0114943 0.0114943 0.00537634 0.00537634
8.33333 0.0104167 0.0104167 0.00505051 0.00505051
8.5 0.0104167 0.0104167 0.00505051 0.00505051
8.66667 0.0114943 0.0114943 0.00537634 0.00537634
8.83333 0.0114943 0.0114943 0.00537634 0.00537634
9 0 0 0 0
9.16667 0 0 0 0
9.33333 0 0 0 0
9.5 0 0 0 0
9.66667 0 0 0 0
9.83333 0 0 0 0
10 0.0273673 0.0141994 0.012043 0.00612431
11 0 0 0 0
12 0 0 0 0
13 0 0 0 0
14 0 0 0 0
15 0 0 0 0
16 0 0 0 0
17 0 0 0 0
18 0 0 0 0
19 0 0 0 0
20 0 0 0 0
21 0 0 0 0
22 0 0 0 0
23 0 0 0 0
24 0 0 0 0
25 0 0 0 0
26 0 0 0 0
27 0 0 0 0
28 0 0 0 0
29 0 0 0 0
30 0 0 0 0
31 0 0 0 0
32 0 0 0 0
33 0 0 0 0
34 0 0 0 0
35 0 0 0 0
36 0 0 0 0
37 0 0 0 0
38 0 0 0 0
39 0 0 0 0
40 0 0 0 0
41 0 0 0 0
42 0 0 0 0
43 0 0 0 0
44 0 0 0 0
45 0 0 0 0
46 0 0 0 0
47 0 0 0 0
48 0 0 0 0
49 0 0 0 0
50 0 0 0 0
51 0 0 0 0
52 0 0 0 0
53 0 0 0 0
54 0 0 0 0
55 0 0 0 0
56 0 0 0 0
57 0 0 0 0
58 0 0 0 0
59 0 0 0 0
60 0 0 0 0
70 0 0 0 0
80 0 0 0 0
90 0 0 0 0
100 0 0 0 0
110 0 0 0 0
120 0 0 0 0
130 0 0 0 0
140 0 0 0 0
150 0 0 0 0
160 0 0 0 0
170 0 0 0 0
180 0 0 0 0
190 0 0 0 0
200 0 0 0 0
210 0 0 0 0
220 0 0 0 0
230 0 0 0 0
240 0 0 0 0
250 0 0 0 0
260 0 0 0 0
270 0 0 0 0
280 0 0 0 0
290 0 0 0 0
300 0 0 0 0
310 0 0 0 0
320 0 0 0 0
330 0 0 0 0
340 0 0 0 0
350 0 0 0 0
360 0 0 0 0
370 0 0 0 0
380 0 0 0 0
390 0 0 0 0
400 0 0 0 0
410 0 0 0 0
420 0 0 0 0
430 0 0 0 0
440 0 0 0 0
450 0 0 0 0
460 0 0 0 0
470 0 0 0 0
480 0 0 0 0
490 0 0 0 0
500 0 0 0 0
510 0 0 0 0
520 0 0 0 0
530 0 0 0 0
540 0 0 0 0
550 0 0 0 0
560 0 0 0 0
570 0 0 0 0
580 0 0 0 0
590 0 0 0 0
600 0 0 0 0
610 0 0 0 0
620 0 0 0 0
630 0 0 0 0
640 0 0 0 0
650 0 0 0 0
660 0 0 0 0
670 0 0 0 0
680 0 0 0 0
690 0 0 0 0
700 0 0 0 0
710 0 0 0 0
720 0 0 0 0
730 0 0 0 0
740 0 0 0 0
750 0 0 0 0
760 0 0 0 0
770 0 0 0 0
780 0 0 0 0
790 0 0 0 0
800 0 0 0 0
810 0 0 0 0
820 0 0 0 0
830 0 0 0 0
840 0 0 0 0
850 0 0 0 0
860 0 0 0 0
870 0 0 0 0
880 0 0 0 0
890 0 0 0 0
900 0 0 0 0
910 0 0 0 0
920 0 0 0 0
930 0 0 0 0
940 0 0 0 0
950 0 0 0 0
960 0 0 0 0
970 0 0 0 0
980 0 0 0 0
990 0 0 0 0
1000 0 0 0 0
1010 0 0 0 0
1020 0 0 0 0
1030 0 0 0 0
1040 0 0 0 0
1050 0 0 0 0
1060 0 0 0 0
1070 0 0 0 0
1080 0 0 0 0
1090 0 0 0 0
1100 0 0 0 0
1110 0 0 0 0
1120 0 0 0 0
1130 0 0 0 0
1140 0 0 0 0
1150 0 0 0 0
1160 0 0 0 0
1170 0 0 0 0
1180 0 0 0 0
1190 0 0 0 0
1200 0 0 0 0
1210 0 0 0 0
1220 0 0 0 0
1230 0 0 0 0
1240 0 0 0 0
1250 0 0 0 0
1260 0 0 0 0
1270 0 0 0 0
1280 0 0 0 0
1290 0 0 0 0
1300 0 0 0 0
1310 0 0 0 0
1320 0 0 0 0
1330 0 0 0 0
1340 0 0 0 0
1350 0 0 0 0
1360 0 0 0 0
1370 0 0 0 0
1380 0 0 0 0
1390 0 0 0 0
1400 0 0 0 0
1410 0 0 0 0
1420 0 0 0 0
1430 0 0 0 0
1440 0 0 0 0


DSBEnd_Ku
0 0 0 0 0
0.0166667 1 0 0.231665 0.0271319
0.0333333 0.632936 0.00930281 0.146523 0.0169198
0.05 0.516386 0.0825582 0.123728 0.0305902
0.0666667 0.288359 0.120797 0.0695406 0.0334862
0.0833333 0.199643 0.106475 0.0417074 0.0208842
0.1 0.203894 0.0804405 0.0477224 0.0218814
0.116667 0.179624 0.0600606 0.0439622 0.0173269
0.133333 0.16605 0.040709 0.0405279 0.0129018
0.15 0.108734 0.0685058 0.0255784 0.0181222
0.166667 0.157137 0.0511475 0.0358032 0.0130674
0.183333 0.136158 0.0684843 0.0278462 0.0103654
0.2 0.0755519 0.00928764 0.0170935 0.00148039
0.216667 0.0802139 0.053565 0.0158032 0.0093178
0.233333 0.0606061 0.0606061 0.0107527 0.0107527
0.25 0.0802139 0.053565 0.0158032 0.0093178
0.266667 0.110517 0.0828637 0.0211795 0.0142896
0.283333 0.160428 0.10713 0.0316064 0.0186356
0.3 0.11943 0.0597347 0.0259042 0.0135007
0.316667 0.0891266 0.0509505 0.0205279 0.0133047
0.333333 0.025641 0.025641 0.00666667 0.00666667
0.35 0 0 0 0
0.366667 0.0815851 0.0446556 0.0187097 0.0116189
0.383333 0.101193 0.0279084 0.0237602 0.00812481
0.4 0.0196078 0.0196078 0.00505051 0.00505051
0.416667 0.0452489 0.0232199 0.0117172 0.00602346
0.433333 0.0588235 0.0588235 0.0151515 0.0151515
0.45 0.0499109 0.0266189 0.0104268 0.00522106
0.466667 0.0196078 0.0196078 0.00505051 0.00505051
0.483333 0.0499109 0.0266189 0.0104268 0.00522106
0.5 0.0196078 0.0196078 0.00505051 0.00505051
0.516667 0.0499109 0.0266189 0.0104268 0.00522106
0.533333 0.0196078 0.0196078 0.00505051 0.00505051
0.55 0.0196078 0.0196078 0.00505051 0.00505051
0.566667 0 0 0 0
0.583333 0 0 0 0
0.6 0.025641 0.025641 0.00666667 0.00666667
0.616667 0 0 0 0
0.633333 0.025641 0.025641 0.00666667 0.00666667
0.65 0 0 0 0
0.666667 0 0 0 0
0.683333 0.0196078 0.0196078 0.00505051 0.00505051
0.7 0.025641 0.025641 0.00666667 0.00666667
0.716667 0.030303 0.030303 0.00537634 0.00537634
0.733333 0.0559441 0.0282619 0.012043 0.00612431
0.75 0.0815851 0.0446556 0.0187097 0.0116189
0.766667 0.0815851 0.0446556 0.0187097 0.0116189
0.783333 0 0 0 0
0.8 0.0196078 0.0196078 0.00505051 0.00505051
0.816667 0.0196078 0.0196078 0.00505051 0.00505051
0.833333 0 0 0 0
0.85 0 0 0 0
0.866667 0.0196078 0.0196078 0.00505051 0.00505051
0.883333 0.025641 0.025641 0.00666667 0.00666667
0.9 0.0196078 0.0196078 0.00505051 0.00505051
0.916667 0 0 0 0
0.933333 0.0196078 0.0196078 0.00505051 0.00505051
0.95 0 0 0 0
0.966667 0.0196078 0.0196078 0.00505051 0.00505051
0.983333 0.0392157 0.0392157 0.010101 0.010101
1 0.0452489 0.0232199 0.0117172 0.00602346
1.16667 0.030303 0.030303 0.00537634 0.00537634
1.33333 0.025641 0.025641 0.00666667 0.00666667
1.5 0.0559441 0.0282619 0.012043 0.00612431
1.66667 0.0196078 0.0196078 0.00505051 0.00505051
1.83333 0.0606061 0.0606061 0.0107527 0.0107527
2 0.030303 0.030303 0.00537634 0.00537634
2.16667 0 0 0 0
2.33333 0 0 0 0
2.5 0 0 0 0
2.66667 0 0 0 0
2.83333 0.0499109 0.0266189 0.0104268 0.00522106
3 0.0559441 0.0282619 0.012043 0.00612431
3.16667 0.030303 0.030303 0.00537634 0.00537634
3.33333 0.030303 0.030303 0.00537634 0.00537634
3.5 0 0 0 0
3.66667 0 0 0 0
3.83333 0.0559441 0.0282619 0.012043 0.00612431
4 0 0 0 0
4.16667 0 0 0 0
4.33333 0.025641 0.025641 0.00666667 0.00666667
4.5 0 0 0 0
4.66667 0.030303 0.030303 0.00537634 0.00537634
4.83333 0.030303 0.030303 0.00537634 0.00537634
5 0.030303 0.030303 0.00537634 0.00537634
5.16667 0.0606061 0.0606061 0.0107527 0.0107527
5.33333 0.030303 0.030303 0.00537634 0.00537634
5.5 0 0 0 0
5.66667 0.025641 0.025641 0.00666667 0.00666667
5.83333 0 0 0 0
6 0 0 0 0
6.16667 0.030303 0.030303 0.00537634 0.00537634
6.33333 0 0 0 0
6.5 0 0 0 0
6.66667 0 0 0 0
6.83333 0.030303 0.030303 0.00537634 0.00537634
7 0 0 0 0
7.16667 0.025641 0.025641 0.00666667 0.00666667
7.33333 0.0196078 0.0196078 0.00505051 0.00505051
7.5 0 0 0 0
7.66667 0 0 0 0
7.83333 0 0 0 0
8 0.0499109 0.0266189 0.0104268 0.00522106
8.16667 0 0 0 0
8.33333 0 0 0 0
8.5 0 0 0 0
8.66667 0 0 0 0
8.83333 0.0196078 0.0196078 0.00505051 0.00505051
9 0 0 0 0
9.16667 0 0 0 0
9.33333 0 0 0 0
9.5 0 0 0 0
9.66667 0 0 0 0
9.83333 0 0 0 0
10 0 0 0 0
11 0 0 0 0
12 0 0 0 0
13 0 0 0 0
14 0 0 0 0
15 0 0 0 0
16 0 0 0 0
17 0 0 0 0
18 0 0 0 0
19 0 0 0 0
20 0 0 0 0
21 0 0 0 0
22 0 0 0 0
23 0 0 0 0
24 0 0 0 0
25 0 0 0 0
26 0 0 0 0
27 0 0 0 0
28 0 0 0 0
29 0 0 0 0
30 0 0 0 0
31 0 0 0 0
32 0 0 0 0
33 0 0 0 0
34 0 0 0 0
35 0 0 0 0
36 0 0 0 0
37 0 0 0 0
38 0 0 0 0
39 0 0 0 0
40 0 0 0 0
41 0 0 0 0
42 0 0 0 0
43 0 0 0 0
44 0 0 0 0
45 0 0 0 0
46 0 0 0 0
47 0 0 0 0
48 0 0 0 0
49 0 0 0 0
50 0 0 0 0
51 0 0 0 0
52 0 0 0 0
53 0 0 0 0
54 0 0 0 0
55 0 0 0 0
56 0 0 0 0
57 0 0 0 0
58 0 0 0 0
59 0 0 0 0
60 0 0 0 0
70 0 0 0 0
80 0 0 0 0
90 0 0 0 0
100 0 0 0 0
110 0 0 0 0
120 0 0 0 0
130 0 0 0 0
140 0 0 0 0
150 0 0 0 0
160 0 0 0 0
170 0 0 0 0
180 0 0 0 0
190 0 0 0 0
200 0 0 0 0
210 0 0 0 0
220 0 0 0 0
230 0 0 0 0
240 0 0 0 0
250 0 0 0 0
260 0 0 0 0
270 0 0 0 0
280 0 0 0 0
290 0 0 0 0
300 0 0 0 0
310 0 0 0 0
320 0 0 0 0
330 0 0 0 0
340 0 0 0 0
350 0 0 0 0
360 0 0 0 0
370 0 0 0 0
380 0 0 0 0
390 0 0 0 0
400 0 0 0 0
410 0 0 0 0
420 0 0 0 0
430 0 0 0 0
440 0 0 0 0
450 0 0 0 0
460 0 0 0 0
470 0 0 0 0
480 0 0 0 0
490 0 0 0 0
500 0 0 0 0
510 0 0 0 0
520 0 0 0 0
530 0 0 0 0
540 0 0 0 0
550 0 0 0 0
560 0 0 0 0
570 0 0 0 0
580 0 0 0 0
590 0 0 0 0
600 0 0 0 0
610 0 0 0 0
620 0 0 0 0
630 0 0 0 0
640 0 0 0 0
650 0 0 0 0
660 0 0 0 0
670 0 0 0 0
680 0 0 0 0
690 0 0 0 0
700 0 0 0 0
710 0 0 0 0
720 0 0 0 0
730 0 0 0 0
740 0 0 0 0
750 0 0 0 0
760 0 0 0 0
770 0 0 0 0
780 0 0 0 0
790 0 0 0 0
800 0 0 0 0
810 0 0 0 0
820 0 0 0 0
830 0 0 0 0
840 0 0 0 0
850 0 0 0 0
860 0 0 0 0
870 0 0 0 0
880 0 0 0 0
890 0 0 0 0
900 0 0 0 0
910 0 0 0 0
920 0 0 0 0
930 0 0 0 0
940 0 0 0 0
950 0 0 0 0
960 0 0 0 0
970 0 0 0 0
980 0 0 0 0
990 0 0 0 0
1000 0 0 0 0
1010 0 0 0 0
1020 0 0 0 0
1030 0 0 0 0
1040 0 0 0 0
1050 0 0 0 0
1060 0 0 0 0
1070 0 0 0 0
1080 0 0 0 0
1090 0 0 0 0
1100 0 0 0 0
1110 0 0 0 0
1120 0 0 0 0
1130 0 0 0 0
1140 0 0 0 0
1150 0 0 0 0
1160 0 0 0 0
1170 0 0 0 0
1180 0 0 0 0
1190 0 0 0 0
1200 0 0 0 0
1210 0 0 0 0
1220 0 0 0 0
1230 0 0 0 0
1240 0 0 0 0
1250 0 0 0 0
1260 0 0 0 0
1270 0 0 0 0
1280 0 0 0 0
1290 0 0 0 0
1300 0 0 0 0
1310 0 0 0 0
1320 0 0 0 0
1330 0 0 0 0
1340 0 0 0 0
1350 0 0 0 0
1360 0 0 0 0
1370 0 0 0 0
1380 0 0 0 0
1390 0 0 0 0
1400 0 0 0 0
1410 0 0 0 0
1420 0 0 0 0
1430 0 0 0 0
1440 0 0 0 0


DSBEnd_PKcs
0 0 0 0 0
0.0166667 0.64576 0.0457602 0.182652 0.0187382
0.0333333 0.938012 0.0387733 0.263597 0.00459907
0.05 0.958333 0.0416667 0.271228 0.022979
0.0666667 0.854678 0.0572898 0.242092 0.0245482
0.0833333 0.760892 0.025824 0.213933 0.00311451
0.1 0.700292 0.0253645 0.196839 0.00186356
0.116667 0.697003 0.0208077 0.196514 0.0101681
0.133333 0.674781 0.0400116 0.189847 0.0111621
0.15 0.657237 0.0286342 0.184796 0.00613209
0.166667 0.660526 0.0456562 0.185122 0.00424567
0.183333 0.636915 0.0998691 0.177165 0.0202482
0.2 0.641594 0.0864618 0.178781 0.0155674
0.216667 0.603216 0.0734198 0.168355 0.0128329
0.233333 0.603216 0.0734198 0.168355 0.0128329
0.25 0.603216 0.0734198 0.168355 0.0128329
0.266667 0.62076 0.0659478 0.173405 0.0102539
0.283333 0.576316 0.101045 0.160072 0.0214861
0.3 0.579605 0.122023 0.160398 0.0262658
0.316667 0.617982 0.138503 0.170824 0.0306144
0.333333 0.59905 0.178159 0.164484 0.0414831
0.35 0.520906 0.18257 0.14234 0.0433961
0.366667 0.520906 0.18257 0.14234 0.0433961
0.383333 0.482529 0.16758 0.131913 0.0396035
0.4 0.461696 0.147114 0.126536 0.0343402
0.416667 0.444152 0.15358 0.121486 0.0361686
0.433333 0.42193 0.167406 0.114819 0.0403632
0.45 0.380263 0.126851 0.104066 0.0299709
0.466667 0.380263 0.126851 0.104066 0.0299709
0.483333 0.362719 0.132402 0.099016 0.0314677
0.5 0.341886 0.111804 0.0936396 0.0261594
0.516667 0.324342 0.119118 0.0885891 0.0282866
0.533333 0.303509 0.0982926 0.0832128 0.0229104
0.55 0.285965 0.107706 0.0781623 0.0257793
0.566667 0.303509 0.0982926 0.0832128 0.0229104
0.583333 0.281287 0.111604 0.0765461 0.0269088
0.6 0.281287 0.111604 0.0765461 0.0269088
0.616667 0.303509 0.0982926 0.0832128 0.0229104
0.633333 0.303509 0.0982926 0.0832128 0.0229104
0.65 0.325731 0.0886288 0.0898794 0.0203612
0.666667 0.343275 0.0783691 0.0949299 0.0170951
0.683333 0.325731 0.0886288 0.0898794 0.0203612
0.7 0.343275 0.0783691 0.0949299 0.0170951
0.716667 0.285965 0.107706 0.0781623 0.0257793
0.733333 0.285965 0.107706 0.0781623 0.0257793
0.75 0.306798 0.128427 0.0835386 0.0310961
0.766667 0.308187 0.100916 0.0848289 0.0242473
0.783333 0.32902 0.120889 0.0902053 0.0292317
0.8 0.32902 0.120889 0.0902053 0.0292317
0.816667 0.32902 0.120889 0.0902053 0.0292317
0.833333 0.311477 0.133881 0.0851548 0.0332567
0.85 0.311477 0.133881 0.0851548 0.0332567
0.866667 0.311477 0.133881 0.0851548 0.0332567
0.883333 0.32902 0.120889 0.0902053 0.0292317
0.9 0.32902 0.120889 0.0902053 0.0292317
0.916667 0.346564 0.109177 0.0952558 0.0255731
0.933333 0.346564 0.109177 0.0952558 0.0255731
0.95 0.364108 0.0992011 0.100306 0.0224609
0.966667 0.364108 0.0992011 0.100306 0.0224609
0.983333 0.346564 0.109177 0.0952558 0.0255731
1 0.364108 0.0992011 0.100306 0.0224609
1.16667 0.305409 0.159953 0.0822483 0.0395524
1.33333 0.246199 0.127159 0.0664451 0.0314185
1.5 0.354532 0.150409 0.0971978 0.0378387
1.66667 0.285965 0.107706 0.0781623 0.0257793
1.83333 0.324342 0.119118 0.0885891 0.0282866
2 0.324342 0.119118 0.0885891 0.0282866
2.16667 0.365497 0.0702363 0.101597 0.0153998
2.33333 0.383041 0.0586984 0.106647 0.0114961
2.5 0.383041 0.0586984 0.106647 0.0114961
2.66667 0.405263 0.0532421 0.113314 0.0115018
2.83333 0.486696 0.0747419 0.135784 0.0160822
3 0.483406 0.0416813 0.135458 0.007277
3.16667 0.44364 0.0601249 0.123741 0.0114413
3.33333 0.44364 0.0601249 0.123741 0.0114413
3.5 0.44364 0.0601249 0.123741 0.0114413
3.66667 0.381652 0.0915291 0.105357 0.0201499
3.83333 0.354751 0.124078 0.097074 0.0306882
4 0.391228 0.0959153 0.108465 0.0243249
4.16667 0.373684 0.0897827 0.103415 0.0218245
4.33333 0.412061 0.109086 0.113842 0.0270403
4.5 0.408772 0.104662 0.113516 0.0275338
4.66667 0.407383 0.137422 0.112225 0.0361593
4.83333 0.38655 0.126836 0.106849 0.0340489
5 0.428216 0.150168 0.117602 0.0389034
5.16667 0.436184 0.140932 0.119544 0.0339063
5.33333 0.457018 0.159786 0.12492 0.0385967
5.5 0.436184 0.140932 0.119544 0.0339063
5.66667 0.436184 0.140932 0.119544 0.0339063
5.83333 0.455629 0.196819 0.12363 0.0489966
6 0.455629 0.196819 0.12363 0.0489966
6.16667 0.455629 0.196819 0.12363 0.0489966
6.33333 0.457018 0.159786 0.12492 0.0385967
6.5 0.434795 0.178149 0.118254 0.0443503
6.66667 0.393129 0.142617 0.107501 0.0356784
6.83333 0.452339 0.178336 0.123304 0.044804
7 0.413962 0.160013 0.112877 0.0398879
7.16667 0.415351 0.12272 0.114167 0.0294514
7.33333 0.410673 0.145387 0.112551 0.0369825
7.5 0.413962 0.160013 0.112877 0.0398879
7.66667 0.413962 0.160013 0.112877 0.0398879
7.83333 0.434795 0.178149 0.118254 0.0443503
8 0.434795 0.178149 0.118254 0.0443503
8.16667 0.431506 0.161358 0.117928 0.0407265
8.33333 0.410673 0.145387 0.112551 0.0369825
8.5 0.410673 0.145387 0.112551 0.0369825
8.66667 0.431506 0.161358 0.117928 0.0407265
8.83333 0.431506 0.161358 0.117928 0.0407265
9 0.393129 0.142617 0.107501 0.0356784
9.16667 0.393129 0.142617 0.107501 0.0356784
9.33333 0.393129 0.142617 0.107501 0.0356784
9.5 0.393129 0.142617 0.107501 0.0356784
9.66667 0.393129 0.142617 0.107501 0.0356784
9.83333 0.393129 0.142617 0.107501 0.0356784
10 0.415351 0.12272 0.114167 0.0294514
11 0.393129 0.142617 0.107501 0.0356784
12 0.393129 0.142617 0.107501 0.0356784
13 0.393129 0.142617 0.107501 0.0356784
14 0.393129 0.142617 0.107501 0.0356784
15 0.437573 0.103771 0.120834 0.0234673
16 0.437573 0.103771 0.120834 0.0234673
17 0.437573 0.103771 0.120834 0.0234673
18 0.437573 0.103771 0.120834 0.0234673
19 0.437573 0.103771 0.120834 0.0234673
20 0.437573 0.103771 0.120834 0.0234673
21 0.437573 0.103771 0.120834 0.0234673
22 0.437573 0.103771 0.120834 0.0234673
23 0.437573 0.103771 0.120834 0.0234673
24 0.437573 0.103771 0.120834 0.0234673
25 0.437573 0.103771 0.120834 0.0234673
26 0.437573 0.103771 0.120834 0.0234673
27 0.437573 0.103771 0.120834 0.0234673
28 0.437573 0.103771 0.120834 0.0234673
29 0.437573 0.103771 0.120834 0.0234673
30 0.437573 0.103771 0.120834 0.0234673
31 0.437573 0.103771 0.120834 0.0234673
32 0.437573 0.103771 0.120834 0.0234673
33 0.437573 0.103771 0.120834 0.0234673
34 0.437573 0.103771 0.120834 0.0234673
35 0.437573 0.103771 0.120834 0.0234673
36 0.437573 0.103771 0.120834 0.0234673
37 0.437573 0.103771 0.120834 0.0234673
38 0.437573 0.103771 0.120834 0.0234673
39 0.437573 0.103771 0.120834 0.0234673
40 0.437573 0.103771 0.120834 0.0234673
41 0.437573 0.103771 0.120834 0.0234673
42 0.437573 0.103771 0.120834 0.0234673
43 0.437573 0.103771 0.120834 0.0234673
44 0.437573 0.103771 0.120834 0.0234673
45 0.437573 0.103771 0.120834 0.0234673
46 0.437573 0.103771 0.120834 0.0234673
47 0.437573 0.103771 0.120834 0.0234673
48 0.437573 0.103771 0.120834 0.0234673
49 0.437573 0.103771 0.120834 0.0234673
50 0.437573 0.103771 0.120834 0.0234673
51 0.437573 0.103771 0.120834 0.0234673
52 0.437573 0.103771 0.120834 0.0234673
53 0.437573 0.103771 0.120834 0.0234673
54 0.437573 0.103771 0.120834 0.0234673
55 0.437573 0.103771 0.120834 0.0234673
56 0.437573 0.103771 0.120834 0.0234673
57 0.437573 0.103771 0.120834 0.0234673
58 0.437573 0.103771 0.120834 0.0234673
59 0.437573 0.103771 0.120834 0.0234673
60 0.437573 0.103771 0.120834 0.0234673
70 0.437573 0.103771 0.120834 0.0234673
80 0.437573 0.103771 0.120834 0.0234673
90 0.437573 0.103771 0.120834 0.0234673
100 0.402485 0.112157 0.110733 0.025474
110 0.402485 0.112157 0.110733 0.025474
120 0.402485 0.112157 0.110733 0.025474
130 0.402485 0.112157 0.110733 0.025474
140 0.402485 0.112157 0.110733 0.025474
150 0.402485 0.112157 0.110733 0.025474
160 0.367398 0.129817 0.100632 0.0308415
170 0.367398 0.129817 0.100632 0.0308415
180 0.367398 0.129817 0.100632 0.0308415
190 0.367398 0.129817 0.100632 0.0308415
200 0.281287 0.111604 0.0765461 0.0269088
210 0.281287 0.111604 0.0765461 0.0269088
220 0.281287 0.111604 0.0765461 0.0269088
230 0.281287 0.111604 0.0765461 0.0269088
240 0.281287 0.111604 0.0765461 0.0269088
250 0.281287 0.111604 0.0765461 0.0269088
260 0.281287 0.111604 0.0765461 0.0269088
270 0.281287 0.111604 0.0765461 0.0269088
280 0.281287 0.111604 0.0765461 0.0269088
290 0.281287 0.111604 0.0765461 0.0269088
300 0.281287 0.111604 0.0765461 0.0269088
310 0.281287 0.111604 0.0765461 0.0269088
320 0.281287 0.111604 0.0765461 0.0269088
330 0.281287 0.111604 0.0765461 0.0269088
340 0.281287 0.111604 0.0765461 0.0269088
350 0.281287 0.111604 0.0765461 0.0269088
360 0.281287 0.111604 0.0765461 0.0269088
370 0.281287 0.111604 0.0765461 0.0269088
380 0.281287 0.111604 0.0765461 0.0269088
390 0.281287 0.111604 0.0765461 0.0269088
400 0.281287 0.111604 0.0765461 0.0269088
410 0.281287 0.111604 0.0765461 0.0269088
420 0.281287 0.111604 0.0765461 0.0269088
430 0.281287 0.111604 0.0765461 0.0269088
440 0.281287 0.111604 0.0765461 0.0269088
450 0.281287 0.111604 0.0765461 0.0269088
460 0.281287 0.111604 0.0765461 0.0269088
470 0.281287 0.111604 0.0765461 0.0269088
480 0.281287 0.111604 0.0765461 0.0269088
490 0.281287 0.111604 0.0765461 0.0269088
500 0.281287 0.111604 0.0765461 0.0269088
510 0.281287 0.111604 0.0765461 0.0269088
520 0.281287 0.111604 0.0765461 0.0269088
530 0.281287 0.111604 0.0765461 0.0269088
540 0.281287 0.111604 0.0765461 0.0269088
550 0.281287 0.111604 0.0765461 0.0269088
560 0.281287 0.111604 0.0765461 0.0269088
570 0.281287 0.111604 0.0765461 0.0269088
580 0.281287 0.111604 0.0765461 0.0269088
590 0.281287 0.111604 0.0765461 0.0269088
600 0.281287 0.111604 0.0765461 0.0269088
610 0.281287 0.111604 0.0765461 0.0269088
620 0.281287 0.111604 0.0765461 0.0269088
630 0.281287 0.111604 0.0765461 0.0269088
640 0.281287 0.111604 0.0765461 0.0269088
650 0.281287 0.111604 0.0765461 0.0269088
660 0.281287 0.111604 0.0765461 0.0269088
670 0.281287 0.111604 0.0765461 0.0269088
680 0.281287 0.111604 0.0765461 0.0269088
690 0.281287 0.111604 0.0765461 0.0269088
700 0.23962 0.0712636 0.0657934 0.0165933
710 0.23962 0.0712636 0.0657934 0.0165933
720 0.23962 0.0712636 0.0657934 0.0165933
730 0.23962 0.0712636 0.0657934 0.0165933
740 0.23962 0.0712636 0.0657934 0.0165933
750 0.23962 0.0712636 0.0657934 0.0165933
760 0.23962 0.0712636 0.0657934 0.0165933
770 0.23962 0.0712636 0.0657934 0.0165933
780 0.23962 0.0712636 0.0657934 0.0165933
790 0.23962 0.0712636 0.0657934 0.0165933
800 0.23962 0.0712636 0.0657934 0.0165933
810 0.23962 0.0712636 0.0657934 0.0165933
820 0.23962 0.0712636 0.0657934 0.0165933
830 0.23962 0.0712636 0.0657934 0.0165933
840 0.23962 0.0712636 0.0657934 0.0165933
850 0.23962 0.0712636 0.0657934 0.0165933
860 0.23962 0.0712636 0.0657934 0.0165933
870 0.23962 0.0712636 0.0657934 0.0165933
880 0.23962 0.0712636 0.0657934 0.0165933
890 0.23962 0.0712636 0.0657934 0.0165933
900 0.23962 0.0712636 0.0657934 0.0165933
910 0.23962 0.0712636 0.0657934 0.0165933
920 0.23962 0.0712636 0.0657934 0.0165933
930 0.23962 0.0712636 0.0657934 0.0165933
940 0.23962 0.0712636 0.0657934 0.0165933
950 0.23962 0.0712636 0.0657934 0.0165933
960 0.23962 0.0712636 0.0657934 0.0165933
970 0.23962 0.0712636 0.0657934 0.0165933
980 0.23962 0.0712636 0.0657934 0.0165933
990 0.23962 0.0712636 0.0657934 0.0165933
1000 0.23962 0.0712636 0.0657934 0.0165933
1010 0.23962 0.0712636 0.0657934 0.0165933
1020 0.23962 0.0712636 0.0657934 0.0165933
1030 0.23962 0.0712636 0.0657934 0.0165933
1040 0.23962 0.0712636 0.0657934 0.0165933
1050 0.23962 0.0712636 0.0657934 0.0165933
1060 0.23962 0.0712636 0.0657934 0.0165933
1070 0.23962 0.0712636 0.0657934 0.0165933
1080 0.23962 0.0712636 0.0657934 0.0165933
1090 0.23962 0.0712636 0.0657934 0.0165933
1100 0.23962 0.0712636 0.0657934 0.0165933
1110 0.23962 0.0712636 0.0657934 0.0165933
1120 0.23962 0.0712636 0.0657934 0.0165933
1130 0.23962 0.0712636 0.0657934 0.0165933
1140 0.23962 0.0712636 0.0657934 0.0165933
1150 0.23962 0.0712636 0.0657934 0.0165933
1160 0.23962 0.0712636 0.0657934 0.0165933
1170 0.23962 0.0712636 0.0657934 0.0165933
1180 0.23962 0.0712636 0.0657934 0.0165933
1190 0.23962 0.0712636 0.0657934 0.0165933
1200 0.23962 0.0712636 0.0657934 0.0165933
1210 0.23962 0.0712636 0.0657934 0.0165933
1220 0.23962 0.0712636 0.0657934 0.0165933
1230 0.23962 0.0712636 0.0657934 0.0165933
1240 0.23962 0.0712636 0.0657934 0.0165933
1250 0.23962 0.0712636 0.0657934 0.0165933
1260 0.23962 0.0712636 0.0657934 0.0165933
1270 0.23962 0.0712636 0.0657934 0.0165933
1280 0.23962 0.0712636 0.0657934 0.0165933
1290 0.23962 0.0712636 0.0657934 0.0165933
1300 0.23962 0.0712636 0.0657934 0.0165933
1310 0.23962 0.0712636 0.0657934 0.0165933
1320 0.23962 0.0712636 0.0657934 0.0165933
1330 0.23962 0.0712636 0.0657934 0.0165933
1340 0.23962 0.0712636 0.0657934 0.0165933
1350 0.23962 0.0712636 0.0657934 0.0165933
1360 0.23962 0.0712636 0.0657934 0.0165933
1370 0.23962 0.0712636 0.0657934 0.0165933
1380 0.23962 0.0712636 0.0657934 0.0165933
1390 0.23962 0.0712636 0.0657934 0.0165933
1400 0.23962 0.0712636 0.0657934 0.0165933
1410 0.23962 0.0712636 0.0657934 0.0165933
1420 0.23962 0.0712636 0.0657934 0.0165933
1430 0.23962 0.0712636 0.0657934 0.0165933
1440 0.23962 0.0712636 0.0657934 0.0165933


DSBSynaptic
0 0 0 0 0
0.0166667 0.0252381 0.0126795 0.0208537 0.0104421
0.0333333 0.121169 0.00845553 0.102561 0.00888231
0.05 0.213463 0.0332816 0.179107 0.0234777
0.0666667 0.375022 0.0346988 0.315855 0.0237939
0.0833333 0.48 0.02 0.40636 0.0261594
0.1 0.547056 0.00705628 0.462053 0.00901345
0.116667 0.585628 0.0282012 0.493659 0.0113218
0.133333 0.637922 0.0258364 0.537947 0.00901345
0.15 0.693463 0.0133015 0.585468 0.00740193
0.166667 0.705368 0.0118899 0.595569 0.00766408
0.183333 0.735671 0.0186014 0.622235 0.0297997
0.2 0.760909 0.00657653 0.643089 0.0196589
0.216667 0.801299 0.00939504 0.677276 0.0222458
0.233333 0.814632 0.0157711 0.688029 0.0162842
0.25 0.814632 0.0157711 0.688029 0.0162842
0.266667 0.814632 0.0157711 0.688029 0.0162842
0.283333 0.829784 0.0230669 0.701362 0.0294829
0.3 0.843117 0.0290874 0.712115 0.0269706
0.316667 0.829784 0.0230669 0.701362 0.0294829
0.333333 0.868745 0.0207713 0.734897 0.0355908
0.35 0.893983 0.00841666 0.755751 0.0260898
0.366667 0.893983 0.00841666 0.755751 0.0260898
0.383333 0.919221 0.00563702 0.776605 0.0176843
0.4 0.947706 0.00969581 0.800691 0.0200477
0.416667 0.947706 0.00969581 0.800691 0.0200477
0.433333 0.962857 0.0206691 0.814024 0.0332237
0.45 0.961429 0.0231382 0.813372 0.0399283
0.466667 0.962857 0.0206691 0.814024 0.0332237
0.483333 0.961429 0.0231382 0.813372 0.0399283
0.5 0.974762 0.0126795 0.824125 0.0306879
0.516667 0.974762 0.0126795 0.824125 0.0306879
0.533333 0.988095 0.0119048 0.834878 0.0228138
0.55 1 0 0.844979 0.0213038
0.566667 0.972944 0.0138173 0.821544 0.00982945
0.583333 0.972944 0.0138173 0.821544 0.00982945
0.6 0.972944 0.0138173 0.821544 0.00982945
0.616667 0.972944 0.0138173 0.821544 0.00982945
0.633333 0.972944 0.0138173 0.821544 0.00982945
0.65 0.942641 0.0408254 0.794878 0.0177646
0.666667 0.930736 0.0393797 0.784777 0.0134988
0.683333 0.930736 0.0393797 0.784777 0.0134988
0.7 0.930736 0.0393797 0.784777 0.0134988
0.716667 0.944459 0.0177272 0.797458 0.0127617
0.733333 0.929307 0.0328588 0.784125 0.0175144
0.75 0.915974 0.0291246 0.773372 0.0230036
0.766667 0.900823 0.0432528 0.760039 0.029753
0.783333 0.904069 0.0203673 0.763271 0.0133632
0.8 0.892165 0.0162745 0.75317 0.00566089
0.816667 0.892165 0.0162745 0.75317 0.00566089
0.833333 0.904069 0.0203673 0.763271 0.0133632
0.85 0.892165 0.0162745 0.75317 0.00566089
0.866667 0.878831 0.00845553 0.742418 0.0163851
0.883333 0.851775 0.0180461 0.718983 0.0051047
0.9 0.855022 0.0174481 0.722216 0.019245
0.916667 0.855022 0.0174481 0.722216 0.019245
0.933333 0.843117 0.0290874 0.712115 0.0269706
0.95 0.843117 0.0290874 0.712115 0.0269706
0.966667 0.831212 0.0408799 0.702014 0.0358959
0.983333 0.843117 0.0290874 0.712115 0.0269706
1 0.843117 0.0290874 0.712115 0.0269706
1.16667 0.852165 0.0274124 0.720912 0.037882
1.33333 0.868355 0.0285528 0.732968 0.0187395
1.5 0.796234 0.0348948 0.671463 0.0167132
1.66667 0.800909 0.040086 0.675347 0.0212914
1.83333 0.732035 0.0352515 0.617074 0.0141522
2 0.708225 0.0472457 0.596872 0.0288253
2.16667 0.70355 0.0360922 0.592988 0.0166118
2.33333 0.637532 0.0637706 0.536018 0.0397592
2.5 0.651255 0.0375012 0.5487 0.0175818
2.66667 0.580563 0.0664262 0.487846 0.0449588
2.83333 0.506277 0.0469458 0.425937 0.0290199
3 0.477792 0.044084 0.401851 0.0267406
3.16667 0.453983 0.0532154 0.381649 0.0358191
3.33333 0.452554 0.0341886 0.380997 0.0192076
3.5 0.439221 0.0211509 0.370244 0.00849133
3.66667 0.454372 0.0148464 0.383578 0.0106437
3.83333 0.442468 0.0258707 0.373477 0.0204144
4 0.41684 0.0574534 0.350694 0.0425827
4.16667 0.415411 0.0356063 0.350042 0.0247734
4.33333 0.37684 0.0278296 0.318436 0.0252786
4.5 0.390173 0.0355115 0.329189 0.02827
4.66667 0.366753 0.0488542 0.310916 0.046639
4.83333 0.364935 0.0396972 0.308335 0.0346805
5 0.321299 0.021501 0.270916 0.014554
5.16667 0.279481 0.00375801 0.236077 0.00518269
5.33333 0.277662 0.0270691 0.233496 0.017346
5.5 0.290996 0.038406 0.244249 0.0260898
5.66667 0.290996 0.038406 0.244249 0.0260898
5.83333 0.269004 0.0305738 0.226628 0.0230036
6 0.269004 0.0305738 0.226628 0.0230036
6.16667 0.269004 0.0305738 0.226628 0.0230036
6.33333 0.253853 0.0332854 0.213294 0.0229922
6.5 0.253853 0.0332854 0.213294 0.0229922
6.66667 0.252035 0.0547903 0.210714 0.0402997
6.83333 0.20013 0.0199571 0.168355 0.0128329
7 0.212035 0.0168333 0.178456 0.00982945
7.16667 0.195065 0.0554254 0.162542 0.0431801
7.33333 0.171645 0.0186938 0.144268 0.012458
7.5 0.18355 0.0239508 0.15437 0.0181778
7.66667 0.18355 0.0239508 0.15437 0.0181778
7.83333 0.131645 0.0285528 0.11201 0.0254302
8 0.133074 0.00680026 0.112662 0.00795166
8.16667 0.146407 0.0070503 0.123415 0.00283044
8.33333 0.15974 0.020217 0.134167 0.0135659
8.5 0.15974 0.020217 0.134167 0.0135659
8.66667 0.119351 0.0208579 0.0999804 0.0148634
8.83333 0.119351 0.0208579 0.0999804 0.0148634
9 0.144589 0.0315037 0.120834 0.0234673
9.16667 0.132684 0.0339827 0.110733 0.025474
9.33333 0.132684 0.0339827 0.110733 0.025474
9.5 0.132684 0.0339827 0.110733 0.025474
9.66667 0.132684 0.0339827 0.110733 0.025474
9.83333 0.132684 0.0339827 0.110733 0.025474
10 0.104199 0.0330992 0.0866471 0.0257896
11 0.120779 0.0400076 0.100632 0.0308415
12 0.0670563 0.0266208 0.0556924 0.0207308
13 0.0670563 0.0266208 0.0556924 0.0207308
14 0.0670563 0.0266208 0.0556924 0.0207308
15 0.0385714 0.0231382 0.0316064 0.0186356
16 0.0119048 0.0119048 0.010101 0.010101
17 0.0119048 0.0119048 0.010101 0.010101
18 0.0119048 0.0119048 0.010101 0.010101
19 0 0 0 0
20 0 0 0 0
21 0 0 0 0
22 0 0 0 0
23 0 0 0 0
24 0 0 0 0
25 0 0 0 0
26 0 0 0 0
27 0 0 0 0
28 0 0 0 0
29 0 0 0 0
30 0 0 0 0
31 0 0 0 0
32 0 0 0 0
33 0 0 0 0
34 0 0 0 0
35 0 0 0 0
36 0 0 0 0
37 0 0 0 0
38 0 0 0 0
39 0 0 0 0
40 0 0 0 0
41 0 0 0 0
42 0 0 0 0
43 0 0 0 0
44 0 0 0 0
45 0 0 0 0
46 0 0 0 0
47 0 0 0 0
48 0 0 0 0
49 0 0 0 0
50 0 0 0 0
51 0 0 0 0
52 0 0 0 0
53 0 0 0 0
54 0 0 0 0
55 0 0 0 0
56 0 0 0 0
57 0 0 0 0
58 0 0 0 0
59 0 0 0 0
60 0 0 0 0
70 0 0 0 0
80 0 0 0 0
90 0 0 0 0
100 0 0 0 0
110 0 0 0 0
120 0 0 0 0
130 0 0 0 0
140 0 0 0 0
150 0 0 0 0
160 0 0 0 0
170 0 0 0 0
180 0 0 0 0
190 0 0 0 0
200 0.0284848 0.0143292 0.024086 0.0122486
210 0 0 0 0
220 0 0 0 0
230 0 0 0 0
240 0 0 0 0
250 0 0 0 0
260 0 0 0 0
270 0 0 0 0
280 0 0 0 0
290 0 0 0 0
300 0 0 0 0
310 0 0 0 0
320 0 0 0 0
330 0 0 0 0
340 0 0 0 0
350 0 0 0 0
360 0 0 0 0
370 0 0 0 0
380 0 0 0 0
390 0 0 0 0
400 0 0 0 0
410 0 0 0 0
420 0 0 0 0
430 0 0 0 0
440 0 0 0 0
450 0 0 0 0
460 0 0 0 0
470 0 0 0 0
480 0 0 0 0
490 0 0 0 0
500 0 0 0 0
510 0 0 0 0
520 0 0 0 0
530 0 0 0 0
540 0 0 0 0
550 0 0 0 0
560 0 0 0 0
570 0 0 0 0
580 0 0 0 0
590 0 0 0 0
600 0 0 0 0
610 0 0 0 0
620 0 0 0 0
630 0 0 0 0
640 0 0 0 0
650 0 0 0 0
660 0 0 0 0
670 0 0 0 0
680 0 0 0 0
690 0 0 0 0
700 0 0 0 0
710 0 0 0 0
720 0 0 0 0
730 0 0 0 0
740 0 0 0 0
750 0 0 0 0
760 0 0 0 0
770 0 0 0 0
780 0 0 0 0
790 0 0 0 0
800 0 0 0 0
810 0 0 0 0
820 0 0 0 0
830 0 0 0 0
840 0 0 0 0
850 0 0 0 0
860 0 0 0 0
870 0 0 0 0
880 0 0 0 0
890 0 0 0 0
900 0 0 0 0
910 0 0 0 0
920 0 0 0 0
930 0 0 0 0
940 0 0 0 0
950 0 0 0 0
960 0 0 0 0
970 0 0 0 0
980 0 0 0 0
990 0 0 0 0
1000 0 0 0 0
1010 0 0 0 0
1020 0 0 0 0
1030 0 0 0 0
1040 0 0 0 0
1050 0 0 0 0
1060 0 0 0 0
1070 0 0 0 0
1080 0 0 0 0
1090 0 0 0 0
1100 0 0 0 0
1110 0 0 0 0
1120 0 0 0 0
1130 0 0 0 0
1140 0 0 0 0
1150 0 0 0 0
1160 0 0 0 0
1170 0 0 0 0
1180 0 0 0 0
1190 0 0 0 0
1200 0 0 0 0
1210 0 0 0 0
1220 0 0 0 0
1230 0 0 0 0
1240 0 0 0 0
1250 0 0 0 0
1260 0 0 0 0
1270 0 0 0 0
1280 0 0 0 0
1290 0 0 0 0
1300 0 0 0 0
1310 0 0 0 0
1320 0 0 0 0
1330 0 0 0 0
1340 0 0 0 0
1350 0 0 0 0
1360 0 0 0 0
1370 0 0 0 0
1380 0 0 0 0
1390 0 0 0 0
1400 0 0 0 0
1410 0 0 0 0
1420 0 0 0 0
1430 0 0 0 0
1440 0 0 0 0


DSBSynaptic_Stable
0 0 0 0 0
0.0166667 0 0 0 0
0.0333333 0 0 0 0
0.05 0 0 0 0
0.0666667 0 0 0 0
0.0833333 0 0 0 0
0.1 0 0 0 0
0.116667 0 0 0 0
0.133333 0 0 0 0
0.15 0 0 0 0
0.166667 0.0175439 0.0175439 0.010101 0.010101
0.183333 0.0175439 0.0175439 0.010101 0.010101
0.2 0.0175439 0.0175439 0.010101 0.010101
0.216667 0.0175439 0.0175439 0.010101 0.010101
0.233333 0.0175439 0.0175439 0.010101 0.010101
0.25 0.0175439 0.0175439 0.010101 0.010101
0.266667 0.0175439 0.0175439 0.010101 0.010101
0.283333 0.0175439 0.0175439 0.010101 0.010101
0.3 0.0175439 0.0175439 0.010101 0.010101
0.316667 0.0175439 0.0175439 0.010101 0.010101
0.333333 0.0175439 0.0175439 0.010101 0.010101
0.35 0.0175439 0.0175439 0.010101 0.010101
0.366667 0.0175439 0.0175439 0.010101 0.010101
0.383333 0.0175439 0.0175439 0.010101 0.010101
0.4 0.0175439 0.0175439 0.010101 0.010101
0.416667 0.0175439 0.0175439 0.010101 0.010101
0.433333 0.0175439 0.0175439 0.010101 0.010101
0.45 0.0350877 0.0175439 0.0208537 0.0104421
0.466667 0.0526316 0.0303869 0.0309547 0.0175076
0.483333 0.0701754 0.0350877 0.0417074 0.0208842
0.5 0.0701754 0.0350877 0.0417074 0.0208842
0.516667 0.0877193 0.0464167 0.0518084 0.0270014
0.533333 0.0877193 0.0464167 0.0518084 0.0270014
0.55 0.0877193 0.0464167 0.0518084 0.0270014
0.566667 0.105263 0.0303869 0.0651417 0.0146995
0.583333 0.105263 0.0303869 0.0651417 0.0146995
0.6 0.105263 0.0303869 0.0651417 0.0146995
0.616667 0.105263 0.0303869 0.0651417 0.0146995
0.633333 0.105263 0.0303869 0.0651417 0.0146995
0.65 0.105263 0.0303869 0.0651417 0.0146995
0.666667 0.105263 0.0303869 0.0651417 0.0146995
0.683333 0.105263 0.0303869 0.0651417 0.0146995
0.7 0.105263 0.0303869 0.0651417 0.0146995
0.716667 0.105263 0.0303869 0.0651417 0.0146995
0.733333 0.122807 0.0175439 0.0784751 0.00765705
0.75 0.140351 0.0175439 0.0892278 0.00491472
0.766667 0.157895 0 0.102561 0.00888231
0.783333 0.175439 0.0175439 0.112662 0.00795166
0.8 0.192982 0.0350877 0.122763 0.0158626
0.816667 0.192982 0.0350877 0.122763 0.0158626
0.833333 0.192982 0.0350877 0.122763 0.0158626
0.85 0.192982 0.0350877 0.122763 0.0158626
0.866667 0.210526 0.0303869 0.133516 0.00936977
0.883333 0.210526 0.0303869 0.133516 0.00936977
0.9 0.210526 0.0303869 0.133516 0.00936977
0.916667 0.210526 0.0303869 0.133516 0.00936977
0.933333 0.210526 0.0303869 0.133516 0.00936977
0.95 0.210526 0.0303869 0.133516 0.00936977
0.966667 0.22807 0.0464167 0.143617 0.0192778
0.983333 0.22807 0.0464167 0.143617 0.0192778
1 0.22807 0.0464167 0.143617 0.0192778
1.16667 0.245614 0.0350877 0.15695 0.0153141
1.33333 0.298246 0.0877193 0.187253 0.043662
1.5 0.315789 0.0803961 0.200587 0.0414822
1.66667 0.333333 0.0764719 0.21392 0.0434825
1.83333 0.403509 0.0764719 0.26144 0.050314
2 0.421053 0.0607737 0.272193 0.0396262
2.16667 0.45614 0.0350877 0.293698 0.0184781
2.33333 0.508772 0.0632553 0.327234 0.0346005
2.5 0.526316 0.0526316 0.337986 0.023855
2.66667 0.578947 0.0607737 0.374754 0.0442602
2.83333 0.614035 0.0928334 0.394956 0.0524849
3 0.666667 0.0632553 0.429795 0.0381916
3.16667 0.736842 0.0803961 0.474083 0.0435155
3.33333 0.736842 0.0803961 0.474083 0.0435155
3.5 0.77193 0.0632553 0.495588 0.0220321
3.66667 0.754386 0.0464167 0.485487 0.0197442
3.83333 0.77193 0.0632553 0.495588 0.0220321
4 0.789474 0.0803961 0.505689 0.0280188
4.16667 0.789474 0.0607737 0.506341 0.0113218
4.33333 0.789474 0.0607737 0.506341 0.0113218
4.5 0.77193 0.0632553 0.495588 0.0220321
4.66667 0.807018 0.0764719 0.516442 0.0178664
4.83333 0.807018 0.0464167 0.519674 0.0220926
5 0.842105 0.0303869 0.546341 0.0476922
5.16667 0.859649 0.0464167 0.556442 0.0454041
5.33333 0.877193 0.0464167 0.569775 0.0579087
5.5 0.877193 0.0464167 0.569775 0.0579087
5.66667 0.859649 0.0350877 0.559674 0.0608368
5.83333 0.894737 0.0607737 0.579876 0.056655
6 0.877193 0.0632553 0.566543 0.0453055
6.16667 0.877193 0.0632553 0.566543 0.0453055
6.33333 0.894737 0.0526316 0.577296 0.0357667
6.5 0.912281 0.0464167 0.590629 0.0478863
6.66667 0.929825 0.0464167 0.603962 0.0605185
6.83333 0.947368 0.0303869 0.614715 0.0532322
7 0.964912 0.0175439 0.625468 0.0472873
7.16667 0.982456 0.0175439 0.638801 0.060616
7.33333 1 0 0.649554 0.0562546
7.5 0.982456 0.0175439 0.639453 0.0633406
7.66667 0.929825 0.0175439 0.605266 0.0604024
7.83333 0.964912 0.0175439 0.626119 0.0508184
8 0.964912 0.0175439 0.626119 0.0508184
8.16667 0.964912 0.0175439 0.626119 0.0508184
8.33333 0.964912 0.0175439 0.626119 0.0508184
8.5 0.964912 0.0175439 0.626119 0.0508184
8.66667 1 0 0.649554 0.0562546
8.83333 0.982456 0.0175439 0.639453 0.0633406
9 0.947368 0 0.615367 0.0532939
9.16667 0.964912 0.0175439 0.625468 0.0472873
9.33333 0.964912 0.0175439 0.625468 0.0472873
9.5 0.964912 0.0175439 0.625468 0.0472873
9.66667 0.947368 0 0.615367 0.0532939
9.83333 0.947368 0 0.615367 0.0532939
10 0.929825 0.0175439 0.605266 0.0604024
11 0.929825 0.0175439 0.604614 0.0576993
12 0.964912 0.0175439 0.625468 0.0472873
13 0.912281 0.0350877 0.593861 0.063635
14 0.859649 0.0350877 0.559674 0.0608368
15 0.842105 0.0303869 0.546341 0.0476922
16 0.877193 0.0175439 0.567846 0.0373309
17 0.789474 0.0607737 0.506341 0.0113218
18 0.789474 0.0607737 0.506341 0.0113218
19 0.789474 0.0607737 0.506341 0.0113218
20 0.754386 0.0464167 0.485487 0.0197442
21 0.736842 0.0303869 0.475386 0.022323
22 0.719298 0.0175439 0.465285 0.0284756
23 0.684211 0 0.444431 0.03849
24 0.596491 0.0175439 0.386158 0.0270403
25 0.508772 0.0350877 0.327885 0.0202978
26 0.508772 0.0350877 0.327885 0.0202978
27 0.473684 0.0607737 0.30638 0.0410156
28 0.473684 0.0607737 0.30638 0.0410156
29 0.438596 0.0464167 0.282946 0.0289865
30 0.421053 0.0526316 0.269612 0.0228897
31 0.368421 0.0803961 0.234774 0.0410002
32 0.368421 0.0803961 0.234774 0.0410002
33 0.333333 0.0764719 0.21392 0.0434825
34 0.333333 0.0764719 0.21392 0.0434825
35 0.315789 0.0803961 0.200587 0.0414822
36 0.298246 0.0632553 0.190486 0.0330773
37 0.280702 0.0464167 0.180384 0.0259134
38 0.22807 0.0175439 0.146849 0.00923903
39 0.22807 0.0175439 0.146849 0.00923903
40 0.210526 0 0.136748 0.0118431
41 0.210526 0 0.136748 0.0118431
42 0.192982 0.0175439 0.126647 0.0199804
43 0.175439 0.0175439 0.113314 0.0115018
44 0.140351 0.0175439 0.0892278 0.00491472
45 0.140351 0.0175439 0.0892278 0.00491472
46 0.140351 0.0175439 0.0892278 0.00491472
47 0.122807 0.0350877 0.0758944 0.0180269
48 0.122807 0.0350877 0.0758944 0.0180269
49 0.122807 0.0350877 0.0758944 0.0180269
50 0.122807 0.0350877 0.0758944 0.0180269
51 0.122807 0.0350877 0.0758944 0.0180269
52 0.122807 0.0350877 0.0758944 0.0180269
53 0.105263 0.0303869 0.0651417 0.0146995
54 0.0877193 0.0464167 0.0518084 0.0270014
55 0.0877193 0.0464167 0.0518084 0.0270014
56 0.0701754 0.0464167 0.0410557 0.0266093
57 0.0701754 0.0464167 0.0410557 0.0266093
58 0.0701754 0.0464167 0.0410557 0.0266093
59 0.0526316 0.0303869 0.0309547 0.0175076
60 0.0526316 0.0303869 0.0309547 0.0175076
70 0.0175439 0.0175439 0.010101 0.010101
80 0.0175439 0.0175439 0.010101 0.010101
90 0 0 0 0
100 0.0175439 0.0175439 0.010101 0.010101
110 0 0 0 0
120 0 0 0 0
130 0 0 0 0
140 0 0 0 0
150 0 0 0 0
160 0.0175439 0.0175439 0.010101 0.010101
170 0.0175439 0.0175439 0.010101 0.010101
180 0.0175439 0.0175439 0.010101 0.010101
190 0.0175439 0.0175439 0.010101 0.010101
200 0.0175439 0.0175439 0.010101 0.010101
210 0.0350877 0.0175439 0.024086 0.0122486
220 0.0350877 0.0175439 0.024086 0.0122486
230 0.0175439 0.0175439 0.0107527 0.0107527
240 0 0 0 0
250 0 0 0 0
260 0 0 0 0
270 0 0 0 0
280 0 0 0 0
290 0 0 0 0
300 0 0 0 0
310 0 0 0 0
320 0 0 0 0
330 0 0 0 0
340 0 0 0 0
350 0 0 0 0
360 0 0 0 0
370 0 0 0 0
380 0 0 0 0
390 0 0 0 0
400 0 0 0 0
410 0 0 0 0
420 0 0 0 0
430 0 0 0 0
440 0 0 0 0
450 0 0 0 0
460 0 0 0 0
470 0 0 0 0
480 0 0 0 0
490 0 0 0 0
500 0 0 0 0
510 0 0 0 0
520 0 0 0 0
530 0 0 0 0
540 0 0 0 0
550 0 0 0 0
560 0 0 0 0
570 0 0 0 0
580 0 0 0 0
590 0 0 0 0
600 0 0 0 0
610 0 0 0 0
620 0 0 0 0
630 0 0 0 0
640 0 0 0 0
650 0 0 0 0
660 0 0 0 0
670 0 0 0 0
680 0 0 0 0
690 0 0 0 0
700 0.0175439 0.0175439 0.0107527 0.0107527
710 0 0 0 0
720 0 0 0 0
730 0 0 0 0
740 0 0 0 0
750 0 0 0 0
760 0 0 0 0
770 0 0 0 0
780 0 0 0 0
790 0 0 0 0
800 0 0 0 0
810 0 0 0 0
820 0 0 0 0
830 0 0 0 0
840 0 0 0 0
850 0 0 0 0
860 0 0 0 0
870 0 0 0 0
880 0 0 0 0
890 0 0 0 0
900 0 0 0 0
910 0 0 0 0
920 0 0 0 0
930 0 0 0 0
940 0 0 0 0
950 0 0 0 0
960 0 0 0 0
970 0 0 0 0
980 0 0 0 0
990 0 0 0 0
1000 0 0 0 0
1010 0 0 0 0
1020 0 0 0 0
1030 0 0 0 0
1040 0 0 0 0
1050 0 0 0 0
1060 0 0 0 0
1070 0 0 0 0
1080 0 0 0 0
1090 0 0 0 0
1100 0 0 0 0
1110 0 0 0 0
1120 0 0 0 0
1130 0 0 0 0
1140 0 0 0 0
1150 0 0 0 0
1160 0 0 0 0
1170 0 0 0 0
1180 0 0 0 0
1190 0 0 0 0
1200 0 0 0 0
1210 0 0 0 0
1220 0 0 0 0
1230 0 0 0 0
1240 0 0 0 0
1250 0 0 0 0
1260 0 0 0 0
1270 0 0 0 0
1280 0 0 0 0
1290 0 0 0 0
1300 0 0 0 0
1310 0 0 0 0
1320 0 0 0 0
1330 0 0 0 0
1340 0 0 0 0
1350 0 0 0 0
1360 0 0 0 0
1370 0 0 0 0
1380 0 0 0 0
1390 0 0 0 0
1400 0 0 0 0
1410 0 0 0 0
1420 0 0 0 0
1430 0 0 0 0
1440 0 0 0 0


DSB_Residual
0 1 0 1 0
0.0166667 1 0 1 0
0.0333333 1 0 1 0
0.05 1 0 1 0
0.0666667 1 0 1 0
0.0833333 1 0 1 0
0.1 1 0 1 0
0.116667 1 0 1 0
0.133333 1 0 1 0
0.15 1 0 1 0
0.166667 1 0 1 0
0.183333 1 0 1 0
0.2 1 0 1 0
0.216667 1 0 1 0
0.233333 1 0 1 0
0.25 1 0 1 0
0.266667 1 0 1 0
0.283333 1 0 1 0
0.3 1 0 1 0
0.316667 1 0 1 0
0.333333 1 0 1 0
0.35 1 0 1 0
0.366667 1 0 1 0
0.383333 1 0 1 0
0.4 1 0 1 0
0.416667 1 0 1 0
0.433333 1 0 1 0
0.45 1 0 1 0
0.466667 1 0 1 0
0.483333 1 0 1 0
0.5 1 0 1 0
0.516667 1 0 1 0
0.533333 1 0 1 0
0.55 1 0 1 0
0.566667 1 0 1 0
0.583333 1 0 1 0
0.6 1 0 1 0
0.616667 1 0 1 0
0.633333 1 0 1 0
0.65 1 0 1 0
0.666667 1 0 1 0
0.683333 1 0 1 0
0.7 1 0 1 0
0.716667 1 0 1 0
0.733333 1 0 1 0
0.75 1 0 1 0
0.766667 1 0 1 0
0.783333 1 0 1 0
0.8 1 0 1 0
0.816667 1 0 1 0
0.833333 1 0 1 0
0.85 1 0 1 0
0.866667 1 0 1 0
0.883333 1 0 1 0
0.9 1 0 1 0
0.916667 1 0 1 0
0.933333 1 0 1 0
0.95 1 0 1 0
0.966667 1 0 1 0
0.983333 1 0 1 0
1 1 0 1 0
1.16667 1 0 1 0
1.33333 1 0 1 0
1.5 1 0 1 0
1.66667 1 0 1 0
1.83333 1 0 1 0
2 1 0 1 0
2.16667 1 0 1 0
2.33333 1 0 1 0
2.5 1 0 1 0
2.66667 1 0 1 0
2.83333 1 0 1 0
3 1 0 1 0
3.16667 1 0 1 0
3.33333 1 0 1 0
3.5 1 0 1 0
3.66667 0.989247 0.0107527 0.989899 0.010101
3.83333 0.989247 0.0107527 0.989899 0.010101
4 0.975358 0.0126166 0.976566 0.0120469
4.16667 0.964606 0.0188864 0.966465 0.0177915
4.33333 0.964606 0.0188864 0.966465 0.0177915
4.5 0.952701 0.00877837 0.955712 0.00845956
4.66667 0.952701 0.00877837 0.955712 0.00845956
4.83333 0.941948 0.0194373 0.945611 0.0183963
5 0.941948 0.0194373 0.945611 0.0183963
5.16667 0.941948 0.0194373 0.945611 0.0183963
5.33333 0.941948 0.0194373 0.945611 0.0183963
5.5 0.941948 0.0194373 0.945611 0.0183963
5.66667 0.931196 0.0301629 0.93551 0.028449
5.83333 0.931196 0.0301629 0.93551 0.028449
6 0.917307 0.0269405 0.922177 0.0257019
6.16667 0.917307 0.0269405 0.922177 0.0257019
6.33333 0.917307 0.0269405 0.922177 0.0257019
6.5 0.917307 0.0269405 0.922177 0.0257019
6.66667 0.917307 0.0269405 0.922177 0.0257019
6.83333 0.917307 0.0269405 0.922177 0.0257019
7 0.917307 0.0269405 0.922177 0.0257019
7.16667 0.917307 0.0269405 0.922177 0.0257019
7.33333 0.917307 0.0269405 0.922177 0.0257019
7.5 0.906554 0.0366016 0.912076 0.0346538
7.66667 0.870008 0.0353412 0.877889 0.0338786
7.83333 0.870008 0.0353412 0.877889 0.0338786
8 0.870008 0.0353412 0.877889 0.0338786
8.16667 0.870008 0.0353412 0.877889 0.0338786
8.33333 0.870008 0.0353412 0.877889 0.0338786
8.5 0.870008 0.0353412 0.877889 0.0338786
8.66667 0.870008 0.0353412 0.877889 0.0338786
8.83333 0.859255 0.0452551 0.867788 0.0430452
9 0.833461 0.0342553 0.843702 0.0333492
9.16667 0.833461 0.0342553 0.843702 0.0333492
9.33333 0.833461 0.0342553 0.843702 0.0333492
9.5 0.833461 0.0342553 0.843702 0.0333492
9.66667 0.822709 0.04389 0.833601 0.0421671
9.83333 0.822709 0.04389 0.833601 0.0421671
10 0.811956 0.0539489 0.8235 0.051459
11 0.800051 0.0457066 0.812747 0.043662
12 0.774258 0.0334135 0.788661 0.0326649
13 0.739695 0.0333804 0.757054 0.0309522
14 0.703149 0.0307723 0.722867 0.0285801
15 0.677355 0.0182463 0.698781 0.0163315
16 0.677355 0.0182463 0.698781 0.0163315
17 0.611879 0.0180046 0.637276 0.0196447
18 0.611879 0.0180046 0.637276 0.0196447
19 0.601126 0.00905064 0.627175 0.0138228
20 0.578469 0.00360474 0.606321 0.00372712
21 0.567716 0.0102574 0.59622 0.0108883
22 0.556964 0.0207045 0.586119 0.0206707
23 0.534306 0.0287209 0.565266 0.0256724
24 0.471966 0.0144864 0.506993 0.0111283
25 0.409626 0.00842037 0.448719 0.00444116
26 0.409626 0.00842037 0.448719 0.00444116
27 0.385817 0.0322034 0.427214 0.0204934
28 0.385817 0.0322034 0.427214 0.0204934
29 0.361175 0.0201777 0.40378 0.0108883
30 0.347286 0.0201998 0.390446 0.0186207
31 0.309588 0.0405781 0.355608 0.0343255
32 0.309588 0.0405781 0.355608 0.0343255
33 0.28693 0.0406432 0.334754 0.0308079
34 0.28693 0.0406432 0.334754 0.0308079
35 0.273041 0.0421781 0.321421 0.0363816
36 0.262289 0.0318602 0.31132 0.0263275
37 0.251536 0.0219634 0.301219 0.0163315
38 0.216142 0.00512872 0.267683 0.0147442
39 0.216142 0.00512872 0.267683 0.0147442
40 0.205389 0.00616469 0.257582 0.0163851
41 0.205389 0.00616469 0.257582 0.0163851
42 0.194636 0.0167614 0.247481 0.0228826
43 0.180748 0.0168407 0.234148 0.0283044
44 0.154954 0.0157859 0.210062 0.0283275
45 0.154954 0.0157859 0.210062 0.0283275
46 0.154954 0.0157859 0.210062 0.0283275
47 0.141065 0.0292937 0.196729 0.0405921
48 0.141065 0.0292937 0.196729 0.0405921
49 0.141065 0.0292937 0.196729 0.0405921
50 0.141065 0.0292937 0.196729 0.0405921
51 0.141065 0.0292937 0.196729 0.0405921
52 0.141065 0.0292937 0.196729 0.0405921
53 0.12916 0.0235232 0.185976 0.0332237
54 0.115271 0.0371851 0.172643 0.0464894
55 0.115271 0.0371851 0.172643 0.0464894
56 0.103367 0.034584 0.16189 0.0412945
57 0.103367 0.034584 0.16189 0.0412945
58 0.103367 0.034584 0.16189 0.0412945
59 0.0926139 0.0262457 0.151789 0.0360538
60 0.0926139 0.0262457 0.151789 0.0360538
70 0.0699565 0.0159252 0.130935 0.0256234
80 0.0699565 0.0159252 0.130935 0.0256234
90 0.0592038 0.00899275 0.120834 0.0234673
100 0.0592038 0.00899275 0.120834 0.0234673
110 0.0484511 0.0118054 0.110733 0.025474
120 0.0484511 0.0118054 0.110733 0.025474
130 0.0484511 0.0118054 0.110733 0.025474
140 0.0484511 0.0118054 0.110733 0.025474
150 0.0484511 0.0118054 0.110733 0.025474
160 0.0484511 0.0118054 0.110733 0.025474
170 0.0484511 0.0118054 0.110733 0.025474
180 0.0484511 0.0118054 0.110733 0.025474
190 0.0484511 0.0118054 0.110733 0.025474
200 0.0484511 0.0118054 0.110733 0.025474
210 0.0376984 0.0207149 0.100632 0.0308415
220 0.0376984 0.0207149 0.100632 0.0308415
230 0.0238095 0.0238095 0.0872988 0.0374709
240 0.0119048 0.0119048 0.0765461 0.0269088
250 0.0119048 0.0119048 0.0765461 0.0269088
260 0.0119048 0.0119048 0.0765461 0.0269088
270 0.0119048 0.0119048 0.0765461 0.0269088
280 0.0119048 0.0119048 0.0765461 0.0269088
290 0.0119048 0.0119048 0.0765461 0.0269088
300 0.0119048 0.0119048 0.0765461 0.0269088
310 0.0119048 0.0119048 0.0765461 0.0269088
320 0.0119048 0.0119048 0.0765461 0.0269088
330 0.0119048 0.0119048 0.0765461 0.0269088
340 0.0119048 0.0119048 0.0765461 0.0269088
350 0.0119048 0.0119048 0.0765461 0.0269088
360 0.0119048 0.0119048 0.0765461 0.0269088
370 0.0119048 0.0119048 0.0765461 0.0269088
380 0.0119048 0.0119048 0.0765461 0.0269088
390 0.0119048 0.0119048 0.0765461 0.0269088
400 0.0119048 0.0119048 0.0765461 0.0269088
410 0.0119048 0.0119048 0.0765461 0.0269088
420 0.0119048 0.0119048 0.0765461 0.0269088
430 0.0119048 0.0119048 0.0765461 0.0269088
440 0.0119048 0.0119048 0.0765461 0.0269088
450 0.0119048 0.0119048 0.0765461 0.0269088
460 0.0119048 0.0119048 0.0765461 0.0269088
470 0.0119048 0.0119048 0.0765461 0.0269088
480 0.0119048 0.0119048 0.0765461 0.0269088
490 0.0119048 0.0119048 0.0765461 0.0269088
500 0.0119048 0.0119048 0.0765461 0.0269088
510 0.0119048 0.0119048 0.0765461 0.0269088
520 0.0119048 0.0119048 0.0765461 0.0269088
530 0.0119048 0.0119048 0.0765461 0.0269088
540 0.0119048 0.0119048 0.0765461 0.0269088
550 0.0119048 0.0119048 0.0765461 0.0269088
560 0.0119048 0.0119048 0.0765461 0.0269088
570 0.0119048 0.0119048 0.0765461 0.0269088
580 0.0119048 0.0119048 0.0765461 0.0269088
590 0.0119048 0.0119048 0.0765461 0.0269088
600 0.0119048 0.0119048 0.0765461 0.0269088
610 0.0119048 0.0119048 0.0765461 0.0269088
620 0.0119048 0.0119048 0.0765461 0.0269088
630 0.0119048 0.0119048 0.0765461 0.0269088
640 0.0119048 0.0119048 0.0765461 0.0269088
650 0.0119048 0.0119048 0.0765461 0.0269088
660 0.0119048 0.0119048 0.0765461 0.0269088
670 0.0119048 0.0119048 0.0765461 0.0269088
680 0.0119048 0.0119048 0.0765461 0.0269088
690 0.0119048 0.0119048 0.0765461 0.0269088
700 0.0119048 0.0119048 0.0765461 0.0269088
710 0 0 0.0657934 0.0165933
720 0 0 0.0657934 0.0165933
730 0 0 0.0657934 0.0165933
740 0 0 0.0657934 0.0165933
750 0 0 0.0657934 0.0165933
760 0 0 0.0657934 0.0165933
770 0 0 0.0657934 0.0165933
780 0 0 0.0657934 0.0165933
790 0 0 0.0657934 0.0165933
800 0 0 0.0657934 0.0165933
810 0 0 0.0657934 0.0165933
820 0 0 0.0657934 0.0165933
830 0 0 0.0657934 0.0165933
840 0 0 0.0657934 0.0165933
850 0 0 0.0657934 0.0165933
860 0 0 0.0657934 0.0165933
870 0 0 0.0657934 0.0165933
880 0 0 0.0657934 0.0165933
890 0 0 0.0657934 0.0165933
900 0 0 0.0657934 0.0165933
910 0 0 0.0657934 0.0165933
920 0 0 0.0657934 0.0165933
930 0 0 0.0657934 0.0165933
940 0 0 0.0657934 0.0165933
950 0 0 0.0657934 0.0165933
960 0 0 0.0657934 0.0165933
970 0 0 0.0657934 0.0165933
980 0 0 0.0657934 0.0165933
990 0 0 0.0657934 0.0165933
1000 0 0 0.0657934 0.0165933
1010 0 0 0.0657934 0.0165933
1020 0 0 0.0657934 0.0165933
1030 0 0 0.0657934 0.0165933
1040 0 0 0.0657934 0.0165933
1050 0 0 0.0657934 0.0165933
1060 0 0 0.0657934 0.0165933
1070 0 0 0.0657934 0.0165933
1080 0 0 0.0657934 0.0165933
1090 0 0 0.0657934 0.0165933
1100 0 0 0.0657934 0.0165933
1110 0 0 0.0657934 0.0165933
1120 0 0 0.0657934 0.0165933
1130 0 0 0.0657934 0.0165933
1140 0 0 0.0657934 0.0165933
1150 0 0 0.0657934 0.0165933
1160 0 0 0.0657934 0.0165933
1170 0 0 0.0657934 0.0165933
1180 0 0 0.0657934 0.0165933
1190 0 0 0.0657934 0.0165933
1200 0 0 0.0657934 0.0165933
1210 0 0 0.0657934 0.0165933
1220 0 0 0.0657934 0.0165933
1230 0 0 0.0657934 0.0165933
1240 0 0 0.0657934 0.0165933
1250 0 0 0.0657934 0.0165933
1260 0 0 0.0657934 0.0165933
1270 0 0 0.0657934 0.0165933
1280 0 0 0.0657934 0.0165933
1290 0 0 0.0657934 0.0165933
1300 0 0 0.0657934 0.0165933
1310 0 0 0.0657934 0.0165933
1320 0 0 0.0657934 0.0165933
1330 0 0 0.0657934 0.0165933
1340 0 0 0.0657934 0.0165933
1350 0 0 0.0657934 0.0165933
1360 0 0 0.0657934 0.0165933
1370 0 0 0.0657934 0.0165933
1380 0 0 0.0657934 0.0165933
1390 0 0 0.0657934 0.0165933
1400 0 0 0.0657934 0.0165933
1410 0 0 0.0657934 0.0165933
1420 0 0 0.0657934 0.0165933
1430 0 0 0.0657934 0.0165933
1440 0 0 0.0657934 0.0165933


Time || Bleached_RelInit SEM_RelInit
1 0 0.104974
2 0 0.0896897
3 0.010533 0.0890543
4 0.0204277 0.0620785
5 0.0334887 0.0793548
6 0.0334887 0.0793548
7 0.0465496 0.0743816
8 0.0465496 0.0743816
9 0.0465496 0.105009
10 0.0564443 0.0966212
11 0.066339 0.0993918
12 0.0762336 0.0970009
13 0.0892946 0.089394
14 0.0892946 0.0891025
15 0.0998276 0.0991024
16 0.123422 0.0897672
17 0.160077 0.0794278
18 0.160077 0.080433
19 0.160077 0.080433
20 0.169971 0.0894275
21 0.169971 0.0863589
22 0.169971 0.0879573
23 0.166805 0.0862407
24 0.192927 0.100449
25 0.202822 0.0965423
26 0.202822 0.113159
27 0.212716 0.110595
28 0.212716 0.124396
29 0.222611 0.117875
30 0.232506 0.115415
40 0.349595 0.120293
50 0.422688 0.115182
60 0.482936 0.117291
70 0.540019 0.107965
80 0.598749 0.13546
90 0.600026 0.142155
100 0.686154 0.0969289
110 0.72217 0.141874
120 0.768082 0.113298
130 0.802209 0.139906
140 0.852563 0.128737
150 0.915123 0.0924461
160 0.939355 0.112672
170 0.978934 0.0980057
180 1 0.0553249
190 0.990105 0.0683081
200 0.973878 0.0908511
210 0.97135 0.115848
220 0.961455 0.0765002
230 0.951561 0.0894806
240 0.950922 0.100479
250 0.95345 0.129801
260 0.944194 0.114871
270 0.944194 0.132695
280 0.925656 0.113828
290 0.957255 0.142381
300 0.967788 0.142916
310 0.947999 0.147511
320 0.96106 0.155222
330 0.934938 0.140186
340 0.934938 0.140186
350 0.93241 0.114828
360 0.945471 0.137509
370 0.945471 0.160329
380 0.91451 0.140505
390 0.956004 0.129874
400 0.953476 0.162467
410 0.935576 0.140708
420 0.936214 0.156784
430 0.869237 0.152269
440 0.837638 0.147483
450 0.838915 0.139684
460 0.859342 0.134597
470 0.869876 0.132949
480 0.869876 0.132949
490 0.859342 0.145491
500 0.839553 0.15627
510 0.812793 0.140386
520 0.812793 0.13329
530 0.812793 0.13329
540 0.812793 0.13329
550 0.793004 0.141722
560 0.793004 0.141722
570 0.739087 0.147285
630 0.752148 0.15206
690 0.70496 0.130097
750 0.643039 0.154548
810 0.576061 0.150161
870 0.528873 0.118254
930 0.528873 0.0982925
990 0.408375 0.0693141
1050 0.408375 0.0693141
1110 0.388586 0.0664291
1170 0.347731 0.0736011
1230 0.327941 0.0763773
1290 0.308152 0.0838636
1350 0.267297 0.098016
1410 0.153131 0.08202
1470 0.0389658 0.0741767
1530 0.0389658 0.0741767
1590 0 0.101872
1650 0 0.101872
1710 0 0.0845328
1770 0 0.0770184
1830 0 0.101848
1890 0 0.101848
1950 0 0.105726
2010 0 0.105726
2070 0 0.102594
2130 0 0.0901127
2190 0 0.0806117
2250 0 0.0651803
2310 0 0.0651803
2370 0 0.0667771
2430 0 0.0667771
2490 0 0.0738453
2550 0 0.0665477
2610 0 0.0633525
2670 0 0.0633525
2730 0 0.0633525
2790 0 0.0718898
2850 0 0.0718898
2910 0 0.0718898
2970 0 0.0718898
3030 0 0.0718898
3090 0 0.0718898
3150 0 0.0689216
3210 0 0.0819708
3270 0 0.0819708
3330 0 0.0814771
3390 0 0.0814771
3450 0 0.0814771
3510 0 0.0713955
3570 0 0.0713955
4170 0 0.0656693
4770 0 0.0656693
5370 0 0.0626166
5970 0 0.0684793
6570 0 0.0655576
7170 0 0.0655576
7770 0 0.0655576
8370 0 0.0655576
8970 0 0.0655576
9570 0 0.0764828
10170 0 0.0764828
10770 0 0.0764828
11370 0 0.0764828
11970 0 0.0745234
12570 0 0.0718479
13170 0 0.0718479
13770 0 0.0709229
14370 0 0.067722
14970 0 0.067722
15570 0 0.067722
16170 0 0.067722
16770 0 0.067722
17370 0 0.067722
17970 0 0.067722
18570 0 0.067722
19170 0 0.067722
19770 0 0.067722
20370 0 0.067722
20970 0 0.067722
21570 0 0.067722
22170 0 0.067722
22770 0 0.067722
23370 0 0.067722
23970 0 0.067722
24570 0 0.067722
25170 0 0.067722
25770 0 0.067722
26370 0 0.067722
26970 0 0.067722
27570 0 0.067722
28170 0 0.067722
28770 0 0.067722
29370 0 0.067722
29970 0 0.067722
30570 0 0.067722
31170 0 0.067722
31770 0 0.067722
32370 0 0.067722
32970 0 0.067722
33570 0 0.067722
34170 0 0.067722
34770 0 0.067722
35370 0 0.067722
35970 0 0.067722
36570 0 0.067722
37170 0 0.067722
37770 0 0.067722
38370 0 0.067722
38970 0 0.067722
39570 0 0.067722
40170 0 0.067722
40770 0 0.067722
41370 0 0.067722
41970 0 0.0575122
42570 0 0.0535152
43170 0 0.0535152
43770 0 0.0535152
44370 0 0.0535152
44970 0 0.0535152
45570 0 0.0535152
46170 0 0.0535152
46770 0 0.0535152
47370 0 0.0535152
47970 0 0.0535152
48570 0 0.0535152
49170 0 0.0535152
49770 0 0.0535152
50370 0 0.0535152
50970 0 0.0535152
51570 0 0.0535152
52170 0 0.0535152
52770 0 0.0535152
53370 0 0.0535152
53970 0 0.0535152
54570 0 0.0535152
55170 0 0.0535152
55770 0 0.0535152
56370 0 0.0535152
56970 0 0.0535152
57570 0 0.0535152
58170 0 0.0535152
58770 0 0.0535152
59370 0 0.0535152
59970 0 0.0535152
60570 0 0.0535152
61170 0 0.0535152
61770 0 0.0535152
62370 0 0.0535152
62970 0 0.0535152
63570 0 0.0535152
64170 0 0.0535152
64770 0 0.0535152
65370 0 0.0535152
65970 0 0.0535152
66570 0 0.0535152
67170 0 0.0535152
67770 0 0.0535152
68370 0 0.0535152
68970 0 0.0535152
69570 0 0.0535152
70170 0 0.0535152
70770 0 0.0535152
71370 0 0.0535152
71970 0 0.0535152
72570 0 0.0535152
73170 0 0.0535152
73770 0 0.0535152
74370 0 0.0535152
74970 0 0.0535152
75570 0 0.0535152
76170 0 0.0535152
76770 0 0.0535152
77370 0 0.0535152
77970 0 0.0535152
78570 0 0.0535152
79170 0 0.0535152
79770 0 0.0535152
80370 0 0.0535152
80970 0 0.0535152
81570 0 0.0535152
82170 0 0.0535152
82770 0 0.0535152
83370 0 0.0535152
83970 0 0.0535152
84570 0 0.0535152
85170 0 0.0535152
85770 0 0.0535152
86370 0 0.0535152


Original_Seperation_of_Misrepair
# Separation (nm) | Normalised Frequency


Time_of_Misrepair_Interactions
# Time of Interaction (s) | Normalised Frequency


MSD_of_DSB
# Time (s) | MSD


Displacement_at_End
# Displacement (nm) | Normalised Frequency
46.8 0.5
106.6 0.5
140.4 0.5
161.2 0.25
169 0.5
189.8 0.5
192.4 0.5
205.4 0.25
234 0.75
239.2 0.25
257.4 0.25
296.4 0.5
301.6 0.5
312 0.5
325 0.25
330.2 0.5
351 0.75
371.8 0.5
377 0.25
439.4 0.5
449.8 0.5
478.4 0.5
488.8 0.5
509.6 0.5
525.2 0.5
533 0.5
553.8 0.5
556.4 0.5
566.8 0.5
572 0.5
579.8 0.5
592.8 0.5
598 0.5
605.8 0.25
624 0.5
629.2 1
634.4 0.5
660.4 0.25
665.6 0.5
670.8 0.5
673.4 0.5
678.6 0.5
702 0.5
717.6 0.5
720.2 0.5
741 0.5
767 0.5
785.2 0.5
795.6 0.5
811.2 0.5
826.8 1
839.8 0.5
847.6 0.5
878.8 0.5
891.8 0.5
923 0.5
925.6 0.5
954.2 0.5
980.2 0.5
998.4 0.5
1024.4 0.5
1032.2 0.5
1076.4 1
1094.6 0.5
1136.2 0.5
1154.4 0.5
1159.6 0.5
1193.4 0.5
1206.4 0.5
1232.4 0.5
1266.2 0.5
1352 0.5
1362.4 0.25
1367.6 0.5
1508 0.5
1513.2 0.5
1515.8 0.5
1547 0.5
1591.2 0.25
1606.8 0.5
1627.6 0.5
1674.4 0.5
1755 0.5
1781 0.5
1838.2 0.5
1885 0.5
1942.2 0.5
1999.4 0.5
2355.6 0.5
2828.8 0.5


Displacement_of_ResidualEnds
161.2 1
205.4 1
234 1
239.2 1
257.4 1
325 1
351 1
377 1
605.8 1
660.4 1
1362.4 1
1591.2 1


Displacement_of_ResidualSyn


