#Time | Normalised to Self | SEM_NTS | Normalised to Initial DSBs | SEM_NTI
Ku_Recruitment
0 0 0
0.0166667 0.402721 0.0245125
0.0333333 0.494216 0.036768
0.05 0.560832 0.0430437
0.0666667 0.619329 0.0369426
0.0833333 0.671588 0.0275315
0.1 0.702027 0.0353524
0.116667 0.728718 0.0296931
0.133333 0.757512 0.0189628
0.15 0.784344 0.020542
0.166667 0.80433 0.0259419
0.183333 0.822902 0.0294548
0.2 0.841066 0.0287172
0.216667 0.858132 0.0267557
0.233333 0.881866 0.0257525
0.25 0.889389 0.0314204
0.266667 0.904763 0.0404734
0.283333 0.908548 0.0418878
0.3 0.915432 0.0433097
0.316667 0.93246 0.0393872
0.333333 0.943639 0.0317253
0.35 0.941816 0.0258403
0.366667 0.943499 0.0326948
0.383333 0.945471 0.0278422
0.4 0.953274 0.0290514
0.416667 0.949348 0.0266372
0.433333 0.955645 0.0259417
0.45 0.966824 0.0238497
0.466667 0.968647 0.0184254
0.483333 0.971158 0.0189071
0.5 0.967093 0.0260394
0.516667 0.962071 0.0284086
0.533333 0.969465 0.0337032
0.55 0.969874 0.0372305
0.566667 0.972572 0.0263932
0.583333 0.977315 0.0419281
0.6 0.977455 0.0338007
0.616667 0.973438 0.0359858
0.633333 0.985444 0.0306404
0.65 0.987407 0.0300958
0.666667 0.980422 0.0268472
0.683333 0.980422 0.0305525
0.7 0.982246 0.0338387
0.716667 0.985165 0.0334154
0.733333 0.979008 0.0309331
0.75 0.985853 0.0297298
0.766667 0.994112 0.0301314
0.783333 0.993564 0.0277717
0.8 0.991192 0.0266662
0.816667 0.989369 0.031475
0.833333 0.993703 0.0298359
0.85 0.991192 0.0257568
0.866667 0.991053 0.0267746
0.883333 0.993016 0.0207025
0.9 0.984934 0.0363375
0.916667 0.987994 0.0343894
0.933333 1 0.0343554
0.95 1 0.0413576
0.966667 1 0.0356916
0.983333 0.995257 0.0341692
1 0.995257 0.0408072


PKcs_Recruitment
0 0 0
0.0166667 0.162775 0.0215324
0.0333333 0.32311 0.0246805
0.05 0.440908 0.0293499
0.0666667 0.52367 0.0223016
0.0833333 0.59492 0.0268468
0.1 0.635775 0.0336042
0.116667 0.694048 0.0265609
0.133333 0.715091 0.0179922
0.15 0.753834 0.0201815
0.166667 0.76915 0.0244297
0.183333 0.789923 0.0262232
0.2 0.822609 0.0285851
0.216667 0.831319 0.02631
0.233333 0.86039 0.0251275
0.25 0.857538 0.0306876
0.266667 0.879863 0.0399709
0.283333 0.890544 0.0413964
0.3 0.892376 0.0413629
0.316667 0.911636 0.0389785
0.333333 0.93296 0.031533
0.35 0.927923 0.0244384
0.366667 0.943641 0.0327764
0.383333 0.940436 0.0271357
0.4 0.94351 0.0287846
0.416667 0.949378 0.0266653
0.433333 0.946444 0.0260465
0.45 0.962582 0.0239166
0.466667 0.966526 0.0180427
0.483333 0.964965 0.0186785
0.5 0.959919 0.0259973
0.516667 0.964133 0.0284323
0.533333 0.964544 0.0331739
0.55 0.961562 0.0367624
0.566667 0.955564 0.0255975
0.583333 0.967666 0.0418481
0.6 0.972852 0.033865
0.616667 0.962901 0.0358549
0.633333 0.975974 0.0304544
0.65 0.983263 0.0302022
0.666667 0.978768 0.0267549
0.683333 0.981151 0.0304437
0.7 0.98046 0.0338235
0.716667 0.978488 0.0334945
0.733333 0.979179 0.0309955
0.75 0.986056 0.029783
0.766667 0.986056 0.029783
0.783333 0.982983 0.0274936
0.8 0.984544 0.0266928
0.816667 0.984273 0.0312412
0.833333 0.993944 0.0298899
0.85 0.993393 0.0257562
0.866667 0.993393 0.0267965
0.883333 0.995365 0.0206642
0.9 0.989628 0.0365107
0.916667 0.988207 0.0344768
0.933333 0.995225 0.0338426
0.95 0.99972 0.0412472
0.966667 1 0.0355437
0.983333 0.995235 0.0339997
1 0.987806 0.0405049


XRCC4_Recruitment
0 0 0
0.0166667 0 0
0.0333333 0 0
0.05 0.00804832 0.00804832
0.0666667 0.00804832 0.00804832
0.0833333 0.0165701 0.00829518
0.1 0.0246184 0.0139481
0.116667 0.0246184 0.0139481
0.133333 0.0483226 0.0163719
0.15 0.0648927 0.0240494
0.166667 0.0819362 0.0388039
0.183333 0.0819362 0.0388039
0.2 0.0971186 0.041979
0.216667 0.0971186 0.041979
0.233333 0.0971186 0.041979
0.25 0.103779 0.0377613
0.266667 0.112301 0.0462512
0.283333 0.120349 0.0433947
0.3 0.12701 0.039053
0.316667 0.12701 0.039053
0.333333 0.12701 0.039053
0.35 0.12701 0.039053
0.366667 0.135058 0.0366742
0.383333 0.135058 0.0366742
0.4 0.158289 0.0381732
0.416667 0.158289 0.0381732
0.433333 0.166337 0.0376027
0.45 0.172998 0.0318729
0.466667 0.187707 0.0261846
0.483333 0.187707 0.0261846
0.5 0.196229 0.0334575
0.516667 0.196229 0.0334575
0.533333 0.211411 0.0362031
0.55 0.211411 0.0362031
0.566667 0.211411 0.0362031
0.583333 0.235116 0.0487683
0.6 0.241776 0.0453269
0.616667 0.248437 0.0426549
0.633333 0.248437 0.0426549
0.65 0.248437 0.0426549
0.666667 0.263146 0.0352045
0.683333 0.256485 0.0379384
0.7 0.256485 0.0379384
0.716667 0.256485 0.0379384
0.733333 0.263146 0.0352045
0.75 0.263146 0.0352045
0.766667 0.263146 0.0352045
0.783333 0.271194 0.0305809
0.8 0.277855 0.0277551
0.816667 0.286377 0.0361572
0.833333 0.286377 0.0361572
0.85 0.294425 0.0317889
0.866667 0.294425 0.0317889
0.883333 0.309134 0.0245598
0.9 0.347547 0.0307945
0.916667 0.354208 0.0284125
0.933333 0.36273 0.0367041
0.95 0.371251 0.0450816
0.966667 0.371251 0.0450816
0.983333 0.371251 0.0450816
1 0.387821 0.0489616
1.16667 0.425761 0.0428152
1.33333 0.497919 0.00824059
1.5 0.54438 0.00934229
1.66667 0.599363 0.0198841
1.83333 0.649547 0.047992
2 0.694621 0.0490837
2.16667 0.717378 0.0393749
2.33333 0.744935 0.0138569
2.5 0.756869 0.0166457
2.66667 0.795723 0.0156814
2.83333 0.812293 0.0165062
3 0.860142 0.0295349
3.16667 0.858754 0.0173514
3.33333 0.866803 0.0253849
3.5 0.850233 0.0224138
3.66667 0.88956 0.0383836
3.83333 0.898082 0.0339811
4 0.926112 0.0350225
4.16667 0.934634 0.0285371
4.33333 0.957391 0.0424022
4.5 0.9721 0.0488125
4.66667 0.989144 0.0368159
4.83333 0.991478 0.0287364
5 1 0.0307545


DSB_Residual
0 -51.4248 -0 1 0
0.0166667 -51.4248 -0 1 0
0.0333333 -51.4248 -0 1 0
0.05 -51.4248 -0 1 0
0.0666667 -51.4248 -0 1 0
0.0833333 -51.4248 -0 1 0
0.1 -51.4248 -0 1 0
0.116667 -51.4248 -0 1 0
0.133333 -51.4248 -0 1 0
0.15 -51.4248 -0 1 0
0.166667 -51.4248 -0 1 0
0.183333 -51.4248 -0 1 0
0.2 -51.4248 -0 1 0
0.216667 -51.4248 -0 1 0
0.233333 -51.4248 -0 1 0
0.25 -51.4248 -0 1 0
0.266667 -51.4248 -0 1 0
0.283333 -51.4248 -0 1 0
0.3 -51.4248 -0 1 0
0.316667 -51.4248 -0 1 0
0.333333 -51.4248 -0 1 0
0.35 -51.4248 -0 1 0
0.366667 -51.4248 -0 1 0
0.383333 -51.4248 -0 1 0
0.4 -51.4248 -0 1 0
0.416667 -51.4248 -0 1 0
0.433333 -51.4248 -0 1 0
0.45 -51.4248 -0 1 0
0.466667 -51.4248 -0 1 0
0.483333 -51.4248 -0 1 0
0.5 -51.4248 -0 1 0
0.516667 -51.4248 -0 1 0
0.533333 -51.4248 -0 1 0
0.55 -51.4248 -0 1 0
0.566667 -51.4248 -0 1 0
0.583333 -51.4248 -0 1 0
0.6 -51.4248 -0 1 0
0.616667 -51.4248 -0 1 0
0.633333 -51.4248 -0 1 0
0.65 -51.4248 -0 1 0
0.666667 -51.4248 -0 1 0
0.683333 -51.2278 -0.19703 0.996169 0.00383142
0.7 -51.2278 -0.19703 0.996169 0.00383142
0.716667 -51.2278 -0.19703 0.996169 0.00383142
0.733333 -51.2278 -0.19703 0.996169 0.00383142
0.75 -51.2278 -0.19703 0.996169 0.00383142
0.766667 -51.2278 -0.19703 0.996169 0.00383142
0.783333 -51.2278 -0.19703 0.996169 0.00383142
0.8 -51.2278 -0.19703 0.996169 0.00383142
0.816667 -51.2278 -0.19703 0.996169 0.00383142
0.833333 -51.2278 -0.19703 0.996169 0.00383142
0.85 -51.2278 -0.19703 0.996169 0.00383142
0.866667 -51.2278 -0.19703 0.996169 0.00383142
0.883333 -51.2278 -0.19703 0.996169 0.00383142
0.9 -51.2278 -0.19703 0.996169 0.00383142
0.916667 -51.2278 -0.19703 0.996169 0.00383142
0.933333 -51.2278 -0.19703 0.996169 0.00383142
0.95 -51.2278 -0.19703 0.996169 0.00383142
0.966667 -51.2278 -0.19703 0.996169 0.00383142
0.983333 -51.2278 -0.19703 0.996169 0.00383142
1 -51.2278 -0.19703 0.996169 0.00383142
1.16667 -51.2278 -0.19703 0.996169 0.00383142
1.33333 -51.2278 -0.19703 0.996169 0.00383142
1.5 -51.0308 -0.39406 0.992337 0.00766284
1.66667 -51.0308 -0.39406 0.992337 0.00766284
1.83333 -51.0308 -0.39406 0.992337 0.00766284
2 -51.0308 -0.39406 0.992337 0.00766284
2.16667 -50.5817 -0.513741 0.983604 0.00999013
2.33333 -50.3296 -0.552778 0.978702 0.0107492
2.5 -50.0915 -0.318572 0.974072 0.0061949
2.66667 -50.0915 -0.318572 0.974072 0.0061949
2.83333 -49.8945 -0.476434 0.970241 0.00926467
3 -49.4454 -0.662953 0.961507 0.0128917
3.16667 -48.7722 -0.448418 0.948417 0.00871987
3.33333 -48.5341 -0.369256 0.943787 0.00718049
3.5 -48.0439 -0.178097 0.934256 0.00346324
3.66667 -48.0439 -0.178097 0.934256 0.00346324
3.83333 -47.8059 -0.365648 0.929626 0.00711034
4 -47.3017 -0.297343 0.919822 0.0057821
4.16667 -47.1047 -0.11673 0.915991 0.00226992
4.33333 -46.9076 -0.128376 0.912159 0.00249638
4.5 -46.4315 -0.364461 0.9029 0.00708726
4.66667 -46.4315 -0.364461 0.9029 0.00708726
4.83333 -45.9964 -0.548472 0.894439 0.0106655
5 -45.7443 -0.373853 0.889537 0.0072699
5.16667 -45.5062 -0.611902 0.884907 0.011899
5.33333 -45.2541 -0.52957 0.880005 0.0102979
5.5 -44.8601 -0.316895 0.872342 0.00616229
5.66667 -43.9208 -0.222329 0.854077 0.00432338
5.83333 -43.9208 -0.222329 0.854077 0.00432338
6 -43.9208 -0.222329 0.854077 0.00432338
6.16667 -43.9208 -0.222329 0.854077 0.00432338
6.33333 -43.9208 -0.222329 0.854077 0.00432338
6.5 -43.9208 -0.222329 0.854077 0.00432338
6.66667 -43.2476 -0.555019 0.840987 0.0107928
6.83333 -42.7715 -1.03066 0.831728 0.0200421
7 -42.0843 -1.04366 0.818365 0.0202948
7.16667 -42.0843 -1.04366 0.818365 0.0202948
7.33333 -41.8462 -1.28172 0.813735 0.0249242
7.5 -41.6492 -1.19366 0.809903 0.0232118
7.66667 -41.4521 -1.13335 0.806072 0.0220389
7.83333 -41.4521 -1.13335 0.806072 0.0220389
8 -41.4521 -1.13335 0.806072 0.0220389
8.16667 -41.003 -0.904828 0.797339 0.0175952
8.33333 -40.5269 -1.36547 0.788079 0.0265527
8.5 -40.3298 -1.31756 0.784248 0.025621
8.66667 -40.1328 -1.29809 0.780417 0.0252425
8.83333 -39.6286 -0.906344 0.770613 0.0176246
9 -39.4316 -0.865367 0.766781 0.0168278
9.16667 -39.2346 -0.868276 0.76295 0.0168844
9.33333 -39.0375 -0.914652 0.759118 0.0177862
9.5 -38.5884 -0.746382 0.750385 0.014514
9.66667 -38.0983 -0.644804 0.740853 0.0125388
9.83333 -37.9012 -0.712387 0.737022 0.013853
10 -37.9012 -0.712387 0.737022 0.013853
11 -35.6837 -0.800592 0.6939 0.0155682
12 -35.0105 -1.03695 0.680809 0.0201644
13 -33.9152 -1.06243 0.659511 0.02066
14 -32.7789 -1.02981 0.637415 0.0200255
15 -29.7781 -0.715435 0.579061 0.0139122
16 -28.3487 -0.471013 0.551264 0.00915924
17 -26.6213 -1.08337 0.517673 0.021067
18 -25.343 -1.56794 0.492816 0.03049
19 -24.1106 -1.19224 0.468851 0.0231842
20 -23.6344 -0.738485 0.459592 0.0143605
21 -22.7092 -0.49069 0.441599 0.00954189
22 -22.036 -0.409902 0.428508 0.00797089
23 -20.5056 -0.798686 0.398749 0.0155311
24 -19.1312 -0.705963 0.372023 0.0137281
25 -18.0089 -0.735631 0.350199 0.014305
26 -17.5188 -0.491512 0.340667 0.00955787
27 -16.4375 -0.833317 0.319642 0.0162046
28 -15.5123 -0.714719 0.301649 0.0138983
29 -15.0631 -0.735635 0.292916 0.014305
30 -14.628 -0.851031 0.284455 0.016549
31 -14.431 -1.0407 0.280623 0.0202373
32 -13.2126 -0.592048 0.25693 0.0115129
33 -12.2873 -0.672256 0.238938 0.0130726
34 -10.913 -0.621626 0.212212 0.012088
35 -10.0838 -1.01531 0.196088 0.0197435
36 -10.0838 -1.01531 0.196088 0.0197435
37 -8.76446 -1.30833 0.170432 0.0254415
38 -8.52638 -1.40874 0.165803 0.0273942
39 -8.52638 -1.40874 0.165803 0.0273942
40 -7.62815 -1.15747 0.148336 0.0225081
41 -7.37607 -0.920835 0.143434 0.0179064
42 -7.37607 -0.920835 0.143434 0.0179064
43 -7.37607 -0.920835 0.143434 0.0179064
44 -7.37607 -0.920835 0.143434 0.0179064
45 -7.12399 -0.695139 0.138532 0.0135176
46 -7.12399 -0.695139 0.138532 0.0135176
47 -6.18472 -0.446015 0.120267 0.00867315
48 -5.74961 -0.599991 0.111806 0.0116673
49 -5.74961 -0.599991 0.111806 0.0116673
50 -5.04841 -0.471264 0.0981707 0.00916414
51 -5.04841 -0.471264 0.0981707 0.00916414
52 -5.04841 -0.471264 0.0981707 0.00916414
53 -5.04841 -0.471264 0.0981707 0.00916414
54 -5.04841 -0.471264 0.0981707 0.00916414
55 -4.37523 -0.506367 0.08508 0.00984673
56 -4.37523 -0.506367 0.08508 0.00984673
57 -4.37523 -0.506367 0.08508 0.00984673
58 -3.89907 -0.725191 0.0758207 0.0141019
59 -3.64699 -0.487726 0.0709188 0.00948425
60 -3.14282 -0.207607 0.0611149 0.0040371
70 -1.76844 -0.298945 0.0343889 0.00581325
80 -1.76844 -0.298945 0.0343889 0.00581325
90 -1.53036 -0.476434 0.0297592 0.00926467
100 -1.33333 -0.318572 0.0259278 0.0061949
110 -1.33333 -0.318572 0.0259278 0.0061949
120 -1.33333 -0.318572 0.0259278 0.0061949
130 -1.33333 -0.318572 0.0259278 0.0061949
140 -1.33333 -0.318572 0.0259278 0.0061949
150 -1.33333 -0.318572 0.0259278 0.0061949
160 -1.33333 -0.318572 0.0259278 0.0061949
170 -1.33333 -0.318572 0.0259278 0.0061949
180 -1.33333 -0.318572 0.0259278 0.0061949
190 -1.33333 -0.318572 0.0259278 0.0061949
200 -1.33333 -0.318572 0.0259278 0.0061949
210 -1.33333 -0.318572 0.0259278 0.0061949
220 -1.33333 -0.318572 0.0259278 0.0061949
230 -1.33333 -0.318572 0.0259278 0.0061949
240 -1.33333 -0.318572 0.0259278 0.0061949
250 -1.33333 -0.318572 0.0259278 0.0061949
260 -1.33333 -0.318572 0.0259278 0.0061949
270 -1.33333 -0.318572 0.0259278 0.0061949
280 -1.33333 -0.318572 0.0259278 0.0061949
290 -1.33333 -0.318572 0.0259278 0.0061949
300 -1.33333 -0.318572 0.0259278 0.0061949
310 -1.33333 -0.318572 0.0259278 0.0061949
320 -1.33333 -0.318572 0.0259278 0.0061949
330 -1.33333 -0.318572 0.0259278 0.0061949
340 -1.33333 -0.318572 0.0259278 0.0061949
350 -1.33333 -0.318572 0.0259278 0.0061949
360 -1.33333 -0.318572 0.0259278 0.0061949
370 -1.33333 -0.318572 0.0259278 0.0061949
380 -1.33333 -0.318572 0.0259278 0.0061949
390 -1.33333 -0.318572 0.0259278 0.0061949
400 -1.33333 -0.318572 0.0259278 0.0061949
410 -1.33333 -0.318572 0.0259278 0.0061949
420 -1.33333 -0.318572 0.0259278 0.0061949
430 -1.33333 -0.318572 0.0259278 0.0061949
440 -1.33333 -0.318572 0.0259278 0.0061949
450 -1.33333 -0.318572 0.0259278 0.0061949
460 -1.33333 -0.318572 0.0259278 0.0061949
470 -1.33333 -0.318572 0.0259278 0.0061949
480 -1.33333 -0.318572 0.0259278 0.0061949
490 -1.33333 -0.318572 0.0259278 0.0061949
500 -1.33333 -0.318572 0.0259278 0.0061949
510 -1.33333 -0.318572 0.0259278 0.0061949
520 -1.33333 -0.318572 0.0259278 0.0061949
530 -1.33333 -0.318572 0.0259278 0.0061949
540 -1.33333 -0.318572 0.0259278 0.0061949
550 -1.33333 -0.318572 0.0259278 0.0061949
560 -1.33333 -0.318572 0.0259278 0.0061949
570 -1.33333 -0.318572 0.0259278 0.0061949
580 -1.33333 -0.318572 0.0259278 0.0061949
590 -1.33333 -0.318572 0.0259278 0.0061949
600 -1.33333 -0.318572 0.0259278 0.0061949
610 -1.33333 -0.318572 0.0259278 0.0061949
620 -1.33333 -0.318572 0.0259278 0.0061949
630 -1.33333 -0.318572 0.0259278 0.0061949
640 -1.33333 -0.318572 0.0259278 0.0061949
650 -1.33333 -0.318572 0.0259278 0.0061949
660 -1.33333 -0.318572 0.0259278 0.0061949
670 -1.33333 -0.318572 0.0259278 0.0061949
680 -1.33333 -0.318572 0.0259278 0.0061949
690 -1.33333 -0.318572 0.0259278 0.0061949
700 -1.33333 -0.318572 0.0259278 0.0061949
710 -1.33333 -0.318572 0.0259278 0.0061949
720 -1.33333 -0.318572 0.0259278 0.0061949
730 -1.33333 -0.318572 0.0259278 0.0061949
740 -1.33333 -0.318572 0.0259278 0.0061949
750 -1.33333 -0.318572 0.0259278 0.0061949
760 -1.33333 -0.318572 0.0259278 0.0061949
770 -1.33333 -0.318572 0.0259278 0.0061949
780 -1.33333 -0.318572 0.0259278 0.0061949
790 -1.33333 -0.318572 0.0259278 0.0061949
800 -1.33333 -0.318572 0.0259278 0.0061949
810 -1.33333 -0.318572 0.0259278 0.0061949
820 -1.33333 -0.318572 0.0259278 0.0061949
830 -1.33333 -0.318572 0.0259278 0.0061949
840 -1.33333 -0.318572 0.0259278 0.0061949
850 -1.33333 -0.318572 0.0259278 0.0061949
860 -1.33333 -0.318572 0.0259278 0.0061949
870 -1.33333 -0.318572 0.0259278 0.0061949
880 -1.33333 -0.318572 0.0259278 0.0061949
890 -1.33333 -0.318572 0.0259278 0.0061949
900 -1.33333 -0.318572 0.0259278 0.0061949
910 -1.33333 -0.318572 0.0259278 0.0061949
920 -1.33333 -0.318572 0.0259278 0.0061949
930 -1.33333 -0.318572 0.0259278 0.0061949
940 -1.33333 -0.318572 0.0259278 0.0061949
950 -1.33333 -0.318572 0.0259278 0.0061949
960 -1.33333 -0.318572 0.0259278 0.0061949
970 -1.33333 -0.318572 0.0259278 0.0061949
980 -1.33333 -0.318572 0.0259278 0.0061949
990 -1.33333 -0.318572 0.0259278 0.0061949
1000 -1.33333 -0.318572 0.0259278 0.0061949
1010 -1.33333 -0.318572 0.0259278 0.0061949
1020 -1.33333 -0.318572 0.0259278 0.0061949
1030 -1.33333 -0.318572 0.0259278 0.0061949
1040 -1.33333 -0.318572 0.0259278 0.0061949
1050 -1.33333 -0.318572 0.0259278 0.0061949
1060 -1.33333 -0.318572 0.0259278 0.0061949
1070 -1.33333 -0.318572 0.0259278 0.0061949
1080 -1.33333 -0.318572 0.0259278 0.0061949
1090 -1.33333 -0.318572 0.0259278 0.0061949
1100 -1.33333 -0.318572 0.0259278 0.0061949
1110 -1.33333 -0.318572 0.0259278 0.0061949
1120 -1.33333 -0.318572 0.0259278 0.0061949
1130 -1.33333 -0.318572 0.0259278 0.0061949
1140 -1.33333 -0.318572 0.0259278 0.0061949
1150 -1.33333 -0.318572 0.0259278 0.0061949
1160 -1.33333 -0.318572 0.0259278 0.0061949
1170 -1.33333 -0.318572 0.0259278 0.0061949
1180 -1.33333 -0.318572 0.0259278 0.0061949
1190 -1.33333 -0.318572 0.0259278 0.0061949
1200 -1.33333 -0.318572 0.0259278 0.0061949
1210 -1.33333 -0.318572 0.0259278 0.0061949
1220 -1.33333 -0.318572 0.0259278 0.0061949
1230 -1.33333 -0.318572 0.0259278 0.0061949
1240 -1.33333 -0.318572 0.0259278 0.0061949
1250 -1.33333 -0.318572 0.0259278 0.0061949
1260 -1.33333 -0.318572 0.0259278 0.0061949
1270 -1.33333 -0.318572 0.0259278 0.0061949
1280 -1.33333 -0.318572 0.0259278 0.0061949
1290 -1.33333 -0.318572 0.0259278 0.0061949
1300 -1.33333 -0.318572 0.0259278 0.0061949
1310 -1.33333 -0.318572 0.0259278 0.0061949
1320 -1.33333 -0.318572 0.0259278 0.0061949
1330 -1.33333 -0.318572 0.0259278 0.0061949
1340 -1.33333 -0.318572 0.0259278 0.0061949
1350 -1.33333 -0.318572 0.0259278 0.0061949
1360 -1.33333 -0.318572 0.0259278 0.0061949
1370 -1.33333 -0.318572 0.0259278 0.0061949
1380 -1.33333 -0.318572 0.0259278 0.0061949
1390 -1.33333 -0.318572 0.0259278 0.0061949
1400 -1.33333 -0.318572 0.0259278 0.0061949
1410 -1.33333 -0.318572 0.0259278 0.0061949
1420 -1.33333 -0.318572 0.0259278 0.0061949
1430 -1.33333 -0.318572 0.0259278 0.0061949
1440 -1.33333 -0.318572 0.0259278 0.0061949


DSBEnd
0 1 0 1 0
0.0166667 0.151759 0.0129483 0.151759 0.0129483
0.0333333 0.0778538 0.0131841 0.0778538 0.0131841
0.05 0.0564383 0.00962287 0.0564383 0.00962287
0.0666667 0.0346518 0.00631013 0.0346518 0.00631013
0.0833333 0.0395538 0.0014549 0.0395538 0.0014549
0.1 0.0533534 0.0194422 0.0533534 0.0194422
0.116667 0.0369666 0.00783672 0.0369666 0.00783672
0.133333 0.0313556 0.00547882 0.0313556 0.00547882
0.15 0.0350509 0.00767025 0.0350509 0.00767025
0.166667 0.0383001 0.0122412 0.0383001 0.0122412
0.183333 0.0398261 0.0068425 0.0398261 0.0068425
0.2 0.0324731 0.00390695 0.0324731 0.00390695
0.216667 0.0245474 0.00664952 0.0245474 0.00664952
0.233333 0.0114473 0.00285983 0.0114473 0.00285983
0.25 0.0196454 0.00289074 0.0196454 0.00289074
0.266667 0.0201807 0.00471591 0.0201807 0.00471591
0.283333 0.0184387 0.0100261 0.0184387 0.0100261
0.3 0.0241483 0.0089087 0.0241483 0.0089087
0.316667 0.0152787 0.00100927 0.0152787 0.00100927
0.333333 0.0062824 0.003361 0.0062824 0.003361
0.35 0.0114473 0.00285983 0.0114473 0.00285983
0.366667 0.0154149 0.0044577 0.0154149 0.0044577
0.383333 0.0118464 0.00618168 0.0118464 0.00618168
0.4 0.00846105 0.00428663 0.00846105 0.00428663
0.416667 0.0157248 0.0124155 0.0157248 0.0124155
0.433333 0.00846105 0.00428663 0.00846105 0.00428663
0.45 0.0105129 0.00336629 0.0105129 0.00336629
0.466667 0.0106491 0.00537462 0.0106491 0.00537462
0.483333 0.00245098 0.00245098 0.00245098 0.00245098
0.5 0.00383142 0.00383142 0.00383142 0.00383142
0.516667 0.0110482 0.00225161 0.0110482 0.00225161
0.533333 0.0047658 0.00238581 0.0047658 0.00238581
0.55 0.00819811 0.00499506 0.00819811 0.00499506
0.566667 0.00614623 0.00334202 0.00614623 0.00334202
0.583333 0.00423052 0.00214331 0.00423052 0.00214331
0.6 0.00806194 0.00500842 0.00806194 0.00500842
0.616667 0.0111844 0.00636972 0.0111844 0.00636972
0.633333 0.00191571 0.00191571 0.00191571 0.00191571
0.65 0.00654534 0.00402919 0.00654534 0.00402919
0.666667 0.00423052 0.00214331 0.00423052 0.00214331
0.683333 0.00231481 0.00231481 0.00231481 0.00231481
0.7 0.00231481 0.00231481 0.00231481 0.00231481
0.716667 0.00191571 0.00191571 0.00191571 0.00191571
0.733333 0.0107759 0.00602478 0.0107759 0.00602478
0.75 0.00654534 0.00402919 0.00654534 0.00402919
0.766667 0.00436669 0.00223201 0.00436669 0.00223201
0.783333 0.00490196 0.00490196 0.00490196 0.00490196
0.8 0.00423052 0.00214331 0.00423052 0.00214331
0.816667 0.00654534 0.00402919 0.00654534 0.00402919
0.833333 0.00245098 0.00245098 0.00245098 0.00245098
0.85 0.0047658 0.00238581 0.0047658 0.00238581
0.866667 0.00436669 0.00223201 0.00436669 0.00223201
0.883333 0.00245098 0.00245098 0.00245098 0.00245098
0.9 0.00966776 0.00651179 0.00966776 0.00651179
0.916667 0.00913248 0.00280805 0.00913248 0.00280805
0.933333 0 0 0 0
0.95 0.00245098 0.00245098 0.00245098 0.00245098
0.966667 0.00245098 0.00245098 0.00245098 0.00245098
0.983333 0.00939542 0.00610016 0.00939542 0.00610016
1 0.00462963 0.00462963 0.00462963 0.00462963
1.16667 0.00191571 0.00191571 0.00191571 0.00191571
1.33333 0.0141612 0.00802338 0.0141612 0.00802338
1.5 0.0047658 0.00238581 0.0047658 0.00238581
1.66667 0 0 0 0
1.83333 0.00654534 0.00402919 0.00654534 0.00402919
2 0.00191571 0.00191571 0.00191571 0.00191571
2.16667 0.00436669 0.00223201 0.00436669 0.00223201
2.33333 0.00694444 0.00694444 0.00694444 0.00694444
2.5 0.0159502 0.00685776 0.0159502 0.00685776
2.66667 0.00245098 0.00245098 0.00245098 0.00245098
2.83333 0.00231481 0.00231481 0.00231481 0.00231481
3 0 0 0 0
3.16667 0 0 0 0
3.33333 0.0106491 0.00537462 0.0106491 0.00537462
3.5 0 0 0 0
3.66667 0 0 0 0
3.83333 0.00231481 0.00231481 0.00231481 0.00231481
4 0.00245098 0.00245098 0.00245098 0.00245098
4.16667 0.0047658 0.00238581 0.0047658 0.00238581
4.33333 0.00245098 0.00245098 0.00245098 0.00245098
4.5 0 0 0 0
4.66667 0 0 0 0
4.83333 0.00462963 0.00462963 0.00462963 0.00462963
5 0 0 0 0
5.16667 0 0 0 0
5.33333 0.00191571 0.00191571 0.00191571 0.00191571
5.5 0.00383142 0.00383142 0.00383142 0.00383142
5.66667 0 0 0 0
5.83333 0 0 0 0
6 0.00735294 0.00735294 0.00735294 0.00735294
6.16667 0.00383142 0.00383142 0.00383142 0.00383142
6.33333 0 0 0 0
6.5 0 0 0 0
6.66667 0 0 0 0
6.83333 0 0 0 0
7 0 0 0 0
7.16667 0 0 0 0
7.33333 0.00383142 0.00383142 0.00383142 0.00383142
7.5 0.00191571 0.00191571 0.00191571 0.00191571
7.66667 0.00436669 0.00223201 0.00436669 0.00223201
7.83333 0.00191571 0.00191571 0.00191571 0.00191571
8 0 0 0 0
8.16667 0 0 0 0
8.33333 0 0 0 0
8.5 0 0 0 0
8.66667 0 0 0 0
8.83333 0 0 0 0
9 0.00245098 0.00245098 0.00245098 0.00245098
9.16667 0 0 0 0
9.33333 0.00245098 0.00245098 0.00245098 0.00245098
9.5 0 0 0 0
9.66667 0 0 0 0
9.83333 0 0 0 0
10 0 0 0 0
11 0 0 0 0
12 0.00436669 0.00223201 0.00436669 0.00223201
13 0 0 0 0
14 0 0 0 0
15 0 0 0 0
16 0 0 0 0
17 0 0 0 0
18 0 0 0 0
19 0 0 0 0
20 0 0 0 0
21 0 0 0 0
22 0 0 0 0
23 0 0 0 0
24 0 0 0 0
25 0 0 0 0
26 0 0 0 0
27 0 0 0 0
28 0 0 0 0
29 0 0 0 0
30 0 0 0 0
31 0 0 0 0
32 0 0 0 0
33 0 0 0 0
34 0 0 0 0
35 0 0 0 0
36 0 0 0 0
37 0 0 0 0
38 0 0 0 0
39 0 0 0 0
40 0 0 0 0
41 0 0 0 0
42 0 0 0 0
43 0 0 0 0
44 0 0 0 0
45 0 0 0 0
46 0 0 0 0
47 0 0 0 0
48 0 0 0 0
49 0 0 0 0
50 0 0 0 0
51 0 0 0 0
52 0 0 0 0
53 0 0 0 0
54 0 0 0 0
55 0 0 0 0
56 0 0 0 0
57 0 0 0 0
58 0 0 0 0
59 0 0 0 0
60 0 0 0 0
70 0 0 0 0
80 0 0 0 0
90 0 0 0 0
100 0 0 0 0
110 0 0 0 0
120 0 0 0 0
130 0 0 0 0
140 0 0 0 0
150 0 0 0 0
160 0 0 0 0
170 0 0 0 0
180 0 0 0 0
190 0 0 0 0
200 0 0 0 0
210 0 0 0 0
220 0 0 0 0
230 0 0 0 0
240 0 0 0 0
250 0 0 0 0
260 0 0 0 0
270 0 0 0 0
280 0 0 0 0
290 0 0 0 0
300 0 0 0 0
310 0 0 0 0
320 0 0 0 0
330 0 0 0 0
340 0 0 0 0
350 0 0 0 0
360 0 0 0 0
370 0 0 0 0
380 0 0 0 0
390 0 0 0 0
400 0 0 0 0
410 0 0 0 0
420 0 0 0 0
430 0 0 0 0
440 0 0 0 0
450 0 0 0 0
460 0 0 0 0
470 0 0 0 0
480 0 0 0 0
490 0 0 0 0
500 0 0 0 0
510 0 0 0 0
520 0 0 0 0
530 0 0 0 0
540 0 0 0 0
550 0 0 0 0
560 0 0 0 0
570 0 0 0 0
580 0 0 0 0
590 0 0 0 0
600 0 0 0 0
610 0 0 0 0
620 0 0 0 0
630 0 0 0 0
640 0 0 0 0
650 0 0 0 0
660 0 0 0 0
670 0 0 0 0
680 0 0 0 0
690 0 0 0 0
700 0 0 0 0
710 0 0 0 0
720 0 0 0 0
730 0 0 0 0
740 0 0 0 0
750 0 0 0 0
760 0 0 0 0
770 0 0 0 0
780 0 0 0 0
790 0 0 0 0
800 0 0 0 0
810 0 0 0 0
820 0 0 0 0
830 0 0 0 0
840 0 0 0 0
850 0 0 0 0
860 0 0 0 0
870 0 0 0 0
880 0 0 0 0
890 0 0 0 0
900 0 0 0 0
910 0 0 0 0
920 0 0 0 0
930 0 0 0 0
940 0 0 0 0
950 0 0 0 0
960 0 0 0 0
970 0 0 0 0
980 0 0 0 0
990 0 0 0 0
1000 0 0 0 0
1010 0 0 0 0
1020 0 0 0 0
1030 0 0 0 0
1040 0 0 0 0
1050 0 0 0 0
1060 0 0 0 0
1070 0 0 0 0
1080 0 0 0 0
1090 0 0 0 0
1100 0 0 0 0
1110 0 0 0 0
1120 0 0 0 0
1130 0 0 0 0
1140 0 0 0 0
1150 0 0 0 0
1160 0 0 0 0
1170 0 0 0 0
1180 0 0 0 0
1190 0 0 0 0
1200 0 0 0 0
1210 0 0 0 0
1220 0 0 0 0
1230 0 0 0 0
1240 0 0 0 0
1250 0 0 0 0
1260 0 0 0 0
1270 0 0 0 0
1280 0 0 0 0
1290 0 0 0 0
1300 0 0 0 0
1310 0 0 0 0
1320 0 0 0 0
1330 0 0 0 0
1340 0 0 0 0
1350 0 0 0 0
1360 0 0 0 0
1370 0 0 0 0
1380 0 0 0 0
1390 0 0 0 0
1400 0 0 0 0
1410 0 0 0 0
1420 0 0 0 0
1430 0 0 0 0
1440 0 0 0 0


DSBEnd_Inhibited
0 0 0 0 0
0.0166667 1 0 0.455136 0.0153875
0.0333333 0.967512 0.0212509 0.43973 0.00672148
0.05 0.870136 0.0274595 0.39612 0.019055
0.0666667 0.79433 0.0447041 0.360806 0.0179385
0.0833333 0.668541 0.04309 0.304894 0.0255366
0.1 0.574488 0.0387356 0.261382 0.0192095
0.116667 0.552415 0.0488371 0.251714 0.0250913
0.133333 0.502434 0.0558383 0.229218 0.0284442
0.15 0.437619 0.0437169 0.199332 0.0216829
0.166667 0.387889 0.0565551 0.176574 0.0267067
0.183333 0.342235 0.0566841 0.156919 0.0287662
0.2 0.320073 0.045794 0.146542 0.0235801
0.216667 0.300246 0.0494099 0.137809 0.0254267
0.233333 0.277509 0.0673507 0.127742 0.0328041
0.25 0.244105 0.0651148 0.1122 0.0311364
0.266667 0.210701 0.0652347 0.0966588 0.0306686
0.283333 0.208941 0.0375626 0.0947055 0.0167673
0.3 0.181697 0.0275871 0.0822769 0.0118413
0.316667 0.163791 0.0373971 0.0745248 0.0173609
0.333333 0.159624 0.0332985 0.0726091 0.0154484
0.35 0.151633 0.0491871 0.0692238 0.0228962
0.366667 0.140049 0.0375116 0.0636128 0.0172775
0.383333 0.142383 0.0421909 0.0652562 0.0198515
0.4 0.133385 0.0398013 0.0610257 0.0186539
0.416667 0.125716 0.0260941 0.0575933 0.0126548
0.433333 0.128554 0.0419733 0.0587108 0.0195464
0.45 0.0997293 0.0381086 0.0457469 0.0177372
0.466667 0.0955626 0.034 0.0438312 0.0158675
0.483333 0.108063 0.0463569 0.0495784 0.0215009
0.5 0.114726 0.0434091 0.0521655 0.0200627
0.516667 0.109895 0.0467105 0.0498507 0.0215482
0.533333 0.10765 0.0597991 0.0489163 0.0276318
0.55 0.099317 0.0516475 0.0450849 0.0238591
0.566667 0.0980593 0.0272194 0.0445027 0.0125035
0.583333 0.0925641 0.0386732 0.0417887 0.0177371
0.6 0.0833146 0.028074 0.0378212 0.0129378
0.616667 0.0846431 0.013965 0.0386194 0.00672932
0.633333 0.078896 0.0178368 0.0361684 0.00859411
0.65 0.0650675 0.0176277 0.0296231 0.00818463
0.666667 0.0855593 0.0157445 0.0387555 0.00698402
0.683333 0.0813926 0.0123692 0.0368398 0.0052538
0.7 0.0781422 0.017933 0.0350603 0.00720147
0.716667 0.0723951 0.0144632 0.0326093 0.00597235
0.733333 0.0659837 0.0205543 0.0297592 0.00926467
0.75 0.0602365 0.0209373 0.0273082 0.00962772
0.766667 0.0468203 0.0082587 0.0214249 0.00406083
0.783333 0.0468203 0.0082587 0.0214249 0.00406083
0.8 0.0541479 0.00764426 0.0244112 0.00257652
0.816667 0.0525675 0.00550727 0.0238759 0.00245547
0.833333 0.0516513 0.00868324 0.0237398 0.0045254
0.85 0.0525675 0.00550727 0.0238759 0.00245547
0.866667 0.0541479 0.00764426 0.0244112 0.00257652
0.883333 0.0541479 0.00764426 0.0244112 0.00257652
0.9 0.0566446 0.0235306 0.0250826 0.00956658
0.916667 0.0508975 0.017825 0.0226317 0.00713249
0.933333 0.0442341 0.00412351 0.0200445 0.00144552
0.95 0.038487 0.00264326 0.0175935 0.00177758
0.966667 0.038487 0.00264326 0.0175935 0.00177758
0.983333 0.0336561 0.00249243 0.0152787 0.00100927
1 0.0442341 0.00412351 0.0200445 0.00144552
1.16667 0.0474846 0.00689613 0.0218241 0.00381818
1.33333 0.0843016 0.0118951 0.0381733 0.00477159
1.5 0.0580626 0.00721775 0.0265899 0.00407503
1.66667 0.0532317 0.00242135 0.024275 0.00177181
1.83333 0.0695569 0.0105526 0.0314918 0.00429234
2 0.0534837 0.0123905 0.0240121 0.00506537
2.16667 0.0334041 0.012486 0.0155417 0.00623377
2.33333 0.0433179 0.00737814 0.0199083 0.00400221
2.5 0.0343203 0.00533483 0.0156778 0.00273941
2.66667 0.0494773 0.0267496 0.0230214 0.0130536
2.83333 0.0362423 0.0135595 0.0166592 0.00632615
3 0.0138285 0.00839372 0.00654534 0.00402919
3.16667 0.0304056 0.0110824 0.0134992 0.00447683
3.33333 0.0543999 0.0210945 0.0241483 0.0089087
3.5 0.0354885 0.019934 0.015551 0.00853241
3.66667 0.0147447 0.0013745 0.0066815 0.000481841
3.83333 0.0244065 0.00963358 0.0113111 0.00478361
4 0.0147447 0.0013745 0.0066815 0.000481841
4.16667 0.0361528 0.0166844 0.0159502 0.00685776
4.33333 0.0361528 0.0166844 0.0159502 0.00685776
4.5 0.015409 0.00841741 0.00708061 0.00401169
4.66667 0.0138285 0.00839372 0.00654534 0.00402919
4.83333 0.0221618 0.0113502 0.0103768 0.00527787
5 0.023078 0.0072545 0.0105129 0.00336629
5.16667 0.038739 0.0121333 0.0173306 0.0052
5.33333 0.021408 0.0155816 0.00926865 0.00660678
5.5 0.00991379 0.00514239 0.00436669 0.00223201
5.66667 0.0314114 0.0155645 0.0143443 0.00719661
5.83333 0.0255747 0.0149342 0.0111844 0.00636972
6 0.0156609 0.010079 0.00681767 0.00427884
6.16667 0.0239943 0.0120287 0.0106491 0.00537462
6.33333 0.0460666 0.0211406 0.0203168 0.00874463
6.5 0.00899758 0.00453542 0.00423052 0.00214331
6.66667 0.015409 0.00841741 0.00708061 0.00401169
6.83333 0.00574713 0.00574713 0.00245098 0.00245098
7 0 0 0 0
7.16667 0.00416667 0.00416667 0.00191571 0.00191571
7.33333 0.021408 0.0155816 0.00926865 0.00660678
7.5 0.0156609 0.010079 0.00681767 0.00427884
7.66667 0.00991379 0.00514239 0.00436669 0.00223201
7.83333 0.00416667 0.00416667 0.00191571 0.00191571
8 0 0 0 0
8.16667 0 0 0 0
8.33333 0 0 0 0
8.5 0.00483092 0.00483092 0.00231481 0.00231481
8.66667 0 0 0 0
8.83333 0 0 0 0
9 0.00416667 0.00416667 0.00191571 0.00191571
9.16667 0.00483092 0.00483092 0.00231481 0.00231481
9.33333 0.00991379 0.00514239 0.00436669 0.00223201
9.5 0.0195756 0.00489998 0.00899632 0.00248982
9.66667 0.015409 0.00841741 0.00708061 0.00401169
9.83333 0 0 0 0
10 0.0228261 0.0125981 0.0107759 0.00602478
11 0 0 0 0
12 0 0 0 0
13 0.00574713 0.00574713 0.00245098 0.00245098
14 0.00416667 0.00416667 0.00191571 0.00191571
15 0.00574713 0.00574713 0.00245098 0.00245098
16 0 0 0 0
17 0 0 0 0
18 0 0 0 0
19 0 0 0 0
20 0 0 0 0
21 0.00833333 0.00833333 0.00383142 0.00383142
22 0.00483092 0.00483092 0.00231481 0.00231481
23 0 0 0 0
24 0 0 0 0
25 0 0 0 0
26 0 0 0 0
27 0 0 0 0
28 0 0 0 0
29 0 0 0 0
30 0 0 0 0
31 0 0 0 0
32 0 0 0 0
33 0 0 0 0
34 0 0 0 0
35 0 0 0 0
36 0 0 0 0
37 0 0 0 0
38 0 0 0 0
39 0 0 0 0
40 0 0 0 0
41 0 0 0 0
42 0 0 0 0
43 0 0 0 0
44 0 0 0 0
45 0 0 0 0
46 0 0 0 0
47 0 0 0 0
48 0 0 0 0
49 0 0 0 0
50 0 0 0 0
51 0 0 0 0
52 0 0 0 0
53 0 0 0 0
54 0 0 0 0
55 0 0 0 0
56 0 0 0 0
57 0 0 0 0
58 0 0 0 0
59 0 0 0 0
60 0 0 0 0
70 0 0 0 0
80 0 0 0 0
90 0 0 0 0
100 0 0 0 0
110 0 0 0 0
120 0 0 0 0
130 0 0 0 0
140 0 0 0 0
150 0 0 0 0
160 0 0 0 0
170 0 0 0 0
180 0 0 0 0
190 0 0 0 0
200 0 0 0 0
210 0 0 0 0
220 0 0 0 0
230 0 0 0 0
240 0 0 0 0
250 0 0 0 0
260 0 0 0 0
270 0 0 0 0
280 0 0 0 0
290 0 0 0 0
300 0 0 0 0
310 0 0 0 0
320 0 0 0 0
330 0 0 0 0
340 0 0 0 0
350 0 0 0 0
360 0 0 0 0
370 0 0 0 0
380 0 0 0 0
390 0 0 0 0
400 0 0 0 0
410 0 0 0 0
420 0 0 0 0
430 0 0 0 0
440 0 0 0 0
450 0 0 0 0
460 0 0 0 0
470 0 0 0 0
480 0 0 0 0
490 0 0 0 0
500 0 0 0 0
510 0 0 0 0
520 0 0 0 0
530 0 0 0 0
540 0 0 0 0
550 0 0 0 0
560 0 0 0 0
570 0 0 0 0
580 0 0 0 0
590 0 0 0 0
600 0 0 0 0
610 0 0 0 0
620 0 0 0 0
630 0 0 0 0
640 0 0 0 0
650 0 0 0 0
660 0 0 0 0
670 0 0 0 0
680 0 0 0 0
690 0 0 0 0
700 0 0 0 0
710 0 0 0 0
720 0 0 0 0
730 0 0 0 0
740 0 0 0 0
750 0 0 0 0
760 0 0 0 0
770 0 0 0 0
780 0 0 0 0
790 0 0 0 0
800 0 0 0 0
810 0 0 0 0
820 0 0 0 0
830 0 0 0 0
840 0 0 0 0
850 0 0 0 0
860 0 0 0 0
870 0 0 0 0
880 0 0 0 0
890 0 0 0 0
900 0 0 0 0
910 0 0 0 0
920 0 0 0 0
930 0 0 0 0
940 0 0 0 0
950 0 0 0 0
960 0 0 0 0
970 0 0 0 0
980 0 0 0 0
990 0 0 0 0
1000 0 0 0 0
1010 0 0 0 0
1020 0 0 0 0
1030 0 0 0 0
1040 0 0 0 0
1050 0 0 0 0
1060 0 0 0 0
1070 0 0 0 0
1080 0 0 0 0
1090 0 0 0 0
1100 0 0 0 0
1110 0 0 0 0
1120 0 0 0 0
1130 0 0 0 0
1140 0 0 0 0
1150 0 0 0 0
1160 0 0 0 0
1170 0 0 0 0
1180 0 0 0 0
1190 0 0 0 0
1200 0 0 0 0
1210 0 0 0 0
1220 0 0 0 0
1230 0 0 0 0
1240 0 0 0 0
1250 0 0 0 0
1260 0 0 0 0
1270 0 0 0 0
1280 0 0 0 0
1290 0 0 0 0
1300 0 0 0 0
1310 0 0 0 0
1320 0 0 0 0
1330 0 0 0 0
1340 0 0 0 0
1350 0 0 0 0
1360 0 0 0 0
1370 0 0 0 0
1380 0 0 0 0
1390 0 0 0 0
1400 0 0 0 0
1410 0 0 0 0
1420 0 0 0 0
1430 0 0 0 0
1440 0 0 0 0


DSBEnd_Ku
0 0 0 0 0
0.0166667 1 0 0.23497 0.0116157
0.0333333 0.709691 0.0758269 0.168517 0.0267059
0.05 0.500418 0.121774 0.119103 0.0308599
0.0666667 0.406106 0.124145 0.0957995 0.0288262
0.0833333 0.331814 0.032253 0.0775909 0.00647881
0.1 0.286626 0.0442014 0.0676133 0.0111822
0.116667 0.155495 0.0553646 0.0370558 0.0132004
0.133333 0.190583 0.0262136 0.0447187 0.00609061
0.15 0.142561 0.0202535 0.0332714 0.00420219
0.166667 0.162763 0.0401423 0.037901 0.00882944
0.183333 0.154568 0.0593484 0.0358491 0.0133281
0.2 0.0945394 0.0192567 0.0218241 0.00381818
0.216667 0.130379 0.0288005 0.0300222 0.00536423
0.233333 0.104238 0.019616 0.0249465 0.0059994
0.25 0.148849 0.0292042 0.0350603 0.00720147
0.266667 0.120453 0.0302365 0.0283788 0.00727483
0.283333 0.0920559 0.0312774 0.0216973 0.007379
0.3 0.118774 0.0617158 0.0266368 0.0131334
0.316667 0.102909 0.023773 0.0245474 0.00664952
0.333333 0.0648135 0.0222387 0.0147434 0.00453378
0.35 0.0775727 0.037618 0.0178565 0.00851719
0.366667 0.0188729 0.00950641 0.00423052 0.00214331
0.383333 0.0373434 0.0253505 0.00926865 0.00660678
0.4 0.0575454 0.017215 0.0138983 0.00470878
0.416667 0.0182957 0.00917101 0.00436669 0.00223201
0.433333 0.0567935 0.00230865 0.013363 0.000963683
0.45 0.0371687 0.00774759 0.00859721 0.00145331
0.466667 0.028974 0.0175459 0.00654534 0.00402919
0.483333 0.0459406 0.0165109 0.0105129 0.00336629
0.5 0.0480216 0.0108988 0.0114473 0.00285983
0.516667 0.00952381 0.00952381 0.00245098 0.00245098
0.533333 0.0373434 0.0253505 0.00926865 0.00660678
0.55 0.0541353 0.030424 0.0125648 0.006722
0.566667 0.0918812 0.0330219 0.0210258 0.00673259
0.583333 0.0575454 0.017215 0.0138983 0.00470878
0.6 0.0384978 0.0110733 0.00899632 0.00248982
0.616667 0.0648135 0.0222387 0.0147434 0.00453378
0.633333 0.0581226 0.0186529 0.0137621 0.0043805
0.65 0.0371687 0.00774759 0.00859721 0.00145331
0.666667 0.0276449 0.0152514 0.00614623 0.00334202
0.683333 0.0175439 0.0175439 0.00383142 0.00383142
0.7 0.0270677 0.015212 0.0062824 0.003361
0.716667 0.0466925 0.00829756 0.0110482 0.00225161
0.733333 0.0182957 0.00917101 0.00436669 0.00223201
0.75 0.0182957 0.00917101 0.00436669 0.00223201
0.766667 0.0547125 0.0252803 0.0124286 0.00528125
0.783333 0.0642363 0.0219279 0.0148796 0.00463234
0.8 0.0466925 0.00829756 0.0110482 0.00225161
0.816667 0.0392496 0.0196503 0.00953159 0.00477163
0.833333 0.0182957 0.00917101 0.00436669 0.00223201
0.85 0.00952381 0.00952381 0.00245098 0.00245098
0.866667 0.010101 0.010101 0.00231481 0.00231481
0.883333 0.010101 0.010101 0.00231481 0.00231481
0.9 0 0 0 0
0.916667 0.0182957 0.00917101 0.00436669 0.00223201
0.933333 0.0373434 0.0253505 0.00926865 0.00660678
0.95 0.0190476 0.0190476 0.00490196 0.00490196
0.966667 0.020202 0.020202 0.00462963 0.00462963
0.983333 0.020202 0.020202 0.00462963 0.00462963
1 0.0493506 0.0265308 0.0118464 0.00618168
1.16667 0.0182957 0.00917101 0.00436669 0.00223201
1.33333 0.020202 0.020202 0.00462963 0.00462963
1.5 0.0276449 0.0152514 0.00614623 0.00334202
1.66667 0 0 0 0
1.83333 0.028974 0.0175459 0.00654534 0.00402919
2 0.0188729 0.00950641 0.00423052 0.00214331
2.16667 0.0182957 0.00917101 0.00436669 0.00223201
2.33333 0.0392496 0.0196503 0.00953159 0.00477163
2.5 0.00877193 0.00877193 0.00191571 0.00191571
2.66667 0.0283967 0.00115433 0.0066815 0.000481841
2.83333 0.0188729 0.00950641 0.00423052 0.00214331
3 0 0 0 0
3.16667 0.00877193 0.00877193 0.00191571 0.00191571
3.33333 0.00952381 0.00952381 0.00245098 0.00245098
3.5 0.00952381 0.00952381 0.00245098 0.00245098
3.66667 0 0 0 0
3.83333 0.0175439 0.0175439 0.00383142 0.00383142
4 0 0 0 0
4.16667 0.00952381 0.00952381 0.00245098 0.00245098
4.33333 0.010101 0.010101 0.00231481 0.00231481
4.5 0 0 0 0
4.66667 0.010101 0.010101 0.00231481 0.00231481
4.83333 0.0196248 0.00982513 0.0047658 0.00238581
5 0.0188729 0.00950641 0.00423052 0.00214331
5.16667 0.0291486 0.0165058 0.00721678 0.00424741
5.33333 0.0182957 0.00917101 0.00436669 0.00223201
5.5 0 0 0 0
5.66667 0 0 0 0
5.83333 0 0 0 0
6 0.00952381 0.00952381 0.00245098 0.00245098
6.16667 0 0 0 0
6.33333 0.010101 0.010101 0.00231481 0.00231481
6.5 0.00952381 0.00952381 0.00245098 0.00245098
6.66667 0 0 0 0
6.83333 0.00952381 0.00952381 0.00245098 0.00245098
7 0 0 0 0
7.16667 0.00952381 0.00952381 0.00245098 0.00245098
7.33333 0 0 0 0
7.5 0 0 0 0
7.66667 0.00952381 0.00952381 0.00245098 0.00245098
7.83333 0.00877193 0.00877193 0.00191571 0.00191571
8 0 0 0 0
8.16667 0 0 0 0
8.33333 0 0 0 0
8.5 0.00877193 0.00877193 0.00191571 0.00191571
8.66667 0 0 0 0
8.83333 0 0 0 0
9 0.00877193 0.00877193 0.00191571 0.00191571
9.16667 0 0 0 0
9.33333 0.00877193 0.00877193 0.00191571 0.00191571
9.5 0.00877193 0.00877193 0.00191571 0.00191571
9.66667 0 0 0 0
9.83333 0 0 0 0
10 0 0 0 0
11 0 0 0 0
12 0 0 0 0
13 0 0 0 0
14 0 0 0 0
15 0 0 0 0
16 0 0 0 0
17 0 0 0 0
18 0 0 0 0
19 0 0 0 0
20 0 0 0 0
21 0 0 0 0
22 0 0 0 0
23 0 0 0 0
24 0 0 0 0
25 0 0 0 0
26 0 0 0 0
27 0 0 0 0
28 0 0 0 0
29 0 0 0 0
30 0 0 0 0
31 0 0 0 0
32 0 0 0 0
33 0 0 0 0
34 0 0 0 0
35 0 0 0 0
36 0 0 0 0
37 0 0 0 0
38 0 0 0 0
39 0 0 0 0
40 0 0 0 0
41 0 0 0 0
42 0 0 0 0
43 0 0 0 0
44 0 0 0 0
45 0 0 0 0
46 0 0 0 0
47 0 0 0 0
48 0 0 0 0
49 0 0 0 0
50 0 0 0 0
51 0 0 0 0
52 0 0 0 0
53 0 0 0 0
54 0 0 0 0
55 0 0 0 0
56 0 0 0 0
57 0 0 0 0
58 0 0 0 0
59 0 0 0 0
60 0 0 0 0
70 0 0 0 0
80 0 0 0 0
90 0 0 0 0
100 0 0 0 0
110 0 0 0 0
120 0 0 0 0
130 0 0 0 0
140 0 0 0 0
150 0 0 0 0
160 0 0 0 0
170 0 0 0 0
180 0 0 0 0
190 0 0 0 0
200 0 0 0 0
210 0 0 0 0
220 0 0 0 0
230 0 0 0 0
240 0 0 0 0
250 0 0 0 0
260 0 0 0 0
270 0 0 0 0
280 0 0 0 0
290 0 0 0 0
300 0 0 0 0
310 0 0 0 0
320 0 0 0 0
330 0 0 0 0
340 0 0 0 0
350 0 0 0 0
360 0 0 0 0
370 0 0 0 0
380 0 0 0 0
390 0 0 0 0
400 0 0 0 0
410 0 0 0 0
420 0 0 0 0
430 0 0 0 0
440 0 0 0 0
450 0 0 0 0
460 0 0 0 0
470 0 0 0 0
480 0 0 0 0
490 0 0 0 0
500 0 0 0 0
510 0 0 0 0
520 0 0 0 0
530 0 0 0 0
540 0 0 0 0
550 0 0 0 0
560 0 0 0 0
570 0 0 0 0
580 0 0 0 0
590 0 0 0 0
600 0 0 0 0
610 0 0 0 0
620 0 0 0 0
630 0 0 0 0
640 0 0 0 0
650 0 0 0 0
660 0 0 0 0
670 0 0 0 0
680 0 0 0 0
690 0 0 0 0
700 0 0 0 0
710 0 0 0 0
720 0 0 0 0
730 0 0 0 0
740 0 0 0 0
750 0 0 0 0
760 0 0 0 0
770 0 0 0 0
780 0 0 0 0
790 0 0 0 0
800 0 0 0 0
810 0 0 0 0
820 0 0 0 0
830 0 0 0 0
840 0 0 0 0
850 0 0 0 0
860 0 0 0 0
870 0 0 0 0
880 0 0 0 0
890 0 0 0 0
900 0 0 0 0
910 0 0 0 0
920 0 0 0 0
930 0 0 0 0
940 0 0 0 0
950 0 0 0 0
960 0 0 0 0
970 0 0 0 0
980 0 0 0 0
990 0 0 0 0
1000 0 0 0 0
1010 0 0 0 0
1020 0 0 0 0
1030 0 0 0 0
1040 0 0 0 0
1050 0 0 0 0
1060 0 0 0 0
1070 0 0 0 0
1080 0 0 0 0
1090 0 0 0 0
1100 0 0 0 0
1110 0 0 0 0
1120 0 0 0 0
1130 0 0 0 0
1140 0 0 0 0
1150 0 0 0 0
1160 0 0 0 0
1170 0 0 0 0
1180 0 0 0 0
1190 0 0 0 0
1200 0 0 0 0
1210 0 0 0 0
1220 0 0 0 0
1230 0 0 0 0
1240 0 0 0 0
1250 0 0 0 0
1260 0 0 0 0
1270 0 0 0 0
1280 0 0 0 0
1290 0 0 0 0
1300 0 0 0 0
1310 0 0 0 0
1320 0 0 0 0
1330 0 0 0 0
1340 0 0 0 0
1350 0 0 0 0
1360 0 0 0 0
1370 0 0 0 0
1380 0 0 0 0
1390 0 0 0 0
1400 0 0 0 0
1410 0 0 0 0
1420 0 0 0 0
1430 0 0 0 0
1440 0 0 0 0


DSBEnd_PKcs
0 0 0 0 0
0.0166667 0.0833333 0.0833333 0.00231481 0.00231481
0.0333333 0.130952 0.0724138 0.0047658 0.00238581
0.05 0.103175 0.0520432 0.00436669 0.00223201
0.0666667 0.15873 0.0965518 0.0062824 0.003361
0.0833333 0.0555556 0.0555556 0.00191571 0.00191571
0.1 0.0833333 0.0833333 0.00231481 0.00231481
0.116667 0.0555556 0.0555556 0.00191571 0.00191571
0.133333 0.103175 0.0520432 0.00436669 0.00223201
0.15 0.0555556 0.0555556 0.00191571 0.00191571
0.166667 0.138889 0.0734931 0.00423052 0.00214331
0.183333 0.194444 0.100154 0.00614623 0.00334202
0.2 0.166667 0.166667 0.00574713 0.00574713
0.216667 0.0555556 0.0555556 0.00191571 0.00191571
0.233333 0.138889 0.0734931 0.00423052 0.00214331
0.25 0.130952 0.0724138 0.0047658 0.00238581
0.266667 0.373016 0.0649631 0.013363 0.000963683
0.283333 0.261905 0.144828 0.0106491 0.00537462
0.3 0.353175 0.159768 0.0124286 0.00528125
0.316667 0.269841 0.202653 0.0101138 0.00677827
0.333333 0.373016 0.0649631 0.013363 0.000963683
0.35 0.269841 0.115284 0.00899632 0.00248982
0.366667 0.150794 0.0828596 0.00681767 0.00427884
0.383333 0.345238 0.0780647 0.0129639 0.00309745
0.4 0.384921 0.0963068 0.0159502 0.00685776
0.416667 0.289683 0.0241379 0.0110482 0.00225161
0.433333 0.198413 0.124732 0.00926865 0.00660678
0.45 0.392857 0.0743452 0.0154149 0.0044577
0.466667 0.281746 0.0772537 0.0115835 0.00524907
0.483333 0.365079 0.101327 0.0138983 0.00470878
0.5 0.47619 0.0238095 0.0177297 0.00237106
0.516667 0.373016 0.0649631 0.013363 0.000963683
0.533333 0.400794 0.177953 0.0137621 0.0043805
0.55 0.269841 0.115284 0.00899632 0.00248982
0.566667 0.40873 0.179276 0.0132268 0.00398671
0.583333 0.400794 0.177953 0.0137621 0.0043805
0.6 0.269841 0.115284 0.00899632 0.00248982
0.616667 0.400794 0.177953 0.0137621 0.0043805
0.633333 0.269841 0.115284 0.00899632 0.00248982
0.65 0.222222 0.146986 0.00654534 0.00402919
0.666667 0.325397 0.103175 0.010912 0.00190909
0.683333 0.242063 0.0551287 0.00859721 0.00145331
0.7 0.269841 0.115284 0.00899632 0.00248982
0.716667 0.325397 0.103175 0.010912 0.00190909
0.733333 0.297619 0.105812 0.0105129 0.00336629
0.75 0.373016 0.0649631 0.013363 0.000963683
0.766667 0.373016 0.0649631 0.013363 0.000963683
0.783333 0.428571 0.0714286 0.0152787 0.00100927
0.8 0.234127 0.0352706 0.00913248 0.00280805
0.816667 0.337302 0.0515873 0.0134992 0.00447683
0.833333 0.373016 0.0649631 0.013363 0.000963683
0.85 0.380952 0.119048 0.0128277 0.00290344
0.866667 0.269841 0.115284 0.00899632 0.00248982
0.883333 0.325397 0.103175 0.010912 0.00190909
0.9 0.297619 0.105812 0.0105129 0.00336629
0.916667 0.345238 0.0780647 0.0129639 0.00309745
0.933333 0.194444 0.100154 0.00614623 0.00334202
0.95 0.186508 0.0324816 0.0066815 0.000481841
0.966667 0.186508 0.0324816 0.0066815 0.000481841
0.983333 0.186508 0.0324816 0.0066815 0.000481841
1 0.269841 0.115284 0.00899632 0.00248982
1.16667 0.253968 0.129926 0.0111844 0.00636972
1.33333 0.31746 0.0975254 0.0114473 0.00285983
1.5 0.289683 0.0241379 0.0110482 0.00225161
1.66667 0.142857 0.142857 0.00735294 0.00735294
1.83333 0.130952 0.0724138 0.0047658 0.00238581
2 0.234127 0.0352706 0.00913248 0.00280805
2.16667 0.420635 0.0482759 0.015814 0.00319802
2.33333 0.234127 0.0352706 0.00913248 0.00280805
2.5 0.31746 0.0975254 0.0114473 0.00285983
2.66667 0.357143 0.179758 0.0144336 0.00849481
2.83333 0.420635 0.0482759 0.015814 0.00319802
3 0.412698 0.124732 0.0163493 0.00694127
3.16667 0.448413 0.168686 0.0162131 0.00524493
3.33333 0.551587 0.12069 0.0205798 0.00517389
3.5 0.531746 0.246032 0.0185279 0.0066002
3.66667 0.559524 0.0974447 0.0200445 0.00144552
3.83333 0.738095 0.144828 0.0272613 0.00564181
4 0.496032 0.172562 0.0186641 0.00691696
4.16667 0.373016 0.0649631 0.013363 0.000963683
4.33333 0.587302 0.208173 0.0204436 0.00476952
4.5 0.698413 0.165719 0.024275 0.00177181
4.66667 0.607143 0.0743452 0.0224955 0.00361025
4.83333 0.559524 0.0974447 0.0200445 0.00144552
5 0.420635 0.0482759 0.015814 0.00319802
5.16667 0.698413 0.165719 0.024275 0.00177181
5.33333 0.52381 0.0238095 0.0201807 0.00471591
5.5 0.571429 0.0714286 0.0226317 0.00713249
5.66667 0.559524 0.0974447 0.0200445 0.00144552
5.83333 0.626984 0.0649631 0.0245474 0.00664952
6 0.428571 0.0714286 0.0152787 0.00100927
6.16667 0.52381 0.0238095 0.0201807 0.00471591
6.33333 0.47619 0.0238095 0.0177297 0.00237106
6.5 0.654762 0.0780647 0.0249465 0.0059994
6.66667 0.722222 0.146986 0.0294493 0.0113196
6.83333 0.674603 0.103175 0.0269983 0.00895365
7 0.579365 0.0482759 0.0220964 0.00450321
7.16667 0.571429 0.0714286 0.0226317 0.00713249
7.33333 0.571429 0.0714286 0.0226317 0.00713249
7.5 0.468254 0.0705412 0.018265 0.0056161
7.66667 0.515873 0.110257 0.0207159 0.0080541
7.83333 0.52381 0.0238095 0.0201807 0.00471591
8 0.412698 0.208173 0.0174668 0.00892805
8.16667 0.412698 0.208173 0.0174668 0.00892805
8.33333 0.412698 0.208173 0.0174668 0.00892805
8.5 0.551587 0.168686 0.0216973 0.007379
8.66667 0.412698 0.208173 0.0174668 0.00892805
8.83333 0.412698 0.208173 0.0174668 0.00892805
9 0.460317 0.230569 0.0199177 0.0107235
9.16667 0.496032 0.126051 0.0197816 0.00668103
9.33333 0.412698 0.208173 0.0174668 0.00892805
9.5 0.47619 0.289655 0.0188472 0.010083
9.66667 0.365079 0.195051 0.0150158 0.00751268
9.83333 0.412698 0.208173 0.0174668 0.00892805
10 0.607143 0.217242 0.023613 0.00846186
11 0.746032 0.129926 0.026726 0.00192737
12 0.738095 0.144828 0.0272613 0.00564181
13 0.793651 0.104086 0.029177 0.00403792
14 0.690476 0.156129 0.0248103 0.00381375
15 0.793651 0.104086 0.029177 0.00403792
16 0.84127 0.0965518 0.031628 0.00639605
17 0.84127 0.0965518 0.031628 0.00639605
18 0.84127 0.0965518 0.031628 0.00639605
19 0.84127 0.0965518 0.031628 0.00639605
20 0.84127 0.0965518 0.031628 0.00639605
21 0.674603 0.103175 0.0269983 0.00895365
22 0.869048 0.0724138 0.0331446 0.00675482
23 0.785714 0.14869 0.0308298 0.00891539
24 0.785714 0.14869 0.0308298 0.00891539
25 0.785714 0.14869 0.0308298 0.00891539
26 0.785714 0.14869 0.0308298 0.00891539
27 0.785714 0.14869 0.0308298 0.00891539
28 0.785714 0.14869 0.0308298 0.00891539
29 0.785714 0.14869 0.0308298 0.00891539
30 0.785714 0.14869 0.0308298 0.00891539
31 0.690476 0.156129 0.0259278 0.0061949
32 0.690476 0.156129 0.0259278 0.0061949
33 0.690476 0.156129 0.0259278 0.0061949
34 0.690476 0.156129 0.0259278 0.0061949
35 0.690476 0.156129 0.0259278 0.0061949
36 0.690476 0.156129 0.0259278 0.0061949
37 0.690476 0.156129 0.0259278 0.0061949
38 0.690476 0.156129 0.0259278 0.0061949
39 0.690476 0.156129 0.0259278 0.0061949
40 0.690476 0.156129 0.0259278 0.0061949
41 0.690476 0.156129 0.0259278 0.0061949
42 0.690476 0.156129 0.0259278 0.0061949
43 0.690476 0.156129 0.0259278 0.0061949
44 0.690476 0.156129 0.0259278 0.0061949
45 0.690476 0.156129 0.0259278 0.0061949
46 0.690476 0.156129 0.0259278 0.0061949
47 0.690476 0.156129 0.0259278 0.0061949
48 0.690476 0.156129 0.0259278 0.0061949
49 0.690476 0.156129 0.0259278 0.0061949
50 0.690476 0.156129 0.0259278 0.0061949
51 0.690476 0.156129 0.0259278 0.0061949
52 0.690476 0.156129 0.0259278 0.0061949
53 0.690476 0.156129 0.0259278 0.0061949
54 0.690476 0.156129 0.0259278 0.0061949
55 0.690476 0.156129 0.0259278 0.0061949
56 0.690476 0.156129 0.0259278 0.0061949
57 0.690476 0.156129 0.0259278 0.0061949
58 0.690476 0.156129 0.0259278 0.0061949
59 0.690476 0.156129 0.0259278 0.0061949
60 0.690476 0.156129 0.0259278 0.0061949
70 0.690476 0.156129 0.0259278 0.0061949
80 0.690476 0.156129 0.0259278 0.0061949
90 0.690476 0.156129 0.0259278 0.0061949
100 0.690476 0.156129 0.0259278 0.0061949
110 0.690476 0.156129 0.0259278 0.0061949
120 0.690476 0.156129 0.0259278 0.0061949
130 0.690476 0.156129 0.0259278 0.0061949
140 0.690476 0.156129 0.0259278 0.0061949
150 0.690476 0.156129 0.0259278 0.0061949
160 0.690476 0.156129 0.0259278 0.0061949
170 0.690476 0.156129 0.0259278 0.0061949
180 0.690476 0.156129 0.0259278 0.0061949
190 0.690476 0.156129 0.0259278 0.0061949
200 0.690476 0.156129 0.0259278 0.0061949
210 0.690476 0.156129 0.0259278 0.0061949
220 0.690476 0.156129 0.0259278 0.0061949
230 0.690476 0.156129 0.0259278 0.0061949
240 0.690476 0.156129 0.0259278 0.0061949
250 0.690476 0.156129 0.0259278 0.0061949
260 0.690476 0.156129 0.0259278 0.0061949
270 0.690476 0.156129 0.0259278 0.0061949
280 0.690476 0.156129 0.0259278 0.0061949
290 0.690476 0.156129 0.0259278 0.0061949
300 0.690476 0.156129 0.0259278 0.0061949
310 0.690476 0.156129 0.0259278 0.0061949
320 0.690476 0.156129 0.0259278 0.0061949
330 0.690476 0.156129 0.0259278 0.0061949
340 0.690476 0.156129 0.0259278 0.0061949
350 0.690476 0.156129 0.0259278 0.0061949
360 0.690476 0.156129 0.0259278 0.0061949
370 0.690476 0.156129 0.0259278 0.0061949
380 0.690476 0.156129 0.0259278 0.0061949
390 0.690476 0.156129 0.0259278 0.0061949
400 0.690476 0.156129 0.0259278 0.0061949
410 0.690476 0.156129 0.0259278 0.0061949
420 0.690476 0.156129 0.0259278 0.0061949
430 0.690476 0.156129 0.0259278 0.0061949
440 0.690476 0.156129 0.0259278 0.0061949
450 0.690476 0.156129 0.0259278 0.0061949
460 0.690476 0.156129 0.0259278 0.0061949
470 0.690476 0.156129 0.0259278 0.0061949
480 0.690476 0.156129 0.0259278 0.0061949
490 0.690476 0.156129 0.0259278 0.0061949
500 0.690476 0.156129 0.0259278 0.0061949
510 0.690476 0.156129 0.0259278 0.0061949
520 0.690476 0.156129 0.0259278 0.0061949
530 0.690476 0.156129 0.0259278 0.0061949
540 0.690476 0.156129 0.0259278 0.0061949
550 0.690476 0.156129 0.0259278 0.0061949
560 0.690476 0.156129 0.0259278 0.0061949
570 0.690476 0.156129 0.0259278 0.0061949
580 0.690476 0.156129 0.0259278 0.0061949
590 0.690476 0.156129 0.0259278 0.0061949
600 0.690476 0.156129 0.0259278 0.0061949
610 0.690476 0.156129 0.0259278 0.0061949
620 0.690476 0.156129 0.0259278 0.0061949
630 0.690476 0.156129 0.0259278 0.0061949
640 0.690476 0.156129 0.0259278 0.0061949
650 0.690476 0.156129 0.0259278 0.0061949
660 0.690476 0.156129 0.0259278 0.0061949
670 0.690476 0.156129 0.0259278 0.0061949
680 0.690476 0.156129 0.0259278 0.0061949
690 0.690476 0.156129 0.0259278 0.0061949
700 0.690476 0.156129 0.0259278 0.0061949
710 0.690476 0.156129 0.0259278 0.0061949
720 0.690476 0.156129 0.0259278 0.0061949
730 0.690476 0.156129 0.0259278 0.0061949
740 0.690476 0.156129 0.0259278 0.0061949
750 0.690476 0.156129 0.0259278 0.0061949
760 0.690476 0.156129 0.0259278 0.0061949
770 0.690476 0.156129 0.0259278 0.0061949
780 0.690476 0.156129 0.0259278 0.0061949
790 0.690476 0.156129 0.0259278 0.0061949
800 0.690476 0.156129 0.0259278 0.0061949
810 0.690476 0.156129 0.0259278 0.0061949
820 0.690476 0.156129 0.0259278 0.0061949
830 0.690476 0.156129 0.0259278 0.0061949
840 0.690476 0.156129 0.0259278 0.0061949
850 0.690476 0.156129 0.0259278 0.0061949
860 0.690476 0.156129 0.0259278 0.0061949
870 0.690476 0.156129 0.0259278 0.0061949
880 0.690476 0.156129 0.0259278 0.0061949
890 0.690476 0.156129 0.0259278 0.0061949
900 0.690476 0.156129 0.0259278 0.0061949
910 0.690476 0.156129 0.0259278 0.0061949
920 0.690476 0.156129 0.0259278 0.0061949
930 0.690476 0.156129 0.0259278 0.0061949
940 0.690476 0.156129 0.0259278 0.0061949
950 0.690476 0.156129 0.0259278 0.0061949
960 0.690476 0.156129 0.0259278 0.0061949
970 0.690476 0.156129 0.0259278 0.0061949
980 0.690476 0.156129 0.0259278 0.0061949
990 0.690476 0.156129 0.0259278 0.0061949
1000 0.690476 0.156129 0.0259278 0.0061949
1010 0.690476 0.156129 0.0259278 0.0061949
1020 0.690476 0.156129 0.0259278 0.0061949
1030 0.690476 0.156129 0.0259278 0.0061949
1040 0.690476 0.156129 0.0259278 0.0061949
1050 0.690476 0.156129 0.0259278 0.0061949
1060 0.690476 0.156129 0.0259278 0.0061949
1070 0.690476 0.156129 0.0259278 0.0061949
1080 0.690476 0.156129 0.0259278 0.0061949
1090 0.690476 0.156129 0.0259278 0.0061949
1100 0.690476 0.156129 0.0259278 0.0061949
1110 0.690476 0.156129 0.0259278 0.0061949
1120 0.690476 0.156129 0.0259278 0.0061949
1130 0.690476 0.156129 0.0259278 0.0061949
1140 0.690476 0.156129 0.0259278 0.0061949
1150 0.690476 0.156129 0.0259278 0.0061949
1160 0.690476 0.156129 0.0259278 0.0061949
1170 0.690476 0.156129 0.0259278 0.0061949
1180 0.690476 0.156129 0.0259278 0.0061949
1190 0.690476 0.156129 0.0259278 0.0061949
1200 0.690476 0.156129 0.0259278 0.0061949
1210 0.690476 0.156129 0.0259278 0.0061949
1220 0.690476 0.156129 0.0259278 0.0061949
1230 0.690476 0.156129 0.0259278 0.0061949
1240 0.690476 0.156129 0.0259278 0.0061949
1250 0.690476 0.156129 0.0259278 0.0061949
1260 0.690476 0.156129 0.0259278 0.0061949
1270 0.690476 0.156129 0.0259278 0.0061949
1280 0.690476 0.156129 0.0259278 0.0061949
1290 0.690476 0.156129 0.0259278 0.0061949
1300 0.690476 0.156129 0.0259278 0.0061949
1310 0.690476 0.156129 0.0259278 0.0061949
1320 0.690476 0.156129 0.0259278 0.0061949
1330 0.690476 0.156129 0.0259278 0.0061949
1340 0.690476 0.156129 0.0259278 0.0061949
1350 0.690476 0.156129 0.0259278 0.0061949
1360 0.690476 0.156129 0.0259278 0.0061949
1370 0.690476 0.156129 0.0259278 0.0061949
1380 0.690476 0.156129 0.0259278 0.0061949
1390 0.690476 0.156129 0.0259278 0.0061949
1400 0.690476 0.156129 0.0259278 0.0061949
1410 0.690476 0.156129 0.0259278 0.0061949
1420 0.690476 0.156129 0.0259278 0.0061949
1430 0.690476 0.156129 0.0259278 0.0061949
1440 0.690476 0.156129 0.0259278 0.0061949


DSBSynaptic
0 0 0 0 0
0.0166667 0.186929 0.0270411 0.15582 0.0207902
0.0333333 0.369781 0.030588 0.309133 0.023858
0.05 0.502369 0.0408052 0.419343 0.0280463
0.0666667 0.596489 0.0384419 0.497831 0.0208969
0.0833333 0.678487 0.0436738 0.566515 0.0255696
0.1 0.720479 0.0532503 0.601176 0.0315602
0.116667 0.788264 0.0460377 0.658187 0.0244497
0.133333 0.792785 0.0322114 0.662544 0.0145552
0.15 0.829377 0.0330337 0.693102 0.0137607
0.166667 0.832576 0.028371 0.695862 0.00777444
0.183333 0.854618 0.0334825 0.714127 0.0118156
0.2 0.881842 0.0227441 0.737548 0.0124521
0.216667 0.896392 0.0161057 0.74984 0.0081574
0.233333 0.927694 0.0216251 0.775768 0.0028657
0.25 0.918326 0.0163699 0.768631 0.0202803
0.266667 0.927477 0.0143196 0.77682 0.0282689
0.283333 0.937398 0.015729 0.785281 0.0310704
0.3 0.932768 0.0191 0.78145 0.0328968
0.316667 0.958009 0.0130624 0.802475 0.0297212
0.333333 0.979389 0.00364491 0.819942 0.0208056
0.35 0.979497 0.0141386 0.819416 0.00726799
0.366667 0.993939 0.00606061 0.832235 0.0234641
0.383333 0.983357 0.00919655 0.822975 0.0155024
0.4 0.967376 0.00991498 0.809612 0.0158994
0.416667 0.980159 0.00998655 0.820214 0.0135589
0.433333 0.973437 0.0106006 0.814514 0.011348
0.45 0.980159 0.00998655 0.820214 0.0135589
0.466667 0.979497 0.0141386 0.819416 0.00726799
0.483333 0.974868 0.0138099 0.815585 0.00895769
0.5 0.958117 0.00325096 0.80195 0.016182
0.516667 0.968038 0.00248089 0.810411 0.0197898
0.533333 0.957347 0.00660007 0.801677 0.0242031
0.55 0.95944 0.0156065 0.803546 0.0289074
0.566667 0.948196 0.00805284 0.793488 0.0129935
0.583333 0.944565 0.0186388 0.791075 0.0290979
0.6 0.952056 0.00372133 0.797048 0.0199089
0.616667 0.930014 0.0107097 0.778783 0.0243332
0.633333 0.951395 0.0107291 0.796249 0.0163437
0.65 0.962747 0.00574494 0.805781 0.0155771
0.666667 0.942136 0.00282892 0.788587 0.0161822
0.683333 0.952056 0.00372133 0.797048 0.0199089
0.7 0.950625 0.0130055 0.795977 0.0244394
0.716667 0.945996 0.00951786 0.792146 0.024061
0.733333 0.942797 0.00643904 0.789385 0.0220297
0.75 0.947427 0.00249426 0.793216 0.0206436
0.766667 0.947427 0.00249426 0.793216 0.0206436
0.783333 0.936075 0.00496177 0.783685 0.0200737
0.8 0.940705 0.00920869 0.787516 0.0202406
0.816667 0.929353 0.0148684 0.777984 0.0216457
0.833333 0.940705 0.00920869 0.787516 0.0202406
0.85 0.935414 0.0116189 0.782886 0.0168315
0.866667 0.940043 0.0162032 0.786718 0.018361
0.883333 0.930123 0.0155303 0.778257 0.0141344
0.9 0.896621 0.0223166 0.750986 0.0305451
0.916667 0.887362 0.0164181 0.743323 0.0290713
0.933333 0.898052 0.0131204 0.752057 0.0249803
0.95 0.896621 0.0223166 0.750986 0.0305451
0.966667 0.897391 0.0172263 0.751258 0.0227956
0.983333 0.8921 0.0192282 0.746629 0.0204523
1 0.869396 0.0306124 0.727566 0.0273684
1.16667 0.850108 0.0167749 0.711968 0.0261881
1.33333 0.76722 0.0273397 0.64134 0.0128401
1.5 0.753992 0.0150458 0.630644 0.00532271
1.66667 0.73581 0.0071435 0.615938 0.0148142
1.83333 0.680483 0.0278349 0.569351 0.0230316
2 0.660426 0.0211297 0.55348 0.0284849
2.16667 0.633862 0.0192523 0.530858 0.0228087
2.33333 0.603439 0.0195499 0.504677 0.0127566
2.5 0.589442 0.0068802 0.493708 0.0173933
2.66667 0.562326 0.0275557 0.469762 0.0143844
2.83333 0.555159 0.0230056 0.463968 0.0110514
3 0.531025 0.0196975 0.443834 0.00853756
3.16667 0.505784 0.0152929 0.422808 0.00308971
3.33333 0.463131 0.00934457 0.387349 0.00255842
3.5 0.489141 0.0223914 0.408647 0.0106223
3.66667 0.474699 0.039725 0.395829 0.0245772
3.83333 0.442076 0.0464552 0.368304 0.0314109
4 0.430616 0.0331631 0.359299 0.0210186
4.16667 0.409235 0.0233433 0.341832 0.014079
4.33333 0.384103 0.0333242 0.32028 0.0213363
4.5 0.375722 0.0550089 0.312364 0.0393921
4.66667 0.3636 0.0470899 0.30256 0.0332545
4.83333 0.341558 0.0438426 0.284295 0.031263
5 0.340019 0.0299077 0.28375 0.0208513
5.16667 0.306626 0.0358117 0.255954 0.0274561
5.33333 0.305195 0.042196 0.254883 0.0334813
5.5 0.301335 0.0398633 0.251324 0.0305194
5.66667 0.278295 0.0360968 0.231641 0.0258773
5.83333 0.261544 0.0291792 0.218006 0.0209163
6 0.266174 0.0328118 0.221837 0.0242026
6.16667 0.249086 0.0244146 0.207582 0.0158054
6.33333 0.237734 0.0245231 0.19805 0.016182
6.5 0.232443 0.029655 0.193421 0.0207023
6.66667 0.215801 0.0364955 0.17926 0.0271314
6.83333 0.208971 0.0267468 0.174085 0.0196683
7 0.221092 0.0312085 0.183889 0.0225021
7.16667 0.191222 0.0270411 0.159032 0.0191268
7.33333 0.175241 0.0264603 0.145669 0.0189609
7.5 0.18064 0.0368102 0.149773 0.027689
7.66667 0.174579 0.0324654 0.144871 0.0242435
7.83333 0.177441 0.0417549 0.147012 0.0316944
8 0.187362 0.0369807 0.155473 0.0275247
8.16667 0.178102 0.03894 0.14781 0.0293712
8.33333 0.172042 0.0330116 0.142908 0.0245363
8.5 0.15683 0.0417154 0.129817 0.0320077
8.66667 0.166751 0.0368261 0.138278 0.027761
8.83333 0.156061 0.032079 0.129545 0.0240139
9 0.13931 0.0216291 0.11591 0.0156779
9.16667 0.134019 0.0253971 0.11128 0.0188081
9.33333 0.12862 0.0175084 0.107176 0.0126798
9.5 0.12013 0.031035 0.0997859 0.0239976
9.66667 0.112638 0.0164181 0.0938134 0.0119457
9.83333 0.111869 0.0086831 0.0935411 0.00674578
10 0.0920274 0.0178538 0.076619 0.0136074
11 0.0907047 0.0232238 0.0750225 0.0178961
12 0.0573112 0.0209441 0.047226 0.0169237
13 0.0573112 0.0209441 0.047226 0.0169237
14 0.0587422 0.0223122 0.0482965 0.0178174
15 0.0434223 0.0164359 0.0357317 0.0129865
16 0.0313011 0.00786448 0.0259278 0.0061949
17 0.0145503 0.00804598 0.0122925 0.00668404
18 0.0145503 0.00804598 0.0122925 0.00668404
19 0.0145503 0.00804598 0.0122925 0.00668404
20 0.0145503 0.00804598 0.0122925 0.00668404
21 0.010582 0.010582 0.00925926 0.00925926
22 0 0 0 0
23 0 0 0 0
24 0 0 0 0
25 0 0 0 0
26 0 0 0 0
27 0 0 0 0
28 0 0 0 0
29 0 0 0 0
30 0 0 0 0
31 0.00606061 0.00606061 0.00490196 0.00490196
32 0.00606061 0.00606061 0.00490196 0.00490196
33 0.00606061 0.00606061 0.00490196 0.00490196
34 0 0 0 0
35 0 0 0 0
36 0 0 0 0
37 0 0 0 0
38 0 0 0 0
39 0 0 0 0
40 0 0 0 0
41 0 0 0 0
42 0 0 0 0
43 0 0 0 0
44 0 0 0 0
45 0 0 0 0
46 0 0 0 0
47 0 0 0 0
48 0 0 0 0
49 0 0 0 0
50 0 0 0 0
51 0 0 0 0
52 0 0 0 0
53 0 0 0 0
54 0 0 0 0
55 0 0 0 0
56 0 0 0 0
57 0 0 0 0
58 0 0 0 0
59 0 0 0 0
60 0 0 0 0
70 0 0 0 0
80 0 0 0 0
90 0 0 0 0
100 0 0 0 0
110 0 0 0 0
120 0 0 0 0
130 0 0 0 0
140 0 0 0 0
150 0 0 0 0
160 0 0 0 0
170 0 0 0 0
180 0 0 0 0
190 0 0 0 0
200 0 0 0 0
210 0 0 0 0
220 0 0 0 0
230 0 0 0 0
240 0 0 0 0
250 0 0 0 0
260 0 0 0 0
270 0 0 0 0
280 0 0 0 0
290 0 0 0 0
300 0 0 0 0
310 0 0 0 0
320 0 0 0 0
330 0 0 0 0
340 0 0 0 0
350 0 0 0 0
360 0 0 0 0
370 0 0 0 0
380 0 0 0 0
390 0 0 0 0
400 0 0 0 0
410 0 0 0 0
420 0 0 0 0
430 0 0 0 0
440 0 0 0 0
450 0 0 0 0
460 0 0 0 0
470 0 0 0 0
480 0 0 0 0
490 0 0 0 0
500 0 0 0 0
510 0 0 0 0
520 0 0 0 0
530 0 0 0 0
540 0 0 0 0
550 0 0 0 0
560 0 0 0 0
570 0 0 0 0
580 0 0 0 0
590 0 0 0 0
600 0 0 0 0
610 0 0 0 0
620 0 0 0 0
630 0 0 0 0
640 0 0 0 0
650 0 0 0 0
660 0 0 0 0
670 0 0 0 0
680 0 0 0 0
690 0 0 0 0
700 0 0 0 0
710 0 0 0 0
720 0 0 0 0
730 0 0 0 0
740 0 0 0 0
750 0 0 0 0
760 0 0 0 0
770 0 0 0 0
780 0 0 0 0
790 0 0 0 0
800 0 0 0 0
810 0 0 0 0
820 0 0 0 0
830 0 0 0 0
840 0 0 0 0
850 0 0 0 0
860 0 0 0 0
870 0 0 0 0
880 0 0 0 0
890 0 0 0 0
900 0 0 0 0
910 0 0 0 0
920 0 0 0 0
930 0 0 0 0
940 0 0 0 0
950 0 0 0 0
960 0 0 0 0
970 0 0 0 0
980 0 0 0 0
990 0 0 0 0
1000 0 0 0 0
1010 0 0 0 0
1020 0 0 0 0
1030 0 0 0 0
1040 0 0 0 0
1050 0 0 0 0
1060 0 0 0 0
1070 0 0 0 0
1080 0 0 0 0
1090 0 0 0 0
1100 0 0 0 0
1110 0 0 0 0
1120 0 0 0 0
1130 0 0 0 0
1140 0 0 0 0
1150 0 0 0 0
1160 0 0 0 0
1170 0 0 0 0
1180 0 0 0 0
1190 0 0 0 0
1200 0 0 0 0
1210 0 0 0 0
1220 0 0 0 0
1230 0 0 0 0
1240 0 0 0 0
1250 0 0 0 0
1260 0 0 0 0
1270 0 0 0 0
1280 0 0 0 0
1290 0 0 0 0
1300 0 0 0 0
1310 0 0 0 0
1320 0 0 0 0
1330 0 0 0 0
1340 0 0 0 0
1350 0 0 0 0
1360 0 0 0 0
1370 0 0 0 0
1380 0 0 0 0
1390 0 0 0 0
1400 0 0 0 0
1410 0 0 0 0
1420 0 0 0 0
1430 0 0 0 0
1440 0 0 0 0


DSBSynaptic_Stable
0 0 0 0 0
0.0166667 0 0 0 0
0.0333333 0 0 0 0
0.05 0.00694444 0.00694444 0.00462963 0.00462963
0.0666667 0.00694444 0.00694444 0.00462963 0.00462963
0.0833333 0.0146964 0.00738139 0.00953159 0.00477163
0.1 0.0216408 0.0120552 0.0141612 0.00802338
0.116667 0.0216408 0.0120552 0.0141612 0.00802338
0.133333 0.0429927 0.0150902 0.0277966 0.00941757
0.15 0.057689 0.0219214 0.0373281 0.0138339
0.166667 0.0731929 0.0356193 0.0471321 0.0223211
0.183333 0.0731929 0.0356193 0.0471321 0.0223211
0.2 0.0867928 0.0388142 0.0558654 0.0241475
0.216667 0.0867928 0.0388142 0.0558654 0.0241475
0.233333 0.0867928 0.0388142 0.0558654 0.0241475
0.25 0.0926408 0.0351905 0.0596969 0.0217214
0.266667 0.100393 0.0429216 0.0645988 0.0266051
0.283333 0.107337 0.0403403 0.0692285 0.0249619
0.3 0.113185 0.0366282 0.0730599 0.0224644
0.316667 0.113185 0.0366282 0.0730599 0.0224644
0.333333 0.113185 0.0366282 0.0730599 0.0224644
0.35 0.113185 0.0366282 0.0730599 0.0224644
0.366667 0.12013 0.0343882 0.0776895 0.0210961
0.383333 0.12013 0.0343882 0.0776895 0.0210961
0.4 0.140674 0.0359623 0.0910525 0.0219583
0.416667 0.140674 0.0359623 0.0910525 0.0219583
0.433333 0.147618 0.0351093 0.0956821 0.0216302
0.45 0.153466 0.030275 0.0995136 0.0183342
0.466667 0.166259 0.0249699 0.107975 0.0150621
0.483333 0.166259 0.0249699 0.107975 0.0150621
0.5 0.174011 0.0318945 0.112877 0.0192457
0.516667 0.174011 0.0318945 0.112877 0.0192457
0.533333 0.18761 0.0349376 0.12161 0.0208251
0.55 0.18761 0.0349376 0.12161 0.0208251
0.566667 0.18761 0.0349376 0.12161 0.0208251
0.583333 0.208962 0.0467503 0.135245 0.0280529
0.6 0.21481 0.0438309 0.139077 0.0260734
0.616667 0.220658 0.0415343 0.142908 0.0245363
0.633333 0.220658 0.0415343 0.142908 0.0245363
0.65 0.220658 0.0415343 0.142908 0.0245363
0.666667 0.233451 0.0350731 0.151369 0.0202507
0.683333 0.227603 0.037395 0.147538 0.0218233
0.7 0.227603 0.037395 0.147538 0.0218233
0.716667 0.227603 0.037395 0.147538 0.0218233
0.733333 0.233451 0.0350731 0.151369 0.0202507
0.75 0.233451 0.0350731 0.151369 0.0202507
0.766667 0.233451 0.0350731 0.151369 0.0202507
0.783333 0.240395 0.0309717 0.155999 0.017591
0.8 0.246243 0.0286142 0.15983 0.0159655
0.816667 0.253995 0.0362438 0.164732 0.0207987
0.833333 0.253995 0.0362438 0.164732 0.0207987
0.85 0.260939 0.0323225 0.169362 0.0182859
0.866667 0.260939 0.0323225 0.169362 0.0182859
0.883333 0.273732 0.0259557 0.177823 0.0141275
0.9 0.307876 0.0322346 0.199919 0.0177139
0.916667 0.313724 0.0302383 0.203751 0.0163437
0.933333 0.321476 0.0377746 0.208653 0.0211133
0.95 0.329228 0.0453836 0.213555 0.0259323
0.966667 0.329228 0.0453836 0.213555 0.0259323
0.983333 0.329228 0.0453836 0.213555 0.0259323
1 0.343924 0.0490049 0.223086 0.0281642
1.16667 0.377261 0.0439276 0.24491 0.0246286
1.33333 0.440126 0.0140071 0.286417 0.00474023
1.5 0.481215 0.0158389 0.313143 0.00537396
1.66667 0.530056 0.0257944 0.344771 0.0114379
1.83333 0.574952 0.0506315 0.373638 0.0276064
2 0.614945 0.0529938 0.399566 0.0282344
2.16667 0.634681 0.0437346 0.412657 0.0226496
2.33333 0.658362 0.0200822 0.428508 0.00797089
2.5 0.668962 0.0223218 0.435373 0.00957506
2.66667 0.702587 0.00310502 0.457723 0.0090204
2.83333 0.717284 0.00812057 0.467255 0.00949485
3 0.759469 0.0212679 0.494779 0.0169893
3.16667 0.758372 0.0108096 0.493981 0.00998105
3.33333 0.765317 0.0158621 0.49861 0.0146022
3.5 0.75062 0.0103264 0.489079 0.0128931
3.66667 0.785054 0.0244323 0.511701 0.0220793
3.83333 0.792806 0.0228145 0.516603 0.0195469
4 0.817294 0.0190288 0.532727 0.020146
4.16667 0.825046 0.0146974 0.537629 0.0164154
4.33333 0.844783 0.0257083 0.550719 0.024391
4.5 0.857575 0.030643 0.55918 0.0280784
4.66667 0.873079 0.022429 0.568984 0.0211776
4.83333 0.87579 0.0258157 0.570327 0.01653
5 0.883542 0.0311175 0.575229 0.0176909
5.16667 0.891294 0.0372871 0.580131 0.0200188
5.33333 0.905183 0.0405743 0.58939 0.0253917
5.5 0.90628 0.0496508 0.590189 0.0324315
5.66667 0.902472 0.0336277 0.588047 0.0261884
5.83333 0.921112 0.0302738 0.60034 0.0262211
6 0.921112 0.0302738 0.60034 0.0262211
6.16667 0.938656 0.0213021 0.611834 0.022915
6.33333 0.944504 0.0208886 0.615666 0.0230145
6.5 0.965048 0.0201402 0.629029 0.0226961
6.66667 0.9592 0.020991 0.625197 0.0227531
6.83333 0.960815 0.00857038 0.625742 0.00663193
7 0.940271 0.00697024 0.612379 0.00656376
7.16667 0.970607 0.0147628 0.632334 0.0154299
7.33333 0.970607 0.0147628 0.632334 0.0154299
7.5 0.971704 0.00915705 0.633132 0.0153224
7.66667 0.965856 0.00742768 0.629301 0.0144586
7.83333 0.971704 0.00915705 0.633132 0.0153224
8 0.971704 0.00915705 0.633132 0.0153224
8.16667 0.9698 0.0206775 0.632062 0.0219242
8.33333 0.963663 0.0187457 0.627705 0.0151384
8.5 0.964759 0.00895828 0.628503 0.0128553
8.66667 0.958911 0.00331044 0.624671 0.0110361
8.83333 0.957007 0.0150902 0.623601 0.0177367
9 0.958911 0.00331044 0.624671 0.0110361
9.16667 0.966663 0.00538638 0.629573 0.00626938
9.33333 0.960815 0.00857038 0.625742 0.00663193
9.5 0.953063 0.00317242 0.62084 0.0103775
9.66667 0.959719 0.0116226 0.624944 0.00419652
9.83333 0.961623 0.0193989 0.626014 0.00340487
10 0.961623 0.0193989 0.626014 0.00340487
11 0.909127 0.0248278 0.592151 0.017942
12 0.924631 0.0344094 0.601955 0.0194843
13 0.891583 0.0423349 0.580657 0.0280463
14 0.863287 0.0381124 0.562392 0.0271565
15 0.785054 0.0244323 0.511701 0.0220793
16 0.757565 0.0171822 0.493708 0.0173933
17 0.727229 0.0312428 0.473753 0.0223151
18 0.68914 0.0470786 0.448896 0.031715
19 0.651996 0.0322887 0.424931 0.0244077
20 0.638107 0.0212837 0.415671 0.0156072
21 0.616466 0.0100226 0.40151 0.00779041
22 0.603674 0.0141356 0.393049 0.00706492
23 0.564778 0.0287642 0.367919 0.0200473
24 0.523689 0.0262428 0.341193 0.0187229
25 0.490353 0.0260141 0.319369 0.0174065
26 0.475656 0.0188314 0.309838 0.0132821
27 0.443416 0.0290105 0.288812 0.0193996
28 0.415927 0.0237864 0.270819 0.0151391
29 0.402327 0.026297 0.262086 0.0178829
30 0.389535 0.0281063 0.253625 0.0180166
31 0.383687 0.0339533 0.249793 0.0217778
32 0.34735 0.016607 0.226101 0.00960492
33 0.319861 0.0150612 0.208108 0.00727143
34 0.286524 0.0196539 0.186284 0.0100771
35 0.262036 0.0337543 0.17016 0.0196935
36 0.262036 0.0337543 0.17016 0.0196935
37 0.222851 0.0423208 0.144505 0.0254801
38 0.215907 0.0440465 0.139875 0.0263945
39 0.215907 0.0440465 0.139875 0.0263945
40 0.188707 0.0384005 0.122408 0.0235065
41 0.180955 0.031851 0.117506 0.0195872
42 0.180955 0.031851 0.117506 0.0195872
43 0.180955 0.031851 0.117506 0.0195872
44 0.180955 0.031851 0.117506 0.0195872
45 0.173203 0.0259722 0.112604 0.0162118
46 0.173203 0.0259722 0.112604 0.0162118
47 0.144907 0.0198534 0.0943393 0.0129042
48 0.132114 0.0227309 0.0858782 0.0142991
49 0.132114 0.0227309 0.0858782 0.0142991
50 0.110763 0.022014 0.0722429 0.0148072
51 0.110763 0.022014 0.0722429 0.0148072
52 0.110763 0.022014 0.0722429 0.0148072
53 0.110763 0.022014 0.0722429 0.0148072
54 0.110763 0.022014 0.0722429 0.0148072
55 0.0910258 0.0195129 0.0591522 0.012391
56 0.0910258 0.0195129 0.0591522 0.012391
57 0.0910258 0.0195129 0.0591522 0.012391
58 0.0771369 0.0197773 0.0498929 0.0119988
59 0.0693849 0.0121576 0.044991 0.00722049
60 0.0538811 0.00465754 0.0351871 0.00355517
70 0.0127924 0.0064663 0.00846105 0.00428663
80 0.0127924 0.0064663 0.00846105 0.00428663
90 0.00584795 0.00584795 0.00383142 0.00383142
100 0 0 0 0
110 0 0 0 0
120 0 0 0 0
130 0 0 0 0
140 0 0 0 0
150 0 0 0 0
160 0 0 0 0
170 0 0 0 0
180 0 0 0 0
190 0 0 0 0
200 0 0 0 0
210 0 0 0 0
220 0 0 0 0
230 0 0 0 0
240 0 0 0 0
250 0 0 0 0
260 0 0 0 0
270 0 0 0 0
280 0 0 0 0
290 0 0 0 0
300 0 0 0 0
310 0 0 0 0
320 0 0 0 0
330 0 0 0 0
340 0 0 0 0
350 0 0 0 0
360 0 0 0 0
370 0 0 0 0
380 0 0 0 0
390 0 0 0 0
400 0 0 0 0
410 0 0 0 0
420 0 0 0 0
430 0 0 0 0
440 0 0 0 0
450 0 0 0 0
460 0 0 0 0
470 0 0 0 0
480 0 0 0 0
490 0 0 0 0
500 0 0 0 0
510 0 0 0 0
520 0 0 0 0
530 0 0 0 0
540 0 0 0 0
550 0 0 0 0
560 0 0 0 0
570 0 0 0 0
580 0 0 0 0
590 0 0 0 0
600 0 0 0 0
610 0 0 0 0
620 0 0 0 0
630 0 0 0 0
640 0 0 0 0
650 0 0 0 0
660 0 0 0 0
670 0 0 0 0
680 0 0 0 0
690 0 0 0 0
700 0 0 0 0
710 0 0 0 0
720 0 0 0 0
730 0 0 0 0
740 0 0 0 0
750 0 0 0 0
760 0 0 0 0
770 0 0 0 0
780 0 0 0 0
790 0 0 0 0
800 0 0 0 0
810 0 0 0 0
820 0 0 0 0
830 0 0 0 0
840 0 0 0 0
850 0 0 0 0
860 0 0 0 0
870 0 0 0 0
880 0 0 0 0
890 0 0 0 0
900 0 0 0 0
910 0 0 0 0
920 0 0 0 0
930 0 0 0 0
940 0 0 0 0
950 0 0 0 0
960 0 0 0 0
970 0 0 0 0
980 0 0 0 0
990 0 0 0 0
1000 0 0 0 0
1010 0 0 0 0
1020 0 0 0 0
1030 0 0 0 0
1040 0 0 0 0
1050 0 0 0 0
1060 0 0 0 0
1070 0 0 0 0
1080 0 0 0 0
1090 0 0 0 0
1100 0 0 0 0
1110 0 0 0 0
1120 0 0 0 0
1130 0 0 0 0
1140 0 0 0 0
1150 0 0 0 0
1160 0 0 0 0
1170 0 0 0 0
1180 0 0 0 0
1190 0 0 0 0
1200 0 0 0 0
1210 0 0 0 0
1220 0 0 0 0
1230 0 0 0 0
1240 0 0 0 0
1250 0 0 0 0
1260 0 0 0 0
1270 0 0 0 0
1280 0 0 0 0
1290 0 0 0 0
1300 0 0 0 0
1310 0 0 0 0
1320 0 0 0 0
1330 0 0 0 0
1340 0 0 0 0
1350 0 0 0 0
1360 0 0 0 0
1370 0 0 0 0
1380 0 0 0 0
1390 0 0 0 0
1400 0 0 0 0
1410 0 0 0 0
1420 0 0 0 0
1430 0 0 0 0
1440 0 0 0 0


DSB_Residual
0 1 0 1 0
0.0166667 1 0 1 0
0.0333333 1 0 1 0
0.05 1 0 1 0
0.0666667 1 0 1 0
0.0833333 1 0 1 0
0.1 1 0 1 0
0.116667 1 0 1 0
0.133333 1 0 1 0
0.15 1 0 1 0
0.166667 1 0 1 0
0.183333 1 0 1 0
0.2 1 0 1 0
0.216667 1 0 1 0
0.233333 1 0 1 0
0.25 1 0 1 0
0.266667 1 0 1 0
0.283333 1 0 1 0
0.3 1 0 1 0
0.316667 1 0 1 0
0.333333 1 0 1 0
0.35 1 0 1 0
0.366667 1 0 1 0
0.383333 1 0 1 0
0.4 1 0 1 0
0.416667 1 0 1 0
0.433333 1 0 1 0
0.45 1 0 1 0
0.466667 1 0 1 0
0.483333 1 0 1 0
0.5 1 0 1 0
0.516667 1 0 1 0
0.533333 1 0 1 0
0.55 1 0 1 0
0.566667 1 0 1 0
0.583333 1 0 1 0
0.6 1 0 1 0
0.616667 1 0 1 0
0.633333 1 0 1 0
0.65 1 0 1 0
0.666667 1 0 1 0
0.683333 0.996032 0.00396825 0.996169 0.00383142
0.7 0.996032 0.00396825 0.996169 0.00383142
0.716667 0.996032 0.00396825 0.996169 0.00383142
0.733333 0.996032 0.00396825 0.996169 0.00383142
0.75 0.996032 0.00396825 0.996169 0.00383142
0.766667 0.996032 0.00396825 0.996169 0.00383142
0.783333 0.996032 0.00396825 0.996169 0.00383142
0.8 0.996032 0.00396825 0.996169 0.00383142
0.816667 0.996032 0.00396825 0.996169 0.00383142
0.833333 0.996032 0.00396825 0.996169 0.00383142
0.85 0.996032 0.00396825 0.996169 0.00383142
0.866667 0.996032 0.00396825 0.996169 0.00383142
0.883333 0.996032 0.00396825 0.996169 0.00383142
0.9 0.996032 0.00396825 0.996169 0.00383142
0.916667 0.996032 0.00396825 0.996169 0.00383142
0.933333 0.996032 0.00396825 0.996169 0.00383142
0.95 0.996032 0.00396825 0.996169 0.00383142
0.966667 0.996032 0.00396825 0.996169 0.00383142
0.983333 0.996032 0.00396825 0.996169 0.00383142
1 0.996032 0.00396825 0.996169 0.00383142
1.16667 0.996032 0.00396825 0.996169 0.00383142
1.33333 0.996032 0.00396825 0.996169 0.00383142
1.5 0.992063 0.00793651 0.992337 0.00766284
1.66667 0.992063 0.00793651 0.992337 0.00766284
1.83333 0.992063 0.00793651 0.992337 0.00766284
2 0.992063 0.00793651 0.992337 0.00766284
2.16667 0.983045 0.0103492 0.983604 0.00999013
2.33333 0.977994 0.0111132 0.978702 0.0107492
2.5 0.973299 0.00649859 0.974072 0.0061949
2.66667 0.973299 0.00649859 0.974072 0.0061949
2.83333 0.969331 0.00968232 0.970241 0.00926467
3 0.960312 0.0134304 0.961507 0.0128917
3.16667 0.946954 0.00923785 0.948417 0.00871987
3.33333 0.94226 0.00753077 0.943787 0.00718049
3.5 0.932514 0.00345207 0.934256 0.00346324
3.66667 0.932514 0.00345207 0.934256 0.00346324
3.83333 0.927819 0.00690986 0.929626 0.00711034
4 0.917718 0.00573257 0.919822 0.0057821
4.16667 0.91375 0.00235414 0.915991 0.00226992
4.33333 0.909782 0.003117 0.912159 0.00249638
4.5 0.900392 0.00665258 0.9029 0.00708726
4.66667 0.900392 0.00665258 0.9029 0.00708726
4.83333 0.891729 0.0103648 0.894439 0.0106655
5 0.886679 0.00672687 0.889537 0.0072699
5.16667 0.881984 0.0114187 0.884907 0.011899
5.33333 0.876933 0.00977308 0.880005 0.0102979
5.5 0.868997 0.0056676 0.872342 0.00616229
5.66667 0.850233 0.00359292 0.854077 0.00432338
5.83333 0.850233 0.00359292 0.854077 0.00432338
6 0.850233 0.00359292 0.854077 0.00432338
6.16667 0.850233 0.00359292 0.854077 0.00432338
6.33333 0.850233 0.00359292 0.854077 0.00432338
6.5 0.850233 0.00359292 0.854077 0.00432338
6.66667 0.836875 0.0100306 0.840987 0.0107928
6.83333 0.827485 0.019399 0.831728 0.0200421
7 0.813772 0.0195618 0.818365 0.0202948
7.16667 0.813772 0.0195618 0.818365 0.0202948
7.33333 0.809077 0.0242567 0.813735 0.0249242
7.5 0.805108 0.0225361 0.809903 0.0232118
7.66667 0.80114 0.021421 0.806072 0.0220389
7.83333 0.80114 0.021421 0.806072 0.0220389
8 0.80114 0.021421 0.806072 0.0220389
8.16667 0.792121 0.0168586 0.797339 0.0175952
8.33333 0.782732 0.0258592 0.788079 0.0265527
8.5 0.778763 0.0250074 0.784248 0.025621
8.66667 0.774795 0.0247696 0.780417 0.0252425
8.83333 0.764694 0.0166528 0.770613 0.0176246
9 0.760726 0.0160278 0.766781 0.0168278
9.16667 0.756758 0.0163695 0.76295 0.0168844
9.33333 0.752789 0.0176217 0.759118 0.0177862
9.5 0.743771 0.0145886 0.750385 0.014514
9.66667 0.734025 0.0119929 0.740853 0.0125388
9.83333 0.730057 0.0138083 0.737022 0.013853
10 0.730057 0.0138083 0.737022 0.013853
11 0.685675 0.0167081 0.6939 0.0155682
12 0.672317 0.020653 0.680809 0.0201644
13 0.650311 0.0223315 0.659511 0.02066
14 0.627579 0.0221474 0.637415 0.0200255
15 0.567674 0.0166172 0.579061 0.0139122
16 0.539164 0.0122522 0.551264 0.00915924
17 0.504527 0.0246445 0.517673 0.021067
18 0.478909 0.0343495 0.492816 0.03049
19 0.454368 0.0271422 0.468851 0.0231842
20 0.444978 0.0181732 0.459592 0.0143605
21 0.42657 0.0133133 0.441599 0.00954189
22 0.413212 0.0101892 0.428508 0.00797089
23 0.382543 0.0191169 0.398749 0.0155311
24 0.355116 0.0175155 0.372023 0.0137281
25 0.332739 0.0175911 0.350199 0.014305
26 0.322994 0.0127594 0.340667 0.00955787
27 0.301343 0.0197894 0.319642 0.0162046
28 0.282935 0.0166002 0.301649 0.0138983
29 0.273916 0.0180549 0.292916 0.014305
30 0.265253 0.0196129 0.284455 0.016549
31 0.261285 0.0235674 0.280623 0.0202373
32 0.237099 0.0125513 0.25693 0.0115129
33 0.218691 0.0121408 0.238938 0.0130726
34 0.191264 0.0105103 0.212212 0.012088
35 0.174664 0.0201934 0.196088 0.0197435
36 0.174664 0.0201934 0.196088 0.0197435
37 0.148319 0.0261987 0.170432 0.0254415
38 0.143624 0.0272672 0.165803 0.0273942
39 0.143624 0.0272672 0.165803 0.0273942
40 0.125587 0.0240634 0.148336 0.0225081
41 0.120536 0.0199269 0.143434 0.0179064
42 0.120536 0.0199269 0.143434 0.0179064
43 0.120536 0.0199269 0.143434 0.0179064
44 0.120536 0.0199269 0.143434 0.0179064
45 0.115486 0.0163135 0.138532 0.0135176
46 0.115486 0.0163135 0.138532 0.0135176
47 0.0967217 0.01279 0.120267 0.00867315
48 0.0880587 0.0144294 0.111806 0.0116673
49 0.0880587 0.0144294 0.111806 0.0116673
50 0.0739894 0.014741 0.0981707 0.00916414
51 0.0739894 0.014741 0.0981707 0.00916414
52 0.0739894 0.014741 0.0981707 0.00916414
53 0.0739894 0.014741 0.0981707 0.00916414
54 0.0739894 0.014741 0.0981707 0.00916414
55 0.0606315 0.0125534 0.08508 0.00984673
56 0.0606315 0.0125534 0.08508 0.00984673
57 0.0606315 0.0125534 0.08508 0.00984673
58 0.0512418 0.0124024 0.0758207 0.0141019
59 0.0461913 0.00745049 0.0709188 0.00948425
60 0.0360903 0.00345493 0.0611149 0.0040371
70 0.00866309 0.00437701 0.0343889 0.00581325
80 0.00866309 0.00437701 0.0343889 0.00581325
90 0.00396825 0.00396825 0.0297592 0.00926467
100 0 0 0.0259278 0.0061949
110 0 0 0.0259278 0.0061949
120 0 0 0.0259278 0.0061949
130 0 0 0.0259278 0.0061949
140 0 0 0.0259278 0.0061949
150 0 0 0.0259278 0.0061949
160 0 0 0.0259278 0.0061949
170 0 0 0.0259278 0.0061949
180 0 0 0.0259278 0.0061949
190 0 0 0.0259278 0.0061949
200 0 0 0.0259278 0.0061949
210 0 0 0.0259278 0.0061949
220 0 0 0.0259278 0.0061949
230 0 0 0.0259278 0.0061949
240 0 0 0.0259278 0.0061949
250 0 0 0.0259278 0.0061949
260 0 0 0.0259278 0.0061949
270 0 0 0.0259278 0.0061949
280 0 0 0.0259278 0.0061949
290 0 0 0.0259278 0.0061949
300 0 0 0.0259278 0.0061949
310 0 0 0.0259278 0.0061949
320 0 0 0.0259278 0.0061949
330 0 0 0.0259278 0.0061949
340 0 0 0.0259278 0.0061949
350 0 0 0.0259278 0.0061949
360 0 0 0.0259278 0.0061949
370 0 0 0.0259278 0.0061949
380 0 0 0.0259278 0.0061949
390 0 0 0.0259278 0.0061949
400 0 0 0.0259278 0.0061949
410 0 0 0.0259278 0.0061949
420 0 0 0.0259278 0.0061949
430 0 0 0.0259278 0.0061949
440 0 0 0.0259278 0.0061949
450 0 0 0.0259278 0.0061949
460 0 0 0.0259278 0.0061949
470 0 0 0.0259278 0.0061949
480 0 0 0.0259278 0.0061949
490 0 0 0.0259278 0.0061949
500 0 0 0.0259278 0.0061949
510 0 0 0.0259278 0.0061949
520 0 0 0.0259278 0.0061949
530 0 0 0.0259278 0.0061949
540 0 0 0.0259278 0.0061949
550 0 0 0.0259278 0.0061949
560 0 0 0.0259278 0.0061949
570 0 0 0.0259278 0.0061949
580 0 0 0.0259278 0.0061949
590 0 0 0.0259278 0.0061949
600 0 0 0.0259278 0.0061949
610 0 0 0.0259278 0.0061949
620 0 0 0.0259278 0.0061949
630 0 0 0.0259278 0.0061949
640 0 0 0.0259278 0.0061949
650 0 0 0.0259278 0.0061949
660 0 0 0.0259278 0.0061949
670 0 0 0.0259278 0.0061949
680 0 0 0.0259278 0.0061949
690 0 0 0.0259278 0.0061949
700 0 0 0.0259278 0.0061949
710 0 0 0.0259278 0.0061949
720 0 0 0.0259278 0.0061949
730 0 0 0.0259278 0.0061949
740 0 0 0.0259278 0.0061949
750 0 0 0.0259278 0.0061949
760 0 0 0.0259278 0.0061949
770 0 0 0.0259278 0.0061949
780 0 0 0.0259278 0.0061949
790 0 0 0.0259278 0.0061949
800 0 0 0.0259278 0.0061949
810 0 0 0.0259278 0.0061949
820 0 0 0.0259278 0.0061949
830 0 0 0.0259278 0.0061949
840 0 0 0.0259278 0.0061949
850 0 0 0.0259278 0.0061949
860 0 0 0.0259278 0.0061949
870 0 0 0.0259278 0.0061949
880 0 0 0.0259278 0.0061949
890 0 0 0.0259278 0.0061949
900 0 0 0.0259278 0.0061949
910 0 0 0.0259278 0.0061949
920 0 0 0.0259278 0.0061949
930 0 0 0.0259278 0.0061949
940 0 0 0.0259278 0.0061949
950 0 0 0.0259278 0.0061949
960 0 0 0.0259278 0.0061949
970 0 0 0.0259278 0.0061949
980 0 0 0.0259278 0.0061949
990 0 0 0.0259278 0.0061949
1000 0 0 0.0259278 0.0061949
1010 0 0 0.0259278 0.0061949
1020 0 0 0.0259278 0.0061949
1030 0 0 0.0259278 0.0061949
1040 0 0 0.0259278 0.0061949
1050 0 0 0.0259278 0.0061949
1060 0 0 0.0259278 0.0061949
1070 0 0 0.0259278 0.0061949
1080 0 0 0.0259278 0.0061949
1090 0 0 0.0259278 0.0061949
1100 0 0 0.0259278 0.0061949
1110 0 0 0.0259278 0.0061949
1120 0 0 0.0259278 0.0061949
1130 0 0 0.0259278 0.0061949
1140 0 0 0.0259278 0.0061949
1150 0 0 0.0259278 0.0061949
1160 0 0 0.0259278 0.0061949
1170 0 0 0.0259278 0.0061949
1180 0 0 0.0259278 0.0061949
1190 0 0 0.0259278 0.0061949
1200 0 0 0.0259278 0.0061949
1210 0 0 0.0259278 0.0061949
1220 0 0 0.0259278 0.0061949
1230 0 0 0.0259278 0.0061949
1240 0 0 0.0259278 0.0061949
1250 0 0 0.0259278 0.0061949
1260 0 0 0.0259278 0.0061949
1270 0 0 0.0259278 0.0061949
1280 0 0 0.0259278 0.0061949
1290 0 0 0.0259278 0.0061949
1300 0 0 0.0259278 0.0061949
1310 0 0 0.0259278 0.0061949
1320 0 0 0.0259278 0.0061949
1330 0 0 0.0259278 0.0061949
1340 0 0 0.0259278 0.0061949
1350 0 0 0.0259278 0.0061949
1360 0 0 0.0259278 0.0061949
1370 0 0 0.0259278 0.0061949
1380 0 0 0.0259278 0.0061949
1390 0 0 0.0259278 0.0061949
1400 0 0 0.0259278 0.0061949
1410 0 0 0.0259278 0.0061949
1420 0 0 0.0259278 0.0061949
1430 0 0 0.0259278 0.0061949
1440 0 0 0.0259278 0.0061949


Time || Bleached_RelInit SEM_RelInit
1 0 0.0728672
2 0.01536 0.0849724
3 0.0255034 0.0995692
4 0.0426623 0.068279
5 0.0903513 0.10064
6 0.110928 0.0833717
7 0.134153 0.082607
8 0.176255 0.0690257
9 0.191326 0.0685503
10 0.205257 0.062262
11 0.210183 0.0691277
12 0.219188 0.0743146
13 0.211033 0.0724857
14 0.225833 0.0701
15 0.240054 0.0678154
16 0.240054 0.0678154
17 0.238915 0.0637241
18 0.256074 0.0599864
19 0.273522 0.0691307
20 0.303952 0.0655809
21 0.313246 0.0583962
22 0.327757 0.0635905
23 0.331834 0.0529097
24 0.340838 0.0886671
25 0.346055 0.0857509
26 0.360566 0.0846638
27 0.378014 0.098928
28 0.388448 0.0838612
29 0.378594 0.0810779
30 0.383521 0.0922153
40 0.512547 0.0956521
50 0.576815 0.0378355
60 0.668206 0.0273337
70 0.774107 0.0599292
80 0.779034 0.0835684
90 0.844051 0.0870039
100 0.87628 0.0699277
110 0.881227 0.0519039
120 0.910788 0.0597669
130 0.931754 0.0534702
140 0.96881 0.0383439
150 0.985679 0.0481482
160 0.983691 0.026325
170 0.927367 0.0345061
180 0.966052 0.0384947
190 1 0.0718056
200 0.977065 0.0831997
210 0.973917 0.0680752
220 0.946325 0.0508365
230 0.943387 0.0729506
240 0.960855 0.104127
250 0.965223 0.0850099
260 0.923989 0.0761654
270 0.924259 0.0596661
280 0.893539 0.0732867
290 0.902254 0.0906969
300 0.901594 0.0966485
310 0.849638 0.0792223
320 0.874951 0.0728108
330 0.863379 0.0760093
340 0.876091 0.0607918
350 0.858742 0.0607918
360 0.89269 0.06725
370 0.863978 0.0796541
380 0.848908 0.0489832
390 0.8309 0.0516268
400 0.821606 0.0552337
410 0.793164 0.0549739
420 0.794304 0.069022
430 0.780932 0.06315
440 0.792505 0.0761536
450 0.804737 0.0702933
460 0.786149 0.0808144
470 0.766442 0.0648921
480 0.749283 0.0756359
490 0.750132 0.0669965
500 0.729266 0.0669555
510 0.70774 0.0476516
520 0.70803 0.0454674
530 0.686214 0.0370569
540 0.662989 0.0603466
550 0.650857 0.0326564
560 0.657772 0.0265388
570 0.644691 0.0366491
630 0.575846 0.0552578
690 0.549123 0.0562586
750 0.50787 0.0702723
810 0.46198 0.0696303
870 0.336641 0.0552253
930 0.282696 0.0416322
990 0.211203 0.0514501
1050 0.158297 0.0703404
1110 0.10729 0.0555879
1170 0.0875831 0.0386623
1230 0.0411333 0.0320951
1290 0.0164993 0.020891
1350 0 0.0467363
1410 0 0.0441776
1470 0 0.041668
1530 0 0.0341006
1590 0 0.0454811
1650 0 0.0374425
1710 0 0.042572
1770 0 0.0428267
1830 0 0.0493436
1890 0 0.0265376
1950 0 0.0229314
2010 0 0.0252487
2070 0 0.0439813
2130 0 0.0439813
2190 0 0.0558437
2250 0 0.0577354
2310 0 0.0577354
2370 0 0.051774
2430 0 0.0437659
2490 0 0.0437659
2550 0 0.0437659
2610 0 0.0437659
2670 0 0.0369873
2730 0 0.0369873
2790 0 0.0305256
2850 0 0.033222
2910 0 0.033222
2970 0 0.0342154
3030 0 0.0342154
3090 0 0.0342154
3150 0 0.0342154
3210 0 0.0342154
3270 0 0.0295465
3330 0 0.0295465
3390 0 0.0295465
3450 0 0.028804
3510 0 0.0203385
3570 0 0.0153211
4170 0 0.0161468
4770 0 0.0161468
5370 0 0.0156199
5970 0 0.0133222
6570 0 0.0133222
7170 0 0.0133222
7770 0 0.0133222
8370 0 0.0133222
8970 0 0.0133222
9570 0 0.0133222
10170 0 0.0133222
10770 0 0.0133222
11370 0 0.0133222
11970 0 0.0133222
12570 0 0.0133222
13170 0 0.0133222
13770 0 0.0133222
14370 0 0.0133222
14970 0 0.0133222
15570 0 0.0133222
16170 0 0.0133222
16770 0 0.0133222
17370 0 0.0133222
17970 0 0.0133222
18570 0 0.0133222
19170 0 0.0133222
19770 0 0.0133222
20370 0 0.0133222
20970 0 0.0133222
21570 0 0.0133222
22170 0 0.0133222
22770 0 0.0133222
23370 0 0.0133222
23970 0 0.0133222
24570 0 0.0133222
25170 0 0.0133222
25770 0 0.0133222
26370 0 0.0133222
26970 0 0.0133222
27570 0 0.0133222
28170 0 0.0133222
28770 0 0.0133222
29370 0 0.0133222
29970 0 0.0133222
30570 0 0.0133222
31170 0 0.0133222
31770 0 0.0133222
32370 0 0.0133222
32970 0 0.0133222
33570 0 0.0133222
34170 0 0.0133222
34770 0 0.0133222
35370 0 0.0133222
35970 0 0.0133222
36570 0 0.0133222
37170 0 0.0133222
37770 0 0.0133222
38370 0 0.0133222
38970 0 0.0133222
39570 0 0.0133222
40170 0 0.0133222
40770 0 0.0133222
41370 0 0.0133222
41970 0 0.0133222
42570 0 0.0133222
43170 0 0.0133222
43770 0 0.0133222
44370 0 0.0133222
44970 0 0.0133222
45570 0 0.0133222
46170 0 0.0133222
46770 0 0.0133222
47370 0 0.0133222
47970 0 0.0133222
48570 0 0.0133222
49170 0 0.0133222
49770 0 0.0133222
50370 0 0.0133222
50970 0 0.0133222
51570 0 0.0133222
52170 0 0.0133222
52770 0 0.0133222
53370 0 0.0133222
53970 0 0.0133222
54570 0 0.0133222
55170 0 0.0133222
55770 0 0.0133222
56370 0 0.0133222
56970 0 0.0133222
57570 0 0.0133222
58170 0 0.0133222
58770 0 0.0133222
59370 0 0.0133222
59970 0 0.0133222
60570 0 0.0133222
61170 0 0.0133222
61770 0 0.0133222
62370 0 0.0133222
62970 0 0.0133222
63570 0 0.0133222
64170 0 0.0133222
64770 0 0.0133222
65370 0 0.0133222
65970 0 0.0133222
66570 0 0.0133222
67170 0 0.0133222
67770 0 0.0133222
68370 0 0.0133222
68970 0 0.0133222
69570 0 0.0133222
70170 0 0.0133222
70770 0 0.0133222
71370 0 0.0133222
71970 0 0.0133222
72570 0 0.0133222
73170 0 0.0133222
73770 0 0.0133222
74370 0 0.0133222
74970 0 0.0133222
75570 0 0.0133222
76170 0 0.0133222
76770 0 0.0133222
77370 0 0.0133222
77970 0 0.0133222
78570 0 0.0133222
79170 0 0.0133222
79770 0 0.0133222
80370 0 0.0133222
80970 0 0.0133222
81570 0 0.0133222
82170 0 0.0133222
82770 0 0.0133222
83370 0 0.0133222
83970 0 0.0133222
84570 0 0.0133222
85170 0 0.0133222
85770 0 0.0133222
86370 0 0.0133222


Original_Seperation_of_Misrepair
# Separation (nm) | Normalised Frequency
2.6 0.301075
5.2 1
7.8 0.924731
10.4 0.225806


Time_of_Misrepair_Interactions
# Time of Interaction (s) | Normalised Frequency
1 1
2.00001 0.945946
3.00001 0.702703
4.00002 0.459459
5.00002 0.486486
6.00003 0.27027
7.00003 0.351351
8.00004 0.108108
9.00004 0.243243
10 0.135135
11.0001 0.135135
12.0001 0.189189
13.0001 0.135135
14.0001 0.189189
15.0001 0.0810811
16.0001 0.108108
17.0001 0.189189
18.0001 0.0540541
19.0001 0.162162
20.0001 0.135135
21.0001 0.0810811
22.0001 0.135135
24.0001 0.0540541
25.0001 0.0810811
26.0001 0.0540541
27.0001 0.0540541
28.0001 0.0810811
31.0001 0.108108
32.0001 0.0540541
33.0002 0.0540541
34.0002 0.027027
35.0002 0.135135
36.0002 0.0810811
37.0002 0.027027
38.0002 0.135135
39.0002 0.0540541
40.0002 0.027027
41.0002 0.0540541
42.0002 0.027027
44.0002 0.0540541
48.0002 0.0810811
49.0002 0.027027
50.0002 0.0810811
51.0002 0.027027
52.0002 0.0540541
54.0002 0.027027
56.0003 0.0810811
57.0003 0.0540541
58.0003 0.027027
59.0003 0.027027
61.0003 0.0540541
62.0003 0.027027
63.0003 0.0540541
64.0003 0.0810811
65.0003 0.027027
66.0003 0.027027
68.0003 0.027027
69.0003 0.0540541
70.0003 0.027027
71.0003 0.0540541
74.0003 0.027027
75.0003 0.027027
76.0004 0.0540541
77.0004 0.0540541
78.0004 0.0540541
80.0004 0.027027
82.0004 0.0540541
83.0004 0.0540541
84.0004 0.027027
86.0004 0.0540541
87.0004 0.0540541
88.0004 0.027027
89.0004 0.0810811
90.0004 0.0810811
91.0004 0.0540541
92.0004 0.027027
93.0004 0.027027
95.0004 0.135135
96.0004 0.0810811
97.0004 0.027027
98.0005 0.0540541
100 0.0540541
103 0.0540541
108 0.027027
109.001 0.027027
110.001 0.027027
112.001 0.027027
113.001 0.027027
115.001 0.0540541
116.001 0.027027
118.001 0.108108
120.001 0.0540541
123.001 0.027027
124.001 0.0540541
126.001 0.027027
127.001 0.0540541
130.001 0.0540541
131.001 0.027027
133.001 0.0540541
135.001 0.027027
137.001 0.0540541
139.001 0.027027
140.001 0.0810811
142.001 0.027027
144.001 0.027027
145.001 0.027027
146.001 0.0540541
147.001 0.027027
148.001 0.027027
149.001 0.0540541
150.001 0.0540541
151.001 0.027027
152.001 0.027027
155.001 0.027027
156.001 0.027027
157.001 0.027027
158.001 0.027027
159.001 0.0540541
160.001 0.0540541
161.001 0.027027
163.001 0.0810811
165.001 0.027027
166.001 0.027027
169.001 0.027027
174.001 0.0540541
176.001 0.0540541
178.001 0.0540541
179.001 0.027027
185.001 0.027027
187.001 0.0540541
190.001 0.0540541
194.001 0.027027
196.001 0.027027
197.001 0.027027
202.001 0.027027
204.001 0.0810811
205.001 0.0540541
206.001 0.027027
209.001 0.0810811
210.001 0.027027
213.001 0.0540541
216.001 0.0540541
219.001 0.027027
220.001 0.027027
222.001 0.027027
223.001 0.0540541
225.001 0.027027
228.001 0.027027
230.001 0.027027
231.001 0.027027
232.001 0.0540541
235.001 0.0540541
237.001 0.027027
238.001 0.027027
239.001 0.0540541
240.001 0.027027
243.001 0.027027
249.001 0.027027
250.001 0.0540541
256.001 0.0540541
257.001 0.027027
258.001 0.027027
262.001 0.027027
263.001 0.027027
264.001 0.0540541
267.001 0.027027
268.001 0.027027
277.001 0.027027
278.001 0.0540541
281.001 0.027027
282.001 0.027027
283.001 0.027027
288.001 0.027027
291.001 0.027027
294.001 0.027027
297.001 0.027027
298.001 0.0540541
303.001 0.027027
309.001 0.027027
311.001 0.027027
314.001 0.027027
315.001 0.027027
317.001 0.027027
319.001 0.027027
320.001 0.0540541
321.001 0.027027
325.002 0.027027
328.002 0.027027
330.002 0.027027
331.002 0.027027
335.002 0.0540541
344.002 0.027027
345.002 0.027027
346.002 0.027027
347.002 0.027027
349.002 0.027027
350.002 0.027027
351.002 0.027027
353.002 0.0540541
356.002 0.027027
363.002 0.027027
367.002 0.027027
368.002 0.027027
369.002 0.027027
374.002 0.027027
377.002 0.027027
380.002 0.027027
384.002 0.027027
386.002 0.027027
387.002 0.027027
397.002 0.027027
402.002 0.027027
404.002 0.027027
408.002 0.027027
411.002 0.027027
412.002 0.027027
424.002 0.027027
431.002 0.027027
437.002 0.027027
441.002 0.027027
442.002 0.027027
448.002 0.027027
450.002 0.027027
456.002 0.027027
457.002 0.0540541
461.002 0.027027
470.002 0.027027
473.002 0.027027
474.002 0.027027
490.002 0.027027
498.002 0.027027
513.002 0.027027
516.002 0.027027
520.002 0.027027
540.002 0.027027
547.003 0.027027
548.003 0.027027
558.003 0.027027
562.003 0.027027
572.003 0.027027
575.003 0.027027
584.003 0.027027
589.003 0.027027
610.003 0.0540541
617.003 0.027027
619.003 0.027027
629.003 0.027027
641.003 0.027027
649.003 0.027027
651.003 0.0810811
668.003 0.027027
674.003 0.027027
684.003 0.027027
686.003 0.027027
695.003 0.027027
708.003 0.027027
711.003 0.027027
729.003 0.027027
753.003 0.027027
760.004 0.027027
787.004 0.027027
788.004 0.027027
808.004 0.027027
821.004 0.027027
836.004 0.027027
840.004 0.027027
854.004 0.027027
856.004 0.027027
883.004 0.027027
886.004 0.027027
934.004 0.027027
938.004 0.027027
940.004 0.027027
971.004 0.027027
984.005 0.027027
997.005 0.027027
1017 0.027027
1093.01 0.027027
1100.01 0.027027
1137.01 0.027027
1204.01 0.027027
1232.01 0.027027
1331.01 0.027027
1836.01 0.027027
1882.01 0.027027


MSD_of_DSB
# Time (s) | MSD


Displacement_at_End
# Displacement (nm) | Normalised Frequency
10.4 0.0625
13 0.25
15.6 0.1875
18.2 0.0625
20.8 0.0625
23.4 0.4375
26 0.3125
28.6 0.375
31.2 0.3125
33.8 0.3125
36.4 0.5625
39 0.4375
41.6 0.375
44.2 0.625
46.8 0.5625
49.4 0.4375
52 0.5625
54.6 0.6875
57.2 0.375
59.8 0.625
62.4 1
65 0.75
67.6 0.8125
70.2 0.5625
72.8 0.8125
75.4 0.5
78 0.25
80.6 0.6875
83.2 1
85.8 0.3125
88.4 0.5625
91 0.375
93.6 0.5
96.2 0.5625
98.8 0.375
101.4 0.375
104 0.5625
106.6 0.4375
109.2 0.375
111.8 0.4375
114.4 0.125
117 0.3125
119.6 0.3125
122.2 0.4375
124.8 0.375
127.4 0.1875
130 0.3125
132.6 0.3125
135.2 0.4375
137.8 0.5
140.4 0.625
143 0.25
145.6 0.25
148.2 0.3125
150.8 0.375
153.4 0.5
156 0.3125
158.6 0.3125
161.2 0.25
163.8 0.125
169 0.1875
171.6 0.1875
174.2 0.25
176.8 0.0625
179.4 0.125
182 0.125
184.6 0.1875
187.2 0.25
189.8 0.125
195 0.1875
197.6 0.125
200.2 0.375
202.8 0.0625
205.4 0.0625
208 0.0625
215.8 0.1875
218.4 0.0625
247 0.125
257.4 0.125


Displacement_of_ResidualEnds
65 0.5
72.8 1
96.2 0.5
98.8 1
104 0.5
130 0.5
150.8 0.5
176.8 0.5
187.2 0.5
205.4 0.5


Displacement_of_ResidualSyn


