#Time | Normalised to Self | SEM_NTS | Normalised to Initial DSBs | SEM_NTI
Ku_Recruitment
0 0 0
0.0166667 0.402797 0.0324652
0.0333333 0.50037 0.0328928
0.05 0.559706 0.0232312
0.0666667 0.616856 0.0171133
0.0833333 0.642582 0.0136119
0.1 0.685857 0.0136192
0.116667 0.724397 0.0138173
0.133333 0.751987 0.00850243
0.15 0.781244 0.0130779
0.166667 0.809209 0.0110328
0.183333 0.830004 0.0118623
0.2 0.856782 0.0245746
0.216667 0.863996 0.0273208
0.233333 0.87978 0.0320844
0.25 0.889713 0.0393683
0.266667 0.901243 0.0307387
0.283333 0.904168 0.0312439
0.3 0.912398 0.0220593
0.316667 0.919746 0.0260726
0.333333 0.93421 0.019238
0.35 0.943056 0.0197974
0.366667 0.94632 0.0196418
0.383333 0.946962 0.0187543
0.4 0.952134 0.0187111
0.416667 0.958295 0.027019
0.433333 0.957306 0.0295426
0.45 0.955131 0.0318112
0.466667 0.961667 0.0389605
0.483333 0.962138 0.036709
0.5 0.96649 0.0309164
0.516667 0.971119 0.0315947
0.533333 0.972786 0.0322106
0.55 0.970342 0.0449157
0.566667 0.98099 0.0432228
0.583333 0.987008 0.0465907
0.6 0.987891 0.038968
0.616667 0.989897 0.0395285
0.633333 0.990851 0.0391537
0.65 0.988773 0.036917
0.666667 0.986598 0.0375846
0.683333 0.988881 0.0361382
0.7 0.991636 0.038035
0.716667 0.991564 0.0355628
0.733333 0.994658 0.0340104
0.75 0.993606 0.0376213
0.766667 0.991564 0.0394128
0.783333 0.990646 0.0375152
0.8 0.99275 0.0303398
0.816667 0.99292 0.0253199
0.833333 0.995916 0.0273082
0.85 1 0.0304168
0.866667 0.997415 0.02892
0.883333 0.995578 0.0311114
0.9 0.991699 0.0336322
0.916667 0.991869 0.0292856
0.933333 0.992752 0.0309464
0.95 0.989657 0.0276888
0.966667 0.991422 0.0224886
0.983333 0.990576 0.0240495
1 0.991735 0.026282


PKcs_Recruitment
0 0 0
0.0166667 0.154863 0.0255083
0.0333333 0.307575 0.0194629
0.05 0.433521 0.0138026
0.0666667 0.523236 0.0162886
0.0833333 0.583337 0.0132853
0.1 0.624225 0.0121051
0.116667 0.679821 0.0112119
0.133333 0.711367 0.00830547
0.15 0.743849 0.013175
0.166667 0.778318 0.0108669
0.183333 0.801989 0.0100407
0.2 0.83537 0.0246171
0.216667 0.847858 0.0274537
0.233333 0.870154 0.0321987
0.25 0.880241 0.0391143
0.266667 0.888224 0.0306313
0.283333 0.894023 0.0312671
0.3 0.899713 0.021714
0.316667 0.916795 0.025837
0.333333 0.927116 0.0187436
0.35 0.932672 0.0189249
0.366667 0.937582 0.0197307
0.383333 0.944126 0.0188434
0.4 0.949547 0.0188609
0.416667 0.946086 0.0271623
0.433333 0.953494 0.0296834
0.45 0.951229 0.0319609
0.466667 0.958404 0.0391691
0.483333 0.962071 0.0368795
0.5 0.96128 0.0309554
0.516667 0.968859 0.0317839
0.533333 0.96965 0.0323436
0.55 0.965883 0.0452699
0.566667 0.972023 0.0433217
0.583333 0.984366 0.0468664
0.6 0.987243 0.0391592
0.616667 0.989301 0.0397328
0.633333 0.993347 0.0392618
0.65 0.990362 0.037158
0.666667 0.986864 0.0376751
0.683333 0.991531 0.0361977
0.7 0.996782 0.0383127
0.716667 0.99225 0.0358267
0.733333 0.996917 0.0341372
0.75 0.996611 0.037822
0.766667 0.993383 0.0397341
0.783333 0.996709 0.0378084
0.8 0.992763 0.0304949
0.816667 0.992484 0.0254022
0.833333 0.99252 0.0273665
0.85 1 0.0305667
0.866667 0.999488 0.0291214
0.883333 0.997808 0.0312595
0.9 0.990913 0.0336707
0.916667 0.992521 0.0293597
0.933333 0.994751 0.0311645
0.95 0.994823 0.0278692
0.966667 0.995506 0.0225807
0.983333 0.992143 0.0239893
1 0.993312 0.0262622


XRCC4_Recruitment
0 0 0
0.0166667 0 0
0.0333333 0 0
0.05 0 0
0.0666667 0 0
0.0833333 0.00423991 0.00423991
0.1 0.00423991 0.00423991
0.116667 0.00847983 0.00847983
0.133333 0.0120587 0.00737344
0.15 0.0120587 0.00737344
0.166667 0.0156375 0.00790216
0.183333 0.0192164 0.00980494
0.2 0.0234563 0.0118532
0.216667 0.0234563 0.0118532
0.233333 0.0312751 0.0158043
0.25 0.0428121 0.0153432
0.266667 0.0471915 0.0111642
0.283333 0.0514314 0.0125798
0.3 0.0514314 0.0125798
0.316667 0.0600507 0.0108749
0.333333 0.068009 0.00773547
0.35 0.068009 0.00773547
0.366667 0.0723883 0.00336557
0.383333 0.0723883 0.00336557
0.4 0.0723883 0.00336557
0.416667 0.0766283 0.00677991
0.433333 0.0808682 0.0107963
0.45 0.0808682 0.0107963
0.466667 0.0808682 0.0107963
0.483333 0.0808682 0.0107963
0.5 0.0894875 0.01254
0.516667 0.0937274 0.0167686
0.533333 0.101686 0.0128759
0.55 0.106065 0.0119334
0.566667 0.110444 0.0125452
0.583333 0.126082 0.0136437
0.6 0.130461 0.0130768
0.616667 0.130461 0.0130768
0.633333 0.145438 0.0102364
0.65 0.153396 0.00620964
0.666667 0.156975 0.00635057
0.683333 0.169312 0.00199843
0.7 0.172891 0.0050646
0.716667 0.177271 0.005971
0.733333 0.177271 0.005971
0.75 0.177271 0.005971
0.766667 0.181511 0.0017649
0.783333 0.189329 0.00278968
0.8 0.189329 0.00278968
0.816667 0.193709 0.00182575
0.833333 0.197949 0.00299344
0.85 0.218906 0.00947422
0.866667 0.218906 0.00947422
0.883333 0.223145 0.00981921
0.9 0.227385 0.011791
0.916667 0.231765 0.0140735
0.933333 0.232426 0.0196323
0.95 0.236005 0.0160642
0.966667 0.236005 0.0160642
0.983333 0.244624 0.0203535
1 0.248864 0.0229696
1.16667 0.321671 0.0256765
1.33333 0.354826 0.0350485
1.5 0.38812 0.0499722
1.66667 0.447789 0.0520136
1.83333 0.454947 0.048938
2 0.487957 0.0499557
2.16667 0.51965 0.0586473
2.33333 0.541129 0.0536286
2.5 0.583285 0.0446614
2.66667 0.629682 0.0416502
2.83333 0.684976 0.0602006
3 0.697835 0.0643935
3.16667 0.750207 0.0639894
3.33333 0.807898 0.0778796
3.5 0.827254 0.0726053
3.66667 0.862386 0.0654022
3.83333 0.889561 0.0571306
4 0.911695 0.0437379
4.16667 0.919374 0.0343766
4.33333 0.94405 0.0470591
4.5 0.972825 0.0524535
4.66667 0.982761 0.0414544
4.83333 0.991241 0.0364773
5 1 0.0452355


DSB_Residual
0 60.7503 0 1 0
0.0166667 60.7503 0 1 0
0.0333333 60.7503 0 1 0
0.05 60.7503 0 1 0
0.0666667 60.7503 0 1 0
0.0833333 60.7503 0 1 0
0.1 60.7503 0 1 0
0.116667 60.7503 0 1 0
0.133333 60.7503 0 1 0
0.15 60.7503 0 1 0
0.166667 60.7503 0 1 0
0.183333 60.7503 0 1 0
0.2 60.7503 0 1 0
0.216667 60.7503 0 1 0
0.233333 60.7503 0 1 0
0.25 60.7503 0 1 0
0.266667 60.7503 0 1 0
0.283333 60.7503 0 1 0
0.3 60.7503 0 1 0
0.316667 60.7503 0 1 0
0.333333 60.7503 0 1 0
0.35 60.7503 0 1 0
0.366667 60.7503 0 1 0
0.383333 60.7503 0 1 0
0.4 60.7503 0 1 0
0.416667 60.7503 0 1 0
0.433333 60.7503 0 1 0
0.45 60.7503 0 1 0
0.466667 60.7503 0 1 0
0.483333 60.7503 0 1 0
0.5 60.7503 0 1 0
0.516667 60.7503 0 1 0
0.533333 60.7503 0 1 0
0.55 60.7503 0 1 0
0.566667 60.7503 0 1 0
0.583333 60.7503 0 1 0
0.6 60.7503 0 1 0
0.616667 60.7503 0 1 0
0.633333 60.7503 0 1 0
0.65 60.7503 0 1 0
0.666667 60.7503 0 1 0
0.683333 60.7503 0 1 0
0.7 60.7503 0 1 0
0.716667 60.7503 0 1 0
0.733333 60.7503 0 1 0
0.75 60.7503 0 1 0
0.766667 60.7503 0 1 0
0.783333 60.7503 0 1 0
0.8 60.7503 0 1 0
0.816667 60.7503 0 1 0
0.833333 60.7503 0 1 0
0.85 60.7503 0 1 0
0.866667 60.7503 0 1 0
0.883333 60.7503 0 1 0
0.9 60.7503 0 1 0
0.916667 60.7503 0 1 0
0.933333 60.6414 0.108872 0.998208 0.00179211
0.95 60.6414 0.108872 0.998208 0.00179211
0.966667 60.6414 0.108872 0.998208 0.00179211
0.983333 60.6414 0.108872 0.998208 0.00179211
1 60.6414 0.108872 0.998208 0.00179211
1.16667 60.6414 0.108872 0.998208 0.00179211
1.33333 60.375 0.232033 0.993822 0.00381945
1.5 60.375 0.232033 0.993822 0.00381945
1.66667 60.2418 0.357881 0.991629 0.00589101
1.83333 60.2418 0.357881 0.991629 0.00589101
2 60.2418 0.357881 0.991629 0.00589101
2.16667 60.2418 0.357881 0.991629 0.00589101
2.33333 60.2418 0.357881 0.991629 0.00589101
2.5 60.2418 0.357881 0.991629 0.00589101
2.66667 60.1329 0.34659 0.989837 0.00570515
2.83333 59.8908 0.465408 0.985852 0.007661
3 59.7618 0.349828 0.983729 0.00575846
3.16667 59.4996 0.378531 0.979412 0.00623093
3.33333 59.4996 0.378531 0.979412 0.00623093
3.5 59.3908 0.354472 0.97762 0.0058349
3.66667 59.3908 0.354472 0.97762 0.0058349
3.83333 59.3908 0.354472 0.97762 0.0058349
4 59.2575 0.478019 0.975427 0.00786858
4.16667 59.1243 0.605683 0.973234 0.00997003
4.33333 58.8621 0.655928 0.968918 0.0107971
4.5 58.6041 0.556009 0.964672 0.00915237
4.66667 58.2087 0.784363 0.958163 0.0129113
4.83333 57.7489 0.697548 0.950594 0.0114822
5 57.2933 0.496486 0.943094 0.00817256
5.16667 57.0512 0.604943 0.939109 0.00995785
5.33333 57.0512 0.604943 0.939109 0.00995785
5.5 56.9423 0.605166 0.937317 0.00996153
5.66667 56.8133 0.490977 0.935194 0.00808188
5.83333 56.5755 0.380861 0.931278 0.00626928
6 56.4465 0.269054 0.929155 0.00442886
6.16667 56.0754 0.275953 0.923047 0.00454241
6.33333 56.0754 0.275953 0.923047 0.00454241
6.5 55.551 0.419247 0.914415 0.00690115
6.66667 55.0223 0.772552 0.905713 0.0127168
6.83333 54.9135 0.694911 0.903921 0.0114388
7 54.6555 0.664227 0.899674 0.0109337
7.16667 54.4134 0.687446 0.895689 0.0113159
7.33333 54.4134 0.687446 0.895689 0.0113159
7.5 54.2802 0.811035 0.893496 0.0133503
7.66667 54.147 0.937268 0.891303 0.0154282
7.83333 53.889 0.91579 0.887057 0.0150747
8 53.7801 0.82004 0.885265 0.0134985
8.16667 53.6713 0.727988 0.883473 0.0119833
8.33333 53.4535 0.562215 0.879889 0.00925452
8.5 53.3203 0.692742 0.877696 0.0114031
8.66667 53.1025 0.576044 0.874111 0.00948215
8.83333 52.4936 0.468774 0.864088 0.0077164
9 52.1024 0.510653 0.857649 0.00840576
9.16667 51.8402 0.621562 0.853332 0.0102314
9.33333 51.707 0.740405 0.851139 0.0121877
9.5 51.4649 0.782153 0.847154 0.0128749
9.66667 51.356 0.708289 0.845362 0.011659
9.83333 50.9807 0.910755 0.839184 0.0149918
10 50.8517 0.856686 0.837061 0.0141018
11 48.8028 1.32186 0.803334 0.0217589
12 47.7984 1.49102 0.786801 0.0245434
13 46.9273 1.56678 0.772462 0.0257905
14 45.4874 1.31881 0.74876 0.0217087
15 44.87 1.4416 0.738597 0.0237299
16 43.9989 1.49007 0.724258 0.0245278
17 42.5432 1.29887 0.700295 0.0213804
18 40.9014 0.892003 0.673271 0.0146831
19 39.9373 0.985694 0.657401 0.0162253
20 38.5059 0.472401 0.633839 0.00777611
21 37.6592 0.244967 0.619901 0.00403236
22 36.5459 0.290815 0.601576 0.00478705
23 36.0617 0.468554 0.593606 0.00771279
24 34.7708 0.825248 0.572356 0.0135843
25 33.5286 0.861167 0.551908 0.0141755
26 32.351 0.588904 0.532523 0.00969385
27 31.0157 0.752769 0.510545 0.0123912
28 30.0558 0.740765 0.494744 0.0121936
29 29.3137 0.749217 0.482527 0.0123327
30 27.7163 0.990146 0.456232 0.0162986
31 27.212 1.11455 0.447931 0.0183465
32 26.8451 0.895303 0.441893 0.0147374
33 26.4942 1.00109 0.436116 0.0164787
34 25.7764 0.905422 0.4243 0.014904
35 24.4496 0.741705 0.402461 0.0122091
36 23.7233 1.10971 0.390506 0.0182668
37 23.1303 1.40021 0.380743 0.0230485
38 22.3036 1.43461 0.367136 0.0236148
39 22.0657 1.37595 0.36322 0.0226493
40 20.9927 1.73776 0.345558 0.028605
41 20.0127 1.66307 0.329426 0.0273755
42 19.0571 1.6583 0.313695 0.027297
43 18.5771 1.73224 0.305795 0.028514
44 17.9597 1.95677 0.295631 0.03221
45 17.742 2.12498 0.292047 0.0349788
46 17.3709 2.10964 0.285939 0.0347265
47 16.7133 1.94898 0.275114 0.0320818
48 16.3379 2.10783 0.268936 0.0346966
49 16.3379 2.10783 0.268936 0.0346966
50 16.3379 2.10783 0.268936 0.0346966
51 15.7332 1.87423 0.258982 0.0308513
52 15.4911 1.98603 0.254997 0.0326916
53 15.1201 1.97335 0.248889 0.032483
54 14.8822 1.92566 0.244973 0.0316979
55 14.491 1.71025 0.238534 0.0281522
56 14.3822 1.78852 0.236742 0.0294404
57 13.769 1.88556 0.226649 0.0310378
58 13.1357 1.78606 0.216224 0.0294
59 13.1357 1.78606 0.216224 0.0294
60 13.0025 1.83313 0.214031 0.0301748
70 10.7644 1.22059 0.177191 0.0200918
80 9.1998 1.16506 0.151436 0.0191779
90 9.06658 1.17307 0.149243 0.0193097
100 8.80437 1.07324 0.144927 0.0176663
110 8.06646 0.907557 0.13278 0.0149391
120 7.93323 0.922568 0.130588 0.0151862
130 7.54205 0.705214 0.124148 0.0116084
140 7.54205 0.705214 0.124148 0.0116084
150 7.54205 0.705214 0.124148 0.0116084
160 7.40882 0.749285 0.121955 0.0123338
170 7.40882 0.749285 0.121955 0.0123338
180 7.40882 0.749285 0.121955 0.0123338
190 7.40882 0.749285 0.121955 0.0123338
200 7.40882 0.749285 0.121955 0.0123338
210 7.27984 0.621099 0.119832 0.0102238
220 7.27984 0.621099 0.119832 0.0102238
230 7.27984 0.621099 0.119832 0.0102238
240 7.27984 0.621099 0.119832 0.0102238
250 7.27984 0.621099 0.119832 0.0102238
260 7.27984 0.621099 0.119832 0.0102238
270 7.27984 0.621099 0.119832 0.0102238
280 7.27984 0.621099 0.119832 0.0102238
290 7.27984 0.621099 0.119832 0.0102238
300 7.27984 0.621099 0.119832 0.0102238
310 7.27984 0.621099 0.119832 0.0102238
320 7.17097 0.692101 0.11804 0.0113926
330 7.17097 0.692101 0.11804 0.0113926
340 7.17097 0.692101 0.11804 0.0113926
350 7.17097 0.692101 0.11804 0.0113926
360 7.17097 0.692101 0.11804 0.0113926
370 7.17097 0.692101 0.11804 0.0113926
380 7.17097 0.692101 0.11804 0.0113926
390 7.0621 0.771978 0.116248 0.0127074
400 7.0621 0.771978 0.116248 0.0127074
410 7.0621 0.771978 0.116248 0.0127074
420 7.0621 0.771978 0.116248 0.0127074
430 6.93312 0.652284 0.114125 0.0107371
440 6.93312 0.652284 0.114125 0.0107371
450 6.93312 0.652284 0.114125 0.0107371
460 6.93312 0.652284 0.114125 0.0107371
470 6.93312 0.652284 0.114125 0.0107371
480 6.93312 0.652284 0.114125 0.0107371
490 6.93312 0.652284 0.114125 0.0107371
500 6.93312 0.652284 0.114125 0.0107371
510 6.93312 0.652284 0.114125 0.0107371
520 6.93312 0.652284 0.114125 0.0107371
530 6.93312 0.652284 0.114125 0.0107371
540 6.93312 0.652284 0.114125 0.0107371
550 6.93312 0.652284 0.114125 0.0107371
560 6.93312 0.652284 0.114125 0.0107371
570 6.93312 0.652284 0.114125 0.0107371
580 6.93312 0.652284 0.114125 0.0107371
590 6.93312 0.652284 0.114125 0.0107371
600 6.93312 0.652284 0.114125 0.0107371
610 6.93312 0.652284 0.114125 0.0107371
620 6.93312 0.652284 0.114125 0.0107371
630 6.93312 0.652284 0.114125 0.0107371
640 6.93312 0.652284 0.114125 0.0107371
650 6.93312 0.652284 0.114125 0.0107371
660 6.93312 0.652284 0.114125 0.0107371
670 6.93312 0.652284 0.114125 0.0107371
680 6.93312 0.652284 0.114125 0.0107371
690 6.93312 0.652284 0.114125 0.0107371
700 6.93312 0.652284 0.114125 0.0107371
710 6.93312 0.652284 0.114125 0.0107371
720 6.93312 0.652284 0.114125 0.0107371
730 6.93312 0.652284 0.114125 0.0107371
740 6.93312 0.652284 0.114125 0.0107371
750 6.93312 0.652284 0.114125 0.0107371
760 6.93312 0.652284 0.114125 0.0107371
770 6.93312 0.652284 0.114125 0.0107371
780 6.79989 0.679483 0.111932 0.0111848
790 6.79989 0.679483 0.111932 0.0111848
800 6.79989 0.679483 0.111932 0.0111848
810 6.79989 0.679483 0.111932 0.0111848
820 6.79989 0.679483 0.111932 0.0111848
830 6.79989 0.679483 0.111932 0.0111848
840 6.79989 0.679483 0.111932 0.0111848
850 6.79989 0.679483 0.111932 0.0111848
860 6.79989 0.679483 0.111932 0.0111848
870 6.79989 0.679483 0.111932 0.0111848
880 6.79989 0.679483 0.111932 0.0111848
890 6.79989 0.679483 0.111932 0.0111848
900 6.79989 0.679483 0.111932 0.0111848
910 6.79989 0.679483 0.111932 0.0111848
920 6.79989 0.679483 0.111932 0.0111848
930 6.66667 0.730355 0.109739 0.0120222
940 6.66667 0.730355 0.109739 0.0120222
950 6.66667 0.730355 0.109739 0.0120222
960 6.66667 0.730355 0.109739 0.0120222
970 6.66667 0.730355 0.109739 0.0120222
980 6.66667 0.730355 0.109739 0.0120222
990 6.66667 0.730355 0.109739 0.0120222
1000 6.66667 0.730355 0.109739 0.0120222
1010 6.66667 0.730355 0.109739 0.0120222
1020 6.66667 0.730355 0.109739 0.0120222
1030 6.66667 0.730355 0.109739 0.0120222
1040 6.66667 0.730355 0.109739 0.0120222
1050 6.66667 0.730355 0.109739 0.0120222
1060 6.66667 0.730355 0.109739 0.0120222
1070 6.66667 0.730355 0.109739 0.0120222
1080 6.66667 0.730355 0.109739 0.0120222
1090 6.66667 0.730355 0.109739 0.0120222
1100 6.66667 0.730355 0.109739 0.0120222
1110 6.66667 0.730355 0.109739 0.0120222
1120 6.66667 0.730355 0.109739 0.0120222
1130 6.66667 0.730355 0.109739 0.0120222
1140 6.66667 0.730355 0.109739 0.0120222
1150 6.66667 0.730355 0.109739 0.0120222
1160 6.66667 0.730355 0.109739 0.0120222
1170 6.66667 0.730355 0.109739 0.0120222
1180 6.66667 0.730355 0.109739 0.0120222
1190 6.66667 0.730355 0.109739 0.0120222
1200 6.66667 0.730355 0.109739 0.0120222
1210 6.66667 0.730355 0.109739 0.0120222
1220 6.66667 0.730355 0.109739 0.0120222
1230 6.66667 0.730355 0.109739 0.0120222
1240 6.66667 0.730355 0.109739 0.0120222
1250 6.66667 0.730355 0.109739 0.0120222
1260 6.66667 0.730355 0.109739 0.0120222
1270 6.66667 0.730355 0.109739 0.0120222
1280 6.66667 0.730355 0.109739 0.0120222
1290 6.66667 0.730355 0.109739 0.0120222
1300 6.66667 0.730355 0.109739 0.0120222
1310 6.66667 0.730355 0.109739 0.0120222
1320 6.66667 0.730355 0.109739 0.0120222
1330 6.66667 0.730355 0.109739 0.0120222
1340 6.66667 0.730355 0.109739 0.0120222
1350 6.66667 0.730355 0.109739 0.0120222
1360 6.66667 0.730355 0.109739 0.0120222
1370 6.66667 0.730355 0.109739 0.0120222
1380 6.66667 0.730355 0.109739 0.0120222
1390 6.66667 0.730355 0.109739 0.0120222
1400 6.66667 0.730355 0.109739 0.0120222
1410 6.66667 0.730355 0.109739 0.0120222
1420 6.66667 0.730355 0.109739 0.0120222
1430 6.66667 0.730355 0.109739 0.0120222
1440 6.66667 0.730355 0.109739 0.0120222


DSBEnd
0 1 0 1 0
0.0166667 0.161806 0.00899153 0.161806 0.00899153
0.0333333 0.0875428 0.00603377 0.0875428 0.00603377
0.05 0.0649886 0.0122646 0.0649886 0.0122646
0.0666667 0.0371537 0.00920597 0.0371537 0.00920597
0.0833333 0.0540418 0.00392082 0.0540418 0.00392082
0.1 0.0416521 0.0112992 0.0416521 0.0112992
0.116667 0.0302102 0.00237336 0.0302102 0.00237336
0.133333 0.0314722 0.00237054 0.0314722 0.00237054
0.15 0.0302723 0.00991578 0.0302723 0.00991578
0.166667 0.0111549 0.00105957 0.0111549 0.00105957
0.183333 0.0210478 0.00258418 0.0210478 0.00258418
0.2 0.0109196 0.00217974 0.0109196 0.00217974
0.216667 0.0261552 0.00351476 0.0261552 0.00351476
0.233333 0.0132767 0.00680278 0.0132767 0.00680278
0.25 0.0134436 0.00319126 0.0134436 0.00319126
0.266667 0.0204479 0.00272205 0.0204479 0.00272205
0.283333 0.0151051 0.00118668 0.0151051 0.00118668
0.3 0.0203522 0.00309659 0.0203522 0.00309659
0.316667 0.011685 0.00370638 0.011685 0.00370638
0.333333 0.0130776 0.00175738 0.0130776 0.00175738
0.35 0.00846674 0.00307086 0.00846674 0.00307086
0.366667 0.00965755 0.00370682 0.00965755 0.00370682
0.383333 0.00716981 0.00124168 0.00716981 0.00124168
0.4 0.0138082 0.00263804 0.0138082 0.00263804
0.416667 0.0113204 0.00163244 0.0113204 0.00163244
0.433333 0.00793527 0.00238896 0.00793527 0.00238896
0.45 0.0145387 0.00482828 0.0145387 0.00482828
0.466667 0.0132082 0.00469947 0.0132082 0.00469947
0.483333 0.012016 0.00109277 0.012016 0.00109277
0.5 0.0140086 0.0010671 0.0140086 0.0010671
0.516667 0.010789 0.0028547 0.010789 0.0028547
0.533333 0.00696938 0.00188953 0.00696938 0.00188953
0.55 0.0134086 0.00447259 0.0134086 0.00447259
0.566667 0.0046458 0.00318884 0.0046458 0.00318884
0.583333 0.00305412 0.000185456 0.00305412 0.000185456
0.6 0.00810079 0.00101024 0.00810079 0.00101024
0.616667 0.00488115 0.00247797 0.00488115 0.00247797
0.633333 0.00504667 0.0009936 0.00504667 0.0009936
0.65 0.00508159 0.00285258 0.00508159 0.00285258
0.666667 0.00806587 0.000858864 0.00806587 0.000858864
0.683333 0.00481131 0.00245492 0.00481131 0.00245492
0.7 0.00325455 0.0018995 0.00325455 0.0018995
0.716667 0.00411569 0.00114016 0.00411569 0.00114016
0.733333 0.0039851 0.00202257 0.0039851 0.00202257
0.75 0.0030192 0.00184613 0.0030192 0.00184613
0.766667 0.0070043 0.000533549 0.0070043 0.000533549
0.783333 0.00693446 0.00372055 0.00693446 0.00372055
0.8 0.00899685 0.00133828 0.00899685 0.00133828
0.816667 0.00810079 0.00101024 0.00810079 0.00101024
0.833333 0.00630867 0.00207298 0.00630867 0.00207298
0.85 0.00620391 0.00492139 0.00620391 0.00492139
0.866667 0.00468072 0.00318102 0.00468072 0.00318102
0.883333 0.00537634 0.00537634 0.00537634 0.00537634
0.9 0.0086309 0.00387499 0.0086309 0.00387499
0.916667 0.00574229 0.00250538 0.00574229 0.00250538
0.933333 0.00325455 0.0018995 0.00325455 0.0018995
0.95 0.00574229 0.00250538 0.00574229 0.00250538
0.966667 0.00418553 0.0029455 0.00418553 0.0029455
0.983333 0.00723965 0.003026 0.00723965 0.003026
1 0.00610824 0.000370912 0.00610824 0.000370912
1.16667 0.00501175 0.000907602 0.00501175 0.000907602
1.33333 0.00448029 0.00448029 0.00448029 0.00448029
1.5 0.00504667 0.0009936 0.00504667 0.0009936
1.66667 0.00212314 0.00212314 0.00212314 0.00212314
1.83333 0.00415061 0.0012226 0.00415061 0.0012226
2 0.00395018 0.000713725 0.00395018 0.000713725
2.16667 0.00497683 0.00276527 0.00497683 0.00276527
2.33333 0.0073004 0.00431507 0.0073004 0.00431507
2.5 0.0039851 0.00202257 0.0039851 0.00202257
2.66667 0.00285369 0.00156082 0.00285369 0.00156082
2.83333 0.00106157 0.00106157 0.00106157 0.00106157
3 0.00195763 0.000989254 0.00195763 0.000989254
3.16667 0.00305412 0.000185456 0.00305412 0.000185456
3.33333 0.00285369 0.00156082 0.00285369 0.00156082
3.5 0.00285369 0.00156082 0.00285369 0.00156082
3.66667 0.00587289 0.00296776 0.00587289 0.00296776
3.83333 0.000896057 0.000896057 0.000896057 0.000896057
4 0.00308904 0.00190973 0.00308904 0.00190973
4.16667 0.00305412 0.000185456 0.00305412 0.000185456
4.33333 0.00109649 0.00109649 0.00109649 0.00109649
4.5 0.00212314 0.00212314 0.00212314 0.00212314
4.66667 0.00318471 0.00318471 0.00318471 0.00318471
4.83333 0.00219298 0.00219298 0.00219298 0.00219298
5 0.00212314 0.00212314 0.00212314 0.00212314
5.16667 0 0 0 0
5.33333 0.00285369 0.00156082 0.00285369 0.00156082
5.5 0.00109649 0.00109649 0.00109649 0.00109649
5.66667 0.00219298 0.00219298 0.00219298 0.00219298
5.83333 0.00195763 0.000989254 0.00195763 0.000989254
6 0 0 0 0
6.16667 0.000896057 0.000896057 0.000896057 0.000896057
6.33333 0 0 0 0
6.5 0 0 0 0
6.66667 0.000896057 0.000896057 0.000896057 0.000896057
6.83333 0.00106157 0.00106157 0.00106157 0.00106157
7 0.00106157 0.00106157 0.00106157 0.00106157
7.16667 0 0 0 0
7.33333 0.000896057 0.000896057 0.000896057 0.000896057
7.5 0.00109649 0.00109649 0.00109649 0.00109649
7.66667 0.00415061 0.0012226 0.00415061 0.0012226
7.83333 0.000896057 0.000896057 0.000896057 0.000896057
8 0.00106157 0.00106157 0.00106157 0.00106157
8.16667 0.00391526 0.00197851 0.00391526 0.00197851
8.33333 0.00212314 0.00212314 0.00212314 0.00212314
8.5 0.00109649 0.00109649 0.00109649 0.00109649
8.66667 0.00109649 0.00109649 0.00109649 0.00109649
8.83333 0.000896057 0.000896057 0.000896057 0.000896057
9 0 0 0 0
9.16667 0.000896057 0.000896057 0.000896057 0.000896057
9.33333 0 0 0 0
9.5 0.0030192 0.00184613 0.0030192 0.00184613
9.66667 0 0 0 0
9.83333 0.00212314 0.00212314 0.00212314 0.00212314
10 0 0 0 0
11 0.00212314 0.00212314 0.00212314 0.00212314
12 0 0 0 0
13 0 0 0 0
14 0 0 0 0
15 0.00219298 0.00219298 0.00219298 0.00219298
16 0 0 0 0
17 0 0 0 0
18 0 0 0 0
19 0 0 0 0
20 0.00106157 0.00106157 0.00106157 0.00106157
21 0 0 0 0
22 0 0 0 0
23 0 0 0 0
24 0 0 0 0
25 0 0 0 0
26 0 0 0 0
27 0 0 0 0
28 0.000896057 0.000896057 0.000896057 0.000896057
29 0 0 0 0
30 0 0 0 0
31 0 0 0 0
32 0 0 0 0
33 0 0 0 0
34 0 0 0 0
35 0 0 0 0
36 0 0 0 0
37 0 0 0 0
38 0 0 0 0
39 0 0 0 0
40 0 0 0 0
41 0 0 0 0
42 0 0 0 0
43 0 0 0 0
44 0 0 0 0
45 0 0 0 0
46 0 0 0 0
47 0 0 0 0
48 0 0 0 0
49 0 0 0 0
50 0 0 0 0
51 0 0 0 0
52 0 0 0 0
53 0 0 0 0
54 0 0 0 0
55 0 0 0 0
56 0 0 0 0
57 0 0 0 0
58 0 0 0 0
59 0 0 0 0
60 0 0 0 0
70 0 0 0 0
80 0 0 0 0
90 0 0 0 0
100 0 0 0 0
110 0 0 0 0
120 0 0 0 0
130 0 0 0 0
140 0 0 0 0
150 0 0 0 0
160 0 0 0 0
170 0 0 0 0
180 0 0 0 0
190 0 0 0 0
200 0 0 0 0
210 0 0 0 0
220 0 0 0 0
230 0 0 0 0
240 0 0 0 0
250 0 0 0 0
260 0 0 0 0
270 0 0 0 0
280 0 0 0 0
290 0 0 0 0
300 0 0 0 0
310 0 0 0 0
320 0 0 0 0
330 0 0 0 0
340 0 0 0 0
350 0 0 0 0
360 0 0 0 0
370 0 0 0 0
380 0 0 0 0
390 0 0 0 0
400 0 0 0 0
410 0 0 0 0
420 0 0 0 0
430 0 0 0 0
440 0 0 0 0
450 0 0 0 0
460 0 0 0 0
470 0 0 0 0
480 0 0 0 0
490 0 0 0 0
500 0 0 0 0
510 0 0 0 0
520 0 0 0 0
530 0 0 0 0
540 0 0 0 0
550 0 0 0 0
560 0 0 0 0
570 0 0 0 0
580 0 0 0 0
590 0 0 0 0
600 0 0 0 0
610 0 0 0 0
620 0 0 0 0
630 0 0 0 0
640 0 0 0 0
650 0 0 0 0
660 0 0 0 0
670 0 0 0 0
680 0 0 0 0
690 0 0 0 0
700 0 0 0 0
710 0 0 0 0
720 0 0 0 0
730 0 0 0 0
740 0 0 0 0
750 0 0 0 0
760 0 0 0 0
770 0 0 0 0
780 0 0 0 0
790 0 0 0 0
800 0 0 0 0
810 0 0 0 0
820 0 0 0 0
830 0 0 0 0
840 0 0 0 0
850 0 0 0 0
860 0 0 0 0
870 0 0 0 0
880 0 0 0 0
890 0 0 0 0
900 0 0 0 0
910 0 0 0 0
920 0 0 0 0
930 0 0 0 0
940 0 0 0 0
950 0 0 0 0
960 0 0 0 0
970 0 0 0 0
980 0 0 0 0
990 0 0 0 0
1000 0 0 0 0
1010 0 0 0 0
1020 0 0 0 0
1030 0 0 0 0
1040 0 0 0 0
1050 0 0 0 0
1060 0 0 0 0
1070 0 0 0 0
1080 0 0 0 0
1090 0 0 0 0
1100 0 0 0 0
1110 0 0 0 0
1120 0 0 0 0
1130 0 0 0 0
1140 0 0 0 0
1150 0 0 0 0
1160 0 0 0 0
1170 0 0 0 0
1180 0 0 0 0
1190 0 0 0 0
1200 0 0 0 0
1210 0 0 0 0
1220 0 0 0 0
1230 0 0 0 0
1240 0 0 0 0
1250 0 0 0 0
1260 0 0 0 0
1270 0 0 0 0
1280 0 0 0 0
1290 0 0 0 0
1300 0 0 0 0
1310 0 0 0 0
1320 0 0 0 0
1330 0 0 0 0
1340 0 0 0 0
1350 0 0 0 0
1360 0 0 0 0
1370 0 0 0 0
1380 0 0 0 0
1390 0 0 0 0
1400 0 0 0 0
1410 0 0 0 0
1420 0 0 0 0
1430 0 0 0 0
1440 0 0 0 0


DSBEnd_Inhibited
0 0 0 0 0
0.0166667 0.993902 0.00609756 0.445158 0.0074682
0.0333333 0.94784 0.0282892 0.424212 0.0083942
0.05 0.869437 0.0463132 0.388869 0.0162273
0.0666667 0.806259 0.017748 0.360938 0.00550893
0.0833333 0.712421 0.0107768 0.318947 0.00197483
0.1 0.646341 0.0321584 0.289111 0.0110244
0.116667 0.587564 0.0192036 0.262946 0.00581249
0.133333 0.52462 0.0178586 0.234764 0.00537729
0.15 0.464201 0.0449131 0.207415 0.0177928
0.166667 0.445446 0.023009 0.199246 0.00801368
0.183333 0.377511 0.0158284 0.169061 0.0072574
0.2 0.341678 0.0153684 0.15306 0.00753221
0.216667 0.29193 0.0164102 0.130785 0.00787558
0.233333 0.286115 0.0153711 0.128263 0.00819138
0.25 0.264382 0.0184855 0.118403 0.0083322
0.266667 0.223792 0.0167442 0.100148 0.00698971
0.283333 0.22914 0.0110968 0.102637 0.00527059
0.3 0.19956 0.0120824 0.0893594 0.00535993
0.316667 0.202902 0.00224366 0.0908568 0.00105736
0.333333 0.168229 0.0103942 0.0753508 0.00478986
0.35 0.159383 0.0277728 0.0713295 0.0121783
0.366667 0.149684 0.0136671 0.0669539 0.00565174
0.383333 0.154058 0.0187169 0.0688159 0.00765898
0.4 0.127793 0.0102129 0.0571309 0.0039611
0.416667 0.119794 0.0183659 0.053606 0.00800959
0.433333 0.129517 0.0121422 0.0579571 0.00516605
0.45 0.119667 0.0195674 0.0534754 0.00833483
0.466667 0.108348 0.0195324 0.0484288 0.00840138
0.483333 0.109786 0.00743551 0.0491607 0.00329987
0.5 0.0960253 0.0100431 0.0429218 0.00409284
0.516667 0.0931195 0.0146615 0.0416249 0.00626068
0.533333 0.0980578 0.0120539 0.0438179 0.004986
0.55 0.0887459 0.0151808 0.039763 0.00681253
0.566667 0.0849631 0.0133649 0.0381364 0.00628922
0.583333 0.0755495 0.012079 0.0338552 0.00544844
0.6 0.0623532 0.00901876 0.0279473 0.00410697
0.616667 0.0651046 0.00715129 0.0292094 0.00347038
0.633333 0.0626355 0.00948475 0.0281129 0.00447499
0.65 0.0671372 0.00769891 0.0301054 0.00362899
0.666667 0.065259 0.00307696 0.0292443 0.00160504
0.683333 0.0674195 0.00908957 0.0302709 0.00439903
0.7 0.064796 0.0154114 0.0291395 0.00720679
0.716667 0.0632264 0.00314824 0.0283482 0.00175707
0.733333 0.0566923 0.00643744 0.0254596 0.0032238
0.75 0.0611939 0.00431479 0.0274522 0.00228129
0.766667 0.0566923 0.00643744 0.0254596 0.0032238
0.783333 0.0590334 0.00382163 0.0264255 0.00163252
0.8 0.0499021 0.00510942 0.0223098 0.00211915
0.816667 0.0516524 0.00847956 0.0230404 0.00356214
0.833333 0.0490289 0.00602693 0.0219089 0.002493
0.85 0.0404886 0.00986753 0.0180286 0.00425992
0.866667 0.0493112 0.0030322 0.0220745 0.00129117
0.883333 0.0517803 0.00180946 0.023171 0.000553389
0.9 0.0530939 0.0100704 0.0237011 0.00428235
0.916667 0.0593458 0.0168029 0.0264242 0.00724539
0.933333 0.0590635 0.0204648 0.0262586 0.00888694
0.95 0.0600647 0.0108621 0.0267901 0.00457817
0.966667 0.0597824 0.0146219 0.0266246 0.00626928
0.983333 0.0546899 0.0153961 0.0243967 0.00666328
1 0.0546899 0.0153961 0.0243967 0.00666328
1.16667 0.0581865 0.0118814 0.025929 0.00506097
1.33333 0.0578779 0.00770343 0.0258591 0.00320647
1.5 0.0446816 0.00581969 0.0199513 0.00238975
1.66667 0.0389943 0.00904972 0.0175593 0.00428695
1.83333 0.0678297 0.0184164 0.030567 0.00869751
2 0.0472787 0.00141796 0.0211784 0.000755791
2.16667 0.0420318 0.0141731 0.0189156 0.00650513
2.33333 0.0191396 0.0105952 0.00856106 0.00468245
2.5 0.0389943 0.00904972 0.0175593 0.00428695
2.66667 0.0434959 0.00725196 0.0195518 0.00347597
2.83333 0.0641034 0.0118402 0.0286779 0.00516659
3 0.0368639 0.0157733 0.0163657 0.00688678
3.16667 0.0292984 0.000799655 0.0131125 0.000203917
3.33333 0.0304577 0.00989618 0.0136077 0.00433073
3.5 0.0356519 0.0117701 0.0160619 0.00545571
3.66667 0.0273939 0.007226 0.0123471 0.00342048
3.83333 0.0322042 0.00619778 0.0144095 0.0027247
4 0.0400519 0.0100703 0.0178282 0.00433245
4.16667 0.02567 0.00724827 0.0115209 0.00325344
4.33333 0.0366795 0.00699425 0.0164977 0.00333149
4.5 0.0284252 0.00805134 0.0127117 0.00353291
4.66667 0.0198585 0.00630187 0.00892701 0.00287649
4.83333 0.0198585 0.00630187 0.00892701 0.00287649
5 0.025207 0.0117265 0.0114161 0.00544952
5.16667 0.0246424 0.00574816 0.0110851 0.00270267
5.33333 0.0271116 0.00385645 0.0121816 0.00188834
5.5 0.0179803 0.0017444 0.00806587 0.000858864
5.66667 0.0201671 0.0032009 0.00899685 0.00133828
5.83333 0.0155111 0.00411771 0.00696938 0.00188953
6 0.013505 0.0068471 0.00597765 0.00303385
6.16667 0.0149466 0.00777178 0.00663835 0.00340139
6.33333 0.013505 0.0068471 0.00597765 0.00303385
6.5 0.00450166 0.00228237 0.00199255 0.00101128
6.66667 0.00246914 0.00246914 0.00109649 0.00109649
6.83333 0.0140432 0.0105583 0.00640435 0.00485341
7 0.00913129 0.00240867 0.00411569 0.00114016
7.16667 0.013042 0.00656212 0.00587289 0.00296776
7.33333 0.00653418 0.0035474 0.00288861 0.00156491
7.5 0.00434734 0.00218737 0.00195763 0.000989254
7.66667 0.00246914 0.00246914 0.00109649 0.00109649
7.83333 0.00928561 0.00277539 0.00415061 0.0012226
8 0.00913129 0.00240867 0.00411569 0.00114016
8.16667 0.00434734 0.00218737 0.00195763 0.000989254
8.33333 0.00478395 0.00239571 0.00215806 0.00107945
8.5 0.0204494 0.00115049 0.00916236 0.000556368
8.66667 0.00681647 0.000383496 0.00305412 0.000185456
8.83333 0.0137609 0.00701862 0.00623883 0.00325464
9 0.0107272 0.00551219 0.00481131 0.00245492
9.16667 0.00681647 0.000383496 0.00305412 0.000185456
9.33333 0.0085667 0.00531236 0.00378466 0.00234115
9.5 0.0232272 0.0111029 0.0103287 0.00491047
9.66667 0.0136329 0.000766992 0.00610824 0.000370912
9.83333 0.00972222 0.00656363 0.00435104 0.00290784
10 0.00450166 0.00228237 0.00199255 0.00101128
11 0.0114724 0.00642517 0.00508159 0.00285258
12 0.00913129 0.00240867 0.00411569 0.00114016
13 0.00246914 0.00246914 0.00109649 0.00109649
14 0.00203252 0.00203252 0.000896057 0.000896057
15 0 0 0 0
16 0.00462963 0.00462963 0.00212314 0.00212314
17 0 0 0 0
18 0.00246914 0.00246914 0.00109649 0.00109649
19 0 0 0 0
20 0 0 0 0
21 0 0 0 0
22 0 0 0 0
23 0 0 0 0
24 0.00231481 0.00231481 0.00106157 0.00106157
25 0 0 0 0
26 0 0 0 0
27 0 0 0 0
28 0 0 0 0
29 0 0 0 0
30 0 0 0 0
31 0 0 0 0
32 0 0 0 0
33 0 0 0 0
34 0 0 0 0
35 0 0 0 0
36 0 0 0 0
37 0 0 0 0
38 0 0 0 0
39 0 0 0 0
40 0 0 0 0
41 0 0 0 0
42 0 0 0 0
43 0 0 0 0
44 0 0 0 0
45 0 0 0 0
46 0 0 0 0
47 0 0 0 0
48 0 0 0 0
49 0 0 0 0
50 0 0 0 0
51 0 0 0 0
52 0 0 0 0
53 0 0 0 0
54 0 0 0 0
55 0 0 0 0
56 0 0 0 0
57 0 0 0 0
58 0 0 0 0
59 0 0 0 0
60 0 0 0 0
70 0 0 0 0
80 0 0 0 0
90 0 0 0 0
100 0 0 0 0
110 0 0 0 0
120 0 0 0 0
130 0 0 0 0
140 0 0 0 0
150 0 0 0 0
160 0 0 0 0
170 0 0 0 0
180 0 0 0 0
190 0 0 0 0
200 0 0 0 0
210 0 0 0 0
220 0 0 0 0
230 0 0 0 0
240 0 0 0 0
250 0.00231481 0.00231481 0.00106157 0.00106157
260 0 0 0 0
270 0 0 0 0
280 0 0 0 0
290 0 0 0 0
300 0 0 0 0
310 0 0 0 0
320 0 0 0 0
330 0 0 0 0
340 0 0 0 0
350 0 0 0 0
360 0 0 0 0
370 0 0 0 0
380 0 0 0 0
390 0 0 0 0
400 0 0 0 0
410 0 0 0 0
420 0 0 0 0
430 0 0 0 0
440 0 0 0 0
450 0 0 0 0
460 0 0 0 0
470 0 0 0 0
480 0 0 0 0
490 0 0 0 0
500 0 0 0 0
510 0 0 0 0
520 0 0 0 0
530 0 0 0 0
540 0 0 0 0
550 0 0 0 0
560 0 0 0 0
570 0 0 0 0
580 0 0 0 0
590 0 0 0 0
600 0 0 0 0
610 0 0 0 0
620 0 0 0 0
630 0 0 0 0
640 0 0 0 0
650 0 0 0 0
660 0 0 0 0
670 0 0 0 0
680 0 0 0 0
690 0 0 0 0
700 0 0 0 0
710 0 0 0 0
720 0 0 0 0
730 0 0 0 0
740 0 0 0 0
750 0 0 0 0
760 0 0 0 0
770 0 0 0 0
780 0 0 0 0
790 0 0 0 0
800 0 0 0 0
810 0 0 0 0
820 0 0 0 0
830 0 0 0 0
840 0 0 0 0
850 0 0 0 0
860 0 0 0 0
870 0 0 0 0
880 0 0 0 0
890 0 0 0 0
900 0 0 0 0
910 0 0 0 0
920 0 0 0 0
930 0 0 0 0
940 0 0 0 0
950 0 0 0 0
960 0 0 0 0
970 0 0 0 0
980 0 0 0 0
990 0 0 0 0
1000 0 0 0 0
1010 0 0 0 0
1020 0 0 0 0
1030 0 0 0 0
1040 0 0 0 0
1050 0 0 0 0
1060 0 0 0 0
1070 0 0 0 0
1080 0 0 0 0
1090 0 0 0 0
1100 0 0 0 0
1110 0 0 0 0
1120 0 0 0 0
1130 0 0 0 0
1140 0 0 0 0
1150 0 0 0 0
1160 0 0 0 0
1170 0 0 0 0
1180 0 0 0 0
1190 0 0 0 0
1200 0 0 0 0
1210 0 0 0 0
1220 0 0 0 0
1230 0 0 0 0
1240 0 0 0 0
1250 0 0 0 0
1260 0 0 0 0
1270 0 0 0 0
1280 0 0 0 0
1290 0 0 0 0
1300 0 0 0 0
1310 0 0 0 0
1320 0 0 0 0
1330 0 0 0 0
1340 0 0 0 0
1350 0 0 0 0
1360 0 0 0 0
1370 0 0 0 0
1380 0 0 0 0
1390 0 0 0 0
1400 0 0 0 0
1410 0 0 0 0
1420 0 0 0 0
1430 0 0 0 0
1440 0 0 0 0


DSBEnd_Ku
0 0 0 0 0
0.0166667 1 0 0.243154 0.0198504
0.0333333 0.777565 0.0436184 0.190564 0.0259867
0.05 0.515556 0.0320284 0.126567 0.0183139
0.0666667 0.39428 0.00966273 0.0955039 0.00550647
0.0833333 0.259515 0.0221532 0.0624387 0.00332945
0.1 0.271331 0.0361216 0.065092 0.00627242
0.116667 0.203086 0.0366499 0.0488904 0.0080018
0.133333 0.190007 0.0232351 0.0452803 0.00205327
0.15 0.176938 0.0159237 0.0423917 0.000500358
0.166667 0.152506 0.019672 0.0363184 0.00229782
0.183333 0.141531 0.02991 0.0337001 0.00628824
0.2 0.114574 0.0138544 0.027522 0.00271183
0.216667 0.0930881 0.00938356 0.0224753 0.00216657
0.233333 0.0661307 0.00706933 0.0162972 0.00299898
0.25 0.0644472 0.0215126 0.0162274 0.00652543
0.266667 0.0795881 0.0145918 0.0197522 0.00455508
0.283333 0.0699399 0.0143766 0.0169929 0.00370084
0.3 0.0783361 0.0120994 0.0195169 0.0046544
0.316667 0.0400151 0.0157062 0.0101541 0.00468449
0.333333 0.0610802 0.0215332 0.0142789 0.00482665
0.35 0.0741273 0.0267967 0.0175334 0.00613932
0.366667 0.0669938 0.0108131 0.0159662 0.00163384
0.383333 0.0425404 0.00660346 0.0102589 0.00151196
0.4 0.0421302 0.00478088 0.0100584 0.000358796
0.416667 0.0804511 0.00868016 0.0194212 0.00199721
0.433333 0.0454865 0.0057652 0.0112855 0.00237678
0.45 0.04717 0.0111935 0.0113553 0.00258207
0.466667 0.0467811 0.0155753 0.010789 0.0028547
0.483333 0.0333024 0.0152099 0.00769992 0.00300501
0.5 0.0539466 0.0180661 0.0127117 0.00353291
0.516667 0.0425617 0.0117183 0.0098929 0.00204138
0.533333 0.0459394 0.0151153 0.010754 0.0028214
0.55 0.0501375 0.00666712 0.012016 0.00109277
0.566667 0.0656992 0.0126848 0.0164628 0.00456063
0.583333 0.0412671 0.00909596 0.0103894 0.00305585
0.6 0.0341016 0.0123834 0.00846674 0.00307086
0.616667 0.0332598 0.0103587 0.00843182 0.00298898
0.633333 0.0223064 0.0169451 0.00544754 0.00396328
0.65 0.0256841 0.00850352 0.00630867 0.00207298
0.666667 0.0298822 0.016175 0.00757068 0.00392569
0.683333 0.0227379 0.0168108 0.00528202 0.00401367
0.7 0.0130684 0.00731974 0.00288861 0.00156491
0.716667 0.0299035 0.0059289 0.00720473 0.00136235
0.733333 0.0244534 0.0146419 0.00570737 0.00312163
0.75 0.0198025 0.0102201 0.00497683 0.00276527
0.766667 0.0252738 0.00145811 0.00610824 0.000370912
0.783333 0.00884904 0.00443876 0.00199255 0.00101128
0.8 0.0328709 0.0106246 0.00786543 0.00231399
0.816667 0.0345331 0.0105378 0.00830122 0.0024452
0.833333 0.0476015 0.013571 0.0111898 0.00291745
0.85 0.0345544 0.0118808 0.00793527 0.00238896
0.866667 0.0248636 0.00703454 0.00590781 0.00139763
0.883333 0.0252951 0.0126898 0.00574229 0.00250538
0.9 0.0383636 0.019381 0.0086309 0.00387499
0.916667 0.0307452 0.0130427 0.00723965 0.003026
0.933333 0.0257054 0.00775152 0.00594273 0.00144415
0.95 0.0122267 0.00732096 0.00285369 0.00156082
0.966667 0.0160146 0.0080421 0.00391526 0.00197851
0.983333 0.0265258 0.0145197 0.00634359 0.00341016
1 0.0265258 0.0145197 0.00634359 0.00341016
1.16667 0.0379534 0.0253376 0.00843046 0.00519346
1.33333 0.0265471 0.0133163 0.00597765 0.00303385
1.5 0.029083 0.0110729 0.00680386 0.00216537
1.66667 0.0202127 0.00694821 0.00517726 0.00219531
1.83333 0.00800729 0.00402105 0.00195763 0.000989254
2 0.00800729 0.00402105 0.00195763 0.000989254
2.16667 0.0126582 0.0126582 0.00268817 0.00268817
2.33333 0.0291043 0.0236511 0.00643792 0.004932
2.5 0.0168563 0.00429242 0.00395018 0.000713725
2.66667 0.0231588 0.0172218 0.00620391 0.00492139
2.83333 0.0126369 0.000729055 0.00305412 0.000185456
3 0.039184 0.0139826 0.00903177 0.00300484
3.16667 0.0159933 0.00989729 0.0042812 0.00280226
3.33333 0.00378788 0.00378788 0.00106157 0.00106157
3.5 0.0130684 0.00731974 0.00288861 0.00156491
3.66667 0.0122267 0.00732096 0.00285369 0.00156082
3.83333 0.0164461 0.011253 0.00374974 0.0023451
4 0.0214646 0.0120447 0.00541262 0.00288866
4.16667 0.0168563 0.00429242 0.00395018 0.000713725
4.33333 0.00378788 0.00378788 0.00106157 0.00106157
4.5 0.0159933 0.00989729 0.0042812 0.00280226
4.66667 0 0 0 0
4.83333 0.00800729 0.00402105 0.00195763 0.000989254
5 0.00757576 0.00757576 0.00212314 0.00212314
5.16667 0.0202127 0.00694821 0.00517726 0.00219531
5.33333 0.0117952 0.00657497 0.0030192 0.00184613
5.5 0.00843882 0.00843882 0.00179211 0.00179211
5.66667 0.0176768 0.0124354 0.00435104 0.00290784
5.83333 0 0 0 0
6 0.00421941 0.00421941 0.000896057 0.000896057
6.16667 0 0 0 0
6.33333 0.0181083 0.012333 0.00418553 0.0029455
6.5 0 0 0 0
6.66667 0.00421941 0.00421941 0.000896057 0.000896057
6.83333 0 0 0 0
7 0 0 0 0
7.16667 0.00800729 0.00402105 0.00195763 0.000989254
7.33333 0 0 0 0
7.5 0 0 0 0
7.66667 0 0 0 0
7.83333 0.0219175 0.0113472 0.00488115 0.00247797
8 0.00421941 0.00421941 0.000896057 0.000896057
8.16667 0.00843882 0.00843882 0.00179211 0.00179211
8.33333 0.00378788 0.00378788 0.00106157 0.00106157
8.5 0.00800729 0.00402105 0.00195763 0.000989254
8.66667 0.00841751 0.00427142 0.00215806 0.00107945
8.83333 0.00378788 0.00378788 0.00106157 0.00106157
9 0.00462963 0.00462963 0.00109649 0.00109649
9.16667 0.00925926 0.00925926 0.00219298 0.00219298
9.33333 0.00462963 0.00462963 0.00109649 0.00109649
9.5 0.00462963 0.00462963 0.00109649 0.00109649
9.66667 0 0 0 0
9.83333 0.00421941 0.00421941 0.000896057 0.000896057
10 0.00925926 0.00925926 0.00219298 0.00219298
11 0.00462963 0.00462963 0.00109649 0.00109649
12 0.00378788 0.00378788 0.00106157 0.00106157
13 0.00378788 0.00378788 0.00106157 0.00106157
14 0.00757576 0.00757576 0.00212314 0.00212314
15 0.00462963 0.00462963 0.00109649 0.00109649
16 0 0 0 0
17 0 0 0 0
18 0 0 0 0
19 0 0 0 0
20 0.00378788 0.00378788 0.00106157 0.00106157
21 0 0 0 0
22 0 0 0 0
23 0 0 0 0
24 0 0 0 0
25 0 0 0 0
26 0 0 0 0
27 0 0 0 0
28 0 0 0 0
29 0 0 0 0
30 0 0 0 0
31 0 0 0 0
32 0 0 0 0
33 0 0 0 0
34 0 0 0 0
35 0 0 0 0
36 0 0 0 0
37 0 0 0 0
38 0 0 0 0
39 0 0 0 0
40 0 0 0 0
41 0 0 0 0
42 0 0 0 0
43 0 0 0 0
44 0 0 0 0
45 0 0 0 0
46 0 0 0 0
47 0 0 0 0
48 0 0 0 0
49 0 0 0 0
50 0 0 0 0
51 0 0 0 0
52 0 0 0 0
53 0 0 0 0
54 0 0 0 0
55 0 0 0 0
56 0 0 0 0
57 0 0 0 0
58 0 0 0 0
59 0 0 0 0
60 0 0 0 0
70 0 0 0 0
80 0 0 0 0
90 0 0 0 0
100 0 0 0 0
110 0 0 0 0
120 0 0 0 0
130 0 0 0 0
140 0 0 0 0
150 0 0 0 0
160 0 0 0 0
170 0 0 0 0
180 0 0 0 0
190 0 0 0 0
200 0 0 0 0
210 0 0 0 0
220 0 0 0 0
230 0 0 0 0
240 0 0 0 0
250 0.00378788 0.00378788 0.00106157 0.00106157
260 0 0 0 0
270 0 0 0 0
280 0 0 0 0
290 0 0 0 0
300 0 0 0 0
310 0 0 0 0
320 0 0 0 0
330 0 0 0 0
340 0 0 0 0
350 0 0 0 0
360 0 0 0 0
370 0 0 0 0
380 0 0 0 0
390 0 0 0 0
400 0 0 0 0
410 0 0 0 0
420 0 0 0 0
430 0 0 0 0
440 0 0 0 0
450 0 0 0 0
460 0 0 0 0
470 0 0 0 0
480 0 0 0 0
490 0 0 0 0
500 0 0 0 0
510 0 0 0 0
520 0 0 0 0
530 0 0 0 0
540 0 0 0 0
550 0 0 0 0
560 0 0 0 0
570 0 0 0 0
580 0 0 0 0
590 0 0 0 0
600 0 0 0 0
610 0 0 0 0
620 0 0 0 0
630 0 0 0 0
640 0 0 0 0
650 0 0 0 0
660 0 0 0 0
670 0 0 0 0
680 0 0 0 0
690 0 0 0 0
700 0 0 0 0
710 0 0 0 0
720 0 0 0 0
730 0 0 0 0
740 0 0 0 0
750 0 0 0 0
760 0 0 0 0
770 0 0 0 0
780 0 0 0 0
790 0 0 0 0
800 0 0 0 0
810 0 0 0 0
820 0 0 0 0
830 0 0 0 0
840 0 0 0 0
850 0 0 0 0
860 0 0 0 0
870 0 0 0 0
880 0 0 0 0
890 0 0 0 0
900 0 0 0 0
910 0 0 0 0
920 0 0 0 0
930 0 0 0 0
940 0 0 0 0
950 0 0 0 0
960 0 0 0 0
970 0 0 0 0
980 0 0 0 0
990 0 0 0 0
1000 0 0 0 0
1010 0 0 0 0
1020 0 0 0 0
1030 0 0 0 0
1040 0 0 0 0
1050 0 0 0 0
1060 0 0 0 0
1070 0 0 0 0
1080 0 0 0 0
1090 0 0 0 0
1100 0 0 0 0
1110 0 0 0 0
1120 0 0 0 0
1130 0 0 0 0
1140 0 0 0 0
1150 0 0 0 0
1160 0 0 0 0
1170 0 0 0 0
1180 0 0 0 0
1190 0 0 0 0
1200 0 0 0 0
1210 0 0 0 0
1220 0 0 0 0
1230 0 0 0 0
1240 0 0 0 0
1250 0 0 0 0
1260 0 0 0 0
1270 0 0 0 0
1280 0 0 0 0
1290 0 0 0 0
1300 0 0 0 0
1310 0 0 0 0
1320 0 0 0 0
1330 0 0 0 0
1340 0 0 0 0
1350 0 0 0 0
1360 0 0 0 0
1370 0 0 0 0
1380 0 0 0 0
1390 0 0 0 0
1400 0 0 0 0
1410 0 0 0 0
1420 0 0 0 0
1430 0 0 0 0
1440 0 0 0 0


DSBEnd_PKcs
0 0 0 0 0
0.0166667 0.479985 0.095309 0.123137 0.0201957
0.0333333 0.780163 0.0776559 0.202145 0.0149964
0.05 0.919473 0.0568126 0.238855 0.00914053
0.0666667 1 0 0.261087 0.0128954
0.0833333 0.973158 0.0149905 0.253787 0.00996362
0.1 0.953563 0.0234388 0.248409 0.0072876
0.116667 0.917836 0.0370268 0.23868 0.00246683
0.133333 0.882763 0.0500739 0.229187 0.00155888
0.15 0.808829 0.0597833 0.209635 0.00495785
0.166667 0.773756 0.0406988 0.200969 0.000321885
0.183333 0.715301 0.0177622 0.186361 0.00588208
0.2 0.691264 0.0246446 0.180348 0.0101562
0.216667 0.684016 0.0178129 0.178756 0.0115709
0.233333 0.656846 0.0239287 0.171918 0.0137015
0.25 0.625234 0.0397751 0.163947 0.01729
0.266667 0.587028 0.0437043 0.15429 0.0186046
0.283333 0.550973 0.0387957 0.144361 0.0154732
0.3 0.527918 0.0234489 0.137791 0.00913255
0.316667 0.520342 0.0300804 0.13633 0.0133615
0.333333 0.497288 0.0241977 0.130256 0.0118319
0.35 0.477694 0.028349 0.12521 0.0126335
0.366667 0.46979 0.02725 0.123052 0.0119263
0.383333 0.473251 0.0374728 0.124078 0.0144477
0.4 0.476712 0.0370532 0.124609 0.0127001
0.416667 0.449542 0.0445877 0.117935 0.0158732
0.433333 0.429948 0.0486758 0.112889 0.0168088
0.45 0.433736 0.0620827 0.114281 0.0209167
0.466667 0.445426 0.0672182 0.117501 0.0225581
0.483333 0.445099 0.0632823 0.117135 0.0210542
0.5 0.465021 0.0526607 0.122216 0.0185314
0.516667 0.461233 0.0539746 0.12132 0.0190314
0.533333 0.464693 0.054609 0.122016 0.0186282
0.55 0.460578 0.0717237 0.121416 0.0236933
0.566667 0.460578 0.0667502 0.121251 0.0221784
0.583333 0.490554 0.0806235 0.128881 0.0252428
0.6 0.471614 0.071023 0.123904 0.0227146
0.616667 0.471942 0.0684715 0.124104 0.0224133
0.633333 0.464366 0.0704529 0.122312 0.0232399
0.65 0.460251 0.0732623 0.121216 0.0238161
0.666667 0.456135 0.0718284 0.119954 0.0230092
0.683333 0.471614 0.0751457 0.124069 0.0241072
0.7 0.475075 0.0774883 0.124765 0.0241768
0.716667 0.467499 0.0783024 0.122973 0.0247751
0.733333 0.475402 0.074522 0.124965 0.0237641
0.75 0.459923 0.0753934 0.121015 0.0240627
0.766667 0.455808 0.0828248 0.120084 0.0261265
0.783333 0.467499 0.0783024 0.122973 0.0247751
0.8 0.459923 0.067565 0.120684 0.0213377
0.816667 0.467826 0.0639547 0.122677 0.0203272
0.833333 0.459923 0.0643007 0.120519 0.020052
0.85 0.463056 0.0757271 0.121179 0.0223726
0.866667 0.467499 0.0676881 0.122476 0.0208549
0.883333 0.467499 0.0707963 0.122642 0.0221086
0.9 0.463056 0.0782431 0.121345 0.0234989
0.916667 0.478208 0.0796978 0.124764 0.0222115
0.933333 0.486111 0.0781299 0.126922 0.022169
0.95 0.486766 0.0651185 0.126991 0.0184321
0.966667 0.482978 0.0628202 0.125599 0.0159674
0.983333 0.486766 0.0644541 0.12666 0.0167824
1 0.482978 0.0628202 0.125599 0.0159674
1.16667 0.494342 0.0688652 0.128453 0.0171443
1.33333 0.475075 0.0667446 0.123275 0.0157955
1.5 0.487421 0.0571668 0.126399 0.0122441
1.66667 0.502899 0.0554925 0.13068 0.0132177
1.83333 0.518706 0.0499093 0.135328 0.0147117
2 0.545548 0.0567247 0.142132 0.0154907
2.16667 0.536336 0.0830474 0.139503 0.0215648
2.33333 0.528432 0.0854561 0.137345 0.0218287
2.5 0.514263 0.0618164 0.134362 0.0185312
2.66667 0.526281 0.0536667 0.136954 0.0137544
2.83333 0.522166 0.0573793 0.136023 0.0155595
3 0.564815 0.0633218 0.146647 0.0143874
3.16667 0.533857 0.0585415 0.138746 0.0140523
3.33333 0.533857 0.0585415 0.138746 0.0140523
3.5 0.548681 0.0742756 0.142296 0.0169757
3.66667 0.529742 0.0625588 0.13765 0.0151053
3.83333 0.552796 0.0703735 0.143392 0.0158864
4 0.556912 0.0664971 0.144489 0.0147982
4.16667 0.565142 0.0616983 0.146516 0.0124041
4.33333 0.572391 0.0653049 0.14877 0.0158669
4.5 0.584736 0.055252 0.151894 0.0121631
4.66667 0.580294 0.065883 0.150597 0.0146045
4.83333 0.568275 0.070876 0.147508 0.0164531
5 0.5831 0.082264 0.151554 0.0206975
5.16667 0.603021 0.073189 0.157132 0.0200395
5.33333 0.595445 0.0700225 0.15534 0.0200539
5.5 0.606809 0.0752957 0.158193 0.0209464
5.66667 0.59956 0.0652948 0.156271 0.018158
5.83333 0.599233 0.071523 0.156236 0.0200267
6 0.599233 0.071523 0.156236 0.0200267
6.16667 0.611251 0.065627 0.15949 0.01913
6.33333 0.619155 0.0640227 0.160986 0.0155993
6.5 0.603676 0.0632604 0.156871 0.0148801
6.66667 0.608118 0.0526345 0.158168 0.0126471
6.83333 0.615694 0.0551522 0.160622 0.0163975
7 0.607464 0.062991 0.158263 0.0172084
7.16667 0.619155 0.0626637 0.161317 0.0171773
7.33333 0.611906 0.0553526 0.159064 0.0127886
7.5 0.608773 0.041105 0.158403 0.00973229
7.66667 0.600542 0.0489753 0.15621 0.0116923
7.83333 0.612233 0.0508234 0.159099 0.0109565
8 0.611906 0.0537748 0.159229 0.013509
8.16667 0.604003 0.0584985 0.156906 0.0130682
8.33333 0.600542 0.0476387 0.156375 0.0125524
8.5 0.597082 0.0414153 0.155349 0.00976611
8.66667 0.604985 0.0372053 0.157672 0.0108807
8.83333 0.611906 0.0529683 0.15956 0.0154165
9 0.60433 0.0491883 0.157603 0.0145545
9.16667 0.612561 0.0409798 0.15963 0.0117187
9.33333 0.60087 0.0413061 0.156576 0.011721
9.5 0.60433 0.0491883 0.157437 0.0134912
9.66667 0.612233 0.0468575 0.159595 0.0135649
9.83333 0.616349 0.0432428 0.160857 0.0139415
10 0.60433 0.0491883 0.157603 0.0145545
11 0.590161 0.0234755 0.153958 0.00900932
12 0.56893 0.05607 0.14824 0.0154305
13 0.581603 0.0389779 0.151399 0.00980172
14 0.585718 0.0373895 0.15233 0.00793599
15 0.5867 0.0250977 0.1526 0.00339618
16 0.582585 0.0278388 0.151503 0.00421321
17 0.558548 0.0349197 0.145325 0.00798423
18 0.555088 0.0253222 0.14463 0.00743963
19 0.543397 0.0247849 0.141741 0.00878536
20 0.535821 0.0219981 0.139949 0.00967134
21 0.535821 0.0219981 0.139949 0.00967134
22 0.535821 0.0219981 0.139949 0.00967134
23 0.535821 0.0219981 0.139949 0.00967134
24 0.539609 0.0249168 0.141011 0.0107301
25 0.543397 0.028044 0.142072 0.0117894
26 0.535821 0.0287797 0.14028 0.0128675
27 0.52067 0.0238228 0.136365 0.0120627
28 0.524458 0.0224406 0.137261 0.0114064
29 0.52067 0.0238228 0.136365 0.0120627
30 0.52067 0.0238228 0.136365 0.0120627
31 0.52067 0.0238228 0.136365 0.0120627
32 0.52067 0.0238228 0.136365 0.0120627
33 0.52067 0.0238228 0.136365 0.0120627
34 0.52067 0.0238228 0.136365 0.0120627
35 0.52067 0.0238228 0.136365 0.0120627
36 0.52067 0.0238228 0.136365 0.0120627
37 0.52067 0.0238228 0.136365 0.0120627
38 0.513094 0.0162781 0.134242 0.0100727
39 0.513094 0.0162781 0.134242 0.0100727
40 0.513094 0.0162781 0.134242 0.0100727
41 0.513094 0.0162781 0.134242 0.0100727
42 0.513094 0.0162781 0.134242 0.0100727
43 0.513094 0.0162781 0.134242 0.0100727
44 0.513094 0.0162781 0.134242 0.0100727
45 0.513094 0.0162781 0.134242 0.0100727
46 0.513094 0.0162781 0.134242 0.0100727
47 0.513094 0.0162781 0.134242 0.0100727
48 0.513094 0.0162781 0.134242 0.0100727
49 0.513094 0.0162781 0.134242 0.0100727
50 0.513094 0.0162781 0.134242 0.0100727
51 0.513094 0.0162781 0.134242 0.0100727
52 0.513094 0.0162781 0.134242 0.0100727
53 0.505518 0.0205321 0.132449 0.0115445
54 0.505518 0.0205321 0.132449 0.0115445
55 0.505518 0.0205321 0.132449 0.0115445
56 0.505518 0.0205321 0.132449 0.0115445
57 0.505518 0.0205321 0.132449 0.0115445
58 0.505518 0.0205321 0.132449 0.0115445
59 0.505518 0.0205321 0.132449 0.0115445
60 0.505518 0.0205321 0.132449 0.0115445
70 0.505518 0.0205321 0.132449 0.0115445
80 0.489057 0.0297485 0.128064 0.0125032
90 0.481481 0.0321192 0.126271 0.0136643
100 0.481481 0.0321192 0.126271 0.0136643
110 0.481481 0.0321192 0.126271 0.0136643
120 0.465675 0.0302425 0.121955 0.0123338
130 0.465675 0.0302425 0.121955 0.0123338
140 0.465675 0.0302425 0.121955 0.0123338
150 0.465675 0.0302425 0.121955 0.0123338
160 0.465675 0.0302425 0.121955 0.0123338
170 0.4581 0.0232333 0.119832 0.0102238
180 0.4581 0.0232333 0.119832 0.0102238
190 0.4581 0.0232333 0.119832 0.0102238
200 0.4581 0.0232333 0.119832 0.0102238
210 0.4581 0.0232333 0.119832 0.0102238
220 0.4581 0.0232333 0.119832 0.0102238
230 0.4581 0.0232333 0.119832 0.0102238
240 0.4581 0.0232333 0.119832 0.0102238
250 0.450524 0.0167258 0.117709 0.0081206
260 0.4581 0.0232333 0.119832 0.0102238
270 0.4581 0.0232333 0.119832 0.0102238
280 0.4581 0.0232333 0.119832 0.0102238
290 0.4581 0.0232333 0.119832 0.0102238
300 0.4581 0.0232333 0.119832 0.0102238
310 0.450524 0.0249821 0.11804 0.0113926
320 0.450524 0.0249821 0.11804 0.0113926
330 0.450524 0.0249821 0.11804 0.0113926
340 0.450524 0.0249821 0.11804 0.0113926
350 0.450524 0.0249821 0.11804 0.0113926
360 0.450524 0.0249821 0.11804 0.0113926
370 0.450524 0.0249821 0.11804 0.0113926
380 0.442948 0.0286916 0.116248 0.0127074
390 0.442948 0.0286916 0.116248 0.0127074
400 0.442948 0.0286916 0.116248 0.0127074
410 0.435372 0.0211751 0.114125 0.0107371
420 0.435372 0.0211751 0.114125 0.0107371
430 0.435372 0.0211751 0.114125 0.0107371
440 0.435372 0.0211751 0.114125 0.0107371
450 0.435372 0.0211751 0.114125 0.0107371
460 0.435372 0.0211751 0.114125 0.0107371
470 0.435372 0.0211751 0.114125 0.0107371
480 0.435372 0.0211751 0.114125 0.0107371
490 0.435372 0.0211751 0.114125 0.0107371
500 0.435372 0.0211751 0.114125 0.0107371
510 0.435372 0.0211751 0.114125 0.0107371
520 0.435372 0.0211751 0.114125 0.0107371
530 0.435372 0.0211751 0.114125 0.0107371
540 0.435372 0.0211751 0.114125 0.0107371
550 0.435372 0.0211751 0.114125 0.0107371
560 0.435372 0.0211751 0.114125 0.0107371
570 0.435372 0.0211751 0.114125 0.0107371
580 0.435372 0.0211751 0.114125 0.0107371
590 0.435372 0.0211751 0.114125 0.0107371
600 0.435372 0.0211751 0.114125 0.0107371
610 0.435372 0.0211751 0.114125 0.0107371
620 0.435372 0.0211751 0.114125 0.0107371
630 0.435372 0.0211751 0.114125 0.0107371
640 0.435372 0.0211751 0.114125 0.0107371
650 0.435372 0.0211751 0.114125 0.0107371
660 0.435372 0.0211751 0.114125 0.0107371
670 0.435372 0.0211751 0.114125 0.0107371
680 0.435372 0.0211751 0.114125 0.0107371
690 0.435372 0.0211751 0.114125 0.0107371
700 0.435372 0.0211751 0.114125 0.0107371
710 0.435372 0.0211751 0.114125 0.0107371
720 0.435372 0.0211751 0.114125 0.0107371
730 0.435372 0.0211751 0.114125 0.0107371
740 0.435372 0.0211751 0.114125 0.0107371
750 0.435372 0.0211751 0.114125 0.0107371
760 0.435372 0.0211751 0.114125 0.0107371
770 0.435372 0.0211751 0.114125 0.0107371
780 0.427142 0.0253905 0.111932 0.0111848
790 0.427142 0.0253905 0.111932 0.0111848
800 0.427142 0.0253905 0.111932 0.0111848
810 0.427142 0.0253905 0.111932 0.0111848
820 0.427142 0.0253905 0.111932 0.0111848
830 0.427142 0.0253905 0.111932 0.0111848
840 0.427142 0.0253905 0.111932 0.0111848
850 0.427142 0.0253905 0.111932 0.0111848
860 0.427142 0.0253905 0.111932 0.0111848
870 0.427142 0.0253905 0.111932 0.0111848
880 0.427142 0.0253905 0.111932 0.0111848
890 0.427142 0.0253905 0.111932 0.0111848
900 0.427142 0.0253905 0.111932 0.0111848
910 0.427142 0.0253905 0.111932 0.0111848
920 0.418911 0.0312482 0.109739 0.0120222
930 0.418911 0.0312482 0.109739 0.0120222
940 0.418911 0.0312482 0.109739 0.0120222
950 0.418911 0.0312482 0.109739 0.0120222
960 0.418911 0.0312482 0.109739 0.0120222
970 0.418911 0.0312482 0.109739 0.0120222
980 0.418911 0.0312482 0.109739 0.0120222
990 0.418911 0.0312482 0.109739 0.0120222
1000 0.418911 0.0312482 0.109739 0.0120222
1010 0.418911 0.0312482 0.109739 0.0120222
1020 0.418911 0.0312482 0.109739 0.0120222
1030 0.418911 0.0312482 0.109739 0.0120222
1040 0.418911 0.0312482 0.109739 0.0120222
1050 0.418911 0.0312482 0.109739 0.0120222
1060 0.418911 0.0312482 0.109739 0.0120222
1070 0.418911 0.0312482 0.109739 0.0120222
1080 0.418911 0.0312482 0.109739 0.0120222
1090 0.418911 0.0312482 0.109739 0.0120222
1100 0.418911 0.0312482 0.109739 0.0120222
1110 0.418911 0.0312482 0.109739 0.0120222
1120 0.418911 0.0312482 0.109739 0.0120222
1130 0.418911 0.0312482 0.109739 0.0120222
1140 0.418911 0.0312482 0.109739 0.0120222
1150 0.418911 0.0312482 0.109739 0.0120222
1160 0.418911 0.0312482 0.109739 0.0120222
1170 0.418911 0.0312482 0.109739 0.0120222
1180 0.418911 0.0312482 0.109739 0.0120222
1190 0.418911 0.0312482 0.109739 0.0120222
1200 0.418911 0.0312482 0.109739 0.0120222
1210 0.418911 0.0312482 0.109739 0.0120222
1220 0.418911 0.0312482 0.109739 0.0120222
1230 0.418911 0.0312482 0.109739 0.0120222
1240 0.418911 0.0312482 0.109739 0.0120222
1250 0.418911 0.0312482 0.109739 0.0120222
1260 0.418911 0.0312482 0.109739 0.0120222
1270 0.418911 0.0312482 0.109739 0.0120222
1280 0.418911 0.0312482 0.109739 0.0120222
1290 0.418911 0.0312482 0.109739 0.0120222
1300 0.418911 0.0312482 0.109739 0.0120222
1310 0.418911 0.0312482 0.109739 0.0120222
1320 0.418911 0.0312482 0.109739 0.0120222
1330 0.418911 0.0312482 0.109739 0.0120222
1340 0.418911 0.0312482 0.109739 0.0120222
1350 0.418911 0.0312482 0.109739 0.0120222
1360 0.418911 0.0312482 0.109739 0.0120222
1370 0.418911 0.0312482 0.109739 0.0120222
1380 0.418911 0.0312482 0.109739 0.0120222
1390 0.418911 0.0312482 0.109739 0.0120222
1400 0.418911 0.0312482 0.109739 0.0120222
1410 0.418911 0.0312482 0.109739 0.0120222
1420 0.418911 0.0312482 0.109739 0.0120222
1430 0.410681 0.0379962 0.107546 0.0131752
1440 0.410681 0.0379962 0.107546 0.0131752


DSBSynaptic
0 0 0 0 0
0.0166667 0.034502 0.0179593 0.0267447 0.0141992
0.0333333 0.12152 0.0132314 0.0955361 0.0113989
0.05 0.230067 0.00931228 0.18072 0.00974176
0.0666667 0.312716 0.0115551 0.245317 0.00906813
0.0833333 0.393207 0.00305978 0.308662 0.00784506
0.1 0.450487 0.00406429 0.353613 0.00892422
0.116667 0.529113 0.0140511 0.415027 0.00967639
0.133333 0.578699 0.0253671 0.453259 0.00696788
0.15 0.643964 0.0318442 0.504248 0.0111526
0.166667 0.695231 0.0318723 0.544481 0.00973926
0.183333 0.73993 0.0181026 0.580207 0.00597741
0.2 0.784894 0.0076743 0.616404 0.0207186
0.216667 0.802092 0.00641544 0.630082 0.0231707
0.233333 0.833103 0.0110307 0.654585 0.0268471
0.25 0.847878 0.0173759 0.66654 0.0327888
0.266667 0.868056 0.00557472 0.68173 0.0223941
0.283333 0.885006 0.00932042 0.695149 0.0252318
0.3 0.900975 0.00812859 0.707226 0.0178484
0.316667 0.918173 0.00285108 0.720904 0.0204232
0.333333 0.934142 0.0115464 0.732981 0.0131941
0.35 0.947503 0.0133388 0.743405 0.0126835
0.366667 0.953515 0.0163621 0.748122 0.0148183
0.383333 0.960412 0.0155041 0.753428 0.0110009
0.4 0.966425 0.0177601 0.758145 0.0130031
0.416667 0.967204 0.00416746 0.759345 0.0206785
0.433333 0.979928 0.003402 0.769439 0.0226619
0.45 0.975454 0.00786764 0.765854 0.0221382
0.466667 0.979557 0.0104565 0.769578 0.0299834
0.483333 0.984668 0.00784234 0.773494 0.0283108
0.5 0.972129 0.00288359 0.76333 0.0226878
0.516667 0.979928 0.003402 0.769439 0.0226619
0.533333 0.974817 0.00504249 0.765523 0.0243168
0.55 0.967161 0.0180801 0.760284 0.036367
0.566667 0.972272 0.0165333 0.764199 0.0350231
0.583333 0.967612 0.0186177 0.760685 0.0370614
0.6 0.975331 0.0105082 0.766253 0.0296233
0.616667 0.977568 0.012474 0.768045 0.0305536
0.633333 0.975331 0.0105082 0.766253 0.0296233
0.65 0.968168 0.00663407 0.760475 0.0267665
0.666667 0.963057 0.00755411 0.75656 0.0281074
0.683333 0.955895 0.00380957 0.750783 0.0254002
0.7 0.959034 0.00849725 0.753377 0.028
0.716667 0.953207 0.00340164 0.74859 0.024074
0.733333 0.956531 0.00193045 0.751114 0.0227576
0.75 0.96082 0.00628339 0.754768 0.0274226
0.766667 0.955259 0.00804242 0.750452 0.0282043
0.783333 0.950784 0.00588705 0.746868 0.026893
0.8 0.949369 0.00511835 0.745337 0.0203427
0.816667 0.944178 0.0112339 0.740881 0.0137984
0.833333 0.943993 0.00656035 0.740951 0.0172392
0.85 0.938882 0.00475649 0.737036 0.0187654
0.866667 0.936645 0.00640646 0.735243 0.0183558
0.883333 0.931534 0.00615443 0.731328 0.0200582
0.9 0.921949 0.0113828 0.723829 0.021792
0.916667 0.917209 0.0136209 0.719774 0.0162608
0.933333 0.916573 0.00925773 0.719443 0.0179341
0.95 0.914336 0.0113705 0.717651 0.0179742
0.966667 0.917395 0.0163545 0.719704 0.0125677
0.983333 0.906271 0.0124035 0.711072 0.0123908
1 0.906086 0.00871951 0.711142 0.016087
1.16667 0.853588 0.0218174 0.669307 0.00745886
1.33333 0.83791 0.0299066 0.65655 0.00322136
1.5 0.818908 0.0398173 0.641269 0.0147135
1.66667 0.780878 0.0361732 0.611858 0.0191153
1.83333 0.755058 0.0310417 0.591811 0.0169565
2 0.73862 0.0408641 0.578066 0.013862
2.16667 0.721952 0.0366469 0.56533 0.0143951
2.33333 0.716391 0.0346551 0.561014 0.0123526
2.5 0.68883 0.0309766 0.539692 0.0148505
2.66667 0.648828 0.022366 0.508959 0.0170474
2.83333 0.604457 0.0288514 0.474032 0.0212967
3 0.587444 0.0316392 0.460285 0.0193573
3.16667 0.566613 0.0377979 0.444551 0.0306255
3.33333 0.534002 0.0388201 0.418587 0.028848
3.5 0.50927 0.0296817 0.399272 0.0215895
3.66667 0.493672 0.0302189 0.387056 0.0223271
3.83333 0.472185 0.030643 0.369724 0.0182455
4 0.445136 0.0353697 0.348076 0.0194644
4.16667 0.444314 0.0291669 0.347815 0.0165349
4.33333 0.41983 0.0325797 0.328758 0.0220075
4.5 0.391323 0.0306771 0.306518 0.0214664
4.66667 0.3873 0.0243281 0.303335 0.0149556
4.83333 0.375026 0.022661 0.293643 0.0124828
5 0.350623 0.0154391 0.275127 0.0129873
5.16667 0.329135 0.0162172 0.257795 0.00752033
5.33333 0.308878 0.0107574 0.242064 0.00302238
5.5 0.310151 0.0173979 0.242726 0.00602604
5.66667 0.289547 0.0299488 0.225984 0.0165727
5.83333 0.286754 0.0163157 0.224401 0.00571488
6 0.287125 0.0255939 0.224262 0.0129768
6.16667 0.279777 0.0241438 0.218554 0.0118579
6.33333 0.265187 0.0361725 0.206529 0.0214374
6.5 0.265001 0.0316234 0.206599 0.0179234
6.66667 0.248582 0.0228053 0.194121 0.0116248
6.83333 0.225964 0.0123183 0.176997 0.00687422
7 0.215928 0.0116541 0.169096 0.00581711
7.16667 0.204106 0.010021 0.159805 0.00295607
7.33333 0.201603 0.016351 0.157542 0.00790485
7.5 0.189843 0.0143661 0.148579 0.00884081
7.66667 0.184732 0.0117681 0.144663 0.00708449
7.83333 0.167534 0.0128449 0.130986 0.0064956
8 0.166261 0.010851 0.130324 0.0078575
8.16667 0.165111 0.00827762 0.129263 0.00253085
8.33333 0.160699 0.0128274 0.126008 0.00993655
8.5 0.140627 0.0100851 0.110207 0.00727278
8.66667 0.142864 0.0117235 0.111999 0.00895586
8.83333 0.137383 0.00972154 0.108223 0.0101178
9 0.132828 0.0103502 0.104099 0.00763464
9.16667 0.122527 0.0169308 0.0957275 0.0121029
9.33333 0.118689 0.0167311 0.0924743 0.0105874
9.5 0.100218 0.0143425 0.0781347 0.00950568
9.66667 0.107831 0.00974846 0.0843127 0.00600663
9.83333 0.104506 0.0121943 0.0817887 0.00895887
10 0.107831 0.00974846 0.0843127 0.00600663
11 0.0745839 0.0137327 0.0580178 0.00940936
12 0.0630274 0.00886659 0.0491969 0.0059379
13 0.0503032 0.0102663 0.0391036 0.00695194
14 0.0429554 0.0119213 0.0333962 0.00875883
15 0.0322027 0.0141185 0.0246243 0.0100176
16 0.0207084 0.00282432 0.0161317 0.00171773
17 0.0311955 0.00226776 0.024433 0.00148365
18 0.0157831 0.00527151 0.0121466 0.00368345
19 0.0207084 0.00282432 0.0161317 0.00171773
20 0.0122731 0.00393382 0.00969247 0.00321885
21 0.0106724 0.00330762 0.00823138 0.00228032
22 0.0106724 0.00330762 0.00823138 0.00228032
23 0.00798426 0.00501768 0.0060384 0.00369226
24 0.00223714 0.00223714 0.00179211 0.00179211
25 0.00223714 0.00223714 0.00179211 0.00179211
26 0.00223714 0.00223714 0.00179211 0.00179211
27 0.00447427 0.00447427 0.00358423 0.00358423
28 0 0 0 0
29 0.00223714 0.00223714 0.00179211 0.00179211
30 0 0 0 0
31 0 0 0 0
32 0 0 0 0
33 0 0 0 0
34 0 0 0 0
35 0 0 0 0
36 0 0 0 0
37 0 0 0 0
38 0.00287356 0.00287356 0.00212314 0.00212314
39 0.00287356 0.00287356 0.00212314 0.00212314
40 0.00287356 0.00287356 0.00212314 0.00212314
41 0.00287356 0.00287356 0.00212314 0.00212314
42 0.00287356 0.00287356 0.00212314 0.00212314
43 0 0 0 0
44 0 0 0 0
45 0 0 0 0
46 0 0 0 0
47 0 0 0 0
48 0 0 0 0
49 0 0 0 0
50 0 0 0 0
51 0 0 0 0
52 0 0 0 0
53 0.00223714 0.00223714 0.00179211 0.00179211
54 0 0 0 0
55 0 0 0 0
56 0 0 0 0
57 0 0 0 0
58 0 0 0 0
59 0 0 0 0
60 0 0 0 0
70 0 0 0 0
80 0.00268817 0.00268817 0.00219298 0.00219298
90 0.00223714 0.00223714 0.00179211 0.00179211
100 0 0 0 0
110 0 0 0 0
120 0 0 0 0
130 0 0 0 0
140 0 0 0 0
150 0 0 0 0
160 0 0 0 0
170 0 0 0 0
180 0 0 0 0
190 0 0 0 0
200 0 0 0 0
210 0 0 0 0
220 0 0 0 0
230 0 0 0 0
240 0 0 0 0
250 0 0 0 0
260 0 0 0 0
270 0 0 0 0
280 0 0 0 0
290 0 0 0 0
300 0 0 0 0
310 0.00223714 0.00223714 0.00179211 0.00179211
320 0 0 0 0
330 0 0 0 0
340 0 0 0 0
350 0 0 0 0
360 0 0 0 0
370 0 0 0 0
380 0 0 0 0
390 0 0 0 0
400 0 0 0 0
410 0 0 0 0
420 0 0 0 0
430 0 0 0 0
440 0 0 0 0
450 0 0 0 0
460 0 0 0 0
470 0 0 0 0
480 0 0 0 0
490 0 0 0 0
500 0 0 0 0
510 0 0 0 0
520 0 0 0 0
530 0 0 0 0
540 0 0 0 0
550 0 0 0 0
560 0 0 0 0
570 0 0 0 0
580 0 0 0 0
590 0 0 0 0
600 0 0 0 0
610 0 0 0 0
620 0 0 0 0
630 0 0 0 0
640 0 0 0 0
650 0 0 0 0
660 0 0 0 0
670 0 0 0 0
680 0 0 0 0
690 0 0 0 0
700 0 0 0 0
710 0 0 0 0
720 0 0 0 0
730 0 0 0 0
740 0 0 0 0
750 0 0 0 0
760 0 0 0 0
770 0 0 0 0
780 0 0 0 0
790 0 0 0 0
800 0 0 0 0
810 0 0 0 0
820 0 0 0 0
830 0 0 0 0
840 0 0 0 0
850 0 0 0 0
860 0 0 0 0
870 0 0 0 0
880 0 0 0 0
890 0 0 0 0
900 0 0 0 0
910 0 0 0 0
920 0.00268817 0.00268817 0.00219298 0.00219298
930 0 0 0 0
940 0 0 0 0
950 0 0 0 0
960 0 0 0 0
970 0 0 0 0
980 0 0 0 0
990 0 0 0 0
1000 0 0 0 0
1010 0 0 0 0
1020 0 0 0 0
1030 0 0 0 0
1040 0 0 0 0
1050 0 0 0 0
1060 0 0 0 0
1070 0 0 0 0
1080 0 0 0 0
1090 0 0 0 0
1100 0 0 0 0
1110 0 0 0 0
1120 0 0 0 0
1130 0 0 0 0
1140 0 0 0 0
1150 0 0 0 0
1160 0 0 0 0
1170 0 0 0 0
1180 0 0 0 0
1190 0 0 0 0
1200 0 0 0 0
1210 0 0 0 0
1220 0 0 0 0
1230 0 0 0 0
1240 0 0 0 0
1250 0 0 0 0
1260 0 0 0 0
1270 0 0 0 0
1280 0 0 0 0
1290 0 0 0 0
1300 0 0 0 0
1310 0 0 0 0
1320 0 0 0 0
1330 0 0 0 0
1340 0 0 0 0
1350 0 0 0 0
1360 0 0 0 0
1370 0 0 0 0
1380 0 0 0 0
1390 0 0 0 0
1400 0 0 0 0
1410 0 0 0 0
1420 0 0 0 0
1430 0.00268817 0.00268817 0.00219298 0.00219298
1440 0 0 0 0


DSBSynaptic_Stable
0 0 0 0 0
0.0166667 0 0 0 0
0.0333333 0 0 0 0
0.05 0 0 0 0
0.0666667 0 0 0 0
0.0833333 0.00358423 0.00358423 0.00212314 0.00212314
0.1 0.00358423 0.00358423 0.00212314 0.00212314
0.116667 0.00716846 0.00716846 0.00424628 0.00424628
0.133333 0.00994624 0.00626023 0.0060384 0.00369226
0.15 0.00994624 0.00626023 0.0060384 0.00369226
0.166667 0.012724 0.00651354 0.00783051 0.00395702
0.183333 0.0155018 0.00781627 0.00962263 0.00490984
0.2 0.019086 0.00977031 0.0117458 0.00593552
0.216667 0.019086 0.00977031 0.0117458 0.00593552
0.233333 0.025448 0.0130271 0.015661 0.00791403
0.25 0.0345878 0.0120871 0.0214382 0.00768315
0.266667 0.038172 0.0085741 0.0236312 0.00559051
0.283333 0.0417563 0.0101836 0.0257544 0.00629935
0.3 0.0417563 0.0101836 0.0257544 0.00629935
0.316667 0.0489247 0.00932761 0.0300705 0.00544561
0.333333 0.0552867 0.00639222 0.0340556 0.00387355
0.35 0.0552867 0.00639222 0.0340556 0.00387355
0.366667 0.058871 0.00311565 0.0362486 0.00168532
0.383333 0.058871 0.00311565 0.0362486 0.00168532
0.4 0.058871 0.00311565 0.0362486 0.00168532
0.416667 0.0624552 0.00654122 0.0383717 0.00339505
0.433333 0.0660394 0.0100778 0.0404949 0.00540628
0.45 0.0660394 0.0100778 0.0404949 0.00540628
0.466667 0.0660394 0.0100778 0.0404949 0.00540628
0.483333 0.0660394 0.0100778 0.0404949 0.00540628
0.5 0.0732079 0.0119176 0.044811 0.00627942
0.516667 0.0767921 0.0154707 0.0469341 0.00839688
0.533333 0.0831541 0.0124368 0.0509192 0.0064476
0.55 0.0867384 0.0118008 0.0531122 0.00597565
0.566667 0.0903226 0.0122285 0.0553052 0.006282
0.583333 0.103047 0.0135598 0.0631357 0.00683213
0.6 0.106631 0.0131997 0.0653287 0.00654823
0.616667 0.106631 0.0131997 0.0653287 0.00654823
0.633333 0.118548 0.0106208 0.0728282 0.00512591
0.65 0.12491 0.00745184 0.0768133 0.00310949
0.666667 0.127688 0.0063519 0.0786054 0.00318006
0.683333 0.137634 0.00215054 0.0847835 0.00100072
0.7 0.140412 0.00062724 0.0865756 0.00253611
0.716667 0.143996 0.00331541 0.0887686 0.00298998
0.733333 0.143996 0.00331541 0.0887686 0.00298998
0.75 0.143996 0.00331541 0.0887686 0.00298998
0.766667 0.147581 0.00295699 0.0908917 0.000883778
0.783333 0.153943 0.00367711 0.094807 0.00139694
0.8 0.153943 0.00367711 0.094807 0.00139694
0.816667 0.157527 0.00376344 0.0969999 0.000914245
0.833333 0.161111 0.0063639 0.0991231 0.00149897
0.85 0.178226 0.0104193 0.109617 0.00474423
0.866667 0.178226 0.0104193 0.109617 0.00474423
0.883333 0.18181 0.0117384 0.11174 0.00491699
0.9 0.185394 0.0138819 0.113864 0.00590434
0.916667 0.188978 0.0153226 0.116057 0.00704733
0.933333 0.189785 0.0201332 0.116388 0.0098309
0.95 0.192563 0.0173939 0.11818 0.00804418
0.966667 0.192563 0.0173939 0.11818 0.00804418
0.983333 0.199731 0.0209304 0.122496 0.0101921
1 0.203315 0.0233321 0.124619 0.011502
1.16667 0.262186 0.0245912 0.161077 0.0128576
1.33333 0.289247 0.0319761 0.177679 0.0175506
1.5 0.316308 0.0433547 0.194352 0.0250237
1.66667 0.364427 0.0441865 0.224231 0.0260459
1.83333 0.369982 0.0408862 0.227815 0.0245058
2 0.395789 0.0373054 0.244345 0.0250154
2.16667 0.421237 0.0434972 0.260216 0.0293677
2.33333 0.439158 0.0409686 0.270971 0.0268546
2.5 0.474194 0.0371604 0.292081 0.0223643
2.66667 0.512814 0.0401539 0.315314 0.0208564
2.83333 0.558602 0.0574062 0.343003 0.0301455
3 0.569355 0.0616625 0.349442 0.0322452
3.16667 0.611918 0.0620963 0.375667 0.0320428
3.33333 0.658871 0.0725313 0.404556 0.0389983
3.5 0.674373 0.0681732 0.414248 0.0363572
3.66667 0.702599 0.062104 0.431841 0.0327503
3.83333 0.724462 0.0555863 0.445449 0.0286082
4 0.741935 0.0434565 0.456533 0.0219018
4.16667 0.748297 0.0386948 0.460378 0.0172142
4.33333 0.76819 0.0456135 0.472734 0.0235649
4.5 0.791667 0.0501652 0.487144 0.0262662
4.66667 0.799194 0.0379997 0.492119 0.0207583
4.83333 0.806362 0.037326 0.496365 0.0182661
5 0.81353 0.0436777 0.500751 0.0226517
5.16667 0.824642 0.03511 0.50792 0.0201232
5.33333 0.85009 0.0279778 0.523651 0.0161484
5.5 0.852867 0.0259708 0.525443 0.0161288
5.66667 0.871953 0.0317767 0.537398 0.0219901
5.83333 0.879122 0.0336327 0.541714 0.0218804
6 0.879122 0.038943 0.541784 0.025616
6.16667 0.871953 0.0373518 0.537468 0.0256981
6.33333 0.884677 0.036597 0.545368 0.0259504
6.5 0.890233 0.0349836 0.548953 0.0267649
6.66667 0.893011 0.016257 0.550535 0.0173463
6.83333 0.906541 0.0200543 0.558836 0.0183025
7 0.920072 0.023934 0.567138 0.01952
7.16667 0.919265 0.0194097 0.566737 0.0190377
7.33333 0.933602 0.0177141 0.575299 0.0138758
7.5 0.947133 0.015546 0.583461 0.00829337
7.66667 0.94991 0.0128362 0.585183 0.00679348
7.83333 0.952688 0.010163 0.587045 0.0104917
8 0.957079 0.0185467 0.589639 0.0116408
8.16667 0.957079 0.0185467 0.589639 0.0116408
8.33333 0.96147 0.0242598 0.592163 0.0111476
8.5 0.974194 0.0206646 0.599923 0.00388862
8.66667 0.971416 0.0234145 0.598131 0.00378707
8.83333 0.955108 0.0233871 0.588108 0.00560197
9 0.957885 0.0240604 0.59004 0.0129975
9.16667 0.960663 0.0217284 0.591832 0.0132129
9.33333 0.968996 0.0156325 0.597208 0.0151677
9.5 0.968996 0.0113471 0.597138 0.0121468
9.66667 0.966219 0.0137565 0.595346 0.0110682
9.83333 0.956272 0.0114695 0.589168 0.00847159
10 0.95905 0.00869176 0.59096 0.00991189
11 0.945072 0.0152827 0.583057 0.0240593
12 0.946237 0.0284489 0.584187 0.0323362
13 0.939068 0.0306237 0.579801 0.0334171
14 0.907258 0.0255376 0.560015 0.0295512
15 0.90448 0.0259263 0.558084 0.027525
16 0.898925 0.0212167 0.554499 0.0239581
17 0.859946 0.0161611 0.530537 0.0225504
18 0.836111 0.00971758 0.515398 0.0138367
19 0.810663 0.0155638 0.499528 0.0119826
20 0.782437 0.00847426 0.482075 0.00678287
21 0.765323 0.00467412 0.47172 0.0107312
22 0.735484 0.003285 0.453396 0.0115495
23 0.726344 0.00483871 0.447618 0.00844311
24 0.694892 0.009149 0.428492 0.0142493
25 0.66147 0.011364 0.408044 0.0165055
26 0.633244 0.00523178 0.390451 0.0118815
27 0.601434 0.0124368 0.370596 0.00920814
28 0.578763 0.0125579 0.356587 0.00833203
29 0.558871 0.012419 0.34437 0.00902866
30 0.519086 0.0188575 0.319868 0.0125626
31 0.505556 0.0224272 0.311566 0.0149641
32 0.495609 0.0167735 0.305528 0.0130088
33 0.48647 0.0188046 0.299751 0.0121765
34 0.467384 0.0155243 0.287935 0.00939352
35 0.431989 0.00994624 0.266096 0.00513421
36 0.412903 0.01971 0.254141 0.00906949
37 0.397401 0.0272415 0.244379 0.012712
38 0.375538 0.0275486 0.230771 0.0120414
39 0.369176 0.0258462 0.226856 0.0107923
40 0.34095 0.0349836 0.209193 0.0166359
41 0.314695 0.0323853 0.193061 0.0153419
42 0.289247 0.0319761 0.17733 0.0153825
43 0.280108 0.0367838 0.171553 0.0184875
44 0.263799 0.0424031 0.16139 0.0221696
45 0.258244 0.0467261 0.157806 0.0249062
46 0.248297 0.0460822 0.151697 0.0246541
47 0.230376 0.0415949 0.140872 0.022197
48 0.22043 0.0459355 0.134694 0.0250406
49 0.22043 0.0459355 0.134694 0.0250406
50 0.22043 0.0459355 0.134694 0.0250406
51 0.204122 0.0388938 0.12474 0.0208902
52 0.19776 0.0418344 0.120755 0.0227793
53 0.187814 0.041298 0.114647 0.022592
54 0.184229 0.0377894 0.112524 0.0204997
55 0.173477 0.0319298 0.106085 0.0171117
56 0.170699 0.0337452 0.104293 0.0182202
57 0.154391 0.0362044 0.0941993 0.0199513
58 0.137276 0.0335829 0.0837749 0.0186257
59 0.137276 0.0335829 0.0837749 0.0186257
60 0.133692 0.0353169 0.0815819 0.019778
70 0.0732079 0.0172101 0.0447411 0.00957483
80 0.0350358 0.0137073 0.0211798 0.00806143
90 0.0350358 0.0137073 0.0211798 0.00806143
100 0.0306452 0.00764752 0.0186557 0.00428498
110 0.0107527 0.00620807 0.00650911 0.003799
120 0.0143369 0.00716846 0.00863225 0.00431782
130 0.00358423 0.00358423 0.00219298 0.00219298
140 0.00358423 0.00358423 0.00219298 0.00219298
150 0.00358423 0.00358423 0.00219298 0.00219298
160 0 0 0 0
170 0.00358423 0.00358423 0.00212314 0.00212314
180 0.00358423 0.00358423 0.00212314 0.00212314
190 0.00358423 0.00358423 0.00212314 0.00212314
200 0.00358423 0.00358423 0.00212314 0.00212314
210 0 0 0 0
220 0 0 0 0
230 0 0 0 0
240 0 0 0 0
250 0 0 0 0
260 0 0 0 0
270 0 0 0 0
280 0 0 0 0
290 0 0 0 0
300 0 0 0 0
310 0 0 0 0
320 0 0 0 0
330 0 0 0 0
340 0 0 0 0
350 0 0 0 0
360 0 0 0 0
370 0 0 0 0
380 0.00277778 0.00277778 0.00179211 0.00179211
390 0 0 0 0
400 0 0 0 0
410 0.00358423 0.00358423 0.00212314 0.00212314
420 0.00358423 0.00358423 0.00212314 0.00212314
430 0 0 0 0
440 0 0 0 0
450 0 0 0 0
460 0 0 0 0
470 0 0 0 0
480 0 0 0 0
490 0 0 0 0
500 0 0 0 0
510 0 0 0 0
520 0 0 0 0
530 0 0 0 0
540 0 0 0 0
550 0 0 0 0
560 0 0 0 0
570 0 0 0 0
580 0 0 0 0
590 0 0 0 0
600 0 0 0 0
610 0 0 0 0
620 0 0 0 0
630 0 0 0 0
640 0 0 0 0
650 0 0 0 0
660 0 0 0 0
670 0 0 0 0
680 0 0 0 0
690 0 0 0 0
700 0 0 0 0
710 0 0 0 0
720 0 0 0 0
730 0 0 0 0
740 0 0 0 0
750 0 0 0 0
760 0 0 0 0
770 0 0 0 0
780 0 0 0 0
790 0 0 0 0
800 0 0 0 0
810 0 0 0 0
820 0 0 0 0
830 0 0 0 0
840 0 0 0 0
850 0 0 0 0
860 0 0 0 0
870 0 0 0 0
880 0 0 0 0
890 0 0 0 0
900 0 0 0 0
910 0 0 0 0
920 0 0 0 0
930 0 0 0 0
940 0 0 0 0
950 0 0 0 0
960 0 0 0 0
970 0 0 0 0
980 0 0 0 0
990 0 0 0 0
1000 0 0 0 0
1010 0 0 0 0
1020 0 0 0 0
1030 0 0 0 0
1040 0 0 0 0
1050 0 0 0 0
1060 0 0 0 0
1070 0 0 0 0
1080 0 0 0 0
1090 0 0 0 0
1100 0 0 0 0
1110 0 0 0 0
1120 0 0 0 0
1130 0 0 0 0
1140 0 0 0 0
1150 0 0 0 0
1160 0 0 0 0
1170 0 0 0 0
1180 0 0 0 0
1190 0 0 0 0
1200 0 0 0 0
1210 0 0 0 0
1220 0 0 0 0
1230 0 0 0 0
1240 0 0 0 0
1250 0 0 0 0
1260 0 0 0 0
1270 0 0 0 0
1280 0 0 0 0
1290 0 0 0 0
1300 0 0 0 0
1310 0 0 0 0
1320 0 0 0 0
1330 0 0 0 0
1340 0 0 0 0
1350 0 0 0 0
1360 0 0 0 0
1370 0 0 0 0
1380 0 0 0 0
1390 0 0 0 0
1400 0 0 0 0
1410 0 0 0 0
1420 0 0 0 0
1430 0 0 0 0
1440 0.00358423 0.00358423 0.00219298 0.00219298


DSB_Residual
0 1 0 1 0
0.0166667 1 0 1 0
0.0333333 1 0 1 0
0.05 1 0 1 0
0.0666667 1 0 1 0
0.0833333 1 0 1 0
0.1 1 0 1 0
0.116667 1 0 1 0
0.133333 1 0 1 0
0.15 1 0 1 0
0.166667 1 0 1 0
0.183333 1 0 1 0
0.2 1 0 1 0
0.216667 1 0 1 0
0.233333 1 0 1 0
0.25 1 0 1 0
0.266667 1 0 1 0
0.283333 1 0 1 0
0.3 1 0 1 0
0.316667 1 0 1 0
0.333333 1 0 1 0
0.35 1 0 1 0
0.366667 1 0 1 0
0.383333 1 0 1 0
0.4 1 0 1 0
0.416667 1 0 1 0
0.433333 1 0 1 0
0.45 1 0 1 0
0.466667 1 0 1 0
0.483333 1 0 1 0
0.5 1 0 1 0
0.516667 1 0 1 0
0.533333 1 0 1 0
0.55 1 0 1 0
0.566667 1 0 1 0
0.583333 1 0 1 0
0.6 1 0 1 0
0.616667 1 0 1 0
0.633333 1 0 1 0
0.65 1 0 1 0
0.666667 1 0 1 0
0.683333 1 0 1 0
0.7 1 0 1 0
0.716667 1 0 1 0
0.733333 1 0 1 0
0.75 1 0 1 0
0.766667 1 0 1 0
0.783333 1 0 1 0
0.8 1 0 1 0
0.816667 1 0 1 0
0.833333 1 0 1 0
0.85 1 0 1 0
0.866667 1 0 1 0
0.883333 1 0 1 0
0.9 1 0 1 0
0.916667 1 0 1 0
0.933333 0.998016 0.00198413 0.998208 0.00179211
0.95 0.998016 0.00198413 0.998208 0.00179211
0.966667 0.998016 0.00198413 0.998208 0.00179211
0.983333 0.998016 0.00198413 0.998208 0.00179211
1 0.998016 0.00198413 0.998208 0.00179211
1.16667 0.998016 0.00198413 0.998208 0.00179211
1.33333 0.99315 0.00423808 0.993822 0.00381945
1.5 0.99315 0.00423808 0.993822 0.00381945
1.66667 0.990717 0.00653708 0.991629 0.00589101
1.83333 0.990717 0.00653708 0.991629 0.00589101
2 0.990717 0.00653708 0.991629 0.00589101
2.16667 0.990717 0.00653708 0.991629 0.00589101
2.33333 0.990717 0.00653708 0.991629 0.00589101
2.5 0.990717 0.00653708 0.991629 0.00589101
2.66667 0.988732 0.00632938 0.989837 0.00570515
2.83333 0.984315 0.00849817 0.985852 0.007661
3 0.981864 0.0063074 0.983729 0.00575846
3.16667 0.97698 0.00679941 0.979412 0.00623093
3.33333 0.97698 0.00679941 0.979412 0.00623093
3.5 0.974996 0.00631865 0.97762 0.0058349
3.66667 0.974996 0.00631865 0.97762 0.0058349
3.83333 0.974996 0.00631865 0.97762 0.0058349
4 0.972563 0.00859112 0.975427 0.00786858
4.16667 0.97013 0.0109329 0.973234 0.00997003
4.33333 0.965246 0.0118308 0.968918 0.0107971
4.5 0.960344 0.0100879 0.964672 0.00915237
4.66667 0.953027 0.0142696 0.958163 0.0129113
4.83333 0.944641 0.0124867 0.950594 0.0114822
5 0.936238 0.00858566 0.943094 0.00817256
5.16667 0.931821 0.0105144 0.939109 0.00995785
5.33333 0.931821 0.0105144 0.939109 0.00995785
5.5 0.929837 0.0104463 0.937317 0.00996153
5.66667 0.927386 0.00832566 0.935194 0.00808188
5.83333 0.92295 0.00618413 0.931278 0.00626928
6 0.920499 0.00419536 0.929155 0.00442886
6.16667 0.913631 0.00431923 0.923047 0.00454241
6.33333 0.913631 0.00431923 0.923047 0.00454241
6.5 0.903863 0.00755549 0.914415 0.00690115
6.66667 0.894113 0.0139498 0.905713 0.0127168
6.83333 0.892129 0.012401 0.903921 0.0114388
7 0.887227 0.0123955 0.899674 0.0109337
7.16667 0.88281 0.0125444 0.895689 0.0113159
7.33333 0.88281 0.0125444 0.895689 0.0113159
7.5 0.880376 0.0146828 0.893496 0.0133503
7.66667 0.877943 0.016901 0.891303 0.0154282
7.83333 0.873041 0.0169723 0.887057 0.0150747
8 0.871057 0.0151347 0.885265 0.0134985
8.16667 0.869073 0.0133391 0.883473 0.0119833
8.33333 0.865105 0.00996478 0.879889 0.00925452
8.5 0.862672 0.0122458 0.877696 0.0114031
8.66667 0.858704 0.00965223 0.874111 0.00948215
8.83333 0.8474 0.0077374 0.864088 0.0077164
9 0.840065 0.00937627 0.857649 0.00840576
9.16667 0.835181 0.0116388 0.853332 0.0102314
9.33333 0.832748 0.0135778 0.851139 0.0121877
9.5 0.828331 0.0139928 0.847154 0.0128749
9.66667 0.826347 0.012425 0.845362 0.011659
9.83333 0.819496 0.0157753 0.839184 0.0149918
10 0.817045 0.0150652 0.837061 0.0141018
11 0.778871 0.0249449 0.803334 0.0217589
12 0.76025 0.0282112 0.786801 0.0245434
13 0.744063 0.0299743 0.772462 0.0257905
14 0.717506 0.0254287 0.74876 0.0217087
15 0.706238 0.026756 0.738597 0.0237299
16 0.690051 0.0280877 0.724258 0.0245278
17 0.663009 0.0256736 0.700295 0.0213804
18 0.632969 0.015844 0.673271 0.0146831
19 0.615282 0.0160427 0.657401 0.0162253
20 0.588689 0.00709007 0.633839 0.00777611
21 0.572951 0.00527106 0.619901 0.00403236
22 0.552346 0.00663482 0.601576 0.00478705
23 0.543512 0.00599037 0.593606 0.00771279
24 0.519558 0.0149976 0.572356 0.0135843
25 0.496503 0.0169215 0.551908 0.0141755
26 0.47483 0.0100961 0.532523 0.00969385
27 0.450275 0.0101045 0.510545 0.0123912
28 0.43257 0.00825845 0.494744 0.0121936
29 0.418834 0.00870819 0.482527 0.0123327
30 0.389395 0.0123223 0.456232 0.0162986
31 0.380094 0.0149137 0.447931 0.0183465
32 0.373208 0.0114966 0.441893 0.0147374
33 0.366806 0.0120585 0.436116 0.0164787
34 0.353519 0.00937984 0.4243 0.014904
35 0.328928 0.00498729 0.402461 0.0122091
36 0.315676 0.0116614 0.390506 0.0182668
37 0.304858 0.0168105 0.380743 0.0230485
38 0.289586 0.0171924 0.367136 0.0236148
39 0.285151 0.0161425 0.36322 0.0226493
40 0.26548 0.0226941 0.345558 0.028605
41 0.247309 0.0211687 0.329426 0.0273755
42 0.229586 0.021521 0.313695 0.027297
43 0.220734 0.0229105 0.305795 0.028514
44 0.209466 0.0263021 0.295631 0.03221
45 0.205498 0.0296208 0.292047 0.0349788
46 0.19863 0.0292214 0.285939 0.0347265
47 0.186429 0.0255914 0.275114 0.0320818
48 0.179578 0.028324 0.268936 0.0346966
49 0.179578 0.028324 0.268936 0.0346966
50 0.179578 0.028324 0.268936 0.0346966
51 0.168257 0.0240609 0.258982 0.0308513
52 0.16384 0.0260124 0.254997 0.0326916
53 0.156972 0.0256619 0.248889 0.032483
54 0.152537 0.0248793 0.244973 0.0316979
55 0.145202 0.0206758 0.238534 0.0281522
56 0.143218 0.0222515 0.236742 0.0294404
57 0.131932 0.0237756 0.226649 0.0310378
58 0.12018 0.0215949 0.216224 0.0294
59 0.12018 0.0215949 0.216224 0.0294
60 0.117747 0.022322 0.214031 0.0301748
70 0.0760349 0.0105214 0.177191 0.0200918
80 0.0470091 0.0116004 0.151436 0.0191779
90 0.044576 0.0106202 0.149243 0.0193097
100 0.0396919 0.00824447 0.144927 0.0176663
110 0.0259376 0.00730841 0.13278 0.0149391
120 0.0235045 0.00580022 0.130588 0.0151862
130 0.0161695 0.00297612 0.124148 0.0116084
140 0.0161695 0.00297612 0.124148 0.0116084
150 0.0161695 0.00297612 0.124148 0.0116084
160 0.0137364 0.000916341 0.121955 0.0123338
170 0.0137364 0.000916341 0.121955 0.0123338
180 0.0137364 0.000916341 0.121955 0.0123338
190 0.0137364 0.000916341 0.121955 0.0123338
200 0.0137364 0.000916341 0.121955 0.0123338
210 0.0112854 0.00211442 0.119832 0.0102238
220 0.0112854 0.00211442 0.119832 0.0102238
230 0.0112854 0.00211442 0.119832 0.0102238
240 0.0112854 0.00211442 0.119832 0.0102238
250 0.0112854 0.00211442 0.119832 0.0102238
260 0.0112854 0.00211442 0.119832 0.0102238
270 0.0112854 0.00211442 0.119832 0.0102238
280 0.0112854 0.00211442 0.119832 0.0102238
290 0.0112854 0.00211442 0.119832 0.0102238
300 0.0112854 0.00211442 0.119832 0.0102238
310 0.0112854 0.00211442 0.119832 0.0102238
320 0.00930129 0.00267931 0.11804 0.0113926
330 0.00930129 0.00267931 0.11804 0.0113926
340 0.00930129 0.00267931 0.11804 0.0113926
350 0.00930129 0.00267931 0.11804 0.0113926
360 0.00930129 0.00267931 0.11804 0.0113926
370 0.00930129 0.00267931 0.11804 0.0113926
380 0.00930129 0.00267931 0.11804 0.0113926
390 0.00731716 0.00421427 0.116248 0.0127074
400 0.00731716 0.00421427 0.116248 0.0127074
410 0.00731716 0.00421427 0.116248 0.0127074
420 0.00731716 0.00421427 0.116248 0.0127074
430 0.00486618 0.00486618 0.114125 0.0107371
440 0.00486618 0.00486618 0.114125 0.0107371
450 0.00486618 0.00486618 0.114125 0.0107371
460 0.00486618 0.00486618 0.114125 0.0107371
470 0.00486618 0.00486618 0.114125 0.0107371
480 0.00486618 0.00486618 0.114125 0.0107371
490 0.00486618 0.00486618 0.114125 0.0107371
500 0.00486618 0.00486618 0.114125 0.0107371
510 0.00486618 0.00486618 0.114125 0.0107371
520 0.00486618 0.00486618 0.114125 0.0107371
530 0.00486618 0.00486618 0.114125 0.0107371
540 0.00486618 0.00486618 0.114125 0.0107371
550 0.00486618 0.00486618 0.114125 0.0107371
560 0.00486618 0.00486618 0.114125 0.0107371
570 0.00486618 0.00486618 0.114125 0.0107371
580 0.00486618 0.00486618 0.114125 0.0107371
590 0.00486618 0.00486618 0.114125 0.0107371
600 0.00486618 0.00486618 0.114125 0.0107371
610 0.00486618 0.00486618 0.114125 0.0107371
620 0.00486618 0.00486618 0.114125 0.0107371
630 0.00486618 0.00486618 0.114125 0.0107371
640 0.00486618 0.00486618 0.114125 0.0107371
650 0.00486618 0.00486618 0.114125 0.0107371
660 0.00486618 0.00486618 0.114125 0.0107371
670 0.00486618 0.00486618 0.114125 0.0107371
680 0.00486618 0.00486618 0.114125 0.0107371
690 0.00486618 0.00486618 0.114125 0.0107371
700 0.00486618 0.00486618 0.114125 0.0107371
710 0.00486618 0.00486618 0.114125 0.0107371
720 0.00486618 0.00486618 0.114125 0.0107371
730 0.00486618 0.00486618 0.114125 0.0107371
740 0.00486618 0.00486618 0.114125 0.0107371
750 0.00486618 0.00486618 0.114125 0.0107371
760 0.00486618 0.00486618 0.114125 0.0107371
770 0.00486618 0.00486618 0.114125 0.0107371
780 0.00243309 0.00243309 0.111932 0.0111848
790 0.00243309 0.00243309 0.111932 0.0111848
800 0.00243309 0.00243309 0.111932 0.0111848
810 0.00243309 0.00243309 0.111932 0.0111848
820 0.00243309 0.00243309 0.111932 0.0111848
830 0.00243309 0.00243309 0.111932 0.0111848
840 0.00243309 0.00243309 0.111932 0.0111848
850 0.00243309 0.00243309 0.111932 0.0111848
860 0.00243309 0.00243309 0.111932 0.0111848
870 0.00243309 0.00243309 0.111932 0.0111848
880 0.00243309 0.00243309 0.111932 0.0111848
890 0.00243309 0.00243309 0.111932 0.0111848
900 0.00243309 0.00243309 0.111932 0.0111848
910 0.00243309 0.00243309 0.111932 0.0111848
920 0.00243309 0.00243309 0.111932 0.0111848
930 0 0 0.109739 0.0120222
940 0 0 0.109739 0.0120222
950 0 0 0.109739 0.0120222
960 0 0 0.109739 0.0120222
970 0 0 0.109739 0.0120222
980 0 0 0.109739 0.0120222
990 0 0 0.109739 0.0120222
1000 0 0 0.109739 0.0120222
1010 0 0 0.109739 0.0120222
1020 0 0 0.109739 0.0120222
1030 0 0 0.109739 0.0120222
1040 0 0 0.109739 0.0120222
1050 0 0 0.109739 0.0120222
1060 0 0 0.109739 0.0120222
1070 0 0 0.109739 0.0120222
1080 0 0 0.109739 0.0120222
1090 0 0 0.109739 0.0120222
1100 0 0 0.109739 0.0120222
1110 0 0 0.109739 0.0120222
1120 0 0 0.109739 0.0120222
1130 0 0 0.109739 0.0120222
1140 0 0 0.109739 0.0120222
1150 0 0 0.109739 0.0120222
1160 0 0 0.109739 0.0120222
1170 0 0 0.109739 0.0120222
1180 0 0 0.109739 0.0120222
1190 0 0 0.109739 0.0120222
1200 0 0 0.109739 0.0120222
1210 0 0 0.109739 0.0120222
1220 0 0 0.109739 0.0120222
1230 0 0 0.109739 0.0120222
1240 0 0 0.109739 0.0120222
1250 0 0 0.109739 0.0120222
1260 0 0 0.109739 0.0120222
1270 0 0 0.109739 0.0120222
1280 0 0 0.109739 0.0120222
1290 0 0 0.109739 0.0120222
1300 0 0 0.109739 0.0120222
1310 0 0 0.109739 0.0120222
1320 0 0 0.109739 0.0120222
1330 0 0 0.109739 0.0120222
1340 0 0 0.109739 0.0120222
1350 0 0 0.109739 0.0120222
1360 0 0 0.109739 0.0120222
1370 0 0 0.109739 0.0120222
1380 0 0 0.109739 0.0120222
1390 0 0 0.109739 0.0120222
1400 0 0 0.109739 0.0120222
1410 0 0 0.109739 0.0120222
1420 0 0 0.109739 0.0120222
1430 0 0 0.109739 0.0120222
1440 0 0 0.109739 0.0120222


Time || Bleached_RelInit SEM_RelInit
1 0 0.0641355
2 0 0.0638212
3 0 0.0884915
4 0.0213561 0.0856844
5 0.0447201 0.0921263
6 0.0641871 0.078625
7 0.0829588 0.0780218
8 0.101778 0.0780781
9 0.108212 0.0722445
10 0.114185 0.0743307
11 0.130676 0.0726262
12 0.144903 0.0755219
13 0.148408 0.0693899
14 0.160746 0.0659449
15 0.16432 0.0736441
16 0.174445 0.076756
17 0.190544 0.0734535
18 0.198848 0.0604591
19 0.210403 0.0497309
20 0.218128 0.0537649
21 0.238584 0.0605058
22 0.248131 0.0567638
23 0.255464 0.0614497
24 0.260722 0.0679668
25 0.273313 0.061076
26 0.281822 0.063161
27 0.28754 0.0584888
28 0.290977 0.0489967
29 0.292269 0.0523019
30 0.298634 0.0556737
40 0.380319 0.0520992
50 0.436198 0.0670042
60 0.490551 0.0788835
70 0.554637 0.077926
80 0.613587 0.0707078
90 0.67039 0.075403
100 0.711744 0.0841656
110 0.736213 0.0860422
120 0.762298 0.0763913
130 0.802289 0.0763413
140 0.817999 0.0905914
150 0.861032 0.101209
160 0.899862 0.109888
170 0.919605 0.115972
180 0.91981 0.10592
190 0.941626 0.0981874
200 0.954152 0.0866458
210 0.951087 0.0807209
220 0.970503 0.0690964
230 0.970248 0.0812041
240 0.977142 0.0805936
250 0.988628 0.0673871
260 0.983881 0.0638839
270 0.968311 0.0736344
280 0.970642 0.0681852
290 0.971426 0.0606595
300 0.997906 0.0620342
310 0.991217 0.0699078
320 1 0.066368
330 0.999863 0.0748503
340 0.990777 0.0731118
350 0.985636 0.0783976
360 0.984733 0.0754819
370 0.965961 0.0562258
380 0.961809 0.0583971
390 0.961485 0.0617161
400 0.948502 0.060313
410 0.961673 0.0546888
420 0.958812 0.0481057
430 0.950234 0.0477623
440 0.93628 0.0515991
450 0.940314 0.0554381
460 0.937201 0.0554303
470 0.934733 0.0577248
480 0.917 0.0500145
490 0.92505 0.0545083
500 0.901754 0.059811
510 0.893636 0.0619359
520 0.889024 0.059983
530 0.887203 0.0606535
540 0.860706 0.0587435
550 0.873504 0.0561696
560 0.858953 0.056299
570 0.861029 0.056291
630 0.787017 0.0686137
690 0.760793 0.0830047
750 0.738653 0.0816601
810 0.690615 0.0756258
870 0.67021 0.0719064
930 0.644446 0.0641819
990 0.601734 0.0635765
1050 0.546736 0.0532967
1110 0.517842 0.0519647
1170 0.467609 0.0491731
1230 0.4445 0.051602
1290 0.408661 0.0522733
1350 0.393074 0.0502713
1410 0.349438 0.0554431
1470 0.311523 0.0585713
1530 0.273611 0.0550472
1590 0.230625 0.052675
1650 0.199723 0.0524367
1710 0.177583 0.053545
1770 0.126156 0.0560949
1830 0.109921 0.0583052
1890 0.0981112 0.0564826
1950 0.0868123 0.0557684
2010 0.0637037 0.0536703
2070 0.0209916 0.051418
2130 0 0.0534566
2190 0 0.0562235
2250 0 0.0542802
2310 0 0.0532658
2370 0 0.0587394
2430 0 0.0573763
2490 0 0.0574179
2550 0 0.0606781
2610 0 0.0652262
2670 0 0.0689
2730 0 0.0685524
2790 0 0.0652618
2850 0 0.0690862
2910 0 0.0690862
2970 0 0.0690862
3030 0 0.0635903
3090 0 0.0660248
3150 0 0.0667889
3210 0 0.0640594
3270 0 0.0601348
3330 0 0.0613678
3390 0 0.0633937
3450 0 0.0618317
3510 0 0.0618317
3570 0 0.0631856
4170 0 0.053356
4770 0 0.0506811
5370 0 0.0517559
5970 0 0.0498803
6570 0 0.0497294
7170 0 0.0485471
7770 0 0.047999
8370 0 0.047999
8970 0 0.047999
9570 0 0.047807
10170 0 0.0460509
10770 0 0.0460509
11370 0 0.0460509
11970 0 0.0460509
12570 0 0.0458634
13170 0 0.0458634
13770 0 0.0458634
14370 0 0.0458634
14970 0 0.0442252
15570 0 0.0458634
16170 0 0.0458634
16770 0 0.0458634
17370 0 0.0458634
17970 0 0.0458634
18570 0 0.0470358
19170 0 0.046905
19770 0 0.046905
20370 0 0.046905
20970 0 0.046905
21570 0 0.046905
22170 0 0.046905
22770 0 0.0483071
23370 0 0.0481798
23970 0 0.0481798
24570 0 0.0464957
25170 0 0.0464957
25770 0 0.0463099
26370 0 0.0463099
26970 0 0.0463099
27570 0 0.0463099
28170 0 0.0463099
28770 0 0.0463099
29370 0 0.0463099
29970 0 0.0463099
30570 0 0.0463099
31170 0 0.0463099
31770 0 0.0463099
32370 0 0.0463099
32970 0 0.0463099
33570 0 0.0463099
34170 0 0.0463099
34770 0 0.0463099
35370 0 0.0463099
35970 0 0.0463099
36570 0 0.0463099
37170 0 0.0463099
37770 0 0.0463099
38370 0 0.0463099
38970 0 0.0463099
39570 0 0.0463099
40170 0 0.0463099
40770 0 0.0463099
41370 0 0.0463099
41970 0 0.0463099
42570 0 0.0463099
43170 0 0.0463099
43770 0 0.0463099
44370 0 0.0463099
44970 0 0.0463099
45570 0 0.0463099
46170 0 0.0463099
46770 0 0.0467134
47370 0 0.0467134
47970 0 0.0467134
48570 0 0.0467134
49170 0 0.0467134
49770 0 0.0467134
50370 0 0.0467134
50970 0 0.0467134
51570 0 0.0467134
52170 0 0.0467134
52770 0 0.0467134
53370 0 0.0467134
53970 0 0.0467134
54570 0 0.0467134
55170 0 0.0450432
55770 0 0.0448386
56370 0 0.0448386
56970 0 0.0448386
57570 0 0.0448386
58170 0 0.0448386
58770 0 0.0448386
59370 0 0.0448386
59970 0 0.0448386
60570 0 0.0448386
61170 0 0.0448386
61770 0 0.0448386
62370 0 0.0448386
62970 0 0.0448386
63570 0 0.0448386
64170 0 0.0448386
64770 0 0.0448386
65370 0 0.0448386
65970 0 0.0448386
66570 0 0.0448386
67170 0 0.0448386
67770 0 0.0448386
68370 0 0.0448386
68970 0 0.0448386
69570 0 0.0448386
70170 0 0.0448386
70770 0 0.0448386
71370 0 0.0448386
71970 0 0.0448386
72570 0 0.0448386
73170 0 0.0448386
73770 0 0.0448386
74370 0 0.0448386
74970 0 0.0448386
75570 0 0.0448386
76170 0 0.0448386
76770 0 0.0448386
77370 0 0.0448386
77970 0 0.0448386
78570 0 0.0448386
79170 0 0.0448386
79770 0 0.0448386
80370 0 0.0448386
80970 0 0.0448386
81570 0 0.0448386
82170 0 0.0448386
82770 0 0.0448386
83370 0 0.0448386
83970 0 0.0448386
84570 0 0.0448386
85170 0 0.0448386
85770 0 0.0439411
86370 0 0.0439411


Original_Seperation_of_Misrepair
# Separation (nm) | Normalised Frequency
20.8 1
410.8 1


Time_of_Misrepair_Interactions
# Time of Interaction (s) | Normalised Frequency
9.00004 1
145.001 1
4277.02 1
4304.02 1
4356.02 1
4431.02 1


MSD_of_DSB
# Time (s) | MSD


Displacement_at_End
# Displacement (nm) | Normalised Frequency
31.2 0.166667
52 0.333333
80.6 0.166667
83.2 0.333333
88.4 0.166667
119.6 0.333333
124.8 0.166667
130 0.166667
132.6 0.166667
135.2 0.166667
143 0.333333
150.8 0.333333
156 0.166667
158.6 0.0833333
161.2 0.333333
163.8 0.166667
169 0.166667
171.6 0.0833333
176.8 0.166667
179.4 0.166667
182 0.166667
187.2 0.333333
192.4 0.166667
197.6 0.166667
202.8 0.166667
205.4 0.333333
208 0.166667
213.2 0.25
221 0.0833333
231.4 0.666667
234 0.833333
236.6 0.166667
239.2 0.166667
244.4 0.0833333
249.6 0.166667
252.2 0.166667
257.4 0.25
260 0.166667
265.2 0.333333
267.8 0.0833333
270.4 0.833333
275.6 0.166667
286 0.166667
291.2 0.25
296.4 0.0833333
304.2 0.166667
306.8 0.166667
312 0.25
314.6 0.25
317.2 0.0833333
319.8 0.25
322.4 0.25
327.6 0.666667
332.8 0.25
335.4 0.0833333
340.6 0.0833333
345.8 0.166667
348.4 0.166667
351 0.416667
353.6 0.333333
356.2 0.166667
358.8 0.5
361.4 0.333333
364 0.333333
369.2 0.333333
374.4 0.25
377 0.166667
379.6 0.416667
384.8 0.166667
387.4 0.166667
392.6 0.5
395.2 0.5
397.8 0.166667
400.4 0.166667
403 0.333333
408.2 0.333333
410.8 0.5
413.4 0.416667
418.6 0.166667
421.2 0.333333
423.8 0.166667
429 0.25
434.2 0.166667
439.4 0.0833333
457.6 0.0833333
460.2 0.166667
462.8 0.166667
468 0.416667
470.6 0.666667
473.2 0.333333
475.8 0.416667
478.4 0.5
481 0.416667
483.6 0.583333
486.2 0.166667
488.8 0.333333
491.4 0.25
494 0.166667
496.6 0.166667
499.2 0.333333
507 0.333333
517.4 0.166667
527.8 0.0833333
530.4 0.0833333
533 0.166667
538.2 0.333333
540.8 0.416667
543.4 0.166667
548.6 0.5
553.8 0.333333
559 0.333333
561.6 0.166667
566.8 0.166667
572 0.25
574.6 0.166667
577.2 0.25
585 0.166667
590.2 0.25
592.8 0.166667
598 0.25
600.6 0.166667
605.8 0.25
608.4 0.583333
611 0.0833333
616.2 0.333333
618.8 0.166667
621.4 0.0833333
624 0.0833333
626.6 0.166667
629.2 0.333333
631.8 0.166667
634.4 0.333333
639.6 0.0833333
644.8 1
655.2 0.0833333
657.8 0.166667
660.4 0.416667
663 0.166667
665.6 0.333333
670.8 0.416667
673.4 0.333333
681.2 0.166667
686.4 0.5
689 0.166667
691.6 0.333333
694.2 0.25
696.8 0.166667
712.4 0.333333
717.6 0.166667
722.8 0.166667
725.4 0.333333
728 0.166667
730.6 0.333333
733.2 0.333333
738.4 0.0833333
741 0.166667
743.6 1
746.2 0.333333
748.8 0.166667
756.6 0.166667
759.2 0.0833333
761.8 0.166667
767 0.5
769.6 0.166667
774.8 0.333333
780 0.333333
785.2 0.166667
790.4 0.166667
793 0.333333
795.6 0.5
798.2 0.0833333
800.8 0.333333
803.4 0.166667
806 0.25
808.6 0.333333
819 0.166667
824.2 0.0833333
829.4 0.333333
832 0.166667
834.6 0.166667
837.2 0.166667
842.4 0.25
845 0.25
855.4 0.333333
858 0.25
865.8 0.166667
868.4 0.166667
876.2 0.166667
878.8 0.166667
881.4 0.166667
884 0.25
886.6 0.166667
894.4 0.0833333
899.6 0.333333
904.8 0.0833333
907.4 0.166667
915.2 0.25
923 0.25
925.6 0.166667
928.2 0.166667
930.8 0.166667
933.4 0.333333
936 0.166667
941.2 0.166667
946.4 0.166667
954.2 0.25
964.6 0.166667
967.2 0.166667
975 0.666667
977.6 0.166667
982.8 0.25
988 0.0833333
990.6 0.0833333
995.8 0.166667
1001 0.333333
1003.6 0.166667
1011.4 0.166667
1016.6 0.166667
1019.2 0.0833333
1021.8 0.333333
1024.4 0.0833333
1027 0.333333
1032.2 0.166667
1037.4 0.0833333
1040 0.166667
1045.2 0.333333
1050.4 0.166667
1053 0.333333
1055.6 0.166667
1060.8 0.166667
1063.4 0.166667
1066 0.166667
1068.6 0.0833333
1076.4 0.166667
1081.6 0.166667
1089.4 0.166667
1094.6 0.0833333
1097.2 0.166667
1099.8 0.166667
1107.6 0.166667
1118 0.0833333
1120.6 0.166667
1123.2 0.333333
1131 0.25
1133.6 0.333333
1136.2 0.166667
1154.4 0.166667
1157 0.333333
1167.4 0.166667
1170 0.166667
1175.2 0.166667
1183 0.333333
1185.6 0.333333
1188.2 0.333333
1193.4 0.0833333
1196 0.166667
1198.6 0.166667
1206.4 0.166667
1209 0.166667
1211.6 0.166667
1216.8 0.166667
1224.6 0.0833333
1229.8 0.333333
1237.6 0.166667
1240.2 0.166667
1245.4 0.333333
1250.6 0.0833333
1255.8 0.166667
1263.6 0.166667
1266.2 0.166667
1268.8 0.166667
1271.4 0.333333
1281.8 0.166667
1297.4 0.166667
1302.6 0.0833333
1305.2 0.416667
1313 0.166667
1315.6 0.333333
1318.2 0.166667
1320.8 0.25
1323.4 0.166667
1328.6 0.166667
1331.2 0.166667
1333.8 0.166667
1349.4 0.166667
1354.6 0.166667
1357.2 0.166667
1365 0.166667
1372.8 0.166667
1380.6 0.333333
1388.4 0.166667
1391 0.166667
1396.2 0.166667
1398.8 0.333333
1406.6 0.166667
1419.6 0.166667
1435.2 0.166667
1443 0.166667
1448.2 0.166667
1450.8 0.0833333
1469 0.166667
1476.8 0.166667
1479.4 0.166667
1482 0.0833333
1487.2 0.166667
1492.4 0.0833333
1500.2 0.166667
1505.4 0.166667
1518.4 0.0833333
1523.6 0.166667
1526.2 0.166667
1531.4 0.166667
1541.8 0.0833333
1547 0.166667
1562.6 0.25
1565.2 0.166667
1570.4 0.0833333
1573 0.333333
1601.6 0.166667
1606.8 0.166667
1612 0.0833333
1614.6 0.166667
1617.2 0.0833333
1625 0.166667
1635.4 0.166667
1638 0.166667
1645.8 0.166667
1648.4 0.166667
1656.2 0.166667
1661.4 0.166667
1664 0.166667
1684.8 0.333333
1726.4 0.166667
1729 0.0833333
1742 0.333333
1747.2 0.333333
1768 0.166667
1775.8 0.166667
1804.4 0.333333
1807 0.166667
1830.4 0.166667
1843.4 0.166667
1848.6 0.166667
1877.2 0.166667
1890.2 0.166667
1905.8 0.0833333
1911 0.166667
1918.8 0.0833333
1931.8 0.0833333
1944.8 0.166667
1968.2 0.166667
2015 0.166667
2020.2 0.166667
2043.6 0.0833333
2067 0.166667
2087.8 0.0833333
2116.4 0.166667
2132 0.0833333
2249 0.166667
2256.8 0.166667
2262 0.166667
2319.2 0.166667
2379 0.166667
2397.2 0.166667
2529.8 0.166667
2623.4 0.166667
2740.4 0.166667
2860 0.25
2919.8 0.0833333
3122.6 0.166667
3242.2 0.166667
3328 0.166667
3889.6 0.0833333
3959.8 0.0833333


Displacement_of_ResidualEnds
171.6 0.5
213.2 0.5
221 0.5
244.4 0.5
257.4 0.5
267.8 0.5
291.2 0.5
312 0.5
314.6 0.5
317.2 0.5
319.8 0.5
322.4 0.5
332.8 0.5
335.4 0.5
340.6 0.5
351 0.5
374.4 0.5
379.6 0.5
395.2 1
413.4 0.5
429 0.5
439.4 0.5
457.6 0.5
468 0.5
475.8 0.5
481 0.5
483.6 0.5
491.4 0.5
527.8 0.5
530.4 0.5
540.8 0.5
572 0.5
577.2 0.5
590.2 0.5
598 0.5
605.8 0.5
608.4 0.5
611 0.5
621.4 0.5
624 0.5
639.6 0.5
644.8 1
655.2 0.5
660.4 0.5
670.8 0.5
694.2 0.5
730.6 1
738.4 0.5
759.2 0.5
798.2 0.5
806 0.5
824.2 0.5
842.4 0.5
845 0.5
855.4 1
858 0.5
884 0.5
894.4 0.5
904.8 0.5
915.2 0.5
923 0.5
954.2 0.5
982.8 0.5
988 0.5
990.6 0.5
1019.2 0.5
1021.8 1
1024.4 0.5
1037.4 0.5
1068.6 0.5
1094.6 0.5
1118 0.5
1131 0.5
1193.4 0.5
1224.6 0.5
1250.6 0.5
1302.6 0.5
1305.2 0.5
1320.8 0.5
1450.8 0.5
1482 0.5
1492.4 0.5
1518.4 0.5
1541.8 0.5
1562.6 0.5
1570.4 0.5
1612 0.5
1614.6 1
1617.2 0.5
1729 0.5
1905.8 0.5
1918.8 0.5
1931.8 0.5
2043.6 0.5
2087.8 0.5
2132 0.5
2860 0.5
2919.8 0.5
3889.6 0.5
3959.8 0.5


Displacement_of_ResidualSyn
1055.6 1


