#Time	DSBEnd	DSBEnd_Inhibited	DSBEnd_Ku	DSBEnd_PKcs	DSBSynaptic	DSBSynaptic_Stable	DSB_Fixed	Unrepaired
0	372	0	0	0	0	0	0	372
1	60	161	79	54	9	0	0	372
2	29	164	59	76	22	0	0	372
3	21	152	38	87	37	0	0	372
4	16	138	32	88	49	0	0	372
5	23	120	24	87	59	0	0	372
6	13	113	27	87	66	0	0	372
7	12	102	21	87	75	0	0	372
8	11	91	18	86	82	1	0	372
9	5	88	16	81	90	1	0	372
10	4	79	14	75	98	2	0	372
11	9	66	11	66	107	3	0	372
12	5	59	9	63	115	3	0	372
13	10	51	7	60	119	3	0	372
14	10	47	5	56	123	4	0	372
15	3	48	5	52	126	6	0	372
16	6	42	4	46	131	6	0	372
17	6	40	7	47	130	6	0	372
18	7	36	5	48	132	6	0	372
19	7	34	3	44	136	6	0	372
20	5	30	5	42	138	7	0	372
21	1	34	5	40	139	7	0	372
22	6	29	7	40	138	7	0	372
23	2	31	3	40	141	7	0	372
24	7	24	4	43	140	7	0	372
25	3	25	6	38	143	7	0	372
26	4	25	3	36	145	7	0	372
27	9	26	3	34	143	7	0	372
28	4	24	6	34	145	7	0	372
29	5	20	5	36	146	7	0	372
30	6	19	7	38	144	7	0	372
31	6	20	5	37	145	7	0	372
32	3	20	6	39	144	8	0	372
33	3	18	5	36	147	8	0	372
34	4	15	4	37	148	8	0	372
35	1	15	2	42	146	10	0	372
36	3	12	1	40	148	10	0	372
37	3	11	1	39	149	10	0	372
38	2	11	0	37	148	13	0	372
39	2	12	1	37	146	14	0	372
40	3	11	0	38	145	15	0	372
41	3	11	1	39	143	16	0	372
42	0	11	2	41	142	17	0	372
43	1	10	2	39	143	17	0	372
44	2	8	4	40	142	17	0	372
45	1	9	2	38	144	17	0	372
46	3	8	2	37	144	17	0	372
47	3	9	1	39	142	18	0	372
48	4	8	4	40	140	18	0	372
49	3	10	2	41	140	18	0	372
50	1	10	4	41	140	18	0	372
51	1	8	4	43	139	19	0	372
52	4	9	3	42	138	19	0	372
53	6	9	4	41	137	19	0	372
54	6	12	6	42	134	19	0	372
55	4	15	2	47	133	19	0	372
56	0	16	3	47	134	18	1	370
57	4	13	2	47	133	19	1	370
58	1	14	2	49	133	19	1	370
59	2	14	1	49	133	19	1	370
60	2	14	1	49	133	19	1	370
70	2	12	7	51	123	26	1	370
80	5	12	3	50	122	28	1	370
90	2	9	4	51	122	30	1	370
100	0	4	1	51	120	37	1	370
110	1	9	1	49	116	39	1	370
120	2	8	1	53	106	47	1	370
130	2	8	3	55	100	51	1	370
140	1	6	6	55	100	51	1	370
150	2	4	2	48	105	52	1	370
160	2	5	1	52	101	53	2	368
170	0	14	1	51	96	54	3	366
180	1	11	4	58	92	54	3	366
190	1	5	0	54	94	59	3	366
200	2	8	0	54	88	63	3	366
210	2	6	2	58	82	66	4	364
220	3	3	2	54	80	71	4	364
230	1	4	3	58	74	75	4	364
240	1	9	0	58	68	80	4	364
250	1	2	2	59	69	81	4	364
260	0	4	0	58	68	83	4	364
270	0	7	0	59	64	85	4	364
280	0	4	0	60	61	89	4	364
290	0	4	1	59	58	89	7	358
300	0	2	0	60	56	89	10	352
310	0	4	1	59	50	93	11	350
320	2	4	1	57	46	97	11	350
330	0	3	2	59	44	98	12	348
340	0	4	0	58	42	101	12	348
350	1	3	0	58	41	101	13	346
360	0	3	1	58	41	101	13	346
370	1	5	0	58	39	101	14	344
380	0	3	1	62	36	103	14	344
390	0	1	0	61	36	105	14	344
400	1	0	1	60	35	106	14	344
410	0	0	0	58	35	107	15	342
420	0	1	0	59	33	108	15	342
430	0	3	1	60	29	109	16	340
440	1	2	0	61	29	109	16	340
450	0	1	0	59	30	110	16	340
460	1	0	0	59	29	111	16	340
470	1	1	3	61	25	112	16	340
480	0	1	1	60	27	111	17	338
490	2	1	2	61	24	111	18	336
500	0	0	0	58	27	110	20	332
510	0	3	1	58	23	112	20	332
520	0	1	0	57	24	111	22	328
530	1	1	0	58	23	109	24	324
540	0	3	0	57	22	110	24	324
550	1	1	0	58	21	111	24	324
560	0	3	0	57	18	114	24	324
570	1	3	0	58	16	114	25	322
580	0	2	0	58	17	113	26	320
590	0	0	1	57	18	112	27	318
600	0	1	0	57	17	113	27	318
660	0	2	0	54	12	117	29	314
720	0	1	0	55	7	120	31	310
780	0	0	0	56	5	120	33	306
840	0	1	0	57	3	115	39	294
900	0	0	0	56	3	114	41	290
960	0	0	0	56	3	112	43	286
1020	0	0	0	54	4	107	48	276
1080	0	0	0	52	2	101	57	258
1140	0	0	0	50	3	97	61	250
1200	0	0	0	48	3	92	67	238
1260	0	0	0	48	1	91	70	232
1320	0	0	0	48	1	88	73	226
1380	0	0	0	48	1	86	75	222
1440	0	0	0	48	1	85	76	220
1500	0	0	0	48	1	82	79	214
1560	0	0	0	46	1	77	85	202
1620	0	0	0	44	2	72	90	192
1680	1	0	0	45	0	69	94	184
1740	0	0	0	44	1	67	96	180
1800	0	0	0	44	0	63	101	170
1860	0	0	0	44	0	62	102	168
1920	0	0	0	44	0	61	103	166
1980	0	0	0	44	0	59	105	162
2040	0	0	0	44	0	56	108	156
2100	0	0	0	44	0	51	113	146
2160	0	0	0	44	0	48	116	140
2220	0	0	0	44	0	45	119	134
2280	0	0	0	44	0	41	123	126
2340	0	0	0	44	0	40	124	124
2400	0	0	0	44	0	35	129	114
2460	0	0	0	44	0	32	132	108
2520	0	0	0	44	0	28	136	100
2580	0	0	0	44	0	26	138	96
2640	0	0	0	44	0	24	140	92
2700	0	0	0	44	0	22	142	88
2760	0	0	0	44	0	21	143	86
2820	0	0	0	44	0	21	143	86
2880	0	0	0	44	0	20	144	84
2940	0	0	0	44	0	20	144	84
3000	0	0	0	44	0	20	144	84
3060	0	0	0	44	0	18	146	80
3120	0	0	0	44	0	17	147	78
3180	0	0	0	42	1	16	148	76
3240	0	0	0	42	0	16	149	74
3300	0	0	0	42	0	16	149	74
3360	0	0	0	42	0	15	150	72
3420	0	0	0	42	0	13	152	68
3480	0	0	0	42	0	12	153	66
3540	0	0	0	42	0	12	153	66
3600	0	0	0	42	0	12	153	66
4200	0	0	0	42	0	7	158	56
4800	0	0	0	42	0	1	164	44
5400	0	0	0	40	1	1	164	44
6000	0	0	0	40	0	2	164	44
6600	0	0	0	40	0	0	166	40
7200	0	0	0	40	0	0	166	40
7800	0	0	0	40	0	0	166	40
8400	0	0	0	40	0	0	166	40
9000	0	0	0	40	0	0	166	40
9600	0	0	0	40	0	0	166	40
10200	0	0	0	40	0	0	166	40
10800	0	0	0	40	0	0	166	40
11400	0	0	0	40	0	0	166	40
12000	0	0	0	40	0	0	166	40
12600	0	0	0	40	0	0	166	40
13200	0	0	0	40	0	0	166	40
13800	0	0	0	40	0	0	166	40
14400	0	0	0	40	0	0	166	40
15000	0	0	0	40	0	0	166	40
15600	0	0	0	40	0	0	166	40
16200	0	0	0	40	0	0	166	40
16800	0	0	0	40	0	0	166	40
17400	0	0	0	40	0	0	166	40
18000	0	0	0	40	0	0	166	40
18600	0	0	0	38	1	0	166	40
19200	0	0	0	38	0	0	167	38
19800	0	0	0	38	0	0	167	38
20400	0	0	0	38	0	0	167	38
21000	0	0	0	38	0	0	167	38
21600	0	0	0	38	0	0	167	38
22200	0	0	0	38	0	0	167	38
22800	0	0	0	36	0	1	167	38
23400	0	0	0	36	0	0	168	36
24000	0	0	0	36	0	0	168	36
24600	0	0	0	36	0	0	168	36
25200	0	0	0	36	0	0	168	36
25800	0	0	0	36	0	0	168	36
26400	0	0	0	36	0	0	168	36
27000	0	0	0	36	0	0	168	36
27600	0	0	0	36	0	0	168	36
28200	0	0	0	36	0	0	168	36
28800	0	0	0	36	0	0	168	36
29400	0	0	0	36	0	0	168	36
30000	0	0	0	36	0	0	168	36
30600	0	0	0	36	0	0	168	36
31200	0	0	0	36	0	0	168	36
31800	0	0	0	36	0	0	168	36
32400	0	0	0	36	0	0	168	36
33000	0	0	0	36	0	0	168	36
33600	0	0	0	36	0	0	168	36
34200	0	0	0	36	0	0	168	36
34800	0	0	0	36	0	0	168	36
35400	0	0	0	36	0	0	168	36
36000	0	0	0	36	0	0	168	36
36600	0	0	0	36	0	0	168	36
37200	0	0	0	36	0	0	168	36
37800	0	0	0	36	0	0	168	36
38400	0	0	0	36	0	0	168	36
39000	0	0	0	36	0	0	168	36
39600	0	0	0	36	0	0	168	36
40200	0	0	0	36	0	0	168	36
40800	0	0	0	36	0	0	168	36
41400	0	0	0	36	0	0	168	36
42000	0	0	0	36	0	0	168	36
42600	0	0	0	36	0	0	168	36
43200	0	0	0	36	0	0	168	36
43800	0	0	0	36	0	0	168	36
44400	0	0	0	36	0	0	168	36
45000	0	0	0	36	0	0	168	36
45600	0	0	0	36	0	0	168	36
46200	0	0	0	36	0	0	168	36
46800	0	0	0	36	0	0	168	36
47400	0	0	0	36	0	0	168	36
48000	0	0	0	36	0	0	168	36
48600	0	0	0	36	0	0	168	36
49200	0	0	0	36	0	0	168	36
49800	0	0	0	36	0	0	168	36
50400	0	0	0	36	0	0	168	36
51000	0	0	0	36	0	0	168	36
51600	0	0	0	36	0	0	168	36
52200	0	0	0	36	0	0	168	36
52800	0	0	0	36	0	0	168	36
53400	0	0	0	36	0	0	168	36
54000	0	0	0	36	0	0	168	36
54600	0	0	0	36	0	0	168	36
55200	0	0	0	36	0	0	168	36
55800	0	0	0	36	0	0	168	36
56400	0	0	0	36	0	0	168	36
57000	0	0	0	36	0	0	168	36
57600	0	0	0	36	0	0	168	36
58200	0	0	0	36	0	0	168	36
58800	0	0	0	36	0	0	168	36
59400	0	0	0	36	0	0	168	36
60000	0	0	0	36	0	0	168	36
60600	0	0	0	36	0	0	168	36
61200	0	0	0	36	0	0	168	36
61800	0	0	0	36	0	0	168	36
62400	0	0	0	36	0	0	168	36
63000	0	0	0	36	0	0	168	36
63600	0	0	0	36	0	0	168	36
64200	0	0	0	36	0	0	168	36
64800	0	0	0	36	0	0	168	36
65400	0	0	0	36	0	0	168	36
66000	0	0	0	36	0	0	168	36
66600	0	0	0	36	0	0	168	36
67200	0	0	0	36	0	0	168	36
67800	0	0	0	36	0	0	168	36
68400	0	0	0	36	0	0	168	36
69000	0	0	0	36	0	0	168	36
69600	0	0	0	36	0	0	168	36
70200	0	0	0	36	0	0	168	36
70800	0	0	0	36	0	0	168	36
71400	0	0	0	36	0	0	168	36
72000	0	0	0	36	0	0	168	36
72600	0	0	0	36	0	0	168	36
73200	0	0	0	36	0	0	168	36
73800	0	0	0	36	0	0	168	36
74400	0	0	0	36	0	0	168	36
75000	0	0	0	36	0	0	168	36
75600	0	0	0	36	0	0	168	36
76200	0	0	0	36	0	0	168	36
76800	0	0	0	36	0	0	168	36
77400	0	0	0	36	0	0	168	36
78000	0	0	0	36	0	0	168	36
78600	0	0	0	36	0	0	168	36
79200	0	0	0	36	0	0	168	36
79800	0	0	0	36	0	0	168	36
80400	0	0	0	36	0	0	168	36
81000	0	0	0	36	0	0	168	36
81600	0	0	0	36	0	0	168	36
82200	0	0	0	36	0	0	168	36
82800	0	0	0	36	0	0	168	36
83400	0	0	0	36	0	0	168	36
84000	0	0	0	36	0	0	168	36
84600	0	0	0	36	0	0	168	36
85200	0	0	0	36	0	0	168	36
85800	0	0	0	36	0	0	168	36
86400	0	0	0	36	0	0	168	36


#Time	DSBEnd	DSBEnd_Inhibited	DSBEnd_Ku	DSBEnd_PKcs	DSBSynaptic	DSBSynaptic_Stable	DSB_Fixed	Unrepaired
0	304	0	0	0	0	0	0	304
1	54	135	72	43	0	0	0	304
2	30	127	52	69	13	0	0	304
3	15	122	35	78	27	0	0	304
4	15	107	29	81	36	0	0	304
5	15	96	17	80	48	0	0	304
6	8	90	16	78	56	0	0	304
7	10	79	10	73	66	0	0	304
8	11	71	14	70	69	0	0	304
9	9	64	13	64	77	0	0	304
10	4	61	12	61	83	0	0	304
11	7	47	14	56	90	0	0	304
12	2	42	10	52	99	0	0	304
13	6	35	8	53	101	0	0	304
14	2	35	4	51	106	0	0	304
15	4	31	2	47	109	1	0	304
16	6	27	7	46	107	2	0	304
17	5	28	3	40	112	2	0	304
18	8	24	5	39	112	2	0	304
19	3	27	1	39	114	3	0	304
20	3	20	7	38	114	4	0	304
21	4	15	9	36	116	4	0	304
22	1	18	4	35	118	5	0	304
23	2	20	4	34	117	5	0	304
24	3	17	3	33	119	5	0	304
25	4	12	7	31	120	5	0	304
26	3	15	3	29	122	5	0	304
27	3	13	5	29	122	5	0	304
28	2	11	3	30	124	5	0	304
29	3	13	1	29	124	5	0	304
30	4	12	2	32	121	6	0	304
31	3	10	3	32	122	6	0	304
32	1	12	2	31	122	7	0	304
33	3	8	3	30	122	8	0	304
34	0	8	4	30	122	9	0	304
35	1	7	3	29	123	9	0	304
36	3	6	4	29	121	10	0	304
37	2	7	3	30	121	10	0	304
38	2	6	4	30	121	10	0	304
39	3	7	3	29	120	11	0	304
40	2	8	4	28	120	11	0	304
41	0	7	4	29	119	13	0	304
42	2	5	1	28	121	13	0	304
43	1	8	3	28	118	14	0	304
44	2	7	0	29	119	14	0	304
45	0	8	0	28	120	14	0	304
46	2	7	2	27	119	14	0	304
47	0	9	1	28	119	14	0	304
48	3	8	1	28	118	14	0	304
49	3	8	4	29	115	15	0	304
50	3	6	5	28	116	15	0	304
51	0	7	3	26	116	18	0	304
52	1	6	1	28	116	18	0	304
53	0	7	1	28	116	18	0	304
54	2	6	2	26	116	18	0	304
55	1	7	4	26	114	19	0	304
56	2	7	2	27	114	19	0	304
57	1	8	0	29	114	19	0	304
58	3	8	0	29	113	19	0	304
59	4	5	4	29	111	20	0	304
60	2	5	4	29	112	20	0	304
70	1	9	1	29	104	28	0	304
80	0	7	3	28	99	32	2	300
90	2	6	1	31	93	37	2	300
100	0	5	1	32	88	42	3	298
110	2	6	0	34	86	42	3	298
120	1	6	0	35	85	43	3	298
130	0	2	0	30	87	46	3	298
140	1	0	0	29	86	48	3	298
150	2	5	1	32	78	51	3	298
160	0	6	0	34	75	54	3	298
170	0	6	1	33	68	60	4	296
180	0	4	4	36	65	61	4	296
190	1	4	1	34	62	65	5	294
200	0	2	0	34	57	72	5	294
210	0	2	1	33	56	73	5	294
220	0	3	0	33	54	75	5	294
230	0	6	0	34	51	76	5	294
240	2	6	3	35	47	76	6	292
250	1	5	1	37	48	75	7	290
260	1	5	0	36	44	79	8	288
270	0	2	1	39	41	82	8	288
280	0	1	0	37	42	81	10	284
290	2	1	0	35	41	81	11	282
300	0	2	0	34	40	83	11	282
310	0	2	1	37	37	83	12	280
320	0	3	0	37	36	84	12	280
330	1	2	0	37	36	84	12	280
340	2	3	3	38	30	87	12	280
350	0	1	0	37	33	88	12	280
360	0	3	0	37	31	89	12	280
370	0	1	0	39	31	88	13	278
380	0	3	3	40	27	89	13	278
390	0	1	0	39	28	89	15	274
400	0	1	0	41	27	86	18	268
410	0	1	0	41	25	88	18	268
420	0	1	0	39	24	90	18	268
430	0	0	0	40	24	89	19	266
440	0	1	0	41	22	90	19	266
450	1	0	0	43	20	90	20	264
460	2	1	0	41	20	89	21	262
470	0	2	2	42	18	90	21	262
480	0	1	0	41	18	92	21	262
490	0	0	0	40	19	92	21	262
500	0	1	0	41	17	93	21	262
510	1	3	0	42	15	92	22	260
520	1	1	1	43	15	92	22	260
530	0	1	0	41	17	91	23	258
540	0	0	1	41	14	93	24	256
550	0	1	2	43	11	93	25	254
560	0	1	1	42	11	93	26	252
570	0	6	1	41	9	92	27	250
580	0	2	0	42	11	92	27	250
590	0	3	0	43	10	90	29	246
600	0	1	2	41	11	90	29	246
660	0	3	1	44	6	87	35	234
720	0	1	0	37	8	87	38	228
780	0	1	0	41	6	85	40	224
840	0	0	0	42	6	82	43	218
900	2	0	1	45	2	80	46	212
960	0	0	0	44	2	80	48	208
1020	0	0	0	40	4	78	50	204
1080	0	1	0	41	1	76	54	196
1140	0	0	0	40	2	73	57	190
1200	0	0	0	40	1	73	58	188
1260	0	0	0	40	1	72	59	186
1320	0	0	0	40	1	69	62	180
1380	0	0	0	40	0	68	64	176
1440	0	0	0	40	0	63	69	166
1500	0	0	0	40	0	60	72	160
1560	0	0	0	40	0	58	74	156
1620	0	0	0	40	0	54	78	148
1680	0	0	0	40	0	52	80	144
1740	0	0	0	40	0	50	82	140
1800	0	0	0	40	0	45	87	130
1860	0	0	0	40	0	43	89	126
1920	0	0	0	40	0	43	89	126
1980	0	0	0	40	0	42	90	124
2040	0	0	0	40	0	41	91	122
2100	0	0	0	40	0	39	93	118
2160	0	0	0	40	0	36	96	112
2220	0	0	0	40	0	34	98	108
2280	0	0	0	40	0	33	99	106
2340	0	0	0	40	0	33	99	106
2400	0	0	0	40	0	30	102	100
2460	0	0	0	40	0	28	104	96
2520	0	0	0	40	0	27	105	94
2580	0	0	0	40	0	26	106	92
2640	0	0	0	40	0	23	109	86
2700	0	0	0	40	0	23	109	86
2760	0	0	0	40	0	22	110	84
2820	0	0	0	40	0	19	113	78
2880	0	0	0	40	0	17	115	74
2940	0	0	0	40	0	17	115	74
3000	0	0	0	40	0	17	115	74
3060	0	0	0	40	0	17	115	74
3120	0	0	0	40	0	16	116	72
3180	0	0	0	40	0	15	117	70
3240	0	0	0	40	0	15	117	70
3300	0	0	0	40	0	14	118	68
3360	0	0	0	40	0	14	118	68
3420	0	0	0	40	0	12	120	64
3480	0	0	0	40	0	10	122	60
3540	0	0	0	40	0	10	122	60
3600	0	0	0	40	0	9	123	58
4200	0	0	0	40	0	5	127	50
4800	0	0	0	36	1	4	129	46
5400	0	0	0	36	0	4	130	44
6000	0	0	0	36	0	3	131	42
6600	0	0	0	36	0	2	132	40
7200	0	0	0	34	0	2	133	38
7800	0	0	0	34	0	1	134	36
8400	0	0	0	34	0	1	134	36
9000	0	0	0	34	0	1	134	36
9600	0	0	0	34	0	0	135	34
10200	0	0	0	34	0	0	135	34
10800	0	0	0	34	0	0	135	34
11400	0	0	0	34	0	0	135	34
12000	0	0	0	34	0	0	135	34
12600	0	0	0	34	0	0	135	34
13200	0	0	0	34	0	0	135	34
13800	0	0	0	34	0	0	135	34
14400	0	0	0	34	0	0	135	34
15000	0	0	0	34	0	0	135	34
15600	0	0	0	34	0	0	135	34
16200	0	0	0	34	0	0	135	34
16800	0	0	0	34	0	0	135	34
17400	0	0	0	34	0	0	135	34
18000	0	0	0	34	0	0	135	34
18600	0	0	0	34	0	0	135	34
19200	0	0	0	34	0	0	135	34
19800	0	0	0	34	0	0	135	34
20400	0	0	0	34	0	0	135	34
21000	0	0	0	34	0	0	135	34
21600	0	0	0	34	0	0	135	34
22200	0	0	0	34	0	0	135	34
22800	0	0	0	34	0	0	135	34
23400	0	0	0	34	0	0	135	34
24000	0	0	0	34	0	0	135	34
24600	0	0	0	34	0	0	135	34
25200	0	0	0	34	0	0	135	34
25800	0	0	0	34	0	0	135	34
26400	0	0	0	34	0	0	135	34
27000	0	0	0	34	0	0	135	34
27600	0	0	0	34	0	0	135	34
28200	0	0	0	34	0	0	135	34
28800	0	0	0	34	0	0	135	34
29400	0	0	0	34	0	0	135	34
30000	0	0	0	34	0	0	135	34
30600	0	0	0	34	0	0	135	34
31200	0	0	0	34	0	0	135	34
31800	0	0	0	34	0	0	135	34
32400	0	0	0	34	0	0	135	34
33000	0	0	0	34	0	0	135	34
33600	0	0	0	34	0	0	135	34
34200	0	0	0	34	0	0	135	34
34800	0	0	0	34	0	0	135	34
35400	0	0	0	34	0	0	135	34
36000	0	0	0	34	0	0	135	34
36600	0	0	0	34	0	0	135	34
37200	0	0	0	34	0	0	135	34
37800	0	0	0	34	0	0	135	34
38400	0	0	0	34	0	0	135	34
39000	0	0	0	34	0	0	135	34
39600	0	0	0	34	0	0	135	34
40200	0	0	0	34	0	0	135	34
40800	0	0	0	34	0	0	135	34
41400	0	0	0	34	0	0	135	34
42000	0	0	0	34	0	0	135	34
42600	0	0	0	34	0	0	135	34
43200	0	0	0	34	0	0	135	34
43800	0	0	0	34	0	0	135	34
44400	0	0	0	34	0	0	135	34
45000	0	0	0	34	0	0	135	34
45600	0	0	0	34	0	0	135	34
46200	0	0	0	34	0	0	135	34
46800	0	0	0	32	0	0	136	32
47400	0	0	0	32	0	0	136	32
48000	0	0	0	32	0	0	136	32
48600	0	0	0	32	0	0	136	32
49200	0	0	0	32	0	0	136	32
49800	0	0	0	32	0	0	136	32
50400	0	0	0	32	0	0	136	32
51000	0	0	0	32	0	0	136	32
51600	0	0	0	32	0	0	136	32
52200	0	0	0	32	0	0	136	32
52800	0	0	0	32	0	0	136	32
53400	0	0	0	32	0	0	136	32
54000	0	0	0	32	0	0	136	32
54600	0	0	0	32	0	0	136	32
55200	0	0	0	30	1	0	136	32
55800	0	0	0	30	0	0	137	30
56400	0	0	0	30	0	0	137	30
57000	0	0	0	30	0	0	137	30
57600	0	0	0	30	0	0	137	30
58200	0	0	0	30	0	0	137	30
58800	0	0	0	30	0	0	137	30
59400	0	0	0	30	0	0	137	30
60000	0	0	0	30	0	0	137	30
60600	0	0	0	30	0	0	137	30
61200	0	0	0	30	0	0	137	30
61800	0	0	0	30	0	0	137	30
62400	0	0	0	30	0	0	137	30
63000	0	0	0	30	0	0	137	30
63600	0	0	0	30	0	0	137	30
64200	0	0	0	30	0	0	137	30
64800	0	0	0	30	0	0	137	30
65400	0	0	0	30	0	0	137	30
66000	0	0	0	30	0	0	137	30
66600	0	0	0	30	0	0	137	30
67200	0	0	0	30	0	0	137	30
67800	0	0	0	30	0	0	137	30
68400	0	0	0	30	0	0	137	30
69000	0	0	0	30	0	0	137	30
69600	0	0	0	30	0	0	137	30
70200	0	0	0	30	0	0	137	30
70800	0	0	0	30	0	0	137	30
71400	0	0	0	30	0	0	137	30
72000	0	0	0	30	0	0	137	30
72600	0	0	0	30	0	0	137	30
73200	0	0	0	30	0	0	137	30
73800	0	0	0	30	0	0	137	30
74400	0	0	0	30	0	0	137	30
75000	0	0	0	30	0	0	137	30
75600	0	0	0	30	0	0	137	30
76200	0	0	0	30	0	0	137	30
76800	0	0	0	30	0	0	137	30
77400	0	0	0	30	0	0	137	30
78000	0	0	0	30	0	0	137	30
78600	0	0	0	30	0	0	137	30
79200	0	0	0	30	0	0	137	30
79800	0	0	0	30	0	0	137	30
80400	0	0	0	30	0	0	137	30
81000	0	0	0	30	0	0	137	30
81600	0	0	0	30	0	0	137	30
82200	0	0	0	30	0	0	137	30
82800	0	0	0	30	0	0	137	30
83400	0	0	0	30	0	0	137	30
84000	0	0	0	30	0	0	137	30
84600	0	0	0	30	0	0	137	30
85200	0	0	0	30	0	0	137	30
85800	0	0	0	28	1	0	137	30
86400	0	0	0	28	0	1	137	30


#Time	DSBEnd	DSBEnd_Inhibited	DSBEnd_Ku	DSBEnd_PKcs	DSBSynaptic	DSBSynaptic_Stable	DSB_Fixed	Unrepaired
0	314	0	0	0	0	0	0	314
1	46	144	88	26	5	0	0	314
2	27	130	76	55	13	0	0	314
3	28	112	51	71	26	0	0	314
4	6	113	33	88	37	0	0	314
5	16	100	21	83	46	1	0	314
6	20	84	22	80	53	1	0	314
7	8	80	18	76	64	2	0	314
8	9	71	13	71	73	2	0	314
9	15	55	13	63	82	2	0	314
10	3	58	10	63	88	2	0	314
11	5	55	8	62	90	2	0	314
12	4	51	8	63	91	3	0	314
13	10	44	7	63	92	3	0	314
14	2	45	7	62	95	4	0	314
15	6	39	9	62	95	4	0	314
16	8	31	8	59	100	4	0	314
17	4	34	7	55	102	5	0	314
18	5	29	9	49	106	5	0	314
19	2	29	6	51	107	6	0	314
20	5	25	2	48	111	6	0	314
21	3	23	3	47	113	6	0	314
22	3	20	5	46	114	6	0	314
23	3	18	3	48	115	6	0	314
24	4	16	3	47	116	6	0	314
25	4	17	6	47	113	7	0	314
26	1	18	5	46	114	8	0	314
27	3	15	3	49	114	8	0	314
28	7	14	2	51	112	8	0	314
29	4	16	2	50	113	8	0	314
30	4	12	4	50	113	9	0	314
31	2	12	2	50	114	10	0	314
32	3	12	3	50	113	10	0	314
33	7	14	4	53	108	10	0	314
34	1	15	8	52	109	10	0	314
35	1	12	5	56	108	12	0	314
36	2	10	3	53	111	12	0	314
37	0	11	4	53	111	12	0	314
38	1	11	1	53	111	13	0	314
39	0	11	2	53	111	13	0	314
40	3	10	3	52	110	13	0	314
41	2	12	0	54	110	13	0	314
42	1	13	0	54	110	13	0	314
43	2	10	2	54	110	13	0	314
44	0	10	2	54	111	13	0	314
45	2	10	3	53	110	13	0	314
46	2	10	2	54	109	14	0	314
47	4	8	0	54	109	15	0	314
48	2	6	3	51	111	15	0	314
49	2	5	2	51	112	15	0	314
50	2	6	2	50	111	16	0	314
51	5	3	1	51	110	17	0	314
52	0	7	2	51	110	17	0	314
53	0	7	1	52	109	18	0	314
54	1	6	1	52	108	19	0	314
55	1	5	1	51	109	19	0	314
56	1	4	1	52	108	20	0	314
57	1	6	1	50	108	20	0	314
58	0	5	2	47	110	20	0	314
59	1	6	1	48	108	21	0	314
60	2	6	1	47	107	22	0	314
70	2	5	1	48	104	25	0	314
80	0	7	0	45	104	27	0	314
90	1	5	2	44	103	28	0	314
100	2	8	3	47	96	31	0	314
110	1	15	1	51	92	31	0	314
120	1	7	1	53	95	31	0	314
130	3	9	0	54	92	32	0	314
140	5	3	1	53	91	35	0	314
150	0	8	1	53	85	41	0	314
160	1	8	5	50	77	48	0	314
170	1	9	1	51	72	54	0	314
180	1	2	1	52	72	56	1	312
190	1	4	3	50	66	60	2	310
200	1	4	1	50	64	63	2	310
210	1	8	0	51	61	64	2	310
220	3	6	1	50	59	66	2	310
230	0	4	1	51	59	68	2	310
240	0	3	2	51	58	69	2	310
250	1	4	1	50	56	71	2	310
260	0	7	1	54	52	71	3	308
270	2	4	3	53	48	73	5	304
280	3	4	0	53	48	73	6	302
290	0	4	1	53	47	75	6	302
300	2	7	2	57	41	75	7	300
310	0	5	3	60	41	75	7	300
320	1	5	2	60	38	78	7	300
330	0	3	0	61	40	78	7	300
340	0	2	1	59	40	78	8	298
350	1	3	0	60	37	79	9	296
360	0	0	0	60	39	78	10	294
370	0	1	0	61	38	77	11	292
380	0	0	0	58	39	78	11	292
390	0	0	0	56	38	78	13	288
400	0	0	0	56	34	81	14	286
410	1	5	0	60	28	82	14	286
420	1	2	0	59	27	83	16	282
430	0	3	1	60	26	83	16	282
440	0	0	0	56	27	86	16	282
450	0	1	0	55	24	89	16	282
460	1	0	0	55	23	90	16	282
470	0	1	0	55	22	89	18	278
480	1	2	0	57	20	89	18	278
490	2	1	0	55	21	89	18	278
500	2	1	1	56	19	90	18	278
510	0	3	1	54	17	93	18	278
520	0	1	1	56	17	93	18	278
530	0	4	1	59	14	91	20	274
540	0	2	0	58	16	89	22	270
550	0	1	0	57	16	89	23	268
560	0	0	0	56	17	89	23	268
570	2	1	0	57	14	90	23	268
580	0	2	0	58	14	90	23	268
590	2	1	0	59	13	90	23	268
600	0	0	0	58	14	90	24	266
660	2	0	0	54	11	86	32	250
720	0	2	1	55	9	84	35	244
780	0	0	1	53	8	84	38	238
840	0	0	2	52	7	82	41	232
900	0	0	0	50	7	84	41	232
960	0	2	0	50	3	84	44	226
1020	0	0	0	50	4	79	49	216
1080	0	0	0	50	3	79	50	214
1140	0	0	0	50	3	78	51	212
1200	1	0	1	50	1	74	56	202
1260	0	0	0	50	2	71	59	196
1320	0	0	0	50	2	68	62	190
1380	0	0	0	50	2	68	62	190
1440	0	1	0	51	0	65	66	182
1500	0	0	0	52	0	61	70	174
1560	0	0	0	52	0	59	72	170
1620	0	0	0	50	0	58	74	166
1680	0	0	0	50	0	56	76	162
1740	0	0	0	50	0	54	78	158
1800	0	0	0	50	0	51	81	152
1860	0	0	0	50	0	50	82	150
1920	0	0	0	50	0	48	84	146
1980	0	0	0	50	0	48	84	146
2040	0	0	0	50	0	46	86	142
2100	0	0	0	50	0	42	90	134
2160	0	0	0	50	0	42	90	134
2220	0	0	0	50	0	42	90	134
2280	0	0	0	48	1	40	92	130
2340	0	0	0	48	1	39	93	128
2400	0	0	0	48	1	38	94	126
2460	0	0	0	48	1	35	97	120
2520	0	0	0	48	1	32	100	114
2580	0	0	0	48	0	32	101	112
2640	0	0	0	48	0	32	101	112
2700	0	0	0	48	0	32	101	112
2760	0	0	0	48	0	31	102	110
2820	0	0	0	48	0	29	104	106
2880	0	0	0	48	0	29	104	106
2940	0	0	0	48	0	29	104	106
3000	0	0	0	48	0	29	104	106
3060	0	0	0	48	0	26	107	100
3120	0	0	0	48	0	26	107	100
3180	0	0	0	48	0	25	108	98
3240	0	0	0	48	0	24	109	96
3300	0	0	0	48	0	22	111	92
3360	0	0	0	48	0	22	111	92
3420	0	0	0	48	0	21	112	90
3480	0	0	0	48	0	19	114	86
3540	0	0	0	48	0	19	114	86
3600	0	0	0	48	0	19	114	86
4200	0	0	0	48	0	10	123	68
4800	0	0	0	48	0	5	128	58
5400	0	0	0	48	0	5	128	58
6000	0	0	0	48	0	4	129	56
6600	0	0	0	48	0	1	132	50
7200	0	0	0	46	0	2	132	50
7800	0	0	0	46	0	0	134	46
8400	0	0	0	46	0	0	134	46
9000	0	0	0	46	0	0	134	46
9600	0	0	0	46	0	0	134	46
10200	0	0	0	44	0	1	134	46
10800	0	0	0	44	0	1	134	46
11400	0	0	0	44	0	1	134	46
12000	0	0	0	44	0	1	134	46
12600	0	0	0	44	0	0	135	44
13200	0	0	0	44	0	0	135	44
13800	0	0	0	44	0	0	135	44
14400	0	0	0	44	0	0	135	44
15000	0	1	1	42	0	0	135	44
15600	0	0	0	44	0	0	135	44
16200	0	0	0	44	0	0	135	44
16800	0	0	0	44	0	0	135	44
17400	0	0	0	44	0	0	135	44
18000	0	0	0	44	0	0	135	44
18600	0	0	0	44	0	0	135	44
19200	0	0	0	44	0	0	135	44
19800	0	0	0	44	0	0	135	44
20400	0	0	0	44	0	0	135	44
21000	0	0	0	44	0	0	135	44
21600	0	0	0	44	0	0	135	44
22200	0	0	0	44	0	0	135	44
22800	0	0	0	44	0	0	135	44
23400	0	0	0	44	0	0	135	44
24000	0	0	0	44	0	0	135	44
24600	0	0	0	42	0	1	135	44
25200	0	0	0	42	0	1	135	44
25800	0	0	0	42	0	0	136	42
26400	0	0	0	42	0	0	136	42
27000	0	0	0	42	0	0	136	42
27600	0	0	0	42	0	0	136	42
28200	0	0	0	42	0	0	136	42
28800	0	0	0	42	0	0	136	42
29400	0	0	0	42	0	0	136	42
30000	0	0	0	42	0	0	136	42
30600	0	0	0	42	0	0	136	42
31200	0	0	0	42	0	0	136	42
31800	0	0	0	42	0	0	136	42
32400	0	0	0	42	0	0	136	42
33000	0	0	0	42	0	0	136	42
33600	0	0	0	42	0	0	136	42
34200	0	0	0	42	0	0	136	42
34800	0	0	0	42	0	0	136	42
35400	0	0	0	42	0	0	136	42
36000	0	0	0	42	0	0	136	42
36600	0	0	0	42	0	0	136	42
37200	0	0	0	42	0	0	136	42
37800	0	0	0	42	0	0	136	42
38400	0	0	0	42	0	0	136	42
39000	0	0	0	42	0	0	136	42
39600	0	0	0	42	0	0	136	42
40200	0	0	0	42	0	0	136	42
40800	0	0	0	42	0	0	136	42
41400	0	0	0	42	0	0	136	42
42000	0	0	0	42	0	0	136	42
42600	0	0	0	42	0	0	136	42
43200	0	0	0	42	0	0	136	42
43800	0	0	0	42	0	0	136	42
44400	0	0	0	42	0	0	136	42
45000	0	0	0	42	0	0	136	42
45600	0	0	0	42	0	0	136	42
46200	0	0	0	42	0	0	136	42
46800	0	0	0	42	0	0	136	42
47400	0	0	0	42	0	0	136	42
48000	0	0	0	42	0	0	136	42
48600	0	0	0	42	0	0	136	42
49200	0	0	0	42	0	0	136	42
49800	0	0	0	42	0	0	136	42
50400	0	0	0	42	0	0	136	42
51000	0	0	0	42	0	0	136	42
51600	0	0	0	42	0	0	136	42
52200	0	0	0	42	0	0	136	42
52800	0	0	0	42	0	0	136	42
53400	0	0	0	42	0	0	136	42
54000	0	0	0	42	0	0	136	42
54600	0	0	0	42	0	0	136	42
55200	0	0	0	42	0	0	136	42
55800	0	0	0	42	0	0	136	42
56400	0	0	0	42	0	0	136	42
57000	0	0	0	42	0	0	136	42
57600	0	0	0	42	0	0	136	42
58200	0	0	0	42	0	0	136	42
58800	0	0	0	42	0	0	136	42
59400	0	0	0	42	0	0	136	42
60000	0	0	0	42	0	0	136	42
60600	0	0	0	42	0	0	136	42
61200	0	0	0	42	0	0	136	42
61800	0	0	0	42	0	0	136	42
62400	0	0	0	42	0	0	136	42
63000	0	0	0	42	0	0	136	42
63600	0	0	0	42	0	0	136	42
64200	0	0	0	42	0	0	136	42
64800	0	0	0	42	0	0	136	42
65400	0	0	0	42	0	0	136	42
66000	0	0	0	42	0	0	136	42
66600	0	0	0	42	0	0	136	42
67200	0	0	0	42	0	0	136	42
67800	0	0	0	42	0	0	136	42
68400	0	0	0	42	0	0	136	42
69000	0	0	0	42	0	0	136	42
69600	0	0	0	42	0	0	136	42
70200	0	0	0	42	0	0	136	42
70800	0	0	0	42	0	0	136	42
71400	0	0	0	42	0	0	136	42
72000	0	0	0	42	0	0	136	42
72600	0	0	0	42	0	0	136	42
73200	0	0	0	42	0	0	136	42
73800	0	0	0	42	0	0	136	42
74400	0	0	0	42	0	0	136	42
75000	0	0	0	42	0	0	136	42
75600	0	0	0	42	0	0	136	42
76200	0	0	0	42	0	0	136	42
76800	0	0	0	42	0	0	136	42
77400	0	0	0	42	0	0	136	42
78000	0	0	0	42	0	0	136	42
78600	0	0	0	42	0	0	136	42
79200	0	0	0	42	0	0	136	42
79800	0	0	0	42	0	0	136	42
80400	0	0	0	42	0	0	136	42
81000	0	0	0	42	0	0	136	42
81600	0	0	0	42	0	0	136	42
82200	0	0	0	42	0	0	136	42
82800	0	0	0	42	0	0	136	42
83400	0	0	0	42	0	0	136	42
84000	0	0	0	42	0	0	136	42
84600	0	0	0	42	0	0	136	42
85200	0	0	0	42	0	0	136	42
85800	0	0	0	42	0	0	136	42
86400	0	0	0	42	0	0	136	42


