#Time | Normalised to Self | SEM_NTS | Normalised to Initial DSBs | SEM_NTI
Ku_Recruitment
0 0 0
0.0166667 0.375972 0.019605
0.0333333 0.475393 0.0353282
0.05 0.55497 0.0190361
0.0666667 0.603449 0.0266611
0.0833333 0.636799 0.0164945
0.1 0.698539 0.0266879
0.116667 0.745819 0.0193594
0.133333 0.785961 0.0154927
0.15 0.81741 0.0214727
0.166667 0.832433 0.0188177
0.183333 0.847597 0.01869
0.2 0.860858 0.021793
0.216667 0.860717 0.0223999
0.233333 0.881542 0.019225
0.25 0.894172 0.0293189
0.266667 0.917708 0.0272654
0.283333 0.916936 0.0189843
0.3 0.929916 0.0153443
0.316667 0.947472 0.028364
0.333333 0.959962 0.0266573
0.35 0.962495 0.0351588
0.366667 0.968052 0.0298728
0.383333 0.972978 0.0334849
0.4 0.973119 0.0373029
0.416667 0.980578 0.0372585
0.433333 0.980578 0.0329765
0.45 0.987896 0.0330993
0.466667 0.993067 0.036064
0.483333 0.993172 0.0346308
0.5 0.985713 0.0284463
0.516667 0.992786 0.0292106
0.533333 0.993067 0.0392922
0.55 0.995074 0.0392651
0.566667 0.990498 0.0277176
0.583333 0.987088 0.0274912
0.6 0.987088 0.0297343
0.616667 0.98737 0.0331206
0.633333 0.98751 0.0257944
0.65 0.990289 0.025703
0.666667 0.988037 0.0266855
0.683333 0.988037 0.0286759
0.7 0.982585 0.0267998
0.716667 0.985608 0.0301929
0.733333 0.988142 0.032364
0.75 0.99546 0.0357547
0.766667 0.987615 0.0334766
0.783333 0.98786 0.0361348
0.8 0.985327 0.0358034
0.816667 0.985467 0.0365697
0.833333 0.973582 0.0383164
0.85 0.969568 0.0324482
0.866667 0.959998 0.0316765
0.883333 0.966931 0.030067
0.9 0.970236 0.0348168
0.916667 0.980192 0.034835
0.933333 0.979947 0.0349348
0.95 0.990289 0.0340564
0.966667 0.997853 0.0311842
0.983333 0.999859 0.0461165
1 1 0.0500815


PKcs_Recruitment
0 0 0
0.0166667 0.149764 0.0180349
0.0333333 0.318164 0.031737
0.05 0.445185 0.0152493
0.0666667 0.524664 0.020905
0.0833333 0.579976 0.0141879
0.1 0.647106 0.0199662
0.116667 0.697803 0.0193783
0.133333 0.717922 0.0153133
0.15 0.761847 0.0204105
0.166667 0.811907 0.0163494
0.183333 0.823867 0.0172608
0.2 0.846683 0.0193023
0.216667 0.852782 0.0221917
0.233333 0.860447 0.0162237
0.25 0.868817 0.0282996
0.266667 0.887302 0.0225332
0.283333 0.912142 0.0167626
0.3 0.912 0.0152553
0.316667 0.93265 0.0283909
0.333333 0.945494 0.0259168
0.35 0.960787 0.0351088
0.366667 0.973525 0.0299976
0.383333 0.971501 0.0331671
0.4 0.966286 0.0374249
0.416667 0.973667 0.037338
0.433333 0.983603 0.0331497
0.45 0.991374 0.0332895
0.466667 0.996342 0.0362771
0.483333 0.996058 0.0344743
0.5 0.991337 0.0285523
0.516667 0.986511 0.0282481
0.533333 0.999144 0.0395546
0.55 0.995952 0.0393777
0.566667 0.988145 0.0269304
0.583333 0.985343 0.0276421
0.6 0.992972 0.0298795
0.616667 0.988145 0.0325125
0.633333 0.982825 0.0258442
0.65 0.990984 0.0259205
0.666667 0.986158 0.0267949
0.683333 0.991374 0.0284661
0.7 0.983214 0.0270268
0.716667 0.983319 0.029973
0.733333 0.986405 0.0325693
0.75 0.986405 0.0355515
0.766667 0.978635 0.032431
0.783333 0.986369 0.0361027
0.8 0.98864 0.0357461
0.816667 0.988782 0.0365266
0.833333 0.976936 0.0385638
0.85 0.970087 0.0327238
0.866667 0.965402 0.0318241
0.883333 0.967426 0.0303221
0.9 0.967957 0.0349753
0.916667 0.97342 0.0349219
0.933333 0.975197 0.0351076
0.95 0.985911 0.0337122
0.966667 0.995952 0.0310081
0.983333 1 0.0457446
1 0.997587 0.049955


XRCC4_Recruitment
0 0 0
0.0166667 0 0
0.0333333 0 0
0.05 0.0097389 0.0097389
0.0666667 0.0097389 0.0097389
0.0833333 0.0204203 0.0102427
0.1 0.0408405 0.0204854
0.116667 0.0515219 0.0279654
0.133333 0.0704587 0.021572
0.15 0.0704587 0.021572
0.166667 0.0704587 0.021572
0.183333 0.0801976 0.0269745
0.2 0.0801976 0.0269745
0.216667 0.0801976 0.0269745
0.233333 0.0801976 0.0269745
0.25 0.0893954 0.0181212
0.266667 0.0893954 0.0181212
0.283333 0.0893954 0.0181212
0.3 0.0893954 0.0181212
0.316667 0.0893954 0.0181212
0.333333 0.0893954 0.0181212
0.35 0.0893954 0.0181212
0.366667 0.108332 0.0192652
0.383333 0.13795 0.0193691
0.4 0.13795 0.0193691
0.416667 0.13795 0.0193691
0.433333 0.148632 0.0196178
0.45 0.148632 0.0196178
0.466667 0.159313 0.0249547
0.483333 0.159313 0.0249547
0.5 0.169052 0.0295513
0.516667 0.169052 0.0295513
0.533333 0.169052 0.0295513
0.55 0.17825 0.0204492
0.566667 0.197187 0.0198329
0.583333 0.206925 0.0290537
0.6 0.216123 0.0234149
0.616667 0.225862 0.0331534
0.633333 0.225862 0.0331534
0.65 0.225862 0.0331534
0.666667 0.225862 0.0331534
0.683333 0.235601 0.0428921
0.7 0.235601 0.0428921
0.716667 0.235601 0.0428921
0.733333 0.235601 0.0428921
0.75 0.254538 0.04873
0.766667 0.265219 0.042703
0.783333 0.265219 0.042703
0.8 0.265219 0.042703
0.816667 0.265219 0.042703
0.833333 0.265219 0.042703
0.85 0.265219 0.042703
0.866667 0.265219 0.042703
0.883333 0.265219 0.042703
0.9 0.265219 0.042703
0.916667 0.265219 0.042703
0.933333 0.265219 0.042703
0.95 0.265219 0.042703
0.966667 0.275901 0.0387383
0.983333 0.285639 0.0481975
1 0.295378 0.0577497
1.16667 0.355016 0.0304829
1.33333 0.374494 0.0485874
1.5 0.426958 0.0618877
1.66667 0.486194 0.0638094
1.83333 0.527035 0.0841704
2 0.586271 0.0861845
2.16667 0.57559 0.0813404
2.33333 0.573164 0.0749921
2.5 0.590076 0.0558758
2.66667 0.660936 0.0439868
2.83333 0.679873 0.0441817
3 0.691497 0.0422623
3.16667 0.739109 0.0449942
3.33333 0.768326 0.0720069
3.5 0.786722 0.059766
3.66667 0.834735 0.0509003
3.83333 0.855156 0.0544983
4 0.873551 0.0479349
4.16667 0.882208 0.0411571
4.33333 0.909802 0.0569069
4.5 0.959701 0.0582754
4.66667 0.968898 0.0674663
4.83333 1 0.0524274
5 0.987835 0.0725708


DSB_Residual
0 29.0314 0 1 0
0.0166667 29.0314 0 1 0
0.0333333 29.0314 0 1 0
0.05 29.0314 0 1 0
0.0666667 29.0314 0 1 0
0.0833333 29.0314 0 1 0
0.1 29.0314 0 1 0
0.116667 29.0314 0 1 0
0.133333 29.0314 0 1 0
0.15 29.0314 0 1 0
0.166667 29.0314 0 1 0
0.183333 29.0314 0 1 0
0.2 29.0314 0 1 0
0.216667 29.0314 0 1 0
0.233333 29.0314 0 1 0
0.25 29.0314 0 1 0
0.266667 29.0314 0 1 0
0.283333 29.0314 0 1 0
0.3 29.0314 0 1 0
0.316667 29.0314 0 1 0
0.333333 29.0314 0 1 0
0.35 29.0314 0 1 0
0.366667 29.0314 0 1 0
0.383333 29.0314 0 1 0
0.4 29.0314 0 1 0
0.416667 29.0314 0 1 0
0.433333 29.0314 0 1 0
0.45 29.0314 0 1 0
0.466667 29.0314 0 1 0
0.483333 29.0314 0 1 0
0.5 29.0314 0 1 0
0.516667 29.0314 0 1 0
0.533333 29.0314 0 1 0
0.55 29.0314 0 1 0
0.566667 29.0314 0 1 0
0.583333 29.0314 0 1 0
0.6 29.0314 0 1 0
0.616667 29.0314 0 1 0
0.633333 29.0314 0 1 0
0.65 29.0314 0 1 0
0.666667 29.0314 0 1 0
0.683333 29.0314 0 1 0
0.7 29.0314 0 1 0
0.716667 29.0314 0 1 0
0.733333 29.0314 0 1 0
0.75 29.0314 0 1 0
0.766667 29.0314 0 1 0
0.783333 29.0314 0 1 0
0.8 29.0314 0 1 0
0.816667 29.0314 0 1 0
0.833333 29.0314 0 1 0
0.85 29.0314 0 1 0
0.866667 29.0314 0 1 0
0.883333 29.0314 0 1 0
0.9 29.0314 0 1 0
0.916667 29.0314 0 1 0
0.933333 29.0314 0 1 0
0.95 29.0314 0 1 0
0.966667 29.0314 0 1 0
0.983333 29.0314 0 1 0
1 29.0314 0 1 0
1.16667 29.0314 0 1 0
1.33333 29.0314 0 1 0
1.5 29.0314 0 1 0
1.66667 29.0314 0 1 0
1.83333 29.0314 0 1 0
2 29.0314 0 1 0
2.16667 28.733 0.149673 0.989722 0.00515555
2.33333 28.2647 0.566738 0.973593 0.0195216
2.5 28.1086 0.719886 0.968216 0.0247968
2.66667 28.1086 0.719886 0.968216 0.0247968
2.83333 28.1086 0.719886 0.968216 0.0247968
3 27.6758 0.738531 0.953308 0.0254391
3.16667 27.6758 0.738531 0.953308 0.0254391
3.33333 27.6758 0.738531 0.953308 0.0254391
3.5 27.6758 0.738531 0.953308 0.0254391
3.66667 27.6758 0.738531 0.953308 0.0254391
3.83333 27.6758 0.738531 0.953308 0.0254391
4 27.6758 0.738531 0.953308 0.0254391
4.16667 27.2431 0.757194 0.9384 0.0260819
4.33333 27.2431 0.757194 0.9384 0.0260819
4.5 27.1007 0.722058 0.933498 0.0248717
4.66667 27.1007 0.722058 0.933498 0.0248717
4.83333 26.8023 0.849887 0.92322 0.0292748
5 26.3479 1.12058 0.907566 0.0385989
5.16667 25.9072 1.26252 0.892385 0.0434881
5.33333 25.9072 1.26252 0.892385 0.0434881
5.5 25.9072 1.26252 0.892385 0.0434881
5.66667 25.9072 1.26252 0.892385 0.0434881
5.83333 25.7728 1.14039 0.887756 0.0392814
6 25.6305 1.15891 0.882854 0.0399192
6.16667 25.496 1.03277 0.878224 0.0355743
6.33333 25.496 1.03277 0.878224 0.0355743
6.5 25.2193 0.933337 0.868692 0.0321492
6.66667 25.2193 0.933337 0.868692 0.0321492
6.83333 25.077 0.97798 0.86379 0.033687
7 24.9426 0.844983 0.859161 0.0291059
7.16667 24.7865 0.950849 0.853785 0.0327525
7.33333 24.7865 0.950849 0.853785 0.0327525
7.5 24.7865 0.950849 0.853785 0.0327525
7.66667 24.7865 0.950849 0.853785 0.0327525
7.83333 24.5098 0.8615 0.844253 0.0296748
8 24.2193 0.84057 0.834247 0.0289539
8.16667 23.8003 0.801702 0.819813 0.027615
8.33333 23.658 0.877006 0.814911 0.0302089
8.5 23.658 0.877006 0.814911 0.0302089
8.66667 23.658 0.877006 0.814911 0.0302089
8.83333 23.658 0.877006 0.814911 0.0302089
9 23.5236 0.743467 0.810282 0.0256091
9.16667 23.5236 0.743467 0.810282 0.0256091
9.33333 23.5236 0.743467 0.810282 0.0256091
9.5 23.5236 0.743467 0.810282 0.0256091
9.66667 23.3813 0.836979 0.80538 0.0288302
9.83333 23.239 0.942777 0.800478 0.0324744
10 22.9543 1.17768 0.790674 0.0405658
11 22.0888 1.19205 0.760858 0.0410609
12 21.1163 1.40757 0.727361 0.0484845
13 20.7052 1.38788 0.7132 0.0478061
14 20.1301 1.52789 0.69339 0.052629
15 19.2428 1.55126 0.662828 0.0534339
16 18.5333 1.60294 0.638388 0.0552142
17 17.4899 1.63662 0.602449 0.0563741
18 17.0434 1.51604 0.587067 0.0522207
19 16.2984 1.57781 0.561406 0.0543483
20 15.7608 1.06566 0.542888 0.036707
21 15.3063 1.24225 0.527233 0.0427898
22 15.164 1.34069 0.522331 0.0461808
23 14.4545 1.33027 0.497892 0.0458218
24 13.4328 1.38581 0.462699 0.0477347
25 12.5751 1.18488 0.433156 0.0408137
26 11.8952 0.76586 0.409735 0.0263804
27 11.7529 0.883561 0.404833 0.0304347
28 11.5968 0.901292 0.399457 0.0310454
29 11.0217 1.02115 0.379647 0.0351739
30 10.4466 1.14574 0.359837 0.0394654
31 10.0217 0.915504 0.345202 0.031535
32 9.58888 0.924294 0.330294 0.0318378
33 9.4328 0.955841 0.324917 0.0329244
34 8.88727 0.691555 0.306127 0.023821
35 8.61846 0.479376 0.296867 0.0165123
36 8.03545 0.851463 0.276785 0.0293291
37 7.74496 0.720168 0.266779 0.0248065
38 7.74496 0.720168 0.266779 0.0248065
39 7.74496 0.720168 0.266779 0.0248065
40 7.45448 0.595977 0.256773 0.0205287
41 7.29839 0.611309 0.251397 0.0210569
42 6.8735 0.396198 0.236761 0.0136472
43 6.57511 0.543904 0.226483 0.0187351
44 6.29839 0.504159 0.216951 0.017366
45 6.15608 0.617184 0.212049 0.0212592
46 5.71538 0.864058 0.196869 0.0297629
47 5.28258 0.872055 0.181961 0.0300384
48 5.28258 0.872055 0.181961 0.0300384
49 5.14818 0.753163 0.177332 0.0259431
50 5.14818 0.753163 0.177332 0.0259431
51 4.72328 0.520766 0.162696 0.017938
52 4.72328 0.520766 0.162696 0.017938
53 4.72328 0.520766 0.162696 0.017938
54 4.72328 0.520766 0.162696 0.017938
55 4.5672 0.54948 0.15732 0.0189271
56 4.25504 0.713835 0.146567 0.0245884
57 4.11273 0.767162 0.141665 0.0264253
58 4.11273 0.767162 0.141665 0.0264253
59 4.11273 0.767162 0.141665 0.0264253
60 4.11273 0.767162 0.141665 0.0264253
70 3.53762 0.855078 0.121855 0.0294536
80 2.97832 0.530732 0.10259 0.0182813
90 2.97832 0.530732 0.10259 0.0182813
100 2.70951 0.26582 0.0933305 0.00915632
110 2.70951 0.26582 0.0933305 0.00915632
120 2.70951 0.26582 0.0933305 0.00915632
130 2.57511 0.139091 0.0887009 0.00479104
140 2.57511 0.139091 0.0887009 0.00479104
150 2.57511 0.139091 0.0887009 0.00479104
160 2.57511 0.139091 0.0887009 0.00479104
170 2.57511 0.139091 0.0887009 0.00479104
180 2.57511 0.139091 0.0887009 0.00479104
190 2.57511 0.139091 0.0887009 0.00479104
200 2.57511 0.139091 0.0887009 0.00479104
210 2.57511 0.139091 0.0887009 0.00479104
220 2.57511 0.139091 0.0887009 0.00479104
230 2.57511 0.139091 0.0887009 0.00479104
240 2.57511 0.139091 0.0887009 0.00479104
250 2.57511 0.139091 0.0887009 0.00479104
260 2.57511 0.139091 0.0887009 0.00479104
270 2.57511 0.139091 0.0887009 0.00479104
280 2.4328 0.20377 0.0837989 0.00701895
290 2.4328 0.20377 0.0837989 0.00701895
300 2.4328 0.20377 0.0837989 0.00701895
310 2.4328 0.20377 0.0837989 0.00701895
320 2.29049 0.322804 0.078897 0.0111192
330 2.29049 0.322804 0.078897 0.0111192
340 2.29049 0.322804 0.078897 0.0111192
350 2.29049 0.322804 0.078897 0.0111192
360 2.29049 0.322804 0.078897 0.0111192
370 2.29049 0.322804 0.078897 0.0111192
380 2.29049 0.322804 0.078897 0.0111192
390 2.29049 0.322804 0.078897 0.0111192
400 2.29049 0.322804 0.078897 0.0111192
410 2.29049 0.322804 0.078897 0.0111192
420 2.29049 0.322804 0.078897 0.0111192
430 2.15608 0.225307 0.0742673 0.0077608
440 2.15608 0.225307 0.0742673 0.0077608
450 2.15608 0.225307 0.0742673 0.0077608
460 2.15608 0.225307 0.0742673 0.0077608
470 2.15608 0.225307 0.0742673 0.0077608
480 2.15608 0.225307 0.0742673 0.0077608
490 2.15608 0.225307 0.0742673 0.0077608
500 2.15608 0.225307 0.0742673 0.0077608
510 2.15608 0.225307 0.0742673 0.0077608
520 2.15608 0.225307 0.0742673 0.0077608
530 2.15608 0.225307 0.0742673 0.0077608
540 2.15608 0.225307 0.0742673 0.0077608
550 2.15608 0.225307 0.0742673 0.0077608
560 2.15608 0.225307 0.0742673 0.0077608
570 2.15608 0.225307 0.0742673 0.0077608
580 2.15608 0.225307 0.0742673 0.0077608
590 2 0.215 0.068891 0.00740579
600 2 0.215 0.068891 0.00740579
610 2 0.215 0.068891 0.00740579
620 2 0.215 0.068891 0.00740579
630 2 0.215 0.068891 0.00740579
640 2 0.215 0.068891 0.00740579
650 2 0.215 0.068891 0.00740579
660 2 0.215 0.068891 0.00740579
670 2 0.215 0.068891 0.00740579
680 2 0.215 0.068891 0.00740579
690 2 0.215 0.068891 0.00740579
700 2 0.215 0.068891 0.00740579
710 2 0.215 0.068891 0.00740579
720 2 0.215 0.068891 0.00740579
730 2 0.215 0.068891 0.00740579
740 2 0.215 0.068891 0.00740579
750 2 0.215 0.068891 0.00740579
760 2 0.215 0.068891 0.00740579
770 2 0.215 0.068891 0.00740579
780 2 0.215 0.068891 0.00740579
790 2 0.215 0.068891 0.00740579
800 2 0.215 0.068891 0.00740579
810 2 0.215 0.068891 0.00740579
820 2 0.215 0.068891 0.00740579
830 2 0.215 0.068891 0.00740579
840 2 0.215 0.068891 0.00740579
850 2 0.215 0.068891 0.00740579
860 2 0.215 0.068891 0.00740579
870 2 0.215 0.068891 0.00740579
880 2 0.215 0.068891 0.00740579
890 2 0.215 0.068891 0.00740579
900 2 0.215 0.068891 0.00740579
910 2 0.215 0.068891 0.00740579
920 2 0.215 0.068891 0.00740579
930 2 0.215 0.068891 0.00740579
940 2 0.215 0.068891 0.00740579
950 2 0.215 0.068891 0.00740579
960 2 0.215 0.068891 0.00740579
970 2 0.215 0.068891 0.00740579
980 2 0.215 0.068891 0.00740579
990 2 0.215 0.068891 0.00740579
1000 2 0.215 0.068891 0.00740579
1010 2 0.215 0.068891 0.00740579
1020 2 0.215 0.068891 0.00740579
1030 2 0.215 0.068891 0.00740579
1040 2 0.215 0.068891 0.00740579
1050 2 0.215 0.068891 0.00740579
1060 2 0.215 0.068891 0.00740579
1070 2 0.215 0.068891 0.00740579
1080 2 0.215 0.068891 0.00740579
1090 2 0.215 0.068891 0.00740579
1100 2 0.215 0.068891 0.00740579
1110 2 0.215 0.068891 0.00740579
1120 2 0.215 0.068891 0.00740579
1130 2 0.215 0.068891 0.00740579
1140 2 0.215 0.068891 0.00740579
1150 2 0.215 0.068891 0.00740579
1160 2 0.215 0.068891 0.00740579
1170 2 0.215 0.068891 0.00740579
1180 2 0.215 0.068891 0.00740579
1190 2 0.215 0.068891 0.00740579
1200 2 0.215 0.068891 0.00740579
1210 2 0.215 0.068891 0.00740579
1220 2 0.215 0.068891 0.00740579
1230 2 0.215 0.068891 0.00740579
1240 2 0.215 0.068891 0.00740579
1250 2 0.215 0.068891 0.00740579
1260 2 0.215 0.068891 0.00740579
1270 2 0.215 0.068891 0.00740579
1280 2 0.215 0.068891 0.00740579
1290 2 0.215 0.068891 0.00740579
1300 2 0.215 0.068891 0.00740579
1310 2 0.215 0.068891 0.00740579
1320 2 0.215 0.068891 0.00740579
1330 2 0.215 0.068891 0.00740579
1340 2 0.215 0.068891 0.00740579
1350 2 0.215 0.068891 0.00740579
1360 2 0.215 0.068891 0.00740579
1370 2 0.215 0.068891 0.00740579
1380 2 0.215 0.068891 0.00740579
1390 2 0.215 0.068891 0.00740579
1400 2 0.215 0.068891 0.00740579
1410 2 0.215 0.068891 0.00740579
1420 2 0.215 0.068891 0.00740579
1430 2 0.215 0.068891 0.00740579
1440 2 0.215 0.068891 0.00740579


DSBEnd
0 1 0 1 0
0.0166667 0.176343 0.0083243 0.176343 0.0083243
0.0333333 0.0683068 0.0182846 0.0683068 0.0182846
0.05 0.052415 0.00618807 0.052415 0.00618807
0.0666667 0.0366593 0.0062729 0.0366593 0.0062729
0.0833333 0.0691633 0.0026057 0.0691633 0.0026057
0.1 0.0622189 0.00728442 0.0622189 0.00728442
0.116667 0.0441133 0.00598479 0.0441133 0.00598479
0.133333 0.0275011 0.00343362 0.0275011 0.00343362
0.15 0.0266182 0.00771651 0.0266182 0.00771651
0.166667 0.0249139 0.00526533 0.0249139 0.00526533
0.183333 0.0101421 0.00299577 0.0101421 0.00299577
0.2 0.00806452 0.00806452 0.00806452 0.00806452
0.216667 0.0228714 0.00800577 0.0228714 0.00800577
0.233333 0.0172227 0.00185145 0.0172227 0.00185145
0.25 0.0350912 0.00721261 0.0350912 0.00721261
0.266667 0.0267192 0.011977 0.0267192 0.011977
0.283333 0.0175961 0.00330714 0.0175961 0.00330714
0.3 0.0198099 0.00484429 0.0198099 0.00484429
0.316667 0.00990495 0.00242215 0.00990495 0.00242215
0.333333 0.0047658 0.00238581 0.0047658 0.00238581
0.35 0.0152813 0.00498769 0.0152813 0.00498769
0.366667 0.00745397 0.000327259 0.00745397 0.000327259
0.383333 0.012457 0.00263266 0.012457 0.00263266
0.4 0.0168494 0.00579077 0.0168494 0.00579077
0.416667 0.00462963 0.00462963 0.00462963 0.00462963
0.433333 0.0073178 0.00402672 0.0073178 0.00402672
0.45 0.00976878 0.00207027 0.00976878 0.00207027
0.466667 0.00759013 0.00425184 0.00759013 0.00425184
0.483333 0.0047658 0.00238581 0.0047658 0.00238581
0.5 0.00708061 0.00401169 0.00708061 0.00401169
0.516667 0.00245098 0.00245098 0.00245098 0.00245098
0.533333 0.00231481 0.00231481 0.00231481 0.00231481
0.55 0.0125931 0.00285406 0.0125931 0.00285406
0.566667 0.0119826 0.00643877 0.0119826 0.00643877
0.583333 0.00245098 0.00245098 0.00245098 0.00245098
0.6 0.00245098 0.00245098 0.00245098 0.00245098
0.616667 0.00462963 0.00462963 0.00462963 0.00462963
0.633333 0.00513915 0.00257777 0.00513915 0.00257777
0.65 0.00231481 0.00231481 0.00231481 0.00231481
0.666667 0.00500299 0.0025223 0.00500299 0.0025223
0.683333 0.00708061 0.00401169 0.00708061 0.00401169
0.7 0.00759013 0.00425184 0.00759013 0.00425184
0.716667 0.00990495 0.00242215 0.00990495 0.00242215
0.733333 0.00231481 0.00231481 0.00231481 0.00231481
0.75 0.0047658 0.00238581 0.0047658 0.00238581
0.766667 0.0123559 0.00486221 0.0123559 0.00486221
0.783333 0.0047658 0.00238581 0.0047658 0.00238581
0.8 0.0119826 0.00643877 0.0119826 0.00643877
0.816667 0.00721678 0.00424741 0.00721678 0.00424741
0.833333 0.023583 0.0164347 0.023583 0.0164347
0.85 0.010006 0.00504461 0.010006 0.00504461
0.866667 0.0147718 0.00395018 0.0147718 0.00395018
0.883333 0.0154175 0.00773332 0.0154175 0.00773332
0.9 0.00745397 0.000327259 0.00745397 0.000327259
0.916667 0.00490196 0.00490196 0.00490196 0.00490196
0.933333 0.0101421 0.00299577 0.0101421 0.00299577
0.95 0.00500299 0.0025223 0.00500299 0.0025223
0.966667 0.00231481 0.00231481 0.00231481 0.00231481
0.983333 0.0047658 0.00238581 0.0047658 0.00238581
1 0.0047658 0.00238581 0.0047658 0.00238581
1.16667 0.00721678 0.00424741 0.00721678 0.00424741
1.33333 0.0105155 0.00716085 0.0105155 0.00716085
1.5 0.00245098 0.00245098 0.00245098 0.00245098
1.66667 0 0 0 0
1.83333 0.0073178 0.00402672 0.0073178 0.00402672
2 0.00513915 0.00257777 0.00513915 0.00257777
2.16667 0.00231481 0.00231481 0.00231481 0.00231481
2.33333 0 0 0 0
2.5 0.00490196 0.00490196 0.00490196 0.00490196
2.66667 0.00769116 0.004671 0.00769116 0.004671
2.83333 0 0 0 0
3 0 0 0 0
3.16667 0.00245098 0.00245098 0.00245098 0.00245098
3.33333 0 0 0 0
3.5 0 0 0 0
3.66667 0 0 0 0
3.83333 0.0047658 0.00238581 0.0047658 0.00238581
4 0.0102783 0.00515555 0.0102783 0.00515555
4.16667 0 0 0 0
4.33333 0 0 0 0
4.5 0.00245098 0.00245098 0.00245098 0.00245098
4.66667 0.00245098 0.00245098 0.00245098 0.00245098
4.83333 0.00268817 0.00268817 0.00268817 0.00268817
5 0.00513915 0.00257777 0.00513915 0.00257777
5.16667 0 0 0 0
5.33333 0.00268817 0.00268817 0.00268817 0.00268817
5.5 0.00500299 0.0025223 0.00500299 0.0025223
5.66667 0 0 0 0
5.83333 0 0 0 0
6 0 0 0 0
6.16667 0.00245098 0.00245098 0.00245098 0.00245098
6.33333 0.00268817 0.00268817 0.00268817 0.00268817
6.5 0.00513915 0.00257777 0.00513915 0.00257777
6.66667 0 0 0 0
6.83333 0.00268817 0.00268817 0.00268817 0.00268817
7 0.00245098 0.00245098 0.00245098 0.00245098
7.16667 0 0 0 0
7.33333 0.00268817 0.00268817 0.00268817 0.00268817
7.5 0 0 0 0
7.66667 0 0 0 0
7.83333 0 0 0 0
8 0 0 0 0
8.16667 0 0 0 0
8.33333 0 0 0 0
8.5 0 0 0 0
8.66667 0.00268817 0.00268817 0.00268817 0.00268817
8.83333 0.00268817 0.00268817 0.00268817 0.00268817
9 0 0 0 0
9.16667 0.00231481 0.00231481 0.00231481 0.00231481
9.33333 0 0 0 0
9.5 0 0 0 0
9.66667 0 0 0 0
9.83333 0 0 0 0
10 0 0 0 0
11 0 0 0 0
12 0.00245098 0.00245098 0.00245098 0.00245098
13 0 0 0 0
14 0 0 0 0
15 0 0 0 0
16 0 0 0 0
17 0 0 0 0
18 0 0 0 0
19 0 0 0 0
20 0 0 0 0
21 0 0 0 0
22 0 0 0 0
23 0 0 0 0
24 0 0 0 0
25 0 0 0 0
26 0 0 0 0
27 0 0 0 0
28 0 0 0 0
29 0 0 0 0
30 0 0 0 0
31 0 0 0 0
32 0 0 0 0
33 0 0 0 0
34 0 0 0 0
35 0 0 0 0
36 0 0 0 0
37 0 0 0 0
38 0 0 0 0
39 0 0 0 0
40 0 0 0 0
41 0 0 0 0
42 0 0 0 0
43 0 0 0 0
44 0 0 0 0
45 0 0 0 0
46 0 0 0 0
47 0 0 0 0
48 0 0 0 0
49 0 0 0 0
50 0 0 0 0
51 0 0 0 0
52 0 0 0 0
53 0 0 0 0
54 0 0 0 0
55 0 0 0 0
56 0 0 0 0
57 0 0 0 0
58 0 0 0 0
59 0 0 0 0
60 0 0 0 0
70 0 0 0 0
80 0 0 0 0
90 0 0 0 0
100 0 0 0 0
110 0 0 0 0
120 0 0 0 0
130 0 0 0 0
140 0 0 0 0
150 0 0 0 0
160 0 0 0 0
170 0 0 0 0
180 0 0 0 0
190 0 0 0 0
200 0 0 0 0
210 0 0 0 0
220 0 0 0 0
230 0 0 0 0
240 0 0 0 0
250 0 0 0 0
260 0 0 0 0
270 0 0 0 0
280 0 0 0 0
290 0 0 0 0
300 0 0 0 0
310 0 0 0 0
320 0 0 0 0
330 0 0 0 0
340 0 0 0 0
350 0 0 0 0
360 0 0 0 0
370 0 0 0 0
380 0 0 0 0
390 0 0 0 0
400 0 0 0 0
410 0 0 0 0
420 0 0 0 0
430 0 0 0 0
440 0 0 0 0
450 0 0 0 0
460 0 0 0 0
470 0 0 0 0
480 0 0 0 0
490 0 0 0 0
500 0 0 0 0
510 0 0 0 0
520 0 0 0 0
530 0 0 0 0
540 0 0 0 0
550 0 0 0 0
560 0 0 0 0
570 0 0 0 0
580 0 0 0 0
590 0 0 0 0
600 0 0 0 0
610 0 0 0 0
620 0 0 0 0
630 0 0 0 0
640 0 0 0 0
650 0 0 0 0
660 0 0 0 0
670 0 0 0 0
680 0 0 0 0
690 0 0 0 0
700 0 0 0 0
710 0 0 0 0
720 0 0 0 0
730 0 0 0 0
740 0 0 0 0
750 0 0 0 0
760 0 0 0 0
770 0 0 0 0
780 0 0 0 0
790 0 0 0 0
800 0 0 0 0
810 0 0 0 0
820 0 0 0 0
830 0 0 0 0
840 0 0 0 0
850 0 0 0 0
860 0 0 0 0
870 0 0 0 0
880 0 0 0 0
890 0 0 0 0
900 0 0 0 0
910 0 0 0 0
920 0 0 0 0
930 0 0 0 0
940 0 0 0 0
950 0 0 0 0
960 0 0 0 0
970 0 0 0 0
980 0 0 0 0
990 0 0 0 0
1000 0 0 0 0
1010 0 0 0 0
1020 0 0 0 0
1030 0 0 0 0
1040 0 0 0 0
1050 0 0 0 0
1060 0 0 0 0
1070 0 0 0 0
1080 0 0 0 0
1090 0 0 0 0
1100 0 0 0 0
1110 0 0 0 0
1120 0 0 0 0
1130 0 0 0 0
1140 0 0 0 0
1150 0 0 0 0
1160 0 0 0 0
1170 0 0 0 0
1180 0 0 0 0
1190 0 0 0 0
1200 0 0 0 0
1210 0 0 0 0
1220 0 0 0 0
1230 0 0 0 0
1240 0 0 0 0
1250 0 0 0 0
1260 0 0 0 0
1270 0 0 0 0
1280 0 0 0 0
1290 0 0 0 0
1300 0 0 0 0
1310 0 0 0 0
1320 0 0 0 0
1330 0 0 0 0
1340 0 0 0 0
1350 0 0 0 0
1360 0 0 0 0
1370 0 0 0 0
1380 0 0 0 0
1390 0 0 0 0
1400 0 0 0 0
1410 0 0 0 0
1420 0 0 0 0
1430 0 0 0 0
1440 0 0 0 0


DSBEnd_Inhibited
0 0 0 0 0
0.0166667 0.975499 0.0126557 0.459906 0.00628032
0.0333333 1 0 0.471752 0.0119776
0.05 0.871206 0.0202483 0.410653 0.0076716
0.0666667 0.806349 0.043279 0.379507 0.0125965
0.0833333 0.668343 0.0325768 0.314736 0.0108042
0.1 0.555353 0.0122734 0.261947 0.00825043
0.116667 0.496112 0.0237759 0.23431 0.0152281
0.133333 0.449059 0.0165065 0.212084 0.0120462
0.15 0.386664 0.00593102 0.182541 0.00727108
0.166667 0.358903 0.0187994 0.169711 0.0126809
0.183333 0.359134 0.0176632 0.169812 0.0125606
0.2 0.335324 0.0367622 0.159059 0.021254
0.216667 0.304357 0.0337512 0.144388 0.0196694
0.233333 0.274187 0.0303372 0.129889 0.0165611
0.25 0.209738 0.0362926 0.0998006 0.0195281
0.266667 0.179798 0.0274994 0.0854022 0.0146856
0.283333 0.200578 0.0275775 0.095272 0.0155358
0.3 0.169381 0.0249345 0.0805002 0.0137755
0.316667 0.154783 0.0167877 0.0734196 0.00976493
0.333333 0.140698 0.0090214 0.0664752 0.00514863
0.35 0.112425 0.0210021 0.0535087 0.0110588
0.366667 0.117633 0.0231022 0.0559597 0.0118883
0.383333 0.0970825 0.0220445 0.0461909 0.011039
0.4 0.0879234 0.00836499 0.0416623 0.00487774
0.416667 0.0985706 0.00716951 0.0466653 0.00457816
0.433333 0.0926182 0.0119206 0.0439771 0.00672577
0.45 0.0728119 0.00639043 0.0344455 0.0037029
0.466667 0.066346 0.0162383 0.0316212 0.0085173
0.483333 0.0725813 0.0116487 0.0343445 0.00575469
0.5 0.082998 0.021557 0.0392464 0.0102496
0.516667 0.0785337 0.00761369 0.0370326 0.00361321
0.533333 0.0780202 0.00377579 0.0368965 0.00271683
0.55 0.0522615 0.00280916 0.0246767 0.0016685
0.566667 0.0631916 0.0156246 0.0297148 0.00726644
0.583333 0.090952 0.017319 0.0425452 0.00743715
0.6 0.090952 0.017319 0.0425452 0.00743715
0.616667 0.0857436 0.0152026 0.0400942 0.00628032
0.633333 0.0834591 0.0108184 0.0394485 0.00555958
0.65 0.0839726 0.00323288 0.0395847 0.00146239
0.666667 0.0822015 0.0154537 0.0390751 0.00828108
0.683333 0.0782508 0.0159162 0.0369975 0.00784322
0.7 0.0881539 0.0144956 0.0417633 0.00758136
0.716667 0.0767627 0.013014 0.0365231 0.00704978
0.733333 0.0879234 0.00836499 0.0416623 0.00487774
0.75 0.068117 0.00282349 0.0321307 0.00153432
0.766667 0.068117 0.00282349 0.0321307 0.00153432
0.783333 0.083742 0.0128198 0.0394836 0.00603555
0.8 0.0738389 0.0108669 0.0347178 0.00487462
0.816667 0.0832285 0.00647527 0.0393475 0.00361462
0.833333 0.0730948 0.0181577 0.0344806 0.00855775
0.85 0.110245 0.00777963 0.0519406 0.00344208
0.866667 0.119121 0.0108811 0.056434 0.00656582
0.883333 0.103496 0.0226897 0.0490811 0.0115616
0.9 0.113399 0.0223912 0.0538469 0.0117598
0.916667 0.0988011 0.0190135 0.0467663 0.00958607
0.933333 0.0881539 0.0144956 0.0417633 0.00758136
0.95 0.0780202 0.00377579 0.0368965 0.00271683
0.966667 0.0686305 0.00644308 0.0322668 0.00259431
0.983333 0.0599849 0.0176876 0.0278744 0.00766937
1 0.0594714 0.0149667 0.0277382 0.0063021
1.16667 0.0711456 0.0230633 0.0330136 0.0101339
1.33333 0.0413837 0.0186103 0.0195727 0.00875889
1.5 0.053519 0.0090536 0.0250501 0.00362132
1.66667 0.0602679 0.0320632 0.0279096 0.0150165
1.83333 0.0562123 0.0105011 0.0267543 0.00552941
2 0.0480801 0.0102838 0.0224981 0.00456055
2.16667 0.0210639 0.0052082 0.00990495 0.00242215
2.33333 0.0265028 0.00585881 0.012457 0.00263266
2.5 0.016369 0.00905173 0.00759013 0.00425184
2.66667 0.0369194 0.00543347 0.0173589 0.00243731
2.83333 0.0252452 0.00852853 0.0120836 0.00437969
3 0.0477972 0.0166655 0.0224629 0.0076649
3.16667 0.0245012 0.0126557 0.0118464 0.00618168
3.33333 0.0259893 0.013131 0.0123208 0.0063083
3.5 0.0119048 0.0119048 0.00537634 0.00537634
3.66667 0.0212944 0.0108677 0.010006 0.00504461
3.83333 0.0205504 0.00386343 0.00976878 0.00207027
4 0.0140845 0.0140845 0.00694444 0.00694444
4.16667 0.014598 0.00814789 0.00708061 0.00401169
4.33333 0.014598 0.00814789 0.00708061 0.00401169
4.5 0.0153421 0.00822836 0.0073178 0.00402672
4.66667 0.0418972 0.0259493 0.0197089 0.0122087
4.83333 0.014598 0.00814789 0.00708061 0.00401169
5 0.016369 0.00905173 0.00759013 0.00425184
5.16667 0.0223214 0.0112349 0.0102783 0.00515555
5.33333 0.0111607 0.00561744 0.00513915 0.00257777
5.5 0.0158555 0.00109515 0.00745397 0.000327259
5.66667 0.00469484 0.00469484 0.00231481 0.00231481
5.83333 0.00938967 0.00938967 0.00462963 0.00462963
6 0.0151115 0.0090357 0.00721678 0.00424741
6.16667 0.00520833 0.00520833 0.00245098 0.00245098
6.33333 0.00595238 0.00595238 0.00268817 0.00268817
6.5 0.0119048 0.0119048 0.00537634 0.00537634
6.66667 0.0299401 0.0132147 0.0143984 0.00669284
6.83333 0.0153421 0.00822836 0.0073178 0.00402672
7 0.0247317 0.0166227 0.0119474 0.00825043
7.16667 0.014598 0.00814789 0.00708061 0.00401169
7.33333 0.00520833 0.00520833 0.00245098 0.00245098
7.5 0.0140845 0.0140845 0.00694444 0.00694444
7.66667 0.0187793 0.0187793 0.00925926 0.00925926
7.83333 0.0140845 0.0140845 0.00694444 0.00694444
8 0.0245012 0.0126557 0.0118464 0.00618168
8.16667 0.00938967 0.00938967 0.00462963 0.00462963
8.33333 0 0 0 0
8.5 0.00469484 0.00469484 0.00231481 0.00231481
8.66667 0.00469484 0.00469484 0.00231481 0.00231481
8.83333 0.0119048 0.0119048 0.00537634 0.00537634
9 0.016369 0.00905173 0.00759013 0.00425184
9.16667 0.0210639 0.0052082 0.00990495 0.00242215
9.33333 0.0158555 0.00109515 0.00745397 0.000327259
9.5 0.0210639 0.0052082 0.00990495 0.00242215
9.66667 0.0171131 0.0103366 0.00782732 0.00466209
9.83333 0.0111607 0.00561744 0.00513915 0.00257777
10 0.0111607 0.00561744 0.00513915 0.00257777
11 0 0 0 0
12 0.00520833 0.00520833 0.00245098 0.00245098
13 0 0 0 0
14 0.00469484 0.00469484 0.00231481 0.00231481
15 0 0 0 0
16 0 0 0 0
17 0 0 0 0
18 0.00520833 0.00520833 0.00245098 0.00245098
19 0.00469484 0.00469484 0.00231481 0.00231481
20 0 0 0 0
21 0 0 0 0
22 0 0 0 0
23 0 0 0 0
24 0 0 0 0
25 0 0 0 0
26 0.00520833 0.00520833 0.00245098 0.00245098
27 0 0 0 0
28 0 0 0 0
29 0 0 0 0
30 0 0 0 0
31 0 0 0 0
32 0 0 0 0
33 0 0 0 0
34 0 0 0 0
35 0 0 0 0
36 0 0 0 0
37 0 0 0 0
38 0 0 0 0
39 0 0 0 0
40 0 0 0 0
41 0 0 0 0
42 0 0 0 0
43 0 0 0 0
44 0 0 0 0
45 0 0 0 0
46 0 0 0 0
47 0 0 0 0
48 0 0 0 0
49 0 0 0 0
50 0 0 0 0
51 0 0 0 0
52 0 0 0 0
53 0 0 0 0
54 0 0 0 0
55 0 0 0 0
56 0 0 0 0
57 0 0 0 0
58 0 0 0 0
59 0 0 0 0
60 0 0 0 0
70 0 0 0 0
80 0 0 0 0
90 0 0 0 0
100 0 0 0 0
110 0 0 0 0
120 0 0 0 0
130 0 0 0 0
140 0 0 0 0
150 0 0 0 0
160 0 0 0 0
170 0 0 0 0
180 0 0 0 0
190 0 0 0 0
200 0 0 0 0
210 0 0 0 0
220 0 0 0 0
230 0 0 0 0
240 0 0 0 0
250 0 0 0 0
260 0 0 0 0
270 0 0 0 0
280 0 0 0 0
290 0 0 0 0
300 0 0 0 0
310 0 0 0 0
320 0 0 0 0
330 0 0 0 0
340 0 0 0 0
350 0 0 0 0
360 0 0 0 0
370 0 0 0 0
380 0 0 0 0
390 0 0 0 0
400 0 0 0 0
410 0 0 0 0
420 0 0 0 0
430 0 0 0 0
440 0 0 0 0
450 0 0 0 0
460 0 0 0 0
470 0 0 0 0
480 0 0 0 0
490 0 0 0 0
500 0 0 0 0
510 0 0 0 0
520 0 0 0 0
530 0 0 0 0
540 0 0 0 0
550 0 0 0 0
560 0 0 0 0
570 0 0 0 0
580 0 0 0 0
590 0 0 0 0
600 0 0 0 0
610 0 0 0 0
620 0 0 0 0
630 0 0 0 0
640 0 0 0 0
650 0 0 0 0
660 0 0 0 0
670 0 0 0 0
680 0 0 0 0
690 0 0 0 0
700 0 0 0 0
710 0 0 0 0
720 0 0 0 0
730 0 0 0 0
740 0 0 0 0
750 0 0 0 0
760 0 0 0 0
770 0 0 0 0
780 0 0 0 0
790 0 0 0 0
800 0 0 0 0
810 0 0 0 0
820 0 0 0 0
830 0 0 0 0
840 0 0 0 0
850 0 0 0 0
860 0 0 0 0
870 0 0 0 0
880 0 0 0 0
890 0 0 0 0
900 0 0 0 0
910 0 0 0 0
920 0 0 0 0
930 0 0 0 0
940 0 0 0 0
950 0 0 0 0
960 0 0 0 0
970 0 0 0 0
980 0 0 0 0
990 0 0 0 0
1000 0 0 0 0
1010 0 0 0 0
1020 0 0 0 0
1030 0 0 0 0
1040 0 0 0 0
1050 0 0 0 0
1060 0 0 0 0
1070 0 0 0 0
1080 0 0 0 0
1090 0 0 0 0
1100 0 0 0 0
1110 0 0 0 0
1120 0 0 0 0
1130 0 0 0 0
1140 0 0 0 0
1150 0 0 0 0
1160 0 0 0 0
1170 0 0 0 0
1180 0 0 0 0
1190 0 0 0 0
1200 0 0 0 0
1210 0 0 0 0
1220 0 0 0 0
1230 0 0 0 0
1240 0 0 0 0
1250 0 0 0 0
1260 0 0 0 0
1270 0 0 0 0
1280 0 0 0 0
1290 0 0 0 0
1300 0 0 0 0
1310 0 0 0 0
1320 0 0 0 0
1330 0 0 0 0
1340 0 0 0 0
1350 0 0 0 0
1360 0 0 0 0
1370 0 0 0 0
1380 0 0 0 0
1390 0 0 0 0
1400 0 0 0 0
1410 0 0 0 0
1420 0 0 0 0
1430 0 0 0 0
1440 0 0 0 0


DSBEnd_Ku
0 0 0 0 0
0.0166667 1 0 0.220083 0.00777544
0.0333333 0.704766 0.0771304 0.154728 0.0155358
0.05 0.501163 0.0588639 0.109868 0.0111895
0.0666667 0.370011 0.0842658 0.0805266 0.0162231
0.0833333 0.274659 0.0464642 0.0597328 0.00833224
0.1 0.256229 0.0856785 0.055068 0.0173158
0.116667 0.237929 0.0157829 0.0521778 0.00229081
0.133333 0.327414 0.0232179 0.0717153 0.00297965
0.15 0.273987 0.0367532 0.0600051 0.00694458
0.166667 0.118667 0.0401293 0.0265171 0.00924514
0.183333 0.13322 0.0276668 0.0297148 0.00726644
0.2 0.0956886 0.049092 0.0206576 0.0100845
0.216667 0.0655759 0.0159692 0.0146707 0.00405868
0.233333 0.128283 0.0493357 0.0274659 0.0101856
0.25 0.141904 0.03336 0.0316563 0.00822376
0.266667 0.162402 0.0612985 0.0366944 0.0151197
0.283333 0.0524194 0.037466 0.0121187 0.00887587
0.3 0.112386 0.00828486 0.0248129 0.00249567
0.316667 0.0999018 0.0153539 0.0219885 0.00336289
0.333333 0.0974979 0.0295411 0.0217514 0.00685966
0.35 0.0423387 0.0211774 0.00953159 0.00477163
0.366667 0.0128205 0.0128205 0.00268817 0.00268817
0.383333 0.0426747 0.0285144 0.00939542 0.00610016
0.4 0.0659119 0.0169196 0.0145346 0.00368704
0.416667 0.0655759 0.0159692 0.0146707 0.00405868
0.433333 0.0232372 0.0118036 0.00513915 0.00257777
0.45 0.0211694 0.0105887 0.0047658 0.00238581
0.466667 0.0235732 0.0119219 0.00500299 0.0025223
0.483333 0.025641 0.025641 0.00537634 0.00537634
0.5 0.0128205 0.0128205 0.00268817 0.00268817
0.516667 0.0638441 0.0372545 0.0141612 0.00802338
0.533333 0.0107527 0.0107527 0.00231481 0.00231481
0.55 0.0343259 0.0187386 0.0073178 0.00402672
0.566667 0.0492142 0.0343707 0.0103793 0.00719214
0.583333 0.0447426 0.0101036 0.00976878 0.00207027
0.6 0.0104167 0.0104167 0.00245098 0.00245098
0.616667 0.03125 0.03125 0.00735294 0.00735294
0.633333 0.057227 0.0131605 0.0125931 0.00285406
0.65 0.0339899 0.00225469 0.00745397 0.000327259
0.666667 0.0444065 0.00922227 0.00990495 0.00242215
0.683333 0.0208333 0.0208333 0.00490196 0.00490196
0.7 0.0339899 0.00225469 0.00745397 0.000327259
0.716667 0.0464744 0.0236072 0.0102783 0.00515555
0.733333 0.0447426 0.0101036 0.00976878 0.00207027
0.75 0.0766646 0.0270878 0.0168494 0.00579077
0.766667 0.0770006 0.0421962 0.0167132 0.00900684
0.783333 0.0423387 0.0211774 0.00953159 0.00477163
0.8 0.0208333 0.0208333 0.00490196 0.00490196
0.816667 0.0208333 0.0208333 0.00490196 0.00490196
0.833333 0.0211694 0.0105887 0.0047658 0.00238581
0.85 0.0339899 0.00225469 0.00745397 0.000327259
0.866667 0.0128205 0.0128205 0.00268817 0.00268817
0.883333 0.0339899 0.00225469 0.00745397 0.000327259
0.9 0.0468104 0.0150592 0.0101421 0.00299577
0.916667 0.0659119 0.0169196 0.0145346 0.00368704
0.933333 0.057227 0.0131605 0.0125931 0.00285406
0.95 0.0578991 0.0295113 0.0123208 0.0063083
0.966667 0.0471464 0.0238437 0.010006 0.00504461
0.983333 0.0384615 0.0384615 0.00806452 0.00806452
1 0.0488782 0.0344551 0.0105155 0.00716085
1.16667 0.0894851 0.0202072 0.0195376 0.00414054
1.33333 0.0339899 0.00225469 0.00745397 0.000327259
1.5 0.0215054 0.0215054 0.00462963 0.00462963
1.66667 0.0104167 0.0104167 0.00245098 0.00245098
1.83333 0.0416667 0.0416667 0.00980392 0.00980392
2 0.0235732 0.0119219 0.00500299 0.0025223
2.16667 0.0343259 0.0187386 0.0073178 0.00402672
2.33333 0.0420027 0.0274984 0.00966776 0.00651179
2.5 0.0235732 0.0119219 0.00500299 0.0025223
2.66667 0.0107527 0.0107527 0.00231481 0.00231481
2.83333 0 0 0 0
3 0.0128205 0.0128205 0.00268817 0.00268817
3.16667 0.0471464 0.0238437 0.010006 0.00504461
3.33333 0.0128205 0.0128205 0.00268817 0.00268817
3.5 0.025641 0.025641 0.00537634 0.00537634
3.66667 0 0 0 0
3.83333 0.0104167 0.0104167 0.00245098 0.00245098
4 0 0 0 0
4.16667 0.0211694 0.0105887 0.0047658 0.00238581
4.33333 0 0 0 0
4.5 0.0235732 0.0119219 0.00500299 0.0025223
4.66667 0.0104167 0.0104167 0.00245098 0.00245098
4.83333 0.0440705 0.0272082 0.0100411 0.00644407
5 0 0 0 0
5.16667 0 0 0 0
5.33333 0 0 0 0
5.5 0 0 0 0
5.66667 0 0 0 0
5.83333 0 0 0 0
6 0.0104167 0.0104167 0.00245098 0.00245098
6.16667 0.0232372 0.0118036 0.00513915 0.00257777
6.33333 0 0 0 0
6.5 0 0 0 0
6.66667 0 0 0 0
6.83333 0 0 0 0
7 0.0104167 0.0104167 0.00245098 0.00245098
7.16667 0 0 0 0
7.33333 0.0128205 0.0128205 0.00268817 0.00268817
7.5 0.0107527 0.0107527 0.00231481 0.00231481
7.66667 0 0 0 0
7.83333 0.0128205 0.0128205 0.00268817 0.00268817
8 0 0 0 0
8.16667 0 0 0 0
8.33333 0 0 0 0
8.5 0 0 0 0
8.66667 0 0 0 0
8.83333 0 0 0 0
9 0.0104167 0.0104167 0.00245098 0.00245098
9.16667 0 0 0 0
9.33333 0.0104167 0.0104167 0.00245098 0.00245098
9.5 0 0 0 0
9.66667 0.0107527 0.0107527 0.00231481 0.00231481
9.83333 0 0 0 0
10 0 0 0 0
11 0.0128205 0.0128205 0.00268817 0.00268817
12 0.0104167 0.0104167 0.00245098 0.00245098
13 0 0 0 0
14 0 0 0 0
15 0 0 0 0
16 0 0 0 0
17 0 0 0 0
18 0 0 0 0
19 0.0107527 0.0107527 0.00231481 0.00231481
20 0 0 0 0
21 0 0 0 0
22 0 0 0 0
23 0 0 0 0
24 0 0 0 0
25 0 0 0 0
26 0 0 0 0
27 0 0 0 0
28 0 0 0 0
29 0 0 0 0
30 0 0 0 0
31 0 0 0 0
32 0 0 0 0
33 0 0 0 0
34 0 0 0 0
35 0 0 0 0
36 0 0 0 0
37 0 0 0 0
38 0 0 0 0
39 0 0 0 0
40 0 0 0 0
41 0 0 0 0
42 0 0 0 0
43 0 0 0 0
44 0 0 0 0
45 0 0 0 0
46 0 0 0 0
47 0 0 0 0
48 0 0 0 0
49 0 0 0 0
50 0 0 0 0
51 0 0 0 0
52 0 0 0 0
53 0 0 0 0
54 0 0 0 0
55 0 0 0 0
56 0 0 0 0
57 0 0 0 0
58 0 0 0 0
59 0 0 0 0
60 0 0 0 0
70 0 0 0 0
80 0 0 0 0
90 0 0 0 0
100 0 0 0 0
110 0 0 0 0
120 0 0 0 0
130 0 0 0 0
140 0 0 0 0
150 0 0 0 0
160 0 0 0 0
170 0 0 0 0
180 0 0 0 0
190 0 0 0 0
200 0 0 0 0
210 0 0 0 0
220 0 0 0 0
230 0 0 0 0
240 0 0 0 0
250 0 0 0 0
260 0 0 0 0
270 0 0 0 0
280 0 0 0 0
290 0 0 0 0
300 0 0 0 0
310 0 0 0 0
320 0 0 0 0
330 0 0 0 0
340 0 0 0 0
350 0 0 0 0
360 0 0 0 0
370 0 0 0 0
380 0 0 0 0
390 0 0 0 0
400 0 0 0 0
410 0 0 0 0
420 0 0 0 0
430 0 0 0 0
440 0 0 0 0
450 0 0 0 0
460 0 0 0 0
470 0 0 0 0
480 0 0 0 0
490 0 0 0 0
500 0 0 0 0
510 0 0 0 0
520 0 0 0 0
530 0 0 0 0
540 0 0 0 0
550 0 0 0 0
560 0 0 0 0
570 0 0 0 0
580 0 0 0 0
590 0 0 0 0
600 0 0 0 0
610 0 0 0 0
620 0 0 0 0
630 0 0 0 0
640 0 0 0 0
650 0 0 0 0
660 0 0 0 0
670 0 0 0 0
680 0 0 0 0
690 0 0 0 0
700 0 0 0 0
710 0 0 0 0
720 0 0 0 0
730 0 0 0 0
740 0 0 0 0
750 0 0 0 0
760 0 0 0 0
770 0 0 0 0
780 0 0 0 0
790 0 0 0 0
800 0 0 0 0
810 0 0 0 0
820 0 0 0 0
830 0 0 0 0
840 0 0 0 0
850 0 0 0 0
860 0 0 0 0
870 0 0 0 0
880 0 0 0 0
890 0 0 0 0
900 0 0 0 0
910 0 0 0 0
920 0 0 0 0
930 0 0 0 0
940 0 0 0 0
950 0 0 0 0
960 0 0 0 0
970 0 0 0 0
980 0 0 0 0
990 0 0 0 0
1000 0 0 0 0
1010 0 0 0 0
1020 0 0 0 0
1030 0 0 0 0
1040 0 0 0 0
1050 0 0 0 0
1060 0 0 0 0
1070 0 0 0 0
1080 0 0 0 0
1090 0 0 0 0
1100 0 0 0 0
1110 0 0 0 0
1120 0 0 0 0
1130 0 0 0 0
1140 0 0 0 0
1150 0 0 0 0
1160 0 0 0 0
1170 0 0 0 0
1180 0 0 0 0
1190 0 0 0 0
1200 0 0 0 0
1210 0 0 0 0
1220 0 0 0 0
1230 0 0 0 0
1240 0 0 0 0
1250 0 0 0 0
1260 0 0 0 0
1270 0 0 0 0
1280 0 0 0 0
1290 0 0 0 0
1300 0 0 0 0
1310 0 0 0 0
1320 0 0 0 0
1330 0 0 0 0
1340 0 0 0 0
1350 0 0 0 0
1360 0 0 0 0
1370 0 0 0 0
1380 0 0 0 0
1390 0 0 0 0
1400 0 0 0 0
1410 0 0 0 0
1420 0 0 0 0
1430 0 0 0 0
1440 0 0 0 0


DSBEnd_PKcs
0 0 0 0 0
0.0166667 0.416059 0.0897673 0.0689261 0.00705731
0.0333333 0.608718 0.19942 0.09854 0.0208157
0.05 0.657517 0.117528 0.110316 0.0124808
0.0666667 0.570445 0.166034 0.0927551 0.0185642
0.0833333 0.521511 0.123887 0.0859117 0.0113051
0.1 0.603671 0.0971523 0.10143 0.00443386
0.116667 0.729528 0.0827012 0.124403 0.00750736
0.133333 0.734251 0.106795 0.124165 0.00659718
0.15 0.705101 0.0884816 0.120559 0.0129601
0.166667 0.695466 0.0625723 0.118754 0.00438716
0.183333 0.682645 0.0748294 0.116066 0.00453016
0.2 0.673009 0.0848099 0.11426 0.00513714
0.216667 0.673009 0.0848099 0.11426 0.00513714
0.233333 0.655466 0.0673344 0.11181 0.00490888
0.25 0.646343 0.099251 0.109631 0.00972391
0.266667 0.611444 0.0177342 0.107009 0.0140502
0.283333 0.642321 0.0194108 0.111774 0.0121886
0.3 0.646532 0.020135 0.111911 0.00966273
0.316667 0.601997 0.0659096 0.107483 0.022873
0.333333 0.616356 0.0826537 0.109051 0.0214538
0.35 0.6383 0.121189 0.113918 0.0276624
0.366667 0.598812 0.0981959 0.1066 0.0239031
0.383333 0.611633 0.100096 0.109288 0.0252762
0.4 0.637787 0.112738 0.114291 0.0277929
0.416667 0.681997 0.117406 0.121372 0.0276851
0.433333 0.601997 0.0659096 0.107483 0.022873
0.45 0.645695 0.0614625 0.114937 0.0230592
0.466667 0.676572 0.0489113 0.119703 0.021051
0.483333 0.703239 0.0652802 0.124332 0.0221157
0.5 0.703752 0.0755763 0.123959 0.0215392
0.516667 0.703752 0.0755763 0.123959 0.0215392
0.533333 0.681997 0.117406 0.121372 0.0276851
0.55 0.668664 0.106405 0.119057 0.026441
0.566667 0.62969 0.0944704 0.111366 0.0227732
0.583333 0.616869 0.0962934 0.108678 0.0218713
0.6 0.656356 0.119069 0.115996 0.0258355
0.616667 0.656356 0.119069 0.115996 0.0258355
0.633333 0.664777 0.0684246 0.116268 0.0179201
0.65 0.707962 0.049245 0.124095 0.0180211
0.666667 0.707962 0.049245 0.124095 0.0180211
0.683333 0.681808 0.0396207 0.119092 0.0155
0.7 0.699352 0.0315653 0.121543 0.0130624
0.716667 0.725506 0.0373202 0.126546 0.0155845
0.733333 0.703239 0.0652802 0.124332 0.0221157
0.75 0.703239 0.0652802 0.124332 0.0221157
0.766667 0.746937 0.0611899 0.131786 0.022228
0.783333 0.786937 0.0952194 0.138731 0.0252954
0.8 0.80448 0.0815411 0.141182 0.0228495
0.816667 0.711849 0.0949894 0.126884 0.0270481
0.833333 0.716059 0.069129 0.127021 0.0239583
0.85 0.703239 0.0652802 0.124332 0.0221157
0.866667 0.734116 0.0601892 0.129098 0.0205426
0.883333 0.721296 0.0618871 0.12641 0.0190883
0.9 0.716572 0.075693 0.126647 0.0229817
0.916667 0.77309 0.0737704 0.136789 0.0247441
0.933333 0.817301 0.0797584 0.14387 0.0241533
0.95 0.790634 0.0571595 0.13924 0.0223445
0.966667 0.76448 0.0450352 0.134237 0.019833
0.983333 0.711147 0.0290673 0.124978 0.0192798
1 0.697814 0.0379207 0.122663 0.0198266
1.16667 0.694953 0.0508083 0.119127 0.00543571
1.33333 0.732389 0.0664029 0.127939 0.0207836
1.5 0.719244 0.0649761 0.127903 0.0262119
1.66667 0.705911 0.0701636 0.125589 0.0267435
1.83333 0.768178 0.0208574 0.134747 0.0192231
2 0.776275 0.0584214 0.137672 0.0261082
2.16667 0.706937 0.0402699 0.124842 0.0210893
2.33333 0.745911 0.0623417 0.132533 0.0257469
2.5 0.710823 0.0955473 0.127631 0.0300679
2.66667 0.768367 0.0952125 0.137026 0.0289593
2.83333 0.803968 0.068092 0.141555 0.023151
3 0.868583 0.0921873 0.154623 0.0311935
3.16667 0.842429 0.0791143 0.14962 0.0287263
3.33333 0.812065 0.0908192 0.14448 0.0290893
3.5 0.784885 0.0844869 0.140224 0.0304086
3.66667 0.811552 0.0908417 0.144854 0.0306584
3.83333 0.829609 0.0734132 0.146931 0.0267271
4 0.798219 0.0867026 0.142539 0.0304459
4.16667 0.859973 0.0615719 0.152071 0.0264344
4.33333 0.829096 0.0735022 0.147305 0.0284108
4.5 0.842429 0.0791143 0.14962 0.0287263
4.66667 0.907881 0.0350058 0.159661 0.0242389
4.83333 0.934035 0.0473931 0.164664 0.0265857
5 0.776788 0.0481681 0.137299 0.023636
5.16667 0.74305 0.0312427 0.128997 0.0131532
5.33333 0.760594 0.034278 0.131448 0.0107309
5.5 0.786235 0.00902873 0.136824 0.0147575
5.66667 0.729717 0.0198632 0.126682 0.0124687
5.83333 0.74305 0.0312427 0.128997 0.0131532
6 0.748286 0.0680327 0.128387 0.0102644
6.16667 0.747773 0.0470618 0.12876 0.00924739
6.33333 0.691768 0.0787916 0.118244 0.0107153
6.5 0.722132 0.0726681 0.123384 0.00834251
6.66667 0.722132 0.0726681 0.123384 0.00834251
6.83333 0.744076 0.0764735 0.12825 0.0143919
7 0.757922 0.111086 0.130192 0.0189653
7.16667 0.788286 0.0994837 0.135331 0.0165753
7.33333 0.788286 0.0994837 0.135331 0.0165753
7.5 0.770742 0.100916 0.13288 0.0184963
7.66667 0.744076 0.0764735 0.12825 0.0143919
7.83333 0.770229 0.0786246 0.133253 0.0165035
8 0.757409 0.0885341 0.130565 0.0164092
8.16667 0.770742 0.100916 0.13288 0.0184963
8.33333 0.745101 0.121758 0.127504 0.0197915
8.5 0.758435 0.133671 0.129819 0.0220843
8.66667 0.771255 0.123338 0.132507 0.0212008
8.83333 0.731255 0.0875354 0.125562 0.0145688
9 0.713711 0.0887255 0.123111 0.016544
9.16667 0.722834 0.119628 0.12529 0.0227441
9.33333 0.68386 0.12403 0.117599 0.0216002
9.5 0.68386 0.12403 0.117599 0.0216002
9.66667 0.679136 0.120998 0.117836 0.0228924
9.83333 0.68807 0.109714 0.117735 0.0177238
10 0.68807 0.109714 0.117735 0.0177238
11 0.740702 0.120847 0.125088 0.0143302
12 0.718758 0.131486 0.120221 0.0123901
13 0.736302 0.143818 0.122672 0.0130856
14 0.749636 0.147345 0.124987 0.0146332
15 0.701215 0.120453 0.11777 0.0121576
16 0.726856 0.094978 0.123146 0.00798949
17 0.691768 0.0787916 0.118244 0.0107153
18 0.674224 0.0756646 0.115793 0.0125831
19 0.65668 0.0765357 0.113342 0.0146241
20 0.65668 0.0765357 0.113342 0.0146241
21 0.65668 0.0765357 0.113342 0.0146241
22 0.65668 0.0765357 0.113342 0.0146241
23 0.65668 0.0765357 0.113342 0.0146241
24 0.691768 0.0787916 0.118244 0.0107153
25 0.65668 0.0765357 0.113342 0.0146241
26 0.648583 0.0993161 0.110417 0.01424
27 0.631039 0.0977058 0.107966 0.0156566
28 0.631039 0.0977058 0.107966 0.0156566
29 0.631039 0.0977058 0.107966 0.0156566
30 0.631039 0.0977058 0.107966 0.0156566
31 0.631039 0.0977058 0.107966 0.0156566
32 0.631039 0.0977058 0.107966 0.0156566
33 0.631039 0.0977058 0.107966 0.0156566
34 0.631039 0.0977058 0.107966 0.0156566
35 0.631039 0.0977058 0.107966 0.0156566
36 0.631039 0.0977058 0.107966 0.0156566
37 0.631039 0.0977058 0.107966 0.0156566
38 0.631039 0.0977058 0.107966 0.0156566
39 0.631039 0.0977058 0.107966 0.0156566
40 0.605398 0.120624 0.10259 0.0182813
41 0.605398 0.120624 0.10259 0.0182813
42 0.605398 0.120624 0.10259 0.0182813
43 0.605398 0.120624 0.10259 0.0182813
44 0.605398 0.120624 0.10259 0.0182813
45 0.605398 0.120624 0.10259 0.0182813
46 0.605398 0.120624 0.10259 0.0182813
47 0.605398 0.120624 0.10259 0.0182813
48 0.605398 0.120624 0.10259 0.0182813
49 0.605398 0.120624 0.10259 0.0182813
50 0.605398 0.120624 0.10259 0.0182813
51 0.605398 0.120624 0.10259 0.0182813
52 0.605398 0.120624 0.10259 0.0182813
53 0.605398 0.120624 0.10259 0.0182813
54 0.605398 0.120624 0.10259 0.0182813
55 0.578731 0.100358 0.0979602 0.0136963
56 0.578731 0.100358 0.0979602 0.0136963
57 0.578731 0.100358 0.0979602 0.0136963
58 0.578731 0.100358 0.0979602 0.0136963
59 0.578731 0.100358 0.0979602 0.0136963
60 0.578731 0.100358 0.0979602 0.0136963
70 0.552065 0.08376 0.0933305 0.00915632
80 0.552065 0.08376 0.0933305 0.00915632
90 0.552065 0.08376 0.0933305 0.00915632
100 0.552065 0.08376 0.0933305 0.00915632
110 0.525398 0.0733615 0.0887009 0.00479104
120 0.525398 0.0733615 0.0887009 0.00479104
130 0.525398 0.0733615 0.0887009 0.00479104
140 0.525398 0.0733615 0.0887009 0.00479104
150 0.525398 0.0733615 0.0887009 0.00479104
160 0.525398 0.0733615 0.0887009 0.00479104
170 0.525398 0.0733615 0.0887009 0.00479104
180 0.525398 0.0733615 0.0887009 0.00479104
190 0.525398 0.0733615 0.0887009 0.00479104
200 0.525398 0.0733615 0.0887009 0.00479104
210 0.525398 0.0733615 0.0887009 0.00479104
220 0.525398 0.0733615 0.0887009 0.00479104
230 0.49031 0.0537346 0.0837989 0.00701895
240 0.49031 0.0537346 0.0837989 0.00701895
250 0.49031 0.0537346 0.0837989 0.00701895
260 0.49031 0.0537346 0.0837989 0.00701895
270 0.49031 0.0537346 0.0837989 0.00701895
280 0.49031 0.0537346 0.0837989 0.00701895
290 0.49031 0.0537346 0.0837989 0.00701895
300 0.455223 0.0534342 0.078897 0.0111192
310 0.455223 0.0534342 0.078897 0.0111192
320 0.455223 0.0534342 0.078897 0.0111192
330 0.455223 0.0534342 0.078897 0.0111192
340 0.455223 0.0534342 0.078897 0.0111192
350 0.455223 0.0534342 0.078897 0.0111192
360 0.455223 0.0534342 0.078897 0.0111192
370 0.455223 0.0534342 0.078897 0.0111192
380 0.455223 0.0534342 0.078897 0.0111192
390 0.455223 0.0534342 0.078897 0.0111192
400 0.455223 0.0534342 0.078897 0.0111192
410 0.455223 0.0534342 0.078897 0.0111192
420 0.428556 0.0277896 0.0742673 0.0077608
430 0.428556 0.0277896 0.0742673 0.0077608
440 0.428556 0.0277896 0.0742673 0.0077608
450 0.428556 0.0277896 0.0742673 0.0077608
460 0.428556 0.0277896 0.0742673 0.0077608
470 0.428556 0.0277896 0.0742673 0.0077608
480 0.428556 0.0277896 0.0742673 0.0077608
490 0.428556 0.0277896 0.0742673 0.0077608
500 0.428556 0.0277896 0.0742673 0.0077608
510 0.428556 0.0277896 0.0742673 0.0077608
520 0.428556 0.0277896 0.0742673 0.0077608
530 0.428556 0.0277896 0.0742673 0.0077608
540 0.428556 0.0277896 0.0742673 0.0077608
550 0.428556 0.0277896 0.0742673 0.0077608
560 0.428556 0.0277896 0.0742673 0.0077608
570 0.402915 0.0505609 0.068891 0.00740579
580 0.402915 0.0505609 0.068891 0.00740579
590 0.402915 0.0505609 0.068891 0.00740579
600 0.402915 0.0505609 0.068891 0.00740579
610 0.402915 0.0505609 0.068891 0.00740579
620 0.402915 0.0505609 0.068891 0.00740579
630 0.402915 0.0505609 0.068891 0.00740579
640 0.402915 0.0505609 0.068891 0.00740579
650 0.402915 0.0505609 0.068891 0.00740579
660 0.402915 0.0505609 0.068891 0.00740579
670 0.402915 0.0505609 0.068891 0.00740579
680 0.402915 0.0505609 0.068891 0.00740579
690 0.402915 0.0505609 0.068891 0.00740579
700 0.402915 0.0505609 0.068891 0.00740579
710 0.402915 0.0505609 0.068891 0.00740579
720 0.402915 0.0505609 0.068891 0.00740579
730 0.402915 0.0505609 0.068891 0.00740579
740 0.402915 0.0505609 0.068891 0.00740579
750 0.402915 0.0505609 0.068891 0.00740579
760 0.402915 0.0505609 0.068891 0.00740579
770 0.402915 0.0505609 0.068891 0.00740579
780 0.402915 0.0505609 0.068891 0.00740579
790 0.402915 0.0505609 0.068891 0.00740579
800 0.402915 0.0505609 0.068891 0.00740579
810 0.402915 0.0505609 0.068891 0.00740579
820 0.402915 0.0505609 0.068891 0.00740579
830 0.402915 0.0505609 0.068891 0.00740579
840 0.402915 0.0505609 0.068891 0.00740579
850 0.402915 0.0505609 0.068891 0.00740579
860 0.402915 0.0505609 0.068891 0.00740579
870 0.402915 0.0505609 0.068891 0.00740579
880 0.402915 0.0505609 0.068891 0.00740579
890 0.402915 0.0505609 0.068891 0.00740579
900 0.402915 0.0505609 0.068891 0.00740579
910 0.402915 0.0505609 0.068891 0.00740579
920 0.402915 0.0505609 0.068891 0.00740579
930 0.402915 0.0505609 0.068891 0.00740579
940 0.402915 0.0505609 0.068891 0.00740579
950 0.402915 0.0505609 0.068891 0.00740579
960 0.402915 0.0505609 0.068891 0.00740579
970 0.402915 0.0505609 0.068891 0.00740579
980 0.402915 0.0505609 0.068891 0.00740579
990 0.402915 0.0505609 0.068891 0.00740579
1000 0.402915 0.0505609 0.068891 0.00740579
1010 0.402915 0.0505609 0.068891 0.00740579
1020 0.402915 0.0505609 0.068891 0.00740579
1030 0.402915 0.0505609 0.068891 0.00740579
1040 0.402915 0.0505609 0.068891 0.00740579
1050 0.402915 0.0505609 0.068891 0.00740579
1060 0.402915 0.0505609 0.068891 0.00740579
1070 0.402915 0.0505609 0.068891 0.00740579
1080 0.402915 0.0505609 0.068891 0.00740579
1090 0.402915 0.0505609 0.068891 0.00740579
1100 0.402915 0.0505609 0.068891 0.00740579
1110 0.402915 0.0505609 0.068891 0.00740579
1120 0.402915 0.0505609 0.068891 0.00740579
1130 0.402915 0.0505609 0.068891 0.00740579
1140 0.402915 0.0505609 0.068891 0.00740579
1150 0.402915 0.0505609 0.068891 0.00740579
1160 0.402915 0.0505609 0.068891 0.00740579
1170 0.402915 0.0505609 0.068891 0.00740579
1180 0.402915 0.0505609 0.068891 0.00740579
1190 0.402915 0.0505609 0.068891 0.00740579
1200 0.402915 0.0505609 0.068891 0.00740579
1210 0.402915 0.0505609 0.068891 0.00740579
1220 0.402915 0.0505609 0.068891 0.00740579
1230 0.402915 0.0505609 0.068891 0.00740579
1240 0.402915 0.0505609 0.068891 0.00740579
1250 0.402915 0.0505609 0.068891 0.00740579
1260 0.402915 0.0505609 0.068891 0.00740579
1270 0.402915 0.0505609 0.068891 0.00740579
1280 0.402915 0.0505609 0.068891 0.00740579
1290 0.402915 0.0505609 0.068891 0.00740579
1300 0.402915 0.0505609 0.068891 0.00740579
1310 0.402915 0.0505609 0.068891 0.00740579
1320 0.402915 0.0505609 0.068891 0.00740579
1330 0.402915 0.0505609 0.068891 0.00740579
1340 0.402915 0.0505609 0.068891 0.00740579
1350 0.402915 0.0505609 0.068891 0.00740579
1360 0.402915 0.0505609 0.068891 0.00740579
1370 0.402915 0.0505609 0.068891 0.00740579
1380 0.402915 0.0505609 0.068891 0.00740579
1390 0.402915 0.0505609 0.068891 0.00740579
1400 0.402915 0.0505609 0.068891 0.00740579
1410 0.402915 0.0505609 0.068891 0.00740579
1420 0.402915 0.0505609 0.068891 0.00740579
1430 0.402915 0.0505609 0.068891 0.00740579
1440 0.402915 0.0505609 0.068891 0.00740579


DSBSynaptic
0 0 0 0 0
0.0166667 0.0965488 0.0210048 0.0747417 0.015796
0.0333333 0.266498 0.0314274 0.206673 0.0222174
0.05 0.40108 0.00338452 0.311846 0.00584767
0.0666667 0.522096 0.0131368 0.40565 0.00578867
0.0833333 0.591975 0.00482114 0.460178 0.00555483
0.1 0.641681 0.0200542 0.498779 0.0155203
0.116667 0.667803 0.0130246 0.519063 0.00954325
0.133333 0.680808 0.0141414 0.529069 0.00737407
0.15 0.739338 0.00659819 0.574812 0.00987439
0.166667 0.803704 0.0161441 0.62464 0.0104328
0.183333 0.815825 0.0190437 0.633899 0.0083253
0.2 0.846352 0.0229107 0.657592 0.0114949
0.216667 0.854068 0.0292489 0.663443 0.0155712
0.233333 0.866414 0.0171661 0.673247 0.00581186
0.25 0.874018 0.0389223 0.678825 0.0236484
0.266667 0.899593 0.0198591 0.699179 0.013662
0.283333 0.92406 0.00883425 0.718243 0.0051786
0.3 0.923948 0.0176792 0.71797 0.00613192
0.316667 0.9547 0.00860208 0.742208 0.0116357
0.333333 0.968589 0.00529257 0.752961 0.00864009
0.35 0.980934 0.0105344 0.762764 0.0169091
0.366667 0.993939 0.00606061 0.77277 0.0127555
0.383333 0.968701 0.0116424 0.753233 0.016685
0.4 0.955696 0.0157042 0.743227 0.0205287
0.416667 0.955696 0.0157042 0.743227 0.0205287
0.433333 0.979167 0.0208333 0.761271 0.0197631
0.45 0.979167 0.0208333 0.761271 0.0197631
0.466667 0.972222 0.0277778 0.755895 0.0247013
0.483333 0.966049 0.0252634 0.750993 0.0211381
0.5 0.954588 0.0137621 0.741935 0.00806452
0.516667 0.948527 0.00781617 0.737306 0.00700958
0.533333 0.967045 0.0181225 0.752012 0.0212621
0.55 0.960101 0.0241211 0.746635 0.0249373
0.566667 0.948527 0.00781617 0.737306 0.00700958
0.583333 0.942354 0.0111533 0.732404 0.00330714
0.6 0.936293 0.00566961 0.727774 0.00389969
0.616667 0.92406 0.00883425 0.718243 0.0051786
0.633333 0.917116 0.00573902 0.712866 0.0038804
0.65 0.917116 0.00573902 0.712866 0.0038804
0.666667 0.911055 0.00284761 0.708237 0.00758136
0.683333 0.917887 0.0147967 0.713341 0.0062729
0.7 0.90477 0.0174702 0.703062 0.00595562
0.716667 0.898597 0.0235723 0.69816 0.0108519
0.733333 0.904882 0.00829028 0.703335 0.00457816
0.75 0.892649 0.0133929 0.693803 0.00850873
0.766667 0.866526 0.00736654 0.673519 0.00343703
0.783333 0.867298 0.0182453 0.673993 0.00987944
0.8 0.867186 0.026224 0.673721 0.0138486
0.816667 0.885592 0.0172988 0.688154 0.00584767
0.833333 0.870819 0.0287285 0.676655 0.0182364
0.85 0.865643 0.0126509 0.672772 0.00586078
0.866667 0.853521 0.000841868 0.663513 0.00692922
0.883333 0.859582 0.00660655 0.668143 0.00444386
0.9 0.859694 0.00533922 0.668415 0.0116431
0.916667 0.853521 0.000841868 0.663513 0.00692922
0.933333 0.846577 0.00666727 0.658137 0.00942701
0.95 0.865755 0.00583386 0.673044 0.00919788
0.966667 0.877876 0.0162933 0.682304 0.010549
0.983333 0.889001 0.0467154 0.690544 0.0310716
1 0.882828 0.0494949 0.685642 0.032534
1.16667 0.827062 0.03346 0.642412 0.0193531
1.33333 0.832127 0.0574309 0.646022 0.0382084
1.5 0.804574 0.0581013 0.625061 0.0423204
1.66667 0.772054 0.0792491 0.599331 0.0569646
1.83333 0.716288 0.0603383 0.5561 0.0422561
2 0.68851 0.0798085 0.534595 0.0587751
2.16667 0.715516 0.0628719 0.555626 0.0451182
2.33333 0.683221 0.0700263 0.53044 0.050667
2.5 0.677273 0.0575425 0.526082 0.0420667
2.66667 0.606075 0.0646435 0.47115 0.0502333
2.83333 0.60773 0.0451945 0.472372 0.0348046
3 0.546998 0.0860208 0.425478 0.0676965
3.16667 0.524074 0.055215 0.407363 0.0426798
3.33333 0.523962 0.0585386 0.407091 0.0442712
3.5 0.523078 0.069785 0.406344 0.0528305
3.66667 0.486602 0.0460457 0.378294 0.0359492
3.83333 0.462023 0.0379462 0.358959 0.0281443
4 0.455191 0.0408799 0.353855 0.0318221
4.16667 0.424776 0.0260454 0.330434 0.0223687
4.33333 0.418827 0.0321477 0.326077 0.0284795
4.5 0.366807 0.0582513 0.286053 0.0486538
4.66667 0.335943 0.0283985 0.261543 0.0246502
4.83333 0.302104 0.0522388 0.235408 0.0425906
5 0.334287 0.0457814 0.260322 0.0375646
5.16667 0.322938 0.0347758 0.251537 0.0296421
5.33333 0.309933 0.0412066 0.241531 0.0346493
5.5 0.278521 0.03739 0.217092 0.0315452
5.66667 0.292522 0.0401757 0.228117 0.0340544
5.83333 0.279517 0.0463458 0.218111 0.0387876
6 0.267943 0.0279329 0.208781 0.0240604
6.16667 0.254714 0.0121853 0.198231 0.0117912
6.33333 0.255598 0.018815 0.198977 0.0164596
6.5 0.24248 0.0124398 0.188699 0.0115773
6.66667 0.21041 0.0276235 0.164058 0.0233897
6.83333 0.209638 0.0347593 0.163583 0.0290907
7 0.191344 0.0381497 0.149422 0.0314397
7.16667 0.184287 0.0288833 0.143773 0.0242596
7.33333 0.183403 0.0291256 0.143027 0.0243269
7.5 0.178339 0.043741 0.139416 0.0357558
7.66667 0.172054 0.0275416 0.134242 0.0230248
7.83333 0.158165 0.0320353 0.123489 0.0264911
8 0.158937 0.0230159 0.123963 0.0194352
8.16667 0.152104 0.0353584 0.118859 0.0290657
8.33333 0.165109 0.0290547 0.128865 0.0242292
8.5 0.14516 0.0385574 0.113483 0.0315033
8.66667 0.132043 0.0365939 0.103205 0.0297796
8.83333 0.131047 0.0361414 0.102186 0.0288316
9 0.125758 0.0240682 0.0980304 0.019587
9.16667 0.119809 0.0327611 0.0936731 0.0267307
9.33333 0.132814 0.026224 0.103679 0.0217037
9.5 0.132814 0.026224 0.103679 0.0217037
9.66667 0.119697 0.0246338 0.0934008 0.0202194
9.83333 0.120356 0.00812338 0.0936029 0.00668588
10 0.114184 0.00684476 0.0887009 0.00479104
11 0.095665 0.0211349 0.073995 0.0156864
12 0.0842031 0.0331619 0.0649378 0.0254139
13 0.0842031 0.0331619 0.0649378 0.0254139
14 0.058193 0.0200721 0.0449259 0.0153298
15 0.0314113 0.00529257 0.0244395 0.00418193
16 0.0182941 0.0104979 0.0141612 0.00802338
17 0.0244669 0.012235 0.0190632 0.00954325
18 0.0244669 0.012235 0.0190632 0.00954325
19 0.0123457 0.0123457 0.00980392 0.00980392
20 0.0184063 0.0106923 0.0144336 0.00849481
21 0.0123457 0.0123457 0.00980392 0.00980392
22 0.00617284 0.00617284 0.00490196 0.00490196
23 0.00617284 0.00617284 0.00490196 0.00490196
24 0 0 0 0
25 0.00617284 0.00617284 0.00490196 0.00490196
26 0 0 0 0
27 0 0 0 0
28 0 0 0 0
29 0 0 0 0
30 0 0 0 0
31 0 0 0 0
32 0 0 0 0
33 0 0 0 0
34 0 0 0 0
35 0 0 0 0
36 0 0 0 0
37 0 0 0 0
38 0 0 0 0
39 0 0 0 0
40 0 0 0 0
41 0 0 0 0
42 0 0 0 0
43 0 0 0 0
44 0 0 0 0
45 0 0 0 0
46 0 0 0 0
47 0 0 0 0
48 0 0 0 0
49 0 0 0 0
50 0 0 0 0
51 0 0 0 0
52 0 0 0 0
53 0 0 0 0
54 0 0 0 0
55 0 0 0 0
56 0 0 0 0
57 0 0 0 0
58 0 0 0 0
59 0 0 0 0
60 0 0 0 0
70 0 0 0 0
80 0 0 0 0
90 0 0 0 0
100 0 0 0 0
110 0 0 0 0
120 0 0 0 0
130 0 0 0 0
140 0 0 0 0
150 0 0 0 0
160 0 0 0 0
170 0 0 0 0
180 0 0 0 0
190 0 0 0 0
200 0 0 0 0
210 0 0 0 0
220 0 0 0 0
230 0.00617284 0.00617284 0.00490196 0.00490196
240 0 0 0 0
250 0 0 0 0
260 0 0 0 0
270 0 0 0 0
280 0 0 0 0
290 0 0 0 0
300 0 0 0 0
310 0 0 0 0
320 0 0 0 0
330 0 0 0 0
340 0 0 0 0
350 0 0 0 0
360 0 0 0 0
370 0 0 0 0
380 0 0 0 0
390 0 0 0 0
400 0 0 0 0
410 0 0 0 0
420 0.00606061 0.00606061 0.00462963 0.00462963
430 0 0 0 0
440 0 0 0 0
450 0 0 0 0
460 0 0 0 0
470 0 0 0 0
480 0 0 0 0
490 0 0 0 0
500 0 0 0 0
510 0 0 0 0
520 0 0 0 0
530 0 0 0 0
540 0 0 0 0
550 0 0 0 0
560 0 0 0 0
570 0.00694444 0.00694444 0.00537634 0.00537634
580 0 0 0 0
590 0 0 0 0
600 0 0 0 0
610 0 0 0 0
620 0 0 0 0
630 0 0 0 0
640 0 0 0 0
650 0 0 0 0
660 0 0 0 0
670 0 0 0 0
680 0 0 0 0
690 0 0 0 0
700 0 0 0 0
710 0 0 0 0
720 0 0 0 0
730 0 0 0 0
740 0 0 0 0
750 0 0 0 0
760 0 0 0 0
770 0 0 0 0
780 0 0 0 0
790 0 0 0 0
800 0 0 0 0
810 0 0 0 0
820 0 0 0 0
830 0 0 0 0
840 0 0 0 0
850 0 0 0 0
860 0 0 0 0
870 0 0 0 0
880 0 0 0 0
890 0 0 0 0
900 0 0 0 0
910 0 0 0 0
920 0 0 0 0
930 0 0 0 0
940 0 0 0 0
950 0 0 0 0
960 0 0 0 0
970 0 0 0 0
980 0 0 0 0
990 0 0 0 0
1000 0 0 0 0
1010 0 0 0 0
1020 0 0 0 0
1030 0 0 0 0
1040 0 0 0 0
1050 0 0 0 0
1060 0 0 0 0
1070 0 0 0 0
1080 0 0 0 0
1090 0 0 0 0
1100 0 0 0 0
1110 0 0 0 0
1120 0 0 0 0
1130 0 0 0 0
1140 0 0 0 0
1150 0 0 0 0
1160 0 0 0 0
1170 0 0 0 0
1180 0 0 0 0
1190 0 0 0 0
1200 0 0 0 0
1210 0 0 0 0
1220 0 0 0 0
1230 0 0 0 0
1240 0 0 0 0
1250 0 0 0 0
1260 0 0 0 0
1270 0 0 0 0
1280 0 0 0 0
1290 0 0 0 0
1300 0 0 0 0
1310 0 0 0 0
1320 0 0 0 0
1330 0 0 0 0
1340 0 0 0 0
1350 0 0 0 0
1360 0 0 0 0
1370 0 0 0 0
1380 0 0 0 0
1390 0 0 0 0
1400 0 0 0 0
1410 0 0 0 0
1420 0 0 0 0
1430 0 0 0 0
1440 0 0 0 0


DSBSynaptic_Stable
0 0 0 0 0
0.0166667 0 0 0 0
0.0333333 0 0 0 0
0.05 0.00877193 0.00877193 0.00490196 0.00490196
0.0666667 0.00877193 0.00877193 0.00490196 0.00490196
0.0833333 0.0177809 0.00889284 0.0102783 0.00515555
0.1 0.0355619 0.0177857 0.0205566 0.0103111
0.116667 0.0445709 0.0237506 0.025933 0.014076
0.133333 0.060435 0.0195889 0.0354645 0.010858
0.15 0.060435 0.0195889 0.0354645 0.010858
0.166667 0.060435 0.0195889 0.0354645 0.010858
0.183333 0.0692069 0.0249612 0.0403665 0.0135773
0.2 0.0692069 0.0249612 0.0403665 0.0135773
0.216667 0.0692069 0.0249612 0.0403665 0.0135773
0.233333 0.0692069 0.0249612 0.0403665 0.0135773
0.25 0.0762991 0.01826 0.0449961 0.0091211
0.266667 0.0762991 0.01826 0.0449961 0.0091211
0.283333 0.0762991 0.01826 0.0449961 0.0091211
0.3 0.0762991 0.01826 0.0449961 0.0091211
0.316667 0.0762991 0.01826 0.0449961 0.0091211
0.333333 0.0762991 0.01826 0.0449961 0.0091211
0.35 0.0762991 0.01826 0.0449961 0.0091211
0.366667 0.0921633 0.0203273 0.0545277 0.00969689
0.383333 0.117036 0.0214812 0.0694357 0.00974923
0.4 0.117036 0.0214812 0.0694357 0.00974923
0.416667 0.117036 0.0214812 0.0694357 0.00974923
0.433333 0.126045 0.0214981 0.074812 0.00987439
0.45 0.126045 0.0214981 0.074812 0.00987439
0.466667 0.135054 0.0250044 0.0801883 0.0125606
0.483333 0.135054 0.0250044 0.0801883 0.0125606
0.5 0.143826 0.030042 0.0850903 0.0148743
0.516667 0.143826 0.030042 0.0850903 0.0148743
0.533333 0.143826 0.030042 0.0850903 0.0148743
0.55 0.150919 0.0231596 0.0897199 0.0102929
0.566667 0.166783 0.0240329 0.0992515 0.00998267
0.583333 0.175555 0.0322218 0.104153 0.0146239
0.6 0.182647 0.0273653 0.108783 0.0117856
0.616667 0.191419 0.0360722 0.113685 0.0166874
0.633333 0.191419 0.0360722 0.113685 0.0166874
0.65 0.191419 0.0360722 0.113685 0.0166874
0.666667 0.191419 0.0360722 0.113685 0.0166874
0.683333 0.200191 0.0448045 0.118587 0.0215892
0.7 0.200191 0.0448045 0.118587 0.0215892
0.716667 0.200191 0.0448045 0.118587 0.0215892
0.733333 0.200191 0.0448045 0.118587 0.0215892
0.75 0.216055 0.0499215 0.128119 0.0245277
0.766667 0.225064 0.0456924 0.133495 0.021494
0.783333 0.225064 0.0456924 0.133495 0.021494
0.8 0.225064 0.0456924 0.133495 0.021494
0.816667 0.225064 0.0456924 0.133495 0.021494
0.833333 0.225064 0.0456924 0.133495 0.021494
0.85 0.225064 0.0456924 0.133495 0.021494
0.866667 0.225064 0.0456924 0.133495 0.021494
0.883333 0.225064 0.0456924 0.133495 0.021494
0.9 0.225064 0.0456924 0.133495 0.021494
0.916667 0.225064 0.0456924 0.133495 0.021494
0.933333 0.225064 0.0456924 0.133495 0.021494
0.95 0.225064 0.0456924 0.133495 0.021494
0.966667 0.234073 0.0429623 0.138871 0.0194985
0.983333 0.242845 0.0513763 0.143773 0.0242596
1 0.251617 0.059893 0.148675 0.0290676
1.16667 0.29992 0.0388139 0.178693 0.0153432
1.33333 0.317464 0.0549188 0.188497 0.0244559
1.5 0.362272 0.0652491 0.214904 0.0311504
1.66667 0.412018 0.0687152 0.24472 0.0321177
1.83333 0.44758 0.0862348 0.265277 0.0423662
2 0.497327 0.0897509 0.295093 0.0433799
2.16667 0.488318 0.0866233 0.289716 0.0409417
2.33333 0.486164 0.0840489 0.288495 0.0377464
2.5 0.498431 0.0684546 0.297008 0.0281244
2.66667 0.557424 0.0611461 0.332674 0.0221403
2.83333 0.573288 0.0624556 0.342206 0.0222383
3 0.582534 0.0581745 0.348057 0.0212722
3.16667 0.623034 0.0653032 0.372022 0.0226473
3.33333 0.64935 0.0891739 0.386728 0.0362439
3.5 0.663534 0.0786488 0.395987 0.0300825
3.66667 0.702592 0.0703517 0.420154 0.0256201
3.83333 0.720373 0.075936 0.430433 0.0274311
4 0.734557 0.0670932 0.439692 0.0241275
4.16667 0.73997 0.0516356 0.444049 0.020716
4.33333 0.761246 0.0481018 0.457938 0.0286434
4.5 0.800778 0.0223784 0.483054 0.0293323
4.66667 0.80787 0.0275106 0.487684 0.0339583
4.83333 0.83466 0.0122018 0.503338 0.0263887
5 0.823734 0.0346074 0.497215 0.0365277
5.16667 0.829147 0.0461361 0.501572 0.0478407
5.33333 0.845248 0.0463906 0.511578 0.0498839
5.5 0.869884 0.0501375 0.526012 0.0497527
5.66667 0.884068 0.0629047 0.535271 0.0589713
5.83333 0.885985 0.0492613 0.536018 0.0514371
6 0.885985 0.0492613 0.536018 0.0514371
6.16667 0.896437 0.0440832 0.541192 0.0428388
6.33333 0.921073 0.0551502 0.555626 0.0451182
6.5 0.905209 0.0472885 0.546094 0.0415856
6.66667 0.939328 0.0253864 0.566853 0.0360274
6.83333 0.930556 0.0255125 0.561951 0.0388012
7 0.932473 0.0125022 0.562698 0.0326333
7.16667 0.941245 0.0115358 0.5676 0.0292183
7.33333 0.941245 0.0115358 0.5676 0.0292183
7.5 0.948337 0.0172709 0.572229 0.0337769
7.66667 0.965881 0.0242709 0.582033 0.0285871
7.83333 0.959026 0.00804617 0.577878 0.0242857
8 0.942924 0.0161661 0.567872 0.0216547
8.16667 0.93439 0.00724102 0.563444 0.027835
8.33333 0.925618 0.0156962 0.558542 0.0322138
8.5 0.943636 0.0306153 0.569295 0.0348939
8.66667 0.952408 0.0241931 0.574197 0.0300321
8.83333 0.96118 0.0196776 0.579099 0.025186
9 0.96118 0.0196776 0.579099 0.025186
9.16667 0.96118 0.0196776 0.579099 0.025186
9.33333 0.96118 0.0196776 0.579099 0.025186
9.5 0.96118 0.0196776 0.579099 0.025186
9.66667 0.969951 0.0185204 0.584001 0.0203666
9.83333 0.969951 0.0185204 0.584001 0.0203666
10 0.96118 0.0196776 0.579099 0.025186
11 0.928977 0.0176848 0.559087 0.0158007
12 0.886797 0.0308354 0.53485 0.0321622
13 0.872613 0.0368386 0.52559 0.028281
14 0.864078 0.0556773 0.521163 0.0415459
15 0.860719 0.0684123 0.520618 0.0545227
16 0.828753 0.0679618 0.501081 0.0524275
17 0.768081 0.0557398 0.465142 0.0494024
18 0.742971 0.0425497 0.449759 0.0431633
19 0.715944 0.0379195 0.43363 0.0428155
20 0.687575 0.0148411 0.415112 0.0262647
21 0.667877 0.0281974 0.404087 0.0354659
22 0.667877 0.0281974 0.404087 0.0354659
23 0.62714 0.0295462 0.379647 0.0351739
24 0.568385 0.0351969 0.344455 0.037029
25 0.520318 0.0273545 0.314911 0.0302089
26 0.492186 0.0115842 0.296867 0.0165123
27 0.492186 0.0115842 0.296867 0.0165123
28 0.483177 0.00481865 0.291491 0.0158125
29 0.449532 0.0144559 0.271681 0.0203216
30 0.415887 0.0240932 0.251871 0.0249567
31 0.392694 0.012141 0.237236 0.0169091
32 0.367821 0.0129262 0.222328 0.0170697
33 0.358812 0.0123748 0.216951 0.017366
34 0.328763 0.0113356 0.19816 0.0108519
35 0.314579 0.0215886 0.188901 0.0104548
36 0.279254 0.0252889 0.168819 0.0186148
37 0.263153 0.0178861 0.158813 0.0135893
38 0.263153 0.0178861 0.158813 0.0135893
39 0.263153 0.0178861 0.158813 0.0135893
40 0.256061 0.0206342 0.154183 0.0130285
41 0.247052 0.0116374 0.148807 0.0085862
42 0.223858 0.0162896 0.134171 0.00589066
43 0.206077 0.00747662 0.123893 0.0033329
44 0.190213 0.013615 0.114362 0.00770519
45 0.181441 0.0177474 0.10946 0.011806
46 0.154888 0.0254101 0.0942793 0.0177354
47 0.130015 0.0258178 0.0793714 0.0176273
48 0.130015 0.0258178 0.0793714 0.0176273
49 0.122923 0.0241385 0.0747417 0.015796
50 0.122923 0.0241385 0.0747417 0.015796
51 0.0997296 0.0177918 0.0601061 0.0107873
52 0.0997296 0.0177918 0.0601061 0.0107873
53 0.0997296 0.0177918 0.0601061 0.0107873
54 0.0997296 0.0177918 0.0601061 0.0107873
55 0.0978128 0.00944586 0.0593594 0.00775254
56 0.0797948 0.015112 0.0486067 0.0109669
57 0.0710229 0.0176848 0.0437048 0.012896
58 0.0710229 0.0176848 0.0437048 0.012896
59 0.0710229 0.0176848 0.0437048 0.012896
60 0.0710229 0.0176848 0.0437048 0.012896
70 0.04447 0.0319245 0.0285245 0.0209831
80 0.0141844 0.0141844 0.00925926 0.00925926
90 0.0141844 0.0141844 0.00925926 0.00925926
100 0 0 0 0
110 0.0070922 0.0070922 0.00462963 0.00462963
120 0.0070922 0.0070922 0.00462963 0.00462963
130 0 0 0 0
140 0 0 0 0
150 0 0 0 0
160 0 0 0 0
170 0 0 0 0
180 0 0 0 0
190 0 0 0 0
200 0 0 0 0
210 0 0 0 0
220 0 0 0 0
230 0 0 0 0
240 0.00877193 0.00877193 0.00490196 0.00490196
250 0.00877193 0.00877193 0.00490196 0.00490196
260 0.00877193 0.00877193 0.00490196 0.00490196
270 0.00877193 0.00877193 0.00490196 0.00490196
280 0 0 0 0
290 0 0 0 0
300 0.00877193 0.00877193 0.00490196 0.00490196
310 0.00877193 0.00877193 0.00490196 0.00490196
320 0 0 0 0
330 0 0 0 0
340 0 0 0 0
350 0 0 0 0
360 0 0 0 0
370 0 0 0 0
380 0 0 0 0
390 0 0 0 0
400 0 0 0 0
410 0 0 0 0
420 0 0 0 0
430 0 0 0 0
440 0 0 0 0
450 0 0 0 0
460 0 0 0 0
470 0 0 0 0
480 0 0 0 0
490 0 0 0 0
500 0 0 0 0
510 0 0 0 0
520 0 0 0 0
530 0 0 0 0
540 0 0 0 0
550 0 0 0 0
560 0 0 0 0
570 0 0 0 0
580 0.00900901 0.00900901 0.00537634 0.00537634
590 0 0 0 0
600 0 0 0 0
610 0 0 0 0
620 0 0 0 0
630 0 0 0 0
640 0 0 0 0
650 0 0 0 0
660 0 0 0 0
670 0 0 0 0
680 0 0 0 0
690 0 0 0 0
700 0 0 0 0
710 0 0 0 0
720 0 0 0 0
730 0 0 0 0
740 0 0 0 0
750 0 0 0 0
760 0 0 0 0
770 0 0 0 0
780 0 0 0 0
790 0 0 0 0
800 0 0 0 0
810 0 0 0 0
820 0 0 0 0
830 0 0 0 0
840 0 0 0 0
850 0 0 0 0
860 0 0 0 0
870 0 0 0 0
880 0 0 0 0
890 0 0 0 0
900 0 0 0 0
910 0 0 0 0
920 0 0 0 0
930 0 0 0 0
940 0 0 0 0
950 0 0 0 0
960 0 0 0 0
970 0 0 0 0
980 0 0 0 0
990 0 0 0 0
1000 0 0 0 0
1010 0 0 0 0
1020 0 0 0 0
1030 0 0 0 0
1040 0 0 0 0
1050 0 0 0 0
1060 0 0 0 0
1070 0 0 0 0
1080 0 0 0 0
1090 0 0 0 0
1100 0 0 0 0
1110 0 0 0 0
1120 0 0 0 0
1130 0 0 0 0
1140 0 0 0 0
1150 0 0 0 0
1160 0 0 0 0
1170 0 0 0 0
1180 0 0 0 0
1190 0 0 0 0
1200 0 0 0 0
1210 0 0 0 0
1220 0 0 0 0
1230 0 0 0 0
1240 0 0 0 0
1250 0 0 0 0
1260 0 0 0 0
1270 0 0 0 0
1280 0 0 0 0
1290 0 0 0 0
1300 0 0 0 0
1310 0 0 0 0
1320 0 0 0 0
1330 0 0 0 0
1340 0 0 0 0
1350 0 0 0 0
1360 0 0 0 0
1370 0 0 0 0
1380 0 0 0 0
1390 0 0 0 0
1400 0 0 0 0
1410 0 0 0 0
1420 0 0 0 0
1430 0 0 0 0
1440 0 0 0 0


DSB_Residual
0 1 0 1 0
0.0166667 1 0 1 0
0.0333333 1 0 1 0
0.05 1 0 1 0
0.0666667 1 0 1 0
0.0833333 1 0 1 0
0.1 1 0 1 0
0.116667 1 0 1 0
0.133333 1 0 1 0
0.15 1 0 1 0
0.166667 1 0 1 0
0.183333 1 0 1 0
0.2 1 0 1 0
0.216667 1 0 1 0
0.233333 1 0 1 0
0.25 1 0 1 0
0.266667 1 0 1 0
0.283333 1 0 1 0
0.3 1 0 1 0
0.316667 1 0 1 0
0.333333 1 0 1 0
0.35 1 0 1 0
0.366667 1 0 1 0
0.383333 1 0 1 0
0.4 1 0 1 0
0.416667 1 0 1 0
0.433333 1 0 1 0
0.45 1 0 1 0
0.466667 1 0 1 0
0.483333 1 0 1 0
0.5 1 0 1 0
0.516667 1 0 1 0
0.533333 1 0 1 0
0.55 1 0 1 0
0.566667 1 0 1 0
0.583333 1 0 1 0
0.6 1 0 1 0
0.616667 1 0 1 0
0.633333 1 0 1 0
0.65 1 0 1 0
0.666667 1 0 1 0
0.683333 1 0 1 0
0.7 1 0 1 0
0.716667 1 0 1 0
0.733333 1 0 1 0
0.75 1 0 1 0
0.766667 1 0 1 0
0.783333 1 0 1 0
0.8 1 0 1 0
0.816667 1 0 1 0
0.833333 1 0 1 0
0.85 1 0 1 0
0.866667 1 0 1 0
0.883333 1 0 1 0
0.9 1 0 1 0
0.916667 1 0 1 0
0.933333 1 0 1 0
0.95 1 0 1 0
0.966667 1 0 1 0
0.983333 1 0 1 0
1 1 0 1 0
1.16667 1 0 1 0
1.33333 1 0 1 0
1.5 1 0 1 0
1.66667 1 0 1 0
1.83333 1 0 1 0
2 1 0 1 0
2.16667 0.989045 0.00549757 0.989722 0.00515555
2.33333 0.971803 0.0208774 0.973593 0.0195216
2.5 0.966056 0.0265179 0.968216 0.0247968
2.66667 0.966056 0.0265179 0.968216 0.0247968
2.83333 0.966056 0.0265179 0.968216 0.0247968
3 0.95005 0.0271499 0.953308 0.0254391
3.16667 0.95005 0.0271499 0.953308 0.0254391
3.33333 0.95005 0.0271499 0.953308 0.0254391
3.5 0.95005 0.0271499 0.953308 0.0254391
3.66667 0.95005 0.0271499 0.953308 0.0254391
3.83333 0.95005 0.0271499 0.953308 0.0254391
4 0.95005 0.0271499 0.953308 0.0254391
4.16667 0.934044 0.0277819 0.9384 0.0260819
4.33333 0.934044 0.0277819 0.9384 0.0260819
4.5 0.928836 0.0264496 0.933498 0.0248717
4.66667 0.928836 0.0264496 0.933498 0.0248717
4.83333 0.91788 0.0311337 0.92322 0.0292748
5 0.901178 0.0411022 0.907566 0.0385989
5.16667 0.885014 0.0462727 0.892385 0.0434881
5.33333 0.885014 0.0462727 0.892385 0.0434881
5.5 0.885014 0.0462727 0.892385 0.0434881
5.66667 0.885014 0.0462727 0.892385 0.0434881
5.83333 0.879963 0.041701 0.887756 0.0392814
6 0.874755 0.0423315 0.882854 0.0399192
6.16667 0.869705 0.0376096 0.878224 0.0355743
6.33333 0.869705 0.0376096 0.878224 0.0355743
6.5 0.859446 0.033803 0.868692 0.0321492
6.66667 0.859446 0.033803 0.868692 0.0321492
6.83333 0.854237 0.0353768 0.86379 0.033687
7 0.849187 0.0303886 0.859161 0.0291059
7.16667 0.84344 0.0343471 0.853785 0.0327525
7.33333 0.84344 0.0343471 0.853785 0.0327525
7.5 0.84344 0.0343471 0.853785 0.0327525
7.66667 0.84344 0.0343471 0.853785 0.0327525
7.83333 0.833181 0.0308909 0.844253 0.0296748
8 0.822383 0.0301203 0.834247 0.0289539
8.16667 0.806916 0.0284027 0.819813 0.027615
8.33333 0.801708 0.031105 0.814911 0.0302089
8.5 0.801708 0.031105 0.814911 0.0302089
8.66667 0.801708 0.031105 0.814911 0.0302089
8.83333 0.801708 0.031105 0.814911 0.0302089
9 0.796657 0.0260817 0.810282 0.0256091
9.16667 0.796657 0.0260817 0.810282 0.0256091
9.33333 0.796657 0.0260817 0.810282 0.0256091
9.5 0.796657 0.0260817 0.810282 0.0256091
9.66667 0.791449 0.029479 0.80538 0.0288302
9.83333 0.786241 0.0333469 0.800478 0.0324744
10 0.775824 0.0419618 0.790674 0.0405658
11 0.743812 0.0422527 0.760858 0.0410609
12 0.707827 0.050051 0.727361 0.0484845
13 0.692518 0.0493848 0.7132 0.0478061
14 0.671304 0.0544093 0.69339 0.052629
15 0.638595 0.0548829 0.662828 0.0534339
16 0.61233 0.0566894 0.638388 0.0552142
17 0.573875 0.0574654 0.602449 0.0563741
18 0.55733 0.0528342 0.587067 0.0522207
19 0.52983 0.0549589 0.561406 0.0543483
20 0.509628 0.0357268 0.542888 0.036707
21 0.492925 0.0421986 0.527233 0.0427898
22 0.487717 0.0457878 0.522331 0.0461808
23 0.461452 0.0451784 0.497892 0.0458218
24 0.423693 0.0469718 0.462699 0.0477347
25 0.391839 0.0392867 0.433156 0.0408137
26 0.366428 0.0234743 0.409735 0.0263804
27 0.36122 0.0278866 0.404833 0.0304347
28 0.355473 0.0283869 0.399457 0.0310454
29 0.334259 0.0327012 0.379647 0.0351739
30 0.313044 0.0372023 0.359837 0.0394654
31 0.297196 0.0285037 0.345202 0.031535
32 0.28119 0.0286908 0.330294 0.0318378
33 0.275443 0.0297794 0.324917 0.0329244
34 0.255083 0.020034 0.306127 0.023821
35 0.244982 0.0131195 0.296867 0.0165123
36 0.22361 0.0262867 0.276785 0.0293291
37 0.212812 0.0211384 0.266779 0.0248065
38 0.212812 0.0211384 0.266779 0.0248065
39 0.212812 0.0211384 0.266779 0.0248065
40 0.202015 0.0161772 0.256773 0.0205287
41 0.196268 0.0163301 0.251397 0.0210569
42 0.180419 0.00827656 0.236761 0.0136472
43 0.169464 0.0137563 0.226483 0.0187351
44 0.159205 0.0120612 0.216951 0.017366
45 0.153997 0.0164125 0.212049 0.0212592
46 0.137833 0.0254231 0.196869 0.0297629
47 0.121827 0.0255661 0.181961 0.0300384
48 0.121827 0.0255661 0.181961 0.0300384
49 0.116777 0.0212761 0.177332 0.0259431
50 0.116777 0.0212761 0.177332 0.0259431
51 0.100928 0.0125018 0.162696 0.017938
52 0.100928 0.0125018 0.162696 0.017938
53 0.100928 0.0125018 0.162696 0.017938
54 0.100928 0.0125018 0.162696 0.017938
55 0.0951813 0.0132228 0.15732 0.0189271
56 0.0836871 0.0202513 0.146567 0.0245884
57 0.0784788 0.0215919 0.141665 0.0264253
58 0.0784788 0.0215919 0.141665 0.0264253
59 0.0784788 0.0215919 0.141665 0.0264253
60 0.0784788 0.0215919 0.141665 0.0264253
70 0.0572645 0.0244159 0.121855 0.0294536
80 0.0363658 0.012777 0.10259 0.0182813
90 0.0363658 0.012777 0.10259 0.0182813
100 0.0262648 0.00451999 0.0933305 0.00915632
110 0.0262648 0.00451999 0.0933305 0.00915632
120 0.0262648 0.00451999 0.0933305 0.00915632
130 0.0212143 0.00505399 0.0887009 0.00479104
140 0.0212143 0.00505399 0.0887009 0.00479104
150 0.0212143 0.00505399 0.0887009 0.00479104
160 0.0212143 0.00505399 0.0887009 0.00479104
170 0.0212143 0.00505399 0.0887009 0.00479104
180 0.0212143 0.00505399 0.0887009 0.00479104
190 0.0212143 0.00505399 0.0887009 0.00479104
200 0.0212143 0.00505399 0.0887009 0.00479104
210 0.0212143 0.00505399 0.0887009 0.00479104
220 0.0212143 0.00505399 0.0887009 0.00479104
230 0.0212143 0.00505399 0.0887009 0.00479104
240 0.0212143 0.00505399 0.0887009 0.00479104
250 0.0212143 0.00505399 0.0887009 0.00479104
260 0.0212143 0.00505399 0.0887009 0.00479104
270 0.0212143 0.00505399 0.0887009 0.00479104
280 0.016006 0.000632649 0.0837989 0.00701895
290 0.016006 0.000632649 0.0837989 0.00701895
300 0.016006 0.000632649 0.0837989 0.00701895
310 0.016006 0.000632649 0.0837989 0.00701895
320 0.0107976 0.00543242 0.078897 0.0111192
330 0.0107976 0.00543242 0.078897 0.0111192
340 0.0107976 0.00543242 0.078897 0.0111192
350 0.0107976 0.00543242 0.078897 0.0111192
360 0.0107976 0.00543242 0.078897 0.0111192
370 0.0107976 0.00543242 0.078897 0.0111192
380 0.0107976 0.00543242 0.078897 0.0111192
390 0.0107976 0.00543242 0.078897 0.0111192
400 0.0107976 0.00543242 0.078897 0.0111192
410 0.0107976 0.00543242 0.078897 0.0111192
420 0.0107976 0.00543242 0.078897 0.0111192
430 0.00574713 0.00574713 0.0742673 0.0077608
440 0.00574713 0.00574713 0.0742673 0.0077608
450 0.00574713 0.00574713 0.0742673 0.0077608
460 0.00574713 0.00574713 0.0742673 0.0077608
470 0.00574713 0.00574713 0.0742673 0.0077608
480 0.00574713 0.00574713 0.0742673 0.0077608
490 0.00574713 0.00574713 0.0742673 0.0077608
500 0.00574713 0.00574713 0.0742673 0.0077608
510 0.00574713 0.00574713 0.0742673 0.0077608
520 0.00574713 0.00574713 0.0742673 0.0077608
530 0.00574713 0.00574713 0.0742673 0.0077608
540 0.00574713 0.00574713 0.0742673 0.0077608
550 0.00574713 0.00574713 0.0742673 0.0077608
560 0.00574713 0.00574713 0.0742673 0.0077608
570 0.00574713 0.00574713 0.0742673 0.0077608
580 0.00574713 0.00574713 0.0742673 0.0077608
590 0 0 0.068891 0.00740579
600 0 0 0.068891 0.00740579
610 0 0 0.068891 0.00740579
620 0 0 0.068891 0.00740579
630 0 0 0.068891 0.00740579
640 0 0 0.068891 0.00740579
650 0 0 0.068891 0.00740579
660 0 0 0.068891 0.00740579
670 0 0 0.068891 0.00740579
680 0 0 0.068891 0.00740579
690 0 0 0.068891 0.00740579
700 0 0 0.068891 0.00740579
710 0 0 0.068891 0.00740579
720 0 0 0.068891 0.00740579
730 0 0 0.068891 0.00740579
740 0 0 0.068891 0.00740579
750 0 0 0.068891 0.00740579
760 0 0 0.068891 0.00740579
770 0 0 0.068891 0.00740579
780 0 0 0.068891 0.00740579
790 0 0 0.068891 0.00740579
800 0 0 0.068891 0.00740579
810 0 0 0.068891 0.00740579
820 0 0 0.068891 0.00740579
830 0 0 0.068891 0.00740579
840 0 0 0.068891 0.00740579
850 0 0 0.068891 0.00740579
860 0 0 0.068891 0.00740579
870 0 0 0.068891 0.00740579
880 0 0 0.068891 0.00740579
890 0 0 0.068891 0.00740579
900 0 0 0.068891 0.00740579
910 0 0 0.068891 0.00740579
920 0 0 0.068891 0.00740579
930 0 0 0.068891 0.00740579
940 0 0 0.068891 0.00740579
950 0 0 0.068891 0.00740579
960 0 0 0.068891 0.00740579
970 0 0 0.068891 0.00740579
980 0 0 0.068891 0.00740579
990 0 0 0.068891 0.00740579
1000 0 0 0.068891 0.00740579
1010 0 0 0.068891 0.00740579
1020 0 0 0.068891 0.00740579
1030 0 0 0.068891 0.00740579
1040 0 0 0.068891 0.00740579
1050 0 0 0.068891 0.00740579
1060 0 0 0.068891 0.00740579
1070 0 0 0.068891 0.00740579
1080 0 0 0.068891 0.00740579
1090 0 0 0.068891 0.00740579
1100 0 0 0.068891 0.00740579
1110 0 0 0.068891 0.00740579
1120 0 0 0.068891 0.00740579
1130 0 0 0.068891 0.00740579
1140 0 0 0.068891 0.00740579
1150 0 0 0.068891 0.00740579
1160 0 0 0.068891 0.00740579
1170 0 0 0.068891 0.00740579
1180 0 0 0.068891 0.00740579
1190 0 0 0.068891 0.00740579
1200 0 0 0.068891 0.00740579
1210 0 0 0.068891 0.00740579
1220 0 0 0.068891 0.00740579
1230 0 0 0.068891 0.00740579
1240 0 0 0.068891 0.00740579
1250 0 0 0.068891 0.00740579
1260 0 0 0.068891 0.00740579
1270 0 0 0.068891 0.00740579
1280 0 0 0.068891 0.00740579
1290 0 0 0.068891 0.00740579
1300 0 0 0.068891 0.00740579
1310 0 0 0.068891 0.00740579
1320 0 0 0.068891 0.00740579
1330 0 0 0.068891 0.00740579
1340 0 0 0.068891 0.00740579
1350 0 0 0.068891 0.00740579
1360 0 0 0.068891 0.00740579
1370 0 0 0.068891 0.00740579
1380 0 0 0.068891 0.00740579
1390 0 0 0.068891 0.00740579
1400 0 0 0.068891 0.00740579
1410 0 0 0.068891 0.00740579
1420 0 0 0.068891 0.00740579
1430 0 0 0.068891 0.00740579
1440 0 0 0.068891 0.00740579


Time || Bleached_RelInit SEM_RelInit
1 0 0.0574219
2 0 0.0799255
3 0 0.0807487
4 0 0.0534923
5 0.0359639 0.0592148
6 0.0510675 0.0633317
7 0.0510675 0.0694912
8 0.0611849 0.0628466
9 0.0773401 0.0629696
10 0.0884366 0.0707731
11 0.0987625 0.0732861
12 0.10888 0.066142
13 0.119206 0.0662047
14 0.134871 0.0719844
15 0.134871 0.0773185
16 0.150256 0.0719016
17 0.175686 0.0749004
18 0.1903 0.0718899
19 0.209972 0.0740829
20 0.219809 0.0848408
21 0.235474 0.0715304
22 0.240533 0.0736101
23 0.255637 0.0736999
24 0.266244 0.0842497
25 0.282118 0.081415
26 0.296732 0.084514
27 0.317946 0.0822566
28 0.337827 0.077975
29 0.356938 0.105941
30 0.361715 0.114894
40 0.420579 0.0646814
50 0.561842 0.125473
60 0.653225 0.167104
70 0.708445 0.185512
80 0.740547 0.163507
90 0.81523 0.19135
100 0.870523 0.160856
110 0.854086 0.177329
120 0.872218 0.157433
130 0.882054 0.157853
140 0.923149 0.128975
150 0.916831 0.182682
160 0.929677 0.152347
170 0.94886 0.165225
180 0.978859 0.176618
190 0.9804 0.154324
200 0.991215 0.142573
210 0.990726 0.146447
220 0.990164 0.122081
230 1 0.135484
240 0.974008 0.158845
250 0.95876 0.133223
260 0.967617 0.144807
270 0.949921 0.14608
280 0.923648 0.146609
290 0.938824 0.152077
300 0.934047 0.14843
310 0.959757 0.161804
320 0.950972 0.158162
330 0.930456 0.144168
340 0.930248 0.122811
350 0.939876 0.128931
360 0.909596 0.120594
370 0.901582 0.120269
380 0.90053 0.131184
390 0.876851 0.128794
400 0.885916 0.116716
410 0.884375 0.116775
420 0.88142 0.134432
430 0.88142 0.113712
440 0.860976 0.113889
450 0.835755 0.105177
460 0.82086 0.1211
470 0.820298 0.122059
480 0.825076 0.129132
490 0.819528 0.121316
500 0.818757 0.114533
510 0.805122 0.107111
520 0.800626 0.117983
530 0.805403 0.112546
540 0.805403 0.112546
550 0.794796 0.108219
560 0.795005 0.0962597
570 0.77477 0.100541
630 0.71829 0.0946408
690 0.639527 0.117397
750 0.625475 0.113394
810 0.579811 0.123436
870 0.521509 0.139061
930 0.471067 0.135001
990 0.401668 0.129319
1050 0.364861 0.120202
1110 0.307402 0.120744
1170 0.278736 0.0980135
1230 0.246426 0.110128
1290 0.236308 0.108725
1350 0.185866 0.108321
1410 0.113231 0.108534
1470 0.0522551 0.101737
1530 0 0.0864574
1590 0 0.0874946
1650 0 0.0869421
1710 0 0.0908461
1770 0 0.0956401
1830 0 0.0878169
1890 0 0.0879491
1950 0 0.0881958
2010 0 0.083639
2070 0 0.0834232
2130 0 0.0892744
2190 0 0.0853258
2250 0 0.0853258
2310 0 0.0853258
2370 0 0.0871571
2430 0 0.0847781
2490 0 0.083792
2550 0 0.0831901
2610 0 0.0844167
2670 0 0.0864119
2730 0 0.0906267
2790 0 0.0905368
2850 0 0.0905368
2910 0 0.0890852
2970 0 0.0890852
3030 0 0.0858427
3090 0 0.0858427
3150 0 0.0858427
3210 0 0.0858427
3270 0 0.0806519
3330 0 0.0822256
3390 0 0.0834095
3450 0 0.0834095
3510 0 0.0834095
3570 0 0.0834095
4170 0 0.0876488
4770 0 0.0785617
5370 0 0.0785617
5970 0 0.0762019
6570 0 0.0750911
7170 0 0.0750911
7770 0 0.0744807
8370 0 0.0744807
8970 0 0.0744807
9570 0 0.0744807
10170 0 0.0744807
10770 0 0.0744807
11370 0 0.0744807
11970 0 0.0744807
12570 0 0.0744807
13170 0 0.0744807
13770 0 0.0759066
14370 0 0.0759066
14970 0 0.0759066
15570 0 0.0759066
16170 0 0.0759066
16770 0 0.0752294
17370 0 0.0752294
17970 0 0.0779655
18570 0 0.0779655
19170 0 0.0773063
19770 0 0.0773063
20370 0 0.0773063
20970 0 0.0773063
21570 0 0.0773063
22170 0 0.0773063
22770 0 0.0773063
23370 0 0.0773063
23970 0 0.0773063
24570 0 0.0773063
25170 0 0.0761411
25770 0 0.0755391
26370 0 0.0755391
26970 0 0.0755391
27570 0 0.0755391
28170 0 0.0755391
28770 0 0.0755391
29370 0 0.0755391
29970 0 0.0755391
30570 0 0.0755391
31170 0 0.0755391
31770 0 0.0755391
32370 0 0.0755391
32970 0 0.0755391
33570 0 0.0755391
34170 0 0.0761995
34770 0 0.0761995
35370 0 0.0753872
35970 0 0.0753872
36570 0 0.0753872
37170 0 0.0753872
37770 0 0.0753872
38370 0 0.0753872
38970 0 0.0753872
39570 0 0.0753872
40170 0 0.0753872
40770 0 0.0753872
41370 0 0.0753872
41970 0 0.0753872
42570 0 0.0753872
43170 0 0.0753872
43770 0 0.0753872
44370 0 0.0753872
44970 0 0.0753872
45570 0 0.0753872
46170 0 0.0753872
46770 0 0.0753872
47370 0 0.0753872
47970 0 0.0753872
48570 0 0.0753872
49170 0 0.0753872
49770 0 0.0753872
50370 0 0.0753872
50970 0 0.0753872
51570 0 0.0753872
52170 0 0.0753872
52770 0 0.0753872
53370 0 0.0753872
53970 0 0.0753872
54570 0 0.0753872
55170 0 0.0753872
55770 0 0.0753872
56370 0 0.0753872
56970 0 0.0753872
57570 0 0.0753872
58170 0 0.0753872
58770 0 0.0753872
59370 0 0.0753872
59970 0 0.0753872
60570 0 0.0753872
61170 0 0.0753872
61770 0 0.0753872
62370 0 0.0753872
62970 0 0.0753872
63570 0 0.0753872
64170 0 0.0753872
64770 0 0.0753872
65370 0 0.0753872
65970 0 0.0753872
66570 0 0.0753872
67170 0 0.0753872
67770 0 0.0753872
68370 0 0.0753872
68970 0 0.0753872
69570 0 0.0753872
70170 0 0.0753872
70770 0 0.0753872
71370 0 0.0753872
71970 0 0.0753872
72570 0 0.0753872
73170 0 0.0753872
73770 0 0.0753872
74370 0 0.0753872
74970 0 0.0753872
75570 0 0.0753872
76170 0 0.0753872
76770 0 0.0753872
77370 0 0.0753872
77970 0 0.0753872
78570 0 0.0753872
79170 0 0.0753872
79770 0 0.0753872
80370 0 0.0753872
80970 0 0.0753872
81570 0 0.0753872
82170 0 0.0753872
82770 0 0.0753872
83370 0 0.0753872
83970 0 0.0753872
84570 0 0.0753872
85170 0 0.0753872
85770 0 0.0753872
86370 0 0.0753872


Original_Seperation_of_Misrepair
# Separation (nm) | Normalised Frequency
2.6 0.232143
5.2 1
7.8 0.803571
10.4 0.267857


Time_of_Misrepair_Interactions
# Time of Interaction (s) | Normalised Frequency
1 0.545455
2.00001 1
3.00001 0.5
4.00002 0.636364
5.00002 0.318182
6.00003 0.0909091
7.00003 0.136364
8.00004 0.0909091
9.00004 0.272727
10 0.181818
11.0001 0.0909091
12.0001 0.136364
13.0001 0.0909091
14.0001 0.0909091
15.0001 0.136364
16.0001 0.0909091
17.0001 0.0909091
18.0001 0.0454545
19.0001 0.136364
20.0001 0.0454545
21.0001 0.0454545
22.0001 0.0454545
24.0001 0.0454545
26.0001 0.181818
30.0001 0.0454545
31.0001 0.0454545
32.0001 0.0454545
34.0002 0.0454545
35.0002 0.0909091
40.0002 0.0454545
41.0002 0.0454545
44.0002 0.0909091
47.0002 0.0454545
48.0002 0.0454545
49.0002 0.136364
50.0002 0.0454545
51.0002 0.0454545
53.0002 0.0909091
54.0002 0.0454545
57.0003 0.0454545
58.0003 0.0909091
59.0003 0.0909091
61.0003 0.0454545
65.0003 0.0909091
66.0003 0.0454545
67.0003 0.0909091
68.0003 0.0454545
72.0003 0.0454545
73.0003 0.0454545
74.0003 0.0909091
75.0003 0.0909091
79.0004 0.0454545
81.0004 0.0454545
82.0004 0.0909091
88.0004 0.0454545
89.0004 0.0454545
90.0004 0.0909091
94.0004 0.0454545
96.0004 0.0454545
97.0004 0.0454545
99.0005 0.0909091
106 0.0454545
109.001 0.0454545
110.001 0.0454545
112.001 0.0454545
113.001 0.0909091
116.001 0.0909091
117.001 0.0454545
119.001 0.0454545
120.001 0.0454545
122.001 0.0454545
123.001 0.0454545
125.001 0.0454545
126.001 0.0454545
129.001 0.0909091
130.001 0.0454545
131.001 0.0909091
132.001 0.0454545
139.001 0.0909091
141.001 0.0454545
143.001 0.0909091
144.001 0.0454545
153.001 0.0909091
154.001 0.0454545
156.001 0.0454545
157.001 0.0454545
159.001 0.0454545
162.001 0.0454545
167.001 0.0454545
170.001 0.0454545
178.001 0.0454545
181.001 0.0909091
183.001 0.0454545
187.001 0.0454545
191.001 0.0909091
193.001 0.0909091
194.001 0.0909091
197.001 0.0454545
202.001 0.0454545
204.001 0.0454545
207.001 0.0454545
211.001 0.0454545
224.001 0.0454545
230.001 0.0454545
231.001 0.0454545
233.001 0.0454545
234.001 0.0454545
236.001 0.0454545
238.001 0.0454545
239.001 0.0454545
240.001 0.0454545
241.001 0.0454545
246.001 0.0909091
247.001 0.0454545
251.001 0.0454545
255.001 0.0454545
271.001 0.0454545
283.001 0.0909091
286.001 0.0454545
288.001 0.0454545
290.001 0.0909091
291.001 0.0454545
292.001 0.0909091
294.001 0.0454545
297.001 0.0454545
299.001 0.0909091
309.001 0.0909091
328.002 0.0909091
336.002 0.0909091
338.002 0.0454545
339.002 0.0454545
346.002 0.0454545
348.002 0.0454545
349.002 0.0454545
352.002 0.0454545
360.002 0.0454545
365.002 0.0454545
368.002 0.0454545
370.002 0.0454545
371.002 0.0454545
372.002 0.0909091
374.002 0.0454545
398.002 0.0454545
409.002 0.0454545
412.002 0.0454545
438.002 0.0454545
445.002 0.0454545
449.002 0.0454545
454.002 0.0454545
456.002 0.0454545
457.002 0.0454545
471.002 0.0454545
477.002 0.0454545
478.002 0.0454545
485.002 0.0909091
489.002 0.0454545
493.002 0.0454545
497.002 0.0454545
528.002 0.0454545
529.002 0.0454545
536.002 0.0454545
539.002 0.0454545
541.003 0.0454545
552.003 0.0454545
563.003 0.0454545
577.003 0.0454545
581.003 0.0454545
588.003 0.0454545
618.003 0.0454545
634.003 0.0909091
635.003 0.0454545
637.003 0.0454545
641.003 0.0454545
652.003 0.0454545
657.003 0.0454545
693.003 0.0454545
699.003 0.0454545
707.003 0.0909091
724.003 0.0454545
736.003 0.0454545
767.004 0.0454545
798.004 0.0454545
802.004 0.0454545
816.004 0.0454545
827.004 0.0454545
846.004 0.0454545
851.004 0.0454545
926.004 0.0454545
933.004 0.0454545
971.004 0.0454545
1019 0.0454545
1030 0.0454545
1045 0.0454545
1144.01 0.0454545
1192.01 0.0454545
1307.01 0.0454545
1461.01 0.0454545
1530.01 0.0454545
1583.01 0.0454545
3244.02 0.0454545
3727.02 0.0454545
3836.02 0.0454545
6132.03 0.0454545
6183.03 0.0454545
6374.03 0.0454545
13743.1 0.0454545
17650.1 0.0454545
25167.1 0.0454545
34172.2 0.0454545


MSD_of_DSB
# Time (s) | MSD


Displacement_at_End
# Displacement (nm) | Normalised Frequency
70.2 0.25
78 0.125
80.6 0.125
93.6 0.125
96.2 0.125
98.8 0.125
104 0.125
109.2 0.125
114.4 0.5
117 0.125
122.2 0.375
124.8 0.125
130 0.125
132.6 0.125
156 0.25
174.2 0.25
176.8 0.25
179.4 0.125
182 0.25
184.6 0.125
195 0.25
200.2 0.25
202.8 0.25
223.6 0.25
226.2 0.125
228.8 0.25
234 0.25
265.2 0.25
288.6 0.375
293.8 0.125
296.4 0.5
299 0.125
301.6 0.125
306.8 0.25
314.6 0.25
325 0.125
327.6 0.125
338 0.25
348.4 0.25
361.4 0.125
366.6 0.25
369.2 0.125
371.8 0.25
387.4 0.125
390 0.125
395.2 0.25
403 0.25
405.6 0.25
413.4 0.125
423.8 0.25
429 0.25
442 0.125
444.6 0.375
455 0.125
460.2 0.125
473.2 0.125
475.8 0.125
478.4 0.25
481 0.125
496.6 0.125
501.8 0.25
504.4 0.125
509.6 0.125
512.2 0.125
517.4 0.25
520 0.375
522.6 0.125
530.4 0.125
533 0.125
540.8 0.25
543.4 0.25
548.6 0.125
551.2 0.125
559 0.125
561.6 0.25
574.6 0.25
600.6 0.125
605.8 0.125
616.2 0.125
621.4 0.125
631.8 0.125
634.4 1
637 0.125
639.6 0.125
644.8 0.125
657.8 0.25
668.2 0.125
670.8 0.25
673.4 0.375
676 0.25
686.4 0.375
689 0.125
694.2 0.75
696.8 0.375
699.4 0.125
702 0.125
704.6 0.125
707.2 0.125
709.8 0.125
712.4 0.125
717.6 0.25
725.4 0.125
728 0.125
743.6 0.125
746.2 0.5
748.8 0.125
751.4 0.125
754 0.25
756.6 0.125
761.8 0.125
764.4 0.25
767 0.125
769.6 0.125
772.2 0.375
774.8 0.25
793 0.375
795.6 0.375
798.2 0.375
803.4 0.125
813.8 0.25
819 0.5
826.8 0.25
842.4 0.25
847.6 0.375
850.2 0.125
852.8 0.375
855.4 0.125
860.6 0.25
889.2 0.125
894.4 0.125
917.8 0.125
920.4 0.125
928.2 0.25
933.4 0.125
936 0.125
941.2 0.125
943.8 0.25
946.4 0.25
949 0.375
951.6 0.125
956.8 0.125
959.4 0.125
988 0.25
1008.8 0.25
1034.8 0.125
1040 0.25
1042.6 0.125
1047.8 0.25
1053 0.25
1055.6 0.125
1066 0.25
1079 0.375
1081.6 0.125
1084.2 0.25
1092 0.375
1094.6 0.125
1105 0.125
1107.6 0.125
1110.2 0.375
1131 0.375
1136.2 0.125
1164.8 0.25
1183 0.25
1185.6 0.375
1190.8 0.125
1198.6 0.375
1201.2 0.25
1203.8 0.25
1211.6 0.25
1214.2 0.25
1219.4 0.25
1222 0.375
1235 0.125
1237.6 0.125
1250.6 0.25
1263.6 0.375
1268.8 0.25
1271.4 0.125
1289.6 0.125
1294.8 0.125
1307.8 0.5
1318.2 0.25
1326 0.125
1328.6 0.25
1331.2 0.125
1336.4 0.125
1339 0.125
1341.6 0.125
1349.4 0.25
1388.4 0.25
1396.2 0.375
1398.8 0.125
1401.4 0.25
1406.6 0.125
1409.2 0.25
1424.8 0.25
1432.6 0.375
1437.8 0.125
1487.2 0.5
1508 0.125
1513.2 0.25
1515.8 0.125
1578.2 0.125
1580.8 0.125
1591.2 0.125
1593.8 0.125
1604.2 0.125
1632.8 0.375
1677 0.125
1710.8 0.25
1718.6 0.25
1721.2 0.25
1729 0.125
1734.2 0.25
1736.8 0.125
1744.6 0.125
1747.2 0.125
1788.8 0.125
1791.4 0.125
1820 0.125
1833 0.125
1838.2 0.125
1846 0.125
1851.2 0.125
1973.4 0.25
2009.8 0.25
2041 0.25
2061.8 0.125
2082.6 0.125
2093 0.25
2113.8 0.25
2132 0.125
2134.6 0.125
2288 0.125
2321.8 0.125
2376.4 0.125
2379 0.125
2501.2 0.25
2522 0.25
2711.8 0.25
3008.2 0.25
3021.2 0.25


Displacement_of_ResidualEnds
226.2 1
413.4 1
475.8 1
496.6 1
504.4 1
540.8 1
696.8 1
751.4 1
772.2 1
847.6 1
855.4 1
946.4 1
1055.6 1
1110.2 1
1185.6 1
1222 1
1341.6 1
1406.6 1
1604.2 1
1632.8 1
1677 1
1729 1
1736.8 1
1820 1
2061.8 1
2082.6 1
2288 1
2321.8 1


Displacement_of_ResidualSyn


