#Time | Normalised to Self | SEM_NTS | Normalised to Initial DSBs | SEM_NTI
Ku_Recruitment
0 0 0
0.0166667 0.408694 0.0132248
0.0333333 0.524426 0.0164434
0.05 0.589582 0.0239273
0.0666667 0.650361 0.0311431
0.0833333 0.682274 0.0405192
0.1 0.705552 0.041178
0.116667 0.7276 0.027796
0.133333 0.759585 0.0239846
0.15 0.802417 0.0229395
0.166667 0.834231 0.0390056
0.183333 0.835528 0.0426028
0.2 0.851263 0.0384564
0.216667 0.870928 0.0353378
0.233333 0.885571 0.0175294
0.25 0.900181 0.0266423
0.266667 0.906183 0.0275626
0.283333 0.926762 0.0208388
0.3 0.929257 0.0194967
0.316667 0.926934 0.0190607
0.333333 0.941267 0.0193485
0.35 0.967073 0.0246786
0.366667 0.974306 0.0284745
0.383333 0.980413 0.0283439
0.4 0.977991 0.0317087
0.416667 0.981677 0.0318339
0.433333 0.985363 0.0332511
0.45 0.992701 0.0316628
0.466667 0.985396 0.0363969
0.483333 0.983007 0.0377763
0.5 0.976827 0.0382488
0.516667 0.970792 0.0303101
0.533333 0.963697 0.0307289
0.55 0.971002 0.0376519
0.566667 0.974582 0.04023
0.583333 0.975879 0.0389356
0.6 0.977143 0.0378616
0.616667 0.985573 0.0360629
0.633333 0.984481 0.0345428
0.65 0.98922 0.0274881
0.666667 0.994031 0.0374891
0.683333 0.994031 0.0402405
0.7 0.990378 0.0377304
0.716667 0.997644 0.03829
0.733333 0.989009 0.0382233
0.75 0.995084 0.0478528
0.766667 1 0.0415639
0.783333 0.997545 0.0369505
0.8 0.997301 0.0409669
0.816667 0.992246 0.0480967
0.833333 0.994563 0.052362
0.85 0.98733 0.0580129
0.866667 0.989647 0.0580429
0.883333 0.990877 0.0609567
0.9 0.987436 0.0538839
0.916667 0.989719 0.0561909
0.933333 0.99228 0.0484985
0.95 0.991188 0.0531637
0.966667 0.991188 0.0469693
0.983333 0.992313 0.0498662
1 0.983783 0.0483724


PKcs_Recruitment
0 0 0
0.0166667 0.142758 0.00781047
0.0333333 0.328751 0.010862
0.05 0.469981 0.0161039
0.0666667 0.559579 0.0300838
0.0833333 0.625036 0.0396384
0.1 0.671355 0.0383172
0.116667 0.709643 0.0265019
0.133333 0.734614 0.0236705
0.15 0.760645 0.0229967
0.166667 0.785265 0.0354085
0.183333 0.811369 0.0401952
0.2 0.822393 0.0334039
0.216667 0.838225 0.0313691
0.233333 0.862784 0.0171426
0.25 0.886066 0.02465
0.266667 0.894548 0.02763
0.283333 0.911752 0.0194906
0.3 0.919989 0.0175253
0.316667 0.921187 0.01539
0.333333 0.926273 0.0149088
0.35 0.937437 0.0234151
0.366667 0.955985 0.0273382
0.383333 0.97291 0.0281804
0.4 0.968036 0.0311813
0.416667 0.975452 0.0316619
0.433333 0.985167 0.0332877
0.45 0.991384 0.0315763
0.466667 0.985339 0.0366025
0.483333 0.986644 0.0379324
0.5 0.977884 0.0384041
0.516667 0.966937 0.0304015
0.533333 0.960998 0.0306037
0.55 0.968281 0.0376222
0.566667 0.970612 0.0401693
0.583333 0.973222 0.03915
0.6 0.976791 0.0375601
0.616667 0.981876 0.0357273
0.633333 0.984419 0.0347361
0.65 0.981804 0.027638
0.666667 0.992789 0.0374888
0.683333 0.993922 0.0403498
0.7 0.990247 0.037815
0.716667 0.99763 0.0382757
0.733333 0.988836 0.0383124
0.75 0.992544 0.0481267
0.766667 0.999927 0.0416857
0.783333 1 0.0371192
0.8 0.993749 0.0409334
0.816667 0.995801 0.0483254
0.833333 0.998238 0.0526274
0.85 0.990855 0.058314
0.866667 0.990749 0.0583464
0.883333 0.98704 0.0612734
0.9 0.986014 0.0540356
0.916667 0.986014 0.0564886
0.933333 0.987458 0.0484911
0.95 0.99357 0.0534487
0.966667 0.994875 0.0471968
0.983333 0.993604 0.0499419
1 0.987392 0.0486086


XRCC4_Recruitment
0 0 0
0.0166667 0 0
0.0333333 0 0
0.05 0 0
0.0666667 0 0
0.0833333 0.00426163 0.00426163
0.1 0.00426163 0.00426163
0.116667 0.00426163 0.00426163
0.133333 0.00426163 0.00426163
0.15 0.00426163 0.00426163
0.166667 0.00426163 0.00426163
0.183333 0.00426163 0.00426163
0.2 0.00852327 0.00852327
0.216667 0.00852327 0.00852327
0.233333 0.00852327 0.00852327
0.25 0.00852327 0.00852327
0.266667 0.0208411 0.0111964
0.283333 0.0251028 0.0147701
0.3 0.041439 0.00865704
0.316667 0.041439 0.00865704
0.333333 0.0665418 0.0178697
0.35 0.074598 0.0154134
0.366667 0.074598 0.0154134
0.383333 0.0788597 0.0193313
0.4 0.0831213 0.0233699
0.416667 0.0873829 0.0274759
0.433333 0.0997008 0.0301785
0.45 0.0997008 0.0301785
0.466667 0.108224 0.0379637
0.483333 0.11628 0.0375912
0.5 0.112019 0.0341178
0.516667 0.112019 0.0341178
0.533333 0.112019 0.0341178
0.55 0.128598 0.0420218
0.566667 0.153346 0.0422684
0.583333 0.153346 0.0422684
0.6 0.153346 0.0422684
0.616667 0.161402 0.0444869
0.633333 0.161402 0.0444869
0.65 0.177738 0.0284638
0.666667 0.182 0.0315774
0.683333 0.182 0.0315774
0.7 0.202598 0.0211188
0.716667 0.202598 0.0211188
0.733333 0.202598 0.0211188
0.75 0.206859 0.0252185
0.766667 0.206859 0.0252185
0.783333 0.215028 0.02035
0.8 0.223196 0.0180473
0.816667 0.231364 0.0192543
0.833333 0.231364 0.0192543
0.85 0.235626 0.0221944
0.866667 0.235626 0.0221944
0.883333 0.235626 0.0221944
0.9 0.243682 0.0147279
0.916667 0.247943 0.0184599
0.933333 0.268429 0.015127
0.95 0.272691 0.0188728
0.966667 0.272691 0.0188728
0.983333 0.272691 0.0188728
1 0.276953 0.0228006
1.16667 0.289738 0.0350549
1.33333 0.375719 0.030334
1.5 0.425327 0.0244667
1.66667 0.474355 0.0172095
1.83333 0.527533 0.0333783
2 0.580579 0.0242357
2.16667 0.625458 0.0334746
2.33333 0.649739 0.0472917
2.5 0.682898 0.0473199
2.66667 0.703739 0.046996
2.83333 0.769458 0.0511468
3 0.769458 0.0511468
3.16667 0.806524 0.0561875
3.33333 0.798468 0.048172
3.5 0.835757 0.0330396
3.66667 0.877663 0.0110998
3.83333 0.893887 0.0189554
4 0.914261 0.0283655
4.16667 0.929664 0.0582953
4.33333 0.954523 0.0554413
4.5 0.966953 0.0553322
4.66667 0.971103 0.0518347
4.83333 0.991944 0.0453943
5 1 0.051975


DSB_Residual
0 23.8338 0 1 0
0.0166667 23.8338 0 1 0
0.0333333 23.8338 0 1 0
0.05 23.8338 0 1 0
0.0666667 23.8338 0 1 0
0.0833333 23.8338 0 1 0
0.1 23.8338 0 1 0
0.116667 23.8338 0 1 0
0.133333 23.8338 0 1 0
0.15 23.8338 0 1 0
0.166667 23.8338 0 1 0
0.183333 23.8338 0 1 0
0.2 23.8338 0 1 0
0.216667 23.8338 0 1 0
0.233333 23.8338 0 1 0
0.25 23.8338 0 1 0
0.266667 23.8338 0 1 0
0.283333 23.8338 0 1 0
0.3 23.8338 0 1 0
0.316667 23.8338 0 1 0
0.333333 23.8338 0 1 0
0.35 23.8338 0 1 0
0.366667 23.8338 0 1 0
0.383333 23.8338 0 1 0
0.4 23.8338 0 1 0
0.416667 23.8338 0 1 0
0.433333 23.8338 0 1 0
0.45 23.8338 0 1 0
0.466667 23.8338 0 1 0
0.483333 23.8338 0 1 0
0.5 23.7762 0.0575696 0.997585 0.00241546
0.516667 23.7762 0.0575696 0.997585 0.00241546
0.533333 23.7762 0.0575696 0.997585 0.00241546
0.55 23.7762 0.0575696 0.997585 0.00241546
0.566667 23.7762 0.0575696 0.997585 0.00241546
0.583333 23.7762 0.0575696 0.997585 0.00241546
0.6 23.7762 0.0575696 0.997585 0.00241546
0.616667 23.7762 0.0575696 0.997585 0.00241546
0.633333 23.7762 0.0575696 0.997585 0.00241546
0.65 23.7762 0.0575696 0.997585 0.00241546
0.666667 23.7762 0.0575696 0.997585 0.00241546
0.683333 23.7762 0.0575696 0.997585 0.00241546
0.7 23.7762 0.0575696 0.997585 0.00241546
0.716667 23.7762 0.0575696 0.997585 0.00241546
0.733333 23.7762 0.0575696 0.997585 0.00241546
0.75 23.7762 0.0575696 0.997585 0.00241546
0.766667 23.7762 0.0575696 0.997585 0.00241546
0.783333 23.7762 0.0575696 0.997585 0.00241546
0.8 23.7762 0.0575696 0.997585 0.00241546
0.816667 23.7762 0.0575696 0.997585 0.00241546
0.833333 23.7762 0.0575696 0.997585 0.00241546
0.85 23.7762 0.0575696 0.997585 0.00241546
0.866667 23.7762 0.0575696 0.997585 0.00241546
0.883333 23.7762 0.0575696 0.997585 0.00241546
0.9 23.7762 0.0575696 0.997585 0.00241546
0.916667 23.7762 0.0575696 0.997585 0.00241546
0.933333 23.7762 0.0575696 0.997585 0.00241546
0.95 23.7762 0.0575696 0.997585 0.00241546
0.966667 23.7762 0.0575696 0.997585 0.00241546
0.983333 23.7762 0.0575696 0.997585 0.00241546
1 23.7762 0.0575696 0.997585 0.00241546
1.16667 23.7762 0.0575696 0.997585 0.00241546
1.33333 23.7762 0.0575696 0.997585 0.00241546
1.5 23.7762 0.0575696 0.997585 0.00241546
1.66667 23.7762 0.0575696 0.997585 0.00241546
1.83333 23.7762 0.0575696 0.997585 0.00241546
2 23.6098 0.112118 0.990603 0.00470415
2.16667 23.6098 0.112118 0.990603 0.00470415
2.33333 23.3331 0.0933477 0.978992 0.00391661
2.5 23.3331 0.0933477 0.978992 0.00391661
2.66667 23.3331 0.0933477 0.978992 0.00391661
2.83333 23.2755 0.114152 0.976576 0.00478949
3 23.2179 0.154842 0.974161 0.00649673
3.16667 23.2179 0.154842 0.974161 0.00649673
3.33333 23.1091 0.199652 0.969594 0.00837685
3.5 23.1091 0.199652 0.969594 0.00837685
3.66667 23.1091 0.199652 0.969594 0.00837685
3.83333 23.0515 0.226207 0.967179 0.00949101
4 23.0515 0.226207 0.967179 0.00949101
4.16667 22.8213 0.403347 0.957517 0.0169233
4.33333 22.7637 0.455126 0.955102 0.0190958
4.5 22.6534 0.371167 0.950472 0.0155731
4.66667 22.543 0.304533 0.945842 0.0127774
4.83333 22.4854 0.362098 0.943427 0.0151926
5 22.3751 0.322628 0.938797 0.0135366
5.16667 22.3751 0.322628 0.938797 0.0135366
5.33333 22.3751 0.322628 0.938797 0.0135366
5.5 22.2087 0.310105 0.931816 0.0130111
5.66667 22.2087 0.310105 0.931816 0.0130111
5.83333 21.8792 0.177591 0.91799 0.00745121
6 21.7689 0.217243 0.913361 0.00911491
6.16667 21.6025 0.139272 0.906379 0.00584348
6.33333 21.3833 0.105983 0.897183 0.00444673
6.5 21.2729 0.21265 0.892553 0.00892221
6.66667 21.2729 0.21265 0.892553 0.00892221
6.83333 21.2154 0.200762 0.890138 0.00842343
7 20.8283 0.320872 0.873897 0.0134629
7.16667 20.8283 0.320872 0.873897 0.0134629
7.33333 20.6091 0.377209 0.864701 0.0158266
7.5 20.5003 0.350679 0.860135 0.0147135
7.66667 20.3339 0.302617 0.853153 0.012697
7.83333 20.1612 0.154986 0.845907 0.00650279
8 19.7741 0.299351 0.829666 0.0125599
8.16667 19.7165 0.260783 0.827251 0.0109417
8.33333 19.7165 0.260783 0.827251 0.0109417
8.5 19.6062 0.370456 0.822621 0.0155433
8.66667 19.4398 0.296279 0.815639 0.012431
8.83333 19.2191 0.512417 0.80638 0.0214996
9 18.9951 0.401091 0.796983 0.0168287
9.16667 18.9951 0.401091 0.796983 0.0168287
9.33333 18.7696 0.447942 0.787522 0.0187944
9.5 18.4401 0.617133 0.773697 0.0258932
9.66667 18.2737 0.54192 0.766715 0.0227374
9.83333 18.1649 0.518585 0.762149 0.0217584
10 17.9985 0.465792 0.755167 0.0195434
11 17.6642 0.461482 0.741141 0.0193625
12 17.2771 0.602585 0.7249 0.0252828
13 16.8867 0.467952 0.708521 0.019634
14 15.9381 0.357347 0.668718 0.0149933
15 15.1064 0.479179 0.633821 0.020105
16 14.7082 0.278483 0.617114 0.0116844
17 14.2572 0.346708 0.598193 0.0145469
18 13.8605 0.253377 0.581549 0.010631
19 12.9152 0.242548 0.541884 0.0101766
20 12.1857 0.311106 0.511278 0.0130531
21 11.5809 0.168177 0.485904 0.00705623
22 11.2418 0.356063 0.471676 0.0149394
23 10.7396 0.307935 0.450604 0.0129201
24 10.2422 0.124685 0.429734 0.00523145
25 9.79754 0.16316 0.411077 0.00684574
26 9.6872 0.246218 0.406448 0.0103306
27 9.41197 0.0721815 0.3949 0.00302853
28 9.18648 0.154038 0.385439 0.006463
29 8.7994 0.265975 0.369198 0.0111596
30 8.68426 0.251213 0.364368 0.0105402
31 8.18986 0.150205 0.343624 0.0063022
32 8.02195 0.207492 0.336579 0.00870578
33 7.96438 0.175882 0.334163 0.00737954
34 7.74041 0.066045 0.324766 0.00277107
35 7.63007 0.174736 0.320137 0.00733143
36 7.46216 0.264294 0.313091 0.011089
37 7.46216 0.264294 0.313091 0.011089
38 7.01751 0.371414 0.294435 0.0155835
39 6.57285 0.479307 0.275779 0.0201104
40 6.2898 0.546863 0.263903 0.0229449
41 6.12189 0.641895 0.256858 0.0269321
42 6.12189 0.641895 0.256858 0.0269321
43 6.06432 0.640187 0.254442 0.0268605
44 6.00675 0.643643 0.252027 0.0270055
45 5.89161 0.665611 0.247196 0.0279272
46 5.72521 0.57656 0.240214 0.0241909
47 5.61638 0.470287 0.235648 0.0197319
48 5.33484 0.435843 0.223835 0.0182868
49 5.33484 0.435843 0.223835 0.0182868
50 5.22601 0.327547 0.219269 0.013743
51 5.11567 0.384996 0.214639 0.0161534
52 4.89801 0.172989 0.205507 0.00725813
53 4.78918 0.079427 0.200941 0.00333254
54 4.78918 0.079427 0.200941 0.00333254
55 4.57001 0.153725 0.191745 0.00644989
56 4.57001 0.153725 0.191745 0.00644989
57 4.46118 0.188102 0.187179 0.00789226
58 4.46118 0.188102 0.187179 0.00789226
59 4.35084 0.254904 0.182549 0.0106951
60 4.24201 0.297332 0.177983 0.0124752
70 3.73499 0.119526 0.15671 0.00501496
80 3.50951 0.100155 0.147249 0.00420222
90 3.23126 0.294207 0.135575 0.0123441
100 3.00098 0.297074 0.125913 0.0124644
110 3.00098 0.297074 0.125913 0.0124644
120 3.00098 0.297074 0.125913 0.0124644
130 2.89215 0.189319 0.121346 0.00794329
140 2.83458 0.215804 0.118931 0.00905453
150 2.83458 0.215804 0.118931 0.00905453
160 2.83458 0.215804 0.118931 0.00905453
170 2.83458 0.215804 0.118931 0.00905453
180 2.77701 0.252843 0.116516 0.0106086
190 2.77701 0.252843 0.116516 0.0106086
200 2.77701 0.252843 0.116516 0.0106086
210 2.77701 0.252843 0.116516 0.0106086
220 2.77701 0.252843 0.116516 0.0106086
230 2.77701 0.252843 0.116516 0.0106086
240 2.77701 0.252843 0.116516 0.0106086
250 2.77701 0.252843 0.116516 0.0106086
260 2.77701 0.252843 0.116516 0.0106086
270 2.66667 0.300529 0.111886 0.0126094
280 2.66667 0.300529 0.111886 0.0126094
290 2.66667 0.300529 0.111886 0.0126094
300 2.66667 0.300529 0.111886 0.0126094
310 2.66667 0.300529 0.111886 0.0126094
320 2.66667 0.300529 0.111886 0.0126094
330 2.66667 0.300529 0.111886 0.0126094
340 2.66667 0.300529 0.111886 0.0126094
350 2.66667 0.300529 0.111886 0.0126094
360 2.72424 0.281624 0.114301 0.0118161
370 2.66667 0.300529 0.111886 0.0126094
380 2.66667 0.300529 0.111886 0.0126094
390 2.66667 0.300529 0.111886 0.0126094
400 2.66667 0.300529 0.111886 0.0126094
410 2.66667 0.300529 0.111886 0.0126094
420 2.66667 0.300529 0.111886 0.0126094
430 2.66667 0.300529 0.111886 0.0126094
440 2.66667 0.300529 0.111886 0.0126094
450 2.66667 0.300529 0.111886 0.0126094
460 2.66667 0.300529 0.111886 0.0126094
470 2.66667 0.300529 0.111886 0.0126094
480 2.66667 0.300529 0.111886 0.0126094
490 2.66667 0.300529 0.111886 0.0126094
500 2.66667 0.300529 0.111886 0.0126094
510 2.66667 0.300529 0.111886 0.0126094
520 2.66667 0.300529 0.111886 0.0126094
530 2.66667 0.300529 0.111886 0.0126094
540 2.66667 0.300529 0.111886 0.0126094
550 2.66667 0.300529 0.111886 0.0126094
560 2.66667 0.300529 0.111886 0.0126094
570 2.66667 0.300529 0.111886 0.0126094
580 2.66667 0.300529 0.111886 0.0126094
590 2.66667 0.300529 0.111886 0.0126094
600 2.66667 0.300529 0.111886 0.0126094
610 2.66667 0.300529 0.111886 0.0126094
620 2.66667 0.300529 0.111886 0.0126094
630 2.66667 0.300529 0.111886 0.0126094
640 2.66667 0.300529 0.111886 0.0126094
650 2.66667 0.300529 0.111886 0.0126094
660 2.66667 0.300529 0.111886 0.0126094
670 2.66667 0.300529 0.111886 0.0126094
680 2.66667 0.300529 0.111886 0.0126094
690 2.66667 0.300529 0.111886 0.0126094
700 2.66667 0.300529 0.111886 0.0126094
710 2.66667 0.300529 0.111886 0.0126094
720 2.66667 0.300529 0.111886 0.0126094
730 2.66667 0.300529 0.111886 0.0126094
740 2.66667 0.300529 0.111886 0.0126094
750 2.66667 0.300529 0.111886 0.0126094
760 2.66667 0.300529 0.111886 0.0126094
770 2.66667 0.300529 0.111886 0.0126094
780 2.66667 0.300529 0.111886 0.0126094
790 2.66667 0.300529 0.111886 0.0126094
800 2.66667 0.300529 0.111886 0.0126094
810 2.66667 0.300529 0.111886 0.0126094
820 2.66667 0.300529 0.111886 0.0126094
830 2.66667 0.300529 0.111886 0.0126094
840 2.66667 0.300529 0.111886 0.0126094
850 2.66667 0.300529 0.111886 0.0126094
860 2.66667 0.300529 0.111886 0.0126094
870 2.66667 0.300529 0.111886 0.0126094
880 2.66667 0.300529 0.111886 0.0126094
890 2.66667 0.300529 0.111886 0.0126094
900 2.66667 0.300529 0.111886 0.0126094
910 2.66667 0.300529 0.111886 0.0126094
920 2.66667 0.300529 0.111886 0.0126094
930 2.66667 0.300529 0.111886 0.0126094
940 2.66667 0.300529 0.111886 0.0126094
950 2.66667 0.300529 0.111886 0.0126094
960 2.66667 0.300529 0.111886 0.0126094
970 2.66667 0.300529 0.111886 0.0126094
980 2.66667 0.300529 0.111886 0.0126094
990 2.66667 0.300529 0.111886 0.0126094
1000 2.66667 0.300529 0.111886 0.0126094
1010 2.66667 0.300529 0.111886 0.0126094
1020 2.66667 0.300529 0.111886 0.0126094
1030 2.66667 0.300529 0.111886 0.0126094
1040 2.66667 0.300529 0.111886 0.0126094
1050 2.66667 0.300529 0.111886 0.0126094
1060 2.66667 0.300529 0.111886 0.0126094
1070 2.66667 0.300529 0.111886 0.0126094
1080 2.66667 0.300529 0.111886 0.0126094
1090 2.66667 0.300529 0.111886 0.0126094
1100 2.66667 0.300529 0.111886 0.0126094
1110 2.66667 0.300529 0.111886 0.0126094
1120 2.66667 0.300529 0.111886 0.0126094
1130 2.66667 0.300529 0.111886 0.0126094
1140 2.66667 0.300529 0.111886 0.0126094
1150 2.66667 0.300529 0.111886 0.0126094
1160 2.66667 0.300529 0.111886 0.0126094
1170 2.66667 0.300529 0.111886 0.0126094
1180 2.66667 0.300529 0.111886 0.0126094
1190 2.66667 0.300529 0.111886 0.0126094
1200 2.66667 0.300529 0.111886 0.0126094
1210 2.66667 0.300529 0.111886 0.0126094
1220 2.66667 0.300529 0.111886 0.0126094
1230 2.66667 0.300529 0.111886 0.0126094
1240 2.66667 0.300529 0.111886 0.0126094
1250 2.66667 0.300529 0.111886 0.0126094
1260 2.66667 0.300529 0.111886 0.0126094
1270 2.66667 0.300529 0.111886 0.0126094
1280 2.66667 0.300529 0.111886 0.0126094
1290 2.66667 0.300529 0.111886 0.0126094
1300 2.66667 0.300529 0.111886 0.0126094
1310 2.66667 0.300529 0.111886 0.0126094
1320 2.66667 0.300529 0.111886 0.0126094
1330 2.66667 0.300529 0.111886 0.0126094
1340 2.66667 0.300529 0.111886 0.0126094
1350 2.66667 0.300529 0.111886 0.0126094
1360 2.66667 0.300529 0.111886 0.0126094
1370 2.66667 0.300529 0.111886 0.0126094
1380 2.66667 0.300529 0.111886 0.0126094
1390 2.66667 0.300529 0.111886 0.0126094
1400 2.66667 0.300529 0.111886 0.0126094
1410 2.66667 0.300529 0.111886 0.0126094
1420 2.66667 0.300529 0.111886 0.0126094
1430 2.66667 0.300529 0.111886 0.0126094
1440 2.66667 0.300529 0.111886 0.0126094


DSBEnd
0 1 0 1 0
0.0166667 0.169296 0.00320067 0.169296 0.00320067
0.0333333 0.0785134 0.0203548 0.0785134 0.0203548
0.05 0.0674164 0.0135206 0.0674164 0.0135206
0.0666667 0.0466465 0.00410745 0.0466465 0.00410745
0.0833333 0.0468423 0.0064504 0.0468423 0.0064504
0.1 0.0408036 0.00739111 0.0408036 0.00739111
0.116667 0.0291289 0.00265215 0.0291289 0.00265215
0.133333 0.0512072 0.00972538 0.0512072 0.00972538
0.15 0.0277888 0.00767967 0.0277888 0.00767967
0.166667 0.018757 0.00254268 0.018757 0.00254268
0.183333 0.0326197 0.0042524 0.0326197 0.0042524
0.2 0.0364387 0.00809879 0.0364387 0.00809879
0.216667 0.023355 0.00223799 0.023355 0.00223799
0.233333 0.0186564 0.00456645 0.0186564 0.00456645
0.25 0.0115107 0.00611276 0.0115107 0.00611276
0.266667 0.0151021 0.00285901 0.0151021 0.00285901
0.283333 0.0128507 0.0041566 0.0128507 0.0041566
0.3 0.0139261 0.00392387 0.0139261 0.00392387
0.316667 0.0208127 0.0141967 0.0208127 0.0141967
0.333333 0.0220149 0.00557373 0.0220149 0.00557373
0.35 0.0139261 0.00392387 0.0139261 0.00392387
0.366667 0.00473027 0.00236674 0.00473027 0.00236674
0.383333 0.00583736 0.00415942 0.00583736 0.00415942
0.4 0.0093599 0.0061062 0.0093599 0.0061062
0.416667 0.012819 0.000976278 0.012819 0.000976278
0.433333 0.00577394 0.00409807 0.00577394 0.00409807
0.45 0.00459792 0.00229912 0.00459792 0.00229912
0.466667 0.0115796 0.00448503 0.0115796 0.00448503
0.483333 0.0117119 0.00239475 0.0117119 0.00239475
0.5 0.00701338 0.000119692 0.00701338 0.000119692
0.516667 0.00580565 0.00109158 0.00580565 0.00109158
0.533333 0.0174169 0.00327473 0.0174169 0.00327473
0.55 0.0150966 0.0133261 0.0150966 0.0133261
0.566667 0.0174487 0.00522873 0.0174487 0.00522873
0.583333 0.0151338 0.00296446 0.0151338 0.00296446
0.6 0.00701338 0.000119692 0.00701338 0.000119692
0.616667 0.00231481 0.00231481 0.00231481 0.00231481
0.633333 0.00688102 0.00395458 0.00688102 0.00395458
0.65 0.00459792 0.00229912 0.00459792 0.00229912
0.666667 0.00684932 0.00684932 0.00684932 0.00684932
0.683333 0.00231481 0.00231481 0.00231481 0.00231481
0.7 0.00577394 0.00409807 0.00577394 0.00409807
0.716667 0.00590629 0.003173 0.00590629 0.003173
0.733333 0.0105359 0.00203899 0.0105359 0.00203899
0.75 0.00120773 0.00120773 0.00120773 0.00120773
0.766667 0.0103719 0.00517759 0.0103719 0.00517759
0.783333 0.0150649 0.00987268 0.0150649 0.00987268
0.8 0.005938 0.00317787 0.005938 0.00317787
0.816667 0.00590629 0.003173 0.00590629 0.003173
0.833333 0.00711402 0.00418579 0.00711402 0.00418579
0.85 0.0105359 0.00203899 0.0105359 0.00203899
0.866667 0.00832175 0.00528119 0.00832175 0.00528119
0.883333 0.00711402 0.00418579 0.00711402 0.00418579
0.9 0.0115107 0.00611276 0.0115107 0.00611276
0.916667 0.0117754 0.00616563 0.0117754 0.00616563
0.933333 0.011643 0.00459659 0.011643 0.00459659
0.95 0.0126867 0.0049226 0.0126867 0.0049226
0.966667 0.00701338 0.000119692 0.00701338 0.000119692
0.983333 0.00580565 0.00109158 0.00580565 0.00109158
1 0.0105359 0.00203899 0.0105359 0.00203899
1.16667 0.00922755 0.0061305 0.00922755 0.0061305
1.33333 0.00231481 0.00231481 0.00231481 0.00231481
1.5 0 0 0 0
1.66667 0.00459792 0.00229912 0.00459792 0.00229912
1.83333 0.00469856 0.00235208 0.00469856 0.00235208
2 0.00691273 0.0040095 0.00691273 0.0040095
2.16667 0.00228311 0.00228311 0.00228311 0.00228311
2.33333 0.00241546 0.00241546 0.00241546 0.00241546
2.5 0.00231481 0.00231481 0.00231481 0.00231481
2.66667 0 0 0 0
2.83333 0.00231481 0.00231481 0.00231481 0.00231481
3 0.00473027 0.00236674 0.00473027 0.00236674
3.16667 0.00241546 0.00241546 0.00241546 0.00241546
3.33333 0 0 0 0
3.5 0 0 0 0
3.66667 0.00120773 0.00120773 0.00120773 0.00120773
3.83333 0.00120773 0.00120773 0.00120773 0.00120773
4 0.00469856 0.00235208 0.00469856 0.00235208
4.16667 0 0 0 0
4.33333 0.00462963 0.00462963 0.00462963 0.00462963
4.5 0 0 0 0
4.66667 0 0 0 0
4.83333 0.00580565 0.00109158 0.00580565 0.00109158
5 0.00120773 0.00120773 0.00120773 0.00120773
5.16667 0 0 0 0
5.33333 0.00241546 0.00241546 0.00241546 0.00241546
5.5 0.00120773 0.00120773 0.00120773 0.00120773
5.66667 0.00241546 0.00241546 0.00241546 0.00241546
5.83333 0 0 0 0
6 0.00231481 0.00231481 0.00231481 0.00231481
6.16667 0.00456621 0.00456621 0.00456621 0.00456621
6.33333 0.00241546 0.00241546 0.00241546 0.00241546
6.5 0 0 0 0
6.66667 0.00120773 0.00120773 0.00120773 0.00120773
6.83333 0 0 0 0
7 0 0 0 0
7.16667 0 0 0 0
7.33333 0 0 0 0
7.5 0.00352254 0.00200532 0.00352254 0.00200532
7.66667 0.00120773 0.00120773 0.00120773 0.00120773
7.83333 0 0 0 0
8 0 0 0 0
8.16667 0 0 0 0
8.33333 0 0 0 0
8.5 0.00231481 0.00231481 0.00231481 0.00231481
8.66667 0.00231481 0.00231481 0.00231481 0.00231481
8.83333 0 0 0 0
9 0 0 0 0
9.16667 0 0 0 0
9.33333 0 0 0 0
9.5 0 0 0 0
9.66667 0 0 0 0
9.83333 0 0 0 0
10 0 0 0 0
11 0 0 0 0
12 0 0 0 0
13 0 0 0 0
14 0 0 0 0
15 0 0 0 0
16 0.00120773 0.00120773 0.00120773 0.00120773
17 0 0 0 0
18 0 0 0 0
19 0 0 0 0
20 0 0 0 0
21 0 0 0 0
22 0 0 0 0
23 0 0 0 0
24 0 0 0 0
25 0 0 0 0
26 0 0 0 0
27 0 0 0 0
28 0 0 0 0
29 0 0 0 0
30 0 0 0 0
31 0 0 0 0
32 0 0 0 0
33 0 0 0 0
34 0 0 0 0
35 0 0 0 0
36 0 0 0 0
37 0 0 0 0
38 0 0 0 0
39 0 0 0 0
40 0 0 0 0
41 0 0 0 0
42 0 0 0 0
43 0.00231481 0.00231481 0.00231481 0.00231481
44 0 0 0 0
45 0 0 0 0
46 0 0 0 0
47 0 0 0 0
48 0 0 0 0
49 0 0 0 0
50 0 0 0 0
51 0 0 0 0
52 0 0 0 0
53 0 0 0 0
54 0 0 0 0
55 0 0 0 0
56 0 0 0 0
57 0 0 0 0
58 0 0 0 0
59 0 0 0 0
60 0 0 0 0
70 0 0 0 0
80 0 0 0 0
90 0 0 0 0
100 0 0 0 0
110 0 0 0 0
120 0 0 0 0
130 0 0 0 0
140 0 0 0 0
150 0 0 0 0
160 0 0 0 0
170 0 0 0 0
180 0 0 0 0
190 0 0 0 0
200 0 0 0 0
210 0 0 0 0
220 0 0 0 0
230 0 0 0 0
240 0 0 0 0
250 0 0 0 0
260 0 0 0 0
270 0 0 0 0
280 0 0 0 0
290 0 0 0 0
300 0 0 0 0
310 0 0 0 0
320 0 0 0 0
330 0 0 0 0
340 0 0 0 0
350 0 0 0 0
360 0 0 0 0
370 0 0 0 0
380 0 0 0 0
390 0 0 0 0
400 0 0 0 0
410 0 0 0 0
420 0 0 0 0
430 0 0 0 0
440 0 0 0 0
450 0 0 0 0
460 0 0 0 0
470 0 0 0 0
480 0 0 0 0
490 0 0 0 0
500 0 0 0 0
510 0 0 0 0
520 0 0 0 0
530 0 0 0 0
540 0 0 0 0
550 0 0 0 0
560 0 0 0 0
570 0 0 0 0
580 0 0 0 0
590 0 0 0 0
600 0 0 0 0
610 0 0 0 0
620 0 0 0 0
630 0 0 0 0
640 0 0 0 0
650 0 0 0 0
660 0 0 0 0
670 0 0 0 0
680 0 0 0 0
690 0 0 0 0
700 0 0 0 0
710 0 0 0 0
720 0 0 0 0
730 0 0 0 0
740 0 0 0 0
750 0 0 0 0
760 0 0 0 0
770 0 0 0 0
780 0 0 0 0
790 0 0 0 0
800 0 0 0 0
810 0 0 0 0
820 0 0 0 0
830 0 0 0 0
840 0 0 0 0
850 0 0 0 0
860 0 0 0 0
870 0 0 0 0
880 0 0 0 0
890 0 0 0 0
900 0 0 0 0
910 0 0 0 0
920 0 0 0 0
930 0 0 0 0
940 0 0 0 0
950 0 0 0 0
960 0 0 0 0
970 0 0 0 0
980 0 0 0 0
990 0 0 0 0
1000 0 0 0 0
1010 0 0 0 0
1020 0 0 0 0
1030 0 0 0 0
1040 0 0 0 0
1050 0 0 0 0
1060 0 0 0 0
1070 0 0 0 0
1080 0 0 0 0
1090 0 0 0 0
1100 0 0 0 0
1110 0 0 0 0
1120 0 0 0 0
1130 0 0 0 0
1140 0 0 0 0
1150 0 0 0 0
1160 0 0 0 0
1170 0 0 0 0
1180 0 0 0 0
1190 0 0 0 0
1200 0 0 0 0
1210 0 0 0 0
1220 0 0 0 0
1230 0 0 0 0
1240 0 0 0 0
1250 0 0 0 0
1260 0 0 0 0
1270 0 0 0 0
1280 0 0 0 0
1290 0 0 0 0
1300 0 0 0 0
1310 0 0 0 0
1320 0 0 0 0
1330 0 0 0 0
1340 0 0 0 0
1350 0 0 0 0
1360 0 0 0 0
1370 0 0 0 0
1380 0 0 0 0
1390 0 0 0 0
1400 0 0 0 0
1410 0 0 0 0
1420 0 0 0 0
1430 0 0 0 0
1440 0 0 0 0


DSBEnd_Inhibited
0 0 0 0 0
0.0166667 1 0 0.4401 0.0140599
0.0333333 0.956478 0.0313946 0.420273 0.00957042
0.05 0.84105 0.040077 0.369098 0.00848882
0.0666667 0.755706 0.0288659 0.33178 0.00277474
0.0833333 0.686097 0.0489074 0.301083 0.0176151
0.1 0.64975 0.050137 0.284874 0.0168171
0.116667 0.627739 0.0398317 0.275477 0.0133422
0.133333 0.508235 0.0508174 0.222829 0.0195359
0.15 0.468167 0.0458514 0.205311 0.0177507
0.166667 0.417992 0.0488698 0.183937 0.021936
0.183333 0.383721 0.0425312 0.168835 0.0190779
0.2 0.340166 0.0502876 0.149978 0.0230321
0.216667 0.326384 0.0340129 0.144267 0.0178366
0.233333 0.305195 0.0311769 0.134971 0.0167716
0.25 0.289337 0.0290937 0.128153 0.0169969
0.266667 0.268382 0.0252522 0.118825 0.0149521
0.283333 0.229136 0.0204885 0.101408 0.0123404
0.3 0.220795 0.0314125 0.0979488 0.0170129
0.316667 0.209557 0.0447666 0.0932819 0.0228323
0.333333 0.17693 0.0374712 0.0783811 0.0182705
0.35 0.138583 0.0356242 0.0618065 0.0177925
0.366667 0.143791 0.0325992 0.0640896 0.0165681
0.383333 0.128866 0.0176884 0.0571452 0.00962494
0.4 0.125967 0.0191609 0.0559375 0.0103067
0.416667 0.109754 0.0273319 0.0489558 0.0137285
0.433333 0.117627 0.0311523 0.0524783 0.0155122
0.45 0.104778 0.0223833 0.046641 0.0114161
0.466667 0.104778 0.0223833 0.046641 0.0114161
0.483333 0.109398 0.0230041 0.0487917 0.0116872
0.5 0.12851 0.0166168 0.0569811 0.00885416
0.516667 0.143202 0.0339504 0.0639573 0.0171825
0.533333 0.131608 0.0428761 0.0591264 0.0208569
0.55 0.121891 0.0312593 0.054465 0.0151611
0.566667 0.108576 0.0323356 0.0486911 0.0157804
0.583333 0.110886 0.0355508 0.0497665 0.0170088
0.6 0.126044 0.0440677 0.0566792 0.0209787
0.616667 0.118526 0.0412051 0.0533207 0.0199671
0.633333 0.110653 0.0391571 0.0497982 0.0188494
0.65 0.106733 0.0230891 0.0475523 0.0113158
0.666667 0.0911076 0.022177 0.040703 0.0111962
0.683333 0.101758 0.0205077 0.0452375 0.00994
0.7 0.101524 0.021566 0.0452692 0.0108039
0.716667 0.0860102 0.0235998 0.0381924 0.0107297
0.733333 0.0947058 0.0162088 0.0418156 0.00745079
0.75 0.102579 0.0135258 0.0453381 0.00661027
0.766667 0.0709739 0.00930107 0.0314754 0.00512937
0.783333 0.066232 0.00595604 0.0291289 0.00265215
0.8 0.0869545 0.00876165 0.0384888 0.0050832
0.816667 0.0983155 0.0180016 0.0433514 0.00834205
0.833333 0.0912638 0.0171223 0.0399295 0.00678982
0.85 0.0993707 0.0158785 0.0434204 0.00586861
0.866667 0.0993707 0.0158785 0.0434204 0.00586861
0.883333 0.0991375 0.019792 0.0434521 0.00819644
0.9 0.0970609 0.0224376 0.042345 0.0088324
0.916667 0.091497 0.0151547 0.0398978 0.00541515
0.933333 0.0865219 0.0183943 0.037583 0.00683102
0.95 0.0865219 0.0183943 0.037583 0.00683102
0.966667 0.0990151 0.01224 0.0432563 0.00427398
0.983333 0.0996039 0.0163741 0.0433886 0.00578024
1 0.106656 0.00815282 0.0468105 0.00292174
1.16667 0.0389358 0.0255099 0.0167069 0.0105537
1.33333 0.0419114 0.00895333 0.0186564 0.00456645
1.5 0.05315 0.00513967 0.0233232 0.00205372
1.66667 0.0458651 0.00896859 0.0199331 0.00332633
1.83333 0.0319611 0.00146743 0.0140268 0.000239384
2 0.0452763 0.00946781 0.0198007 0.00398948
2.16667 0.0325499 0.0106367 0.0141591 0.00430044
2.33333 0.0368592 0.0297106 0.0155998 0.0122922
2.5 0.0302401 0.0175726 0.0130837 0.00733253
2.66667 0.0249094 0.0129453 0.0106049 0.0054536
2.83333 0.023621 0.0129844 0.0105676 0.00601596
3 0.0503738 0.0178225 0.0223113 0.00818955
3.16667 0.023621 0.0129844 0.0105676 0.00601596
3.33333 0.0101835 0.00509573 0.00459792 0.00229912
3.5 0.0292958 0.00936157 0.0127873 0.00404236
3.66667 0.0191123 0.00967169 0.0081894 0.00417535
3.83333 0.0165693 0.0100745 0.00714573 0.00418491
4 0.0319611 0.00146743 0.0140268 0.000239384
4.16667 0.00810688 0.00452015 0.00349083 0.00197833
4.33333 0.0238542 0.00425565 0.0105359 0.00203899
4.5 0.0256976 0.0177277 0.0116747 0.00831883
4.66667 0.0107722 0.00543295 0.00473027 0.00236674
4.83333 0.0188791 0.00360958 0.00822111 0.00132451
5 0.0285961 0.0172799 0.0128824 0.00808167
5.16667 0.0267528 0.00574316 0.0117437 0.00245337
5.33333 0.00787368 0.00432814 0.00352254 0.00200532
5.5 0.00810688 0.00452015 0.00349083 0.00197833
5.66667 0.0101835 0.00509573 0.00459792 0.00229912
5.83333 0.0223664 0.015514 0.00956119 0.00641049
6 0.0220109 0.0110526 0.00939713 0.00470415
6.16667 0.0178239 0.0137079 0.00815217 0.00642627
6.33333 0.026164 0.00440492 0.0116113 0.00218315
6.5 0.0290626 0.00154166 0.012819 0.000976278
6.66667 0.0057971 0.0057971 0.00241546 0.00241546
6.83333 0.00869565 0.00869565 0.00362319 0.00362319
7 0.0115942 0.0115942 0.00483092 0.00483092
7.16667 0.00869565 0.00869565 0.00362319 0.00362319
7.33333 0.0157474 0.00865628 0.00704509 0.00401064
7.5 0.0107722 0.00543295 0.00473027 0.00236674
7.66667 0.0162138 0.00904029 0.00698167 0.00395667
7.83333 0.0104167 0.0104167 0.00456621 0.00456621
8 0.0104167 0.0104167 0.00456621 0.00456621
8.16667 0.0104167 0.0104167 0.00456621 0.00456621
8.33333 0.00520833 0.00520833 0.00228311 0.00228311
8.5 0.00497512 0.00497512 0.00231481 0.00231481
8.66667 0.00497512 0.00497512 0.00231481 0.00231481
8.83333 0.00497512 0.00497512 0.00231481 0.00231481
9 0.00497512 0.00497512 0.00231481 0.00231481
9.16667 0 0 0 0
9.33333 0 0 0 0
9.5 0.0133152 0.00931211 0.00577394 0.00409807
9.66667 0 0 0 0
9.83333 0 0 0 0
10 0.0110054 0.00552629 0.00469856 0.00235208
11 0.00289855 0.00289855 0.00120773 0.00120773
12 0.00289855 0.00289855 0.00120773 0.00120773
13 0.00289855 0.00289855 0.00120773 0.00120773
14 0 0 0 0
15 0.0057971 0.0057971 0.00241546 0.00241546
16 0 0 0 0
17 0 0 0 0
18 0 0 0 0
19 0 0 0 0
20 0 0 0 0
21 0 0 0 0
22 0 0 0 0
23 0 0 0 0
24 0 0 0 0
25 0 0 0 0
26 0 0 0 0
27 0 0 0 0
28 0 0 0 0
29 0 0 0 0
30 0 0 0 0
31 0 0 0 0
32 0 0 0 0
33 0 0 0 0
34 0 0 0 0
35 0 0 0 0
36 0 0 0 0
37 0 0 0 0
38 0 0 0 0
39 0 0 0 0
40 0 0 0 0
41 0 0 0 0
42 0 0 0 0
43 0 0 0 0
44 0 0 0 0
45 0 0 0 0
46 0 0 0 0
47 0 0 0 0
48 0 0 0 0
49 0 0 0 0
50 0 0 0 0
51 0 0 0 0
52 0 0 0 0
53 0 0 0 0
54 0 0 0 0
55 0 0 0 0
56 0 0 0 0
57 0 0 0 0
58 0 0 0 0
59 0 0 0 0
60 0 0 0 0
70 0 0 0 0
80 0 0 0 0
90 0 0 0 0
100 0 0 0 0
110 0 0 0 0
120 0 0 0 0
130 0 0 0 0
140 0 0 0 0
150 0 0 0 0
160 0 0 0 0
170 0 0 0 0
180 0 0 0 0
190 0 0 0 0
200 0 0 0 0
210 0 0 0 0
220 0 0 0 0
230 0 0 0 0
240 0 0 0 0
250 0 0 0 0
260 0 0 0 0
270 0 0 0 0
280 0 0 0 0
290 0 0 0 0
300 0 0 0 0
310 0 0 0 0
320 0 0 0 0
330 0 0 0 0
340 0 0 0 0
350 0 0 0 0
360 0 0 0 0
370 0 0 0 0
380 0 0 0 0
390 0 0 0 0
400 0 0 0 0
410 0 0 0 0
420 0 0 0 0
430 0 0 0 0
440 0 0 0 0
450 0 0 0 0
460 0 0 0 0
470 0 0 0 0
480 0 0 0 0
490 0 0 0 0
500 0 0 0 0
510 0 0 0 0
520 0 0 0 0
530 0 0 0 0
540 0 0 0 0
550 0 0 0 0
560 0 0 0 0
570 0 0 0 0
580 0 0 0 0
590 0 0 0 0
600 0 0 0 0
610 0 0 0 0
620 0 0 0 0
630 0 0 0 0
640 0 0 0 0
650 0 0 0 0
660 0 0 0 0
670 0 0 0 0
680 0 0 0 0
690 0 0 0 0
700 0 0 0 0
710 0 0 0 0
720 0 0 0 0
730 0 0 0 0
740 0 0 0 0
750 0 0 0 0
760 0 0 0 0
770 0 0 0 0
780 0 0 0 0
790 0 0 0 0
800 0 0 0 0
810 0 0 0 0
820 0 0 0 0
830 0 0 0 0
840 0 0 0 0
850 0 0 0 0
860 0 0 0 0
870 0 0 0 0
880 0 0 0 0
890 0 0 0 0
900 0 0 0 0
910 0 0 0 0
920 0 0 0 0
930 0 0 0 0
940 0 0 0 0
950 0 0 0 0
960 0 0 0 0
970 0 0 0 0
980 0 0 0 0
990 0 0 0 0
1000 0 0 0 0
1010 0 0 0 0
1020 0 0 0 0
1030 0 0 0 0
1040 0 0 0 0
1050 0 0 0 0
1060 0 0 0 0
1070 0 0 0 0
1080 0 0 0 0
1090 0 0 0 0
1100 0 0 0 0
1110 0 0 0 0
1120 0 0 0 0
1130 0 0 0 0
1140 0 0 0 0
1150 0 0 0 0
1160 0 0 0 0
1170 0 0 0 0
1180 0 0 0 0
1190 0 0 0 0
1200 0 0 0 0
1210 0 0 0 0
1220 0 0 0 0
1230 0 0 0 0
1240 0 0 0 0
1250 0 0 0 0
1260 0 0 0 0
1270 0 0 0 0
1280 0 0 0 0
1290 0 0 0 0
1300 0 0 0 0
1310 0 0 0 0
1320 0 0 0 0
1330 0 0 0 0
1340 0 0 0 0
1350 0 0 0 0
1360 0 0 0 0
1370 0 0 0 0
1380 0 0 0 0
1390 0 0 0 0
1400 0 0 0 0
1410 0 0 0 0
1420 0 0 0 0
1430 0 0 0 0
1440 0 0 0 0


DSBEnd_Ku
0 0 0 0 0
0.0166667 1 0 0.254998 0.0102329
0.0333333 0.745182 0.0662704 0.188932 0.0118543
0.05 0.456878 0.0575718 0.11705 0.0169987
0.0666667 0.354358 0.0377161 0.0900296 0.00832537
0.0833333 0.23098 0.0417574 0.0583529 0.00905361
0.1 0.141715 0.0569739 0.0366028 0.0149686
0.116667 0.0816903 0.0300323 0.0213048 0.00848529
0.133333 0.109468 0.0132654 0.0281542 0.00446126
0.15 0.174589 0.0106687 0.0443634 0.00186571
0.166667 0.200599 0.0636565 0.0513823 0.0160766
0.183333 0.109914 0.0580067 0.027826 0.0141444
0.2 0.128432 0.0760756 0.0323922 0.0185488
0.216667 0.141103 0.0639467 0.0361478 0.0158988
0.233333 0.105569 0.0167615 0.0268141 0.00393952
0.25 0.0726121 0.0402187 0.0186619 0.0100051
0.266667 0.0646338 0.010574 0.0163416 0.00225755
0.283333 0.0785018 0.0306213 0.0196683 0.00734104
0.3 0.0536062 0.0304025 0.014228 0.00837158
0.316667 0.0394737 0.0394737 0.0108696 0.0108696
0.333333 0.0774854 0.0484666 0.0197373 0.011891
0.35 0.13286 0.0322073 0.0337957 0.007849
0.366667 0.0931635 0.0341701 0.0230902 0.00813905
0.383333 0.0509886 0.0176881 0.0128507 0.0041566
0.4 0.0605124 0.0270978 0.0151656 0.00641201
0.416667 0.0466026 0.0195604 0.011643 0.00459659
0.433333 0.0226817 0.0117694 0.005938 0.00317787
0.45 0.0278195 0.0165128 0.00704509 0.00401064
0.466667 0.023169 0.00501081 0.00580565 0.00109158
0.483333 0.00925926 0.00925926 0.00228311 0.00228311
0.5 0.0180312 0.00902547 0.00469856 0.00235208
0.516667 0.0370788 0.0100409 0.00932819 0.00228323
0.533333 0.0316764 0.0165046 0.0081894 0.00417535
0.55 0.0322055 0.0168913 0.00825282 0.00421746
0.566667 0.0365915 0.018342 0.00946055 0.00473348
0.583333 0.031941 0.00377332 0.00822111 0.00132451
0.6 0.0219298 0.0219298 0.00603865 0.00603865
0.616667 0.0365497 0.0245945 0.00926477 0.00601692
0.633333 0.023169 0.00501081 0.00580565 0.00109158
0.65 0.050724 0.00564381 0.012819 0.000976278
0.666667 0.0272904 0.0160449 0.00698167 0.00395667
0.683333 0.0224172 0.0117061 0.00590629 0.003173
0.7 0.0224172 0.0117061 0.00590629 0.003173
0.716667 0.0234336 0.0172773 0.00583736 0.00415942
0.733333 0.0226817 0.0117694 0.005938 0.00317787
0.75 0.031941 0.00377332 0.00822111 0.00132451
0.766667 0.0224172 0.0117061 0.00590629 0.003173
0.783333 0.0136452 0.00802245 0.00349083 0.00197833
0.8 0.0375661 0.0187887 0.00919584 0.00459825
0.816667 0.00877193 0.00877193 0.00241546 0.00241546
0.833333 0.00952381 0.00952381 0.00231481 0.00231481
0.85 0.00877193 0.00877193 0.00241546 0.00241546
0.866667 0.0182957 0.00917101 0.00473027 0.00236674
0.883333 0.0363269 0.00815554 0.00942884 0.00253211
0.9 0.0268031 0.0152012 0.00711402 0.00418579
0.916667 0.0368143 0.00939325 0.00929648 0.0022028
0.933333 0.0416876 0.021293 0.0103719 0.00517759
0.95 0.0139098 0.00825642 0.00352254 0.00200532
0.966667 0.00925926 0.00925926 0.00228311 0.00228311
0.983333 0.0185185 0.0185185 0.00456621 0.00456621
1 0.00952381 0.00952381 0.00231481 0.00231481
1.16667 0.0414648 0.00853523 0.0105359 0.00203899
1.33333 0.0229045 0.0167616 0.00577394 0.00409807
1.5 0.0131579 0.0131579 0.00362319 0.00362319
1.66667 0.0136452 0.00802245 0.00349083 0.00197833
1.83333 0.00952381 0.00952381 0.00231481 0.00231481
2 0.0368143 0.00939325 0.00929648 0.0022028
2.16667 0.00925926 0.00925926 0.00228311 0.00228311
2.33333 0.0136452 0.00802245 0.00349083 0.00197833
2.5 0.0409357 0.0240674 0.0104725 0.005935
2.66667 0.00438596 0.00438596 0.00120773 0.00120773
2.83333 0 0 0 0
3 0.023169 0.00501081 0.00580565 0.00109158
3.16667 0.0311891 0.0190682 0.00832175 0.00528119
3.33333 0.0365915 0.018342 0.00946055 0.00473348
3.5 0.00952381 0.00952381 0.00231481 0.00231481
3.66667 0 0 0 0
3.83333 0.00925926 0.00925926 0.00228311 0.00228311
4 0.0224172 0.0117061 0.00590629 0.003173
4.16667 0 0 0 0
4.33333 0.0280423 0.0160397 0.00688102 0.00395458
4.5 0 0 0 0
4.66667 0.0139098 0.00825642 0.00352254 0.00200532
4.83333 0.00952381 0.00952381 0.00231481 0.00231481
5 0.00877193 0.00877193 0.00241546 0.00241546
5.16667 0 0 0 0
5.33333 0.0136452 0.00802245 0.00349083 0.00197833
5.5 0.00952381 0.00952381 0.00231481 0.00231481
5.66667 0 0 0 0
5.83333 0.00438596 0.00438596 0.00120773 0.00120773
6 0 0 0 0
6.16667 0 0 0 0
6.33333 0.0136452 0.00802245 0.00349083 0.00197833
6.5 0.00438596 0.00438596 0.00120773 0.00120773
6.66667 0 0 0 0
6.83333 0 0 0 0
7 0 0 0 0
7.16667 0 0 0 0
7.33333 0 0 0 0
7.5 0 0 0 0
7.66667 0.00925926 0.00925926 0.00228311 0.00228311
7.83333 0 0 0 0
8 0 0 0 0
8.16667 0.00438596 0.00438596 0.00120773 0.00120773
8.33333 0 0 0 0
8.5 0 0 0 0
8.66667 0 0 0 0
8.83333 0.00925926 0.00925926 0.00228311 0.00228311
9 0 0 0 0
9.16667 0 0 0 0
9.33333 0 0 0 0
9.5 0 0 0 0
9.66667 0.00925926 0.00925926 0.00228311 0.00228311
9.83333 0 0 0 0
10 0 0 0 0
11 0.00438596 0.00438596 0.00120773 0.00120773
12 0.00438596 0.00438596 0.00120773 0.00120773
13 0 0 0 0
14 0 0 0 0
15 0 0 0 0
16 0 0 0 0
17 0 0 0 0
18 0 0 0 0
19 0 0 0 0
20 0 0 0 0
21 0 0 0 0
22 0 0 0 0
23 0 0 0 0
24 0 0 0 0
25 0 0 0 0
26 0 0 0 0
27 0 0 0 0
28 0 0 0 0
29 0 0 0 0
30 0 0 0 0
31 0 0 0 0
32 0 0 0 0
33 0 0 0 0
34 0 0 0 0
35 0 0 0 0
36 0 0 0 0
37 0 0 0 0
38 0 0 0 0
39 0 0 0 0
40 0 0 0 0
41 0 0 0 0
42 0 0 0 0
43 0 0 0 0
44 0 0 0 0
45 0 0 0 0
46 0 0 0 0
47 0 0 0 0
48 0 0 0 0
49 0 0 0 0
50 0 0 0 0
51 0 0 0 0
52 0 0 0 0
53 0 0 0 0
54 0 0 0 0
55 0 0 0 0
56 0 0 0 0
57 0 0 0 0
58 0 0 0 0
59 0 0 0 0
60 0 0 0 0
70 0 0 0 0
80 0 0 0 0
90 0 0 0 0
100 0 0 0 0
110 0 0 0 0
120 0 0 0 0
130 0 0 0 0
140 0 0 0 0
150 0 0 0 0
160 0 0 0 0
170 0 0 0 0
180 0 0 0 0
190 0 0 0 0
200 0 0 0 0
210 0 0 0 0
220 0 0 0 0
230 0 0 0 0
240 0 0 0 0
250 0 0 0 0
260 0 0 0 0
270 0 0 0 0
280 0 0 0 0
290 0 0 0 0
300 0 0 0 0
310 0 0 0 0
320 0 0 0 0
330 0 0 0 0
340 0 0 0 0
350 0 0 0 0
360 0 0 0 0
370 0 0 0 0
380 0 0 0 0
390 0 0 0 0
400 0 0 0 0
410 0 0 0 0
420 0 0 0 0
430 0 0 0 0
440 0 0 0 0
450 0 0 0 0
460 0 0 0 0
470 0 0 0 0
480 0 0 0 0
490 0 0 0 0
500 0 0 0 0
510 0 0 0 0
520 0 0 0 0
530 0 0 0 0
540 0 0 0 0
550 0 0 0 0
560 0 0 0 0
570 0 0 0 0
580 0 0 0 0
590 0 0 0 0
600 0 0 0 0
610 0 0 0 0
620 0 0 0 0
630 0 0 0 0
640 0 0 0 0
650 0 0 0 0
660 0 0 0 0
670 0 0 0 0
680 0 0 0 0
690 0 0 0 0
700 0 0 0 0
710 0 0 0 0
720 0 0 0 0
730 0 0 0 0
740 0 0 0 0
750 0 0 0 0
760 0 0 0 0
770 0 0 0 0
780 0 0 0 0
790 0 0 0 0
800 0 0 0 0
810 0 0 0 0
820 0 0 0 0
830 0 0 0 0
840 0 0 0 0
850 0 0 0 0
860 0 0 0 0
870 0 0 0 0
880 0 0 0 0
890 0 0 0 0
900 0 0 0 0
910 0 0 0 0
920 0 0 0 0
930 0 0 0 0
940 0 0 0 0
950 0 0 0 0
960 0 0 0 0
970 0 0 0 0
980 0 0 0 0
990 0 0 0 0
1000 0 0 0 0
1010 0 0 0 0
1020 0 0 0 0
1030 0 0 0 0
1040 0 0 0 0
1050 0 0 0 0
1060 0 0 0 0
1070 0 0 0 0
1080 0 0 0 0
1090 0 0 0 0
1100 0 0 0 0
1110 0 0 0 0
1120 0 0 0 0
1130 0 0 0 0
1140 0 0 0 0
1150 0 0 0 0
1160 0 0 0 0
1170 0 0 0 0
1180 0 0 0 0
1190 0 0 0 0
1200 0 0 0 0
1210 0 0 0 0
1220 0 0 0 0
1230 0 0 0 0
1240 0 0 0 0
1250 0 0 0 0
1260 0 0 0 0
1270 0 0 0 0
1280 0 0 0 0
1290 0 0 0 0
1300 0 0 0 0
1310 0 0 0 0
1320 0 0 0 0
1330 0 0 0 0
1340 0 0 0 0
1350 0 0 0 0
1360 0 0 0 0
1370 0 0 0 0
1380 0 0 0 0
1390 0 0 0 0
1400 0 0 0 0
1410 0 0 0 0
1420 0 0 0 0
1430 0 0 0 0
1440 0 0 0 0


DSBEnd_PKcs
0 0 0 0 0
0.0166667 0.434434 0.0430776 0.109767 0.00358279
0.0333333 0.79012 0.0717506 0.199865 0.0035407
0.05 0.96124 0.0387597 0.245166 0.00963111
0.0666667 0.932548 0.0112715 0.239323 0.0192345
0.0833333 0.960119 0.0200004 0.247343 0.0257549
0.1 0.844276 0.0511248 0.217372 0.0250324
0.116667 0.799429 0.0683134 0.204754 0.0211908
0.133333 0.806288 0.0510488 0.206937 0.0207345
0.15 0.740594 0.0241527 0.189192 0.00961198
0.166667 0.725969 0.0511114 0.184398 0.00538614
0.183333 0.733842 0.0646017 0.185706 0.0032732
0.2 0.708693 0.0523875 0.1798 0.00320311
0.216667 0.742473 0.0738016 0.187857 0.00885419
0.233333 0.676685 0.0479966 0.171711 0.000988153
0.25 0.658396 0.0316669 0.167987 0.00835223
0.266667 0.633247 0.0262692 0.162081 0.0113892
0.283333 0.639455 0.0600396 0.162118 0.00860878
0.3 0.607447 0.051015 0.15403 0.00565124
0.316667 0.573668 0.0311377 0.145973 0.00348018
0.333333 0.584084 0.0380791 0.148388 0.00258266
0.35 0.596166 0.0458798 0.152075 0.0111665
0.366667 0.528713 0.0566774 0.134658 0.0125589
0.383333 0.505458 0.0684933 0.127713 0.0113288
0.4 0.489954 0.0792354 0.123084 0.0127411
0.416667 0.489954 0.0792354 0.123084 0.0127411
0.433333 0.491725 0.0842855 0.123052 0.0132324
0.45 0.476993 0.0803368 0.119561 0.0127795
0.466667 0.473557 0.0821494 0.118322 0.0127602
0.483333 0.451073 0.0841817 0.112516 0.0137622
0.5 0.455388 0.0810475 0.113591 0.0127182
0.516667 0.451073 0.0841817 0.112516 0.0137622
0.533333 0.465805 0.0891948 0.116007 0.0147317
0.55 0.431253 0.102073 0.106811 0.0188497
0.566667 0.457174 0.0987002 0.113856 0.0177164
0.583333 0.483095 0.0971561 0.120901 0.0174528
0.6 0.495162 0.0842029 0.124291 0.0139482
0.616667 0.495162 0.0842029 0.124291 0.0139482
0.633333 0.495162 0.0842029 0.124291 0.0139482
0.65 0.504686 0.0825757 0.126574 0.0128918
0.666667 0.492618 0.0949249 0.123184 0.0163814
0.683333 0.488303 0.102224 0.122109 0.0186602
0.7 0.483987 0.11056 0.121034 0.0211404
0.716667 0.485759 0.112676 0.121002 0.0210811
0.733333 0.488303 0.102224 0.122109 0.0186602
0.75 0.496176 0.122754 0.123417 0.0234904
0.766667 0.503035 0.104817 0.1256 0.0187872
0.783333 0.493511 0.107305 0.123317 0.0198677
0.8 0.490968 0.117708 0.12221 0.0222856
0.816667 0.506471 0.107384 0.126839 0.0200598
0.833333 0.509136 0.122612 0.12694 0.0234902
0.85 0.49186 0.130845 0.122342 0.0257884
0.866667 0.515116 0.11745 0.129286 0.0232126
0.883333 0.512573 0.126782 0.128179 0.0250666
0.9 0.545473 0.133857 0.1364 0.0263759
0.916667 0.545473 0.133857 0.1364 0.0263759
0.933333 0.532513 0.133183 0.132878 0.0260647
0.95 0.510029 0.136412 0.127072 0.027149
0.966667 0.522096 0.122851 0.130462 0.0236607
0.983333 0.527305 0.128015 0.13167 0.0248624
1 0.51168 0.112535 0.128047 0.0212593
1.16667 0.530714 0.0954492 0.132317 0.0150862
1.33333 0.491075 0.129648 0.120907 0.0250433
1.5 0.518511 0.0860778 0.129637 0.0136094
1.66667 0.514196 0.0826989 0.128561 0.012326
1.83333 0.509109 0.103643 0.126347 0.0180374
2 0.538452 0.0958048 0.134335 0.0157951
2.16667 0.530579 0.0838204 0.133027 0.0134637
2.33333 0.503779 0.0782236 0.126146 0.0116505
2.5 0.535029 0.0945015 0.133392 0.0148096
2.66667 0.505551 0.0919839 0.126114 0.0155838
2.83333 0.470878 0.0744131 0.117925 0.0115082
3 0.520176 0.0627452 0.130908 0.00642919
3.16667 0.534787 0.0477076 0.135405 0.0042378
3.33333 0.534787 0.0477076 0.135405 0.0042378
3.5 0.558164 0.0466024 0.141343 0.00142813
3.66667 0.546975 0.0649677 0.137789 0.0074148
3.83333 0.555499 0.0341523 0.141242 0.00363816
4 0.583191 0.0362083 0.148256 0.00352779
4.16667 0.56858 0.0530447 0.143758 0.0027894
4.33333 0.605797 0.0588661 0.153055 0.00364544
4.5 0.635154 0.0464809 0.161339 0.00532725
4.66667 0.614441 0.0557301 0.155502 0.0038188
4.83333 0.610112 0.0614614 0.15413 0.0054436
5 0.5884 0.0383998 0.149463 0.00234703
5.16667 0.572003 0.0564897 0.144701 0.00642587
5.33333 0.579755 0.0492199 0.147016 0.00576153
5.5 0.605676 0.0365919 0.154061 0.00461037
5.66667 0.605676 0.0365919 0.154061 0.00461037
5.83333 0.60136 0.0334198 0.152986 0.00342402
6 0.591065 0.0519642 0.149564 0.00191425
6.16667 0.585856 0.0488661 0.148356 0.0014039
6.33333 0.613549 0.0511375 0.15537 0.0013896
6.5 0.635154 0.0464809 0.161339 0.00532725
6.66667 0.614441 0.0557301 0.155502 0.0038188
6.83333 0.614441 0.0557301 0.155502 0.0038188
7 0.609233 0.0516824 0.154294 0.00263322
7.16667 0.614441 0.0557301 0.155502 0.0038188
7.33333 0.609233 0.0516824 0.154294 0.00263322
7.5 0.614441 0.0557301 0.155502 0.0038188
7.66667 0.668933 0.0556997 0.169396 0.00139178
7.83333 0.654201 0.0489685 0.165906 0.000761035
8 0.635154 0.0464809 0.161339 0.00532725
8.16667 0.629945 0.0418593 0.160132 0.0048378
8.33333 0.634261 0.0390565 0.161207 0.00278357
8.5 0.624737 0.0373923 0.158924 0.0046202
8.66667 0.624737 0.0373923 0.158924 0.0046202
8.83333 0.642013 0.0315502 0.163522 0.00507391
9 0.632489 0.0306923 0.161239 0.00668038
9.16667 0.624737 0.0373923 0.158924 0.0046202
9.33333 0.624737 0.0373923 0.158924 0.0046202
9.5 0.614441 0.0557301 0.155502 0.0038188
9.66667 0.618757 0.0542766 0.156577 0.00197631
9.83333 0.609233 0.0516824 0.154294 0.00263322
10 0.60834 0.0483569 0.154162 0.00169512
11 0.569352 0.0327442 0.144897 0.00455863
12 0.548519 0.0186247 0.140066 0.00663117
13 0.54331 0.0173547 0.138859 0.00755402
14 0.548519 0.0186247 0.140066 0.00663117
15 0.548519 0.0186247 0.140066 0.00663117
16 0.57456 0.0372712 0.146105 0.00471978
17 0.569352 0.0327442 0.144897 0.00455863
18 0.569352 0.0327442 0.144897 0.00455863
19 0.569352 0.0327442 0.144897 0.00455863
20 0.579769 0.0419566 0.147313 0.00516612
21 0.579769 0.0419566 0.147313 0.00516612
22 0.558935 0.0245158 0.142482 0.00515192
23 0.558935 0.0245158 0.142482 0.00515192
24 0.558935 0.0245158 0.142482 0.00515192
25 0.558935 0.0245158 0.142482 0.00515192
26 0.558935 0.0245158 0.142482 0.00515192
27 0.558935 0.0245158 0.142482 0.00515192
28 0.548519 0.0186247 0.140066 0.00663117
29 0.548519 0.0186247 0.140066 0.00663117
30 0.548519 0.0186247 0.140066 0.00663117
31 0.548519 0.0186247 0.140066 0.00663117
32 0.548519 0.0186247 0.140066 0.00663117
33 0.548519 0.0186247 0.140066 0.00663117
34 0.548519 0.0186247 0.140066 0.00663117
35 0.548519 0.0186247 0.140066 0.00663117
36 0.548519 0.0186247 0.140066 0.00663117
37 0.548519 0.0186247 0.140066 0.00663117
38 0.548519 0.0186247 0.140066 0.00663117
39 0.548519 0.0186247 0.140066 0.00663117
40 0.548519 0.0186247 0.140066 0.00663117
41 0.533015 0.034047 0.135437 0.00256054
42 0.533015 0.034047 0.135437 0.00256054
43 0.540767 0.0263239 0.137751 0.00446161
44 0.533015 0.034047 0.135437 0.00256054
45 0.533015 0.034047 0.135437 0.00256054
46 0.533015 0.034047 0.135437 0.00256054
47 0.533015 0.034047 0.135437 0.00256054
48 0.533015 0.034047 0.135437 0.00256054
49 0.517511 0.0495203 0.130807 0.00346515
50 0.517511 0.0495203 0.130807 0.00346515
51 0.517511 0.0495203 0.130807 0.00346515
52 0.517511 0.0495203 0.130807 0.00346515
53 0.517511 0.0495203 0.130807 0.00346515
54 0.517511 0.0495203 0.130807 0.00346515
55 0.517511 0.0495203 0.130807 0.00346515
56 0.517511 0.0495203 0.130807 0.00346515
57 0.517511 0.0495203 0.130807 0.00346515
58 0.517511 0.0495203 0.130807 0.00346515
59 0.517511 0.0495203 0.130807 0.00346515
60 0.517511 0.0495203 0.130807 0.00346515
70 0.502007 0.0650082 0.126177 0.00776692
80 0.481174 0.058308 0.121346 0.00794329
90 0.481174 0.058308 0.121346 0.00794329
100 0.470757 0.057552 0.118931 0.00905453
110 0.460341 0.0586655 0.116516 0.0106086
120 0.470757 0.057552 0.118931 0.00905453
130 0.470757 0.057552 0.118931 0.00905453
140 0.470757 0.057552 0.118931 0.00905453
150 0.460341 0.0586655 0.116516 0.0106086
160 0.460341 0.0586655 0.116516 0.0106086
170 0.460341 0.0586655 0.116516 0.0106086
180 0.460341 0.0586655 0.116516 0.0106086
190 0.460341 0.0586655 0.116516 0.0106086
200 0.460341 0.0586655 0.116516 0.0106086
210 0.460341 0.0586655 0.116516 0.0106086
220 0.460341 0.0586655 0.116516 0.0106086
230 0.460341 0.0586655 0.116516 0.0106086
240 0.460341 0.0586655 0.116516 0.0106086
250 0.460341 0.0586655 0.116516 0.0106086
260 0.444837 0.0710647 0.111886 0.0126094
270 0.444837 0.0710647 0.111886 0.0126094
280 0.444837 0.0710647 0.111886 0.0126094
290 0.444837 0.0710647 0.111886 0.0126094
300 0.444837 0.0710647 0.111886 0.0126094
310 0.444837 0.0710647 0.111886 0.0126094
320 0.444837 0.0710647 0.111886 0.0126094
330 0.444837 0.0710647 0.111886 0.0126094
340 0.444837 0.0710647 0.111886 0.0126094
350 0.444837 0.0710647 0.111886 0.0126094
360 0.444837 0.0710647 0.111886 0.0126094
370 0.444837 0.0710647 0.111886 0.0126094
380 0.444837 0.0710647 0.111886 0.0126094
390 0.444837 0.0710647 0.111886 0.0126094
400 0.444837 0.0710647 0.111886 0.0126094
410 0.444837 0.0710647 0.111886 0.0126094
420 0.444837 0.0710647 0.111886 0.0126094
430 0.444837 0.0710647 0.111886 0.0126094
440 0.444837 0.0710647 0.111886 0.0126094
450 0.444837 0.0710647 0.111886 0.0126094
460 0.444837 0.0710647 0.111886 0.0126094
470 0.444837 0.0710647 0.111886 0.0126094
480 0.444837 0.0710647 0.111886 0.0126094
490 0.444837 0.0710647 0.111886 0.0126094
500 0.444837 0.0710647 0.111886 0.0126094
510 0.444837 0.0710647 0.111886 0.0126094
520 0.444837 0.0710647 0.111886 0.0126094
530 0.444837 0.0710647 0.111886 0.0126094
540 0.444837 0.0710647 0.111886 0.0126094
550 0.444837 0.0710647 0.111886 0.0126094
560 0.444837 0.0710647 0.111886 0.0126094
570 0.444837 0.0710647 0.111886 0.0126094
580 0.444837 0.0710647 0.111886 0.0126094
590 0.444837 0.0710647 0.111886 0.0126094
600 0.444837 0.0710647 0.111886 0.0126094
610 0.444837 0.0710647 0.111886 0.0126094
620 0.444837 0.0710647 0.111886 0.0126094
630 0.444837 0.0710647 0.111886 0.0126094
640 0.444837 0.0710647 0.111886 0.0126094
650 0.444837 0.0710647 0.111886 0.0126094
660 0.444837 0.0710647 0.111886 0.0126094
670 0.444837 0.0710647 0.111886 0.0126094
680 0.444837 0.0710647 0.111886 0.0126094
690 0.444837 0.0710647 0.111886 0.0126094
700 0.444837 0.0710647 0.111886 0.0126094
710 0.444837 0.0710647 0.111886 0.0126094
720 0.444837 0.0710647 0.111886 0.0126094
730 0.444837 0.0710647 0.111886 0.0126094
740 0.444837 0.0710647 0.111886 0.0126094
750 0.444837 0.0710647 0.111886 0.0126094
760 0.444837 0.0710647 0.111886 0.0126094
770 0.444837 0.0710647 0.111886 0.0126094
780 0.444837 0.0710647 0.111886 0.0126094
790 0.444837 0.0710647 0.111886 0.0126094
800 0.444837 0.0710647 0.111886 0.0126094
810 0.444837 0.0710647 0.111886 0.0126094
820 0.444837 0.0710647 0.111886 0.0126094
830 0.444837 0.0710647 0.111886 0.0126094
840 0.444837 0.0710647 0.111886 0.0126094
850 0.444837 0.0710647 0.111886 0.0126094
860 0.444837 0.0710647 0.111886 0.0126094
870 0.444837 0.0710647 0.111886 0.0126094
880 0.444837 0.0710647 0.111886 0.0126094
890 0.444837 0.0710647 0.111886 0.0126094
900 0.444837 0.0710647 0.111886 0.0126094
910 0.444837 0.0710647 0.111886 0.0126094
920 0.444837 0.0710647 0.111886 0.0126094
930 0.444837 0.0710647 0.111886 0.0126094
940 0.444837 0.0710647 0.111886 0.0126094
950 0.444837 0.0710647 0.111886 0.0126094
960 0.444837 0.0710647 0.111886 0.0126094
970 0.444837 0.0710647 0.111886 0.0126094
980 0.444837 0.0710647 0.111886 0.0126094
990 0.444837 0.0710647 0.111886 0.0126094
1000 0.444837 0.0710647 0.111886 0.0126094
1010 0.444837 0.0710647 0.111886 0.0126094
1020 0.444837 0.0710647 0.111886 0.0126094
1030 0.444837 0.0710647 0.111886 0.0126094
1040 0.444837 0.0710647 0.111886 0.0126094
1050 0.444837 0.0710647 0.111886 0.0126094
1060 0.444837 0.0710647 0.111886 0.0126094
1070 0.444837 0.0710647 0.111886 0.0126094
1080 0.444837 0.0710647 0.111886 0.0126094
1090 0.444837 0.0710647 0.111886 0.0126094
1100 0.444837 0.0710647 0.111886 0.0126094
1110 0.444837 0.0710647 0.111886 0.0126094
1120 0.444837 0.0710647 0.111886 0.0126094
1130 0.444837 0.0710647 0.111886 0.0126094
1140 0.444837 0.0710647 0.111886 0.0126094
1150 0.444837 0.0710647 0.111886 0.0126094
1160 0.444837 0.0710647 0.111886 0.0126094
1170 0.444837 0.0710647 0.111886 0.0126094
1180 0.444837 0.0710647 0.111886 0.0126094
1190 0.444837 0.0710647 0.111886 0.0126094
1200 0.444837 0.0710647 0.111886 0.0126094
1210 0.444837 0.0710647 0.111886 0.0126094
1220 0.444837 0.0710647 0.111886 0.0126094
1230 0.444837 0.0710647 0.111886 0.0126094
1240 0.425789 0.054788 0.10732 0.00807669
1250 0.444837 0.0710647 0.111886 0.0126094
1260 0.444837 0.0710647 0.111886 0.0126094
1270 0.444837 0.0710647 0.111886 0.0126094
1280 0.444837 0.0710647 0.111886 0.0126094
1290 0.444837 0.0710647 0.111886 0.0126094
1300 0.444837 0.0710647 0.111886 0.0126094
1310 0.444837 0.0710647 0.111886 0.0126094
1320 0.444837 0.0710647 0.111886 0.0126094
1330 0.444837 0.0710647 0.111886 0.0126094
1340 0.444837 0.0710647 0.111886 0.0126094
1350 0.444837 0.0710647 0.111886 0.0126094
1360 0.444837 0.0710647 0.111886 0.0126094
1370 0.444837 0.0710647 0.111886 0.0126094
1380 0.444837 0.0710647 0.111886 0.0126094
1390 0.444837 0.0710647 0.111886 0.0126094
1400 0.444837 0.0710647 0.111886 0.0126094
1410 0.444837 0.0710647 0.111886 0.0126094
1420 0.444837 0.0710647 0.111886 0.0126094
1430 0.444837 0.0710647 0.111886 0.0126094
1440 0.444837 0.0710647 0.111886 0.0126094


DSBSynaptic
0 0 0 0 0
0.0166667 0.033743 0.00932103 0.0258393 0.00649673
0.0333333 0.145613 0.0170453 0.112415 0.00969123
0.05 0.259929 0.0210522 0.201269 0.0118846
0.0666667 0.377546 0.0346413 0.292221 0.0211343
0.0833333 0.445032 0.0469907 0.343963 0.0273599
0.1 0.538694 0.0371279 0.417932 0.026312
0.116667 0.601172 0.0162235 0.46692 0.0133736
0.133333 0.630022 0.0283766 0.488458 0.00835503
0.15 0.68516 0.0413949 0.530929 0.0194669
0.166667 0.72135 0.0532837 0.55911 0.0331124
0.183333 0.751792 0.0600088 0.582597 0.0379641
0.2 0.769887 0.0546334 0.59656 0.0311964
0.216667 0.778935 0.0524551 0.603542 0.0280385
0.233333 0.829919 0.0457082 0.643017 0.0155192
0.25 0.863662 0.0542387 0.668856 0.0213346
0.266667 0.87271 0.0557798 0.675838 0.0227784
0.283333 0.889951 0.0451235 0.689727 0.0140917
0.3 0.898145 0.0412048 0.69638 0.0148701
0.316667 0.909639 0.0362794 0.705576 0.0133239
0.333333 0.893991 0.027675 0.693763 0.00955531
0.35 0.897291 0.0364274 0.696115 0.0171375
0.366667 0.942529 0.0414431 0.731151 0.0209838
0.383333 0.967964 0.0272359 0.751756 0.0216371
0.4 0.964664 0.0260697 0.749341 0.0232272
0.416667 0.970411 0.0205012 0.753971 0.0223536
0.433333 0.972858 0.00513919 0.756248 0.0230684
0.45 0.985205 0.0102506 0.765645 0.0210658
0.466667 0.972858 0.00513919 0.756312 0.0241462
0.483333 0.976158 0.0150675 0.758791 0.0255918
0.5 0.967111 0.0199723 0.751809 0.0281975
0.516667 0.955616 0.00734039 0.742486 0.0164503
0.533333 0.944122 0.016443 0.733354 0.0159411
0.55 0.952316 0.00404006 0.740071 0.01883
0.566667 0.92762 0.00341413 0.721213 0.0238352
0.583333 0.921873 0.00500643 0.716647 0.0224596
0.6 0.921873 0.00500643 0.716647 0.0224596
0.616667 0.922727 0.0133753 0.716912 0.0179278
0.633333 0.926027 0.0157721 0.719327 0.0160743
0.65 0.907932 0.0151196 0.7053 0.01621
0.666667 0.921873 0.0149413 0.71671 0.026066
0.683333 0.92432 0.0120072 0.718861 0.0282935
0.7 0.906225 0.007568 0.704771 0.0264591
0.716667 0.915273 0.00870456 0.711816 0.0270964
0.733333 0.902925 0.0108683 0.702355 0.0288611
0.75 0.902071 0.0209426 0.702154 0.0365213
0.766667 0.908672 0.0146155 0.706985 0.0317911
0.783333 0.906225 0.0125045 0.704707 0.0267483
0.8 0.893877 0.0187224 0.695247 0.0301758
0.816667 0.883976 0.0326891 0.687937 0.039821
0.833333 0.886423 0.0338448 0.690151 0.0427573
0.85 0.879822 0.0393746 0.68532 0.0473818
0.866667 0.870775 0.0424557 0.678275 0.0487305
0.883333 0.867475 0.045171 0.67586 0.0510007
0.9 0.850233 0.0352396 0.662098 0.0432346
0.916667 0.846933 0.0380085 0.659682 0.045542
0.933333 0.838739 0.0253648 0.652965 0.0369973
0.95 0.850233 0.0307337 0.662161 0.0415475
0.966667 0.847787 0.0234377 0.66001 0.0365469
0.983333 0.844486 0.026672 0.657595 0.0389611
1 0.838739 0.0306698 0.652902 0.0388974
1.16667 0.853534 0.027632 0.664577 0.0391519
1.33333 0.818197 0.0307188 0.636978 0.039371
1.5 0.771367 0.0204098 0.59993 0.0279046
1.66667 0.73603 0.0251 0.572141 0.0264609
1.83333 0.708888 0.039867 0.551196 0.0371514
2 0.633322 0.049778 0.49119 0.0347186
2.16667 0.625128 0.0490576 0.484346 0.0298449
2.33333 0.597132 0.0410506 0.463073 0.0268022
2.5 0.557642 0.0460626 0.432668 0.0338828
2.66667 0.56999 0.0609942 0.442192 0.0460915
2.83333 0.528906 0.0512065 0.409646 0.0335976
3 0.482816 0.0359318 0.374283 0.0229977
3.16667 0.464721 0.0429198 0.36032 0.0304131
3.33333 0.474622 0.0493608 0.367566 0.0331206
3.5 0.438432 0.041539 0.339449 0.0260038
3.66667 0.41863 0.0282914 0.324956 0.0212078
3.83333 0.398088 0.021253 0.308652 0.0104919
4 0.356151 0.0318916 0.276096 0.0220797
4.16667 0.366052 0.0388592 0.283342 0.0252929
4.33333 0.309321 0.0349079 0.238984 0.0202245
4.5 0.296973 0.0332702 0.229397 0.0192541
4.66667 0.29942 0.0235575 0.231674 0.0110095
4.83333 0.272277 0.0268183 0.210729 0.0165602
5 0.26653 0.0251508 0.206036 0.0129467
5.16667 0.26653 0.027049 0.2061 0.0155714
5.33333 0.250882 0.0187944 0.194224 0.00925637
5.5 0.233641 0.0267441 0.180398 0.0148879
5.66667 0.22704 0.0201434 0.175567 0.010064
5.83333 0.213839 0.00694207 0.165906 0.000761035
6 0.201491 0.00592521 0.156509 0.00509724
6.16667 0.202344 0.0126892 0.15671 0.00501496
6.33333 0.183396 0.00550895 0.142482 0.00515192
6.5 0.165301 0.00520057 0.128455 0.00521703
6.66667 0.180096 0.014961 0.14013 0.0134279
6.83333 0.180096 0.014961 0.14013 0.0134279
7 0.176795 0.0155216 0.137714 0.0144762
7.16667 0.173495 0.016727 0.135299 0.0158266
7.33333 0.156254 0.0100129 0.121473 0.00889881
7.5 0.141459 0.00352794 0.109799 0.000705112
7.66667 0.114317 0.0150997 0.0888536 0.0123393
7.83333 0.120917 0.0101521 0.0936211 0.00584348
8 0.123364 0.00267441 0.0957718 0.000873617
8.16667 0.117617 0.00745332 0.0912056 0.00459043
8.33333 0.11517 0.0153782 0.0890549 0.010353
8.5 0.11517 0.0117219 0.0889915 0.00623762
8.66667 0.109423 0.0154207 0.0844253 0.00952927
8.83333 0.0921816 0.0232161 0.0705998 0.0154263
9 0.0946284 0.0177541 0.0727505 0.0113578
9.16667 0.100376 0.0141687 0.0773802 0.00841585
9.33333 0.100376 0.0141687 0.0773802 0.00841585
9.5 0.0913281 0.0146155 0.0703985 0.00929662
9.66667 0.0946284 0.0177541 0.072814 0.0115003
9.83333 0.0970752 0.0108683 0.0749647 0.00600219
10 0.0822806 0.0133151 0.0633534 0.00818132
11 0.0732332 0.013816 0.0563083 0.00892252
12 0.0584386 0.0214036 0.0446336 0.015664
13 0.0518379 0.0172986 0.0398027 0.0130101
14 0.0370434 0.012239 0.0282548 0.00855247
15 0.0279959 0.0107545 0.0212731 0.00747958
16 0.00904746 0.00499542 0.00704509 0.00401064
17 0.00330033 0.00330033 0.00241546 0.00241546
18 0.00330033 0.00330033 0.00241546 0.00241546
19 0.00330033 0.00330033 0.00241546 0.00241546
20 0 0 0 0
21 0 0 0 0
22 0.00660066 0.00660066 0.00483092 0.00483092
23 0.00660066 0.00660066 0.00483092 0.00483092
24 0.00660066 0.00660066 0.00483092 0.00483092
25 0.00660066 0.00660066 0.00483092 0.00483092
26 0.00660066 0.00660066 0.00483092 0.00483092
27 0.00330033 0.00330033 0.00241546 0.00241546
28 0.00660066 0.00660066 0.00483092 0.00483092
29 0.00330033 0.00330033 0.00241546 0.00241546
30 0.00330033 0.00330033 0.00241546 0.00241546
31 0.00330033 0.00330033 0.00241546 0.00241546
32 0 0 0 0
33 0 0 0 0
34 0 0 0 0
35 0 0 0 0
36 0 0 0 0
37 0 0 0 0
38 0 0 0 0
39 0 0 0 0
40 0 0 0 0
41 0.00574713 0.00574713 0.00462963 0.00462963
42 0.00574713 0.00574713 0.00462963 0.00462963
43 0 0 0 0
44 0.00574713 0.00574713 0.00462963 0.00462963
45 0 0 0 0
46 0 0 0 0
47 0 0 0 0
48 0 0 0 0
49 0.00574713 0.00574713 0.00462963 0.00462963
50 0.00574713 0.00574713 0.00462963 0.00462963
51 0.00574713 0.00574713 0.00462963 0.00462963
52 0.00574713 0.00574713 0.00462963 0.00462963
53 0 0 0 0
54 0 0 0 0
55 0 0 0 0
56 0 0 0 0
57 0 0 0 0
58 0 0 0 0
59 0 0 0 0
60 0 0 0 0
70 0 0 0 0
80 0.00330033 0.00330033 0.00241546 0.00241546
90 0 0 0 0
100 0 0 0 0
110 0.00330033 0.00330033 0.00241546 0.00241546
120 0 0 0 0
130 0 0 0 0
140 0 0 0 0
150 0 0 0 0
160 0 0 0 0
170 0 0 0 0
180 0 0 0 0
190 0 0 0 0
200 0 0 0 0
210 0 0 0 0
220 0 0 0 0
230 0 0 0 0
240 0 0 0 0
250 0 0 0 0
260 0 0 0 0
270 0 0 0 0
280 0 0 0 0
290 0 0 0 0
300 0 0 0 0
310 0 0 0 0
320 0 0 0 0
330 0 0 0 0
340 0 0 0 0
350 0 0 0 0
360 0 0 0 0
370 0 0 0 0
380 0 0 0 0
390 0 0 0 0
400 0 0 0 0
410 0 0 0 0
420 0 0 0 0
430 0 0 0 0
440 0 0 0 0
450 0 0 0 0
460 0 0 0 0
470 0 0 0 0
480 0 0 0 0
490 0 0 0 0
500 0 0 0 0
510 0 0 0 0
520 0 0 0 0
530 0 0 0 0
540 0 0 0 0
550 0 0 0 0
560 0 0 0 0
570 0 0 0 0
580 0 0 0 0
590 0 0 0 0
600 0 0 0 0
610 0 0 0 0
620 0 0 0 0
630 0 0 0 0
640 0 0 0 0
650 0 0 0 0
660 0 0 0 0
670 0 0 0 0
680 0 0 0 0
690 0 0 0 0
700 0 0 0 0
710 0 0 0 0
720 0 0 0 0
730 0 0 0 0
740 0 0 0 0
750 0 0 0 0
760 0 0 0 0
770 0 0 0 0
780 0 0 0 0
790 0 0 0 0
800 0 0 0 0
810 0 0 0 0
820 0 0 0 0
830 0 0 0 0
840 0 0 0 0
850 0 0 0 0
860 0 0 0 0
870 0 0 0 0
880 0 0 0 0
890 0 0 0 0
900 0 0 0 0
910 0 0 0 0
920 0 0 0 0
930 0 0 0 0
940 0 0 0 0
950 0 0 0 0
960 0 0 0 0
970 0 0 0 0
980 0 0 0 0
990 0 0 0 0
1000 0 0 0 0
1010 0 0 0 0
1020 0 0 0 0
1030 0 0 0 0
1040 0 0 0 0
1050 0 0 0 0
1060 0 0 0 0
1070 0 0 0 0
1080 0 0 0 0
1090 0 0 0 0
1100 0 0 0 0
1110 0 0 0 0
1120 0 0 0 0
1130 0 0 0 0
1140 0 0 0 0
1150 0 0 0 0
1160 0 0 0 0
1170 0 0 0 0
1180 0 0 0 0
1190 0 0 0 0
1200 0 0 0 0
1210 0 0 0 0
1220 0 0 0 0
1230 0 0 0 0
1240 0 0 0 0
1250 0 0 0 0
1260 0 0 0 0
1270 0 0 0 0
1280 0 0 0 0
1290 0 0 0 0
1300 0 0 0 0
1310 0 0 0 0
1320 0 0 0 0
1330 0 0 0 0
1340 0 0 0 0
1350 0 0 0 0
1360 0 0 0 0
1370 0 0 0 0
1380 0 0 0 0
1390 0 0 0 0
1400 0 0 0 0
1410 0 0 0 0
1420 0 0 0 0
1430 0 0 0 0
1440 0 0 0 0


DSBSynaptic_Stable
0 0 0 0 0
0.0166667 0 0 0 0
0.0333333 0 0 0 0
0.05 0 0 0 0
0.0666667 0 0 0 0
0.0833333 0.00396825 0.00396825 0.00241546 0.00241546
0.1 0.00396825 0.00396825 0.00241546 0.00241546
0.116667 0.00396825 0.00396825 0.00241546 0.00241546
0.133333 0.00396825 0.00396825 0.00241546 0.00241546
0.15 0.00396825 0.00396825 0.00241546 0.00241546
0.166667 0.00396825 0.00396825 0.00241546 0.00241546
0.183333 0.00396825 0.00396825 0.00241546 0.00241546
0.2 0.00793651 0.00793651 0.00483092 0.00483092
0.216667 0.00793651 0.00793651 0.00483092 0.00483092
0.233333 0.00793651 0.00793651 0.00483092 0.00483092
0.25 0.00793651 0.00793651 0.00483092 0.00483092
0.266667 0.0191511 0.0103907 0.0118126 0.006346
0.283333 0.0231194 0.0137637 0.014228 0.00837158
0.3 0.0382709 0.00828947 0.0234873 0.00490674
0.316667 0.0382709 0.00828947 0.0234873 0.00490674
0.333333 0.0613903 0.0169335 0.0377154 0.0101284
0.35 0.0686367 0.0144726 0.0422816 0.00873617
0.366667 0.0686367 0.0144726 0.0422816 0.00873617
0.383333 0.0726049 0.0181869 0.044697 0.0109568
0.4 0.0765732 0.0219902 0.0471125 0.0132459
0.416667 0.0805414 0.0258431 0.0495279 0.0155731
0.433333 0.0917561 0.0282199 0.0565096 0.0171049
0.45 0.0917561 0.0282199 0.0565096 0.0171049
0.466667 0.0996926 0.0355657 0.0613405 0.0215175
0.483333 0.106939 0.0350019 0.0659067 0.0213064
0.5 0.102971 0.0316839 0.0634913 0.0193377
0.516667 0.102971 0.0316839 0.0634913 0.0193377
0.533333 0.102971 0.0316839 0.0634913 0.0193377
0.55 0.118154 0.0389151 0.0728884 0.0238176
0.566667 0.140912 0.039147 0.0869152 0.0239574
0.583333 0.140912 0.039147 0.0869152 0.0239574
0.6 0.140912 0.039147 0.0869152 0.0239574
0.616667 0.148159 0.0408241 0.0914814 0.0252148
0.633333 0.148159 0.0408241 0.0914814 0.0252148
0.65 0.16331 0.0261611 0.100741 0.016133
0.666667 0.167278 0.0292437 0.103156 0.0178978
0.683333 0.167278 0.0292437 0.103156 0.0178978
0.7 0.186398 0.0203511 0.114831 0.0119699
0.716667 0.186398 0.0203511 0.114831 0.0119699
0.733333 0.186398 0.0203511 0.114831 0.0119699
0.75 0.190366 0.024245 0.117246 0.0142936
0.766667 0.190366 0.024245 0.117246 0.0142936
0.783333 0.197942 0.0202058 0.121876 0.0115342
0.8 0.205518 0.0185342 0.126506 0.0102291
0.816667 0.213094 0.0198379 0.131135 0.0109132
0.833333 0.213094 0.0198379 0.131135 0.0109132
0.85 0.217062 0.02255 0.133551 0.0125796
0.866667 0.217062 0.02255 0.133551 0.0125796
0.883333 0.217062 0.02255 0.133551 0.0125796
0.9 0.224308 0.0157587 0.138117 0.00834767
0.916667 0.228277 0.0191321 0.140532 0.0104629
0.933333 0.247067 0.0163524 0.152144 0.00857385
0.95 0.251035 0.0197299 0.154559 0.010697
0.966667 0.251035 0.0197299 0.154559 0.010697
0.983333 0.251035 0.0197299 0.154559 0.010697
1 0.255003 0.0232945 0.156974 0.0129232
1.16667 0.266908 0.0345208 0.164221 0.0198689
1.33333 0.345379 0.0281443 0.212955 0.017193
1.5 0.391226 0.0246845 0.241072 0.0138675
1.66667 0.436053 0.015946 0.26886 0.00975419
1.83333 0.484519 0.0270874 0.299001 0.0189186
2 0.533283 0.0162699 0.329068 0.0137366
2.16667 0.574471 0.0258461 0.354504 0.0189731
2.33333 0.59654 0.0380288 0.368266 0.0268045
2.5 0.626906 0.0364689 0.387061 0.0268205
2.66667 0.646057 0.0357165 0.398873 0.026637
2.83333 0.706396 0.0388984 0.436123 0.0289896
3 0.706396 0.0388984 0.436123 0.0289896
3.16667 0.74037 0.0430507 0.457131 0.0318466
3.33333 0.733123 0.0358432 0.452565 0.0273035
3.5 0.767755 0.0226986 0.4737 0.0187266
3.66667 0.806716 0.00605293 0.497452 0.00629125
3.83333 0.821538 0.012702 0.506648 0.0107438
4 0.839999 0.0173384 0.518196 0.0160773
4.16667 0.853771 0.0465742 0.526926 0.0330413
4.33333 0.876859 0.0458933 0.541016 0.0314237
4.5 0.888403 0.0469463 0.548061 0.0313618
4.66667 0.892042 0.0412677 0.550413 0.0293795
4.83333 0.911193 0.0337395 0.562226 0.0257291
5 0.918439 0.0389787 0.566792 0.029459
5.16667 0.933951 0.0331661 0.576252 0.0254925
5.33333 0.953432 0.0243366 0.588128 0.0195072
5.5 0.957039 0.0326989 0.590343 0.0234826
5.66667 0.964976 0.0249565 0.595173 0.0186647
5.83333 0.953793 0.014349 0.58833 0.0149958
6 0.965697 0.00688234 0.595576 0.0104834
6.16667 0.954483 0.00119575 0.588594 0.00714958
6.33333 0.943629 0.0103638 0.581814 0.00621399
6.5 0.954514 0.0227195 0.588732 0.0177869
6.66667 0.96176 0.0272169 0.593298 0.0215346
6.83333 0.957792 0.0264433 0.590883 0.0216191
7 0.935394 0.0361051 0.577058 0.0260683
7.16667 0.939363 0.0378678 0.579473 0.0266327
7.33333 0.943331 0.0399482 0.581888 0.0273992
7.5 0.951236 0.0229592 0.586582 0.0155175
7.66667 0.947958 0.0270574 0.584431 0.0155125
7.83333 0.943629 0.0103638 0.581814 0.00621399
8 0.921231 0.0228636 0.567989 0.0135813
8.16667 0.924509 0.0197377 0.570139 0.0144889
8.33333 0.931755 0.0227274 0.574706 0.017807
8.5 0.92418 0.0302953 0.570076 0.0221693
8.66667 0.920211 0.0286643 0.56766 0.0217725
8.83333 0.920211 0.0286643 0.56766 0.0217725
9 0.908997 0.022751 0.560679 0.0178302
9.16667 0.908997 0.022751 0.560679 0.0178302
9.33333 0.893485 0.0276794 0.551218 0.021696
9.5 0.878662 0.0303346 0.542022 0.0221805
9.66667 0.867448 0.0246371 0.535041 0.0182883
9.83333 0.86417 0.0251387 0.53289 0.0164645
10 0.864499 0.0202302 0.532953 0.0106532
11 0.871745 0.0184649 0.53752 0.0118426
12 0.872436 0.0281389 0.537784 0.0149225
13 0.857943 0.0368578 0.528652 0.0183954
14 0.812065 0.0279595 0.500397 0.0122088
15 0.762611 0.0296075 0.470066 0.0161818
16 0.750376 0.0240116 0.462756 0.016104
17 0.730896 0.0247387 0.45088 0.0183428
18 0.703808 0.0178371 0.434237 0.0157931
19 0.639501 0.0179176 0.394572 0.0152684
20 0.589984 0.0212303 0.363965 0.015514
21 0.549125 0.00978856 0.338592 0.00640134
22 0.526005 0.0232172 0.324364 0.0146352
23 0.491703 0.0207267 0.303292 0.0140217
24 0.457761 0.0110253 0.282421 0.00987635
25 0.427426 0.0147111 0.263765 0.0119989
26 0.419851 0.0203154 0.259135 0.0151371
27 0.405358 0.00955457 0.250003 0.00720628
28 0.389846 0.0143419 0.240542 0.0110073
29 0.367448 0.0246371 0.226717 0.0162786
30 0.359511 0.0216405 0.221886 0.0151117
31 0.326228 0.017808 0.201142 0.0108525
32 0.318652 0.0246506 0.196512 0.015314
33 0.314684 0.0216947 0.194097 0.0137811
34 0.299501 0.0142662 0.1847 0.0090856
35 0.291925 0.0215348 0.18007 0.0136919
36 0.280381 0.0265964 0.173025 0.0170959
37 0.280381 0.0265964 0.173025 0.0170959
38 0.250047 0.0341262 0.154369 0.0216623
39 0.219713 0.0416756 0.135712 0.0262287
40 0.200232 0.0444401 0.123836 0.0282673
41 0.188688 0.0507053 0.116791 0.0321481
42 0.188688 0.0507053 0.116791 0.0321481
43 0.18472 0.0498517 0.114376 0.0317234
44 0.180752 0.0493037 0.11196 0.031479
45 0.180391 0.0430529 0.111759 0.0278871
46 0.169176 0.036937 0.104777 0.0240407
47 0.16193 0.0301651 0.100211 0.0197277
48 0.142779 0.0264828 0.0883986 0.0174663
49 0.142779 0.0264828 0.0883986 0.0174663
50 0.135532 0.0192538 0.0838324 0.0129078
51 0.127957 0.0243717 0.0792028 0.0159579
52 0.113464 0.0117467 0.0700704 0.00778178
53 0.113793 0.00298938 0.0701338 0.00119692
54 0.113793 0.00298938 0.0701338 0.00119692
55 0.0989711 0.0101029 0.0609379 0.0057671
56 0.0989711 0.0101029 0.0609379 0.0057671
57 0.0917247 0.0155448 0.0563717 0.00906432
58 0.0917247 0.0155448 0.0563717 0.00906432
59 0.0841489 0.0174703 0.0517421 0.0103621
60 0.0769026 0.0222465 0.0471759 0.013298
70 0.0498149 0.0142587 0.0305324 0.00856185
80 0.0382709 0.00828947 0.0234873 0.00490674
90 0.0231194 0.0137637 0.014228 0.00837158
100 0.0112146 0.00628503 0.00698167 0.00395667
110 0.0112146 0.00628503 0.00698167 0.00395667
120 0.0112146 0.00628503 0.00698167 0.00395667
130 0.00396825 0.00396825 0.00241546 0.00241546
140 0 0 0 0
150 0.00396825 0.00396825 0.00241546 0.00241546
160 0.00396825 0.00396825 0.00241546 0.00241546
170 0.00396825 0.00396825 0.00241546 0.00241546
180 0 0 0 0
190 0 0 0 0
200 0 0 0 0
210 0 0 0 0
220 0 0 0 0
230 0 0 0 0
240 0 0 0 0
250 0 0 0 0
260 0.00757576 0.00757576 0.00462963 0.00462963
270 0 0 0 0
280 0 0 0 0
290 0 0 0 0
300 0 0 0 0
310 0 0 0 0
320 0 0 0 0
330 0 0 0 0
340 0 0 0 0
350 0 0 0 0
360 0 0 0 0
370 0 0 0 0
380 0 0 0 0
390 0 0 0 0
400 0 0 0 0
410 0 0 0 0
420 0 0 0 0
430 0 0 0 0
440 0 0 0 0
450 0 0 0 0
460 0 0 0 0
470 0 0 0 0
480 0 0 0 0
490 0 0 0 0
500 0 0 0 0
510 0 0 0 0
520 0 0 0 0
530 0 0 0 0
540 0 0 0 0
550 0 0 0 0
560 0 0 0 0
570 0 0 0 0
580 0 0 0 0
590 0 0 0 0
600 0 0 0 0
610 0 0 0 0
620 0 0 0 0
630 0 0 0 0
640 0 0 0 0
650 0 0 0 0
660 0 0 0 0
670 0 0 0 0
680 0 0 0 0
690 0 0 0 0
700 0 0 0 0
710 0 0 0 0
720 0 0 0 0
730 0 0 0 0
740 0 0 0 0
750 0 0 0 0
760 0 0 0 0
770 0 0 0 0
780 0 0 0 0
790 0 0 0 0
800 0 0 0 0
810 0 0 0 0
820 0 0 0 0
830 0 0 0 0
840 0 0 0 0
850 0 0 0 0
860 0 0 0 0
870 0 0 0 0
880 0 0 0 0
890 0 0 0 0
900 0 0 0 0
910 0 0 0 0
920 0 0 0 0
930 0 0 0 0
940 0 0 0 0
950 0 0 0 0
960 0 0 0 0
970 0 0 0 0
980 0 0 0 0
990 0 0 0 0
1000 0 0 0 0
1010 0 0 0 0
1020 0 0 0 0
1030 0 0 0 0
1040 0 0 0 0
1050 0 0 0 0
1060 0 0 0 0
1070 0 0 0 0
1080 0 0 0 0
1090 0 0 0 0
1100 0 0 0 0
1110 0 0 0 0
1120 0 0 0 0
1130 0 0 0 0
1140 0 0 0 0
1150 0 0 0 0
1160 0 0 0 0
1170 0 0 0 0
1180 0 0 0 0
1190 0 0 0 0
1200 0 0 0 0
1210 0 0 0 0
1220 0 0 0 0
1230 0 0 0 0
1240 0 0 0 0
1250 0 0 0 0
1260 0 0 0 0
1270 0 0 0 0
1280 0 0 0 0
1290 0 0 0 0
1300 0 0 0 0
1310 0 0 0 0
1320 0 0 0 0
1330 0 0 0 0
1340 0 0 0 0
1350 0 0 0 0
1360 0 0 0 0
1370 0 0 0 0
1380 0 0 0 0
1390 0 0 0 0
1400 0 0 0 0
1410 0 0 0 0
1420 0 0 0 0
1430 0 0 0 0
1440 0 0 0 0


DSB_Residual
0 1 0 1 0
0.0166667 1 0 1 0
0.0333333 1 0 1 0
0.05 1 0 1 0
0.0666667 1 0 1 0
0.0833333 1 0 1 0
0.1 1 0 1 0
0.116667 1 0 1 0
0.133333 1 0 1 0
0.15 1 0 1 0
0.166667 1 0 1 0
0.183333 1 0 1 0
0.2 1 0 1 0
0.216667 1 0 1 0
0.233333 1 0 1 0
0.25 1 0 1 0
0.266667 1 0 1 0
0.283333 1 0 1 0
0.3 1 0 1 0
0.316667 1 0 1 0
0.333333 1 0 1 0
0.35 1 0 1 0
0.366667 1 0 1 0
0.383333 1 0 1 0
0.4 1 0 1 0
0.416667 1 0 1 0
0.433333 1 0 1 0
0.45 1 0 1 0
0.466667 1 0 1 0
0.483333 1 0 1 0
0.5 0.997312 0.00268817 0.997585 0.00241546
0.516667 0.997312 0.00268817 0.997585 0.00241546
0.533333 0.997312 0.00268817 0.997585 0.00241546
0.55 0.997312 0.00268817 0.997585 0.00241546
0.566667 0.997312 0.00268817 0.997585 0.00241546
0.583333 0.997312 0.00268817 0.997585 0.00241546
0.6 0.997312 0.00268817 0.997585 0.00241546
0.616667 0.997312 0.00268817 0.997585 0.00241546
0.633333 0.997312 0.00268817 0.997585 0.00241546
0.65 0.997312 0.00268817 0.997585 0.00241546
0.666667 0.997312 0.00268817 0.997585 0.00241546
0.683333 0.997312 0.00268817 0.997585 0.00241546
0.7 0.997312 0.00268817 0.997585 0.00241546
0.716667 0.997312 0.00268817 0.997585 0.00241546
0.733333 0.997312 0.00268817 0.997585 0.00241546
0.75 0.997312 0.00268817 0.997585 0.00241546
0.766667 0.997312 0.00268817 0.997585 0.00241546
0.783333 0.997312 0.00268817 0.997585 0.00241546
0.8 0.997312 0.00268817 0.997585 0.00241546
0.816667 0.997312 0.00268817 0.997585 0.00241546
0.833333 0.997312 0.00268817 0.997585 0.00241546
0.85 0.997312 0.00268817 0.997585 0.00241546
0.866667 0.997312 0.00268817 0.997585 0.00241546
0.883333 0.997312 0.00268817 0.997585 0.00241546
0.9 0.997312 0.00268817 0.997585 0.00241546
0.916667 0.997312 0.00268817 0.997585 0.00241546
0.933333 0.997312 0.00268817 0.997585 0.00241546
0.95 0.997312 0.00268817 0.997585 0.00241546
0.966667 0.997312 0.00268817 0.997585 0.00241546
0.983333 0.997312 0.00268817 0.997585 0.00241546
1 0.997312 0.00268817 0.997585 0.00241546
1.16667 0.997312 0.00268817 0.997585 0.00241546
1.33333 0.997312 0.00268817 0.997585 0.00241546
1.5 0.997312 0.00268817 0.997585 0.00241546
1.66667 0.997312 0.00268817 0.997585 0.00241546
1.83333 0.997312 0.00268817 0.997585 0.00241546
2 0.989333 0.00533419 0.990603 0.00470415
2.16667 0.989333 0.00533419 0.990603 0.00470415
2.33333 0.976225 0.00472777 0.978992 0.00391661
2.5 0.976225 0.00472777 0.978992 0.00391661
2.66667 0.976225 0.00472777 0.978992 0.00391661
2.83333 0.973537 0.00554112 0.976576 0.00478949
3 0.970849 0.00731496 0.974161 0.00649673
3.16667 0.970849 0.00731496 0.974161 0.00649673
3.33333 0.965558 0.00975875 0.969594 0.00837685
3.5 0.965558 0.00975875 0.969594 0.00837685
3.66667 0.965558 0.00975875 0.969594 0.00837685
3.83333 0.96287 0.0108751 0.967179 0.00949101
4 0.96287 0.0108751 0.967179 0.00949101
4.16667 0.952117 0.0188396 0.957517 0.0169233
4.33333 0.949429 0.0212185 0.955102 0.0190958
4.5 0.944301 0.017207 0.950472 0.0155731
4.66667 0.939172 0.0139475 0.945842 0.0127774
4.83333 0.936484 0.0166346 0.943427 0.0151926
5 0.931356 0.0146279 0.938797 0.0135366
5.16667 0.931356 0.0146279 0.938797 0.0135366
5.33333 0.931356 0.0146279 0.938797 0.0135366
5.5 0.923377 0.0141191 0.931816 0.0130111
5.66667 0.923377 0.0141191 0.931816 0.0130111
5.83333 0.90783 0.00735392 0.91799 0.00745121
6 0.902701 0.00900457 0.913361 0.00911491
6.16667 0.894722 0.00524043 0.906379 0.00584348
6.33333 0.884303 0.00372601 0.897183 0.00444673
6.5 0.879175 0.00883329 0.892553 0.00892221
6.66667 0.879175 0.00883329 0.892553 0.00892221
6.83333 0.876487 0.00799733 0.890138 0.00842343
7 0.858251 0.0137536 0.873897 0.0134629
7.16667 0.858251 0.0137536 0.873897 0.0134629
7.33333 0.847832 0.0167072 0.864701 0.0158266
7.5 0.842541 0.016058 0.860135 0.0147135
7.66667 0.834562 0.0144626 0.853153 0.012697
7.83333 0.826497 0.0067558 0.845907 0.00650279
8 0.808261 0.0133026 0.829666 0.0125599
8.16667 0.805573 0.0111362 0.827251 0.0109417
8.33333 0.805573 0.0111362 0.827251 0.0109417
8.5 0.800445 0.0160558 0.822621 0.0155433
8.66667 0.792466 0.0130862 0.815639 0.012431
8.83333 0.782209 0.0226881 0.80638 0.0214996
9 0.771542 0.0175777 0.796983 0.0168287
9.16667 0.771542 0.0175777 0.796983 0.0168287
9.33333 0.761038 0.0190243 0.787522 0.0187944
9.5 0.74549 0.0272326 0.773697 0.0258932
9.66667 0.737511 0.0240193 0.766715 0.0227374
9.83333 0.73222 0.0236609 0.762149 0.0217584
10 0.724241 0.021884 0.755167 0.0195434
11 0.708445 0.0216837 0.741141 0.0193625
12 0.69021 0.0279145 0.7249 0.0252828
13 0.671563 0.0231282 0.708521 0.019634
14 0.626454 0.0214674 0.668718 0.0149933
15 0.587294 0.0252122 0.633821 0.020105
16 0.568725 0.0140331 0.617114 0.0116844
17 0.547716 0.0125883 0.598193 0.0145469
18 0.528984 0.0053588 0.581549 0.010631
19 0.484286 0.00437558 0.541884 0.0101766
20 0.449596 0.0145207 0.511278 0.0130531
21 0.420778 0.0142577 0.485904 0.00705623
22 0.404734 0.0207856 0.471676 0.0149394
23 0.381122 0.0171426 0.450604 0.0129201
24 0.357759 0.00596207 0.429734 0.00523145
25 0.336835 0.00175222 0.411077 0.00684574
26 0.331707 0.0045855 0.406448 0.0103306
27 0.318436 0.00870326 0.3949 0.00302853
28 0.307932 0.00373415 0.385439 0.006463
29 0.289696 0.00875359 0.369198 0.0111596
30 0.28432 0.00393043 0.364368 0.0105402
31 0.260631 0.0127568 0.343624 0.0063022
32 0.252814 0.0109399 0.336579 0.00870578
33 0.250126 0.00833281 0.334163 0.00737954
34 0.239459 0.00868946 0.324766 0.00277107
35 0.23433 0.00821408 0.320137 0.00733143
36 0.226514 0.00795932 0.313091 0.011089
37 0.226514 0.00795932 0.313091 0.011089
38 0.20559 0.0118969 0.294435 0.0155835
39 0.184667 0.0163768 0.275779 0.0201104
40 0.171474 0.016569 0.263903 0.0229449
41 0.163657 0.0206374 0.256858 0.0269321
42 0.163657 0.0206374 0.256858 0.0269321
43 0.160969 0.0199031 0.254442 0.0268605
44 0.158281 0.0195146 0.252027 0.0270055
45 0.152905 0.019838 0.247196 0.0279272
46 0.144926 0.0153808 0.240214 0.0241909
47 0.139635 0.0103701 0.235648 0.0197319
48 0.126279 0.00879393 0.223835 0.0182868
49 0.126279 0.00879393 0.223835 0.0182868
50 0.120988 0.00419684 0.219269 0.013743
51 0.11586 0.00576194 0.214639 0.0161534
52 0.105278 0.00524043 0.205507 0.00725813
53 0.0999869 0.01042 0.200941 0.00333254
54 0.0999869 0.01042 0.200941 0.00333254
55 0.0895677 0.0143294 0.191745 0.00644989
56 0.0895677 0.0143294 0.191745 0.00644989
57 0.0842767 0.019269 0.187179 0.00789226
58 0.0842767 0.019269 0.187179 0.00789226
59 0.0791485 0.0188787 0.182549 0.0106951
60 0.0738574 0.0234782 0.177983 0.0124752
70 0.0499974 0.0173574 0.15671 0.00501496
80 0.0394928 0.0121783 0.147249 0.00420222
90 0.0265482 0.0109203 0.135575 0.0123441
100 0.0157956 0.000218357 0.125913 0.0124644
110 0.0157956 0.000218357 0.125913 0.0124644
120 0.0157956 0.000218357 0.125913 0.0124644
130 0.0105045 0.00525667 0.121346 0.00794329
140 0.00781638 0.00444289 0.118931 0.00905453
150 0.00781638 0.00444289 0.118931 0.00905453
160 0.00781638 0.00444289 0.118931 0.00905453
170 0.00781638 0.00444289 0.118931 0.00905453
180 0.00512821 0.00512821 0.116516 0.0106086
190 0.00512821 0.00512821 0.116516 0.0106086
200 0.00512821 0.00512821 0.116516 0.0106086
210 0.00512821 0.00512821 0.116516 0.0106086
220 0.00512821 0.00512821 0.116516 0.0106086
230 0.00512821 0.00512821 0.116516 0.0106086
240 0.00512821 0.00512821 0.116516 0.0106086
250 0.00512821 0.00512821 0.116516 0.0106086
260 0.00512821 0.00512821 0.116516 0.0106086
270 0 0 0.111886 0.0126094
280 0 0 0.111886 0.0126094
290 0 0 0.111886 0.0126094
300 0 0 0.111886 0.0126094
310 0 0 0.111886 0.0126094
320 0 0 0.111886 0.0126094
330 0 0 0.111886 0.0126094
340 0 0 0.111886 0.0126094
350 0 0 0.111886 0.0126094
360 0.00268817 0.00268817 0.114301 0.0118161
370 0 0 0.111886 0.0126094
380 0 0 0.111886 0.0126094
390 0 0 0.111886 0.0126094
400 0 0 0.111886 0.0126094
410 0 0 0.111886 0.0126094
420 0 0 0.111886 0.0126094
430 0 0 0.111886 0.0126094
440 0 0 0.111886 0.0126094
450 0 0 0.111886 0.0126094
460 0 0 0.111886 0.0126094
470 0 0 0.111886 0.0126094
480 0 0 0.111886 0.0126094
490 0 0 0.111886 0.0126094
500 0 0 0.111886 0.0126094
510 0 0 0.111886 0.0126094
520 0 0 0.111886 0.0126094
530 0 0 0.111886 0.0126094
540 0 0 0.111886 0.0126094
550 0 0 0.111886 0.0126094
560 0 0 0.111886 0.0126094
570 0 0 0.111886 0.0126094
580 0 0 0.111886 0.0126094
590 0 0 0.111886 0.0126094
600 0 0 0.111886 0.0126094
610 0 0 0.111886 0.0126094
620 0 0 0.111886 0.0126094
630 0 0 0.111886 0.0126094
640 0 0 0.111886 0.0126094
650 0 0 0.111886 0.0126094
660 0 0 0.111886 0.0126094
670 0 0 0.111886 0.0126094
680 0 0 0.111886 0.0126094
690 0 0 0.111886 0.0126094
700 0 0 0.111886 0.0126094
710 0 0 0.111886 0.0126094
720 0 0 0.111886 0.0126094
730 0 0 0.111886 0.0126094
740 0 0 0.111886 0.0126094
750 0 0 0.111886 0.0126094
760 0 0 0.111886 0.0126094
770 0 0 0.111886 0.0126094
780 0 0 0.111886 0.0126094
790 0 0 0.111886 0.0126094
800 0 0 0.111886 0.0126094
810 0 0 0.111886 0.0126094
820 0 0 0.111886 0.0126094
830 0 0 0.111886 0.0126094
840 0 0 0.111886 0.0126094
850 0 0 0.111886 0.0126094
860 0 0 0.111886 0.0126094
870 0 0 0.111886 0.0126094
880 0 0 0.111886 0.0126094
890 0 0 0.111886 0.0126094
900 0 0 0.111886 0.0126094
910 0 0 0.111886 0.0126094
920 0 0 0.111886 0.0126094
930 0 0 0.111886 0.0126094
940 0 0 0.111886 0.0126094
950 0 0 0.111886 0.0126094
960 0 0 0.111886 0.0126094
970 0 0 0.111886 0.0126094
980 0 0 0.111886 0.0126094
990 0 0 0.111886 0.0126094
1000 0 0 0.111886 0.0126094
1010 0 0 0.111886 0.0126094
1020 0 0 0.111886 0.0126094
1030 0 0 0.111886 0.0126094
1040 0 0 0.111886 0.0126094
1050 0 0 0.111886 0.0126094
1060 0 0 0.111886 0.0126094
1070 0 0 0.111886 0.0126094
1080 0 0 0.111886 0.0126094
1090 0 0 0.111886 0.0126094
1100 0 0 0.111886 0.0126094
1110 0 0 0.111886 0.0126094
1120 0 0 0.111886 0.0126094
1130 0 0 0.111886 0.0126094
1140 0 0 0.111886 0.0126094
1150 0 0 0.111886 0.0126094
1160 0 0 0.111886 0.0126094
1170 0 0 0.111886 0.0126094
1180 0 0 0.111886 0.0126094
1190 0 0 0.111886 0.0126094
1200 0 0 0.111886 0.0126094
1210 0 0 0.111886 0.0126094
1220 0 0 0.111886 0.0126094
1230 0 0 0.111886 0.0126094
1240 0 0 0.111886 0.0126094
1250 0 0 0.111886 0.0126094
1260 0 0 0.111886 0.0126094
1270 0 0 0.111886 0.0126094
1280 0 0 0.111886 0.0126094
1290 0 0 0.111886 0.0126094
1300 0 0 0.111886 0.0126094
1310 0 0 0.111886 0.0126094
1320 0 0 0.111886 0.0126094
1330 0 0 0.111886 0.0126094
1340 0 0 0.111886 0.0126094
1350 0 0 0.111886 0.0126094
1360 0 0 0.111886 0.0126094
1370 0 0 0.111886 0.0126094
1380 0 0 0.111886 0.0126094
1390 0 0 0.111886 0.0126094
1400 0 0 0.111886 0.0126094
1410 0 0 0.111886 0.0126094
1420 0 0 0.111886 0.0126094
1430 0 0 0.111886 0.0126094
1440 0 0 0.111886 0.0126094


Time || Bleached_RelInit SEM_RelInit
1 0 0.069871
2 0 0.0748544
3 0 0.0896794
4 0.0145266 0.0898804
5 0.0345914 0.0862222
6 0.0469045 0.0814665
7 0.0571503 0.0780489
8 0.0719576 0.0770415
9 0.0866187 0.0617036
10 0.11366 0.080856
11 0.121064 0.0846887
12 0.13331 0.0812777
13 0.148184 0.0821482
14 0.155655 0.0787667
15 0.168249 0.0975486
16 0.185685 0.0843901
17 0.200773 0.075357
18 0.208244 0.0836701
19 0.227747 0.099237
20 0.23778 0.108499
21 0.247531 0.119113
22 0.267383 0.121201
23 0.274854 0.128746
24 0.272786 0.11484
25 0.277909 0.120466
26 0.290503 0.102179
27 0.312501 0.109615
28 0.315129 0.0972709
29 0.317691 0.10354
30 0.320118 0.102527
40 0.453775 0.107461
50 0.523239 0.106763
60 0.594477 0.0773661
70 0.66649 0.0822645
80 0.720866 0.113164
90 0.748188 0.107243
100 0.824841 0.100544
110 0.811686 0.0987393
120 0.817371 0.113933
130 0.876802 0.125444
140 0.898945 0.109345
150 0.87624 0.104455
160 0.905843 0.114675
170 0.926335 0.108237
180 0.951309 0.0898252
190 0.978216 0.0708971
200 0.980283 0.0688408
210 0.975654 0.0761826
220 1 0.101072
230 0.960365 0.0918524
240 0.982362 0.096444
250 0.979801 0.087037
260 0.962645 0.0850132
270 0.957601 0.0861288
280 0.967701 0.0832789
290 0.977733 0.0699128
300 0.968049 0.0788317
310 0.973172 0.0686857
320 0.935885 0.0605504
330 0.924066 0.0568085
340 0.907124 0.0543269
350 0.877442 0.0538634
360 0.875027 0.0653657
370 0.897091 0.0745796
380 0.891969 0.0746896
390 0.864646 0.076706
400 0.867208 0.0789689
410 0.845356 0.0776845
420 0.838234 0.0579434
430 0.818719 0.063107
440 0.815876 0.0503624
450 0.781431 0.0562784
460 0.773747 0.0578864
470 0.78115 0.0644188
480 0.766355 0.0684709
490 0.751548 0.0695937
500 0.731977 0.0743306
510 0.716889 0.0664644
520 0.721798 0.0636484
530 0.701734 0.0688363
540 0.660166 0.0698127
550 0.652762 0.0657527
560 0.64792 0.0601588
570 0.623147 0.0550544
630 0.603363 0.0572471
690 0.57148 0.0671696
750 0.539303 0.0689116
810 0.462571 0.0589319
870 0.388558 0.0634233
930 0.355686 0.0611091
990 0.318118 0.0634695
1050 0.282819 0.0603065
1110 0.198694 0.0596957
1170 0.133781 0.0599825
1230 0.0799665 0.0519576
1290 0.0549134 0.0612786
1350 0.0102224 0.06063
1410 0 0.0568364
1470 0 0.058645
1530 0 0.0618247
1590 0 0.0542815
1650 0 0.0584381
1710 0 0.0648675
1770 0 0.0635847
1830 0 0.0595447
1890 0 0.063596
1950 0 0.0619988
2010 0 0.057973
2070 0 0.0619098
2130 0 0.0656067
2190 0 0.0656067
2250 0 0.0714167
2310 0 0.0780002
2370 0 0.0811404
2430 0 0.0869856
2490 0 0.0869856
2550 0 0.0860706
2610 0 0.0858778
2670 0 0.0794949
2730 0 0.0736274
2790 0 0.0676156
2850 0 0.0647573
2910 0 0.0656844
2970 0 0.0607587
3030 0 0.0639348
3090 0 0.0566972
3150 0 0.0534062
3210 0 0.0534062
3270 0 0.0547301
3330 0 0.0547301
3390 0 0.0567041
3450 0 0.0567041
3510 0 0.0576954
3570 0 0.0603425
4170 0 0.0582482
4770 0 0.0603764
5370 0 0.0618548
5970 0 0.0605487
6570 0 0.0618857
7170 0 0.0634183
7770 0 0.0630691
8370 0 0.0628607
8970 0 0.0641495
9570 0 0.0641495
10170 0 0.0641495
10770 0 0.0639446
11370 0 0.0639446
11970 0 0.0639446
12570 0 0.0639446
13170 0 0.0639446
13770 0 0.0639446
14370 0 0.0639446
14970 0 0.0639446
15570 0 0.0662894
16170 0 0.0655582
16770 0 0.0655582
17370 0 0.0655582
17970 0 0.0655582
18570 0 0.0655582
19170 0 0.0655582
19770 0 0.0655582
20370 0 0.0655582
20970 0 0.0655582
21570 0 0.068601
22170 0 0.0655582
22770 0 0.0655582
23370 0 0.0655582
23970 0 0.0655582
24570 0 0.0655582
25170 0 0.0655582
25770 0 0.0655582
26370 0 0.0655582
26970 0 0.0655582
27570 0 0.0655582
28170 0 0.0655582
28770 0 0.0655582
29370 0 0.0655582
29970 0 0.0655582
30570 0 0.0655582
31170 0 0.0655582
31770 0 0.0655582
32370 0 0.0655582
32970 0 0.0655582
33570 0 0.0655582
34170 0 0.0655582
34770 0 0.0655582
35370 0 0.0655582
35970 0 0.0655582
36570 0 0.0655582
37170 0 0.0655582
37770 0 0.0655582
38370 0 0.0655582
38970 0 0.0655582
39570 0 0.0655582
40170 0 0.0655582
40770 0 0.0655582
41370 0 0.0655582
41970 0 0.0655582
42570 0 0.0655582
43170 0 0.0655582
43770 0 0.0655582
44370 0 0.0655582
44970 0 0.0655582
45570 0 0.0655582
46170 0 0.0655582
46770 0 0.0655582
47370 0 0.0655582
47970 0 0.0655582
48570 0 0.0655582
49170 0 0.0655582
49770 0 0.0655582
50370 0 0.0655582
50970 0 0.0655582
51570 0 0.0655582
52170 0 0.0655582
52770 0 0.0655582
53370 0 0.0655582
53970 0 0.0655582
54570 0 0.0655582
55170 0 0.0655582
55770 0 0.0655582
56370 0 0.0655582
56970 0 0.0655582
57570 0 0.0655582
58170 0 0.0655582
58770 0 0.0655582
59370 0 0.0655582
59970 0 0.0655582
60570 0 0.0655582
61170 0 0.0655582
61770 0 0.0655582
62370 0 0.0655582
62970 0 0.0655582
63570 0 0.0655582
64170 0 0.0655582
64770 0 0.0655582
65370 0 0.0655582
65970 0 0.0655582
66570 0 0.0655582
67170 0 0.0655582
67770 0 0.0655582
68370 0 0.0655582
68970 0 0.0655582
69570 0 0.0655582
70170 0 0.0655582
70770 0 0.0655582
71370 0 0.0655582
71970 0 0.0655582
72570 0 0.0655582
73170 0 0.0655582
73770 0 0.0655582
74370 0 0.0531355
74970 0 0.0655582
75570 0 0.0655582
76170 0 0.0655582
76770 0 0.0655582
77370 0 0.0655582
77970 0 0.0655582
78570 0 0.0655582
79170 0 0.0655582
79770 0 0.0655582
80370 0 0.0655582
80970 0 0.0655582
81570 0 0.0655582
82170 0 0.0655582
82770 0 0.0655582
83370 0 0.0655582
83970 0 0.0655582
84570 0 0.0655582
85170 0 0.0655582
85770 0 0.0655582
86370 0 0.0655582


Original_Seperation_of_Misrepair
# Separation (nm) | Normalised Frequency
2.6 0.333333
5.2 0.166667
7.8 1


Time_of_Misrepair_Interactions
# Time of Interaction (s) | Normalised Frequency
1 0.25
2.00001 0.25
3.00001 0.25
4.00002 1
5.00002 0.25
6.00003 0.25
71.0003 0.25
120.001 0.25
121.001 0.25
141.001 0.25
158.001 0.25
229.001 0.25
263.001 0.25
289.001 0.5
459.002 0.25
801.004 0.25
883.004 0.25
1279.01 0.25
1292.01 0.25
1355.01 0.25
5585.03 0.25
5599.03 0.25


MSD_of_DSB
# Time (s) | MSD


Displacement_at_End
# Displacement (nm) | Normalised Frequency
845 0.25
920.4 0.25
964.6 0.5
1060.8 0.5
1253.2 0.5
1404 0.5
1489.8 0.5
1534 0.5
1614.6 0.5
1778.4 0.5
1853.8 0.5
1895.4 0.5
1999.4 0.5
2022.8 0.5
2059.2 0.5
2093 0.5
2176.2 0.5
2262 0.5
2280.2 0.5
2319.2 0.5
2342.6 0.5
2347.8 0.5
2550.6 0.5
2615.6 0.5
2626 0.5
2670.2 0.5
2672.8 0.5
2727.4 0.5
2732.6 0.5
2813.2 0.5
2821 0.5
2828.8 0.5
2849.6 0.5
2927.6 0.5
2932.8 0.5
2979.6 0.5
3000.4 0.5
3010.8 0.5
3034.2 0.5
3036.8 0.5
3133 0.5
3185 1
3195.4 0.25
3244.8 0.5
3257.8 0.75
3286.4 0.5
3304.6 0.5
3312.4 0.5
3346.2 0.25
3364.4 0.25
3424.2 0.25
3442.4 0.5
3468.4 0.5
3525.6 0.5
3536 0.5
3546.4 0.25
3549 0.5
3551.6 0.25
3575 0.25
3577.6 0.25
3582.8 0.5
3598.4 0.5
3603.6 0.5
3608.8 0.5
3616.6 0.25
3624.4 0.25
3647.8 0.5
3676.4 0.5
3679 0.25
3728.4 0.5
3764.8 1
3767.4 0.5
3790.8 0.5
3850.6 0.5
3879.2 0.5
3889.6 1
3897.4 0.5
3900 0.5
3910.4 0.5
3949.4 0.5
3952 0.5
3954.6 0.5
4037.8 0.5
4040.4 0.5
4063.8 0.5
4074.2 0.5
4076.8 0.5
4079.4 0.5
4084.6 0.5
4100.2 0.5
4118.4 0.5
4162.6 0.5
4183.4 0.5
4199 0.5
4204.2 0.5
4222.4 0.25
4238 0.5
4253.6 0.5
4271.8 0.5
4303 0.5
4313.4 0.5
4357.6 0.5
4381 0.5
4383.6 0.5
4386.2 0.5
4417.4 0.5
4427.8 1
4448.6 0.25
4461.6 0.5
4508.4 0.5
4513.6 0.25
4529.2 0.25
4555.2 0.5
4563 0.5
4568.2 1
4573.4 0.5
4625.4 0.5
4633.2 0.5
4635.8 0.5
4664.4 0.5
4752.8 0.5
4763.2 0.5
4773.6 1
4776.2 0.5
4781.4 0.5
4820.4 0.5
4841.2 0.5
4843.8 0.5
4862 0.5
4888 0.5
4890.6 0.5
4901 0.5
4929.6 0.75
4932.2 0.5
4937.4 0.25
4953 0.5
4968.6 0.5
4973.8 0.5
4981.6 0.25
5031 0.5
5038.8 0.5
5041.4 0.5
5051.8 0.75
5093.4 0.25
5106.4 0.5
5109 0.5
5140.2 0.25
5153.2 0.75
5184.4 0.5
5187 0.5
5218.2 0.75
5236.4 0.5
5249.4 0.5
5254.6 0.5
5272.8 0.5
5291 0.75
5296.2 0.25
5306.6 0.25
5322.2 0.25
5348.2 0.5
5353.4 0.25
5366.4 0.5
5379.4 0.5
5397.6 0.25
5421 0.5
5436.6 0.25
5447 0.25
5478.2 0.25
5493.8 0.5
5514.6 0.25
5535.4 0.25
5558.8 0.5
5566.6 0.25
5571.8 0.5
5577 0.5
5579.6 0.25
5582.2 0.25
5605.6 0.5
5608.2 0.5
5618.6 0.25
5639.4 0.5
5722.6 0.5
5725.2 0.25
5735.6 0.5
5746 0.25
5753.8 0.5
5772 0.5
5777.2 0.25
5785 0.5
5790.2 0.5
5800.6 0.5
5813.6 0.5
5826.6 0.5
5842.2 0.5
5863 0.5
5881.2 0.25
5896.8 0.5
5912.4 0.25
5915 0.25
5925.4 0.5
5933.2 0.5
5941 0.5
5959.2 0.5
5961.8 0.5
5967 0.5
6032 0.5
6065.8 0.5
6073.6 0.5
6078.8 0.25
6084 0.75
6136 0.5
6138.6 0.5
6221.8 0.5
6232.2 0.5
6240 0.25
6276.4 0.25
6289.4 0.5
6349.2 0.5
6357 0.5
6396 0.25
6416.8 0.5
6437.6 1


Displacement_of_ResidualEnds
845 1
920.4 1
3195.4 1
3257.8 1
3346.2 1
3364.4 1
3424.2 1
3616.6 1
3624.4 1
3679 1
4222.4 1
4448.6 1
4513.6 1
4529.2 1
4929.6 1
4937.4 1
4981.6 1
5051.8 1
5093.4 1
5140.2 1
5153.2 1
5218.2 1
5306.6 1
5322.2 1
5353.4 1
5397.6 1
5436.6 1
5447 1
5478.2 1
5514.6 1
5535.4 1
5566.6 1
5579.6 1
5582.2 1
5618.6 1
5725.2 1
5746 1
5777.2 1
5881.2 1
6240 1
6276.4 1
6396 1


Displacement_of_ResidualSyn


