#Time	DSBEnd	DSBEnd_Inhibited	DSBEnd_Ku	DSBEnd_PKcs	DSBSynaptic	DSBSynaptic_Stable	DSB_Fixed	Unrepaired
0	144	0	0	0	0	0	0	144
1	25	67	35	15	1	0	0	144
2	16	60	26	28	7	0	0	144
3	13	51	12	38	15	0	0	144
4	6	47	15	40	18	0	0	144
5	8	40	11	43	21	0	0	144
6	8	37	7	38	27	0	0	144
7	4	37	3	34	33	0	0	144
8	10	28	3	35	34	0	0	144
9	4	26	6	30	39	0	0	144
10	3	25	3	27	43	0	0	144
11	4	23	1	26	45	0	0	144
12	6	21	1	26	45	0	0	144
13	4	23	1	26	45	0	0	144
14	4	22	3	25	45	0	0	144
15	3	23	0	26	46	0	0	144
16	2	21	3	26	46	0	0	144
17	3	18	2	23	49	0	0	144
18	3	19	0	22	48	2	0	144
19	0	20	0	22	49	2	0	144
20	4	16	0	22	49	2	0	144
21	3	14	3	24	48	2	0	144
22	1	14	4	21	50	2	0	144
23	2	11	3	18	53	2	0	144
24	3	11	4	16	53	2	0	144
25	2	11	3	16	54	2	0	144
26	0	12	1	15	56	2	0	144
27	1	10	2	15	56	2	0	144
28	1	10	1	14	57	2	0	144
29	1	10	0	13	58	2	0	144
30	1	10	0	13	58	2	0	144
31	1	14	2	13	55	2	0	144
32	3	14	0	13	55	2	0	144
33	6	11	2	11	55	2	0	144
34	4	11	2	13	54	3	0	144
35	3	11	1	15	54	3	0	144
36	1	13	0	16	54	3	0	144
37	1	13	0	16	54	3	0	144
38	1	12	1	16	54	3	0	144
39	1	9	2	16	53	5	0	144
40	0	9	0	15	55	5	0	144
41	1	8	0	15	55	5	0	144
42	0	9	0	15	53	7	0	144
43	0	6	2	14	54	7	0	144
44	2	6	1	15	53	7	0	144
45	0	7	1	14	54	7	0	144
46	1	6	0	15	54	7	0	144
47	5	4	0	15	52	8	0	144
48	1	7	2	14	51	9	0	144
49	0	8	0	16	50	10	0	144
50	0	6	1	15	51	10	0	144
51	2	6	0	14	51	10	0	144
52	0	6	1	17	50	10	0	144
53	0	7	1	16	50	10	0	144
54	3	6	0	17	49	10	0	144
55	3	5	1	17	49	10	0	144
56	3	4	1	16	49	11	0	144
57	2	4	1	15	50	11	0	144
58	1	5	0	16	50	11	0	144
59	1	5	0	16	50	11	0	144
60	2	7	1	16	48	11	0	144
70	3	2	2	15	50	11	0	144
80	1	4	0	11	51	13	0	144
90	0	3	0	15	47	16	0	144
100	1	2	0	15	45	18	0	144
110	0	2	1	13	45	19	0	144
120	2	2	1	15	39	23	0	144
130	0	2	0	16	37	26	0	144
140	0	1	0	15	36	27	1	142
150	1	2	0	15	35	27	1	142
160	0	0	0	14	37	27	1	142
170	1	3	0	14	32	30	1	142
180	1	5	1	17	29	30	1	142
190	0	3	0	19	29	31	1	142
200	0	1	2	19	29	31	1	142
210	0	1	1	20	26	34	1	142
220	0	0	0	18	26	36	1	142
230	0	1	0	21	23	37	1	142
240	0	2	0	22	22	37	1	142
250	0	0	0	20	22	39	1	142
260	2	2	1	21	17	41	1	142
270	0	4	0	24	14	42	2	140
280	0	1	1	22	16	41	3	138
290	1	1	1	21	16	41	3	138
300	0	4	0	22	14	41	4	136
310	0	2	0	20	15	42	4	136
320	0	1	0	21	14	43	4	136
330	0	0	1	23	12	44	4	136
340	0	1	0	23	12	44	4	136
350	0	1	0	23	12	42	6	132
360	1	0	0	21	12	42	7	130
370	0	3	0	21	11	42	7	130
380	0	2	0	22	11	41	8	128
390	0	2	0	24	10	40	9	126
400	0	0	0	22	12	40	9	126
410	0	0	0	22	12	40	9	126
420	0	0	0	22	12	38	11	122
430	0	0	0	22	12	38	11	122
440	0	2	0	22	10	38	12	120
450	1	1	0	22	8	40	12	120
460	0	0	0	24	8	40	12	120
470	0	0	0	24	7	41	12	120
480	0	0	0	24	7	39	14	116
490	0	0	0	24	7	39	14	116
500	0	0	0	24	7	39	14	116
510	1	1	0	24	6	38	15	114
520	1	1	0	24	6	38	15	114
530	0	1	0	25	4	38	17	110
540	0	1	0	25	4	38	17	110
550	0	0	0	24	5	38	17	110
560	0	0	0	24	5	37	18	108
570	0	0	0	22	5	36	20	104
580	0	0	0	22	5	36	20	104
590	0	0	0	22	5	36	20	104
600	0	0	0	22	4	37	20	104
660	0	0	0	22	3	37	21	102
720	0	0	0	22	1	37	23	98
780	0	0	0	22	1	37	23	98
840	0	0	0	22	1	36	24	96
900	0	0	0	22	1	32	28	88
960	0	0	0	22	1	31	29	86
1020	0	0	0	22	0	30	31	82
1080	0	0	0	22	0	30	31	82
1140	0	0	0	22	0	27	34	76
1200	0	0	0	22	0	27	34	76
1260	0	0	0	22	0	25	36	72
1320	0	0	0	22	0	25	36	72
1380	0	0	0	22	0	23	38	68
1440	0	0	0	22	0	20	41	62
1500	0	0	0	22	0	18	43	58
1560	0	0	0	22	0	17	44	56
1620	0	0	0	22	0	17	44	56
1680	0	0	0	22	0	16	45	54
1740	0	0	0	22	0	14	47	50
1800	0	0	0	22	0	14	47	50
1860	0	0	0	22	0	13	48	48
1920	0	0	0	22	0	12	49	46
1980	0	0	0	22	0	12	49	46
2040	0	0	0	22	0	12	49	46
2100	0	0	0	22	0	11	50	44
2160	0	0	0	22	0	10	51	42
2220	0	0	0	22	0	10	51	42
2280	0	0	0	22	0	8	53	38
2340	0	0	0	22	0	6	55	34
2400	0	0	0	22	0	5	56	32
2460	0	0	0	20	1	4	57	30
2520	0	0	0	20	1	4	57	30
2580	1	0	0	21	0	4	57	30
2640	0	0	0	20	1	4	57	30
2700	0	0	0	20	0	5	57	30
2760	0	0	0	20	0	5	57	30
2820	0	0	0	20	0	5	57	30
2880	0	0	0	20	0	5	57	30
2940	0	0	0	18	1	5	57	30
3000	0	0	0	18	1	5	57	30
3060	0	0	0	18	1	4	58	28
3120	0	0	0	18	1	4	58	28
3180	0	0	0	18	0	5	58	28
3240	0	0	0	18	0	5	58	28
3300	0	0	0	18	0	4	59	26
3360	0	0	0	18	0	4	59	26
3420	0	0	0	18	0	4	59	26
3480	0	0	0	18	0	4	59	26
3540	0	0	0	18	0	3	60	24
3600	0	0	0	18	0	3	60	24
4200	0	0	0	16	0	3	61	22
4800	0	0	0	16	0	2	62	20
5400	0	0	0	16	0	0	64	16
6000	0	0	0	16	0	0	64	16
6600	0	0	0	16	0	0	64	16
7200	0	0	0	16	0	0	64	16
7800	0	0	0	16	0	0	64	16
8400	0	0	0	16	0	0	64	16
9000	0	0	0	16	0	0	64	16
9600	0	0	0	16	0	0	64	16
10200	0	0	0	16	0	0	64	16
10800	0	0	0	16	0	0	64	16
11400	0	0	0	16	0	0	64	16
12000	0	0	0	16	0	0	64	16
12600	0	0	0	16	0	0	64	16
13200	0	0	0	16	0	0	64	16
13800	0	0	0	16	0	0	64	16
14400	0	0	0	16	0	0	64	16
15000	0	0	0	16	0	0	64	16
15600	0	0	0	14	0	1	64	16
16200	0	0	0	14	0	0	65	14
16800	0	0	0	14	0	0	65	14
17400	0	0	0	14	0	0	65	14
18000	0	0	0	14	0	0	65	14
18600	0	0	0	14	0	0	65	14
19200	0	0	0	14	0	0	65	14
19800	0	0	0	14	0	0	65	14
20400	0	0	0	14	0	0	65	14
21000	0	0	0	14	0	0	65	14
21600	0	0	0	14	0	0	65	14
22200	0	0	0	14	0	0	65	14
22800	0	0	0	14	0	0	65	14
23400	0	0	0	14	0	0	65	14
24000	0	0	0	14	0	0	65	14
24600	0	0	0	14	0	0	65	14
25200	0	0	0	14	0	0	65	14
25800	0	0	0	14	0	0	65	14
26400	0	0	0	14	0	0	65	14
27000	0	0	0	14	0	0	65	14
27600	0	0	0	14	0	0	65	14
28200	0	0	0	14	0	0	65	14
28800	0	0	0	14	0	0	65	14
29400	0	0	0	14	0	0	65	14
30000	0	0	0	14	0	0	65	14
30600	0	0	0	14	0	0	65	14
31200	0	0	0	14	0	0	65	14
31800	0	0	0	14	0	0	65	14
32400	0	0	0	14	0	0	65	14
33000	0	0	0	14	0	0	65	14
33600	0	0	0	14	0	0	65	14
34200	0	0	0	14	0	0	65	14
34800	0	0	0	14	0	0	65	14
35400	0	0	0	14	0	0	65	14
36000	0	0	0	14	0	0	65	14
36600	0	0	0	14	0	0	65	14
37200	0	0	0	14	0	0	65	14
37800	0	0	0	14	0	0	65	14
38400	0	0	0	14	0	0	65	14
39000	0	0	0	14	0	0	65	14
39600	0	0	0	14	0	0	65	14
40200	0	0	0	14	0	0	65	14
40800	0	0	0	14	0	0	65	14
41400	0	0	0	14	0	0	65	14
42000	0	0	0	14	0	0	65	14
42600	0	0	0	14	0	0	65	14
43200	0	0	0	14	0	0	65	14
43800	0	0	0	14	0	0	65	14
44400	0	0	0	14	0	0	65	14
45000	0	0	0	14	0	0	65	14
45600	0	0	0	14	0	0	65	14
46200	0	0	0	14	0	0	65	14
46800	0	0	0	14	0	0	65	14
47400	0	0	0	14	0	0	65	14
48000	0	0	0	14	0	0	65	14
48600	0	0	0	14	0	0	65	14
49200	0	0	0	14	0	0	65	14
49800	0	0	0	14	0	0	65	14
50400	0	0	0	14	0	0	65	14
51000	0	0	0	14	0	0	65	14
51600	0	0	0	14	0	0	65	14
52200	0	0	0	14	0	0	65	14
52800	0	0	0	14	0	0	65	14
53400	0	0	0	14	0	0	65	14
54000	0	0	0	14	0	0	65	14
54600	0	0	0	14	0	0	65	14
55200	0	0	0	14	0	0	65	14
55800	0	0	0	14	0	0	65	14
56400	0	0	0	14	0	0	65	14
57000	0	0	0	14	0	0	65	14
57600	0	0	0	14	0	0	65	14
58200	0	0	0	14	0	0	65	14
58800	0	0	0	14	0	0	65	14
59400	0	0	0	14	0	0	65	14
60000	0	0	0	14	0	0	65	14
60600	0	0	0	14	0	0	65	14
61200	0	0	0	14	0	0	65	14
61800	0	0	0	14	0	0	65	14
62400	0	0	0	14	0	0	65	14
63000	0	0	0	14	0	0	65	14
63600	0	0	0	14	0	0	65	14
64200	0	0	0	14	0	0	65	14
64800	0	0	0	14	0	0	65	14
65400	0	0	0	14	0	0	65	14
66000	0	0	0	14	0	0	65	14
66600	0	0	0	14	0	0	65	14
67200	0	0	0	14	0	0	65	14
67800	0	0	0	14	0	0	65	14
68400	0	0	0	14	0	0	65	14
69000	0	0	0	14	0	0	65	14
69600	0	0	0	14	0	0	65	14
70200	0	0	0	14	0	0	65	14
70800	0	0	0	14	0	0	65	14
71400	0	0	0	14	0	0	65	14
72000	0	0	0	14	0	0	65	14
72600	0	0	0	14	0	0	65	14
73200	0	0	0	14	0	0	65	14
73800	0	0	0	14	0	0	65	14
74400	0	0	0	14	0	0	65	14
75000	0	0	0	14	0	0	65	14
75600	0	0	0	14	0	0	65	14
76200	0	0	0	14	0	0	65	14
76800	0	0	0	14	0	0	65	14
77400	0	0	0	14	0	0	65	14
78000	0	0	0	14	0	0	65	14
78600	0	0	0	14	0	0	65	14
79200	0	0	0	14	0	0	65	14
79800	0	0	0	14	0	0	65	14
80400	0	0	0	14	0	0	65	14
81000	0	0	0	14	0	0	65	14
81600	0	0	0	14	0	0	65	14
82200	0	0	0	14	0	0	65	14
82800	0	0	0	14	0	0	65	14
83400	0	0	0	14	0	0	65	14
84000	0	0	0	14	0	0	65	14
84600	0	0	0	14	0	0	65	14
85200	0	0	0	14	0	0	65	14
85800	0	0	0	14	0	0	65	14
86400	0	0	0	14	0	0	65	14


#Time	DSBEnd	DSBEnd_Inhibited	DSBEnd_Ku	DSBEnd_PKcs	DSBSynaptic	DSBSynaptic_Stable	DSB_Fixed	Unrepaired
0	146	0	0	0	0	0	0	146
1	25	64	36	17	2	0	0	146
2	6	64	31	29	8	0	0	146
3	10	56	19	35	13	0	0	146
4	8	49	11	32	23	0	0	146
5	5	49	7	33	26	0	0	146
6	5	46	1	26	34	0	0	146
7	5	44	1	24	36	0	0	146
8	7	38	4	25	36	0	0	146
9	6	35	7	26	36	0	0	146
10	2	33	11	28	36	0	0	146
11	6	30	8	28	37	0	0	146
12	3	28	10	27	39	0	0	146
13	3	24	9	30	40	0	0	146
14	2	22	5	25	46	0	0	146
15	2	18	5	25	48	0	0	146
16	3	17	2	24	49	1	0	146
17	1	14	5	26	49	1	0	146
18	2	12	2	24	52	1	0	146
19	7	10	0	21	53	1	0	146
20	4	7	6	21	52	2	0	146
21	2	6	7	19	53	3	0	146
22	0	7	5	16	56	3	0	146
23	0	7	1	16	58	3	0	146
24	0	7	1	16	58	3	0	146
25	2	5	1	16	58	3	0	146
26	2	5	0	17	57	4	0	146
27	1	5	0	16	58	4	0	146
28	3	5	1	17	56	4	0	146
29	2	7	1	16	55	5	0	146
30	1	9	1	17	54	5	0	146
31	1	8	1	16	55	5	0	146
32	3	8	2	17	53	5	0	146
33	0	9	0	15	55	6	0	146
34	2	7	0	15	54	7	0	146
35	2	8	1	15	53	7	0	146
36	1	9	0	16	53	7	0	146
37	0	7	3	16	52	8	0	146
38	2	7	1	16	52	8	0	146
39	1	8	2	17	51	8	0	146
40	3	5	2	16	52	8	0	146
41	0	8	1	15	53	8	0	146
42	2	7	1	14	53	8	0	146
43	1	8	0	15	53	8	0	146
44	1	8	0	15	53	8	0	146
45	0	8	1	15	53	8	0	146
46	3	4	1	16	53	8	0	146
47	1	5	1	15	54	8	0	146
48	0	5	2	15	54	8	0	146
49	1	4	0	15	55	8	0	146
50	1	4	0	15	55	8	0	146
51	1	5	0	14	55	8	0	146
52	1	5	0	14	55	8	0	146
53	1	4	1	14	55	8	0	146
54	2	4	1	15	53	9	0	146
55	0	5	2	15	53	9	0	146
56	1	5	3	15	51	10	0	146
57	3	5	0	14	52	10	0	146
58	1	7	1	15	51	10	0	146
59	1	6	2	15	51	10	0	146
60	1	6	0	15	52	10	0	146
70	1	0	1	20	52	10	0	146
80	0	2	2	18	46	16	0	146
90	0	4	0	22	43	17	0	146
100	1	3	1	21	40	20	0	146
110	1	2	0	21	37	24	0	146
120	1	4	2	23	31	26	1	144
130	1	1	1	23	31	28	1	144
140	0	0	1	21	30	30	2	142
150	0	0	3	21	27	32	2	142
160	0	2	0	22	26	33	2	142
170	0	0	0	20	25	36	2	142
180	0	1	1	20	24	36	2	142
190	0	0	1	21	22	38	2	142
200	0	1	0	21	22	37	3	140
210	0	3	0	21	21	37	3	140
220	0	2	0	22	21	37	3	140
230	0	0	1	21	21	38	3	140
240	1	2	1	22	17	40	3	140
250	0	1	0	21	17	42	3	140
260	0	1	2	23	15	42	3	140
270	0	0	0	22	17	42	3	140
280	0	0	0	22	16	43	3	140
290	1	1	0	24	13	44	3	140
300	0	0	0	22	14	45	3	140
310	0	1	0	23	13	45	3	140
320	0	0	1	23	13	45	3	140
330	0	1	0	23	12	45	4	138
340	0	1	0	23	12	45	4	138
350	0	0	0	22	12	45	5	136
360	0	2	0	22	11	45	5	136
370	2	0	0	22	11	44	6	134
380	0	2	1	23	10	43	7	132
390	0	2	0	22	9	45	7	132
400	0	0	0	22	9	46	7	132
410	0	0	0	22	9	46	7	132
420	0	0	0	22	9	45	8	130
430	0	0	0	22	9	45	8	130
440	0	0	0	22	8	45	9	128
450	0	0	0	22	8	44	10	126
460	0	2	1	25	5	43	11	124
470	0	2	0	24	6	43	11	124
480	0	2	0	22	7	42	12	122
490	0	2	0	22	6	43	12	122
500	0	1	0	23	5	44	12	122
510	0	0	0	22	6	44	12	122
520	0	0	0	22	5	44	13	120
530	0	0	1	23	4	44	13	120
540	0	0	0	22	5	43	14	118
550	0	0	0	22	5	43	14	118
560	0	0	0	22	5	43	14	118
570	0	2	0	22	4	42	15	116
580	0	0	1	23	4	41	16	114
590	0	0	0	22	5	40	17	112
600	0	1	0	23	4	39	18	110
660	0	0	0	20	4	40	19	108
720	0	0	0	20	4	39	20	106
780	0	0	0	20	4	37	22	102
840	0	0	0	20	2	35	26	94
900	0	0	0	20	1	34	28	90
960	0	0	0	20	0	35	28	90
1020	0	0	0	20	0	35	28	90
1080	0	0	0	20	0	34	29	88
1140	0	0	0	20	0	31	32	82
1200	0	0	0	20	0	28	35	76
1260	0	0	0	20	0	25	38	70
1320	0	0	0	20	0	24	39	68
1380	0	0	0	20	0	23	40	66
1440	0	0	0	20	0	22	41	64
1500	0	0	0	20	0	21	42	62
1560	0	0	0	20	0	21	42	62
1620	0	0	0	20	0	19	44	58
1680	0	0	0	20	0	19	44	58
1740	0	0	0	20	0	18	45	56
1800	0	0	0	20	0	18	45	56
1860	0	0	0	20	0	15	48	50
1920	0	0	0	20	0	15	48	50
1980	0	0	0	20	0	15	48	50
2040	0	0	0	20	0	14	49	48
2100	0	0	0	20	0	14	49	48
2160	0	0	0	20	0	14	49	48
2220	0	0	0	20	0	14	49	48
2280	0	0	0	20	0	13	50	46
2340	0	0	0	20	0	12	51	44
2400	0	0	0	20	0	12	51	44
2460	0	0	0	20	0	12	51	44
2520	0	0	0	20	0	12	51	44
2580	0	0	0	20	0	12	51	44
2640	0	0	0	20	0	12	51	44
2700	0	0	0	20	0	12	51	44
2760	0	0	0	20	0	11	52	42
2820	0	0	0	20	0	10	53	40
2880	0	0	0	20	0	9	54	38
2940	0	0	0	20	0	9	54	38
3000	0	0	0	20	0	8	55	36
3060	0	0	0	20	0	8	55	36
3120	0	0	0	20	0	6	57	32
3180	0	0	0	20	0	5	58	30
3240	0	0	0	20	0	5	58	30
3300	0	0	0	20	0	4	59	28
3360	0	0	0	20	0	4	59	28
3420	0	0	0	20	0	3	60	26
3480	0	0	0	20	0	3	60	26
3540	0	0	0	20	0	3	60	26
3600	0	0	0	20	0	2	61	24
4200	0	0	0	20	0	1	62	22
4800	0	0	0	20	0	1	62	22
5400	0	0	0	20	0	1	62	22
6000	0	0	0	20	0	1	62	22
6600	0	0	0	20	0	1	62	22
7200	0	0	0	20	0	1	62	22
7800	0	0	0	20	0	0	63	20
8400	0	0	0	20	0	0	63	20
9000	0	0	0	20	0	0	63	20
9600	0	0	0	20	0	0	63	20
10200	0	0	0	20	0	0	63	20
10800	0	0	0	20	0	0	63	20
11400	0	0	0	20	0	0	63	20
12000	0	0	0	20	0	0	63	20
12600	0	0	0	20	0	0	63	20
13200	0	0	0	20	0	0	63	20
13800	0	0	0	20	0	0	63	20
14400	0	0	0	20	0	0	63	20
15000	0	0	0	20	0	0	63	20
15600	0	0	0	20	0	0	63	20
16200	0	0	0	20	0	0	63	20
16800	0	0	0	20	0	0	63	20
17400	0	0	0	20	0	0	63	20
18000	0	0	0	20	0	0	63	20
18600	0	0	0	20	0	0	63	20
19200	0	0	0	20	0	0	63	20
19800	0	0	0	20	0	0	63	20
20400	0	0	0	20	0	0	63	20
21000	0	0	0	20	0	0	63	20
21600	0	0	0	20	0	0	63	20
22200	0	0	0	20	0	0	63	20
22800	0	0	0	20	0	0	63	20
23400	0	0	0	20	0	0	63	20
24000	0	0	0	20	0	0	63	20
24600	0	0	0	20	0	0	63	20
25200	0	0	0	20	0	0	63	20
25800	0	0	0	20	0	0	63	20
26400	0	0	0	20	0	0	63	20
27000	0	0	0	20	0	0	63	20
27600	0	0	0	20	0	0	63	20
28200	0	0	0	20	0	0	63	20
28800	0	0	0	20	0	0	63	20
29400	0	0	0	20	0	0	63	20
30000	0	0	0	20	0	0	63	20
30600	0	0	0	20	0	0	63	20
31200	0	0	0	20	0	0	63	20
31800	0	0	0	20	0	0	63	20
32400	0	0	0	20	0	0	63	20
33000	0	0	0	20	0	0	63	20
33600	0	0	0	20	0	0	63	20
34200	0	0	0	20	0	0	63	20
34800	0	0	0	20	0	0	63	20
35400	0	0	0	20	0	0	63	20
36000	0	0	0	20	0	0	63	20
36600	0	0	0	20	0	0	63	20
37200	0	0	0	20	0	0	63	20
37800	0	0	0	20	0	0	63	20
38400	0	0	0	20	0	0	63	20
39000	0	0	0	20	0	0	63	20
39600	0	0	0	20	0	0	63	20
40200	0	0	0	20	0	0	63	20
40800	0	0	0	20	0	0	63	20
41400	0	0	0	20	0	0	63	20
42000	0	0	0	20	0	0	63	20
42600	0	0	0	20	0	0	63	20
43200	0	0	0	20	0	0	63	20
43800	0	0	0	20	0	0	63	20
44400	0	0	0	20	0	0	63	20
45000	0	0	0	20	0	0	63	20
45600	0	0	0	20	0	0	63	20
46200	0	0	0	20	0	0	63	20
46800	0	0	0	20	0	0	63	20
47400	0	0	0	20	0	0	63	20
48000	0	0	0	20	0	0	63	20
48600	0	0	0	20	0	0	63	20
49200	0	0	0	20	0	0	63	20
49800	0	0	0	20	0	0	63	20
50400	0	0	0	20	0	0	63	20
51000	0	0	0	20	0	0	63	20
51600	0	0	0	20	0	0	63	20
52200	0	0	0	20	0	0	63	20
52800	0	0	0	20	0	0	63	20
53400	0	0	0	20	0	0	63	20
54000	0	0	0	20	0	0	63	20
54600	0	0	0	20	0	0	63	20
55200	0	0	0	20	0	0	63	20
55800	0	0	0	20	0	0	63	20
56400	0	0	0	20	0	0	63	20
57000	0	0	0	20	0	0	63	20
57600	0	0	0	20	0	0	63	20
58200	0	0	0	20	0	0	63	20
58800	0	0	0	20	0	0	63	20
59400	0	0	0	20	0	0	63	20
60000	0	0	0	20	0	0	63	20
60600	0	0	0	20	0	0	63	20
61200	0	0	0	20	0	0	63	20
61800	0	0	0	20	0	0	63	20
62400	0	0	0	20	0	0	63	20
63000	0	0	0	20	0	0	63	20
63600	0	0	0	20	0	0	63	20
64200	0	0	0	20	0	0	63	20
64800	0	0	0	20	0	0	63	20
65400	0	0	0	20	0	0	63	20
66000	0	0	0	20	0	0	63	20
66600	0	0	0	20	0	0	63	20
67200	0	0	0	20	0	0	63	20
67800	0	0	0	20	0	0	63	20
68400	0	0	0	20	0	0	63	20
69000	0	0	0	20	0	0	63	20
69600	0	0	0	20	0	0	63	20
70200	0	0	0	20	0	0	63	20
70800	0	0	0	20	0	0	63	20
71400	0	0	0	20	0	0	63	20
72000	0	0	0	20	0	0	63	20
72600	0	0	0	20	0	0	63	20
73200	0	0	0	20	0	0	63	20
73800	0	0	0	20	0	0	63	20
74400	0	0	0	18	0	0	63	20
75000	0	0	0	20	0	0	63	20
75600	0	0	0	20	0	0	63	20
76200	0	0	0	20	0	0	63	20
76800	0	0	0	20	0	0	63	20
77400	0	0	0	20	0	0	63	20
78000	0	0	0	20	0	0	63	20
78600	0	0	0	20	0	0	63	20
79200	0	0	0	20	0	0	63	20
79800	0	0	0	20	0	0	63	20
80400	0	0	0	20	0	0	63	20
81000	0	0	0	20	0	0	63	20
81600	0	0	0	20	0	0	63	20
82200	0	0	0	20	0	0	63	20
82800	0	0	0	20	0	0	63	20
83400	0	0	0	20	0	0	63	20
84000	0	0	0	20	0	0	63	20
84600	0	0	0	20	0	0	63	20
85200	0	0	0	20	0	0	63	20
85800	0	0	0	20	0	0	63	20
86400	0	0	0	20	0	0	63	20


#Time	DSBEnd	DSBEnd_Inhibited	DSBEnd_Ku	DSBEnd_PKcs	DSBSynaptic	DSBSynaptic_Stable	DSB_Fixed	Unrepaired
0	276	0	0	0	0	0	0	276
1	45	115	76	30	5	0	0	276
2	23	112	48	57	18	0	0	276
3	12	102	38	64	30	0	0	276
4	12	92	25	61	43	0	0	276
5	14	80	14	60	53	1	0	276
6	9	78	15	58	57	1	0	276
7	7	74	10	59	62	1	0	276
8	10	59	10	57	69	1	0	276
9	4	54	12	50	77	1	0	276
10	6	42	16	48	81	1	0	276
11	8	39	6	51	85	1	0	276
12	13	31	6	48	87	2	0	276
13	6	30	11	49	88	2	0	276
14	4	28	7	47	93	2	0	276
15	0	28	6	42	98	2	0	276
16	3	26	4	39	99	3	0	276
17	3	23	3	41	99	4	0	276
18	2	22	8	40	98	4	0	276
19	4	20	9	39	98	4	0	276
20	3	21	5	41	95	8	0	276
21	2	13	9	44	96	8	0	276
22	2	13	2	41	101	8	0	276
23	1	13	3	41	100	9	0	276
24	2	12	3	41	99	10	0	276
25	3	10	2	41	99	11	0	276
26	1	11	3	41	98	12	0	276
27	0	10	2	40	100	12	0	276
28	2	10	1	39	98	14	0	276
29	4	8	0	38	99	14	0	276
30	2	11	2	37	98	13	1	274
31	1	11	2	38	98	13	1	274
32	3	7	3	39	98	13	1	274
33	1	7	3	39	97	15	1	274
34	3	6	4	41	93	17	1	274
35	3	5	3	43	93	17	1	274
36	2	5	5	42	93	17	1	274
37	0	6	2	42	95	17	1	274
38	0	5	1	42	96	17	1	274
39	0	7	3	42	94	17	1	274
40	0	7	2	43	93	18	1	274
41	0	7	3	44	92	18	1	274
42	1	7	3	45	90	19	1	274
43	3	5	1	45	91	19	1	274
44	3	8	3	44	89	19	1	274
45	1	9	3	47	87	20	1	274
46	1	7	3	45	89	20	1	274
47	1	7	1	45	90	20	1	274
48	3	9	0	46	88	20	1	274
49	3	13	2	46	85	20	1	274
50	4	14	0	48	84	20	1	274
51	3	15	2	48	82	21	1	274
52	5	15	2	48	81	21	1	274
53	4	15	4	49	80	21	1	274
54	0	16	4	52	80	21	1	274
55	4	14	2	52	79	22	1	274
56	2	14	1	51	80	23	1	274
57	1	14	1	50	80	24	1	274
58	2	13	0	49	81	24	1	274
59	1	15	0	50	80	24	1	274
60	3	14	0	47	80	25	1	274
70	0	10	3	43	81	28	1	274
80	0	4	1	45	79	33	1	274
90	0	6	3	37	77	37	1	274
100	0	7	1	38	75	39	1	274
110	2	4	0	40	72	42	1	274
120	0	5	2	39	70	43	2	272
130	0	6	0	36	71	44	2	272
140	2	11	1	36	66	44	3	270
150	0	7	3	42	61	48	3	270
160	0	5	1	36	63	51	3	270
170	0	3	0	33	61	55	4	268
180	2	7	1	38	54	55	5	266
190	2	3	5	36	52	58	5	266
200	0	0	4	36	55	58	5	266
210	0	3	0	39	51	61	5	266
220	1	3	0	38	45	67	5	266
230	1	4	0	37	44	67	6	264
240	2	4	3	39	40	68	6	264
250	0	1	0	41	43	64	10	256
260	0	3	0	43	38	66	11	254
270	0	2	0	46	36	67	11	254
280	0	2	1	45	35	68	11	254
290	1	3	0	42	32	71	12	252
300	1	3	2	40	32	71	12	252
310	0	4	0	38	32	73	12	252
320	2	1	1	38	29	76	12	252
330	1	1	0	40	29	75	13	250
340	2	0	0	40	27	77	13	250
350	0	6	1	41	23	78	13	250
360	0	4	0	42	21	81	13	250
370	0	1	0	41	23	80	14	248
380	2	2	1	43	19	81	14	248
390	0	3	1	46	17	82	14	248
400	1	2	0	45	18	82	14	248
410	0	3	0	45	18	81	15	246
420	0	4	0	44	17	81	16	244
430	0	3	0	45	16	82	16	244
440	0	2	0	44	16	83	16	244
450	1	2	0	45	15	83	16	244
460	1	2	0	47	12	84	17	242
470	0	0	0	46	14	81	20	236
480	0	0	0	46	13	81	21	234
490	0	0	1	45	13	80	22	232
500	0	0	0	44	14	80	22	232
510	0	0	0	44	14	80	22	232
520	0	0	0	44	14	79	23	230
530	0	0	0	44	14	79	23	230
540	0	0	0	44	13	78	25	226
550	0	0	0	44	13	78	25	226
560	0	0	0	44	13	76	27	222
570	0	1	0	45	12	76	27	222
580	0	0	0	44	13	75	28	220
590	0	0	0	44	12	76	28	220
600	0	2	0	42	11	76	29	218
660	0	1	1	40	10	76	31	214
720	0	1	1	36	9	78	32	212
780	0	1	0	35	7	78	35	206
840	0	0	0	36	6	72	42	192
900	0	2	0	36	5	69	45	186
960	1	0	0	41	1	66	50	176
1020	0	0	0	40	1	63	54	168
1080	0	0	0	40	1	58	59	158
1140	0	0	0	40	1	53	64	148
1200	0	0	0	42	0	46	71	134
1260	0	0	0	42	0	45	72	132
1320	0	0	0	38	2	41	76	124
1380	0	0	0	38	2	38	79	118
1440	0	0	0	38	2	37	80	116
1500	0	0	0	38	2	35	82	112
1560	0	0	0	38	2	35	82	112
1620	0	0	0	38	1	35	83	110
1680	0	0	0	36	2	33	85	106
1740	0	0	0	36	1	33	86	104
1800	0	0	0	36	1	31	88	100
1860	0	0	0	36	1	30	89	98
1920	0	0	0	36	0	30	90	96
1980	0	0	0	36	0	29	91	94
2040	0	0	0	36	0	27	93	90
2100	0	0	0	36	0	27	93	90
2160	0	0	0	36	0	26	94	88
2220	0	0	0	36	0	26	94	88
2280	0	0	0	36	0	24	96	84
2340	0	0	0	36	0	22	98	80
2400	0	0	0	36	0	19	101	74
2460	0	0	0	36	0	18	102	72
2520	0	0	0	36	0	18	102	72
2580	0	0	0	36	0	17	103	70
2640	0	0	0	36	0	16	104	68
2700	0	0	0	36	0	14	106	64
2760	0	0	0	36	0	13	107	62
2820	0	0	0	36	0	13	107	62
2880	0	0	0	36	0	10	110	56
2940	0	0	0	36	0	10	110	56
3000	0	0	0	36	0	10	110	56
3060	0	0	0	36	0	10	110	56
3120	0	0	0	36	0	10	110	56
3180	0	0	0	36	0	10	110	56
3240	0	0	0	36	0	10	110	56
3300	0	0	0	36	0	10	110	56
3360	0	0	0	36	0	10	110	56
3420	0	0	0	36	0	10	110	56
3480	0	0	0	36	0	10	110	56
3540	0	0	0	36	0	10	110	56
3600	0	0	0	36	0	10	110	56
4200	0	0	0	36	0	5	115	46
4800	0	0	0	32	1	4	117	42
5400	0	0	0	32	0	4	118	40
6000	0	0	0	30	0	1	122	32
6600	0	0	0	28	1	1	122	32
7200	0	0	0	30	0	1	122	32
7800	0	0	0	30	0	1	122	32
8400	0	0	0	30	0	0	123	30
9000	0	0	0	28	0	1	123	30
9600	0	0	0	28	0	1	123	30
10200	0	0	0	28	0	1	123	30
10800	0	0	0	28	0	0	124	28
11400	0	0	0	28	0	0	124	28
12000	0	0	0	28	0	0	124	28
12600	0	0	0	28	0	0	124	28
13200	0	0	0	28	0	0	124	28
13800	0	0	0	28	0	0	124	28
14400	0	0	0	28	0	0	124	28
15000	0	0	0	28	0	0	124	28
15600	0	0	0	28	0	0	124	28
16200	0	0	0	28	0	0	124	28
16800	0	0	0	28	0	0	124	28
17400	0	0	0	28	0	0	124	28
18000	0	0	0	28	0	0	124	28
18600	0	0	0	28	0	0	124	28
19200	0	0	0	28	0	0	124	28
19800	0	0	0	28	0	0	124	28
20400	0	0	0	28	0	0	124	28
21000	0	0	0	28	0	0	124	28
21600	0	0	0	28	0	0	123	30
22200	0	0	0	28	0	0	124	28
22800	0	0	0	28	0	0	124	28
23400	0	0	0	28	0	0	124	28
24000	0	0	0	28	0	0	124	28
24600	0	0	0	28	0	0	124	28
25200	0	0	0	28	0	0	124	28
25800	0	0	0	28	0	0	124	28
26400	0	0	0	28	0	0	124	28
27000	0	0	0	28	0	0	124	28
27600	0	0	0	28	0	0	124	28
28200	0	0	0	28	0	0	124	28
28800	0	0	0	28	0	0	124	28
29400	0	0	0	28	0	0	124	28
30000	0	0	0	28	0	0	124	28
30600	0	0	0	28	0	0	124	28
31200	0	0	0	28	0	0	124	28
31800	0	0	0	28	0	0	124	28
32400	0	0	0	28	0	0	124	28
33000	0	0	0	28	0	0	124	28
33600	0	0	0	28	0	0	124	28
34200	0	0	0	28	0	0	124	28
34800	0	0	0	28	0	0	124	28
35400	0	0	0	28	0	0	124	28
36000	0	0	0	28	0	0	124	28
36600	0	0	0	28	0	0	124	28
37200	0	0	0	28	0	0	124	28
37800	0	0	0	28	0	0	124	28
38400	0	0	0	28	0	0	124	28
39000	0	0	0	28	0	0	124	28
39600	0	0	0	28	0	0	124	28
40200	0	0	0	28	0	0	124	28
40800	0	0	0	28	0	0	124	28
41400	0	0	0	28	0	0	124	28
42000	0	0	0	28	0	0	124	28
42600	0	0	0	28	0	0	124	28
43200	0	0	0	28	0	0	124	28
43800	0	0	0	28	0	0	124	28
44400	0	0	0	28	0	0	124	28
45000	0	0	0	28	0	0	124	28
45600	0	0	0	28	0	0	124	28
46200	0	0	0	28	0	0	124	28
46800	0	0	0	28	0	0	124	28
47400	0	0	0	28	0	0	124	28
48000	0	0	0	28	0	0	124	28
48600	0	0	0	28	0	0	124	28
49200	0	0	0	28	0	0	124	28
49800	0	0	0	28	0	0	124	28
50400	0	0	0	28	0	0	124	28
51000	0	0	0	28	0	0	124	28
51600	0	0	0	28	0	0	124	28
52200	0	0	0	28	0	0	124	28
52800	0	0	0	28	0	0	124	28
53400	0	0	0	28	0	0	124	28
54000	0	0	0	28	0	0	124	28
54600	0	0	0	28	0	0	124	28
55200	0	0	0	28	0	0	124	28
55800	0	0	0	28	0	0	124	28
56400	0	0	0	28	0	0	124	28
57000	0	0	0	28	0	0	124	28
57600	0	0	0	28	0	0	124	28
58200	0	0	0	28	0	0	124	28
58800	0	0	0	28	0	0	124	28
59400	0	0	0	28	0	0	124	28
60000	0	0	0	28	0	0	124	28
60600	0	0	0	28	0	0	124	28
61200	0	0	0	28	0	0	124	28
61800	0	0	0	28	0	0	124	28
62400	0	0	0	28	0	0	124	28
63000	0	0	0	28	0	0	124	28
63600	0	0	0	28	0	0	124	28
64200	0	0	0	28	0	0	124	28
64800	0	0	0	28	0	0	124	28
65400	0	0	0	28	0	0	124	28
66000	0	0	0	28	0	0	124	28
66600	0	0	0	28	0	0	124	28
67200	0	0	0	28	0	0	124	28
67800	0	0	0	28	0	0	124	28
68400	0	0	0	28	0	0	124	28
69000	0	0	0	28	0	0	124	28
69600	0	0	0	28	0	0	124	28
70200	0	0	0	28	0	0	124	28
70800	0	0	0	28	0	0	124	28
71400	0	0	0	28	0	0	124	28
72000	0	0	0	28	0	0	124	28
72600	0	0	0	28	0	0	124	28
73200	0	0	0	28	0	0	124	28
73800	0	0	0	28	0	0	124	28
74400	0	0	0	28	0	0	124	28
75000	0	0	0	28	0	0	124	28
75600	0	0	0	28	0	0	124	28
76200	0	0	0	28	0	0	124	28
76800	0	0	0	28	0	0	124	28
77400	0	0	0	28	0	0	124	28
78000	0	0	0	28	0	0	124	28
78600	0	0	0	28	0	0	124	28
79200	0	0	0	28	0	0	124	28
79800	0	0	0	28	0	0	124	28
80400	0	0	0	28	0	0	124	28
81000	0	0	0	28	0	0	124	28
81600	0	0	0	28	0	0	124	28
82200	0	0	0	28	0	0	124	28
82800	0	0	0	28	0	0	124	28
83400	0	0	0	28	0	0	124	28
84000	0	0	0	28	0	0	124	28
84600	0	0	0	28	0	0	124	28
85200	0	0	0	28	0	0	124	28
85800	0	0	0	28	0	0	124	28
86400	0	0	0	28	0	0	124	28


