#Time | Normalised to Self | SEM_NTS | Normalised to Initial DSBs | SEM_NTI
Ku_Recruitment
0 0 0
0.0166667 0.393499 0.0247791
0.0333333 0.485821 0.0273876
0.05 0.543053 0.036139
0.0666667 0.600589 0.0383388
0.0833333 0.656655 0.0197349
0.1 0.692413 0.0210794
0.116667 0.729582 0.0136594
0.133333 0.763629 0.0200635
0.15 0.790673 0.0165303
0.166667 0.81217 0.0240267
0.183333 0.840906 0.0281298
0.2 0.861103 0.0247467
0.216667 0.875106 0.0206674
0.233333 0.881261 0.0176916
0.25 0.882689 0.0319485
0.266667 0.887456 0.029212
0.283333 0.888346 0.0270847
0.3 0.900135 0.0260031
0.316667 0.908046 0.0314609
0.333333 0.918904 0.022379
0.35 0.922611 0.0113865
0.366667 0.931647 0.0135689
0.383333 0.930154 0.0280454
0.4 0.92883 0.0210542
0.416667 0.924192 0.0189206
0.433333 0.921311 0.0259249
0.45 0.932168 0.0244985
0.466667 0.930845 0.0222693
0.483333 0.933661 0.0226399
0.5 0.943588 0.0229901
0.516667 0.944085 0.0183523
0.533333 0.955874 0.0256469
0.55 0.957759 0.0209451
0.566667 0.966233 0.0189897
0.583333 0.970936 0.0115462
0.6 0.969443 0.0114544
0.616667 0.980364 0.0069733
0.633333 0.978479 0.0119655
0.65 0.984569 0.012736
0.666667 0.991157 0.0176549
0.683333 0.993476 0.0220264
0.7 0.993909 0.022743
0.716667 0.993412 0.0246273
0.733333 0.995731 0.0233655
0.75 0.992457 0.0306348
0.766667 0.994343 0.0353737
0.783333 1 0.0289359
0.8 0.992914 0.0253184
0.816667 0.997552 0.0251926
0.833333 0.999438 0.0264402
0.85 0.992545 0.0111993
0.866667 0.99675 0.0114781
0.883333 0.984569 0.012888
0.9 0.977395 0.0194094
0.916667 0.982033 0.0215477
0.933333 0.977764 0.0221605
0.95 0.988123 0.0270588
0.966667 0.984874 0.0184083
0.983333 0.997985 0.0182387
1 0.997617 0.0201303


PKcs_Recruitment
0 0 0
0.0166667 0.164099 0.0158761
0.0333333 0.329828 0.0149225
0.05 0.418011 0.0284935
0.0666667 0.489651 0.0331996
0.0833333 0.567633 0.0187177
0.1 0.620573 0.0183716
0.116667 0.691122 0.0117311
0.133333 0.726583 0.0122093
0.15 0.75875 0.0158891
0.166667 0.790789 0.0240613
0.183333 0.808769 0.0282511
0.2 0.830542 0.0245777
0.216667 0.849418 0.0199019
0.233333 0.866898 0.0176087
0.25 0.870602 0.0317281
0.266667 0.87969 0.0292235
0.283333 0.885815 0.0261612
0.3 0.887711 0.0260583
0.316667 0.887146 0.0315378
0.333333 0.900527 0.0220283
0.35 0.903384 0.00734461
0.366667 0.912842 0.0135032
0.383333 0.913172 0.0279949
0.4 0.91657 0.0210593
0.416667 0.914738 0.0184755
0.433333 0.913237 0.0257124
0.45 0.918031 0.0244844
0.466667 0.922324 0.0211089
0.483333 0.936576 0.0226422
0.5 0.94087 0.0225854
0.516667 0.943267 0.0181552
0.533333 0.946035 0.0244034
0.55 0.950829 0.0199885
0.566667 0.963709 0.0184441
0.583333 0.969769 0.0108328
0.6 0.969269 0.0100165
0.616667 0.970294 0.00631172
0.633333 0.973562 0.0108042
0.65 0.979752 0.0123692
0.666667 0.990236 0.0172842
0.683333 0.992568 0.021776
0.7 0.992568 0.021776
0.716667 0.987774 0.0242841
0.733333 0.991938 0.0230173
0.75 0.991413 0.030524
0.766667 0.995707 0.0355075
0.783333 1 0.028539
0.8 0.985748 0.0252838
0.816667 0.986184 0.0251741
0.833333 0.985683 0.0264485
0.85 0.980648 0.0110458
0.866667 0.991066 0.0111899
0.883333 0.981148 0.0126757
0.9 0.969334 0.0181454
0.916667 0.976831 0.0208039
0.933333 0.97014 0.0219091
0.95 0.979098 0.0268372
0.966667 0.973433 0.018291
0.983333 0.996537 0.0178664
1 0.994706 0.0197653


XRCC4_Recruitment
0 0 0
0.0166667 0 0
0.0333333 0 0
0.05 0.00763511 0.00763511
0.0666667 0.00763511 0.00763511
0.0833333 0.0136761 0.00697601
0.1 0.0213112 0.0133201
0.116667 0.0273522 0.013952
0.133333 0.0333931 0.0168783
0.15 0.0410282 0.020928
0.166667 0.0410282 0.020928
0.183333 0.0410282 0.020928
0.2 0.054498 0.0161427
0.216667 0.0619267 0.00874527
0.233333 0.0619267 0.00874527
0.25 0.0619267 0.00874527
0.266667 0.0695618 0.0136606
0.283333 0.0695618 0.0136606
0.3 0.0695618 0.0136606
0.316667 0.0756028 0.0155178
0.333333 0.0830315 0.00809159
0.35 0.0904603 0.000718978
0.366667 0.0980954 0.00822657
0.383333 0.111771 0.0140215
0.4 0.111771 0.0140215
0.416667 0.111771 0.0140215
0.433333 0.125448 0.0205636
0.45 0.131489 0.0216307
0.466667 0.131489 0.0216307
0.483333 0.131489 0.0216307
0.5 0.131489 0.0216307
0.516667 0.138917 0.0144401
0.533333 0.138917 0.0144401
0.55 0.146346 0.0077146
0.566667 0.146346 0.0077146
0.583333 0.146346 0.0077146
0.6 0.146346 0.0077146
0.616667 0.146346 0.0077146
0.633333 0.159816 0.00206675
0.65 0.165857 0.00778727
0.666667 0.171898 0.013784
0.683333 0.177939 0.0198076
0.7 0.177939 0.0198076
0.716667 0.18398 0.0258393
0.733333 0.18398 0.0258393
0.75 0.191615 0.023355
0.766667 0.197656 0.0291144
0.783333 0.220355 0.022205
0.8 0.220355 0.022205
0.816667 0.220355 0.022205
0.833333 0.220355 0.022205
0.85 0.227783 0.0153545
0.866667 0.227783 0.0153545
0.883333 0.227783 0.0153545
0.9 0.227783 0.0153545
0.916667 0.235212 0.00942517
0.933333 0.235212 0.00942517
0.95 0.241253 0.0153992
0.966667 0.248682 0.0124781
0.983333 0.269993 0.0131649
1 0.276034 0.0181787
1.16667 0.333178 0.0510661
1.33333 0.375594 0.0486616
1.5 0.419192 0.0351946
1.66667 0.467649 0.0414218
1.83333 0.496182 0.0343585
2 0.523122 0.0375627
2.16667 0.565538 0.036015
2.33333 0.62844 0.0335699
2.5 0.634481 0.0390805
2.66667 0.649545 0.0321573
2.83333 0.687384 0.0555963
3 0.723966 0.0493441
3.16667 0.800956 0.0504795
3.33333 0.819079 0.066742
3.5 0.859901 0.075689
3.66667 0.887047 0.0798988
3.83333 0.923009 0.0670604
4 0.936479 0.0677255
4.16667 0.94252 0.0736567
4.33333 0.97126 0.0700906
4.5 0.972648 0.0589905
4.66667 0.971054 0.0676006
4.83333 1 0.0674437
5 1 0.0674437


DSB_Residual
0 -36.4932 -0 1 0
0.0166667 -36.4932 -0 1 0
0.0333333 -36.4932 -0 1 0
0.05 -36.4932 -0 1 0
0.0666667 -36.4932 -0 1 0
0.0833333 -36.4932 -0 1 0
0.1 -36.4932 -0 1 0
0.116667 -36.4932 -0 1 0
0.133333 -36.4932 -0 1 0
0.15 -36.4932 -0 1 0
0.166667 -36.4932 -0 1 0
0.183333 -36.4932 -0 1 0
0.2 -36.4932 -0 1 0
0.216667 -36.4932 -0 1 0
0.233333 -36.4932 -0 1 0
0.25 -36.4932 -0 1 0
0.266667 -36.4932 -0 1 0
0.283333 -36.4932 -0 1 0
0.3 -36.4932 -0 1 0
0.316667 -36.4932 -0 1 0
0.333333 -36.4932 -0 1 0
0.35 -36.4932 -0 1 0
0.366667 -36.4932 -0 1 0
0.383333 -36.4932 -0 1 0
0.4 -36.4932 -0 1 0
0.416667 -36.4932 -0 1 0
0.433333 -36.4932 -0 1 0
0.45 -36.4932 -0 1 0
0.466667 -36.4932 -0 1 0
0.483333 -36.4932 -0 1 0
0.5 -36.4932 -0 1 0
0.516667 -36.4932 -0 1 0
0.533333 -36.4932 -0 1 0
0.55 -36.4932 -0 1 0
0.566667 -36.4932 -0 1 0
0.583333 -36.4932 -0 1 0
0.6 -36.4932 -0 1 0
0.616667 -36.4932 -0 1 0
0.633333 -36.4932 -0 1 0
0.65 -36.4932 -0 1 0
0.666667 -36.4932 -0 1 0
0.683333 -36.4932 -0 1 0
0.7 -36.4932 -0 1 0
0.716667 -36.4932 -0 1 0
0.733333 -36.4932 -0 1 0
0.75 -36.4932 -0 1 0
0.766667 -36.4932 -0 1 0
0.783333 -36.4932 -0 1 0
0.8 -36.4932 -0 1 0
0.816667 -36.4932 -0 1 0
0.833333 -36.4932 -0 1 0
0.85 -36.4932 -0 1 0
0.866667 -36.4932 -0 1 0
0.883333 -36.4932 -0 1 0
0.9 -36.4932 -0 1 0
0.916667 -36.4932 -0 1 0
0.933333 -36.4932 -0 1 0
0.95 -36.4932 -0 1 0
0.966667 -36.4932 -0 1 0
0.983333 -36.4932 -0 1 0
1 -36.4932 -0 1 0
1.16667 -36.3288 -0.164384 0.995495 0.0045045
1.33333 -36.1598 -0.166714 0.990866 0.00456835
1.5 -36.1598 -0.166714 0.990866 0.00456835
1.66667 -35.9909 -0.292665 0.986236 0.00801973
1.83333 -35.9909 -0.292665 0.986236 0.00801973
2 -35.9909 -0.292665 0.986236 0.00801973
2.16667 -35.6928 -0.199815 0.978069 0.00547542
2.33333 -35.6928 -0.199815 0.978069 0.00547542
2.5 -35.5239 -0.323291 0.973439 0.00885894
2.66667 -35.5239 -0.323291 0.973439 0.00885894
2.83333 -35.3595 -0.366518 0.968935 0.0100435
3 -35.2258 -0.232953 0.965272 0.00638348
3.16667 -35.2258 -0.232953 0.965272 0.00638348
3.33333 -35.2258 -0.232953 0.965272 0.00638348
3.5 -35.2258 -0.232953 0.965272 0.00638348
3.66667 -35.2258 -0.232953 0.965272 0.00638348
3.83333 -35.2258 -0.232953 0.965272 0.00638348
4 -35.2258 -0.232953 0.965272 0.00638348
4.16667 -35.2258 -0.232953 0.965272 0.00638348
4.33333 -35.0921 -0.0996848 0.961609 0.0027316
4.5 -34.9585 -0.0366702 0.957946 0.00100485
4.66667 -34.6206 -0.332775 0.948686 0.00911884
4.83333 -34.6206 -0.332775 0.948686 0.00911884
5 -34.4516 -0.501068 0.944057 0.0137305
5.16667 -34.1183 -0.596101 0.934923 0.0163346
5.33333 -33.9539 -0.562344 0.930418 0.0154096
5.5 -33.9539 -0.562344 0.930418 0.0154096
5.66667 -33.9539 -0.562344 0.930418 0.0154096
5.83333 -33.7849 -0.717768 0.925788 0.0196686
6 -33.7849 -0.717768 0.925788 0.0196686
6.16667 -33.616 -0.878202 0.921159 0.0240649
6.33333 -33.149 -0.905058 0.908362 0.0248008
6.5 -32.8509 -0.774415 0.900194 0.0212208
6.66667 -32.5836 -0.583718 0.892868 0.0159953
6.83333 -32.5836 -0.583718 0.892868 0.0159953
7 -32.2855 -0.441221 0.884701 0.0120905
7.16667 -32.2855 -0.441221 0.884701 0.0120905
7.33333 -32.1211 -0.422562 0.880196 0.0115792
7.5 -32.1211 -0.422562 0.880196 0.0115792
7.66667 -31.9567 -0.465279 0.875692 0.0127498
7.83333 -31.2855 -0.867019 0.857298 0.0237584
8 -31.1211 -0.902452 0.852794 0.0247293
8.16667 -30.8185 -0.899011 0.844501 0.0246351
8.33333 -30.3117 -1.33622 0.830612 0.0366155
8.5 -30.0136 -1.21441 0.822445 0.0332779
8.66667 -29.7462 -0.996656 0.815119 0.0273108
8.83333 -29.4436 -1.06208 0.806826 0.0291035
9 -29.4436 -1.06208 0.806826 0.0291035
9.16667 -29.4436 -1.06208 0.806826 0.0291035
9.33333 -29.2747 -1.22756 0.802196 0.0336382
9.5 -29.2747 -1.22756 0.802196 0.0336382
9.66667 -28.9766 -1.0875 0.794029 0.0298001
9.83333 -28.8429 -0.999926 0.790366 0.0274004
10 -28.8429 -0.999926 0.790366 0.0274004
11 -27.1484 -0.757404 0.743932 0.0207547
12 -26.5477 -0.673345 0.727472 0.0184513
13 -25.1774 -0.688653 0.689922 0.0188707
14 -23.6473 -0.477683 0.647993 0.0130897
15 -22.4766 -0.399517 0.615914 0.0109477
16 -22.0051 -0.692503 0.602992 0.0189763
17 -20.306 -0.566272 0.556433 0.0155172
18 -19.0079 -0.676673 0.520863 0.0185425
19 -17.6638 -1.03412 0.484029 0.0283372
20 -16.6006 -0.745444 0.454897 0.020427
21 -16.3333 -0.749912 0.447571 0.0205494
22 -15.5682 -0.619409 0.426607 0.0169733
23 -15.2349 -0.60108 0.417472 0.016471
24 -15.0705 -0.46638 0.412968 0.0127799
25 -14.6388 -0.332075 0.401137 0.00909966
26 -13.674 -0.256537 0.374702 0.00702974
27 -13.1086 -0.143496 0.359208 0.00393214
28 -12.6416 -0.113605 0.346411 0.00311306
29 -12.3436 -0.185051 0.338243 0.00507085
30 -11.9073 -0.342607 0.326288 0.00938825
31 -10.835 -0.531181 0.296905 0.0145556
32 -9.91013 -0.410679 0.271561 0.0112536
33 -9.50911 -0.777699 0.260572 0.0213108
34 -9.17577 -0.618644 0.251438 0.0169523
35 -9.0421 -0.744999 0.247775 0.0204148
36 -8.54438 -0.585979 0.234137 0.0160572
37 -8.11265 -0.819535 0.222306 0.0224572
38 -7.81459 -0.950909 0.214139 0.0260572
39 -7.64564 -0.791225 0.209509 0.0216815
40 -6.87601 -0.720456 0.188419 0.0197422
41 -6.87601 -0.720456 0.188419 0.0197422
42 -5.60866 -0.521092 0.153691 0.0142792
43 -5.47499 -0.629175 0.150028 0.0172409
44 -5.04325 -0.862015 0.138197 0.0236213
45 -4.54097 -0.569887 0.124433 0.0156163
46 -4.37659 -0.607175 0.119929 0.0166381
47 -4.04325 -0.514623 0.110795 0.0141019
48 -4.04325 -0.514623 0.110795 0.0141019
49 -3.87887 -0.623733 0.10629 0.0170918
50 -3.87887 -0.623733 0.10629 0.0170918
51 -3.7452 -0.665551 0.102627 0.0182377
52 -3.7452 -0.665551 0.102627 0.0182377
53 -3.41186 -0.613542 0.0934932 0.0168125
54 -3.41186 -0.613542 0.0934932 0.0168125
55 -3.41186 -0.613542 0.0934932 0.0168125
56 -3.24291 -0.459045 0.0888636 0.0125789
57 -3.24291 -0.459045 0.0888636 0.0125789
58 -3.07396 -0.31953 0.084234 0.00875588
59 -2.94029 -0.319414 0.080571 0.00875271
60 -2.80661 -0.371065 0.076908 0.0101681
70 -2.00627 -0.304493 0.0549767 0.00834385
80 -1.67294 -0.343379 0.0458425 0.00940941
90 -1.37031 -0.193515 0.0375499 0.00530279
100 -1.03242 -0.317585 0.0282907 0.00870261
110 -1.03242 -0.317585 0.0282907 0.00870261
120 -1.03242 -0.317585 0.0282907 0.00870261
130 -0.898741 -0.205695 0.0246276 0.00563654
140 -0.898741 -0.205695 0.0246276 0.00563654
150 -0.898741 -0.205695 0.0246276 0.00563654
160 -0.898741 -0.205695 0.0246276 0.00563654
170 -0.765066 -0.139636 0.0209646 0.00382635
180 -0.765066 -0.139636 0.0209646 0.00382635
190 -0.765066 -0.139636 0.0209646 0.00382635
200 -0.765066 -0.139636 0.0209646 0.00382635
210 -0.631391 -0.180065 0.0173016 0.00493422
220 -0.631391 -0.180065 0.0173016 0.00493422
230 -0.631391 -0.180065 0.0173016 0.00493422
240 -0.631391 -0.180065 0.0173016 0.00493422
250 -0.631391 -0.180065 0.0173016 0.00493422
260 -0.631391 -0.180065 0.0173016 0.00493422
270 -0.631391 -0.180065 0.0173016 0.00493422
280 -0.631391 -0.180065 0.0173016 0.00493422
290 -0.631391 -0.180065 0.0173016 0.00493422
300 -0.631391 -0.180065 0.0173016 0.00493422
310 -0.631391 -0.180065 0.0173016 0.00493422
320 -0.631391 -0.180065 0.0173016 0.00493422
330 -0.631391 -0.180065 0.0173016 0.00493422
340 -0.631391 -0.180065 0.0173016 0.00493422
350 -0.631391 -0.180065 0.0173016 0.00493422
360 -0.631391 -0.180065 0.0173016 0.00493422
370 -0.631391 -0.180065 0.0173016 0.00493422
380 -0.631391 -0.180065 0.0173016 0.00493422
390 -0.631391 -0.180065 0.0173016 0.00493422
400 -0.497717 -0.284757 0.0136386 0.00780303
410 -0.497717 -0.284757 0.0136386 0.00780303
420 -0.497717 -0.284757 0.0136386 0.00780303
430 -0.497717 -0.284757 0.0136386 0.00780303
440 -0.497717 -0.284757 0.0136386 0.00780303
450 -0.497717 -0.284757 0.0136386 0.00780303
460 -0.497717 -0.284757 0.0136386 0.00780303
470 -0.497717 -0.284757 0.0136386 0.00780303
480 -0.497717 -0.284757 0.0136386 0.00780303
490 -0.497717 -0.284757 0.0136386 0.00780303
500 -0.497717 -0.284757 0.0136386 0.00780303
510 -0.497717 -0.284757 0.0136386 0.00780303
520 -0.497717 -0.284757 0.0136386 0.00780303
530 -0.497717 -0.284757 0.0136386 0.00780303
540 -0.497717 -0.284757 0.0136386 0.00780303
550 -0.497717 -0.284757 0.0136386 0.00780303
560 -0.497717 -0.284757 0.0136386 0.00780303
570 -0.497717 -0.284757 0.0136386 0.00780303
580 -0.497717 -0.284757 0.0136386 0.00780303
590 -0.497717 -0.284757 0.0136386 0.00780303
600 -0.497717 -0.284757 0.0136386 0.00780303
610 -0.497717 -0.284757 0.0136386 0.00780303
620 -0.497717 -0.284757 0.0136386 0.00780303
630 -0.497717 -0.284757 0.0136386 0.00780303
640 -0.497717 -0.284757 0.0136386 0.00780303
650 -0.497717 -0.284757 0.0136386 0.00780303
660 -0.497717 -0.284757 0.0136386 0.00780303
670 -0.497717 -0.284757 0.0136386 0.00780303
680 -0.497717 -0.284757 0.0136386 0.00780303
690 -0.497717 -0.284757 0.0136386 0.00780303
700 -0.497717 -0.284757 0.0136386 0.00780303
710 -0.497717 -0.284757 0.0136386 0.00780303
720 -0.497717 -0.284757 0.0136386 0.00780303
730 -0.497717 -0.284757 0.0136386 0.00780303
740 -0.497717 -0.284757 0.0136386 0.00780303
750 -0.497717 -0.284757 0.0136386 0.00780303
760 -0.497717 -0.284757 0.0136386 0.00780303
770 -0.497717 -0.284757 0.0136386 0.00780303
780 -0.497717 -0.284757 0.0136386 0.00780303
790 -0.497717 -0.284757 0.0136386 0.00780303
800 -0.497717 -0.284757 0.0136386 0.00780303
810 -0.497717 -0.284757 0.0136386 0.00780303
820 -0.497717 -0.284757 0.0136386 0.00780303
830 -0.497717 -0.284757 0.0136386 0.00780303
840 -0.497717 -0.284757 0.0136386 0.00780303
850 -0.497717 -0.284757 0.0136386 0.00780303
860 -0.497717 -0.284757 0.0136386 0.00780303
870 -0.497717 -0.284757 0.0136386 0.00780303
880 -0.497717 -0.284757 0.0136386 0.00780303
890 -0.497717 -0.284757 0.0136386 0.00780303
900 -0.497717 -0.284757 0.0136386 0.00780303
910 -0.497717 -0.284757 0.0136386 0.00780303
920 -0.497717 -0.284757 0.0136386 0.00780303
930 -0.497717 -0.284757 0.0136386 0.00780303
940 -0.497717 -0.284757 0.0136386 0.00780303
950 -0.497717 -0.284757 0.0136386 0.00780303
960 -0.497717 -0.284757 0.0136386 0.00780303
970 -0.497717 -0.284757 0.0136386 0.00780303
980 -0.497717 -0.284757 0.0136386 0.00780303
990 -0.497717 -0.284757 0.0136386 0.00780303
1000 -0.497717 -0.284757 0.0136386 0.00780303
1010 -0.497717 -0.284757 0.0136386 0.00780303
1020 -0.497717 -0.284757 0.0136386 0.00780303
1030 -0.497717 -0.284757 0.0136386 0.00780303
1040 -0.497717 -0.284757 0.0136386 0.00780303
1050 -0.497717 -0.284757 0.0136386 0.00780303
1060 -0.497717 -0.284757 0.0136386 0.00780303
1070 -0.497717 -0.284757 0.0136386 0.00780303
1080 -0.497717 -0.284757 0.0136386 0.00780303
1090 -0.497717 -0.284757 0.0136386 0.00780303
1100 -0.497717 -0.284757 0.0136386 0.00780303
1110 -0.497717 -0.284757 0.0136386 0.00780303
1120 -0.497717 -0.284757 0.0136386 0.00780303
1130 -0.497717 -0.284757 0.0136386 0.00780303
1140 -0.497717 -0.284757 0.0136386 0.00780303
1150 -0.497717 -0.284757 0.0136386 0.00780303
1160 -0.497717 -0.284757 0.0136386 0.00780303
1170 -0.497717 -0.284757 0.0136386 0.00780303
1180 -0.333333 -0.166714 0.00913413 0.00456835
1190 -0.333333 -0.166714 0.00913413 0.00456835
1200 -0.333333 -0.166714 0.00913413 0.00456835
1210 -0.333333 -0.166714 0.00913413 0.00456835
1220 -0.333333 -0.166714 0.00913413 0.00456835
1230 -0.333333 -0.166714 0.00913413 0.00456835
1240 -0.333333 -0.166714 0.00913413 0.00456835
1250 -0.333333 -0.166714 0.00913413 0.00456835
1260 -0.333333 -0.166714 0.00913413 0.00456835
1270 -0.333333 -0.166714 0.00913413 0.00456835
1280 -0.333333 -0.166714 0.00913413 0.00456835
1290 -0.333333 -0.166714 0.00913413 0.00456835
1300 -0.333333 -0.166714 0.00913413 0.00456835
1310 -0.333333 -0.166714 0.00913413 0.00456835
1320 -0.333333 -0.166714 0.00913413 0.00456835
1330 -0.333333 -0.166714 0.00913413 0.00456835
1340 -0.333333 -0.166714 0.00913413 0.00456835
1350 -0.333333 -0.166714 0.00913413 0.00456835
1360 -0.333333 -0.166714 0.00913413 0.00456835
1370 -0.333333 -0.166714 0.00913413 0.00456835
1380 -0.333333 -0.166714 0.00913413 0.00456835
1390 -0.333333 -0.166714 0.00913413 0.00456835
1400 -0.333333 -0.166714 0.00913413 0.00456835
1410 -0.333333 -0.166714 0.00913413 0.00456835
1420 -0.333333 -0.166714 0.00913413 0.00456835
1430 -0.333333 -0.166714 0.00913413 0.00456835
1440 -0.333333 -0.166714 0.00913413 0.00456835


DSBEnd
0 1 0 1 0
0.0166667 0.163502 0.0100182 0.163502 0.0100182
0.0333333 0.085138 0.00954385 0.085138 0.00954385
0.05 0.0497778 0.00854119 0.0497778 0.00854119
0.0666667 0.0531672 0.025165 0.0531672 0.025165
0.0833333 0.037464 0.0104971 0.037464 0.0104971
0.1 0.039444 0.00958992 0.039444 0.00958992
0.116667 0.0322885 0.0108878 0.0322885 0.0108878
0.133333 0.0388122 0.00589821 0.0388122 0.00589821
0.15 0.0515467 0.00852943 0.0515467 0.00852943
0.166667 0.037675 0.0125362 0.037675 0.0125362
0.183333 0.0288365 0.00527798 0.0288365 0.00527798
0.2 0.0128597 0.00416982 0.0128597 0.00416982
0.216667 0.0101241 0.00511718 0.0101241 0.00511718
0.233333 0.0105449 0.00207081 0.0105449 0.00207081
0.25 0.0215731 0.00663024 0.0215731 0.00663024
0.266667 0.0288365 0.00527798 0.0288365 0.00527798
0.283333 0.0239505 0.012646 0.0239505 0.012646
0.3 0.0205439 0.00392364 0.0205439 0.00392364
0.316667 0.0154701 0.00626598 0.0154701 0.00626598
0.333333 0.0145661 0.0039645 0.0145661 0.0039645
0.35 0.0227961 0.00445549 0.0227961 0.00445549
0.366667 0.0104823 0.00191318 0.0104823 0.00191318
0.383333 0.00877595 0.00623385 0.00877595 0.00623385
0.4 0.0123138 0.00281827 0.0123138 0.00281827
0.416667 0.0163976 0.00475221 0.0163976 0.00475221
0.433333 0.0106074 0.00601709 0.0106074 0.00601709
0.45 0.0119556 0.00641772 0.0119556 0.00641772
0.466667 0.016335 0.00829654 0.016335 0.00829654
0.483333 0.0114098 0.00826484 0.0114098 0.00826484
0.5 0.0100616 0.00321143 0.0100616 0.00321143
0.516667 0.0127971 0.000910534 0.0127971 0.000910534
0.533333 0.00408375 0.00207413 0.00408375 0.00207413
0.55 0.0105449 0.00207081 0.0105449 0.00207081
0.566667 0.00591526 0.00320004 0.00591526 0.00320004
0.583333 0.003663 0.003663 0.003663 0.003663
0.6 0.00829263 0.00422998 0.00829263 0.00422998
0.616667 0.00591526 0.00320004 0.00591526 0.00320004
0.633333 0.00549451 0.00549451 0.00549451 0.00549451
0.65 0.0104823 0.00191318 0.0104823 0.00191318
0.666667 0.00675676 0.00675676 0.00675676 0.00675676
0.683333 0.00858826 0.00605253 0.00858826 0.00605253
0.7 0.00591526 0.00320004 0.00591526 0.00320004
0.716667 0.00231481 0.00231481 0.00231481 0.00231481
0.733333 0 0 0 0
0.75 0.00780932 0.00477799 0.00780932 0.00477799
0.766667 0.003663 0.003663 0.003663 0.003663
0.783333 0 0 0 0
0.8 0.0132179 0.00427857 0.0132179 0.00427857
0.816667 0.00823007 0.00138053 0.00823007 0.00138053
0.833333 0.00456707 0.00228418 0.00456707 0.00228418
0.85 0.00633601 0.00392364 0.00633601 0.00392364
0.866667 0 0 0 0
0.883333 0.0123138 0.00281827 0.0123138 0.00281827
0.9 0.0132413 0.0100539 0.0132413 0.0100539
0.916667 0.00957826 0.00649946 0.00957826 0.00649946
0.933333 0.0137871 0.0079308 0.0137871 0.0079308
0.95 0.00549451 0.00549451 0.00549451 0.00549451
0.966667 0.0150494 0.00274138 0.0150494 0.00274138
0.983333 0.003663 0.003663 0.003663 0.003663
1 0.00225225 0.00225225 0.00225225 0.00225225
1.16667 0.003663 0.003663 0.003663 0.003663
1.33333 0.00688188 0.00400986 0.00688188 0.00400986
1.5 0.00408375 0.00207413 0.00408375 0.00207413
1.66667 0.00408375 0.00207413 0.00408375 0.00207413
1.83333 0.00591526 0.00320004 0.00591526 0.00320004
2 0.00225225 0.00225225 0.00225225 0.00225225
2.16667 0 0 0 0
2.33333 0.00597782 0.00320886 0.00597782 0.00320886
2.5 0.00549451 0.00549451 0.00549451 0.00549451
2.66667 0.00858826 0.00605253 0.00858826 0.00605253
2.83333 0.003663 0.003663 0.003663 0.003663
3 0.0018315 0.0018315 0.0018315 0.0018315
3.16667 0.00414632 0.00211499 0.00414632 0.00211499
3.33333 0.00225225 0.00225225 0.00225225 0.00225225
3.5 0.00408375 0.00207413 0.00408375 0.00207413
3.66667 0.00231481 0.00231481 0.00231481 0.00231481
3.83333 0.00694444 0.00694444 0.00694444 0.00694444
4 0.00633601 0.00392364 0.00633601 0.00392364
4.16667 0 0 0 0
4.33333 0.0018315 0.0018315 0.0018315 0.0018315
4.5 0 0 0 0
4.66667 0 0 0 0
4.83333 0.0045045 0.0045045 0.0045045 0.0045045
5 0.00591526 0.00320004 0.00591526 0.00320004
5.16667 0 0 0 0
5.33333 0.00225225 0.00225225 0.00225225 0.00225225
5.5 0 0 0 0
5.66667 0.00231481 0.00231481 0.00231481 0.00231481
5.83333 0.003663 0.003663 0.003663 0.003663
6 0.00231481 0.00231481 0.00231481 0.00231481
6.16667 0 0 0 0
6.33333 0 0 0 0
6.5 0.00408375 0.00207413 0.00408375 0.00207413
6.66667 0 0 0 0
6.83333 0.0018315 0.0018315 0.0018315 0.0018315
7 0.00231481 0.00231481 0.00231481 0.00231481
7.16667 0 0 0 0
7.33333 0 0 0 0
7.5 0.00225225 0.00225225 0.00225225 0.00225225
7.66667 0.0018315 0.0018315 0.0018315 0.0018315
7.83333 0 0 0 0
8 0.0018315 0.0018315 0.0018315 0.0018315
8.16667 0.00225225 0.00225225 0.00225225 0.00225225
8.33333 0.00225225 0.00225225 0.00225225 0.00225225
8.5 0 0 0 0
8.66667 0 0 0 0
8.83333 0.00414632 0.00211499 0.00414632 0.00211499
9 0 0 0 0
9.16667 0 0 0 0
9.33333 0 0 0 0
9.5 0 0 0 0
9.66667 0 0 0 0
9.83333 0 0 0 0
10 0 0 0 0
11 0 0 0 0
12 0 0 0 0
13 0 0 0 0
14 0 0 0 0
15 0 0 0 0
16 0 0 0 0
17 0 0 0 0
18 0 0 0 0
19 0 0 0 0
20 0 0 0 0
21 0 0 0 0
22 0 0 0 0
23 0 0 0 0
24 0 0 0 0
25 0 0 0 0
26 0 0 0 0
27 0 0 0 0
28 0 0 0 0
29 0 0 0 0
30 0 0 0 0
31 0 0 0 0
32 0 0 0 0
33 0 0 0 0
34 0 0 0 0
35 0 0 0 0
36 0 0 0 0
37 0 0 0 0
38 0 0 0 0
39 0 0 0 0
40 0 0 0 0
41 0 0 0 0
42 0 0 0 0
43 0 0 0 0
44 0 0 0 0
45 0 0 0 0
46 0 0 0 0
47 0 0 0 0
48 0 0 0 0
49 0 0 0 0
50 0 0 0 0
51 0 0 0 0
52 0 0 0 0
53 0 0 0 0
54 0 0 0 0
55 0 0 0 0
56 0 0 0 0
57 0 0 0 0
58 0 0 0 0
59 0 0 0 0
60 0 0 0 0
70 0 0 0 0
80 0 0 0 0
90 0 0 0 0
100 0 0 0 0
110 0 0 0 0
120 0 0 0 0
130 0 0 0 0
140 0 0 0 0
150 0 0 0 0
160 0 0 0 0
170 0 0 0 0
180 0 0 0 0
190 0 0 0 0
200 0.0018315 0.0018315 0.0018315 0.0018315
210 0 0 0 0
220 0 0 0 0
230 0 0 0 0
240 0 0 0 0
250 0 0 0 0
260 0 0 0 0
270 0 0 0 0
280 0 0 0 0
290 0 0 0 0
300 0 0 0 0
310 0 0 0 0
320 0 0 0 0
330 0 0 0 0
340 0 0 0 0
350 0 0 0 0
360 0 0 0 0
370 0 0 0 0
380 0 0 0 0
390 0 0 0 0
400 0 0 0 0
410 0 0 0 0
420 0 0 0 0
430 0 0 0 0
440 0 0 0 0
450 0 0 0 0
460 0 0 0 0
470 0 0 0 0
480 0 0 0 0
490 0 0 0 0
500 0 0 0 0
510 0 0 0 0
520 0 0 0 0
530 0 0 0 0
540 0 0 0 0
550 0 0 0 0
560 0 0 0 0
570 0 0 0 0
580 0 0 0 0
590 0 0 0 0
600 0 0 0 0
610 0 0 0 0
620 0 0 0 0
630 0 0 0 0
640 0 0 0 0
650 0 0 0 0
660 0 0 0 0
670 0 0 0 0
680 0 0 0 0
690 0 0 0 0
700 0 0 0 0
710 0 0 0 0
720 0 0 0 0
730 0 0 0 0
740 0 0 0 0
750 0 0 0 0
760 0 0 0 0
770 0 0 0 0
780 0 0 0 0
790 0 0 0 0
800 0 0 0 0
810 0 0 0 0
820 0 0 0 0
830 0 0 0 0
840 0 0 0 0
850 0 0 0 0
860 0 0 0 0
870 0 0 0 0
880 0 0 0 0
890 0 0 0 0
900 0 0 0 0
910 0 0 0 0
920 0 0 0 0
930 0 0 0 0
940 0 0 0 0
950 0 0 0 0
960 0 0 0 0
970 0 0 0 0
980 0 0 0 0
990 0 0 0 0
1000 0 0 0 0
1010 0 0 0 0
1020 0 0 0 0
1030 0 0 0 0
1040 0 0 0 0
1050 0 0 0 0
1060 0 0 0 0
1070 0 0 0 0
1080 0 0 0 0
1090 0 0 0 0
1100 0 0 0 0
1110 0 0 0 0
1120 0 0 0 0
1130 0 0 0 0
1140 0 0 0 0
1150 0 0 0 0
1160 0 0 0 0
1170 0 0 0 0
1180 0 0 0 0
1190 0 0 0 0
1200 0 0 0 0
1210 0 0 0 0
1220 0 0 0 0
1230 0 0 0 0
1240 0 0 0 0
1250 0 0 0 0
1260 0 0 0 0
1270 0 0 0 0
1280 0 0 0 0
1290 0 0 0 0
1300 0 0 0 0
1310 0 0 0 0
1320 0 0 0 0
1330 0 0 0 0
1340 0 0 0 0
1350 0 0 0 0
1360 0 0 0 0
1370 0 0 0 0
1380 0 0 0 0
1390 0 0 0 0
1400 0 0 0 0
1410 0 0 0 0
1420 0 0 0 0
1430 0 0 0 0
1440 0 0 0 0


DSBEnd_Inhibited
0 0 0 0 0
0.0166667 0.977477 0.0225225 0.454322 0.0187462
0.0333333 0.94953 0.0253045 0.44302 0.0333163
0.05 0.907149 0.0382205 0.422795 0.0325697
0.0666667 0.783182 0.0387419 0.363525 0.017866
0.0833333 0.701062 0.0404583 0.324775 0.0112736
0.1 0.619208 0.0346091 0.288067 0.0215623
0.116667 0.557182 0.0083226 0.259122 0.0114305
0.133333 0.474825 0.0360366 0.219531 0.00964498
0.15 0.391399 0.0347084 0.180531 0.00591819
0.166667 0.37658 0.0454637 0.173524 0.014136
0.183333 0.336068 0.0425464 0.154454 0.0110503
0.2 0.330555 0.0650421 0.150814 0.020952
0.216667 0.304892 0.0406357 0.13995 0.0109015
0.233333 0.291171 0.0408095 0.133552 0.0112816
0.25 0.266779 0.0639788 0.121136 0.0218819
0.266667 0.2399 0.0511031 0.109243 0.0168531
0.283333 0.248464 0.0547781 0.113264 0.0189454
0.3 0.231336 0.0502024 0.105222 0.0167322
0.316667 0.227039 0.0638307 0.102612 0.0236975
0.333333 0.204665 0.0484628 0.0929707 0.01747
0.35 0.178112 0.0428928 0.0811402 0.0169284
0.366667 0.186231 0.0413196 0.0846781 0.0141839
0.383333 0.191299 0.0255003 0.0878344 0.00719912
0.4 0.186794 0.0293713 0.0855821 0.00934495
0.416667 0.186913 0.0216738 0.0860029 0.00590873
0.433333 0.204812 0.0160165 0.0945912 0.00248934
0.45 0.177933 0.0031797 0.0826981 0.00316679
0.466667 0.173191 0.0217665 0.0796043 0.00616182
0.483333 0.17737 0.0165972 0.081794 0.00334551
0.5 0.158936 0.0156073 0.0735014 0.00563013
0.516667 0.153541 0.0315827 0.0702825 0.0115238
0.533333 0.148592 0.0400393 0.0675469 0.014936
0.55 0.130158 0.0403174 0.0592543 0.0163116
0.566667 0.121713 0.0284602 0.0556539 0.0109054
0.583333 0.116882 0.0327298 0.0533391 0.013143
0.6 0.108555 0.018273 0.0501594 0.00790213
0.616667 0.0904474 0.016259 0.0419293 0.0076527
0.633333 0.0949519 0.0190839 0.0441815 0.00953648
0.65 0.0722215 0.0147198 0.0332785 0.00625144
0.666667 0.0675985 0.0190782 0.0306055 0.00691059
0.683333 0.058708 0.0167201 0.0265217 0.00597212
0.7 0.0632125 0.0147654 0.028774 0.00516324
0.716667 0.072103 0.0179793 0.0328577 0.00669099
0.733333 0.0724294 0.0164558 0.0329203 0.00552213
0.75 0.0627676 0.0224463 0.0282907 0.00870261
0.766667 0.0675985 0.0190782 0.0306055 0.00691059
0.783333 0.0632125 0.0147654 0.028774 0.00516324
0.8 0.0498176 0.0153196 0.022438 0.00567277
0.816667 0.0502625 0.0118349 0.0229213 0.0047047
0.833333 0.0546485 0.0150799 0.0247528 0.00581586
0.85 0.063776 0.00294754 0.029678 0.00205477
0.866667 0.0682805 0.00678657 0.0319303 0.00430603
0.883333 0.0678356 0.0121942 0.031447 0.00573953
0.9 0.0817648 0.0118339 0.0374873 0.00324567
0.916667 0.0815278 0.0266684 0.0366458 0.0100559
0.933333 0.0812013 0.0252142 0.0365833 0.00918344
0.95 0.0771418 0.0226035 0.0348143 0.00842375
0.966667 0.0634204 0.0227486 0.0284158 0.00879379
0.983333 0.0594794 0.0163338 0.0270676 0.00679595
1 0.0635389 0.0151436 0.0288365 0.00527798
1.16667 0.068844 0.0160146 0.0328343 0.00894512
1.33333 0.0831289 0.0289973 0.040137 0.0149935
1.5 0.0599535 0.0170018 0.0287506 0.00903822
1.66667 0.0691704 0.0149449 0.0328969 0.00821313
1.83333 0.0269978 0.00721139 0.0123138 0.00281827
2 0.0493726 0.0213738 0.0219546 0.00825416
2.16667 0.0364518 0.00883481 0.0173016 0.00493422
2.33333 0.0274428 0.000798224 0.0127971 0.000910534
2.5 0.0600429 0.0139021 0.0279717 0.00686523
2.66667 0.0363332 0.00368675 0.0168809 0.00185283
2.83333 0.0272349 0.0134151 0.0131553 0.00694847
3 0.0316209 0.0117244 0.0149868 0.00613228
3.16667 0.0182259 0.00441741 0.00865082 0.00246711
3.33333 0.0401849 0.0234088 0.019008 0.0117709
3.5 0.0311759 0.0161462 0.0145035 0.00786459
3.66667 0.0509445 0.0134122 0.0242461 0.00699086
3.83333 0.0268793 0.0128793 0.0118931 0.00504276
4 0.0411642 0.00119734 0.0191957 0.0013658
4.16667 0.0235018 0.0126743 0.0114489 0.00610202
4.33333 0.00933542 0.00467626 0.00456707 0.00228418
4.5 0.0264343 0.0200605 0.0114098 0.00826484
4.66667 0.0221669 0.0116513 0.00999901 0.00507249
4.83333 0.0274428 0.000798224 0.0127971 0.000910534
5 0.0419355 0.0152655 0.0197416 0.00752569
5.16667 0.0178995 0.0119408 0.00858826 0.00605253
5.33333 0.0182259 0.00441741 0.00865082 0.00246711
5.5 0.0229383 0.00477498 0.0105449 0.00207081
5.66667 0.0182259 0.00441741 0.00865082 0.00246711
5.83333 0.0272349 0.0134151 0.0131553 0.00694847
6 0.0267899 0.0156059 0.012672 0.00784728
6.16667 0.0316209 0.0117244 0.0149868 0.00613228
6.33333 0.00933542 0.00467626 0.00456707 0.00228418
6.5 0 0 0 0
6.66667 0.0224933 0.00849489 0.0100616 0.00321143
6.83333 0.00966184 0.00966184 0.00462963 0.00462963
7 0.00933542 0.00467626 0.00456707 0.00228418
7.16667 0.0045045 0.0045045 0.00225225 0.00225225
7.33333 0.00889047 0.00444642 0.00408375 0.00207413
7.5 0.00438596 0.00438596 0.0018315 0.0018315
7.66667 0.00877193 0.00877193 0.003663 0.003663
7.83333 0.0179888 0.0115284 0.00780932 0.00477799
8 0.0184338 0.00924905 0.00829263 0.00422998
8.16667 0 0 0 0
8.33333 0 0 0 0
8.5 0.0045045 0.0045045 0.00225225 0.00225225
8.66667 0.00889047 0.00444642 0.00408375 0.00207413
8.83333 0.00483092 0.00483092 0.00231481 0.00231481
9 0 0 0 0
9.16667 0.00438596 0.00438596 0.0018315 0.0018315
9.33333 0.0178995 0.0119408 0.00858826 0.00605253
9.5 0 0 0 0
9.66667 0 0 0 0
9.83333 0 0 0 0
10 0.00483092 0.00483092 0.00231481 0.00231481
11 0.00483092 0.00483092 0.00231481 0.00231481
12 0.0045045 0.0045045 0.00225225 0.00225225
13 0.0045045 0.0045045 0.00225225 0.00225225
14 0 0 0 0
15 0.00900901 0.00900901 0.0045045 0.0045045
16 0 0 0 0
17 0 0 0 0
18 0 0 0 0
19 0 0 0 0
20 0.0045045 0.0045045 0.00225225 0.00225225
21 0 0 0 0
22 0 0 0 0
23 0 0 0 0
24 0 0 0 0
25 0 0 0 0
26 0 0 0 0
27 0 0 0 0
28 0 0 0 0
29 0 0 0 0
30 0 0 0 0
31 0 0 0 0
32 0 0 0 0
33 0 0 0 0
34 0 0 0 0
35 0 0 0 0
36 0 0 0 0
37 0 0 0 0
38 0 0 0 0
39 0 0 0 0
40 0 0 0 0
41 0 0 0 0
42 0 0 0 0
43 0 0 0 0
44 0 0 0 0
45 0 0 0 0
46 0 0 0 0
47 0 0 0 0
48 0 0 0 0
49 0 0 0 0
50 0 0 0 0
51 0 0 0 0
52 0 0 0 0
53 0 0 0 0
54 0 0 0 0
55 0 0 0 0
56 0 0 0 0
57 0 0 0 0
58 0 0 0 0
59 0 0 0 0
60 0 0 0 0
70 0 0 0 0
80 0 0 0 0
90 0 0 0 0
100 0 0 0 0
110 0 0 0 0
120 0 0 0 0
130 0 0 0 0
140 0 0 0 0
150 0 0 0 0
160 0 0 0 0
170 0 0 0 0
180 0 0 0 0
190 0 0 0 0
200 0.00438596 0.00438596 0.0018315 0.0018315
210 0 0 0 0
220 0 0 0 0
230 0 0 0 0
240 0 0 0 0
250 0 0 0 0
260 0 0 0 0
270 0 0 0 0
280 0 0 0 0
290 0 0 0 0
300 0 0 0 0
310 0 0 0 0
320 0 0 0 0
330 0 0 0 0
340 0 0 0 0
350 0 0 0 0
360 0 0 0 0
370 0 0 0 0
380 0 0 0 0
390 0 0 0 0
400 0 0 0 0
410 0 0 0 0
420 0 0 0 0
430 0 0 0 0
440 0 0 0 0
450 0 0 0 0
460 0 0 0 0
470 0 0 0 0
480 0 0 0 0
490 0 0 0 0
500 0 0 0 0
510 0 0 0 0
520 0 0 0 0
530 0 0 0 0
540 0 0 0 0
550 0 0 0 0
560 0 0 0 0
570 0 0 0 0
580 0 0 0 0
590 0 0 0 0
600 0 0 0 0
610 0 0 0 0
620 0 0 0 0
630 0 0 0 0
640 0 0 0 0
650 0 0 0 0
660 0 0 0 0
670 0 0 0 0
680 0 0 0 0
690 0 0 0 0
700 0 0 0 0
710 0 0 0 0
720 0 0 0 0
730 0 0 0 0
740 0 0 0 0
750 0 0 0 0
760 0 0 0 0
770 0 0 0 0
780 0 0 0 0
790 0 0 0 0
800 0 0 0 0
810 0 0 0 0
820 0 0 0 0
830 0 0 0 0
840 0 0 0 0
850 0 0 0 0
860 0 0 0 0
870 0 0 0 0
880 0 0 0 0
890 0 0 0 0
900 0 0 0 0
910 0 0 0 0
920 0 0 0 0
930 0 0 0 0
940 0 0 0 0
950 0 0 0 0
960 0 0 0 0
970 0 0 0 0
980 0 0 0 0
990 0 0 0 0
1000 0 0 0 0
1010 0 0 0 0
1020 0 0 0 0
1030 0 0 0 0
1040 0 0 0 0
1050 0 0 0 0
1060 0 0 0 0
1070 0 0 0 0
1080 0 0 0 0
1090 0 0 0 0
1100 0 0 0 0
1110 0 0 0 0
1120 0 0 0 0
1130 0 0 0 0
1140 0 0 0 0
1150 0 0 0 0
1160 0 0 0 0
1170 0 0 0 0
1180 0 0 0 0
1190 0 0 0 0
1200 0 0 0 0
1210 0 0 0 0
1220 0 0 0 0
1230 0 0 0 0
1240 0 0 0 0
1250 0 0 0 0
1260 0 0 0 0
1270 0 0 0 0
1280 0 0 0 0
1290 0 0 0 0
1300 0 0 0 0
1310 0 0 0 0
1320 0 0 0 0
1330 0 0 0 0
1340 0 0 0 0
1350 0 0 0 0
1360 0 0 0 0
1370 0 0 0 0
1380 0 0 0 0
1390 0 0 0 0
1400 0 0 0 0
1410 0 0 0 0
1420 0 0 0 0
1430 0 0 0 0
1440 0 0 0 0


DSBEnd_Ku
0 0 0 0 0
0.0166667 1 0 0.223701 0.01855
0.0333333 0.678226 0.0447519 0.153317 0.0223574
0.05 0.546239 0.068746 0.12374 0.021789
0.0666667 0.49266 0.0719917 0.110437 0.0189348
0.0833333 0.40953 0.056957 0.08958 0.00637374
0.1 0.334729 0.0586698 0.0731824 0.0102156
0.116667 0.182493 0.0191176 0.0411504 0.00690267
0.133333 0.189974 0.0876645 0.0399727 0.0155141
0.15 0.157899 0.0183926 0.0351725 0.0047216
0.166667 0.114154 0.0152424 0.025111 0.00214268
0.183333 0.160753 0.00891099 0.0356558 0.00142876
0.2 0.158166 0.0306621 0.0342451 0.00377995
0.216667 0.137963 0.038505 0.0296155 0.005789
0.233333 0.0849018 0.0134732 0.0187124 0.00246162
0.25 0.0711933 0.0177762 0.0165227 0.00489414
0.266667 0.0538459 0.00916302 0.0123764 0.00290793
0.283333 0.0289855 0.0289855 0.00732601 0.00732601
0.3 0.0758517 0.00773927 0.0169435 0.00212553
0.316667 0.11235 0.00445357 0.0251735 0.00245321
0.333333 0.104053 0.023857 0.0227961 0.00445549
0.35 0.11337 0.0504756 0.0236376 0.00848457
0.366667 0.106908 0.018011 0.0232795 0.0019027
0.383333 0.0978575 0.0168178 0.0215105 0.00331882
0.4 0.0758517 0.00773927 0.0169435 0.00212553
0.416667 0.0610923 0.0147944 0.0142079 0.00439689
0.433333 0.0567005 0.0172505 0.0128597 0.00416982
0.45 0.0830981 0.00594526 0.018775 0.00265139
0.466667 0.0595552 0.0310913 0.013343 0.00722657
0.483333 0.010101 0.010101 0.00231481 0.00231481
0.5 0.0318401 0.0188423 0.00780932 0.00477799
0.516667 0.0245938 0.0128716 0.00597782 0.00320886
0.533333 0.0621432 0.0350247 0.0147538 0.00806526
0.55 0.0491875 0.0257433 0.0119556 0.00641772
0.566667 0.0336439 0.0188551 0.00774676 0.00478406
0.583333 0.0274484 0.0177268 0.00646113 0.0040384
0.6 0.0217391 0.0217391 0.00549451 0.00549451
0.616667 0.0686053 0.0137647 0.015112 0.00295206
0.633333 0.0419412 0.0210128 0.0101241 0.00511718
0.65 0.0437449 0.0108493 0.0100616 0.00321143
0.666667 0.0310559 0.0211393 0.00633601 0.00392364
0.683333 0.0310559 0.0211393 0.00633601 0.00392364
0.7 0.0357143 0.0357143 0.00675676 0.00675676
0.716667 0.0530617 0.0271534 0.0109031 0.00470226
0.733333 0.0440115 0.0222264 0.00913413 0.00456835
0.75 0.0274484 0.0177268 0.00646113 0.0040384
0.766667 0.0173474 0.00901913 0.00414632 0.00211499
0.783333 0.0217391 0.0217391 0.00549451 0.00549451
0.8 0.0538459 0.00916302 0.0123764 0.00290793
0.816667 0.0729971 0.00764704 0.0164601 0.00276107
0.833333 0.0830981 0.00594526 0.018775 0.00265139
0.85 0.0758517 0.00773927 0.0169435 0.00212553
0.866667 0.0512579 0.0150864 0.0109656 0.00273771
0.883333 0.0393532 0.0113665 0.00871338 0.00261328
0.9 0.0649664 0.0390237 0.0131553 0.00694847
0.916667 0.050207 0.0311119 0.0104198 0.00585844
0.933333 0.060308 0.0237243 0.0127346 0.0039446
0.95 0.062896 0.0169018 0.0141453 0.0043513
0.966667 0.0729971 0.00764704 0.0164601 0.00276107
0.983333 0.0321068 0.0175882 0.00688188 0.00400986
1 0.0346948 0.0180383 0.00829263 0.00422998
1.16667 0.0245938 0.0128716 0.00597782 0.00320886
1.33333 0.0429607 0.0326989 0.00858826 0.00605253
1.5 0.0538459 0.00916302 0.0123764 0.00290793
1.66667 0.0364985 0.00382352 0.00823007 0.00138053
1.83333 0.0119048 0.0119048 0.00225225 0.00225225
2 0.0191511 0.0103907 0.00408375 0.00207413
2.16667 0.0173474 0.00901913 0.00414632 0.00211499
2.33333 0.0465995 0.00735316 0.0105449 0.00207081
2.5 0.0220058 0.0111132 0.00456707 0.00228418
2.66667 0.0144928 0.0144928 0.003663 0.003663
2.83333 0.0220058 0.0111132 0.00456707 0.00228418
3 0.0263975 0.0133877 0.00591526 0.00320004
3.16667 0.0238095 0.0238095 0.0045045 0.0045045
3.33333 0.010101 0.010101 0.00231481 0.00231481
3.5 0 0 0 0
3.66667 0 0 0 0
3.83333 0.0220058 0.0111132 0.00456707 0.00228418
4 0.010101 0.010101 0.00231481 0.00231481
4.16667 0.010101 0.010101 0.00231481 0.00231481
4.33333 0.0364985 0.00382352 0.00823007 0.00138053
4.5 0 0 0 0
4.66667 0.00724638 0.00724638 0.0018315 0.0018315
4.83333 0.0411569 0.0153364 0.00865082 0.00246711
5 0 0 0 0
5.16667 0.010101 0.010101 0.00231481 0.00231481
5.33333 0 0 0 0
5.5 0.0144928 0.0144928 0.003663 0.003663
5.66667 0.00724638 0.00724638 0.0018315 0.0018315
5.83333 0.0119048 0.0119048 0.00225225 0.00225225
6 0 0 0 0
6.16667 0 0 0 0
6.33333 0.010101 0.010101 0.00231481 0.00231481
6.5 0 0 0 0
6.66667 0.0310559 0.0211393 0.00633601 0.00392364
6.83333 0.00724638 0.00724638 0.0018315 0.0018315
7 0.0119048 0.0119048 0.00225225 0.00225225
7.16667 0.010101 0.010101 0.00231481 0.00231481
7.33333 0 0 0 0
7.5 0.00724638 0.00724638 0.0018315 0.0018315
7.66667 0.00724638 0.00724638 0.0018315 0.0018315
7.83333 0.010101 0.010101 0.00231481 0.00231481
8 0 0 0 0
8.16667 0 0 0 0
8.33333 0.0119048 0.0119048 0.00225225 0.00225225
8.5 0 0 0 0
8.66667 0 0 0 0
8.83333 0.020202 0.020202 0.00462963 0.00462963
9 0.010101 0.010101 0.00231481 0.00231481
9.16667 0 0 0 0
9.33333 0 0 0 0
9.5 0.00724638 0.00724638 0.0018315 0.0018315
9.66667 0 0 0 0
9.83333 0 0 0 0
10 0.0119048 0.0119048 0.00225225 0.00225225
11 0 0 0 0
12 0 0 0 0
13 0 0 0 0
14 0 0 0 0
15 0 0 0 0
16 0 0 0 0
17 0 0 0 0
18 0 0 0 0
19 0 0 0 0
20 0.0119048 0.0119048 0.00225225 0.00225225
21 0 0 0 0
22 0 0 0 0
23 0 0 0 0
24 0 0 0 0
25 0 0 0 0
26 0 0 0 0
27 0 0 0 0
28 0 0 0 0
29 0 0 0 0
30 0 0 0 0
31 0 0 0 0
32 0 0 0 0
33 0 0 0 0
34 0 0 0 0
35 0 0 0 0
36 0 0 0 0
37 0 0 0 0
38 0 0 0 0
39 0 0 0 0
40 0 0 0 0
41 0 0 0 0
42 0 0 0 0
43 0 0 0 0
44 0 0 0 0
45 0 0 0 0
46 0 0 0 0
47 0 0 0 0
48 0 0 0 0
49 0 0 0 0
50 0 0 0 0
51 0 0 0 0
52 0 0 0 0
53 0 0 0 0
54 0 0 0 0
55 0 0 0 0
56 0 0 0 0
57 0 0 0 0
58 0 0 0 0
59 0 0 0 0
60 0 0 0 0
70 0 0 0 0
80 0 0 0 0
90 0 0 0 0
100 0 0 0 0
110 0 0 0 0
120 0 0 0 0
130 0 0 0 0
140 0 0 0 0
150 0 0 0 0
160 0 0 0 0
170 0 0 0 0
180 0 0 0 0
190 0 0 0 0
200 0 0 0 0
210 0 0 0 0
220 0 0 0 0
230 0 0 0 0
240 0 0 0 0
250 0 0 0 0
260 0 0 0 0
270 0 0 0 0
280 0 0 0 0
290 0 0 0 0
300 0 0 0 0
310 0 0 0 0
320 0 0 0 0
330 0 0 0 0
340 0 0 0 0
350 0 0 0 0
360 0 0 0 0
370 0 0 0 0
380 0 0 0 0
390 0 0 0 0
400 0 0 0 0
410 0 0 0 0
420 0 0 0 0
430 0 0 0 0
440 0 0 0 0
450 0 0 0 0
460 0 0 0 0
470 0 0 0 0
480 0 0 0 0
490 0 0 0 0
500 0 0 0 0
510 0 0 0 0
520 0 0 0 0
530 0 0 0 0
540 0 0 0 0
550 0 0 0 0
560 0 0 0 0
570 0 0 0 0
580 0 0 0 0
590 0 0 0 0
600 0 0 0 0
610 0 0 0 0
620 0 0 0 0
630 0 0 0 0
640 0 0 0 0
650 0 0 0 0
660 0 0 0 0
670 0 0 0 0
680 0 0 0 0
690 0 0 0 0
700 0 0 0 0
710 0 0 0 0
720 0 0 0 0
730 0 0 0 0
740 0 0 0 0
750 0 0 0 0
760 0 0 0 0
770 0 0 0 0
780 0 0 0 0
790 0 0 0 0
800 0 0 0 0
810 0 0 0 0
820 0 0 0 0
830 0 0 0 0
840 0 0 0 0
850 0 0 0 0
860 0 0 0 0
870 0 0 0 0
880 0 0 0 0
890 0 0 0 0
900 0 0 0 0
910 0 0 0 0
920 0 0 0 0
930 0 0 0 0
940 0 0 0 0
950 0 0 0 0
960 0 0 0 0
970 0 0 0 0
980 0 0 0 0
990 0 0 0 0
1000 0 0 0 0
1010 0 0 0 0
1020 0 0 0 0
1030 0 0 0 0
1040 0 0 0 0
1050 0 0 0 0
1060 0 0 0 0
1070 0 0 0 0
1080 0 0 0 0
1090 0 0 0 0
1100 0 0 0 0
1110 0 0 0 0
1120 0 0 0 0
1130 0 0 0 0
1140 0 0 0 0
1150 0 0 0 0
1160 0 0 0 0
1170 0 0 0 0
1180 0 0 0 0
1190 0 0 0 0
1200 0 0 0 0
1210 0 0 0 0
1220 0 0 0 0
1230 0 0 0 0
1240 0 0 0 0
1250 0 0 0 0
1260 0 0 0 0
1270 0 0 0 0
1280 0 0 0 0
1290 0 0 0 0
1300 0 0 0 0
1310 0 0 0 0
1320 0 0 0 0
1330 0 0 0 0
1340 0 0 0 0
1350 0 0 0 0
1360 0 0 0 0
1370 0 0 0 0
1380 0 0 0 0
1390 0 0 0 0
1400 0 0 0 0
1410 0 0 0 0
1420 0 0 0 0
1430 0 0 0 0
1440 0 0 0 0


DSBEnd_PKcs
0 0 0 0 0
0.0166667 0.114286 0.0594762 0.00414632 0.00211499
0.0333333 0.114286 0.0594762 0.00414632 0.00211499
0.05 0.0416667 0.0416667 0.00225225 0.00225225
0.0666667 0 0 0 0
0.0833333 0.0666667 0.0666667 0.00231481 0.00231481
0.1 0.0416667 0.0416667 0.00225225 0.00225225
0.116667 0.155952 0.022619 0.00639857 0.000455267
0.133333 0.175 0.118145 0.00688188 0.00400986
0.15 0.175 0.118145 0.00688188 0.00400986
0.166667 0.0416667 0.0416667 0.00225225 0.00225225
0.183333 0.0666667 0.0666667 0.00231481 0.00231481
0.2 0.0416667 0.0416667 0.00225225 0.00225225
0.216667 0.114286 0.0594762 0.00414632 0.00211499
0.233333 0.108333 0.0583333 0.00456707 0.00228418
0.25 0.047619 0.047619 0.0018315 0.0018315
0.266667 0.0666667 0.0666667 0.00231481 0.00231481
0.283333 0.108333 0.0583333 0.00456707 0.00228418
0.3 0.155952 0.022619 0.00639857 0.000455267
0.316667 0.0666667 0.0666667 0.00231481 0.00231481
0.333333 0.0666667 0.0666667 0.00231481 0.00231481
0.35 0.0416667 0.0416667 0.00225225 0.00225225
0.366667 0.175 0.118145 0.00688188 0.00400986
0.383333 0.228571 0.118952 0.00829263 0.00422998
0.4 0.283333 0.174005 0.0114489 0.00610202
0.416667 0.222619 0.0888402 0.00871338 0.00261328
0.433333 0.108333 0.0583333 0.00456707 0.00228418
0.45 0.203571 0.0464286 0.00823007 0.00138053
0.466667 0.0892857 0.0449395 0.00408375 0.00207413
0.483333 0.0892857 0.0449395 0.00408375 0.00207413
0.5 0.203571 0.0464286 0.00823007 0.00138053
0.516667 0.136905 0.0826931 0.00591526 0.00320004
0.533333 0.184524 0.127247 0.00774676 0.00478406
0.55 0.317857 0.0967807 0.0123764 0.00290793
0.566667 0.203571 0.0464286 0.00823007 0.00138053
0.583333 0.175 0.118145 0.00688188 0.00400986
0.6 0.155952 0.022619 0.00639857 0.000455267
0.616667 0.203571 0.0464286 0.00823007 0.00138053
0.633333 0.270238 0.0797619 0.0105449 0.00207081
0.65 0.336905 0.139489 0.0128597 0.00416982
0.666667 0.384524 0.138878 0.0146912 0.0041612
0.683333 0.42619 0.101043 0.0169435 0.00212553
0.7 0.42619 0.101043 0.0169435 0.00212553
0.716667 0.42619 0.101043 0.0169435 0.00212553
0.733333 0.311905 0.0452381 0.0127971 0.000910534
0.75 0.245238 0.0248579 0.0104823 0.00191318
0.766667 0.359524 0.0553795 0.0146286 0.000933747
0.783333 0.47381 0.112208 0.018775 0.00265139
0.8 0.47381 0.112208 0.018775 0.00265139
0.816667 0.467857 0.0678571 0.0191957 0.0013658
0.833333 0.582143 0.122804 0.023342 0.00227201
0.85 0.467857 0.0678571 0.0191957 0.0013658
0.866667 0.395238 0.0619048 0.0173016 0.00493422
0.883333 0.353571 0.0346876 0.0150494 0.00274138
0.9 0.264286 0.0745736 0.0109656 0.00273771
0.916667 0.108333 0.0583333 0.00456707 0.00228418
0.933333 0.155952 0.022619 0.00639857 0.000455267
0.95 0.353571 0.0346876 0.0150494 0.00274138
0.966667 0.270238 0.0797619 0.0105449 0.00207081
0.983333 0.108333 0.0583333 0.00456707 0.00228418
1 0.264286 0.0745736 0.0109656 0.00273771
1.16667 0.40119 0.0154762 0.0168809 0.00185283
1.33333 0.239286 0.0698334 0.0109031 0.00470226
1.5 0.15 0.0763763 0.00681932 0.00390152
1.66667 0.245238 0.0248579 0.0104823 0.00191318
1.83333 0.509524 0.0497157 0.021448 0.00305912
2 0.490476 0.0497157 0.0209646 0.00382635
2.16667 0.414286 0.13875 0.017785 0.00640005
2.33333 0.503571 0.109167 0.0218687 0.00660062
2.5 0.197619 0.0309524 0.00865082 0.00246711
2.66667 0.311905 0.0452381 0.0127971 0.000910534
2.83333 0.305952 0.0818663 0.0132179 0.00427857
3 0.239286 0.0698334 0.0109031 0.00470226
3.16667 0.433333 0.233333 0.0182683 0.0091367
3.33333 0.417857 0.122804 0.0190706 0.00785509
3.5 0.532143 0.0678571 0.0232169 0.00577647
3.66667 0.490476 0.0497157 0.0209646 0.00382635
3.83333 0.328571 0.0892143 0.0149868 0.00613228
4 0.570238 0.150965 0.0241835 0.00682128
4.16667 0.62381 0.0904762 0.0255943 0.00182107
4.33333 0.442857 0.0297381 0.0191331 0.00401738
4.5 0.484524 0.0707207 0.0213854 0.00624428
4.66667 0.585714 0.13875 0.0246276 0.00563654
4.83333 0.566667 0.233333 0.0241443 0.00921166
5 0.694048 0.0818663 0.0291947 0.00418733
5.16667 0.596429 0.203571 0.0272381 0.0116495
5.33333 0.646429 0.0346876 0.0273632 0.00373887
5.5 0.665476 0.0690168 0.0278465 0.0034082
5.66667 0.669048 0.138034 0.0291322 0.007929
5.83333 0.634524 0.130024 0.0282047 0.00962852
6 0.640476 0.0553795 0.027784 0.00638684
6.16667 0.72381 0.138341 0.0322885 0.0108878
6.33333 0.665476 0.0690168 0.0278465 0.0034082
6.5 0.484524 0.0707207 0.0213854 0.00624428
6.66667 0.503571 0.109167 0.0218687 0.00660062
6.83333 0.490476 0.0497157 0.0209646 0.00382635
7 0.490476 0.0497157 0.0209646 0.00382635
7.16667 0.59881 0.0154762 0.0255317 0.00413925
7.33333 0.713095 0.0505217 0.029678 0.00205477
7.5 0.665476 0.0690168 0.0278465 0.0034082
7.66667 0.802381 0.0309524 0.0337618 0.00370566
7.83333 0.754762 0.0248579 0.0319303 0.00430603
8 0.754762 0.0248579 0.0319303 0.00430603
8.16667 0.760714 0.0698334 0.0315095 0.00188071
8.33333 0.802381 0.0309524 0.0337618 0.00370566
8.5 0.760714 0.0698334 0.0315095 0.00188071
8.66667 0.713095 0.0505217 0.029678 0.00205477
8.83333 0.671429 0.0892143 0.0274258 0.00021798
9 0.785714 0.14869 0.0315721 0.00232833
9.16667 0.671429 0.0892143 0.0274258 0.00021798
9.33333 0.713095 0.0505217 0.029678 0.00205477
9.5 0.671429 0.0892143 0.0274258 0.00021798
9.66667 0.719048 0.110759 0.0292573 0.00186749
9.83333 0.719048 0.110759 0.0292573 0.00186749
10 0.827381 0.109271 0.0338243 0.000507085
11 0.869048 0.0724138 0.0360766 0.00228876
12 0.760714 0.0698334 0.0315095 0.00188071
13 0.677381 0.152088 0.027005 0.00368555
14 0.719048 0.110759 0.0292573 0.00186749
15 0.719048 0.110759 0.0292573 0.00186749
16 0.669048 0.138034 0.0291322 0.007929
17 0.57381 0.101043 0.0254692 0.0078892
18 0.57381 0.101043 0.0254692 0.0078892
19 0.57381 0.101043 0.0254692 0.0078892
20 0.57381 0.101043 0.0254692 0.0078892
21 0.57381 0.101043 0.0254692 0.0078892
22 0.57381 0.101043 0.0254692 0.0078892
23 0.57381 0.101043 0.0254692 0.0078892
24 0.57381 0.101043 0.0254692 0.0078892
25 0.57381 0.101043 0.0254692 0.0078892
26 0.57381 0.101043 0.0254692 0.0078892
27 0.57381 0.101043 0.0254692 0.0078892
28 0.57381 0.101043 0.0254692 0.0078892
29 0.57381 0.101043 0.0254692 0.0078892
30 0.57381 0.101043 0.0254692 0.0078892
31 0.57381 0.101043 0.0254692 0.0078892
32 0.57381 0.101043 0.0254692 0.0078892
33 0.490476 0.0497157 0.0209646 0.00382635
34 0.490476 0.0497157 0.0209646 0.00382635
35 0.490476 0.0497157 0.0209646 0.00382635
36 0.490476 0.0497157 0.0209646 0.00382635
37 0.490476 0.0497157 0.0209646 0.00382635
38 0.490476 0.0497157 0.0209646 0.00382635
39 0.490476 0.0497157 0.0209646 0.00382635
40 0.490476 0.0497157 0.0209646 0.00382635
41 0.490476 0.0497157 0.0209646 0.00382635
42 0.490476 0.0497157 0.0209646 0.00382635
43 0.490476 0.0497157 0.0209646 0.00382635
44 0.490476 0.0497157 0.0209646 0.00382635
45 0.490476 0.0497157 0.0209646 0.00382635
46 0.490476 0.0497157 0.0209646 0.00382635
47 0.490476 0.0497157 0.0209646 0.00382635
48 0.490476 0.0497157 0.0209646 0.00382635
49 0.490476 0.0497157 0.0209646 0.00382635
50 0.490476 0.0497157 0.0209646 0.00382635
51 0.490476 0.0497157 0.0209646 0.00382635
52 0.490476 0.0497157 0.0209646 0.00382635
53 0.490476 0.0497157 0.0209646 0.00382635
54 0.490476 0.0497157 0.0209646 0.00382635
55 0.490476 0.0497157 0.0209646 0.00382635
56 0.490476 0.0497157 0.0209646 0.00382635
57 0.490476 0.0497157 0.0209646 0.00382635
58 0.490476 0.0497157 0.0209646 0.00382635
59 0.490476 0.0497157 0.0209646 0.00382635
60 0.490476 0.0497157 0.0209646 0.00382635
70 0.490476 0.0497157 0.0209646 0.00382635
80 0.490476 0.0497157 0.0209646 0.00382635
90 0.490476 0.0497157 0.0209646 0.00382635
100 0.490476 0.0497157 0.0209646 0.00382635
110 0.490476 0.0497157 0.0209646 0.00382635
120 0.490476 0.0497157 0.0209646 0.00382635
130 0.490476 0.0497157 0.0209646 0.00382635
140 0.490476 0.0497157 0.0209646 0.00382635
150 0.490476 0.0497157 0.0209646 0.00382635
160 0.490476 0.0497157 0.0209646 0.00382635
170 0.490476 0.0497157 0.0209646 0.00382635
180 0.490476 0.0497157 0.0209646 0.00382635
190 0.490476 0.0497157 0.0209646 0.00382635
200 0.395238 0.0619048 0.0173016 0.00493422
210 0.395238 0.0619048 0.0173016 0.00493422
220 0.395238 0.0619048 0.0173016 0.00493422
230 0.395238 0.0619048 0.0173016 0.00493422
240 0.395238 0.0619048 0.0173016 0.00493422
250 0.395238 0.0619048 0.0173016 0.00493422
260 0.395238 0.0619048 0.0173016 0.00493422
270 0.395238 0.0619048 0.0173016 0.00493422
280 0.395238 0.0619048 0.0173016 0.00493422
290 0.395238 0.0619048 0.0173016 0.00493422
300 0.395238 0.0619048 0.0173016 0.00493422
310 0.395238 0.0619048 0.0173016 0.00493422
320 0.395238 0.0619048 0.0173016 0.00493422
330 0.395238 0.0619048 0.0173016 0.00493422
340 0.395238 0.0619048 0.0173016 0.00493422
350 0.395238 0.0619048 0.0173016 0.00493422
360 0.395238 0.0619048 0.0173016 0.00493422
370 0.395238 0.0619048 0.0173016 0.00493422
380 0.3 0.152753 0.0136386 0.00780303
390 0.3 0.152753 0.0136386 0.00780303
400 0.3 0.152753 0.0136386 0.00780303
410 0.3 0.152753 0.0136386 0.00780303
420 0.3 0.152753 0.0136386 0.00780303
430 0.3 0.152753 0.0136386 0.00780303
440 0.3 0.152753 0.0136386 0.00780303
450 0.3 0.152753 0.0136386 0.00780303
460 0.3 0.152753 0.0136386 0.00780303
470 0.3 0.152753 0.0136386 0.00780303
480 0.3 0.152753 0.0136386 0.00780303
490 0.3 0.152753 0.0136386 0.00780303
500 0.3 0.152753 0.0136386 0.00780303
510 0.3 0.152753 0.0136386 0.00780303
520 0.3 0.152753 0.0136386 0.00780303
530 0.3 0.152753 0.0136386 0.00780303
540 0.3 0.152753 0.0136386 0.00780303
550 0.3 0.152753 0.0136386 0.00780303
560 0.3 0.152753 0.0136386 0.00780303
570 0.3 0.152753 0.0136386 0.00780303
580 0.3 0.152753 0.0136386 0.00780303
590 0.3 0.152753 0.0136386 0.00780303
600 0.3 0.152753 0.0136386 0.00780303
610 0.3 0.152753 0.0136386 0.00780303
620 0.3 0.152753 0.0136386 0.00780303
630 0.3 0.152753 0.0136386 0.00780303
640 0.3 0.152753 0.0136386 0.00780303
650 0.3 0.152753 0.0136386 0.00780303
660 0.3 0.152753 0.0136386 0.00780303
670 0.3 0.152753 0.0136386 0.00780303
680 0.3 0.152753 0.0136386 0.00780303
690 0.3 0.152753 0.0136386 0.00780303
700 0.3 0.152753 0.0136386 0.00780303
710 0.3 0.152753 0.0136386 0.00780303
720 0.3 0.152753 0.0136386 0.00780303
730 0.3 0.152753 0.0136386 0.00780303
740 0.3 0.152753 0.0136386 0.00780303
750 0.3 0.152753 0.0136386 0.00780303
760 0.3 0.152753 0.0136386 0.00780303
770 0.3 0.152753 0.0136386 0.00780303
780 0.3 0.152753 0.0136386 0.00780303
790 0.3 0.152753 0.0136386 0.00780303
800 0.3 0.152753 0.0136386 0.00780303
810 0.3 0.152753 0.0136386 0.00780303
820 0.3 0.152753 0.0136386 0.00780303
830 0.3 0.152753 0.0136386 0.00780303
840 0.3 0.152753 0.0136386 0.00780303
850 0.3 0.152753 0.0136386 0.00780303
860 0.3 0.152753 0.0136386 0.00780303
870 0.3 0.152753 0.0136386 0.00780303
880 0.3 0.152753 0.0136386 0.00780303
890 0.3 0.152753 0.0136386 0.00780303
900 0.3 0.152753 0.0136386 0.00780303
910 0.3 0.152753 0.0136386 0.00780303
920 0.3 0.152753 0.0136386 0.00780303
930 0.3 0.152753 0.0136386 0.00780303
940 0.3 0.152753 0.0136386 0.00780303
950 0.3 0.152753 0.0136386 0.00780303
960 0.3 0.152753 0.0136386 0.00780303
970 0.3 0.152753 0.0136386 0.00780303
980 0.3 0.152753 0.0136386 0.00780303
990 0.3 0.152753 0.0136386 0.00780303
1000 0.3 0.152753 0.0136386 0.00780303
1010 0.3 0.152753 0.0136386 0.00780303
1020 0.3 0.152753 0.0136386 0.00780303
1030 0.3 0.152753 0.0136386 0.00780303
1040 0.3 0.152753 0.0136386 0.00780303
1050 0.3 0.152753 0.0136386 0.00780303
1060 0.3 0.152753 0.0136386 0.00780303
1070 0.3 0.152753 0.0136386 0.00780303
1080 0.3 0.152753 0.0136386 0.00780303
1090 0.3 0.152753 0.0136386 0.00780303
1100 0.3 0.152753 0.0136386 0.00780303
1110 0.3 0.152753 0.0136386 0.00780303
1120 0.3 0.152753 0.0136386 0.00780303
1130 0.3 0.152753 0.0136386 0.00780303
1140 0.3 0.152753 0.0136386 0.00780303
1150 0.3 0.152753 0.0136386 0.00780303
1160 0.216667 0.116667 0.00913413 0.00456835
1170 0.216667 0.116667 0.00913413 0.00456835
1180 0.216667 0.116667 0.00913413 0.00456835
1190 0.216667 0.116667 0.00913413 0.00456835
1200 0.216667 0.116667 0.00913413 0.00456835
1210 0.216667 0.116667 0.00913413 0.00456835
1220 0.216667 0.116667 0.00913413 0.00456835
1230 0.216667 0.116667 0.00913413 0.00456835
1240 0.216667 0.116667 0.00913413 0.00456835
1250 0.216667 0.116667 0.00913413 0.00456835
1260 0.216667 0.116667 0.00913413 0.00456835
1270 0.216667 0.116667 0.00913413 0.00456835
1280 0.216667 0.116667 0.00913413 0.00456835
1290 0.216667 0.116667 0.00913413 0.00456835
1300 0.216667 0.116667 0.00913413 0.00456835
1310 0.216667 0.116667 0.00913413 0.00456835
1320 0.216667 0.116667 0.00913413 0.00456835
1330 0.216667 0.116667 0.00913413 0.00456835
1340 0.216667 0.116667 0.00913413 0.00456835
1350 0.216667 0.116667 0.00913413 0.00456835
1360 0.216667 0.116667 0.00913413 0.00456835
1370 0.216667 0.116667 0.00913413 0.00456835
1380 0.216667 0.116667 0.00913413 0.00456835
1390 0.216667 0.116667 0.00913413 0.00456835
1400 0.216667 0.116667 0.00913413 0.00456835
1410 0.216667 0.116667 0.00913413 0.00456835
1420 0.216667 0.116667 0.00913413 0.00456835
1430 0.216667 0.116667 0.00913413 0.00456835
1440 0.216667 0.116667 0.00913413 0.00456835


DSBSynaptic
0 0 0 0 0
0.0166667 0.181063 0.0191418 0.154329 0.0151855
0.0333333 0.36866 0.0205045 0.314379 0.014255
0.05 0.465611 0.0371398 0.396805 0.0270311
0.0666667 0.549404 0.0433503 0.468242 0.0317259
0.0833333 0.630288 0.0275224 0.537573 0.0174213
0.1 0.684794 0.0260646 0.584132 0.0156356
0.116667 0.755261 0.0172448 0.644455 0.00752135
0.133333 0.790411 0.0128517 0.674554 0.00426671
0.15 0.821175 0.00736535 0.700989 0.00763833
0.166667 0.862523 0.0145239 0.736559 0.0193349
0.183333 0.882702 0.0201043 0.753861 0.024041
0.2 0.897841 0.015664 0.766783 0.0215056
0.216667 0.911821 0.0130713 0.778614 0.0183524
0.233333 0.931177 0.0109847 0.795074 0.0159951
0.25 0.938199 0.0259119 0.801387 0.0301229
0.266667 0.942585 0.0223616 0.80505 0.0268796
0.283333 0.946971 0.0191606 0.808713 0.0237587
0.3 0.946971 0.0191606 0.808713 0.0237587
0.316667 0.946802 0.0266033 0.808587 0.0288745
0.333333 0.956733 0.0147058 0.817005 0.0205701
0.35 0.955088 0.00275393 0.815322 0.00671169
0.366667 0.95492 0.0100039 0.815197 0.0113618
0.383333 0.943999 0.0292724 0.805813 0.0253128
0.4 0.944167 0.020608 0.805938 0.0174384
0.416667 0.945158 0.0143019 0.806904 0.0154673
0.433333 0.938791 0.0259559 0.801308 0.0213519
0.45 0.935395 0.0189245 0.798612 0.0196257
0.466667 0.945158 0.0143019 0.806904 0.0154673
0.483333 0.961119 0.0116925 0.820668 0.0173724
0.5 0.961119 0.0116925 0.820668 0.0173724
0.516667 0.961287 0.00696526 0.820793 0.0148493
0.533333 0.962109 0.0147526 0.821635 0.0213508
0.55 0.956901 0.0113489 0.81713 0.018501
0.566667 0.976425 0.012024 0.833716 0.0171313
0.583333 0.985029 0.000917978 0.840916 0.00845477
0.6 0.985029 0.000917978 0.840916 0.00845477
0.616667 0.984207 0.00902266 0.840075 0.00365599
0.633333 0.975435 0.00445197 0.832749 0.0101493
0.65 0.975435 0.00445197 0.832749 0.0101493
0.666667 0.980811 0.00969946 0.837379 0.0138365
0.683333 0.976425 0.012024 0.833716 0.0171313
0.7 0.976425 0.012024 0.833716 0.0171313
0.716667 0.966663 0.0105889 0.825423 0.0173203
0.733333 0.976257 0.0078669 0.83359 0.0157415
0.75 0.972694 0.019797 0.830769 0.0257826
0.766667 0.968308 0.024082 0.827106 0.0293824
0.783333 0.952347 0.0182833 0.813342 0.0239017
0.8 0.936386 0.0161895 0.799578 0.0201964
0.816667 0.936386 0.0161895 0.799578 0.0201964
0.833333 0.931009 0.0195594 0.794949 0.021586
0.85 0.925147 0.00458989 0.789728 0.00502426
0.866667 0.939295 0.0113192 0.801684 0.00239778
0.883333 0.930523 0.00433966 0.794358 0.00746005
0.9 0.921751 0.00796454 0.787032 0.014591
0.916667 0.932336 0.0128818 0.796166 0.019125
0.933333 0.922574 0.0139305 0.787873 0.0203667
0.95 0.918188 0.0183136 0.78421 0.0240211
0.966667 0.911989 0.00865665 0.778739 0.0158268
0.983333 0.930187 0.0145445 0.794107 0.015125
1 0.916207 0.0107315 0.782277 0.0153412
1.16667 0.859463 0.0252407 0.734113 0.0282171
1.33333 0.816134 0.00980349 0.69661 0.00593036
1.5 0.801986 0.00278331 0.684654 0.00732128
1.66667 0.757728 0.011989 0.646979 0.014796
1.83333 0.753511 0.00861525 0.643442 0.0142876
2 0.72555 0.0217716 0.61978 0.0247066
2.16667 0.698014 0.00278331 0.595916 0.00744492
2.33333 0.63929 0.011163 0.545819 0.0124004
2.5 0.634736 0.0082618 0.542031 0.0127811
2.66667 0.629695 0.0160118 0.537652 0.0161851
2.83333 0.605953 0.0200645 0.517529 0.0208926
3 0.576666 0.0186166 0.492651 0.0210509
3.16667 0.520011 0.0139587 0.444033 0.0144812
3.33333 0.498417 0.0259721 0.425969 0.0264143
3.5 0.470121 0.0379608 0.402057 0.0364651
3.66667 0.444229 0.038942 0.379876 0.0368189
3.83333 0.429427 0.0336098 0.367204 0.0323441
4 0.404039 0.0249443 0.345398 0.0248522
4.16667 0.414456 0.0328523 0.354407 0.0315581
4.33333 0.39609 0.0413167 0.338913 0.0386244
4.5 0.391872 0.0446239 0.335375 0.0413255
4.66667 0.377724 0.0509737 0.32342 0.0465926
4.83333 0.341416 0.0418488 0.292229 0.0385614
5 0.330495 0.0473685 0.282845 0.0429414
5.16667 0.314047 0.0242761 0.26849 0.0232202
5.33333 0.308503 0.0332541 0.263735 0.0303339
5.5 0.28278 0.0397865 0.241678 0.0353314
5.66667 0.277571 0.0348017 0.237174 0.0309386
5.83333 0.256738 0.0163239 0.219156 0.0140905
6 0.256738 0.0163239 0.219156 0.0140905
6.16667 0.241113 0.0112965 0.205642 0.00746005
6.33333 0.239955 0.0244151 0.204551 0.0194023
6.5 0.241113 0.0112965 0.205642 0.00746005
6.66667 0.212162 0.00606358 0.181015 0.00322331
6.83333 0.222579 0.00715097 0.190024 0.00659179
7 0.206954 0.0105339 0.17651 0.007398
7.16667 0.201578 0.0111904 0.171881 0.00757865
7.33333 0.187429 0.00575891 0.159925 0.00365599
7.5 0.177835 0.00356702 0.151758 0.00158474
7.66667 0.163855 0.00679893 0.139927 0.00649423
7.83333 0.158478 0.00148399 0.135297 0.00202834
8 0.158478 0.00148399 0.135297 0.00202834
8.16667 0.158478 0.00148399 0.135297 0.00202834
8.33333 0.134736 0.0082618 0.115174 0.00819481
8.5 0.139944 0.0112275 0.119679 0.0107929
8.66667 0.134736 0.0082618 0.115174 0.00819481
8.83333 0.129191 0.0136227 0.110419 0.0123673
9 0.124805 0.0158762 0.106756 0.0144416
9.16667 0.124805 0.0158762 0.106756 0.0144416
9.33333 0.110003 0.00960599 0.0940845 0.00913803
9.5 0.109835 0.015454 0.0939593 0.0139544
9.66667 0.109835 0.015454 0.0939593 0.0139544
9.83333 0.0992501 0.0132932 0.0848252 0.0118399
10 0.0842795 0.0132212 0.0720281 0.0116742
11 0.0694769 0.00433966 0.0593561 0.00410953
12 0.0501203 0.00670337 0.0428959 0.00611825
13 0.035804 0.0211779 0.0308152 0.0183953
14 0.0252193 0.0190234 0.021681 0.0164944
15 0.0148026 0.0090585 0.012672 0.00784728
16 0.020179 0.00560157 0.0173016 0.00493422
17 0.0149706 0.000917978 0.0127971 0.000910534
18 0.0105847 0.00529434 0.00913413 0.00456835
19 0.00520833 0.00520833 0.0045045 0.0045045
20 0 0 0 0
21 0 0 0 0
22 0 0 0 0
23 0 0 0 0
24 0 0 0 0
25 0 0 0 0
26 0 0 0 0
27 0 0 0 0
28 0 0 0 0
29 0 0 0 0
30 0 0 0 0
31 0 0 0 0
32 0 0 0 0
33 0.00520833 0.00520833 0.0045045 0.0045045
34 0.00520833 0.00520833 0.0045045 0.0045045
35 0.00520833 0.00520833 0.0045045 0.0045045
36 0 0 0 0
37 0 0 0 0
38 0 0 0 0
39 0 0 0 0
40 0 0 0 0
41 0 0 0 0
42 0 0 0 0
43 0 0 0 0
44 0 0 0 0
45 0 0 0 0
46 0 0 0 0
47 0 0 0 0
48 0 0 0 0
49 0 0 0 0
50 0 0 0 0
51 0 0 0 0
52 0 0 0 0
53 0 0 0 0
54 0 0 0 0
55 0 0 0 0
56 0 0 0 0
57 0 0 0 0
58 0 0 0 0
59 0 0 0 0
60 0 0 0 0
70 0 0 0 0
80 0 0 0 0
90 0 0 0 0
100 0 0 0 0
110 0 0 0 0
120 0 0 0 0
130 0 0 0 0
140 0 0 0 0
150 0 0 0 0
160 0 0 0 0
170 0 0 0 0
180 0 0 0 0
190 0 0 0 0
200 0 0 0 0
210 0 0 0 0
220 0 0 0 0
230 0 0 0 0
240 0 0 0 0
250 0 0 0 0
260 0 0 0 0
270 0 0 0 0
280 0 0 0 0
290 0 0 0 0
300 0 0 0 0
310 0 0 0 0
320 0 0 0 0
330 0 0 0 0
340 0 0 0 0
350 0 0 0 0
360 0 0 0 0
370 0 0 0 0
380 0 0 0 0
390 0 0 0 0
400 0 0 0 0
410 0 0 0 0
420 0 0 0 0
430 0 0 0 0
440 0 0 0 0
450 0 0 0 0
460 0 0 0 0
470 0 0 0 0
480 0 0 0 0
490 0 0 0 0
500 0 0 0 0
510 0 0 0 0
520 0 0 0 0
530 0 0 0 0
540 0 0 0 0
550 0 0 0 0
560 0 0 0 0
570 0 0 0 0
580 0 0 0 0
590 0 0 0 0
600 0 0 0 0
610 0 0 0 0
620 0 0 0 0
630 0 0 0 0
640 0 0 0 0
650 0 0 0 0
660 0 0 0 0
670 0 0 0 0
680 0 0 0 0
690 0 0 0 0
700 0 0 0 0
710 0 0 0 0
720 0 0 0 0
730 0 0 0 0
740 0 0 0 0
750 0 0 0 0
760 0 0 0 0
770 0 0 0 0
780 0 0 0 0
790 0 0 0 0
800 0 0 0 0
810 0 0 0 0
820 0 0 0 0
830 0 0 0 0
840 0 0 0 0
850 0 0 0 0
860 0 0 0 0
870 0 0 0 0
880 0 0 0 0
890 0 0 0 0
900 0 0 0 0
910 0 0 0 0
920 0 0 0 0
930 0 0 0 0
940 0 0 0 0
950 0 0 0 0
960 0 0 0 0
970 0 0 0 0
980 0 0 0 0
990 0 0 0 0
1000 0 0 0 0
1010 0 0 0 0
1020 0 0 0 0
1030 0 0 0 0
1040 0 0 0 0
1050 0 0 0 0
1060 0 0 0 0
1070 0 0 0 0
1080 0 0 0 0
1090 0 0 0 0
1100 0 0 0 0
1110 0 0 0 0
1120 0 0 0 0
1130 0 0 0 0
1140 0 0 0 0
1150 0 0 0 0
1160 0 0 0 0
1170 0 0 0 0
1180 0 0 0 0
1190 0 0 0 0
1200 0 0 0 0
1210 0 0 0 0
1220 0 0 0 0
1230 0 0 0 0
1240 0 0 0 0
1250 0 0 0 0
1260 0 0 0 0
1270 0 0 0 0
1280 0 0 0 0
1290 0 0 0 0
1300 0 0 0 0
1310 0 0 0 0
1320 0 0 0 0
1330 0 0 0 0
1340 0 0 0 0
1350 0 0 0 0
1360 0 0 0 0
1370 0 0 0 0
1380 0 0 0 0
1390 0 0 0 0
1400 0 0 0 0
1410 0 0 0 0
1420 0 0 0 0
1430 0 0 0 0
1440 0 0 0 0


DSBSynaptic_Stable
0 0 0 0 0
0.0166667 0 0 0 0
0.0333333 0 0 0 0
0.05 0.00680272 0.00680272 0.00462963 0.00462963
0.0666667 0.00680272 0.00680272 0.00462963 0.00462963
0.0833333 0.0116336 0.00606229 0.00829263 0.00422998
0.1 0.0184364 0.0119465 0.0129223 0.0080768
0.116667 0.0232673 0.0121246 0.0165853 0.00845996
0.133333 0.0280982 0.0140701 0.0202483 0.0102344
0.15 0.0349009 0.0181869 0.0248779 0.0126899
0.166667 0.0349009 0.0181869 0.0248779 0.0126899
0.183333 0.0349009 0.0181869 0.0248779 0.0126899
0.2 0.0462678 0.013363 0.0330454 0.00978828
0.216667 0.0528037 0.00685863 0.0375499 0.00530279
0.233333 0.0528037 0.00685863 0.0375499 0.00530279
0.25 0.0528037 0.00685863 0.0375499 0.00530279
0.266667 0.0596065 0.012272 0.0421795 0.00828324
0.283333 0.0596065 0.012272 0.0421795 0.00828324
0.3 0.0596065 0.012272 0.0421795 0.00828324
0.316667 0.0644374 0.0128856 0.0458425 0.00940941
0.333333 0.0709733 0.00662646 0.0503471 0.00490642
0.35 0.0775093 0.00268668 0.0548516 0.00043596
0.366667 0.084312 0.00903026 0.0594812 0.00498827
0.383333 0.0959456 0.0134783 0.0677738 0.00850211
0.4 0.0959456 0.0134783 0.0677738 0.00850211
0.416667 0.0959456 0.0134783 0.0677738 0.00850211
0.433333 0.107579 0.018849 0.0760665 0.0124689
0.45 0.11241 0.0186818 0.0797295 0.013116
0.466667 0.11241 0.0186818 0.0797295 0.013116
0.483333 0.11241 0.0186818 0.0797295 0.013116
0.5 0.11241 0.0186818 0.0797295 0.013116
0.516667 0.118946 0.0130247 0.084234 0.00875588
0.533333 0.118946 0.0130247 0.084234 0.00875588
0.55 0.125482 0.00870146 0.0887385 0.00467783
0.566667 0.125482 0.00870146 0.0887385 0.00467783
0.583333 0.125482 0.00870146 0.0887385 0.00467783
0.6 0.125482 0.00870146 0.0887385 0.00467783
0.616667 0.125482 0.00870146 0.0887385 0.00467783
0.633333 0.136849 0.00359177 0.096906 0.0012532
0.65 0.14168 0.00229178 0.100569 0.00472189
0.666667 0.146511 0.00665427 0.104232 0.00835806
0.683333 0.151342 0.011401 0.107895 0.0120106
0.7 0.151342 0.011401 0.107895 0.0120106
0.716667 0.156173 0.0161975 0.111558 0.015668
0.733333 0.156173 0.0161975 0.111558 0.015668
0.75 0.162975 0.0147667 0.116188 0.0141615
0.766667 0.167806 0.0190852 0.119851 0.0176538
0.783333 0.187948 0.0155462 0.133614 0.0134642
0.8 0.187948 0.0155462 0.133614 0.0134642
0.816667 0.187948 0.0155462 0.133614 0.0134642
0.833333 0.187948 0.0155462 0.133614 0.0134642
0.85 0.194484 0.00901297 0.138119 0.00931038
0.866667 0.194484 0.00901297 0.138119 0.00931038
0.883333 0.194484 0.00901297 0.138119 0.00931038
0.9 0.194484 0.00901297 0.138119 0.00931038
0.916667 0.20102 0.00249405 0.142623 0.00571505
0.933333 0.20102 0.00249405 0.142623 0.00571505
0.95 0.20585 0.00621574 0.146286 0.00933747
0.966667 0.212386 0.00418146 0.150791 0.00756625
0.983333 0.230823 0.00844937 0.163713 0.00798268
1 0.235654 0.00999283 0.167376 0.0110229
1.16667 0.282542 0.0327695 0.202026 0.0309644
1.33333 0.319148 0.0302416 0.227746 0.0295065
1.5 0.357192 0.0175025 0.254181 0.0213406
1.66667 0.398629 0.0241017 0.283564 0.0251165
1.83333 0.423335 0.0166953 0.300865 0.0208336
2 0.446068 0.0161166 0.3172 0.0227765
2.16667 0.482674 0.0166283 0.34292 0.0218381
2.33333 0.536649 0.0132318 0.381061 0.0203555
2.5 0.54148 0.0163222 0.384724 0.0236969
2.66667 0.554819 0.0121434 0.393858 0.0194989
2.83333 0.585776 0.0264454 0.416803 0.0337114
3 0.617818 0.0252326 0.438984 0.0299203
3.16667 0.683961 0.0282801 0.485668 0.0306088
3.33333 0.698453 0.0372731 0.496657 0.0404697
3.5 0.733087 0.0446903 0.52141 0.0458948
3.66667 0.756088 0.0470341 0.53787 0.0484475
3.83333 0.787329 0.0334999 0.559676 0.0406628
4 0.798696 0.0317773 0.567844 0.0410661
4.16667 0.803527 0.0361314 0.571507 0.0446625
4.33333 0.8285 0.0346992 0.588934 0.0425001
4.5 0.830205 0.0248256 0.589775 0.0357695
4.66667 0.828233 0.0294026 0.588809 0.0409904
4.83333 0.853472 0.0351064 0.60636 0.0408952
5 0.853472 0.0351064 0.60636 0.0408952
5.16667 0.88498 0.0307637 0.628292 0.036047
5.33333 0.885247 0.0413356 0.628417 0.0402524
5.5 0.911924 0.039395 0.646685 0.0336268
5.66667 0.918727 0.0453715 0.651315 0.0352803
5.83333 0.929827 0.0280938 0.659357 0.0277206
6 0.936363 0.0228406 0.663862 0.0236192
6.16667 0.942632 0.00916478 0.668241 0.0175683
6.33333 0.944337 0.0156537 0.669083 0.0119244
6.5 0.944337 0.0156537 0.669083 0.0119244
6.66667 0.950873 0.019881 0.673587 0.011459
6.83333 0.950873 0.019881 0.673587 0.011459
7 0.957409 0.0251179 0.678092 0.0126889
7.16667 0.964212 0.0262537 0.682721 0.00807758
7.33333 0.969309 0.02164 0.686509 0.00851108
7.5 0.980676 0.0193237 0.694677 0.0101163
7.66667 0.980676 0.0193237 0.694677 0.0101163
7.83333 0.958563 0.012057 0.679946 0.0250287
8 0.952027 0.00673913 0.675442 0.0258063
8.16667 0.952027 0.00673913 0.675442 0.0258063
8.33333 0.952914 0.0297183 0.677172 0.0431309
8.5 0.941548 0.0252736 0.669004 0.0405972
8.66667 0.938422 0.0202687 0.666183 0.0330175
8.83333 0.926788 0.0252069 0.65789 0.0338608
9 0.938422 0.0202687 0.666183 0.0330175
9.16667 0.945224 0.0134848 0.670812 0.0292681
9.33333 0.943253 0.0228385 0.669846 0.0363321
9.5 0.956591 0.0193028 0.67898 0.0321615
9.66667 0.945224 0.0134848 0.670812 0.0292681
9.83333 0.953732 0.013363 0.676283 0.0217673
10 0.958563 0.012057 0.679946 0.0250287
11 0.910857 0.00690258 0.646185 0.0240817
12 0.91766 0.0024863 0.650814 0.020952
13 0.888123 0.00494248 0.62985 0.0202586
14 0.842389 0.0175964 0.597054 0.0169761
15 0.804629 0.0257863 0.56948 0.00111472
16 0.786193 0.0248444 0.556558 0.00772473
17 0.731684 0.0199908 0.518167 0.00908417
18 0.685132 0.00642905 0.48626 0.0210354
19 0.640569 0.0230699 0.454056 0.018695
20 0.599666 0.0143268 0.424924 0.0112625
21 0.59654 0.0279085 0.422102 0.0126648
22 0.567004 0.0249544 0.401137 0.00909966
23 0.553665 0.0192413 0.392003 0.00896006
24 0.547129 0.0136746 0.387499 0.00634061
25 0.530931 0.0190975 0.375668 0.00141189
26 0.492887 0.00931885 0.349232 0.00722922
27 0.471858 0.0217816 0.333739 0.00691601
28 0.453689 0.0201103 0.320942 0.0065992
29 0.442322 0.0248587 0.312774 0.0107085
30 0.425857 0.0268663 0.300819 0.00989496
31 0.38442 0.0255647 0.271436 0.00950399
32 0.348615 0.0309276 0.246092 0.0158456
33 0.334122 0.0425219 0.235103 0.0232428
34 0.320783 0.0367983 0.225969 0.019691
35 0.315952 0.0408276 0.222306 0.0224572
36 0.302614 0.0351785 0.213172 0.0189767
37 0.286416 0.0436959 0.201341 0.0253247
38 0.275049 0.0485292 0.193174 0.0291035
39 0.268246 0.0421128 0.188544 0.0246041
40 0.238443 0.038198 0.167455 0.0222316
41 0.238443 0.038198 0.167455 0.0222316
42 0.188765 0.0295065 0.132726 0.0173049
43 0.183934 0.0332528 0.129063 0.0199129
44 0.167737 0.0417655 0.117233 0.0263054
45 0.147595 0.0300751 0.103469 0.0184301
46 0.141059 0.0318562 0.0989643 0.0199983
47 0.127721 0.0279937 0.0898302 0.0177911
48 0.127721 0.0279937 0.0898302 0.0177911
49 0.121185 0.0319431 0.0853257 0.0209068
50 0.121185 0.0319431 0.0853257 0.0209068
51 0.116354 0.0337497 0.0816627 0.0219384
52 0.116354 0.0337497 0.0816627 0.0219384
53 0.103015 0.0312006 0.0725286 0.0206371
54 0.103015 0.0312006 0.0725286 0.0206371
55 0.103015 0.0312006 0.0725286 0.0206371
56 0.0962124 0.0246959 0.0678989 0.0163921
57 0.0962124 0.0246959 0.0678989 0.0163921
58 0.0894097 0.018408 0.0632693 0.0124249
59 0.0845788 0.0193402 0.0596063 0.0125711
60 0.0797478 0.021352 0.0559433 0.0137305
70 0.0482396 0.0180626 0.034012 0.0121477
80 0.0349009 0.0181869 0.0248779 0.0126899
90 0.0232673 0.0121246 0.0165853 0.00845996
100 0.00966184 0.00966184 0.00732601 0.00732601
110 0.00966184 0.00966184 0.00732601 0.00732601
120 0.00966184 0.00966184 0.00732601 0.00732601
130 0.00483092 0.00483092 0.003663 0.003663
140 0.00483092 0.00483092 0.003663 0.003663
150 0.00483092 0.00483092 0.003663 0.003663
160 0.00483092 0.00483092 0.003663 0.003663
170 0 0 0 0
180 0 0 0 0
190 0 0 0 0
200 0 0 0 0
210 0 0 0 0
220 0 0 0 0
230 0 0 0 0
240 0 0 0 0
250 0 0 0 0
260 0 0 0 0
270 0 0 0 0
280 0 0 0 0
290 0 0 0 0
300 0 0 0 0
310 0 0 0 0
320 0 0 0 0
330 0 0 0 0
340 0 0 0 0
350 0 0 0 0
360 0 0 0 0
370 0 0 0 0
380 0.00483092 0.00483092 0.003663 0.003663
390 0.00483092 0.00483092 0.003663 0.003663
400 0 0 0 0
410 0 0 0 0
420 0 0 0 0
430 0 0 0 0
440 0 0 0 0
450 0 0 0 0
460 0 0 0 0
470 0 0 0 0
480 0 0 0 0
490 0 0 0 0
500 0 0 0 0
510 0 0 0 0
520 0 0 0 0
530 0 0 0 0
540 0 0 0 0
550 0 0 0 0
560 0 0 0 0
570 0 0 0 0
580 0 0 0 0
590 0 0 0 0
600 0 0 0 0
610 0 0 0 0
620 0 0 0 0
630 0 0 0 0
640 0 0 0 0
650 0 0 0 0
660 0 0 0 0
670 0 0 0 0
680 0 0 0 0
690 0 0 0 0
700 0 0 0 0
710 0 0 0 0
720 0 0 0 0
730 0 0 0 0
740 0 0 0 0
750 0 0 0 0
760 0 0 0 0
770 0 0 0 0
780 0 0 0 0
790 0 0 0 0
800 0 0 0 0
810 0 0 0 0
820 0 0 0 0
830 0 0 0 0
840 0 0 0 0
850 0 0 0 0
860 0 0 0 0
870 0 0 0 0
880 0 0 0 0
890 0 0 0 0
900 0 0 0 0
910 0 0 0 0
920 0 0 0 0
930 0 0 0 0
940 0 0 0 0
950 0 0 0 0
960 0 0 0 0
970 0 0 0 0
980 0 0 0 0
990 0 0 0 0
1000 0 0 0 0
1010 0 0 0 0
1020 0 0 0 0
1030 0 0 0 0
1040 0 0 0 0
1050 0 0 0 0
1060 0 0 0 0
1070 0 0 0 0
1080 0 0 0 0
1090 0 0 0 0
1100 0 0 0 0
1110 0 0 0 0
1120 0 0 0 0
1130 0 0 0 0
1140 0 0 0 0
1150 0 0 0 0
1160 0.00653595 0.00653595 0.0045045 0.0045045
1170 0.00653595 0.00653595 0.0045045 0.0045045
1180 0 0 0 0
1190 0 0 0 0
1200 0 0 0 0
1210 0 0 0 0
1220 0 0 0 0
1230 0 0 0 0
1240 0 0 0 0
1250 0 0 0 0
1260 0 0 0 0
1270 0 0 0 0
1280 0 0 0 0
1290 0 0 0 0
1300 0 0 0 0
1310 0 0 0 0
1320 0 0 0 0
1330 0 0 0 0
1340 0 0 0 0
1350 0 0 0 0
1360 0 0 0 0
1370 0 0 0 0
1380 0 0 0 0
1390 0 0 0 0
1400 0 0 0 0
1410 0 0 0 0
1420 0 0 0 0
1430 0 0 0 0
1440 0 0 0 0


DSB_Residual
0 1 0 1 0
0.0166667 1 0 1 0
0.0333333 1 0 1 0
0.05 1 0 1 0
0.0666667 1 0 1 0
0.0833333 1 0 1 0
0.1 1 0 1 0
0.116667 1 0 1 0
0.133333 1 0 1 0
0.15 1 0 1 0
0.166667 1 0 1 0
0.183333 1 0 1 0
0.2 1 0 1 0
0.216667 1 0 1 0
0.233333 1 0 1 0
0.25 1 0 1 0
0.266667 1 0 1 0
0.283333 1 0 1 0
0.3 1 0 1 0
0.316667 1 0 1 0
0.333333 1 0 1 0
0.35 1 0 1 0
0.366667 1 0 1 0
0.383333 1 0 1 0
0.4 1 0 1 0
0.416667 1 0 1 0
0.433333 1 0 1 0
0.45 1 0 1 0
0.466667 1 0 1 0
0.483333 1 0 1 0
0.5 1 0 1 0
0.516667 1 0 1 0
0.533333 1 0 1 0
0.55 1 0 1 0
0.566667 1 0 1 0
0.583333 1 0 1 0
0.6 1 0 1 0
0.616667 1 0 1 0
0.633333 1 0 1 0
0.65 1 0 1 0
0.666667 1 0 1 0
0.683333 1 0 1 0
0.7 1 0 1 0
0.716667 1 0 1 0
0.733333 1 0 1 0
0.75 1 0 1 0
0.766667 1 0 1 0
0.783333 1 0 1 0
0.8 1 0 1 0
0.816667 1 0 1 0
0.833333 1 0 1 0
0.85 1 0 1 0
0.866667 1 0 1 0
0.883333 1 0 1 0
0.9 1 0 1 0
0.916667 1 0 1 0
0.933333 1 0 1 0
0.95 1 0 1 0
0.966667 1 0 1 0
0.983333 1 0 1 0
1 1 0 1 0
1.16667 0.995434 0.00456621 0.995495 0.0045045
1.33333 0.990739 0.00463186 0.990866 0.00456835
1.5 0.990739 0.00463186 0.990866 0.00456835
1.66667 0.986044 0.00813271 0.986236 0.00801973
1.83333 0.986044 0.00813271 0.986236 0.00801973
2 0.986044 0.00813271 0.986236 0.00801973
2.16667 0.977815 0.00560247 0.978069 0.00547542
2.33333 0.977815 0.00560247 0.978069 0.00547542
2.5 0.97312 0.00902899 0.973439 0.00885894
2.66667 0.97312 0.00902899 0.973439 0.00885894
2.83333 0.968554 0.010234 0.968935 0.0100435
3 0.964891 0.00657406 0.965272 0.00638348
3.16667 0.964891 0.00657406 0.965272 0.00638348
3.33333 0.964891 0.00657406 0.965272 0.00638348
3.5 0.964891 0.00657406 0.965272 0.00638348
3.66667 0.964891 0.00657406 0.965272 0.00638348
3.83333 0.964891 0.00657406 0.965272 0.00638348
4 0.964891 0.00657406 0.965272 0.00638348
4.16667 0.964891 0.00657406 0.965272 0.00638348
4.33333 0.961228 0.00292173 0.961609 0.0027316
4.5 0.957565 0.000830635 0.957946 0.00100485
4.66667 0.948175 0.00933544 0.948686 0.00911884
4.83333 0.948175 0.00933544 0.948686 0.00911884
5 0.94348 0.014018 0.944057 0.0137305
5.16667 0.934219 0.0167011 0.934923 0.0163346
5.33333 0.929653 0.0157991 0.930418 0.0154096
5.5 0.929653 0.0157991 0.930418 0.0154096
5.66667 0.929653 0.0157991 0.930418 0.0154096
5.83333 0.924958 0.0201062 0.925788 0.0196686
6 0.924958 0.0201062 0.925788 0.0196686
6.16667 0.920263 0.0245558 0.921159 0.0240649
6.33333 0.907339 0.0253436 0.908362 0.0248008
6.5 0.89911 0.0217689 0.900194 0.0212208
6.66667 0.891784 0.0164764 0.892868 0.0159953
6.83333 0.891784 0.0164764 0.892868 0.0159953
7 0.883555 0.0125841 0.884701 0.0120905
7.16667 0.883555 0.0125841 0.884701 0.0120905
7.33333 0.878989 0.0121616 0.880196 0.0115792
7.5 0.878989 0.0121616 0.880196 0.0115792
7.66667 0.874423 0.0133846 0.875692 0.0127498
7.83333 0.855772 0.0245192 0.857298 0.0237584
8 0.851206 0.025525 0.852794 0.0247293
8.16667 0.842848 0.0254574 0.844501 0.0246351
8.33333 0.828763 0.0375535 0.830612 0.0366155
8.5 0.820534 0.0342316 0.822445 0.0332779
8.66667 0.813208 0.0282182 0.815119 0.0273108
8.83333 0.80485 0.0300125 0.806826 0.0291035
9 0.80485 0.0300125 0.806826 0.0291035
9.16667 0.80485 0.0300125 0.806826 0.0291035
9.33333 0.800155 0.0345953 0.802196 0.0336382
9.5 0.800155 0.0345953 0.802196 0.0336382
9.66667 0.791926 0.0307655 0.794029 0.0298001
9.83333 0.788263 0.0283116 0.790366 0.0274004
10 0.788263 0.0283116 0.790366 0.0274004
11 0.74139 0.0219535 0.743932 0.0207547
12 0.724803 0.0196686 0.727472 0.0184513
13 0.686934 0.0200398 0.689922 0.0188707
14 0.644628 0.0146156 0.647993 0.0130897
15 0.612357 0.0112417 0.615914 0.0109477
16 0.599304 0.0194384 0.602992 0.0189763
17 0.552303 0.0161709 0.556433 0.0155172
18 0.516291 0.0204848 0.520863 0.0185425
19 0.479196 0.029311 0.484029 0.0283372
20 0.449814 0.0213182 0.454897 0.020427
21 0.442488 0.0205485 0.447571 0.0205494
22 0.421334 0.0167586 0.426607 0.0169733
23 0.412073 0.0169894 0.417472 0.016471
24 0.407507 0.0137651 0.412968 0.0127799
25 0.395615 0.00885575 0.401137 0.00909966
26 0.368864 0.00939602 0.374702 0.00702974
27 0.353308 0.00143423 0.359208 0.00393214
28 0.340384 0.00128837 0.346411 0.00311306
29 0.332155 0.00294803 0.338243 0.00507085
30 0.320134 0.00637495 0.326288 0.00938825
31 0.290495 0.0124503 0.296905 0.0145556
32 0.264904 0.00866985 0.271561 0.0112536
33 0.253915 0.0181525 0.260572 0.0213108
34 0.244654 0.0138394 0.251438 0.0169523
35 0.240991 0.0172063 0.247775 0.0204148
36 0.227163 0.0135156 0.234137 0.0160572
37 0.215271 0.0198695 0.222306 0.0224572
38 0.207042 0.0236916 0.214139 0.0260572
39 0.202347 0.0191082 0.209509 0.0216815
40 0.181065 0.0166431 0.188419 0.0197422
41 0.181065 0.0166431 0.188419 0.0197422
42 0.145956 0.0116232 0.153691 0.0142792
43 0.142293 0.0141464 0.150028 0.0172409
44 0.130401 0.02055 0.138197 0.0236213
45 0.116445 0.0125841 0.124433 0.0156163
46 0.111879 0.0145092 0.119929 0.0166381
47 0.102618 0.0129994 0.110795 0.0141019
48 0.102618 0.0129994 0.110795 0.0141019
49 0.0980516 0.0168257 0.10629 0.0170918
50 0.0980516 0.0168257 0.10629 0.0170918
51 0.0943886 0.0171292 0.102627 0.0182377
52 0.0943886 0.0171292 0.102627 0.0182377
53 0.0851276 0.0167669 0.0934932 0.0168125
54 0.0851276 0.0167669 0.0934932 0.0168125
55 0.0851276 0.0167669 0.0934932 0.0168125
56 0.0804327 0.0131846 0.0888636 0.0125789
57 0.0804327 0.0131846 0.0888636 0.0125789
58 0.0757379 0.0105177 0.084234 0.00875588
59 0.0720749 0.00891323 0.080571 0.00875271
60 0.0684119 0.00866628 0.076908 0.0101681
70 0.0462268 0.00942334 0.0549767 0.00834385
80 0.0369657 0.0121968 0.0458425 0.00940941
90 0.0286079 0.00873732 0.0375499 0.00530279
100 0.0192182 0.0129857 0.0282907 0.00870261
110 0.0192182 0.0129857 0.0282907 0.00870261
120 0.0192182 0.0129857 0.0282907 0.00870261
130 0.0155552 0.00956193 0.0246276 0.00563654
140 0.0155552 0.00956193 0.0246276 0.00563654
150 0.0155552 0.00956193 0.0246276 0.00563654
160 0.0155552 0.00956193 0.0246276 0.00563654
170 0.0118922 0.00640848 0.0209646 0.00382635
180 0.0118922 0.00640848 0.0209646 0.00382635
190 0.0118922 0.00640848 0.0209646 0.00382635
200 0.0118922 0.00640848 0.0209646 0.00382635
210 0.00822921 0.0041883 0.0173016 0.00493422
220 0.00822921 0.0041883 0.0173016 0.00493422
230 0.00822921 0.0041883 0.0173016 0.00493422
240 0.00822921 0.0041883 0.0173016 0.00493422
250 0.00822921 0.0041883 0.0173016 0.00493422
260 0.00822921 0.0041883 0.0173016 0.00493422
270 0.00822921 0.0041883 0.0173016 0.00493422
280 0.00822921 0.0041883 0.0173016 0.00493422
290 0.00822921 0.0041883 0.0173016 0.00493422
300 0.00822921 0.0041883 0.0173016 0.00493422
310 0.00822921 0.0041883 0.0173016 0.00493422
320 0.00822921 0.0041883 0.0173016 0.00493422
330 0.00822921 0.0041883 0.0173016 0.00493422
340 0.00822921 0.0041883 0.0173016 0.00493422
350 0.00822921 0.0041883 0.0173016 0.00493422
360 0.00822921 0.0041883 0.0173016 0.00493422
370 0.00822921 0.0041883 0.0173016 0.00493422
380 0.00822921 0.0041883 0.0173016 0.00493422
390 0.00822921 0.0041883 0.0173016 0.00493422
400 0.00456621 0.00456621 0.0136386 0.00780303
410 0.00456621 0.00456621 0.0136386 0.00780303
420 0.00456621 0.00456621 0.0136386 0.00780303
430 0.00456621 0.00456621 0.0136386 0.00780303
440 0.00456621 0.00456621 0.0136386 0.00780303
450 0.00456621 0.00456621 0.0136386 0.00780303
460 0.00456621 0.00456621 0.0136386 0.00780303
470 0.00456621 0.00456621 0.0136386 0.00780303
480 0.00456621 0.00456621 0.0136386 0.00780303
490 0.00456621 0.00456621 0.0136386 0.00780303
500 0.00456621 0.00456621 0.0136386 0.00780303
510 0.00456621 0.00456621 0.0136386 0.00780303
520 0.00456621 0.00456621 0.0136386 0.00780303
530 0.00456621 0.00456621 0.0136386 0.00780303
540 0.00456621 0.00456621 0.0136386 0.00780303
550 0.00456621 0.00456621 0.0136386 0.00780303
560 0.00456621 0.00456621 0.0136386 0.00780303
570 0.00456621 0.00456621 0.0136386 0.00780303
580 0.00456621 0.00456621 0.0136386 0.00780303
590 0.00456621 0.00456621 0.0136386 0.00780303
600 0.00456621 0.00456621 0.0136386 0.00780303
610 0.00456621 0.00456621 0.0136386 0.00780303
620 0.00456621 0.00456621 0.0136386 0.00780303
630 0.00456621 0.00456621 0.0136386 0.00780303
640 0.00456621 0.00456621 0.0136386 0.00780303
650 0.00456621 0.00456621 0.0136386 0.00780303
660 0.00456621 0.00456621 0.0136386 0.00780303
670 0.00456621 0.00456621 0.0136386 0.00780303
680 0.00456621 0.00456621 0.0136386 0.00780303
690 0.00456621 0.00456621 0.0136386 0.00780303
700 0.00456621 0.00456621 0.0136386 0.00780303
710 0.00456621 0.00456621 0.0136386 0.00780303
720 0.00456621 0.00456621 0.0136386 0.00780303
730 0.00456621 0.00456621 0.0136386 0.00780303
740 0.00456621 0.00456621 0.0136386 0.00780303
750 0.00456621 0.00456621 0.0136386 0.00780303
760 0.00456621 0.00456621 0.0136386 0.00780303
770 0.00456621 0.00456621 0.0136386 0.00780303
780 0.00456621 0.00456621 0.0136386 0.00780303
790 0.00456621 0.00456621 0.0136386 0.00780303
800 0.00456621 0.00456621 0.0136386 0.00780303
810 0.00456621 0.00456621 0.0136386 0.00780303
820 0.00456621 0.00456621 0.0136386 0.00780303
830 0.00456621 0.00456621 0.0136386 0.00780303
840 0.00456621 0.00456621 0.0136386 0.00780303
850 0.00456621 0.00456621 0.0136386 0.00780303
860 0.00456621 0.00456621 0.0136386 0.00780303
870 0.00456621 0.00456621 0.0136386 0.00780303
880 0.00456621 0.00456621 0.0136386 0.00780303
890 0.00456621 0.00456621 0.0136386 0.00780303
900 0.00456621 0.00456621 0.0136386 0.00780303
910 0.00456621 0.00456621 0.0136386 0.00780303
920 0.00456621 0.00456621 0.0136386 0.00780303
930 0.00456621 0.00456621 0.0136386 0.00780303
940 0.00456621 0.00456621 0.0136386 0.00780303
950 0.00456621 0.00456621 0.0136386 0.00780303
960 0.00456621 0.00456621 0.0136386 0.00780303
970 0.00456621 0.00456621 0.0136386 0.00780303
980 0.00456621 0.00456621 0.0136386 0.00780303
990 0.00456621 0.00456621 0.0136386 0.00780303
1000 0.00456621 0.00456621 0.0136386 0.00780303
1010 0.00456621 0.00456621 0.0136386 0.00780303
1020 0.00456621 0.00456621 0.0136386 0.00780303
1030 0.00456621 0.00456621 0.0136386 0.00780303
1040 0.00456621 0.00456621 0.0136386 0.00780303
1050 0.00456621 0.00456621 0.0136386 0.00780303
1060 0.00456621 0.00456621 0.0136386 0.00780303
1070 0.00456621 0.00456621 0.0136386 0.00780303
1080 0.00456621 0.00456621 0.0136386 0.00780303
1090 0.00456621 0.00456621 0.0136386 0.00780303
1100 0.00456621 0.00456621 0.0136386 0.00780303
1110 0.00456621 0.00456621 0.0136386 0.00780303
1120 0.00456621 0.00456621 0.0136386 0.00780303
1130 0.00456621 0.00456621 0.0136386 0.00780303
1140 0.00456621 0.00456621 0.0136386 0.00780303
1150 0.00456621 0.00456621 0.0136386 0.00780303
1160 0.00456621 0.00456621 0.0136386 0.00780303
1170 0.00456621 0.00456621 0.0136386 0.00780303
1180 0 0 0.00913413 0.00456835
1190 0 0 0.00913413 0.00456835
1200 0 0 0.00913413 0.00456835
1210 0 0 0.00913413 0.00456835
1220 0 0 0.00913413 0.00456835
1230 0 0 0.00913413 0.00456835
1240 0 0 0.00913413 0.00456835
1250 0 0 0.00913413 0.00456835
1260 0 0 0.00913413 0.00456835
1270 0 0 0.00913413 0.00456835
1280 0 0 0.00913413 0.00456835
1290 0 0 0.00913413 0.00456835
1300 0 0 0.00913413 0.00456835
1310 0 0 0.00913413 0.00456835
1320 0 0 0.00913413 0.00456835
1330 0 0 0.00913413 0.00456835
1340 0 0 0.00913413 0.00456835
1350 0 0 0.00913413 0.00456835
1360 0 0 0.00913413 0.00456835
1370 0 0 0.00913413 0.00456835
1380 0 0 0.00913413 0.00456835
1390 0 0 0.00913413 0.00456835
1400 0 0 0.00913413 0.00456835
1410 0 0 0.00913413 0.00456835
1420 0 0 0.00913413 0.00456835
1430 0 0 0.00913413 0.00456835
1440 0 0 0.00913413 0.00456835


Time || Bleached_RelInit SEM_RelInit
1 0 0.0413397
2 0 0.0523501
3 0 0.0457825
4 0.0168317 0.0432032
5 0.0441835 0.0332145
6 0.0606628 0.0381679
7 0.0744194 0.028936
8 0.0983321 0.036677
9 0.109557 0.0382684
10 0.128568 0.0440881
11 0.132797 0.0502069
12 0.136236 0.051916
13 0.136236 0.0567185
14 0.151573 0.0574533
15 0.15829 0.0668718
16 0.166076 0.074525
17 0.173862 0.0639241
18 0.184179 0.0622304
19 0.200541 0.0675702
20 0.223664 0.0686782
21 0.231449 0.0379611
22 0.26224 0.0326288
23 0.26647 0.0358957
24 0.270699 0.0498034
25 0.295402 0.0562142
26 0.305484 0.0648862
27 0.328607 0.0758323
28 0.335485 0.0596615
29 0.377383 0.0592369
30 0.38094 0.0668654
40 0.444572 0.0886378
50 0.478717 0.0634139
60 0.553178 0.0522535
70 0.597373 0.0639594
80 0.678947 0.0598028
90 0.72768 0.0731196
100 0.769023 0.0564947
110 0.786965 0.0542341
120 0.780921 0.0619093
130 0.835187 0.0663237
140 0.849733 0.0865137
150 0.85724 0.0811447
160 0.901744 0.0724946
170 0.906881 0.100673
180 0.924705 0.120467
190 0.93811 0.122527
200 0.955261 0.106116
210 0.95633 0.102968
220 0.987121 0.111684
230 0.993956 0.119763
240 1 0.116875
250 0.981823 0.129152
260 0.963764 0.122305
270 0.955625 0.126411
280 0.974636 0.10561
290 0.966178 0.114886
300 0.959972 0.112346
310 0.962621 0.110352
320 0.957484 0.0948509
330 0.965153 0.0898398
340 0.964918 0.0886775
350 0.956107 0.0896152
360 0.946024 0.0836437
370 0.909145 0.0825496
380 0.924365 0.0826379
390 0.915906 0.0895408
400 0.924482 0.0877396
410 0.916931 0.0867333
420 0.913492 0.0872691
430 0.911078 0.0803788
440 0.871285 0.0905068
450 0.862826 0.0912736
460 0.862036 0.0909833
470 0.831727 0.112904
480 0.820619 0.11017
490 0.803424 0.0999918
500 0.774694 0.102396
510 0.791174 0.102475
520 0.792081 0.0982793
530 0.7707 0.104243
540 0.783388 0.101177
550 0.77149 0.0980926
560 0.764612 0.0898891
570 0.756036 0.0926988
630 0.673073 0.0895859
690 0.642282 0.0871499
750 0.571772 0.0926873
810 0.497267 0.0888287
870 0.428572 0.0783363
930 0.412765 0.0801292
990 0.325338 0.0801007
1050 0.258546 0.0880684
1110 0.18938 0.086175
1170 0.126218 0.0810523
1230 0.12092 0.0817789
1290 0.0815533 0.0800887
1350 0.0644014 0.0800331
1410 0.055943 0.0791453
1470 0.0337279 0.0782895
1530 0 0.0794135
1590 0 0.0793151
1650 0 0.0792198
1710 0 0.0807872
1770 0 0.0804205
1830 0 0.0802541
1890 0 0.0837111
1950 0 0.089055
2010 0 0.0859831
2070 0 0.0883414
2130 0 0.0849951
2190 0 0.0906409
2250 0 0.0945568
2310 0 0.0899384
2370 0 0.0877332
2430 0 0.0877332
2490 0 0.0837275
2550 0 0.085747
2610 0 0.0916205
2670 0 0.0845699
2730 0 0.0858171
2790 0 0.084086
2850 0 0.084086
2910 0 0.0865772
2970 0 0.0865772
3030 0 0.0874725
3090 0 0.0874725
3150 0 0.0863487
3210 0 0.0863487
3270 0 0.0863487
3330 0 0.0830773
3390 0 0.0830773
3450 0 0.0806147
3510 0 0.0806946
3570 0 0.0813581
4170 0 0.0804656
4770 0 0.0807602
5370 0 0.0787829
5970 0 0.0783813
6570 0 0.0783813
7170 0 0.0783813
7770 0 0.0774706
8370 0 0.0774706
8970 0 0.0774706
9570 0 0.0774706
10170 0 0.0771647
10770 0 0.0771647
11370 0 0.0771647
11970 0 0.0773861
12570 0 0.0773861
13170 0 0.0773861
13770 0 0.0773861
14370 0 0.0773861
14970 0 0.0773861
15570 0 0.0773861
16170 0 0.0773861
16770 0 0.0773861
17370 0 0.0773861
17970 0 0.0773861
18570 0 0.0773861
19170 0 0.0773861
19770 0 0.0773861
20370 0 0.0773861
20970 0 0.0773861
21570 0 0.0773861
22170 0 0.0773861
22770 0 0.078516
23370 0 0.078516
23970 0 0.0782142
24570 0 0.0782142
25170 0 0.0782142
25770 0 0.0782142
26370 0 0.0782142
26970 0 0.0782142
27570 0 0.0782142
28170 0 0.0782142
28770 0 0.0782142
29370 0 0.0782142
29970 0 0.0782142
30570 0 0.0782142
31170 0 0.0782142
31770 0 0.0782142
32370 0 0.0782142
32970 0 0.0782142
33570 0 0.0782142
34170 0 0.0782142
34770 0 0.0782142
35370 0 0.0782142
35970 0 0.0782142
36570 0 0.0782142
37170 0 0.0782142
37770 0 0.0782142
38370 0 0.0782142
38970 0 0.0782142
39570 0 0.0782142
40170 0 0.0782142
40770 0 0.0782142
41370 0 0.0782142
41970 0 0.0782142
42570 0 0.0782142
43170 0 0.0782142
43770 0 0.0782142
44370 0 0.0782142
44970 0 0.0782142
45570 0 0.0782142
46170 0 0.0782142
46770 0 0.0782142
47370 0 0.0782142
47970 0 0.0782142
48570 0 0.0782142
49170 0 0.0782142
49770 0 0.0782142
50370 0 0.0782142
50970 0 0.0782142
51570 0 0.0782142
52170 0 0.0782142
52770 0 0.0782142
53370 0 0.0782142
53970 0 0.0782142
54570 0 0.0782142
55170 0 0.0782142
55770 0 0.0782142
56370 0 0.0782142
56970 0 0.0782142
57570 0 0.0782142
58170 0 0.0782142
58770 0 0.0782142
59370 0 0.0782142
59970 0 0.0782142
60570 0 0.0782142
61170 0 0.0782142
61770 0 0.0782142
62370 0 0.0782142
62970 0 0.0782142
63570 0 0.0782142
64170 0 0.0782142
64770 0 0.0782142
65370 0 0.0782142
65970 0 0.0782142
66570 0 0.0782142
67170 0 0.0782142
67770 0 0.0782142
68370 0 0.0782142
68970 0 0.0782142
69570 0 0.0777682
70170 0 0.0777682
70770 0 0.0773069
71370 0 0.0773069
71970 0 0.0773069
72570 0 0.0773069
73170 0 0.0773069
73770 0 0.0773069
74370 0 0.0773069
74970 0 0.0773069
75570 0 0.0773069
76170 0 0.0773069
76770 0 0.0773069
77370 0 0.0773069
77970 0 0.0773069
78570 0 0.0773069
79170 0 0.0773069
79770 0 0.0773069
80370 0 0.0773069
80970 0 0.0773069
81570 0 0.0773069
82170 0 0.0773069
82770 0 0.0773069
83370 0 0.0773069
83970 0 0.0773069
84570 0 0.0773069
85170 0 0.0773069
85770 0 0.0773069
86370 0 0.0773069


Original_Seperation_of_Misrepair
# Separation (nm) | Normalised Frequency
2.6 0.166667
5.2 0.736842
7.8 1
10.4 0.175439


Time_of_Misrepair_Interactions
# Time of Interaction (s) | Normalised Frequency
1 1
2.00001 1
3.00001 0.605263
4.00002 0.447368
5.00002 0.473684
6.00003 0.315789
7.00003 0.394737
8.00004 0.210526
9.00004 0.210526
10 0.315789
11.0001 0.131579
12.0001 0.184211
13.0001 0.105263
14.0001 0.131579
15.0001 0.0789474
16.0001 0.0526316
17.0001 0.0526316
18.0001 0.0263158
19.0001 0.0789474
20.0001 0.131579
21.0001 0.105263
22.0001 0.0789474
23.0001 0.0526316
24.0001 0.0789474
25.0001 0.0789474
26.0001 0.0789474
27.0001 0.0263158
28.0001 0.131579
29.0001 0.131579
31.0001 0.0526316
32.0001 0.0263158
34.0002 0.105263
35.0002 0.0789474
36.0002 0.0526316
37.0002 0.0263158
38.0002 0.0526316
39.0002 0.0263158
40.0002 0.0526316
42.0002 0.0263158
44.0002 0.0789474
45.0002 0.0526316
48.0002 0.0263158
49.0002 0.0526316
50.0002 0.0526316
51.0002 0.0526316
52.0002 0.105263
53.0002 0.0263158
54.0002 0.0789474
55.0003 0.105263
56.0003 0.0526316
57.0003 0.0263158
58.0003 0.0526316
59.0003 0.184211
61.0003 0.0789474
62.0003 0.0263158
63.0003 0.0263158
64.0003 0.0263158
65.0003 0.0263158
68.0003 0.0263158
69.0003 0.105263
70.0003 0.0263158
71.0003 0.0263158
72.0003 0.0789474
75.0003 0.0263158
76.0004 0.0526316
77.0004 0.0263158
78.0004 0.0526316
79.0004 0.0263158
80.0004 0.0526316
81.0004 0.0526316
82.0004 0.0526316
83.0004 0.0263158
84.0004 0.0263158
85.0004 0.0263158
88.0004 0.0263158
89.0004 0.105263
90.0004 0.0263158
91.0004 0.0526316
93.0004 0.0526316
94.0004 0.0526316
95.0004 0.0263158
96.0004 0.0263158
98.0005 0.0263158
99.0005 0.0263158
100 0.0526316
102 0.0263158
103 0.0526316
104 0.0263158
105 0.0526316
106 0.0526316
107 0.0263158
108 0.0526316
110.001 0.0526316
111.001 0.0526316
112.001 0.0526316
113.001 0.0263158
114.001 0.0263158
115.001 0.0526316
117.001 0.0263158
120.001 0.0526316
121.001 0.0526316
124.001 0.0789474
127.001 0.0526316
128.001 0.0526316
129.001 0.0526316
130.001 0.0526316
132.001 0.0263158
133.001 0.0526316
137.001 0.0263158
140.001 0.0526316
141.001 0.105263
143.001 0.0263158
144.001 0.0263158
149.001 0.0263158
150.001 0.0789474
152.001 0.0526316
153.001 0.0263158
155.001 0.0789474
156.001 0.0263158
159.001 0.0263158
163.001 0.131579
165.001 0.0263158
166.001 0.0526316
169.001 0.0263158
171.001 0.0526316
172.001 0.0263158
175.001 0.0263158
176.001 0.0263158
178.001 0.0263158
179.001 0.0263158
181.001 0.0263158
182.001 0.0263158
184.001 0.0263158
188.001 0.0263158
191.001 0.0263158
193.001 0.0789474
198.001 0.0263158
204.001 0.0526316
205.001 0.0526316
209.001 0.0526316
213.001 0.0263158
215.001 0.0263158
216.001 0.0526316
218.001 0.0789474
219.001 0.0526316
222.001 0.0526316
224.001 0.0263158
226.001 0.0263158
227.001 0.0263158
228.001 0.0263158
231.001 0.0263158
232.001 0.0263158
236.001 0.0526316
237.001 0.0263158
239.001 0.0263158
240.001 0.0526316
241.001 0.0263158
244.001 0.0263158
245.001 0.0526316
247.001 0.0263158
252.001 0.0526316
258.001 0.0263158
259.001 0.0526316
260.001 0.0789474
261.001 0.0263158
266.001 0.0263158
267.001 0.0263158
268.001 0.0526316
272.001 0.0263158
278.001 0.0263158
283.001 0.0263158
285.001 0.0263158
286.001 0.0263158
287.001 0.0526316
288.001 0.0263158
289.001 0.0263158
291.001 0.0526316
293.001 0.0263158
295.001 0.0263158
302.001 0.0263158
305.001 0.0263158
306.001 0.0263158
307.001 0.0526316
310.001 0.0526316
317.001 0.0526316
318.001 0.0263158
324.001 0.0263158
326.002 0.0263158
328.002 0.0526316
329.002 0.0263158
331.002 0.0526316
332.002 0.0263158
337.002 0.0263158
339.002 0.0526316
341.002 0.0263158
347.002 0.0263158
349.002 0.0789474
350.002 0.0263158
352.002 0.0263158
356.002 0.0263158
358.002 0.0263158
365.002 0.0263158
367.002 0.0263158
373.002 0.0526316
375.002 0.0526316
376.002 0.0263158
377.002 0.0263158
381.002 0.0263158
383.002 0.0263158
384.002 0.0263158
385.002 0.0263158
386.002 0.0263158
396.002 0.0526316
397.002 0.0263158
401.002 0.0263158
403.002 0.0263158
407.002 0.0263158
410.002 0.0263158
411.002 0.0263158
417.002 0.0263158
418.002 0.0263158
425.002 0.0263158
428.002 0.0263158
433.002 0.0263158
434.002 0.0263158
435.002 0.0263158
444.002 0.0263158
447.002 0.0263158
448.002 0.0263158
457.002 0.0263158
459.002 0.0263158
463.002 0.0263158
465.002 0.0526316
477.002 0.0263158
478.002 0.0263158
480.002 0.0263158
482.002 0.0263158
483.002 0.0263158
484.002 0.0263158
487.002 0.0526316
502.002 0.0263158
506.002 0.0263158
514.002 0.0263158
519.002 0.0263158
520.002 0.0263158
523.002 0.0263158
527.002 0.0263158
530.002 0.0263158
531.002 0.0263158
541.003 0.0263158
549.003 0.0263158
563.003 0.0263158
565.003 0.0263158
570.003 0.0263158
577.003 0.0263158
578.003 0.0263158
601.003 0.0263158
602.003 0.0263158
607.003 0.0263158
608.003 0.0263158
610.003 0.0263158
613.003 0.0263158
614.003 0.0263158
618.003 0.0263158
634.003 0.0263158
654.003 0.0263158
656.003 0.0263158
657.003 0.0263158
658.003 0.0263158
662.003 0.0263158
668.003 0.0263158
677.003 0.0263158
689.003 0.0263158
690.003 0.0263158
711.003 0.0263158
729.003 0.0263158
738.003 0.0263158
758.004 0.0263158
775.004 0.0263158
801.004 0.0263158
814.004 0.0263158
891.004 0.0263158
915.004 0.0263158
962.004 0.0263158
996.005 0.0263158
1205.01 0.0263158
1217.01 0.0263158
11947.1 0.0263158
12007.1 0.0263158
22683.1 0.0263158
22772.1 0.0263158
69479.3 0.0263158


MSD_of_DSB
# Time (s) | MSD


Displacement_at_End
# Displacement (nm) | Normalised Frequency
5.2 0.222222
13 0.111111
20.8 0.166667
23.4 0.111111
26 0.222222
28.6 0.166667
31.2 0.333333
33.8 0.611111
36.4 0.222222
39 0.333333
41.6 0.944444
44.2 0.833333
46.8 0.5
49.4 0.666667
52 0.611111
54.6 0.722222
57.2 1
59.8 0.5
62.4 0.944444
65 0.611111
67.6 0.722222
70.2 0.388889
72.8 0.555556
75.4 0.333333
78 0.444444
80.6 0.5
83.2 0.666667
85.8 0.388889
88.4 0.833333
91 0.777778
93.6 0.444444
96.2 0.555556
98.8 0.555556
101.4 0.333333
104 0.444444
106.6 0.277778
109.2 0.333333
111.8 0.444444
114.4 0.222222
117 0.388889
119.6 0.277778
122.2 0.111111
124.8 0.388889
127.4 0.277778
130 0.222222
132.6 0.611111
135.2 0.444444
137.8 0.222222
140.4 0.388889
143 0.333333
145.6 0.166667
148.2 0.388889
150.8 0.0555556
153.4 0.111111
156 0.0555556
161.2 0.277778
163.8 0.277778
166.4 0.166667
169 0.333333
171.6 0.0555556
174.2 0.166667
176.8 0.111111
179.4 0.111111
182 0.0555556
184.6 0.0555556
187.2 0.111111
189.8 0.222222
192.4 0.222222
205.4 0.0555556
210.6 0.0555556
234 0.166667
236.6 0.111111
239.2 0.0555556
273 0.0555556
275.6 0.0555556
301.6 0.0555556
304.2 0.0555556


Displacement_of_ResidualEnds
62.4 0.5
98.8 1
106.6 0.5


Displacement_of_ResidualSyn


