#Time | Normalised to Self | SEM_NTS | Normalised to Initial DSBs | SEM_NTI
Ku_Recruitment
0 0 0
0.0166667 0.385261 0.0499515
0.0333333 0.504359 0.0229795
0.05 0.571725 0.0310302
0.0666667 0.608117 0.0485678
0.0833333 0.636159 0.0238033
0.1 0.698309 0.0311998
0.116667 0.738635 0.0438948
0.133333 0.751121 0.0697275
0.15 0.765536 0.0811894
0.166667 0.771817 0.105653
0.183333 0.778022 0.0918851
0.2 0.811203 0.0837988
0.216667 0.837177 0.0775002
0.233333 0.835248 0.0737446
0.25 0.870575 0.0749245
0.266667 0.892336 0.0587978
0.283333 0.893401 0.0490296
0.3 0.904745 0.056722
0.316667 0.924438 0.0578955
0.333333 0.933714 0.0587633
0.35 0.933714 0.0689879
0.366667 0.940921 0.0764089
0.383333 0.951199 0.073415
0.4 0.957404 0.0677624
0.416667 0.957404 0.0630554
0.433333 0.949194 0.0572325
0.45 0.962682 0.061535
0.466667 0.959472 0.0560413
0.483333 0.957543 0.0514372
0.5 0.962682 0.0460483
0.516667 0.965892 0.0306739
0.533333 0.965892 0.037038
0.55 0.967961 0.0421488
0.566667 0.967961 0.0524007
0.583333 0.979381 0.0674387
0.6 0.968887 0.0539043
0.616667 0.969952 0.0544843
0.633333 0.964813 0.0514723
0.65 0.98037 0.0449822
0.666667 0.988719 0.0539686
0.683333 0.986651 0.0563357
0.7 0.969952 0.0371872
0.716667 0.973023 0.0453005
0.733333 0.971094 0.0427751
0.75 0.976233 0.0545815
0.766667 0.983441 0.0439443
0.783333 0.985509 0.0457124
0.8 0.975091 0.0422585
0.816667 0.975091 0.0395204
0.833333 0.975091 0.0376703
0.85 0.98023 0.039995
0.866667 0.991651 0.0459032
0.883333 0.997932 0.0531715
0.9 1 0.0577971
0.916667 0.994861 0.0503326
0.933333 0.988719 0.039842
0.95 0.984583 0.0428226
0.966667 0.975307 0.0463561
0.983333 0.985585 0.0458999
1 0.987654 0.0468978


PKcs_Recruitment
0 0 0
0.0166667 0.1772 0.0461074
0.0333333 0.334143 0.0158435
0.05 0.444333 0.0101218
0.0666667 0.486013 0.0243715
0.0833333 0.588701 0.0142622
0.1 0.642627 0.0306091
0.116667 0.685249 0.0424046
0.133333 0.713133 0.0693467
0.15 0.728722 0.0812377
0.166667 0.750466 0.105231
0.183333 0.76505 0.0917701
0.2 0.79315 0.0839274
0.216667 0.804594 0.0770081
0.233333 0.805662 0.0720032
0.25 0.840057 0.0740382
0.266667 0.868157 0.0585635
0.283333 0.868297 0.0489651
0.3 0.887026 0.0551263
0.316667 0.90662 0.0579501
0.333333 0.917987 0.0588746
0.35 0.931504 0.0690065
0.366667 0.938726 0.0764549
0.383333 0.942871 0.0728426
0.4 0.950093 0.0677381
0.416667 0.957315 0.063152
0.433333 0.951161 0.0573511
0.45 0.957455 0.061499
0.466667 0.947944 0.05603
0.483333 0.937644 0.050921
0.5 0.958383 0.0457125
0.516667 0.955306 0.0280415
0.533333 0.9616 0.0365771
0.55 0.963672 0.0417645
0.566667 0.969967 0.0525093
0.583333 0.972116 0.0674128
0.6 0.9616 0.0538087
0.616667 0.960595 0.0542928
0.633333 0.96474 0.0515373
0.65 0.966813 0.0450369
0.666667 0.986623 0.0539214
0.683333 0.982478 0.056109
0.7 0.971962 0.0372643
0.716667 0.96989 0.0451013
0.733333 0.971034 0.0428137
0.75 0.968962 0.0544898
0.766667 0.980329 0.0437332
0.783333 0.985479 0.0457602
0.8 0.970818 0.0418757
0.816667 0.970818 0.0390989
0.833333 0.977112 0.0377484
0.85 0.977112 0.0397456
0.866667 0.982262 0.0456303
0.883333 1 0.0532817
0.9 1 0.0578798
0.916667 0.996923 0.0504369
0.933333 0.986623 0.0397088
0.95 0.986623 0.0429113
0.966667 0.972179 0.0461658
0.983333 0.982478 0.0457059
1 0.987628 0.0469493


XRCC4_Recruitment
0 0 0
0.0166667 0 0
0.0333333 0 0
0.05 0 0
0.0666667 0 0
0.0833333 0 0
0.1 0.00774527 0.00774527
0.116667 0.00774527 0.00774527
0.133333 0.0154905 0.0154905
0.15 0.0154905 0.0154905
0.166667 0.0154905 0.0154905
0.183333 0.0154905 0.0154905
0.2 0.0154905 0.0154905
0.216667 0.0154905 0.0154905
0.233333 0.0154905 0.0154905
0.25 0.0154905 0.0154905
0.266667 0.0154905 0.0154905
0.283333 0.0154905 0.0154905
0.3 0.0232358 0.0232358
0.316667 0.0232358 0.0232358
0.333333 0.0309811 0.0309811
0.35 0.0464716 0.0464716
0.366667 0.0542169 0.0542169
0.383333 0.0542169 0.0542169
0.4 0.0542169 0.0542169
0.416667 0.0542169 0.0542169
0.433333 0.0542169 0.0542169
0.45 0.0542169 0.0542169
0.466667 0.0542169 0.0542169
0.483333 0.0812079 0.054929
0.5 0.100454 0.0541838
0.516667 0.123976 0.0335599
0.533333 0.123976 0.0335599
0.55 0.131722 0.0408138
0.566667 0.131722 0.0408138
0.583333 0.131722 0.0408138
0.6 0.131722 0.0408138
0.616667 0.131722 0.0408138
0.633333 0.131722 0.0408138
0.65 0.131722 0.0408138
0.666667 0.131722 0.0408138
0.683333 0.131722 0.0408138
0.7 0.16299 0.0354664
0.716667 0.170735 0.0430713
0.733333 0.170735 0.0430713
0.75 0.186225 0.0583918
0.766667 0.209748 0.0538729
0.783333 0.209748 0.0538729
0.8 0.209748 0.0538729
0.816667 0.209748 0.0538729
0.833333 0.209748 0.0538729
0.85 0.233271 0.0591744
0.866667 0.233271 0.0591744
0.883333 0.233271 0.0591744
0.9 0.241016 0.0639878
0.916667 0.241016 0.0639878
0.933333 0.260262 0.0452625
0.95 0.260262 0.0452625
0.966667 0.260262 0.0452625
0.983333 0.260262 0.0452625
1 0.260262 0.0452625
1.16667 0.33748 0.0520332
1.33333 0.361002 0.044296
1.5 0.442784 0.0482111
1.66667 0.489543 0.0715866
1.83333 0.528556 0.0915037
2 0.532024 0.0664535
2.16667 0.539769 0.0722116
2.33333 0.578783 0.0891237
2.5 0.633573 0.115837
2.66667 0.660564 0.09978
2.83333 0.715355 0.133978
3 0.746623 0.1534
3.16667 0.762113 0.156345
3.33333 0.773614 0.136636
3.5 0.816382 0.138904
3.66667 0.874641 0.142793
3.83333 0.898164 0.164099
4 0.898164 0.164099
4.16667 0.960987 0.232569
4.33333 0.976477 0.22891
4.5 1 0.251362
4.66667 0.992255 0.253277
4.83333 0.987978 0.217103
5 0.980233 0.219515


DSB_Residual
0 -27.3948 -0 1 0
0.0166667 -27.3948 -0 1 0
0.0333333 -27.3948 -0 1 0
0.05 -27.3948 -0 1 0
0.0666667 -27.3948 -0 1 0
0.0833333 -27.3948 -0 1 0
0.1 -27.3948 -0 1 0
0.116667 -27.3948 -0 1 0
0.133333 -27.3948 -0 1 0
0.15 -27.3948 -0 1 0
0.166667 -27.3948 -0 1 0
0.183333 -27.3948 -0 1 0
0.2 -27.3948 -0 1 0
0.216667 -27.3948 -0 1 0
0.233333 -27.3948 -0 1 0
0.25 -27.3948 -0 1 0
0.266667 -27.3948 -0 1 0
0.283333 -27.3948 -0 1 0
0.3 -27.3948 -0 1 0
0.316667 -27.3948 -0 1 0
0.333333 -27.3948 -0 1 0
0.35 -27.3948 -0 1 0
0.366667 -27.3948 -0 1 0
0.383333 -27.3948 -0 1 0
0.4 -27.3948 -0 1 0
0.416667 -27.3948 -0 1 0
0.433333 -27.3948 -0 1 0
0.45 -27.3948 -0 1 0
0.466667 -27.3948 -0 1 0
0.483333 -27.3948 -0 1 0
0.5 -27.3948 -0 1 0
0.516667 -27.3948 -0 1 0
0.533333 -27.3948 -0 1 0
0.55 -27.3948 -0 1 0
0.566667 -27.3948 -0 1 0
0.583333 -27.3948 -0 1 0
0.6 -27.3948 -0 1 0
0.616667 -27.3948 -0 1 0
0.633333 -27.3948 -0 1 0
0.65 -27.3948 -0 1 0
0.666667 -27.3948 -0 1 0
0.683333 -27.3948 -0 1 0
0.7 -27.3948 -0 1 0
0.716667 -27.3948 -0 1 0
0.733333 -27.3948 -0 1 0
0.75 -27.3948 -0 1 0
0.766667 -27.3948 -0 1 0
0.783333 -27.3948 -0 1 0
0.8 -27.3948 -0 1 0
0.816667 -27.3948 -0 1 0
0.833333 -27.3948 -0 1 0
0.85 -27.3948 -0 1 0
0.866667 -27.3948 -0 1 0
0.883333 -27.3948 -0 1 0
0.9 -27.3948 -0 1 0
0.916667 -27.3948 -0 1 0
0.933333 -27.3948 -0 1 0
0.95 -27.3948 -0 1 0
0.966667 -27.3948 -0 1 0
0.983333 -27.3948 -0 1 0
1 -27.3948 -0 1 0
1.16667 -27.3948 -0 1 0
1.33333 -27.3948 -0 1 0
1.5 -27.3948 -0 1 0
1.66667 -27.2835 -0.111361 0.995935 0.00406504
1.83333 -27.2835 -0.111361 0.995935 0.00406504
2 -26.9453 -0.298534 0.983589 0.0108975
2.16667 -26.8339 -0.297764 0.979524 0.0108693
2.33333 -26.4458 -0.0595373 0.965358 0.00217331
2.5 -26.1691 -0.217315 0.955257 0.00793269
2.66667 -26.1691 -0.217315 0.955257 0.00793269
2.83333 -26.0577 -0.186389 0.951192 0.0068038
3 -26.0577 -0.186389 0.951192 0.0068038
3.16667 -25.7195 -0.200167 0.938846 0.00730676
3.33333 -25.6082 -0.121333 0.934781 0.00442903
3.5 -25.4968 -0.119075 0.930716 0.00434661
3.66667 -25.4968 -0.119075 0.930716 0.00434661
3.83333 -25.4968 -0.119075 0.930716 0.00434661
4 -25.4968 -0.119075 0.930716 0.00434661
4.16667 -25.3855 -0.196057 0.926651 0.00715673
4.33333 -25.3855 -0.196057 0.926651 0.00715673
4.5 -25.2741 -0.295805 0.922586 0.0107979
4.66667 -25.1627 -0.401704 0.918521 0.0146635
4.83333 -24.8245 -0.455132 0.906176 0.0166138
5 -24.7132 -0.517831 0.902111 0.0189025
5.16667 -24.375 -0.710658 0.889765 0.0259413
5.33333 -24.375 -0.710658 0.889765 0.0259413
5.5 -24.375 -0.710658 0.889765 0.0259413
5.66667 -24.375 -0.710658 0.889765 0.0259413
5.83333 -24.1522 -0.79128 0.881635 0.0288843
6 -24.1522 -0.79128 0.881635 0.0288843
6.16667 -24.1522 -0.79128 0.881635 0.0288843
6.33333 -24.1522 -0.79128 0.881635 0.0288843
6.5 -24.1522 -0.79128 0.881635 0.0288843
6.66667 -24.1522 -0.79128 0.881635 0.0288843
6.83333 -24.1522 -0.79128 0.881635 0.0288843
7 -23.814 -1.00819 0.869289 0.0368023
7.16667 -23.7027 -1.03756 0.865224 0.0378744
7.33333 -23.7027 -1.03756 0.865224 0.0378744
7.5 -23.5913 -1.07769 0.861159 0.0393393
7.66667 -23.5913 -1.07769 0.861159 0.0393393
7.83333 -23.5913 -1.07769 0.861159 0.0393393
8 -23.3146 -0.803076 0.851058 0.0293149
8.16667 -23.2032 -0.850769 0.846993 0.0310558
8.33333 -22.7537 -1.09651 0.830582 0.0400263
8.5 -22.4769 -0.826906 0.820481 0.0301847
8.66667 -22.4769 -0.826906 0.820481 0.0301847
8.83333 -22.4769 -0.826906 0.820481 0.0301847
9 -22.4769 -0.826906 0.820481 0.0301847
9.16667 -22.1387 -1.09262 0.808136 0.039884
9.33333 -21.7507 -0.852245 0.79397 0.0311097
9.5 -21.7507 -0.852245 0.79397 0.0311097
9.66667 -21.7507 -0.852245 0.79397 0.0311097
9.83333 -21.4739 -0.624208 0.783868 0.0227856
10 -21.4739 -0.624208 0.783868 0.0227856
11 -21.4739 -0.624208 0.783868 0.0227856
12 -20.5748 -1.22128 0.751047 0.0445805
13 -20.0139 -1.50225 0.730571 0.0548369
14 -18.8995 -1.36634 0.689894 0.0498759
15 -17.7777 -1.91393 0.648942 0.0698646
16 -17.5549 -1.89203 0.640812 0.0690652
17 -17.2782 -1.6647 0.630711 0.0607668
18 -16.7173 -1.95038 0.610235 0.0711952
19 -15.9411 -1.4801 0.581903 0.0540286
20 -15.5531 -1.24842 0.567737 0.0455712
21 -15.165 -1.02112 0.553571 0.0372742
22 -13.9891 -1.43014 0.510648 0.0522047
23 -13.3783 -1.13951 0.488352 0.0415957
24 -12.7135 -0.785533 0.464085 0.0286745
25 -11.8759 -0.880726 0.433509 0.0321494
26 -11.6532 -0.753927 0.425378 0.0275208
27 -11.315 -1.09199 0.413033 0.0398613
28 -10.9768 -1.43013 0.400687 0.0522042
29 -10.5313 -1.27555 0.384427 0.0465619
30 -10.5313 -1.27555 0.384427 0.0465619
31 -9.74766 -1.54465 0.355821 0.0563846
32 -9.29809 -1.83747 0.33941 0.0670738
33 -8.46044 -1.89388 0.308834 0.0691327
34 -8.12223 -2.20154 0.296488 0.0803634
35 -7.89951 -2.18421 0.288358 0.0797309
36 -7.78815 -2.18403 0.284293 0.0797243
37 -6.67379 -2.00433 0.243615 0.0731645
38 -6.67379 -2.00433 0.243615 0.0731645
39 -6.11286 -2.29292 0.223139 0.0836991
40 -5.83615 -2.06616 0.213038 0.0754216
41 -5.83615 -2.06616 0.213038 0.0754216
42 -5.72478 -2.05535 0.208973 0.075027
43 -5.50206 -2.05177 0.200843 0.0748963
44 -5.50206 -2.05177 0.200843 0.0748963
45 -5.50206 -2.05177 0.200843 0.0748963
46 -5.50206 -2.05177 0.200843 0.0748963
47 -5.50206 -2.05177 0.200843 0.0748963
48 -5.50206 -2.05177 0.200843 0.0748963
49 -5.05249 -2.34326 0.184432 0.0855367
50 -5.05249 -2.34326 0.184432 0.0855367
51 -4.94113 -2.34689 0.180367 0.085669
52 -4.94113 -2.34689 0.180367 0.085669
53 -4.94113 -2.34689 0.180367 0.085669
54 -4.82977 -2.35577 0.176302 0.0859934
55 -4.82977 -2.35577 0.176302 0.0859934
56 -4.71841 -2.36987 0.172237 0.0865078
57 -4.71841 -2.36987 0.172237 0.0865078
58 -4.71841 -2.36987 0.172237 0.0865078
59 -4.71841 -2.36987 0.172237 0.0865078
60 -4.44169 -2.11463 0.162136 0.0771907
70 -4.16498 -1.86552 0.152035 0.0680974
80 -4.05362 -1.87348 0.14797 0.0683881
90 -3.66554 -1.63234 0.133804 0.0595856
100 -3.66554 -1.63234 0.133804 0.0595856
110 -3.38883 -1.38481 0.123703 0.05055
120 -3.27747 -1.3912 0.119638 0.0507834
130 -3.1661 -1.40641 0.115573 0.0513386
140 -3.1661 -1.40641 0.115573 0.0513386
150 -2.88939 -1.15008 0.105472 0.0419815
160 -2.88939 -1.15008 0.105472 0.0419815
170 -2.88939 -1.15008 0.105472 0.0419815
180 -2.88939 -1.15008 0.105472 0.0419815
190 -2.88939 -1.15008 0.105472 0.0419815
200 -2.88939 -1.15008 0.105472 0.0419815
210 -2.88939 -1.15008 0.105472 0.0419815
220 -2.88939 -1.15008 0.105472 0.0419815
230 -2.88939 -1.15008 0.105472 0.0419815
240 -2.88939 -1.15008 0.105472 0.0419815
250 -2.88939 -1.15008 0.105472 0.0419815
260 -2.88939 -1.15008 0.105472 0.0419815
270 -2.88939 -1.15008 0.105472 0.0419815
280 -2.88939 -1.15008 0.105472 0.0419815
290 -2.88939 -1.15008 0.105472 0.0419815
300 -2.77803 -1.16585 0.101407 0.0425574
310 -2.77803 -1.16585 0.101407 0.0425574
320 -2.77803 -1.16585 0.101407 0.0425574
330 -2.77803 -1.16585 0.101407 0.0425574
340 -2.77803 -1.16585 0.101407 0.0425574
350 -2.77803 -1.16585 0.101407 0.0425574
360 -2.77803 -1.16585 0.101407 0.0425574
370 -2.77803 -1.16585 0.101407 0.0425574
380 -2.77803 -1.16585 0.101407 0.0425574
390 -2.77803 -1.16585 0.101407 0.0425574
400 -2.77803 -1.16585 0.101407 0.0425574
410 -2.77803 -1.16585 0.101407 0.0425574
420 -2.77803 -1.16585 0.101407 0.0425574
430 -2.77803 -1.16585 0.101407 0.0425574
440 -2.77803 -1.16585 0.101407 0.0425574
450 -2.77803 -1.16585 0.101407 0.0425574
460 -2.77803 -1.16585 0.101407 0.0425574
470 -2.77803 -1.16585 0.101407 0.0425574
480 -2.77803 -1.16585 0.101407 0.0425574
490 -2.77803 -1.16585 0.101407 0.0425574
500 -2.77803 -1.16585 0.101407 0.0425574
510 -2.77803 -1.16585 0.101407 0.0425574
520 -2.77803 -1.16585 0.101407 0.0425574
530 -2.77803 -1.16585 0.101407 0.0425574
540 -2.77803 -1.16585 0.101407 0.0425574
550 -2.77803 -1.16585 0.101407 0.0425574
560 -2.77803 -1.16585 0.101407 0.0425574
570 -2.77803 -1.16585 0.101407 0.0425574
580 -2.77803 -1.16585 0.101407 0.0425574
590 -2.77803 -1.16585 0.101407 0.0425574
600 -2.77803 -1.16585 0.101407 0.0425574
610 -2.77803 -1.16585 0.101407 0.0425574
620 -2.77803 -1.16585 0.101407 0.0425574
630 -2.77803 -1.16585 0.101407 0.0425574
640 -2.77803 -1.16585 0.101407 0.0425574
650 -2.77803 -1.16585 0.101407 0.0425574
660 -2.66667 -1.19187 0.097342 0.043507
670 -2.66667 -1.19187 0.097342 0.043507
680 -2.66667 -1.19187 0.097342 0.043507
690 -2.66667 -1.19187 0.097342 0.043507
700 -2.66667 -1.19187 0.097342 0.043507
710 -2.66667 -1.19187 0.097342 0.043507
720 -2.66667 -1.19187 0.097342 0.043507
730 -2.66667 -1.19187 0.097342 0.043507
740 -2.66667 -1.19187 0.097342 0.043507
750 -2.66667 -1.19187 0.097342 0.043507
760 -2.66667 -1.19187 0.097342 0.043507
770 -2.66667 -1.19187 0.097342 0.043507
780 -2.66667 -1.19187 0.097342 0.043507
790 -2.66667 -1.19187 0.097342 0.043507
800 -2.66667 -1.19187 0.097342 0.043507
810 -2.66667 -1.19187 0.097342 0.043507
820 -2.66667 -1.19187 0.097342 0.043507
830 -2.66667 -1.19187 0.097342 0.043507
840 -2.66667 -1.19187 0.097342 0.043507
850 -2.66667 -1.19187 0.097342 0.043507
860 -2.66667 -1.19187 0.097342 0.043507
870 -2.66667 -1.19187 0.097342 0.043507
880 -2.66667 -1.19187 0.097342 0.043507
890 -2.66667 -1.19187 0.097342 0.043507
900 -2.66667 -1.19187 0.097342 0.043507
910 -2.66667 -1.19187 0.097342 0.043507
920 -2.66667 -1.19187 0.097342 0.043507
930 -2.66667 -1.19187 0.097342 0.043507
940 -2.66667 -1.19187 0.097342 0.043507
950 -2.66667 -1.19187 0.097342 0.043507
960 -2.66667 -1.19187 0.097342 0.043507
970 -2.66667 -1.19187 0.097342 0.043507
980 -2.66667 -1.19187 0.097342 0.043507
990 -2.66667 -1.19187 0.097342 0.043507
1000 -2.66667 -1.19187 0.097342 0.043507
1010 -2.66667 -1.19187 0.097342 0.043507
1020 -2.66667 -1.19187 0.097342 0.043507
1030 -2.66667 -1.19187 0.097342 0.043507
1040 -2.66667 -1.19187 0.097342 0.043507
1050 -2.66667 -1.19187 0.097342 0.043507
1060 -2.66667 -1.19187 0.097342 0.043507
1070 -2.66667 -1.19187 0.097342 0.043507
1080 -2.66667 -1.19187 0.097342 0.043507
1090 -2.66667 -1.19187 0.097342 0.043507
1100 -2.66667 -1.19187 0.097342 0.043507
1110 -2.66667 -1.19187 0.097342 0.043507
1120 -2.66667 -1.19187 0.097342 0.043507
1130 -2.66667 -1.19187 0.097342 0.043507
1140 -2.66667 -1.19187 0.097342 0.043507
1150 -2.66667 -1.19187 0.097342 0.043507
1160 -2.66667 -1.19187 0.097342 0.043507
1170 -2.66667 -1.19187 0.097342 0.043507
1180 -2.66667 -1.19187 0.097342 0.043507
1190 -2.66667 -1.19187 0.097342 0.043507
1200 -2.66667 -1.19187 0.097342 0.043507
1210 -2.66667 -1.19187 0.097342 0.043507
1220 -2.66667 -1.19187 0.097342 0.043507
1230 -2.66667 -1.19187 0.097342 0.043507
1240 -2.66667 -1.19187 0.097342 0.043507
1250 -2.66667 -1.19187 0.097342 0.043507
1260 -2.66667 -1.19187 0.097342 0.043507
1270 -2.66667 -1.19187 0.097342 0.043507
1280 -2.66667 -1.19187 0.097342 0.043507
1290 -2.66667 -1.19187 0.097342 0.043507
1300 -2.66667 -1.19187 0.097342 0.043507
1310 -2.66667 -1.19187 0.097342 0.043507
1320 -2.66667 -1.19187 0.097342 0.043507
1330 -2.66667 -1.19187 0.097342 0.043507
1340 -2.66667 -1.19187 0.097342 0.043507
1350 -2.66667 -1.19187 0.097342 0.043507
1360 -2.66667 -1.19187 0.097342 0.043507
1370 -2.66667 -1.19187 0.097342 0.043507
1380 -2.66667 -1.19187 0.097342 0.043507
1390 -2.66667 -1.19187 0.097342 0.043507
1400 -2.66667 -1.19187 0.097342 0.043507
1410 -2.66667 -1.19187 0.097342 0.043507
1420 -2.66667 -1.19187 0.097342 0.043507
1430 -2.66667 -1.19187 0.097342 0.043507
1440 -2.66667 -1.19187 0.097342 0.043507


DSBEnd
0 1 0 1 0
0.0166667 0.162061 0.0141522 0.162061 0.0141522
0.0333333 0.0725138 0.019812 0.0725138 0.019812
0.05 0.035552 0.00855424 0.035552 0.00855424
0.0666667 0.0234185 0.00665481 0.0234185 0.00665481
0.0833333 0.0794599 0.0123005 0.0794599 0.0123005
0.1 0.0366127 0.0139766 0.0366127 0.0139766
0.116667 0.0121951 0.0121951 0.0121951 0.0121951
0.133333 0.0244039 0.0034019 0.0244039 0.0034019
0.15 0.0172456 0.0106131 0.0172456 0.0106131
0.166667 0.0162602 0.0162602 0.0162602 0.0162602
0.183333 0.0213859 0.00465357 0.0213859 0.00465357
0.2 0.0122704 0.00613555 0.0122704 0.00613555
0.216667 0.0295913 0.00722107 0.0295913 0.00722107
0.233333 0.0356273 0.00612146 0.0356273 0.00612146
0.25 0.0204758 0.0108693 0.0204758 0.0108693
0.266667 0.00820536 0.00544873 0.00820536 0.00544873
0.283333 0.0244039 0.0034019 0.0244039 0.0034019
0.3 0.0366127 0.0139766 0.0366127 0.0139766
0.316667 0.0152884 0.00182669 0.0152884 0.00182669
0.333333 0.00911555 0.00463699 0.00911555 0.00463699
0.35 0.0152884 0.00182669 0.0152884 0.00182669
0.366667 0.0132559 0.00370878 0.0132559 0.00370878
0.383333 0.0101626 0.0101626 0.0101626 0.0101626
0.4 0.0111481 0.00564731 0.0111481 0.00564731
0.416667 0.00911555 0.00463699 0.00911555 0.00463699
0.433333 0.0203389 0.00530595 0.0203389 0.00530595
0.45 0 0 0 0
0.466667 0.0102379 0.00543467 0.0102379 0.00543467
0.483333 0.00911555 0.00463699 0.00911555 0.00463699
0.5 0.00911555 0.00463699 0.00911555 0.00463699
0.516667 0.00708303 0.00440153 0.00708303 0.00440153
0.533333 0.00505051 0.00505051 0.00505051 0.00505051
0.55 0 0 0 0
0.566667 0.0173209 0.00108665 0.0173209 0.00108665
0.583333 0.00609756 0.00609756 0.00609756 0.00609756
0.6 0.0184432 0.0106919 0.0184432 0.0106919
0.616667 0.0224467 0.0113905 0.0224467 0.0113905
0.633333 0.00406504 0.00406504 0.00406504 0.00406504
0.65 0.00617284 0.00617284 0.00617284 0.00617284
0.666667 0.00203252 0.00203252 0.00203252 0.00203252
0.683333 0.00505051 0.00505051 0.00505051 0.00505051
0.7 0.0173209 0.00108665 0.0173209 0.00108665
0.716667 0.0173209 0.00108665 0.0173209 0.00108665
0.733333 0.0151515 0.0151515 0.0151515 0.0151515
0.75 0 0 0 0
0.766667 0.00203252 0.00203252 0.00203252 0.00203252
0.783333 0 0 0 0
0.8 0.00911555 0.00463699 0.00911555 0.00463699
0.816667 0 0 0 0
0.833333 0 0 0 0
0.85 0.0173962 0.0107504 0.0173962 0.0107504
0.866667 0.00820536 0.00544873 0.00820536 0.00544873
0.883333 0 0 0 0
0.9 0 0 0 0
0.916667 0.00708303 0.00440153 0.00708303 0.00440153
0.933333 0 0 0 0
0.95 0.00203252 0.00203252 0.00203252 0.00203252
0.966667 0.00911555 0.00463699 0.00911555 0.00463699
0.983333 0.00203252 0.00203252 0.00203252 0.00203252
1 0 0 0 0
1.16667 0.0234937 0.00683209 0.0234937 0.00683209
1.33333 0.00203252 0.00203252 0.00203252 0.00203252
1.5 0.00203252 0.00203252 0.00203252 0.00203252
1.66667 0.010101 0.010101 0.010101 0.010101
1.83333 0.00203252 0.00203252 0.00203252 0.00203252
2 0.00911555 0.00463699 0.00911555 0.00463699
2.16667 0 0 0 0
2.33333 0 0 0 0
2.5 0 0 0 0
2.66667 0.0121335 0.0092537 0.0121335 0.0092537
2.83333 0 0 0 0
3 0 0 0 0
3.16667 0 0 0 0
3.33333 0 0 0 0
3.5 0.00203252 0.00203252 0.00203252 0.00203252
3.66667 0 0 0 0
3.83333 0 0 0 0
4 0 0 0 0
4.16667 0 0 0 0
4.33333 0 0 0 0
4.5 0.00505051 0.00505051 0.00505051 0.00505051
4.66667 0.00203252 0.00203252 0.00203252 0.00203252
4.83333 0 0 0 0
5 0.00505051 0.00505051 0.00505051 0.00505051
5.16667 0.00505051 0.00505051 0.00505051 0.00505051
5.33333 0 0 0 0
5.5 0 0 0 0
5.66667 0.0123457 0.0123457 0.0123457 0.0123457
5.83333 0.00406504 0.00406504 0.00406504 0.00406504
6 0.00203252 0.00203252 0.00203252 0.00203252
6.16667 0 0 0 0
6.33333 0 0 0 0
6.5 0.00203252 0.00203252 0.00203252 0.00203252
6.66667 0.00203252 0.00203252 0.00203252 0.00203252
6.83333 0 0 0 0
7 0.00203252 0.00203252 0.00203252 0.00203252
7.16667 0 0 0 0
7.33333 0 0 0 0
7.5 0.00406504 0.00406504 0.00406504 0.00406504
7.66667 0 0 0 0
7.83333 0.00505051 0.00505051 0.00505051 0.00505051
8 0.00708303 0.00440153 0.00708303 0.00440153
8.16667 0.00203252 0.00203252 0.00203252 0.00203252
8.33333 0 0 0 0
8.5 0 0 0 0
8.66667 0 0 0 0
8.83333 0 0 0 0
9 0.00203252 0.00203252 0.00203252 0.00203252
9.16667 0 0 0 0
9.33333 0.00203252 0.00203252 0.00203252 0.00203252
9.5 0 0 0 0
9.66667 0 0 0 0
9.83333 0 0 0 0
10 0.00203252 0.00203252 0.00203252 0.00203252
11 0 0 0 0
12 0 0 0 0
13 0 0 0 0
14 0 0 0 0
15 0 0 0 0
16 0 0 0 0
17 0 0 0 0
18 0 0 0 0
19 0 0 0 0
20 0 0 0 0
21 0 0 0 0
22 0 0 0 0
23 0 0 0 0
24 0 0 0 0
25 0 0 0 0
26 0 0 0 0
27 0 0 0 0
28 0 0 0 0
29 0.00203252 0.00203252 0.00203252 0.00203252
30 0 0 0 0
31 0 0 0 0
32 0 0 0 0
33 0 0 0 0
34 0 0 0 0
35 0 0 0 0
36 0 0 0 0
37 0.00203252 0.00203252 0.00203252 0.00203252
38 0 0 0 0
39 0 0 0 0
40 0 0 0 0
41 0 0 0 0
42 0 0 0 0
43 0 0 0 0
44 0 0 0 0
45 0 0 0 0
46 0 0 0 0
47 0 0 0 0
48 0 0 0 0
49 0 0 0 0
50 0 0 0 0
51 0 0 0 0
52 0 0 0 0
53 0 0 0 0
54 0 0 0 0
55 0 0 0 0
56 0 0 0 0
57 0 0 0 0
58 0 0 0 0
59 0 0 0 0
60 0 0 0 0
70 0 0 0 0
80 0 0 0 0
90 0 0 0 0
100 0 0 0 0
110 0 0 0 0
120 0 0 0 0
130 0 0 0 0
140 0 0 0 0
150 0 0 0 0
160 0 0 0 0
170 0 0 0 0
180 0 0 0 0
190 0 0 0 0
200 0 0 0 0
210 0 0 0 0
220 0 0 0 0
230 0 0 0 0
240 0 0 0 0
250 0 0 0 0
260 0 0 0 0
270 0 0 0 0
280 0 0 0 0
290 0 0 0 0
300 0 0 0 0
310 0 0 0 0
320 0 0 0 0
330 0 0 0 0
340 0 0 0 0
350 0 0 0 0
360 0 0 0 0
370 0 0 0 0
380 0 0 0 0
390 0 0 0 0
400 0 0 0 0
410 0 0 0 0
420 0 0 0 0
430 0 0 0 0
440 0 0 0 0
450 0 0 0 0
460 0 0 0 0
470 0 0 0 0
480 0 0 0 0
490 0 0 0 0
500 0 0 0 0
510 0 0 0 0
520 0 0 0 0
530 0 0 0 0
540 0 0 0 0
550 0 0 0 0
560 0 0 0 0
570 0 0 0 0
580 0 0 0 0
590 0 0 0 0
600 0 0 0 0
610 0 0 0 0
620 0 0 0 0
630 0 0 0 0
640 0 0 0 0
650 0 0 0 0
660 0 0 0 0
670 0 0 0 0
680 0 0 0 0
690 0 0 0 0
700 0 0 0 0
710 0 0 0 0
720 0 0 0 0
730 0 0 0 0
740 0 0 0 0
750 0 0 0 0
760 0 0 0 0
770 0 0 0 0
780 0 0 0 0
790 0 0 0 0
800 0 0 0 0
810 0 0 0 0
820 0 0 0 0
830 0 0 0 0
840 0 0 0 0
850 0 0 0 0
860 0 0 0 0
870 0 0 0 0
880 0 0 0 0
890 0 0 0 0
900 0 0 0 0
910 0 0 0 0
920 0 0 0 0
930 0 0 0 0
940 0 0 0 0
950 0 0 0 0
960 0 0 0 0
970 0 0 0 0
980 0 0 0 0
990 0 0 0 0
1000 0 0 0 0
1010 0 0 0 0
1020 0 0 0 0
1030 0 0 0 0
1040 0 0 0 0
1050 0 0 0 0
1060 0 0 0 0
1070 0 0 0 0
1080 0 0 0 0
1090 0 0 0 0
1100 0 0 0 0
1110 0 0 0 0
1120 0 0 0 0
1130 0 0 0 0
1140 0 0 0 0
1150 0 0 0 0
1160 0 0 0 0
1170 0 0 0 0
1180 0 0 0 0
1190 0 0 0 0
1200 0 0 0 0
1210 0 0 0 0
1220 0 0 0 0
1230 0 0 0 0
1240 0 0 0 0
1250 0 0 0 0
1260 0 0 0 0
1270 0 0 0 0
1280 0 0 0 0
1290 0 0 0 0
1300 0 0 0 0
1310 0 0 0 0
1320 0 0 0 0
1330 0 0 0 0
1340 0 0 0 0
1350 0 0 0 0
1360 0 0 0 0
1370 0 0 0 0
1380 0 0 0 0
1390 0 0 0 0
1400 0 0 0 0
1410 0 0 0 0
1420 0 0 0 0
1430 0 0 0 0
1440 0 0 0 0


DSBEnd_Inhibited
0 0 0 0 0
0.0166667 1 0 0.459322 0.0106119
0.0333333 0.938851 0.031315 0.431825 0.02376
0.05 0.873345 0.0749273 0.402583 0.0422009
0.0666667 0.823472 0.0336996 0.378952 0.0239897
0.0833333 0.640318 0.0659456 0.295352 0.0366985
0.1 0.600236 0.0678936 0.277121 0.0373393
0.116667 0.567374 0.0615444 0.261908 0.0338538
0.133333 0.513445 0.0756217 0.237428 0.0399325
0.15 0.49819 0.0771606 0.230421 0.0399259
0.166667 0.487804 0.0557209 0.225233 0.0303443
0.183333 0.462977 0.0638689 0.21401 0.0339599
0.2 0.411995 0.0624394 0.190516 0.0329121
0.216667 0.319092 0.0594572 0.147669 0.0305902
0.233333 0.310032 0.0693439 0.143529 0.0349733
0.25 0.268706 0.0838662 0.123963 0.0403128
0.266667 0.248665 0.0764747 0.114848 0.0370305
0.283333 0.21153 0.0542316 0.097602 0.0264204
0.3 0.15944 0.0680534 0.0742452 0.0330887
0.316667 0.165335 0.0473568 0.0762161 0.0227536
0.333333 0.158627 0.0301093 0.0732734 0.0152624
0.35 0.145293 0.0399921 0.0671005 0.0195042
0.366667 0.133799 0.0426159 0.06205 0.0209457
0.383333 0.118544 0.0282133 0.0550423 0.0141374
0.4 0.102776 0.0355171 0.0479593 0.017174
0.416667 0.10705 0.0387037 0.0499918 0.0187168
0.433333 0.100937 0.0266456 0.0468369 0.0133096
0.45 0.116705 0.0258817 0.05392 0.012905
0.466667 0.100937 0.0266456 0.0468369 0.0133096
0.483333 0.108158 0.0177733 0.0498549 0.00894548
0.5 0.0966637 0.0224085 0.0448044 0.0113028
0.516667 0.0948246 0.0294806 0.0436821 0.0140445
0.533333 0.0990981 0.0329365 0.0457146 0.0157773
0.55 0.106319 0.0331715 0.0487326 0.0152219
0.566667 0.0686708 0.0343363 0.0314117 0.0157352
0.583333 0.0686708 0.0343363 0.0314117 0.0157352
0.6 0.0643973 0.0324408 0.0293792 0.0147114
0.616667 0.052903 0.0271231 0.0243287 0.0126784
0.633333 0.105505 0.0337675 0.0477608 0.0141255
0.65 0.0673445 0.0398502 0.0303646 0.0174956
0.666667 0.0587975 0.041095 0.0262996 0.0179477
0.683333 0.0558503 0.0301467 0.0253141 0.0133742
0.7 0.0649101 0.0195424 0.0294544 0.00817765
0.716667 0.0576894 0.00895539 0.0264365 0.00395933
0.733333 0.0662364 0.0144244 0.0305015 0.00697637
0.75 0.0892249 0.0282714 0.0406025 0.0121941
0.766667 0.0691836 0.0184913 0.031487 0.00779179
0.783333 0.0691836 0.0184913 0.031487 0.00779179
0.8 0.0710227 0.00470305 0.0326093 0.00221452
0.816667 0.091064 0.00680105 0.0417248 0.0024767
0.833333 0.091064 0.00680105 0.0417248 0.0024767
0.85 0.0414088 0.0261372 0.0192781 0.0124931
0.866667 0.0371353 0.0222454 0.0172456 0.0106131
0.883333 0.0414088 0.0261372 0.0192781 0.0124931
0.9 0.0371353 0.0222454 0.0172456 0.0106131
0.916667 0.0328618 0.0185226 0.0152131 0.00880113
0.933333 0.063071 0.0402512 0.0283321 0.0176061
0.95 0.0673445 0.0398502 0.0303646 0.0174956
0.966667 0.071618 0.0399055 0.0323971 0.0176203
0.983333 0.0643973 0.0324408 0.0293792 0.0147114
1 0.0643973 0.0324408 0.0293792 0.0147114
1.16667 0.153457 0.0637331 0.0705565 0.0296473
1.33333 0.153457 0.0637331 0.0705565 0.0296473
1.5 0.0552549 0.013289 0.0255263 0.00634329
1.66667 0.0509814 0.0145547 0.0234937 0.00683209
1.83333 0.0243148 0.0122115 0.0111481 0.00564731
2 0.0473033 0.0301884 0.0212491 0.0132046
2.16667 0.0200413 0.0103406 0.00911555 0.00463699
2.33333 0.0315355 0.0201256 0.0141661 0.00880306
2.5 0.0473033 0.0301884 0.0212491 0.0132046
2.66667 0.0315355 0.0201256 0.0141661 0.00880306
2.83333 0.027262 0.0211776 0.0121335 0.0092537
3 0.048547 0.0364852 0.0225836 0.0168577
3.16667 0.0218803 0.0116991 0.0102379 0.00543467
3.33333 0.0176068 0.0117924 0.00820536 0.00544873
3.5 0.0261538 0.0130845 0.0122704 0.00613555
3.66667 0.0218803 0.0116991 0.0102379 0.00543467
3.83333 0.0042735 0.0042735 0.00203252 0.00203252
4 0 0 0 0
4.16667 0.0157678 0.0100628 0.00708303 0.00440153
4.33333 0.027262 0.0211776 0.0121335 0.0092537
4.5 0.0387563 0.032557 0.017184 0.0142444
4.66667 0.0114943 0.0114943 0.00505051 0.00505051
4.83333 0.0381609 0.0231671 0.0173962 0.0107504
5 0.0509814 0.0145547 0.0234937 0.00683209
5.16667 0.0176068 0.0117924 0.00820536 0.00544873
5.33333 0.0229885 0.0229885 0.010101 0.010101
5.5 0.0042735 0.0042735 0.00203252 0.00203252
5.66667 0.0128205 0.0128205 0.00609756 0.00609756
5.83333 0.0309402 0.0248075 0.0143782 0.0114653
6 0.0176068 0.0117924 0.00820536 0.00544873
6.16667 0.025641 0.025641 0.0121951 0.0121951
6.33333 0.0157678 0.0100628 0.00708303 0.00440153
6.5 0.0128205 0.0128205 0.00609756 0.00609756
6.66667 0.017094 0.017094 0.00813008 0.00813008
6.83333 0.0042735 0.0042735 0.00203252 0.00203252
7 0 0 0 0
7.16667 0.00854701 0.00854701 0.00406504 0.00406504
7.33333 0.0128205 0.0128205 0.00609756 0.00609756
7.5 0.00854701 0.00854701 0.00406504 0.00406504
7.66667 0.027262 0.0211776 0.0121335 0.0092537
7.83333 0.00854701 0.00854701 0.00406504 0.00406504
8 0.0128205 0.0128205 0.00609756 0.00609756
8.16667 0 0 0 0
8.33333 0.0157678 0.0100628 0.00708303 0.00440153
8.5 0 0 0 0
8.66667 0.017094 0.017094 0.00813008 0.00813008
8.83333 0.017094 0.017094 0.00813008 0.00813008
9 0.0042735 0.0042735 0.00203252 0.00203252
9.16667 0.0042735 0.0042735 0.00203252 0.00203252
9.33333 0.00854701 0.00854701 0.00406504 0.00406504
9.5 0.0243148 0.0122115 0.0111481 0.00564731
9.66667 0.027262 0.0211776 0.0121335 0.0092537
9.83333 0.0157678 0.0100628 0.00708303 0.00440153
10 0.0114943 0.0114943 0.00505051 0.00505051
11 0 0 0 0
12 0.00854701 0.00854701 0.00406504 0.00406504
13 0 0 0 0
14 0.0042735 0.0042735 0.00203252 0.00203252
15 0 0 0 0
16 0 0 0 0
17 0.0128205 0.0128205 0.00609756 0.00609756
18 0 0 0 0
19 0 0 0 0
20 0 0 0 0
21 0.0114943 0.0114943 0.00505051 0.00505051
22 0 0 0 0
23 0 0 0 0
24 0 0 0 0
25 0 0 0 0
26 0 0 0 0
27 0.0114943 0.0114943 0.00505051 0.00505051
28 0 0 0 0
29 0.0042735 0.0042735 0.00203252 0.00203252
30 0 0 0 0
31 0 0 0 0
32 0 0 0 0
33 0 0 0 0
34 0 0 0 0
35 0 0 0 0
36 0 0 0 0
37 0.0042735 0.0042735 0.00203252 0.00203252
38 0 0 0 0
39 0 0 0 0
40 0.0042735 0.0042735 0.00203252 0.00203252
41 0 0 0 0
42 0 0 0 0
43 0 0 0 0
44 0 0 0 0
45 0 0 0 0
46 0 0 0 0
47 0 0 0 0
48 0 0 0 0
49 0 0 0 0
50 0 0 0 0
51 0 0 0 0
52 0 0 0 0
53 0 0 0 0
54 0 0 0 0
55 0 0 0 0
56 0 0 0 0
57 0 0 0 0
58 0 0 0 0
59 0 0 0 0
60 0 0 0 0
70 0 0 0 0
80 0 0 0 0
90 0 0 0 0
100 0 0 0 0
110 0 0 0 0
120 0 0 0 0
130 0 0 0 0
140 0 0 0 0
150 0 0 0 0
160 0 0 0 0
170 0 0 0 0
180 0 0 0 0
190 0 0 0 0
200 0 0 0 0
210 0 0 0 0
220 0 0 0 0
230 0 0 0 0
240 0 0 0 0
250 0 0 0 0
260 0 0 0 0
270 0 0 0 0
280 0 0 0 0
290 0 0 0 0
300 0 0 0 0
310 0 0 0 0
320 0 0 0 0
330 0 0 0 0
340 0 0 0 0
350 0 0 0 0
360 0 0 0 0
370 0 0 0 0
380 0 0 0 0
390 0 0 0 0
400 0 0 0 0
410 0 0 0 0
420 0 0 0 0
430 0 0 0 0
440 0 0 0 0
450 0 0 0 0
460 0 0 0 0
470 0 0 0 0
480 0 0 0 0
490 0 0 0 0
500 0 0 0 0
510 0 0 0 0
520 0 0 0 0
530 0 0 0 0
540 0 0 0 0
550 0 0 0 0
560 0 0 0 0
570 0 0 0 0
580 0 0 0 0
590 0 0 0 0
600 0 0 0 0
610 0 0 0 0
620 0 0 0 0
630 0 0 0 0
640 0 0 0 0
650 0 0 0 0
660 0 0 0 0
670 0 0 0 0
680 0 0 0 0
690 0 0 0 0
700 0 0 0 0
710 0 0 0 0
720 0 0 0 0
730 0 0 0 0
740 0 0 0 0
750 0 0 0 0
760 0 0 0 0
770 0 0 0 0
780 0 0 0 0
790 0 0 0 0
800 0 0 0 0
810 0 0 0 0
820 0 0 0 0
830 0 0 0 0
840 0 0 0 0
850 0 0 0 0
860 0 0 0 0
870 0 0 0 0
880 0 0 0 0
890 0 0 0 0
900 0 0 0 0
910 0 0 0 0
920 0 0 0 0
930 0 0 0 0
940 0 0 0 0
950 0 0 0 0
960 0 0 0 0
970 0 0 0 0
980 0 0 0 0
990 0 0 0 0
1000 0 0 0 0
1010 0 0 0 0
1020 0 0 0 0
1030 0 0 0 0
1040 0 0 0 0
1050 0 0 0 0
1060 0 0 0 0
1070 0 0 0 0
1080 0 0 0 0
1090 0 0 0 0
1100 0 0 0 0
1110 0 0 0 0
1120 0 0 0 0
1130 0 0 0 0
1140 0 0 0 0
1150 0 0 0 0
1160 0 0 0 0
1170 0 0 0 0
1180 0 0 0 0
1190 0 0 0 0
1200 0 0 0 0
1210 0 0 0 0
1220 0 0 0 0
1230 0 0 0 0
1240 0 0 0 0
1250 0 0 0 0
1260 0 0 0 0
1270 0 0 0 0
1280 0 0 0 0
1290 0 0 0 0
1300 0 0 0 0
1310 0 0 0 0
1320 0 0 0 0
1330 0 0 0 0
1340 0 0 0 0
1350 0 0 0 0
1360 0 0 0 0
1370 0 0 0 0
1380 0 0 0 0
1390 0 0 0 0
1400 0 0 0 0
1410 0 0 0 0
1420 0 0 0 0
1430 0 0 0 0
1440 0 0 0 0


DSBEnd_Ku
0 0 0 0 0
0.0166667 0.948718 0.0512821 0.204833 0.0191081
0.0333333 0.790541 0.111093 0.16796 0.0163881
0.05 0.600485 0.165073 0.126098 0.0288342
0.0666667 0.581081 0.222187 0.120986 0.0413144
0.0833333 0.229556 0.0959707 0.0478361 0.0187505
0.1 0.259356 0.0197665 0.0560278 0.00624522
0.116667 0.255833 0.0659609 0.0538584 0.0114624
0.133333 0.17966 0.0355821 0.0387821 0.00838688
0.15 0.177524 0.0281358 0.0376598 0.00433173
0.166667 0.100601 0.0511173 0.0225083 0.0114118
0.183333 0.0638138 0.0326986 0.0143029 0.00734959
0.2 0.0894548 0.00950844 0.0193534 0.00269946
0.216667 0.153269 0.0407647 0.0336563 0.00985391
0.233333 0.137387 0.0732242 0.0307136 0.016304
0.25 0.14501 0.0532611 0.0316991 0.0122227
0.266667 0.117233 0.0263054 0.0255263 0.00634329
0.283333 0.124105 0.0210892 0.0264365 0.00395933
0.3 0.0949411 0.0696836 0.0192166 0.0135831
0.316667 0.0894548 0.00950844 0.0193534 0.00269946
0.333333 0.0804458 0.00187754 0.0173209 0.00108665
0.35 0.018018 0.018018 0.00406504 0.00406504
0.366667 0.018018 0.018018 0.00406504 0.00406504
0.383333 0.0512821 0.0512821 0.010101 0.010101
0.4 0.043659 0.0228059 0.00911555 0.00463699
0.416667 0.00900901 0.00900901 0.00203252 0.00203252
0.433333 0 0 0 0
0.45 0.03465 0.0225305 0.00708303 0.00440153
0.466667 0.0624278 0.0177969 0.0132559 0.00370878
0.483333 0.0992146 0.0343661 0.0214612 0.00783453
0.5 0.0277778 0.0277778 0.00617284 0.00617284
0.516667 0.0555556 0.0555556 0.0123457 0.0123457
0.533333 0.0277778 0.0277778 0.00617284 0.00617284
0.55 0.0277778 0.0277778 0.00617284 0.00617284
0.566667 0 0 0 0
0.583333 0.043659 0.0228059 0.00911555 0.00463699
0.6 0.043659 0.0228059 0.00911555 0.00463699
0.616667 0.0526681 0.0263614 0.0111481 0.00564731
0.633333 0.00900901 0.00900901 0.00203252 0.00203252
0.65 0.0714368 0.00888619 0.0152884 0.00182669
0.666667 0.018018 0.018018 0.00406504 0.00406504
0.683333 0.027027 0.027027 0.00609756 0.00609756
0.7 0 0 0 0
0.716667 0.025641 0.025641 0.00505051 0.00505051
0.733333 0.00900901 0.00900901 0.00203252 0.00203252
0.75 0.043659 0.0228059 0.00911555 0.00463699
0.766667 0.025641 0.025641 0.00505051 0.00505051
0.783333 0.00900901 0.00900901 0.00203252 0.00203252
0.8 0.0277778 0.0277778 0.00617284 0.00617284
0.816667 0.0277778 0.0277778 0.00617284 0.00617284
0.833333 0 0 0 0
0.85 0.025641 0.025641 0.00505051 0.00505051
0.866667 0.0534188 0.0267734 0.0112233 0.00569523
0.883333 0 0 0 0
0.9 0.00900901 0.00900901 0.00203252 0.00203252
0.916667 0 0 0 0
0.933333 0.018018 0.018018 0.00406504 0.00406504
0.95 0 0 0 0
0.966667 0.025641 0.025641 0.00505051 0.00505051
0.983333 0.025641 0.025641 0.00505051 0.00505051
1 0.00900901 0.00900901 0.00203252 0.00203252
1.16667 0 0 0 0
1.33333 0.0457958 0.0244081 0.0102379 0.00543467
1.5 0.0534188 0.0267734 0.0112233 0.00569523
1.66667 0 0 0 0
1.83333 0.0277778 0.0277778 0.00617284 0.00617284
2 0 0 0 0
2.16667 0 0 0 0
2.33333 0.018018 0.018018 0.00406504 0.00406504
2.5 0 0 0 0
2.66667 0.00900901 0.00900901 0.00203252 0.00203252
2.83333 0.018018 0.018018 0.00406504 0.00406504
3 0.00900901 0.00900901 0.00203252 0.00203252
3.16667 0 0 0 0
3.33333 0 0 0 0
3.5 0.027027 0.027027 0.00609756 0.00609756
3.66667 0.00900901 0.00900901 0.00203252 0.00203252
3.83333 0 0 0 0
4 0 0 0 0
4.16667 0.03465 0.0225305 0.00708303 0.00440153
4.33333 0 0 0 0
4.5 0.025641 0.025641 0.00505051 0.00505051
4.66667 0.025641 0.025641 0.00505051 0.00505051
4.83333 0 0 0 0
5 0.025641 0.025641 0.00505051 0.00505051
5.16667 0.00900901 0.00900901 0.00203252 0.00203252
5.33333 0 0 0 0
5.5 0.00900901 0.00900901 0.00203252 0.00203252
5.66667 0.025641 0.025641 0.00505051 0.00505051
5.83333 0.0277778 0.0277778 0.00617284 0.00617284
6 0.03465 0.0225305 0.00708303 0.00440153
6.16667 0.00900901 0.00900901 0.00203252 0.00203252
6.33333 0 0 0 0
6.5 0 0 0 0
6.66667 0.00900901 0.00900901 0.00203252 0.00203252
6.83333 0 0 0 0
7 0 0 0 0
7.16667 0 0 0 0
7.33333 0 0 0 0
7.5 0 0 0 0
7.66667 0 0 0 0
7.83333 0 0 0 0
8 0 0 0 0
8.16667 0.00900901 0.00900901 0.00203252 0.00203252
8.33333 0 0 0 0
8.5 0.00900901 0.00900901 0.00203252 0.00203252
8.66667 0 0 0 0
8.83333 0 0 0 0
9 0 0 0 0
9.16667 0 0 0 0
9.33333 0 0 0 0
9.5 0.00900901 0.00900901 0.00203252 0.00203252
9.66667 0.025641 0.025641 0.00505051 0.00505051
9.83333 0 0 0 0
10 0.00900901 0.00900901 0.00203252 0.00203252
11 0.00900901 0.00900901 0.00203252 0.00203252
12 0 0 0 0
13 0.018018 0.018018 0.00406504 0.00406504
14 0 0 0 0
15 0 0 0 0
16 0 0 0 0
17 0 0 0 0
18 0 0 0 0
19 0 0 0 0
20 0 0 0 0
21 0 0 0 0
22 0 0 0 0
23 0 0 0 0
24 0 0 0 0
25 0 0 0 0
26 0 0 0 0
27 0 0 0 0
28 0 0 0 0
29 0 0 0 0
30 0 0 0 0
31 0 0 0 0
32 0 0 0 0
33 0 0 0 0
34 0 0 0 0
35 0 0 0 0
36 0 0 0 0
37 0 0 0 0
38 0 0 0 0
39 0 0 0 0
40 0 0 0 0
41 0 0 0 0
42 0 0 0 0
43 0 0 0 0
44 0 0 0 0
45 0 0 0 0
46 0 0 0 0
47 0 0 0 0
48 0 0 0 0
49 0 0 0 0
50 0 0 0 0
51 0 0 0 0
52 0 0 0 0
53 0 0 0 0
54 0 0 0 0
55 0 0 0 0
56 0 0 0 0
57 0 0 0 0
58 0 0 0 0
59 0 0 0 0
60 0 0 0 0
70 0 0 0 0
80 0 0 0 0
90 0 0 0 0
100 0 0 0 0
110 0 0 0 0
120 0 0 0 0
130 0 0 0 0
140 0 0 0 0
150 0 0 0 0
160 0 0 0 0
170 0 0 0 0
180 0 0 0 0
190 0 0 0 0
200 0 0 0 0
210 0 0 0 0
220 0 0 0 0
230 0 0 0 0
240 0 0 0 0
250 0 0 0 0
260 0 0 0 0
270 0 0 0 0
280 0 0 0 0
290 0 0 0 0
300 0 0 0 0
310 0 0 0 0
320 0 0 0 0
330 0 0 0 0
340 0 0 0 0
350 0 0 0 0
360 0 0 0 0
370 0 0 0 0
380 0 0 0 0
390 0 0 0 0
400 0 0 0 0
410 0 0 0 0
420 0 0 0 0
430 0 0 0 0
440 0 0 0 0
450 0 0 0 0
460 0 0 0 0
470 0 0 0 0
480 0 0 0 0
490 0 0 0 0
500 0 0 0 0
510 0 0 0 0
520 0 0 0 0
530 0 0 0 0
540 0 0 0 0
550 0 0 0 0
560 0 0 0 0
570 0 0 0 0
580 0 0 0 0
590 0 0 0 0
600 0 0 0 0
610 0 0 0 0
620 0 0 0 0
630 0 0 0 0
640 0 0 0 0
650 0 0 0 0
660 0 0 0 0
670 0 0 0 0
680 0 0 0 0
690 0 0 0 0
700 0 0 0 0
710 0 0 0 0
720 0 0 0 0
730 0 0 0 0
740 0 0 0 0
750 0 0 0 0
760 0 0 0 0
770 0 0 0 0
780 0 0 0 0
790 0 0 0 0
800 0 0 0 0
810 0 0 0 0
820 0 0 0 0
830 0 0 0 0
840 0 0 0 0
850 0 0 0 0
860 0 0 0 0
870 0 0 0 0
880 0 0 0 0
890 0 0 0 0
900 0 0 0 0
910 0 0 0 0
920 0 0 0 0
930 0 0 0 0
940 0 0 0 0
950 0 0 0 0
960 0 0 0 0
970 0 0 0 0
980 0 0 0 0
990 0 0 0 0
1000 0 0 0 0
1010 0 0 0 0
1020 0 0 0 0
1030 0 0 0 0
1040 0 0 0 0
1050 0 0 0 0
1060 0 0 0 0
1070 0 0 0 0
1080 0 0 0 0
1090 0 0 0 0
1100 0 0 0 0
1110 0 0 0 0
1120 0 0 0 0
1130 0 0 0 0
1140 0 0 0 0
1150 0 0 0 0
1160 0 0 0 0
1170 0 0 0 0
1180 0 0 0 0
1190 0 0 0 0
1200 0 0 0 0
1210 0 0 0 0
1220 0 0 0 0
1230 0 0 0 0
1240 0 0 0 0
1250 0 0 0 0
1260 0 0 0 0
1270 0 0 0 0
1280 0 0 0 0
1290 0 0 0 0
1300 0 0 0 0
1310 0 0 0 0
1320 0 0 0 0
1330 0 0 0 0
1340 0 0 0 0
1350 0 0 0 0
1360 0 0 0 0
1370 0 0 0 0
1380 0 0 0 0
1390 0 0 0 0
1400 0 0 0 0
1410 0 0 0 0
1420 0 0 0 0
1430 0 0 0 0
1440 0 0 0 0


DSBEnd_PKcs
0 0 0 0 0
0.0166667 0.358782 0.049467 0.080507 0.00608878
0.0333333 0.445296 0.0872897 0.0996482 0.0137545
0.05 0.482842 0.0806962 0.107854 0.00831633
0.0666667 0.512772 0.0985202 0.114239 0.0173496
0.0833333 0.62247 0.0648274 0.141448 0.0126174
0.1 0.699393 0.060478 0.159967 0.0168306
0.116667 0.70749 0.0947443 0.161089 0.0223582
0.133333 0.654858 0.145884 0.145938 0.0295722
0.15 0.662955 0.18063 0.14706 0.0390805
0.166667 0.694862 0.221922 0.152247 0.0480032
0.183333 0.645412 0.197549 0.14201 0.042853
0.2 0.58849 0.189042 0.126646 0.0361579
0.216667 0.580393 0.160893 0.125524 0.026595
0.233333 0.523472 0.176511 0.11016 0.0249656
0.25 0.626181 0.212776 0.131546 0.0286458
0.266667 0.60801 0.166626 0.130499 0.0198335
0.283333 0.55856 0.146311 0.120261 0.0149923
0.3 0.556728 0.173251 0.118153 0.0181078
0.316667 0.598082 0.185065 0.127269 0.0187396
0.333333 0.62753 0.186601 0.134352 0.0184223
0.35 0.623723 0.177215 0.133441 0.0170158
0.366667 0.594274 0.179083 0.126358 0.0195908
0.383333 0.594274 0.179083 0.126358 0.0195908
0.4 0.599913 0.154478 0.129376 0.0133889
0.416667 0.605552 0.130281 0.132394 0.00738476
0.433333 0.546655 0.135717 0.118228 0.0137217
0.45 0.521014 0.138877 0.112056 0.0124904
0.466667 0.526653 0.114863 0.115073 0.00664944
0.483333 0.526653 0.114863 0.115073 0.00664944
0.5 0.587382 0.0834316 0.131347 0.00254932
0.516667 0.557933 0.0852071 0.124264 0.00269112
0.533333 0.532292 0.0917442 0.118091 0.0034967
0.55 0.544197 0.103563 0.120124 0.00491966
0.566667 0.518556 0.116199 0.113951 0.0108601
0.583333 0.492915 0.132643 0.107778 0.0169673
0.6 0.48101 0.121141 0.105746 0.0158373
0.616667 0.487276 0.150245 0.10476 0.0173536
0.633333 0.487276 0.150245 0.10476 0.0173536
0.65 0.451562 0.114851 0.0986628 0.0126152
0.666667 0.457201 0.0984274 0.101681 0.014194
0.683333 0.457201 0.0984274 0.101681 0.014194
0.7 0.469105 0.109726 0.103713 0.0149001
0.716667 0.48101 0.121141 0.105746 0.0158373
0.733333 0.500386 0.075734 0.112904 0.0127333
0.75 0.51229 0.0870256 0.114937 0.0126439
0.766667 0.541739 0.0954796 0.12202 0.0170095
0.783333 0.559283 0.0956742 0.12707 0.021536
0.8 0.5361 0.109997 0.119002 0.0134209
0.816667 0.51229 0.0870256 0.114937 0.0126439
0.833333 0.537931 0.0704074 0.121109 0.00774898
0.85 0.537931 0.0704074 0.121109 0.00774898
0.866667 0.520388 0.0799508 0.116059 0.00291772
0.883333 0.451562 0.114851 0.0986628 0.0126152
0.9 0.451562 0.114851 0.0986628 0.0126152
0.916667 0.457201 0.0984274 0.101681 0.014194
0.933333 0.457201 0.0984274 0.101681 0.014194
0.95 0.48101 0.121141 0.105746 0.0158373
0.966667 0.48101 0.121141 0.105746 0.0158373
0.983333 0.48101 0.121141 0.105746 0.0158373
1 0.463466 0.126629 0.100695 0.0140789
1.16667 0.518556 0.116199 0.113951 0.0108601
1.33333 0.589213 0.0605761 0.133455 0.00943536
1.5 0.604926 0.0726218 0.136398 0.00757241
1.66667 0.537931 0.0704074 0.121109 0.00774898
1.83333 0.548005 0.121604 0.121034 0.0142352
2 0.504193 0.107633 0.113814 0.0223786
2.16667 0.474745 0.0967552 0.106731 0.0180449
2.33333 0.464816 0.164681 0.103501 0.0343104
2.5 0.494265 0.177227 0.110584 0.0384262
2.66667 0.558801 0.202968 0.127768 0.050643
2.83333 0.605793 0.226052 0.139902 0.0592904
3 0.560006 0.178044 0.133879 0.0560207
3.16667 0.548101 0.176863 0.131847 0.0566028
3.33333 0.536196 0.176478 0.129814 0.0572511
3.5 0.536196 0.176478 0.129814 0.0572511
3.66667 0.583815 0.182727 0.137944 0.0550635
3.83333 0.558174 0.207603 0.131772 0.059822
4 0.570079 0.211362 0.133804 0.0595856
4.16667 0.605167 0.235478 0.143905 0.0689177
4.33333 0.617072 0.238518 0.145938 0.0686233
4.5 0.599528 0.226724 0.140887 0.0639868
4.66667 0.617072 0.238518 0.145938 0.0686233
4.83333 0.622711 0.248518 0.148956 0.0736599
5 0.634615 0.250984 0.150988 0.0733145
5.16667 0.648352 0.224492 0.155129 0.0690871
5.33333 0.632639 0.184729 0.152186 0.0611446
5.5 0.581357 0.231125 0.13984 0.0696808
5.66667 0.599528 0.226724 0.140887 0.0639868
5.83333 0.642713 0.213707 0.152111 0.063836
6 0.660256 0.226546 0.157161 0.0686274
6.16667 0.664691 0.255906 0.154068 0.0680428
6.33333 0.634615 0.250984 0.150988 0.0733145
6.5 0.605167 0.235478 0.143905 0.0689177
6.66667 0.628976 0.242105 0.14797 0.0683881
6.83333 0.664691 0.255906 0.154068 0.0680428
7 0.640881 0.246216 0.150003 0.0682127
7.16667 0.652786 0.250826 0.152035 0.0680974
7.33333 0.640881 0.246216 0.150003 0.0682127
7.5 0.628976 0.242105 0.14797 0.0683881
7.66667 0.581984 0.215714 0.135837 0.0594179
7.83333 0.611432 0.230948 0.14292 0.063815
8 0.611432 0.230948 0.14292 0.063815
8.16667 0.593889 0.220623 0.137869 0.0593194
8.33333 0.599528 0.226724 0.140887 0.0639868
8.5 0.581984 0.215714 0.135837 0.0594179
8.66667 0.593889 0.220623 0.137869 0.0593194
8.83333 0.570079 0.211362 0.133804 0.0595856
9 0.570079 0.211362 0.133804 0.0595856
9.16667 0.558174 0.207603 0.131772 0.059822
9.33333 0.581984 0.215714 0.135837 0.0594179
9.5 0.552535 0.200523 0.128754 0.0550215
9.66667 0.56444 0.205613 0.130786 0.0549334
9.83333 0.599528 0.226724 0.140887 0.0639868
10 0.587623 0.223056 0.138855 0.0642226
11 0.617072 0.238518 0.145938 0.0686233
12 0.605167 0.235478 0.143905 0.0689177
13 0.605167 0.235478 0.143905 0.0689177
14 0.617072 0.238518 0.145938 0.0686233
15 0.581357 0.231125 0.13984 0.0696808
16 0.628976 0.242105 0.14797 0.0683881
17 0.593262 0.233008 0.141873 0.0692705
18 0.628976 0.242105 0.14797 0.0683881
19 0.593889 0.220623 0.137869 0.0593194
20 0.628976 0.242105 0.14797 0.0683881
21 0.611432 0.230948 0.14292 0.063815
22 0.593889 0.220623 0.137869 0.0593194
23 0.593889 0.220623 0.137869 0.0593194
24 0.558801 0.202968 0.127768 0.050643
25 0.558801 0.202968 0.127768 0.050643
26 0.558801 0.202968 0.127768 0.050643
27 0.576345 0.211252 0.132819 0.0549203
28 0.558801 0.202968 0.127768 0.050643
29 0.534991 0.190684 0.123703 0.05055
30 0.534991 0.190684 0.123703 0.05055
31 0.534991 0.190684 0.123703 0.05055
32 0.534991 0.190684 0.123703 0.05055
33 0.511182 0.180716 0.119638 0.0507834
34 0.511182 0.180716 0.119638 0.0507834
35 0.511182 0.180716 0.119638 0.0507834
36 0.511182 0.180716 0.119638 0.0507834
37 0.487372 0.173465 0.115573 0.0513386
38 0.487372 0.173465 0.115573 0.0513386
39 0.487372 0.173465 0.115573 0.0513386
40 0.499277 0.176727 0.117606 0.0510213
41 0.487372 0.173465 0.115573 0.0513386
42 0.487372 0.173465 0.115573 0.0513386
43 0.487372 0.173465 0.115573 0.0513386
44 0.487372 0.173465 0.115573 0.0513386
45 0.487372 0.173465 0.115573 0.0513386
46 0.487372 0.173465 0.115573 0.0513386
47 0.487372 0.173465 0.115573 0.0513386
48 0.487372 0.173465 0.115573 0.0513386
49 0.487372 0.173465 0.115573 0.0513386
50 0.487372 0.173465 0.115573 0.0513386
51 0.487372 0.173465 0.115573 0.0513386
52 0.487372 0.173465 0.115573 0.0513386
53 0.487372 0.173465 0.115573 0.0513386
54 0.487372 0.173465 0.115573 0.0513386
55 0.487372 0.173465 0.115573 0.0513386
56 0.487372 0.173465 0.115573 0.0513386
57 0.487372 0.173465 0.115573 0.0513386
58 0.487372 0.173465 0.115573 0.0513386
59 0.487372 0.173465 0.115573 0.0513386
60 0.487372 0.173465 0.115573 0.0513386
70 0.487372 0.173465 0.115573 0.0513386
80 0.487372 0.173465 0.115573 0.0513386
90 0.487372 0.173465 0.115573 0.0513386
100 0.487372 0.173465 0.115573 0.0513386
110 0.487372 0.173465 0.115573 0.0513386
120 0.487372 0.173465 0.115573 0.0513386
130 0.487372 0.173465 0.115573 0.0513386
140 0.487372 0.173465 0.115573 0.0513386
150 0.452285 0.150226 0.105472 0.0419815
160 0.452285 0.150226 0.105472 0.0419815
170 0.452285 0.150226 0.105472 0.0419815
180 0.452285 0.150226 0.105472 0.0419815
190 0.452285 0.150226 0.105472 0.0419815
200 0.452285 0.150226 0.105472 0.0419815
210 0.452285 0.150226 0.105472 0.0419815
220 0.452285 0.150226 0.105472 0.0419815
230 0.452285 0.150226 0.105472 0.0419815
240 0.452285 0.150226 0.105472 0.0419815
250 0.452285 0.150226 0.105472 0.0419815
260 0.452285 0.150226 0.105472 0.0419815
270 0.452285 0.150226 0.105472 0.0419815
280 0.428475 0.142471 0.101407 0.0425574
290 0.428475 0.142471 0.101407 0.0425574
300 0.428475 0.142471 0.101407 0.0425574
310 0.428475 0.142471 0.101407 0.0425574
320 0.428475 0.142471 0.101407 0.0425574
330 0.428475 0.142471 0.101407 0.0425574
340 0.428475 0.142471 0.101407 0.0425574
350 0.428475 0.142471 0.101407 0.0425574
360 0.428475 0.142471 0.101407 0.0425574
370 0.428475 0.142471 0.101407 0.0425574
380 0.428475 0.142471 0.101407 0.0425574
390 0.428475 0.142471 0.101407 0.0425574
400 0.428475 0.142471 0.101407 0.0425574
410 0.428475 0.142471 0.101407 0.0425574
420 0.428475 0.142471 0.101407 0.0425574
430 0.428475 0.142471 0.101407 0.0425574
440 0.428475 0.142471 0.101407 0.0425574
450 0.428475 0.142471 0.101407 0.0425574
460 0.428475 0.142471 0.101407 0.0425574
470 0.428475 0.142471 0.101407 0.0425574
480 0.428475 0.142471 0.101407 0.0425574
490 0.428475 0.142471 0.101407 0.0425574
500 0.428475 0.142471 0.101407 0.0425574
510 0.428475 0.142471 0.101407 0.0425574
520 0.428475 0.142471 0.101407 0.0425574
530 0.428475 0.142471 0.101407 0.0425574
540 0.428475 0.142471 0.101407 0.0425574
550 0.428475 0.142471 0.101407 0.0425574
560 0.428475 0.142471 0.101407 0.0425574
570 0.428475 0.142471 0.101407 0.0425574
580 0.428475 0.142471 0.101407 0.0425574
590 0.428475 0.142471 0.101407 0.0425574
600 0.428475 0.142471 0.101407 0.0425574
610 0.428475 0.142471 0.101407 0.0425574
620 0.428475 0.142471 0.101407 0.0425574
630 0.404666 0.138427 0.097342 0.043507
640 0.404666 0.138427 0.097342 0.043507
650 0.404666 0.138427 0.097342 0.043507
660 0.404666 0.138427 0.097342 0.043507
670 0.404666 0.138427 0.097342 0.043507
680 0.404666 0.138427 0.097342 0.043507
690 0.404666 0.138427 0.097342 0.043507
700 0.404666 0.138427 0.097342 0.043507
710 0.404666 0.138427 0.097342 0.043507
720 0.404666 0.138427 0.097342 0.043507
730 0.404666 0.138427 0.097342 0.043507
740 0.404666 0.138427 0.097342 0.043507
750 0.404666 0.138427 0.097342 0.043507
760 0.404666 0.138427 0.097342 0.043507
770 0.404666 0.138427 0.097342 0.043507
780 0.404666 0.138427 0.097342 0.043507
790 0.404666 0.138427 0.097342 0.043507
800 0.404666 0.138427 0.097342 0.043507
810 0.404666 0.138427 0.097342 0.043507
820 0.404666 0.138427 0.097342 0.043507
830 0.404666 0.138427 0.097342 0.043507
840 0.404666 0.138427 0.097342 0.043507
850 0.404666 0.138427 0.097342 0.043507
860 0.404666 0.138427 0.097342 0.043507
870 0.404666 0.138427 0.097342 0.043507
880 0.404666 0.138427 0.097342 0.043507
890 0.404666 0.138427 0.097342 0.043507
900 0.404666 0.138427 0.097342 0.043507
910 0.404666 0.138427 0.097342 0.043507
920 0.404666 0.138427 0.097342 0.043507
930 0.404666 0.138427 0.097342 0.043507
940 0.404666 0.138427 0.097342 0.043507
950 0.404666 0.138427 0.097342 0.043507
960 0.404666 0.138427 0.097342 0.043507
970 0.404666 0.138427 0.097342 0.043507
980 0.404666 0.138427 0.097342 0.043507
990 0.404666 0.138427 0.097342 0.043507
1000 0.404666 0.138427 0.097342 0.043507
1010 0.404666 0.138427 0.097342 0.043507
1020 0.404666 0.138427 0.097342 0.043507
1030 0.404666 0.138427 0.097342 0.043507
1040 0.404666 0.138427 0.097342 0.043507
1050 0.404666 0.138427 0.097342 0.043507
1060 0.404666 0.138427 0.097342 0.043507
1070 0.404666 0.138427 0.097342 0.043507
1080 0.404666 0.138427 0.097342 0.043507
1090 0.404666 0.138427 0.097342 0.043507
1100 0.404666 0.138427 0.097342 0.043507
1110 0.404666 0.138427 0.097342 0.043507
1120 0.404666 0.138427 0.097342 0.043507
1130 0.404666 0.138427 0.097342 0.043507
1140 0.404666 0.138427 0.097342 0.043507
1150 0.404666 0.138427 0.097342 0.043507
1160 0.404666 0.138427 0.097342 0.043507
1170 0.404666 0.138427 0.097342 0.043507
1180 0.404666 0.138427 0.097342 0.043507
1190 0.404666 0.138427 0.097342 0.043507
1200 0.404666 0.138427 0.097342 0.043507
1210 0.404666 0.138427 0.097342 0.043507
1220 0.404666 0.138427 0.097342 0.043507
1230 0.404666 0.138427 0.097342 0.043507
1240 0.404666 0.138427 0.097342 0.043507
1250 0.404666 0.138427 0.097342 0.043507
1260 0.404666 0.138427 0.097342 0.043507
1270 0.404666 0.138427 0.097342 0.043507
1280 0.404666 0.138427 0.097342 0.043507
1290 0.404666 0.138427 0.097342 0.043507
1300 0.404666 0.138427 0.097342 0.043507
1310 0.404666 0.138427 0.097342 0.043507
1320 0.404666 0.138427 0.097342 0.043507
1330 0.404666 0.138427 0.097342 0.043507
1340 0.404666 0.138427 0.097342 0.043507
1350 0.404666 0.138427 0.097342 0.043507
1360 0.404666 0.138427 0.097342 0.043507
1370 0.404666 0.138427 0.097342 0.043507
1380 0.404666 0.138427 0.097342 0.043507
1390 0.404666 0.138427 0.097342 0.043507
1400 0.404666 0.138427 0.097342 0.043507
1410 0.404666 0.138427 0.097342 0.043507
1420 0.404666 0.138427 0.097342 0.043507
1430 0.404666 0.138427 0.097342 0.043507
1440 0.404666 0.138427 0.097342 0.043507


DSBSynaptic
0 0 0 0 0
0.0166667 0.11264 0.0521375 0.0932769 0.0448067
0.0333333 0.276932 0.0137349 0.228053 0.00722814
0.05 0.398029 0.0150131 0.327913 0.00542005
0.0666667 0.442721 0.0437586 0.362405 0.0164402
0.0833333 0.530055 0.0300546 0.435904 0.00603695
0.1 0.565769 0.0332477 0.466207 0.0245223
0.116667 0.614396 0.0397518 0.506885 0.0348292
0.133333 0.66104 0.0705003 0.545318 0.0607019
0.15 0.678409 0.0808213 0.559484 0.0689505
0.166667 0.696754 0.103433 0.575621 0.0909958
0.183333 0.727036 0.0900336 0.600162 0.0787254
0.2 0.777648 0.0781987 0.643084 0.0734938
0.216667 0.791537 0.0690401 0.65543 0.0702169
0.233333 0.81089 0.0588526 0.67184 0.0655524
0.25 0.824779 0.0530174 0.684186 0.0662243
0.266667 0.860526 0.0342507 0.712792 0.0532847
0.283333 0.873439 0.011688 0.723167 0.0448906
0.3 0.892792 0.0138028 0.739577 0.0494597
0.316667 0.904697 0.0182487 0.749678 0.0522503
0.333333 0.904697 0.0182487 0.749678 0.0522503
0.35 0.911137 0.0323998 0.755714 0.0607918
0.366667 0.923042 0.0427105 0.765815 0.0665481
0.383333 0.928506 0.0383191 0.76988 0.0625295
0.4 0.933971 0.0342379 0.773945 0.0585173
0.416667 0.939435 0.0305915 0.77801 0.0545129
0.433333 0.950364 0.0253418 0.786141 0.0465357
0.45 0.964253 0.0191595 0.798486 0.0516913
0.466667 0.950364 0.0253418 0.786141 0.0465357
0.483333 0.92109 0.0037613 0.761873 0.0402319
0.5 0.91465 0.0120423 0.755838 0.0345633
0.516667 0.906226 0.0228852 0.747557 0.020948
0.533333 0.920114 0.0168209 0.759903 0.0310537
0.55 0.91465 0.0120423 0.755838 0.0345633
0.566667 0.928539 0.0191292 0.768183 0.0455538
0.583333 0.936963 0.0323454 0.776464 0.0602015
0.6 0.928539 0.0191292 0.768183 0.0455538
0.616667 0.928539 0.0191292 0.768183 0.0455538
0.633333 0.934003 0.0206871 0.772248 0.0423637
0.65 0.944932 0.0270404 0.780378 0.0365086
0.666667 0.964286 0.0357143 0.796789 0.0462188
0.683333 0.958821 0.0333198 0.792724 0.0486589
0.7 0.925579 0.0219224 0.763968 0.0276965
0.716667 0.91465 0.0120423 0.755838 0.0345633
0.733333 0.90821 0.0273708 0.749802 0.0330131
0.75 0.891816 0.0178712 0.737606 0.0419129
0.766667 0.883392 0.0180713 0.729326 0.0274003
0.783333 0.883392 0.0180713 0.729326 0.0274003
0.8 0.875943 0.0214553 0.723016 0.0265901
0.816667 0.881408 0.0251119 0.727081 0.0226057
0.833333 0.881408 0.0251119 0.727081 0.0226057
0.85 0.867519 0.0386161 0.714735 0.022244
0.866667 0.879424 0.0439838 0.724836 0.0320867
0.883333 0.919106 0.0257802 0.759629 0.0400854
0.9 0.913642 0.026464 0.755564 0.0439905
0.916667 0.907201 0.0163856 0.749528 0.0334279
0.933333 0.883392 0.0180713 0.729326 0.0274003
0.95 0.877927 0.0129282 0.725261 0.0309179
0.966667 0.860558 0.0197871 0.711095 0.035139
0.983333 0.872463 0.00821123 0.721196 0.0345558
1 0.884368 0.00517358 0.731297 0.0368445
1.16667 0.746422 0.0398791 0.614875 0.0259797
1.33333 0.724109 0.0705701 0.594249 0.0427987
1.5 0.720628 0.0489855 0.592428 0.023593
1.66667 0.709699 0.0423662 0.584298 0.0260797
1.83333 0.699746 0.0467323 0.578139 0.0459996
2 0.677921 0.00631822 0.560182 0.0244806
2.16667 0.70173 0.024946 0.580384 0.0363604
2.33333 0.650598 0.0222871 0.539857 0.0445842
2.5 0.593547 0.00707827 0.490898 0.0259551
2.66667 0.546903 0.0246197 0.452465 0.033143
2.83333 0.508197 0.00819672 0.419644 0.0158144
3 0.489364 0.0575228 0.400838 0.0356644
3.16667 0.483899 0.0544709 0.396773 0.0351054
3.33333 0.477459 0.0538406 0.390737 0.0288354
3.5 0.429807 0.0488868 0.35203 0.0290222
3.66667 0.393085 0.0514651 0.321453 0.0317488
3.83333 0.398549 0.0551253 0.325518 0.0332544
4 0.398549 0.0551253 0.325518 0.0332544
4.16667 0.327609 0.0856763 0.264214 0.0590839
4.33333 0.31668 0.0776126 0.256084 0.0541199
4.5 0.285422 0.084173 0.229572 0.0599533
4.66667 0.297326 0.0874955 0.239673 0.0642832
4.83333 0.276997 0.101448 0.221292 0.0747136
5 0.254163 0.0909002 0.20306 0.0661049
5.16667 0.260604 0.0900777 0.209096 0.0675483
5.33333 0.248699 0.0867849 0.198995 0.0634198
5.5 0.269028 0.0728989 0.217377 0.0531484
5.66667 0.238746 0.0777593 0.192836 0.0605502
5.83333 0.224857 0.0916402 0.180491 0.0726976
6 0.226841 0.0721382 0.182735 0.0544186
6.16667 0.204983 0.0619012 0.166475 0.0492898
6.33333 0.201047 0.0816424 0.160289 0.0618846
6.5 0.207488 0.0829546 0.166324 0.0649812
6.66667 0.177205 0.0893449 0.141784 0.0729428
6.83333 0.177205 0.0893449 0.141784 0.0729428
7 0.177205 0.0893449 0.141784 0.0729428
7.16667 0.171741 0.0873899 0.137719 0.0719022
7.33333 0.171741 0.0873899 0.137719 0.0719022
7.5 0.166276 0.085739 0.133654 0.0710792
7.66667 0.177205 0.0893449 0.141784 0.0729428
7.83333 0.160812 0.0844103 0.129589 0.0704814
8 0.155347 0.083419 0.125524 0.0701145
8.16667 0.155347 0.083419 0.125524 0.0701145
8.33333 0.148907 0.0760255 0.119488 0.0626889
8.5 0.160812 0.0844103 0.129589 0.0704814
8.66667 0.149883 0.0827773 0.121458 0.0699823
8.83333 0.143443 0.074488 0.115423 0.0619456
9 0.148907 0.0760255 0.119488 0.0626889
9.16667 0.148907 0.0760255 0.119488 0.0626889
9.33333 0.137978 0.0733264 0.111357 0.0614628
9.5 0.126073 0.0646908 0.101256 0.0534966
9.66667 0.107728 0.0549395 0.0851195 0.0427232
9.83333 0.0958236 0.0523629 0.0750185 0.0395314
10 0.0839188 0.0524294 0.0649175 0.0387847
11 0.0729899 0.0425986 0.0567874 0.0317413
12 0.0273224 0.0273224 0.0203252 0.0203252
13 0.0218579 0.0218579 0.0162602 0.0162602
14 0.0163934 0.0163934 0.0121951 0.0121951
15 0.0273224 0.0273224 0.0203252 0.0203252
16 0.0163934 0.0163934 0.0121951 0.0121951
17 0.010929 0.010929 0.00813008 0.00813008
18 0.00546448 0.00546448 0.00406504 0.00406504
19 0.0119048 0.0119048 0.010101 0.010101
20 0 0 0 0
21 0 0 0 0
22 0.0119048 0.0119048 0.010101 0.010101
23 0 0 0 0
24 0.0119048 0.0119048 0.010101 0.010101
25 0.0119048 0.0119048 0.010101 0.010101
26 0.0119048 0.0119048 0.010101 0.010101
27 0 0 0 0
28 0 0 0 0
29 0 0 0 0
30 0.00546448 0.00546448 0.00406504 0.00406504
31 0 0 0 0
32 0 0 0 0
33 0.00546448 0.00546448 0.00406504 0.00406504
34 0.00546448 0.00546448 0.00406504 0.00406504
35 0.00546448 0.00546448 0.00406504 0.00406504
36 0.00546448 0.00546448 0.00406504 0.00406504
37 0.00546448 0.00546448 0.00406504 0.00406504
38 0.010929 0.010929 0.00813008 0.00813008
39 0.010929 0.010929 0.00813008 0.00813008
40 0.00546448 0.00546448 0.00406504 0.00406504
41 0.010929 0.010929 0.00813008 0.00813008
42 0.010929 0.010929 0.00813008 0.00813008
43 0.010929 0.010929 0.00813008 0.00813008
44 0.010929 0.010929 0.00813008 0.00813008
45 0.010929 0.010929 0.00813008 0.00813008
46 0.00546448 0.00546448 0.00406504 0.00406504
47 0.00546448 0.00546448 0.00406504 0.00406504
48 0.00546448 0.00546448 0.00406504 0.00406504
49 0.00546448 0.00546448 0.00406504 0.00406504
50 0.00546448 0.00546448 0.00406504 0.00406504
51 0.00546448 0.00546448 0.00406504 0.00406504
52 0 0 0 0
53 0 0 0 0
54 0 0 0 0
55 0 0 0 0
56 0 0 0 0
57 0 0 0 0
58 0 0 0 0
59 0 0 0 0
60 0 0 0 0
70 0 0 0 0
80 0 0 0 0
90 0 0 0 0
100 0 0 0 0
110 0 0 0 0
120 0 0 0 0
130 0 0 0 0
140 0 0 0 0
150 0 0 0 0
160 0 0 0 0
170 0 0 0 0
180 0 0 0 0
190 0 0 0 0
200 0 0 0 0
210 0 0 0 0
220 0 0 0 0
230 0 0 0 0
240 0 0 0 0
250 0 0 0 0
260 0 0 0 0
270 0 0 0 0
280 0 0 0 0
290 0 0 0 0
300 0 0 0 0
310 0 0 0 0
320 0 0 0 0
330 0 0 0 0
340 0 0 0 0
350 0 0 0 0
360 0 0 0 0
370 0 0 0 0
380 0 0 0 0
390 0 0 0 0
400 0 0 0 0
410 0 0 0 0
420 0 0 0 0
430 0 0 0 0
440 0 0 0 0
450 0 0 0 0
460 0 0 0 0
470 0 0 0 0
480 0 0 0 0
490 0 0 0 0
500 0 0 0 0
510 0 0 0 0
520 0 0 0 0
530 0 0 0 0
540 0 0 0 0
550 0 0 0 0
560 0 0 0 0
570 0 0 0 0
580 0 0 0 0
590 0 0 0 0
600 0 0 0 0
610 0 0 0 0
620 0 0 0 0
630 0 0 0 0
640 0 0 0 0
650 0 0 0 0
660 0 0 0 0
670 0 0 0 0
680 0 0 0 0
690 0 0 0 0
700 0 0 0 0
710 0 0 0 0
720 0 0 0 0
730 0 0 0 0
740 0 0 0 0
750 0 0 0 0
760 0 0 0 0
770 0 0 0 0
780 0 0 0 0
790 0 0 0 0
800 0 0 0 0
810 0 0 0 0
820 0 0 0 0
830 0 0 0 0
840 0 0 0 0
850 0 0 0 0
860 0 0 0 0
870 0 0 0 0
880 0 0 0 0
890 0 0 0 0
900 0 0 0 0
910 0 0 0 0
920 0 0 0 0
930 0 0 0 0
940 0 0 0 0
950 0 0 0 0
960 0 0 0 0
970 0 0 0 0
980 0 0 0 0
990 0 0 0 0
1000 0 0 0 0
1010 0 0 0 0
1020 0 0 0 0
1030 0 0 0 0
1040 0 0 0 0
1050 0 0 0 0
1060 0 0 0 0
1070 0 0 0 0
1080 0 0 0 0
1090 0 0 0 0
1100 0 0 0 0
1110 0 0 0 0
1120 0 0 0 0
1130 0 0 0 0
1140 0 0 0 0
1150 0 0 0 0
1160 0 0 0 0
1170 0 0 0 0
1180 0 0 0 0
1190 0 0 0 0
1200 0 0 0 0
1210 0 0 0 0
1220 0 0 0 0
1230 0 0 0 0
1240 0 0 0 0
1250 0 0 0 0
1260 0 0 0 0
1270 0 0 0 0
1280 0 0 0 0
1290 0 0 0 0
1300 0 0 0 0
1310 0 0 0 0
1320 0 0 0 0
1330 0 0 0 0
1340 0 0 0 0
1350 0 0 0 0
1360 0 0 0 0
1370 0 0 0 0
1380 0 0 0 0
1390 0 0 0 0
1400 0 0 0 0
1410 0 0 0 0
1420 0 0 0 0
1430 0 0 0 0
1440 0 0 0 0


DSBSynaptic_Stable
0 0 0 0 0
0.0166667 0 0 0 0
0.0333333 0 0 0 0
0.05 0 0 0 0
0.0666667 0 0 0 0
0.0833333 0 0 0 0
0.1 0.0070922 0.0070922 0.00406504 0.00406504
0.116667 0.0070922 0.0070922 0.00406504 0.00406504
0.133333 0.0141844 0.0141844 0.00813008 0.00813008
0.15 0.0141844 0.0141844 0.00813008 0.00813008
0.166667 0.0141844 0.0141844 0.00813008 0.00813008
0.183333 0.0141844 0.0141844 0.00813008 0.00813008
0.2 0.0141844 0.0141844 0.00813008 0.00813008
0.216667 0.0141844 0.0141844 0.00813008 0.00813008
0.233333 0.0141844 0.0141844 0.00813008 0.00813008
0.25 0.0141844 0.0141844 0.00813008 0.00813008
0.266667 0.0141844 0.0141844 0.00813008 0.00813008
0.283333 0.0141844 0.0141844 0.00813008 0.00813008
0.3 0.0212766 0.0212766 0.0121951 0.0121951
0.316667 0.0212766 0.0212766 0.0121951 0.0121951
0.333333 0.0283688 0.0283688 0.0162602 0.0162602
0.35 0.0425532 0.0425532 0.0243902 0.0243902
0.366667 0.0496454 0.0496454 0.0284553 0.0284553
0.383333 0.0496454 0.0496454 0.0284553 0.0284553
0.4 0.0496454 0.0496454 0.0284553 0.0284553
0.416667 0.0496454 0.0496454 0.0284553 0.0284553
0.433333 0.0496454 0.0496454 0.0284553 0.0284553
0.45 0.0496454 0.0496454 0.0284553 0.0284553
0.466667 0.0496454 0.0496454 0.0284553 0.0284553
0.483333 0.0752561 0.0501138 0.0426213 0.028829
0.5 0.0937746 0.0498949 0.0527223 0.0284379
0.516667 0.108926 0.0360312 0.065068 0.0176136
0.533333 0.108926 0.0360312 0.065068 0.0176136
0.55 0.116018 0.042228 0.0691331 0.0214208
0.566667 0.116018 0.042228 0.0691331 0.0214208
0.583333 0.116018 0.042228 0.0691331 0.0214208
0.6 0.116018 0.042228 0.0691331 0.0214208
0.616667 0.116018 0.042228 0.0691331 0.0214208
0.633333 0.116018 0.042228 0.0691331 0.0214208
0.65 0.116018 0.042228 0.0691331 0.0214208
0.666667 0.116018 0.042228 0.0691331 0.0214208
0.683333 0.116018 0.042228 0.0691331 0.0214208
0.7 0.138262 0.0377057 0.0855438 0.0186143
0.716667 0.145354 0.044726 0.0896088 0.0226056
0.733333 0.145354 0.044726 0.0896088 0.0226056
0.75 0.159539 0.0588184 0.0977389 0.0306465
0.766667 0.17469 0.0514716 0.110085 0.0282748
0.783333 0.17469 0.0514716 0.110085 0.0282748
0.8 0.17469 0.0514716 0.110085 0.0282748
0.816667 0.17469 0.0514716 0.110085 0.0282748
0.833333 0.17469 0.0514716 0.110085 0.0282748
0.85 0.189842 0.0479395 0.12243 0.0310572
0.866667 0.189842 0.0479395 0.12243 0.0310572
0.883333 0.189842 0.0479395 0.12243 0.0310572
0.9 0.196934 0.0544405 0.126495 0.0335835
0.916667 0.196934 0.0544405 0.126495 0.0335835
0.933333 0.215452 0.0414414 0.136596 0.0237557
0.95 0.215452 0.0414414 0.136596 0.0237557
0.966667 0.215452 0.0414414 0.136596 0.0237557
0.983333 0.215452 0.0414414 0.136596 0.0237557
1 0.215452 0.0414414 0.136596 0.0237557
1.16667 0.28795 0.0644132 0.177124 0.0273092
1.33333 0.303102 0.0526362 0.189469 0.0232484
1.5 0.366108 0.0405867 0.232392 0.0253032
1.66667 0.402536 0.0547544 0.256932 0.0375716
1.83333 0.431872 0.0644816 0.277408 0.048025
2 0.442331 0.0664694 0.279229 0.0348776
2.16667 0.449423 0.073523 0.283294 0.0378997
2.33333 0.478759 0.0799822 0.303769 0.0467758
2.5 0.516154 0.0785566 0.332526 0.0607959
2.66667 0.541765 0.0713682 0.346692 0.0523687
2.83333 0.57916 0.0746183 0.375448 0.0703171
3 0.601404 0.082404 0.391859 0.080511
3.16667 0.615589 0.0933923 0.399989 0.0820565
3.33333 0.627015 0.0707878 0.406025 0.0717123
3.5 0.660685 0.0556089 0.428472 0.0729024
3.66667 0.708539 0.0516979 0.459048 0.074944
3.83333 0.723691 0.0564454 0.471394 0.0861261
4 0.723691 0.0564454 0.471394 0.0861261
4.16667 0.762053 0.0860415 0.504366 0.122062
4.33333 0.776238 0.0875198 0.512496 0.120142
4.5 0.791389 0.0995099 0.524842 0.131925
4.66667 0.784297 0.0991518 0.520777 0.13293
4.83333 0.787664 0.0699822 0.518532 0.113945
5 0.780572 0.0703623 0.514467 0.115211
5.16667 0.779605 0.0586684 0.510252 0.100924
5.33333 0.812307 0.0451886 0.528483 0.0917051
5.5 0.812307 0.0451886 0.528483 0.0917051
5.66667 0.8194 0.0486536 0.532548 0.09089
5.83333 0.805215 0.0426315 0.524418 0.0926915
6 0.805215 0.0426315 0.524418 0.0926915
6.16667 0.838885 0.0381788 0.546864 0.0980658
6.33333 0.861129 0.051276 0.563275 0.10881
6.5 0.861129 0.051276 0.563275 0.10881
6.66667 0.883373 0.0643868 0.579686 0.119581
6.83333 0.890465 0.0641694 0.583751 0.118289
7 0.882406 0.0535516 0.57547 0.105204
7.16667 0.875313 0.0518426 0.571405 0.106264
7.33333 0.875313 0.0518426 0.571405 0.106264
7.5 0.875313 0.0518426 0.571405 0.106264
7.66667 0.875313 0.0518426 0.571405 0.106264
7.83333 0.889498 0.0561113 0.579535 0.104292
8 0.870979 0.0745674 0.569434 0.112015
8.16667 0.889498 0.0561113 0.579535 0.104292
8.33333 0.867254 0.0447695 0.563124 0.0933953
8.5 0.848736 0.0632789 0.553023 0.101131
8.66667 0.848736 0.0632789 0.553023 0.101131
8.83333 0.867254 0.0447695 0.563124 0.0933953
9 0.867254 0.0447695 0.563124 0.0933953
9.16667 0.859195 0.0457779 0.554844 0.0811884
9.33333 0.833584 0.0576134 0.540678 0.0897913
9.5 0.852103 0.0399998 0.550779 0.0817454
9.66667 0.870621 0.023802 0.56088 0.0742037
9.83333 0.870621 0.023802 0.56088 0.0742037
10 0.88914 0.0147972 0.570981 0.067336
11 0.903324 0.0280261 0.579111 0.0649727
12 0.924242 0.0757576 0.582752 0.024767
13 0.901999 0.0875786 0.566341 0.0138695
14 0.842718 0.0828485 0.529728 0.0225249
15 0.784046 0.0966866 0.488777 0.00569523
16 0.769862 0.0910884 0.480647 0.00269946
17 0.758435 0.0839194 0.474611 0.0101973
18 0.736192 0.0953741 0.4582 0.00918033
19 0.692062 0.0774206 0.433933 0.020733
20 0.666452 0.0697958 0.419767 0.0281333
21 0.640841 0.0653664 0.405601 0.0361676
22 0.577835 0.0784082 0.362678 0.032446
23 0.556558 0.0591889 0.350483 0.0238297
24 0.512429 0.0630018 0.326216 0.0419162
25 0.464575 0.0658437 0.295639 0.041825
26 0.45039 0.0517303 0.287509 0.0379851
27 0.435239 0.0594251 0.275164 0.0320867
28 0.438606 0.0679042 0.272919 0.0226057
29 0.410237 0.0465308 0.256659 0.00757993
30 0.410237 0.0465308 0.256659 0.00757993
31 0.373809 0.0518553 0.232118 0.00583543
32 0.351565 0.0646297 0.215707 0.0166327
33 0.303711 0.0625314 0.18513 0.0191312
34 0.288559 0.0773732 0.172785 0.0312248
35 0.274375 0.0738384 0.164655 0.029317
36 0.267283 0.0730463 0.16059 0.0291772
37 0.20091 0.0564308 0.119912 0.0234609
38 0.20091 0.0564308 0.119912 0.0234609
39 0.171574 0.0678012 0.0994361 0.0334474
40 0.153055 0.054527 0.0893351 0.0263573
41 0.153055 0.054527 0.0893351 0.0263573
42 0.145963 0.0524491 0.08527 0.0250643
43 0.131779 0.05107 0.07714 0.0243802
44 0.131779 0.05107 0.07714 0.0243802
45 0.131779 0.05107 0.07714 0.0243802
46 0.138871 0.051276 0.081205 0.0243882
47 0.138871 0.051276 0.081205 0.0243882
48 0.138871 0.051276 0.081205 0.0243882
49 0.116627 0.0643868 0.0647943 0.0352407
50 0.116627 0.0643868 0.0647943 0.0352407
51 0.109535 0.0641694 0.0607292 0.0349911
52 0.116627 0.0643868 0.0647943 0.0352407
53 0.116627 0.0643868 0.0647943 0.0352407
54 0.109535 0.0641694 0.0607292 0.0349911
55 0.109535 0.0641694 0.0607292 0.0349911
56 0.102443 0.064733 0.0566642 0.0352123
57 0.102443 0.064733 0.0566642 0.0352123
58 0.102443 0.064733 0.0566642 0.0352123
59 0.102443 0.064733 0.0566642 0.0352123
60 0.0839243 0.0481162 0.0465632 0.0262666
70 0.0654058 0.0335535 0.0364622 0.0185479
80 0.0583136 0.0321934 0.0323971 0.0176203
90 0.0327029 0.0167767 0.0182311 0.00927397
100 0.0327029 0.0167767 0.0182311 0.00927397
110 0.0141844 0.0141844 0.00813008 0.00813008
120 0.0070922 0.0070922 0.00406504 0.00406504
130 0 0 0 0
140 0 0 0 0
150 0 0 0 0
160 0 0 0 0
170 0 0 0 0
180 0 0 0 0
190 0 0 0 0
200 0 0 0 0
210 0 0 0 0
220 0 0 0 0
230 0 0 0 0
240 0 0 0 0
250 0 0 0 0
260 0 0 0 0
270 0 0 0 0
280 0.0070922 0.0070922 0.00406504 0.00406504
290 0.0070922 0.0070922 0.00406504 0.00406504
300 0 0 0 0
310 0 0 0 0
320 0 0 0 0
330 0 0 0 0
340 0 0 0 0
350 0 0 0 0
360 0 0 0 0
370 0 0 0 0
380 0 0 0 0
390 0 0 0 0
400 0 0 0 0
410 0 0 0 0
420 0 0 0 0
430 0 0 0 0
440 0 0 0 0
450 0 0 0 0
460 0 0 0 0
470 0 0 0 0
480 0 0 0 0
490 0 0 0 0
500 0 0 0 0
510 0 0 0 0
520 0 0 0 0
530 0 0 0 0
540 0 0 0 0
550 0 0 0 0
560 0 0 0 0
570 0 0 0 0
580 0 0 0 0
590 0 0 0 0
600 0 0 0 0
610 0 0 0 0
620 0 0 0 0
630 0.0070922 0.0070922 0.00406504 0.00406504
640 0.0070922 0.0070922 0.00406504 0.00406504
650 0.0070922 0.0070922 0.00406504 0.00406504
660 0 0 0 0
670 0 0 0 0
680 0 0 0 0
690 0 0 0 0
700 0 0 0 0
710 0 0 0 0
720 0 0 0 0
730 0 0 0 0
740 0 0 0 0
750 0 0 0 0
760 0 0 0 0
770 0 0 0 0
780 0 0 0 0
790 0 0 0 0
800 0 0 0 0
810 0 0 0 0
820 0 0 0 0
830 0 0 0 0
840 0 0 0 0
850 0 0 0 0
860 0 0 0 0
870 0 0 0 0
880 0 0 0 0
890 0 0 0 0
900 0 0 0 0
910 0 0 0 0
920 0 0 0 0
930 0 0 0 0
940 0 0 0 0
950 0 0 0 0
960 0 0 0 0
970 0 0 0 0
980 0 0 0 0
990 0 0 0 0
1000 0 0 0 0
1010 0 0 0 0
1020 0 0 0 0
1030 0 0 0 0
1040 0 0 0 0
1050 0 0 0 0
1060 0 0 0 0
1070 0 0 0 0
1080 0 0 0 0
1090 0 0 0 0
1100 0 0 0 0
1110 0 0 0 0
1120 0 0 0 0
1130 0 0 0 0
1140 0 0 0 0
1150 0 0 0 0
1160 0 0 0 0
1170 0 0 0 0
1180 0 0 0 0
1190 0 0 0 0
1200 0 0 0 0
1210 0 0 0 0
1220 0 0 0 0
1230 0 0 0 0
1240 0 0 0 0
1250 0 0 0 0
1260 0 0 0 0
1270 0 0 0 0
1280 0 0 0 0
1290 0 0 0 0
1300 0 0 0 0
1310 0 0 0 0
1320 0 0 0 0
1330 0 0 0 0
1340 0 0 0 0
1350 0 0 0 0
1360 0 0 0 0
1370 0 0 0 0
1380 0 0 0 0
1390 0 0 0 0
1400 0 0 0 0
1410 0 0 0 0
1420 0 0 0 0
1430 0 0 0 0
1440 0 0 0 0


DSB_Residual
0 1 0 1 0
0.0166667 1 0 1 0
0.0333333 1 0 1 0
0.05 1 0 1 0
0.0666667 1 0 1 0
0.0833333 1 0 1 0
0.1 1 0 1 0
0.116667 1 0 1 0
0.133333 1 0 1 0
0.15 1 0 1 0
0.166667 1 0 1 0
0.183333 1 0 1 0
0.2 1 0 1 0
0.216667 1 0 1 0
0.233333 1 0 1 0
0.25 1 0 1 0
0.266667 1 0 1 0
0.283333 1 0 1 0
0.3 1 0 1 0
0.316667 1 0 1 0
0.333333 1 0 1 0
0.35 1 0 1 0
0.366667 1 0 1 0
0.383333 1 0 1 0
0.4 1 0 1 0
0.416667 1 0 1 0
0.433333 1 0 1 0
0.45 1 0 1 0
0.466667 1 0 1 0
0.483333 1 0 1 0
0.5 1 0 1 0
0.516667 1 0 1 0
0.533333 1 0 1 0
0.55 1 0 1 0
0.566667 1 0 1 0
0.583333 1 0 1 0
0.6 1 0 1 0
0.616667 1 0 1 0
0.633333 1 0 1 0
0.65 1 0 1 0
0.666667 1 0 1 0
0.683333 1 0 1 0
0.7 1 0 1 0
0.716667 1 0 1 0
0.733333 1 0 1 0
0.75 1 0 1 0
0.766667 1 0 1 0
0.783333 1 0 1 0
0.8 1 0 1 0
0.816667 1 0 1 0
0.833333 1 0 1 0
0.85 1 0 1 0
0.866667 1 0 1 0
0.883333 1 0 1 0
0.9 1 0 1 0
0.916667 1 0 1 0
0.933333 1 0 1 0
0.95 1 0 1 0
0.966667 1 0 1 0
0.983333 1 0 1 0
1 1 0 1 0
1.16667 1 0 1 0
1.33333 1 0 1 0
1.5 1 0 1 0
1.66667 0.995614 0.00438596 0.995935 0.00406504
1.83333 0.995614 0.00438596 0.995935 0.00406504
2 0.982794 0.0112859 0.983589 0.0108975
2.16667 0.978408 0.0113513 0.979524 0.0108693
2.33333 0.961676 0.000706749 0.965358 0.00217331
2.5 0.94933 0.0117058 0.955257 0.00793269
2.66667 0.94933 0.0117058 0.955257 0.00793269
2.83333 0.944944 0.0103517 0.951192 0.0068038
3 0.944944 0.0103517 0.951192 0.0068038
3.16667 0.932124 0.00766657 0.938846 0.00730676
3.33333 0.927738 0.00333923 0.934781 0.00442903
3.5 0.923352 0.0014135 0.930716 0.00434661
3.66667 0.923352 0.0014135 0.930716 0.00434661
3.83333 0.923352 0.0014135 0.930716 0.00434661
4 0.923352 0.0014135 0.930716 0.00434661
4.16667 0.918966 0.00559633 0.926651 0.00715673
4.33333 0.918966 0.00559633 0.926651 0.00715673
4.5 0.91458 0.00995556 0.922586 0.0107979
4.66667 0.910194 0.0143311 0.918521 0.0146635
4.83333 0.897373 0.0143031 0.906176 0.0166138
5 0.892987 0.0171199 0.902111 0.0189025
5.16667 0.880167 0.0237653 0.889765 0.0259413
5.33333 0.880167 0.0237653 0.889765 0.0259413
5.5 0.880167 0.0237653 0.889765 0.0259413
5.66667 0.880167 0.0237653 0.889765 0.0259413
5.83333 0.871395 0.0272905 0.881635 0.0288843
6 0.871395 0.0272905 0.881635 0.0288843
6.16667 0.871395 0.0272905 0.881635 0.0288843
6.33333 0.871395 0.0272905 0.881635 0.0288843
6.5 0.871395 0.0272905 0.881635 0.0288843
6.66667 0.871395 0.0272905 0.881635 0.0288843
6.83333 0.871395 0.0272905 0.881635 0.0288843
7 0.858574 0.0351104 0.869289 0.0368023
7.16667 0.854189 0.0363897 0.865224 0.0378744
7.33333 0.854189 0.0363897 0.865224 0.0378744
7.5 0.849803 0.0381334 0.861159 0.0393393
7.66667 0.849803 0.0381334 0.861159 0.0393393
7.83333 0.849803 0.0381334 0.861159 0.0393393
8 0.837457 0.025822 0.851058 0.0293149
8.16667 0.833071 0.0279472 0.846993 0.0310558
8.33333 0.815864 0.0369769 0.830582 0.0400263
8.5 0.803519 0.024863 0.820481 0.0301847
8.66667 0.803519 0.024863 0.820481 0.0301847
8.83333 0.803519 0.024863 0.820481 0.0301847
9 0.803519 0.024863 0.820481 0.0301847
9.16667 0.790698 0.0349589 0.808136 0.039884
9.33333 0.773967 0.0242903 0.79397 0.0311097
9.5 0.773967 0.0242903 0.79397 0.0311097
9.66667 0.773967 0.0242903 0.79397 0.0311097
9.83333 0.761621 0.0154316 0.783868 0.0227856
10 0.761621 0.0154316 0.783868 0.0227856
11 0.761621 0.0154316 0.783868 0.0227856
12 0.727208 0.0375472 0.751047 0.0445805
13 0.705616 0.0477415 0.730571 0.0548369
14 0.659332 0.0412449 0.689894 0.0498759
15 0.616147 0.0605168 0.648942 0.0698646
16 0.607375 0.059063 0.640812 0.0690652
17 0.595029 0.0495137 0.630711 0.0607668
18 0.573437 0.0599466 0.610235 0.0711952
19 0.539974 0.0399735 0.581903 0.0540286
20 0.523242 0.0308632 0.567737 0.0455712
21 0.50651 0.0232854 0.553571 0.0372742
22 0.459752 0.038665 0.510648 0.0522047
23 0.434248 0.0262125 0.488352 0.0415957
24 0.405171 0.0279816 0.464085 0.0286745
25 0.371233 0.0317057 0.433509 0.0321494
26 0.362461 0.0230165 0.425378 0.0275208
27 0.34964 0.0300531 0.413033 0.0398613
28 0.33682 0.0400668 0.400687 0.0522042
29 0.319276 0.0258109 0.384427 0.0465619
30 0.319276 0.0258109 0.384427 0.0465619
31 0.288911 0.0303921 0.355821 0.0563846
32 0.271705 0.0416688 0.33941 0.0670738
33 0.237767 0.043037 0.308834 0.0691327
34 0.224946 0.0556098 0.296488 0.0803634
35 0.216174 0.0532373 0.288358 0.0797309
36 0.211788 0.0525623 0.284293 0.0797243
37 0.165505 0.0448681 0.243615 0.0731645
38 0.165505 0.0448681 0.243615 0.0731645
39 0.143912 0.0547554 0.223139 0.0836991
40 0.131566 0.0467309 0.213038 0.0754216
41 0.131566 0.0467309 0.213038 0.0754216
42 0.12718 0.0450536 0.208973 0.075027
43 0.118409 0.0428643 0.200843 0.0748963
44 0.118409 0.0428643 0.200843 0.0748963
45 0.118409 0.0428643 0.200843 0.0748963
46 0.118409 0.0428643 0.200843 0.0748963
47 0.118409 0.0428643 0.200843 0.0748963
48 0.118409 0.0428643 0.200843 0.0748963
49 0.101202 0.0541472 0.184432 0.0855367
50 0.101202 0.0541472 0.184432 0.0855367
51 0.0968161 0.0536249 0.180367 0.085669
52 0.0968161 0.0536249 0.180367 0.085669
53 0.0968161 0.0536249 0.180367 0.085669
54 0.0924301 0.0534586 0.176302 0.0859934
55 0.0924301 0.0534586 0.176302 0.0859934
56 0.0880442 0.0536515 0.172237 0.0865078
57 0.0880442 0.0536515 0.172237 0.0865078
58 0.0880442 0.0536515 0.172237 0.0865078
59 0.0880442 0.0536515 0.172237 0.0865078
60 0.0756985 0.0427975 0.162136 0.0771907
70 0.0633528 0.0330092 0.152035 0.0680974
80 0.0589669 0.0322559 0.14797 0.0683881
90 0.0422352 0.0220061 0.133804 0.0595856
100 0.0422352 0.0220061 0.133804 0.0595856
110 0.0298895 0.0156081 0.123703 0.05055
120 0.0255036 0.0127712 0.119638 0.0507834
130 0.0211176 0.0110031 0.115573 0.0513386
140 0.0211176 0.0110031 0.115573 0.0513386
150 0.00877193 0.00877193 0.105472 0.0419815
160 0.00877193 0.00877193 0.105472 0.0419815
170 0.00877193 0.00877193 0.105472 0.0419815
180 0.00877193 0.00877193 0.105472 0.0419815
190 0.00877193 0.00877193 0.105472 0.0419815
200 0.00877193 0.00877193 0.105472 0.0419815
210 0.00877193 0.00877193 0.105472 0.0419815
220 0.00877193 0.00877193 0.105472 0.0419815
230 0.00877193 0.00877193 0.105472 0.0419815
240 0.00877193 0.00877193 0.105472 0.0419815
250 0.00877193 0.00877193 0.105472 0.0419815
260 0.00877193 0.00877193 0.105472 0.0419815
270 0.00877193 0.00877193 0.105472 0.0419815
280 0.00877193 0.00877193 0.105472 0.0419815
290 0.00877193 0.00877193 0.105472 0.0419815
300 0.00438596 0.00438596 0.101407 0.0425574
310 0.00438596 0.00438596 0.101407 0.0425574
320 0.00438596 0.00438596 0.101407 0.0425574
330 0.00438596 0.00438596 0.101407 0.0425574
340 0.00438596 0.00438596 0.101407 0.0425574
350 0.00438596 0.00438596 0.101407 0.0425574
360 0.00438596 0.00438596 0.101407 0.0425574
370 0.00438596 0.00438596 0.101407 0.0425574
380 0.00438596 0.00438596 0.101407 0.0425574
390 0.00438596 0.00438596 0.101407 0.0425574
400 0.00438596 0.00438596 0.101407 0.0425574
410 0.00438596 0.00438596 0.101407 0.0425574
420 0.00438596 0.00438596 0.101407 0.0425574
430 0.00438596 0.00438596 0.101407 0.0425574
440 0.00438596 0.00438596 0.101407 0.0425574
450 0.00438596 0.00438596 0.101407 0.0425574
460 0.00438596 0.00438596 0.101407 0.0425574
470 0.00438596 0.00438596 0.101407 0.0425574
480 0.00438596 0.00438596 0.101407 0.0425574
490 0.00438596 0.00438596 0.101407 0.0425574
500 0.00438596 0.00438596 0.101407 0.0425574
510 0.00438596 0.00438596 0.101407 0.0425574
520 0.00438596 0.00438596 0.101407 0.0425574
530 0.00438596 0.00438596 0.101407 0.0425574
540 0.00438596 0.00438596 0.101407 0.0425574
550 0.00438596 0.00438596 0.101407 0.0425574
560 0.00438596 0.00438596 0.101407 0.0425574
570 0.00438596 0.00438596 0.101407 0.0425574
580 0.00438596 0.00438596 0.101407 0.0425574
590 0.00438596 0.00438596 0.101407 0.0425574
600 0.00438596 0.00438596 0.101407 0.0425574
610 0.00438596 0.00438596 0.101407 0.0425574
620 0.00438596 0.00438596 0.101407 0.0425574
630 0.00438596 0.00438596 0.101407 0.0425574
640 0.00438596 0.00438596 0.101407 0.0425574
650 0.00438596 0.00438596 0.101407 0.0425574
660 0 0 0.097342 0.043507
670 0 0 0.097342 0.043507
680 0 0 0.097342 0.043507
690 0 0 0.097342 0.043507
700 0 0 0.097342 0.043507
710 0 0 0.097342 0.043507
720 0 0 0.097342 0.043507
730 0 0 0.097342 0.043507
740 0 0 0.097342 0.043507
750 0 0 0.097342 0.043507
760 0 0 0.097342 0.043507
770 0 0 0.097342 0.043507
780 0 0 0.097342 0.043507
790 0 0 0.097342 0.043507
800 0 0 0.097342 0.043507
810 0 0 0.097342 0.043507
820 0 0 0.097342 0.043507
830 0 0 0.097342 0.043507
840 0 0 0.097342 0.043507
850 0 0 0.097342 0.043507
860 0 0 0.097342 0.043507
870 0 0 0.097342 0.043507
880 0 0 0.097342 0.043507
890 0 0 0.097342 0.043507
900 0 0 0.097342 0.043507
910 0 0 0.097342 0.043507
920 0 0 0.097342 0.043507
930 0 0 0.097342 0.043507
940 0 0 0.097342 0.043507
950 0 0 0.097342 0.043507
960 0 0 0.097342 0.043507
970 0 0 0.097342 0.043507
980 0 0 0.097342 0.043507
990 0 0 0.097342 0.043507
1000 0 0 0.097342 0.043507
1010 0 0 0.097342 0.043507
1020 0 0 0.097342 0.043507
1030 0 0 0.097342 0.043507
1040 0 0 0.097342 0.043507
1050 0 0 0.097342 0.043507
1060 0 0 0.097342 0.043507
1070 0 0 0.097342 0.043507
1080 0 0 0.097342 0.043507
1090 0 0 0.097342 0.043507
1100 0 0 0.097342 0.043507
1110 0 0 0.097342 0.043507
1120 0 0 0.097342 0.043507
1130 0 0 0.097342 0.043507
1140 0 0 0.097342 0.043507
1150 0 0 0.097342 0.043507
1160 0 0 0.097342 0.043507
1170 0 0 0.097342 0.043507
1180 0 0 0.097342 0.043507
1190 0 0 0.097342 0.043507
1200 0 0 0.097342 0.043507
1210 0 0 0.097342 0.043507
1220 0 0 0.097342 0.043507
1230 0 0 0.097342 0.043507
1240 0 0 0.097342 0.043507
1250 0 0 0.097342 0.043507
1260 0 0 0.097342 0.043507
1270 0 0 0.097342 0.043507
1280 0 0 0.097342 0.043507
1290 0 0 0.097342 0.043507
1300 0 0 0.097342 0.043507
1310 0 0 0.097342 0.043507
1320 0 0 0.097342 0.043507
1330 0 0 0.097342 0.043507
1340 0 0 0.097342 0.043507
1350 0 0 0.097342 0.043507
1360 0 0 0.097342 0.043507
1370 0 0 0.097342 0.043507
1380 0 0 0.097342 0.043507
1390 0 0 0.097342 0.043507
1400 0 0 0.097342 0.043507
1410 0 0 0.097342 0.043507
1420 0 0 0.097342 0.043507
1430 0 0 0.097342 0.043507
1440 0 0 0.097342 0.043507


Time || Bleached_RelInit SEM_RelInit
1 0 0.0608046
2 0 0.0790528
3 0 0.0901652
4 0.0026268 0.11314
5 0.0161661 0.145353
6 0.0250822 0.119541
7 0.0450759 0.117938
8 0.0761472 0.113661
9 0.0939794 0.0977867
10 0.136594 0.116749
11 0.136594 0.121003
12 0.149968 0.0817498
13 0.154426 0.0982033
14 0.179043 0.0925472
15 0.187959 0.117409
16 0.212411 0.0943192
17 0.223488 0.0986685
18 0.227946 0.0921012
19 0.236862 0.0867972
20 0.250402 0.0839853
21 0.250402 0.0881459
22 0.272557 0.0987054
23 0.310713 0.115085
24 0.310713 0.124939
25 0.326248 0.109143
26 0.315171 0.0884421
27 0.324087 0.0943492
28 0.324087 0.106621
29 0.346242 0.1057
30 0.35732 0.108192
40 0.412678 0.0972477
50 0.491121 0.119625
60 0.640954 0.088345
70 0.692649 0.121797
80 0.746176 0.155751
90 0.759715 0.126701
100 0.797406 0.140519
110 0.813407 0.178001
120 0.815704 0.1859
130 0.862311 0.201214
140 0.888924 0.223979
150 0.929076 0.248684
160 0.942451 0.248046
170 0.965071 0.234883
180 0.938323 0.23306
190 0.956155 0.235338
200 0.97861 0.259133
210 0.983068 0.258871
220 0.965236 0.349427
230 0.969694 0.341999
240 0.949701 0.366507
250 0.974017 0.375705
260 0.948935 0.360959
270 0.935561 0.356142
280 0.948635 0.331683
290 0.960013 0.30642
300 0.973252 0.305787
310 0.935096 0.303468
320 0.923718 0.315165
330 0.948635 0.298855
340 0.955419 0.302164
350 0.97109 0.335137
360 0.968794 0.333464
370 0.968794 0.355296
380 1 0.350654
390 0.981838 0.328006
400 0.968463 0.328429
410 0.964005 0.328544
420 0.950631 0.327857
430 0.94185 0.32135
440 0.94847 0.319651
450 0.917398 0.331611
460 0.928476 0.315064
470 0.885862 0.294834
480 0.874784 0.310558
490 0.86141 0.309924
500 0.86141 0.289594
510 0.870326 0.290363
520 0.847706 0.272385
530 0.807718 0.283383
540 0.792183 0.258535
550 0.783402 0.236956
560 0.783402 0.245081
570 0.778944 0.235059
630 0.794479 0.232747
690 0.72249 0.183035
750 0.677579 0.175387
810 0.592816 0.177552
870 0.507453 0.176679
930 0.48962 0.170188
990 0.454091 0.172093
1050 0.422554 0.169406
1110 0.371489 0.1632
1170 0.340418 0.182906
1230 0.298269 0.181745
1290 0.215202 0.172136
1350 0.166299 0.163729
1410 0.113072 0.168608
1470 0.0570841 0.173409
1530 0.0392519 0.169105
1590 0.00109575 0.168195
1650 0 0.153697
1710 0 0.146272
1770 0 0.146543
1830 0 0.145886
1890 0 0.149833
1950 0 0.151898
2010 0 0.161254
2070 0 0.159521
2130 0 0.159398
2190 0 0.153385
2250 0 0.151985
2310 0 0.160728
2370 0 0.152967
2430 0 0.154252
2490 0 0.153211
2550 0 0.152679
2610 0 0.152679
2670 0 0.152679
2730 0 0.151902
2790 0 0.151902
2850 0 0.151902
2910 0 0.161826
2970 0 0.161826
3030 0 0.161565
3090 0 0.16158
3150 0 0.16158
3210 0 0.161319
3270 0 0.161319
3330 0 0.16155
3390 0 0.16155
3450 0 0.16155
3510 0 0.16155
3570 0 0.153142
4170 0 0.147609
4770 0 0.147062
5370 0 0.143343
5970 0 0.143343
6570 0 0.143009
7170 0 0.142172
7770 0 0.148186
8370 0 0.148186
8970 0 0.13326
9570 0 0.13326
10170 0 0.13326
10770 0 0.13326
11370 0 0.13326
11970 0 0.13326
12570 0 0.13326
13170 0 0.13326
13770 0 0.13326
14370 0 0.13326
14970 0 0.13326
15570 0 0.13326
16170 0 0.13326
16770 0 0.134432
17370 0 0.134432
17970 0 0.134136
18570 0 0.134136
19170 0 0.134136
19770 0 0.134136
20370 0 0.134136
20970 0 0.134136
21570 0 0.134136
22170 0 0.134136
22770 0 0.134136
23370 0 0.134136
23970 0 0.134136
24570 0 0.134136
25170 0 0.134136
25770 0 0.134136
26370 0 0.134136
26970 0 0.134136
27570 0 0.134136
28170 0 0.134136
28770 0 0.134136
29370 0 0.134136
29970 0 0.134136
30570 0 0.134136
31170 0 0.134136
31770 0 0.134136
32370 0 0.134136
32970 0 0.134136
33570 0 0.134136
34170 0 0.134136
34770 0 0.134136
35370 0 0.134136
35970 0 0.134136
36570 0 0.134136
37170 0 0.134136
37770 0 0.135886
38370 0 0.135886
38970 0 0.135886
39570 0 0.135593
40170 0 0.135593
40770 0 0.135593
41370 0 0.135593
41970 0 0.135593
42570 0 0.135593
43170 0 0.135593
43770 0 0.135593
44370 0 0.135593
44970 0 0.135593
45570 0 0.135593
46170 0 0.135593
46770 0 0.135593
47370 0 0.135593
47970 0 0.135593
48570 0 0.135593
49170 0 0.135593
49770 0 0.135593
50370 0 0.135593
50970 0 0.135593
51570 0 0.135593
52170 0 0.135593
52770 0 0.135593
53370 0 0.135593
53970 0 0.135593
54570 0 0.135593
55170 0 0.135593
55770 0 0.135593
56370 0 0.135593
56970 0 0.135593
57570 0 0.135593
58170 0 0.135593
58770 0 0.135593
59370 0 0.135593
59970 0 0.135593
60570 0 0.135593
61170 0 0.135593
61770 0 0.135593
62370 0 0.135593
62970 0 0.135593
63570 0 0.135593
64170 0 0.135593
64770 0 0.135593
65370 0 0.135593
65970 0 0.135593
66570 0 0.135593
67170 0 0.135593
67770 0 0.135593
68370 0 0.135593
68970 0 0.135593
69570 0 0.135593
70170 0 0.135593
70770 0 0.135593
71370 0 0.135593
71970 0 0.135593
72570 0 0.135593
73170 0 0.135593
73770 0 0.135593
74370 0 0.135593
74970 0 0.135593
75570 0 0.135593
76170 0 0.135593
76770 0 0.135593
77370 0 0.135593
77970 0 0.135593
78570 0 0.135593
79170 0 0.135593
79770 0 0.135593
80370 0 0.135593
80970 0 0.135593
81570 0 0.135593
82170 0 0.135593
82770 0 0.135593
83370 0 0.135593
83970 0 0.135593
84570 0 0.135593
85170 0 0.135593
85770 0 0.135593
86370 0 0.135593


Original_Seperation_of_Misrepair
# Separation (nm) | Normalised Frequency
2.6 0.148936
5.2 1
7.8 0.787234
10.4 0.170213


Time_of_Misrepair_Interactions
# Time of Interaction (s) | Normalised Frequency
1 0.6875
2.00001 1
3.00001 0.5
4.00002 0.3125
5.00002 0.25
6.00003 0.1875
7.00003 0.0625
8.00004 0.1875
9.00004 0.1875
10 0.0625
11.0001 0.125
12.0001 0.125
13.0001 0.125
14.0001 0.125
16.0001 0.1875
17.0001 0.125
18.0001 0.1875
21.0001 0.0625
22.0001 0.0625
23.0001 0.0625
24.0001 0.0625
25.0001 0.125
26.0001 0.125
27.0001 0.0625
28.0001 0.0625
30.0001 0.0625
31.0001 0.0625
32.0001 0.0625
35.0002 0.0625
38.0002 0.0625
39.0002 0.125
44.0002 0.0625
46.0002 0.0625
48.0002 0.0625
49.0002 0.125
53.0002 0.0625
55.0003 0.0625
59.0003 0.0625
60.0003 0.0625
66.0003 0.0625
67.0003 0.0625
71.0003 0.0625
77.0004 0.125
79.0004 0.125
86.0004 0.0625
87.0004 0.0625
89.0004 0.0625
91.0004 0.0625
93.0004 0.0625
95.0004 0.0625
100 0.0625
101 0.0625
109.001 0.0625
110.001 0.0625
111.001 0.0625
116.001 0.0625
118.001 0.0625
119.001 0.0625
120.001 0.125
125.001 0.0625
126.001 0.125
133.001 0.0625
138.001 0.0625
143.001 0.0625
146.001 0.0625
153.001 0.0625
156.001 0.0625
161.001 0.0625
162.001 0.0625
171.001 0.0625
172.001 0.125
173.001 0.0625
175.001 0.0625
180.001 0.0625
181.001 0.0625
186.001 0.0625
195.001 0.125
199.001 0.0625
211.001 0.0625
217.001 0.0625
218.001 0.0625
226.001 0.0625
229.001 0.0625
251.001 0.0625
272.001 0.0625
280.001 0.0625
282.001 0.0625
298.001 0.0625
305.001 0.0625
315.001 0.0625
320.001 0.0625
324.001 0.0625
338.002 0.0625
346.002 0.0625
350.002 0.0625
351.002 0.0625
367.002 0.0625
372.002 0.0625
373.002 0.0625
374.002 0.0625
376.002 0.0625
380.002 0.0625
384.002 0.0625
390.002 0.0625
406.002 0.0625
411.002 0.0625
417.002 0.0625
423.002 0.0625
438.002 0.0625
442.002 0.0625
446.002 0.0625
452.002 0.0625
453.002 0.0625
457.002 0.0625
466.002 0.0625
483.002 0.0625
489.002 0.0625
491.002 0.0625
493.002 0.0625
495.002 0.0625
508.002 0.0625
520.002 0.0625
525.002 0.125
527.002 0.0625
532.002 0.0625
539.002 0.0625
546.003 0.0625
564.003 0.0625
566.003 0.0625
579.003 0.125
596.003 0.0625
604.003 0.0625
613.003 0.125
630.003 0.0625
655.003 0.0625
664.003 0.0625
685.003 0.0625
720.003 0.0625
750.003 0.0625
755.003 0.0625
783.004 0.0625
844.004 0.0625
878.004 0.0625
910.004 0.0625
977.005 0.0625
980.005 0.0625
990.005 0.0625
1088.01 0.0625
1094.01 0.0625
1113.01 0.0625
1123.01 0.0625
1217.01 0.0625
1296.01 0.0625
1388.01 0.0625
1470.01 0.0625
1625.01 0.0625
1692.01 0.0625
1761.01 0.0625
1810.01 0.0625
1979.01 0.0625
2178.01 0.0625
2180.01 0.0625
2228.01 0.0625
2253.01 0.0625
2394.01 0.0625
2417.01 0.0625
2539.01 0.0625
3082.01 0.0625
7729.04 0.0625
8513.04 0.0625
16371.1 0.0625
16443.1 0.0625
37548.2 0.0625
37587.2 0.0625


MSD_of_DSB
# Time (s) | MSD


Displacement_at_End
# Displacement (nm) | Normalised Frequency
109.2 0.2
111.8 0.2
137.8 0.4
153.4 0.4
158.6 0.4
169 0.8
202.8 0.2
205.4 0.2
231.4 0.2
236.6 0.6
239.2 0.6
241.8 0.2
262.6 0.4
278.2 0.4
283.4 0.4
317.2 0.2
319.8 0.2
332.8 0.4
335.4 0.4
340.6 0.2
343.2 0.2
366.6 0.2
371.8 0.2
374.4 0.2
379.6 0.2
382.2 0.2
384.8 0.2
390 0.2
397.8 1
421.2 0.8
462.8 0.2
465.4 0.2
468 0.2
473.2 0.6
475.8 0.2
478.4 0.2
483.6 0.2
486.2 0.4
488.8 0.2
494 0.2
496.6 0.6
499.2 0.2
501.8 0.2
507 0.4
533 0.2
538.2 0.2
553.8 0.4
559 0.4
564.2 0.2
566.8 0.4
569.4 0.2
574.6 0.2
577.2 0.8
579.8 0.6
595.4 0.4
603.2 0.2
608.4 0.2
611 0.2
613.6 0.2
616.2 0.2
624 0.6
626.6 0.4
629.2 0.2
650 0.2
652.6 0.2
655.2 0.2
657.8 0.2
660.4 0.4
665.6 0.4
670.8 0.4
681.2 0.6
683.8 0.2
686.4 0.2
689 0.2
691.6 0.2
694.2 0.4
699.4 0.2
709.8 0.2
712.4 0.4
715 0.2
717.6 0.6
735.8 0.2
738.4 0.2
748.8 0.6
751.4 0.2
754 0.4
764.4 0.4
769.6 0.4
782.6 0.2
785.2 0.2
806 0.6
808.6 0.2
816.4 0.4
824.2 0.4
832 0.6
839.8 0.2
842.4 0.2
847.6 0.2
850.2 0.2
860.6 0.4
868.4 0.4
878.8 0.4
889.2 0.2
891.8 0.2
899.6 0.2
910 0.2
912.6 0.2
915.2 0.4
917.8 0.2
920.4 0.2
923 0.8
925.6 0.4
928.2 0.4
941.2 0.2
943.8 0.2
972.4 0.4
977.6 0.4
990.6 0.2
993.2 0.4
995.8 0.4
998.4 0.2
1008.8 0.2
1014 0.2
1040 0.2
1042.6 0.2
1047.8 0.2
1066 0.4
1068.6 0.4
1071.2 0.4
1089.4 0.2
1092 0.2
1094.6 0.2
1097.2 0.2
1115.4 0.4
1133.6 0.4
1136.2 0.2
1138.8 0.6
1141.4 0.2
1144 0.4
1154.4 0.2
1159.6 0.2
1162.2 0.4
1164.8 0.2
1167.4 0.6
1170 0.2
1175.2 0.2
1177.8 0.2
1188.2 0.2
1193.4 0.4
1211.6 0.4
1214.2 0.2
1232.4 0.4
1245.4 0.2
1248 0.2
1315.6 0.4
1331.2 0.2
1365 0.2
1383.2 0.2
1391 0.2
1440.4 0.2
1458.6 0.4
1487.2 0.4
1500.2 0.2
1502.8 0.4
1508 0.2
1528.8 0.2
1531.4 0.2
1586 0.2
1588.6 0.2
1627.6 0.2
1630.2 0.2
1638 0.4
1648.4 0.4
1656.2 0.2
1684.8 0.2
1687.4 0.2
1838.2 0.4
1905.8 0.2
1908.4 0.4
1913.6 0.4
1939.6 0.2
1957.8 0.2
2324.4 0.4
2418 0.4
3096.6 0.4


Displacement_of_ResidualEnds
616.2 1
694.2 1
699.4 1
709.8 1
832 1
899.6 1
920.4 1
925.6 1
1008.8 1
1014 1
1040 1
1089.4 1
1092 1
1141.4 1
1164.8 1
1188.2 1
1214.2 1
1331.2 1
1365 1
1440.4 1
1586 1
1588.6 1
1656.2 1
1913.6 1
1939.6 1
1957.8 1


Displacement_of_ResidualSyn


