#Time	DSBEnd	DSBEnd_Inhibited	DSBEnd_Ku	DSBEnd_PKcs	DSBSynaptic	DSBSynaptic_Stable	DSB_Fixed	Unrepaired
0	66	0	0	0	0	0	0	66
1	9	29	11	5	6	0	0	66
2	3	26	13	8	8	0	0	66
3	3	21	12	8	11	0	0	66
4	1	22	13	6	12	0	0	66
5	6	16	5	11	14	0	0	66
6	4	14	3	11	17	0	0	66
7	0	13	5	10	19	0	0	66
8	2	11	2	7	22	0	0	66
9	1	10	3	6	23	0	0	66
10	0	11	0	5	25	0	0	66
11	1	10	0	5	25	0	0	66
12	0	9	1	4	26	0	0	66
13	1	7	1	5	26	0	0	66
14	3	7	0	4	26	0	0	66
15	0	8	1	5	26	0	0	66
16	0	7	1	6	26	0	0	66
17	2	6	2	6	25	0	0	66
18	4	3	3	6	25	0	0	66
19	1	5	1	7	26	0	0	66
20	1	4	1	8	26	0	0	66
21	1	4	0	7	27	0	0	66
22	1	3	0	6	28	0	0	66
23	0	2	2	6	28	0	0	66
24	1	1	1	7	28	0	0	66
25	1	1	0	8	28	0	0	66
26	2	2	0	6	28	0	0	66
27	0	3	1	6	28	0	0	66
28	0	2	1	7	28	0	0	66
29	1	3	1	7	26	1	0	66
30	1	2	0	9	25	2	0	66
31	1	3	0	8	25	2	0	66
32	1	3	0	8	25	2	0	66
33	0	4	0	8	25	2	0	66
34	1	3	0	8	25	2	0	66
35	0	3	1	8	25	2	0	66
36	0	3	1	8	25	2	0	66
37	2	2	1	7	25	2	0	66
38	0	5	0	7	25	2	0	66
39	0	4	1	7	25	2	0	66
40	0	4	0	8	25	2	0	66
41	1	3	0	8	25	2	0	66
42	1	3	0	8	25	2	0	66
43	1	2	1	8	25	2	0	66
44	3	2	0	9	24	2	0	66
45	0	4	1	9	24	2	0	66
46	0	3	1	10	24	2	0	66
47	0	3	0	11	24	2	0	66
48	1	2	0	9	25	2	0	66
49	0	3	0	9	25	2	0	66
50	0	3	0	9	25	2	0	66
51	1	1	1	9	25	2	0	66
52	0	1	1	8	26	2	0	66
53	0	1	0	7	27	2	0	66
54	0	1	0	7	27	2	0	66
55	1	1	0	8	26	2	0	66
56	0	4	0	8	24	3	0	66
57	0	4	0	8	24	3	0	66
58	1	4	1	8	23	3	0	66
59	0	3	1	8	24	3	0	66
60	0	3	0	7	25	3	0	66
70	1	3	0	8	22	5	0	66
80	0	3	0	9	22	5	0	66
90	0	1	1	10	21	6	0	66
100	2	1	0	9	21	6	0	66
110	0	1	0	9	22	6	0	66
120	1	3	0	10	19	7	0	66
130	0	1	0	9	21	7	0	66
140	0	2	0	10	19	7	1	64
150	0	3	0	11	17	7	2	62
160	2	2	0	14	14	8	2	62
170	0	2	0	16	14	8	2	62
180	0	0	0	16	15	8	2	62
190	0	0	0	16	15	8	2	62
200	0	0	0	16	14	9	2	62
210	0	0	0	16	13	10	2	62
220	0	0	0	16	12	11	2	62
230	0	0	0	16	12	11	2	62
240	0	0	0	16	12	11	2	62
250	0	1	1	18	10	11	2	62
260	0	2	0	18	10	11	2	62
270	1	3	1	17	9	11	2	62
280	0	1	1	18	10	11	2	62
290	0	1	0	19	9	12	2	62
300	1	1	1	19	8	12	2	62
310	1	0	0	19	9	12	2	62
320	0	2	0	18	8	13	2	62
330	0	0	0	18	9	13	2	62
340	0	0	1	17	9	13	2	62
350	0	0	0	18	9	13	2	62
360	0	0	1	19	8	13	2	62
370	0	0	0	18	8	14	2	62
380	0	1	0	19	7	14	2	62
390	0	0	0	18	8	14	2	62
400	0	0	0	18	8	14	2	62
410	0	0	0	18	8	14	2	62
420	0	0	0	18	8	14	2	62
430	0	0	0	18	8	14	2	62
440	0	0	0	18	8	14	2	62
450	0	0	0	18	8	14	2	62
460	0	2	0	16	8	14	2	62
470	1	0	0	17	8	14	2	62
480	1	0	0	17	8	13	3	60
490	0	0	0	16	8	14	3	60
500	0	1	0	17	7	14	3	60
510	0	0	0	16	8	13	4	58
520	0	0	0	16	8	13	4	58
530	0	0	0	16	7	14	4	58
540	0	0	0	16	7	14	4	58
550	0	0	0	16	7	14	4	58
560	0	0	0	16	7	13	5	56
570	0	1	0	15	6	14	5	56
580	0	2	1	15	4	15	5	56
590	0	1	0	17	3	15	6	54
600	0	1	0	17	2	16	6	54
660	0	0	0	18	2	16	6	54
720	0	0	0	18	0	18	6	54
780	0	0	0	18	0	18	6	54
840	0	0	0	18	0	16	8	50
900	0	0	0	18	0	16	8	50
960	0	0	0	18	0	16	8	50
1020	0	0	0	18	0	15	9	48
1080	0	0	0	18	0	15	9	48
1140	0	0	0	16	1	13	11	44
1200	0	0	0	18	0	12	12	42
1260	0	1	0	17	0	11	13	40
1320	0	0	0	16	1	10	14	38
1380	0	0	0	16	0	10	15	36
1440	0	0	0	14	1	8	17	32
1500	0	0	0	14	1	7	18	30
1560	0	0	0	14	1	7	18	30
1620	0	1	0	15	0	7	18	30
1680	0	0	0	14	0	8	18	30
1740	0	0	0	14	0	8	18	30
1800	0	0	0	14	0	8	18	30
1860	0	0	0	14	0	8	18	30
1920	0	0	0	14	0	8	18	30
1980	0	0	0	14	0	7	19	28
2040	0	0	0	14	0	7	19	28
2100	0	0	0	14	0	7	19	28
2160	0	0	0	14	0	7	19	28
2220	0	0	0	14	0	5	21	24
2280	0	0	0	14	0	5	21	24
2340	0	0	0	14	0	5	21	24
2400	0	0	0	14	0	4	22	22
2460	0	0	0	14	0	4	22	22
2520	0	0	0	14	0	4	22	22
2580	0	0	0	14	0	4	22	22
2640	0	0	0	14	0	4	22	22
2700	0	0	0	14	0	4	22	22
2760	0	0	0	14	0	4	22	22
2820	0	0	0	14	0	4	22	22
2880	0	0	0	14	0	4	22	22
2940	0	0	0	14	0	4	22	22
3000	0	0	0	14	0	4	22	22
3060	0	0	0	14	0	4	22	22
3120	0	0	0	14	0	4	22	22
3180	0	0	0	14	0	4	22	22
3240	0	0	0	14	0	4	22	22
3300	0	0	0	14	0	4	22	22
3360	0	0	0	14	0	4	22	22
3420	0	0	0	14	0	4	22	22
3480	0	0	0	14	0	4	22	22
3540	0	0	0	14	0	4	22	22
3600	0	0	0	14	0	3	23	20
4200	0	0	0	14	0	2	24	18
4800	0	0	0	14	0	2	24	18
5400	0	0	0	14	0	1	25	16
6000	0	0	0	14	0	1	25	16
6600	0	0	0	14	0	0	26	14
7200	0	0	0	14	0	0	26	14
7800	0	0	0	14	0	0	26	14
8400	0	0	0	14	0	0	26	14
9000	0	0	0	12	0	0	27	12
9600	0	0	0	12	0	0	27	12
10200	0	0	0	12	0	0	27	12
10800	0	0	0	12	0	0	27	12
11400	0	0	0	12	0	0	27	12
12000	0	0	0	12	0	0	27	12
12600	0	0	0	12	0	0	27	12
13200	0	0	0	12	0	0	27	12
13800	0	0	0	12	0	0	27	12
14400	0	0	0	12	0	0	27	12
15000	0	0	0	12	0	0	27	12
15600	0	0	0	12	0	0	27	12
16200	0	0	0	12	0	0	27	12
16800	0	0	0	12	0	0	27	12
17400	0	0	0	12	0	0	27	12
18000	0	0	0	12	0	0	27	12
18600	0	0	0	12	0	0	27	12
19200	0	0	0	12	0	0	27	12
19800	0	0	0	12	0	0	27	12
20400	0	0	0	12	0	0	27	12
21000	0	0	0	12	0	0	27	12
21600	0	0	0	12	0	0	27	12
22200	0	0	0	12	0	0	27	12
22800	0	0	0	12	0	0	27	12
23400	0	0	0	12	0	0	27	12
24000	0	0	0	12	0	0	27	12
24600	0	0	0	12	0	0	27	12
25200	0	0	0	12	0	0	27	12
25800	0	0	0	12	0	0	27	12
26400	0	0	0	12	0	0	27	12
27000	0	0	0	12	0	0	27	12
27600	0	0	0	12	0	0	27	12
28200	0	0	0	12	0	0	27	12
28800	0	0	0	12	0	0	27	12
29400	0	0	0	12	0	0	27	12
30000	0	0	0	12	0	0	27	12
30600	0	0	0	12	0	0	27	12
31200	0	0	0	12	0	0	27	12
31800	0	0	0	12	0	0	27	12
32400	0	0	0	12	0	0	27	12
33000	0	0	0	12	0	0	27	12
33600	0	0	0	12	0	0	27	12
34200	0	0	0	12	0	0	27	12
34800	0	0	0	12	0	0	27	12
35400	0	0	0	12	0	0	27	12
36000	0	0	0	12	0	0	27	12
36600	0	0	0	12	0	0	27	12
37200	0	0	0	12	0	0	27	12
37800	0	0	0	12	0	0	27	12
38400	0	0	0	12	0	0	27	12
39000	0	0	0	12	0	0	27	12
39600	0	0	0	12	0	0	27	12
40200	0	0	0	12	0	0	27	12
40800	0	0	0	12	0	0	27	12
41400	0	0	0	12	0	0	27	12
42000	0	0	0	12	0	0	27	12
42600	0	0	0	12	0	0	27	12
43200	0	0	0	12	0	0	27	12
43800	0	0	0	12	0	0	27	12
44400	0	0	0	12	0	0	27	12
45000	0	0	0	12	0	0	27	12
45600	0	0	0	12	0	0	27	12
46200	0	0	0	12	0	0	27	12
46800	0	0	0	12	0	0	27	12
47400	0	0	0	12	0	0	27	12
48000	0	0	0	12	0	0	27	12
48600	0	0	0	12	0	0	27	12
49200	0	0	0	12	0	0	27	12
49800	0	0	0	12	0	0	27	12
50400	0	0	0	12	0	0	27	12
51000	0	0	0	12	0	0	27	12
51600	0	0	0	12	0	0	27	12
52200	0	0	0	12	0	0	27	12
52800	0	0	0	12	0	0	27	12
53400	0	0	0	12	0	0	27	12
54000	0	0	0	12	0	0	27	12
54600	0	0	0	12	0	0	27	12
55200	0	0	0	12	0	0	27	12
55800	0	0	0	12	0	0	27	12
56400	0	0	0	12	0	0	27	12
57000	0	0	0	12	0	0	27	12
57600	0	0	0	12	0	0	27	12
58200	0	0	0	12	0	0	27	12
58800	0	0	0	12	0	0	27	12
59400	0	0	0	12	0	0	27	12
60000	0	0	0	12	0	0	27	12
60600	0	0	0	12	0	0	27	12
61200	0	0	0	12	0	0	27	12
61800	0	0	0	12	0	0	27	12
62400	0	0	0	12	0	0	27	12
63000	0	0	0	12	0	0	27	12
63600	0	0	0	12	0	0	27	12
64200	0	0	0	12	0	0	27	12
64800	0	0	0	12	0	0	27	12
65400	0	0	0	12	0	0	27	12
66000	0	0	0	12	0	0	27	12
66600	0	0	0	12	0	0	27	12
67200	0	0	0	12	0	0	27	12
67800	0	0	0	12	0	0	27	12
68400	0	0	0	12	0	0	27	12
69000	0	0	0	12	0	0	27	12
69600	0	0	0	12	0	0	27	12
70200	0	0	0	12	0	0	27	12
70800	0	0	0	12	0	0	27	12
71400	0	0	0	12	0	0	27	12
72000	0	0	0	12	0	0	27	12
72600	0	0	0	12	0	0	27	12
73200	0	0	0	12	0	0	27	12
73800	0	0	0	12	0	0	27	12
74400	0	0	0	12	0	0	27	12
75000	0	0	0	12	0	0	27	12
75600	0	0	0	12	0	0	27	12
76200	0	0	0	12	0	0	27	12
76800	0	0	0	12	0	0	27	12
77400	0	0	0	12	0	0	27	12
78000	0	0	0	12	0	0	27	12
78600	0	0	0	12	0	0	27	12
79200	0	0	0	12	0	0	27	12
79800	0	0	0	12	0	0	27	12
80400	0	0	0	12	0	0	27	12
81000	0	0	0	12	0	0	27	12
81600	0	0	0	12	0	0	27	12
82200	0	0	0	12	0	0	27	12
82800	0	0	0	12	0	0	27	12
83400	0	0	0	12	0	0	27	12
84000	0	0	0	12	0	0	27	12
84600	0	0	0	12	0	0	27	12
85200	0	0	0	12	0	0	27	12
85800	0	0	0	12	0	0	27	12
86400	0	0	0	12	0	0	27	12


#Time	DSBEnd	DSBEnd_Inhibited	DSBEnd_Ku	DSBEnd_PKcs	DSBSynaptic	DSBSynaptic_Stable	DSB_Fixed	Unrepaired
0	54	0	0	0	0	0	0	54
1	10	25	12	5	1	0	0	54
2	6	23	9	4	6	0	0	54
3	1	24	6	5	9	0	0	54
4	1	21	6	8	9	0	0	54
5	5	15	3	7	12	0	0	54
6	2	15	3	10	12	0	0	54
7	0	15	2	11	13	0	0	54
8	1	13	3	11	13	0	0	54
9	0	14	2	12	13	0	0	54
10	0	13	2	13	13	0	0	54
11	1	12	1	12	14	0	0	54
12	1	10	1	10	16	0	0	54
13	2	7	2	9	17	0	0	54
14	2	6	3	7	18	0	0	54
15	2	3	3	8	19	0	0	54
16	1	3	2	8	20	0	0	54
17	1	3	1	7	21	0	0	54
18	2	2	0	6	22	0	0	54
19	1	2	1	6	22	0	0	54
20	0	3	1	6	22	0	0	54
21	1	2	0	7	22	0	0	54
22	1	2	0	7	22	0	0	54
23	0	3	0	7	22	0	0	54
24	0	3	0	7	22	0	0	54
25	0	3	0	7	22	0	0	54
26	1	2	0	7	22	0	0	54
27	0	2	0	6	23	0	0	54
28	1	2	1	6	22	0	0	54
29	0	2	2	6	22	0	0	54
30	0	2	1	7	22	0	0	54
31	0	1	2	7	21	1	0	54
32	0	1	1	6	22	1	0	54
33	0	1	1	6	22	1	0	54
34	1	0	0	5	23	1	0	54
35	0	0	0	4	24	1	0	54
36	2	0	0	4	23	1	0	54
37	2	0	0	4	23	1	0	54
38	0	2	0	4	23	1	0	54
39	1	0	1	4	23	1	0	54
40	0	0	0	4	24	1	0	54
41	0	0	0	4	24	1	0	54
42	1	1	0	4	22	2	0	54
43	1	1	0	4	22	2	0	54
44	0	1	0	5	22	2	0	54
45	0	1	0	5	22	2	0	54
46	0	1	0	5	21	3	0	54
47	0	1	0	5	21	3	0	54
48	0	2	1	5	20	3	0	54
49	0	2	1	5	20	3	0	54
50	0	2	0	6	20	3	0	54
51	2	0	0	6	19	4	0	54
52	1	0	1	6	19	4	0	54
53	0	0	0	4	21	4	0	54
54	0	0	0	4	21	4	0	54
55	0	0	0	4	21	4	0	54
56	0	0	0	4	21	4	0	54
57	0	0	0	4	21	4	0	54
58	0	0	0	4	21	4	0	54
59	0	0	0	4	21	4	0	54
60	0	0	0	4	21	4	0	54
70	2	7	0	5	16	4	0	54
80	0	7	1	8	14	5	0	54
90	0	2	1	7	15	7	0	54
100	0	2	0	6	15	8	0	54
110	0	0	1	5	15	9	0	54
120	0	0	0	4	16	8	1	52
130	0	0	0	4	16	8	1	52
140	0	0	0	2	16	9	1	52
150	0	0	0	2	14	11	1	52
160	0	0	0	2	14	11	1	52
170	0	0	0	2	12	13	1	52
180	0	3	0	3	9	14	1	52
190	0	1	0	3	9	14	2	50
200	0	1	0	3	9	14	2	50
210	0	1	0	3	8	15	2	50
220	0	1	0	3	7	16	2	50
230	0	0	0	2	7	17	2	50
240	0	0	0	2	7	17	2	50
250	0	0	0	2	4	20	2	50
260	0	0	0	2	4	20	2	50
270	0	0	0	2	3	21	2	50
280	0	0	0	2	3	21	2	50
290	0	2	0	2	2	20	3	48
300	0	2	0	2	2	20	3	48
310	0	1	0	3	2	19	4	46
320	0	0	0	4	2	19	4	46
330	0	0	0	2	3	19	4	46
340	2	0	0	2	2	19	4	46
350	0	2	1	3	1	19	4	46
360	0	1	0	3	2	19	4	46
370	0	0	0	2	2	20	4	46
380	0	0	0	2	1	21	4	46
390	0	0	0	2	1	21	4	46
400	0	0	0	2	0	22	4	46
410	0	0	0	2	0	22	4	46
420	0	0	0	2	0	21	5	44
430	0	0	0	2	0	21	5	44
440	0	0	0	2	0	21	5	44
450	0	0	0	2	0	21	5	44
460	0	0	0	2	0	21	5	44
470	0	0	0	2	0	21	5	44
480	0	0	0	2	0	21	5	44
490	0	0	0	2	0	21	5	44
500	0	0	0	2	0	20	6	42
510	0	0	0	2	0	20	6	42
520	0	0	0	2	0	20	6	42
530	0	0	0	2	0	20	6	42
540	0	0	0	2	0	20	6	42
550	0	0	0	2	0	19	7	40
560	0	0	0	2	0	19	7	40
570	0	0	0	2	0	19	7	40
580	0	0	0	2	0	19	7	40
590	0	0	0	2	0	19	7	40
600	0	0	0	2	0	19	7	40
660	0	0	0	2	0	19	7	40
720	0	0	0	2	0	17	9	36
780	0	0	0	2	0	16	10	34
840	0	0	0	2	0	15	11	32
900	0	0	0	2	0	13	13	28
960	0	0	0	2	0	13	13	28
1020	0	0	0	2	0	13	13	28
1080	0	0	0	2	0	12	14	26
1140	0	0	0	2	0	12	14	26
1200	0	0	0	2	0	12	14	26
1260	0	0	0	2	0	12	14	26
1320	0	0	0	2	0	10	16	22
1380	0	0	0	2	0	10	16	22
1440	0	0	0	2	0	10	16	22
1500	0	0	0	2	0	9	17	20
1560	0	0	0	2	0	9	17	20
1620	0	0	0	2	0	8	18	18
1680	0	0	0	2	0	7	19	16
1740	0	0	0	2	0	7	19	16
1800	0	0	0	2	0	7	19	16
1860	0	0	0	2	0	6	20	14
1920	0	0	0	2	0	5	21	12
1980	0	0	0	2	0	4	22	10
2040	0	0	0	2	0	3	23	8
2100	0	0	0	2	0	3	23	8
2160	0	0	0	2	0	3	23	8
2220	0	0	0	2	0	2	24	6
2280	0	0	0	2	0	2	24	6
2340	0	0	0	2	0	1	25	4
2400	0	0	0	2	0	1	25	4
2460	0	0	0	2	0	1	25	4
2520	0	0	0	2	0	1	25	4
2580	0	0	0	2	0	1	25	4
2640	0	0	0	2	0	1	25	4
2700	0	0	0	2	0	1	25	4
2760	0	0	0	2	0	1	25	4
2820	0	0	0	2	0	1	25	4
2880	0	0	0	2	0	1	25	4
2940	0	0	0	2	0	0	26	2
3000	0	0	0	2	0	0	26	2
3060	0	0	0	2	0	0	26	2
3120	0	0	0	2	0	0	26	2
3180	0	0	0	2	0	0	26	2
3240	0	0	0	2	0	0	26	2
3300	0	0	0	2	0	0	26	2
3360	0	0	0	2	0	0	26	2
3420	0	0	0	2	0	0	26	2
3480	0	0	0	2	0	0	26	2
3540	0	0	0	2	0	0	26	2
3600	0	0	0	2	0	0	26	2
4200	0	0	0	2	0	0	26	2
4800	0	0	0	2	0	0	26	2
5400	0	0	0	2	0	0	26	2
6000	0	0	0	2	0	0	26	2
6600	0	0	0	2	0	0	26	2
7200	0	0	0	2	0	0	26	2
7800	0	0	0	2	0	0	26	2
8400	0	0	0	2	0	0	26	2
9000	0	0	0	2	0	0	26	2
9600	0	0	0	2	0	0	26	2
10200	0	0	0	2	0	0	26	2
10800	0	0	0	2	0	0	26	2
11400	0	0	0	2	0	0	26	2
12000	0	0	0	2	0	0	26	2
12600	0	0	0	2	0	0	26	2
13200	0	0	0	2	0	0	26	2
13800	0	0	0	2	0	0	26	2
14400	0	0	0	2	0	0	26	2
15000	0	0	0	2	0	0	26	2
15600	0	0	0	2	0	0	26	2
16200	0	0	0	2	0	0	26	2
16800	0	0	0	2	0	0	26	2
17400	0	0	0	2	0	0	26	2
18000	0	0	0	2	0	0	26	2
18600	0	0	0	2	0	0	26	2
19200	0	0	0	2	0	0	26	2
19800	0	0	0	2	0	0	26	2
20400	0	0	0	2	0	0	26	2
21000	0	0	0	2	0	0	26	2
21600	0	0	0	2	0	0	26	2
22200	0	0	0	2	0	0	26	2
22800	0	0	0	2	0	0	26	2
23400	0	0	0	2	0	0	26	2
24000	0	0	0	2	0	0	26	2
24600	0	0	0	2	0	0	26	2
25200	0	0	0	2	0	0	26	2
25800	0	0	0	2	0	0	26	2
26400	0	0	0	2	0	0	26	2
27000	0	0	0	2	0	0	26	2
27600	0	0	0	2	0	0	26	2
28200	0	0	0	2	0	0	26	2
28800	0	0	0	2	0	0	26	2
29400	0	0	0	2	0	0	26	2
30000	0	0	0	2	0	0	26	2
30600	0	0	0	2	0	0	26	2
31200	0	0	0	2	0	0	26	2
31800	0	0	0	2	0	0	26	2
32400	0	0	0	2	0	0	26	2
33000	0	0	0	2	0	0	26	2
33600	0	0	0	2	0	0	26	2
34200	0	0	0	2	0	0	26	2
34800	0	0	0	2	0	0	26	2
35400	0	0	0	2	0	0	26	2
36000	0	0	0	2	0	0	26	2
36600	0	0	0	2	0	0	26	2
37200	0	0	0	2	0	0	26	2
37800	0	0	0	2	0	0	26	2
38400	0	0	0	2	0	0	26	2
39000	0	0	0	2	0	0	26	2
39600	0	0	0	2	0	0	26	2
40200	0	0	0	2	0	0	26	2
40800	0	0	0	2	0	0	26	2
41400	0	0	0	2	0	0	26	2
42000	0	0	0	2	0	0	26	2
42600	0	0	0	2	0	0	26	2
43200	0	0	0	2	0	0	26	2
43800	0	0	0	2	0	0	26	2
44400	0	0	0	2	0	0	26	2
45000	0	0	0	2	0	0	26	2
45600	0	0	0	2	0	0	26	2
46200	0	0	0	2	0	0	26	2
46800	0	0	0	2	0	0	26	2
47400	0	0	0	2	0	0	26	2
48000	0	0	0	2	0	0	26	2
48600	0	0	0	2	0	0	26	2
49200	0	0	0	2	0	0	26	2
49800	0	0	0	2	0	0	26	2
50400	0	0	0	2	0	0	26	2
51000	0	0	0	2	0	0	26	2
51600	0	0	0	2	0	0	26	2
52200	0	0	0	2	0	0	26	2
52800	0	0	0	2	0	0	26	2
53400	0	0	0	2	0	0	26	2
54000	0	0	0	2	0	0	26	2
54600	0	0	0	2	0	0	26	2
55200	0	0	0	2	0	0	26	2
55800	0	0	0	2	0	0	26	2
56400	0	0	0	2	0	0	26	2
57000	0	0	0	2	0	0	26	2
57600	0	0	0	2	0	0	26	2
58200	0	0	0	2	0	0	26	2
58800	0	0	0	2	0	0	26	2
59400	0	0	0	2	0	0	26	2
60000	0	0	0	2	0	0	26	2
60600	0	0	0	2	0	0	26	2
61200	0	0	0	2	0	0	26	2
61800	0	0	0	2	0	0	26	2
62400	0	0	0	2	0	0	26	2
63000	0	0	0	2	0	0	26	2
63600	0	0	0	2	0	0	26	2
64200	0	0	0	2	0	0	26	2
64800	0	0	0	2	0	0	26	2
65400	0	0	0	2	0	0	26	2
66000	0	0	0	2	0	0	26	2
66600	0	0	0	2	0	0	26	2
67200	0	0	0	2	0	0	26	2
67800	0	0	0	2	0	0	26	2
68400	0	0	0	2	0	0	26	2
69000	0	0	0	2	0	0	26	2
69600	0	0	0	2	0	0	26	2
70200	0	0	0	2	0	0	26	2
70800	0	0	0	2	0	0	26	2
71400	0	0	0	2	0	0	26	2
72000	0	0	0	2	0	0	26	2
72600	0	0	0	2	0	0	26	2
73200	0	0	0	2	0	0	26	2
73800	0	0	0	2	0	0	26	2
74400	0	0	0	2	0	0	26	2
75000	0	0	0	2	0	0	26	2
75600	0	0	0	2	0	0	26	2
76200	0	0	0	2	0	0	26	2
76800	0	0	0	2	0	0	26	2
77400	0	0	0	2	0	0	26	2
78000	0	0	0	2	0	0	26	2
78600	0	0	0	2	0	0	26	2
79200	0	0	0	2	0	0	26	2
79800	0	0	0	2	0	0	26	2
80400	0	0	0	2	0	0	26	2
81000	0	0	0	2	0	0	26	2
81600	0	0	0	2	0	0	26	2
82200	0	0	0	2	0	0	26	2
82800	0	0	0	2	0	0	26	2
83400	0	0	0	2	0	0	26	2
84000	0	0	0	2	0	0	26	2
84600	0	0	0	2	0	0	26	2
85200	0	0	0	2	0	0	26	2
85800	0	0	0	2	0	0	26	2
86400	0	0	0	2	0	0	26	2


#Time	DSBEnd	DSBEnd_Inhibited	DSBEnd_Ku	DSBEnd_PKcs	DSBSynaptic	DSBSynaptic_Stable	DSB_Fixed	Unrepaired
0	164	0	0	0	0	0	0	164
1	27	78	37	12	5	0	0	164
2	10	78	23	17	18	0	0	164
3	7	73	14	18	26	0	0	164
4	6	68	9	17	32	0	0	164
5	9	60	2	21	36	0	0	164
6	2	56	11	21	36	1	0	164
7	6	51	8	21	38	1	0	164
8	4	50	5	21	40	2	0	164
9	6	46	5	21	41	2	0	164
10	8	44	5	23	40	2	0	164
11	5	44	4	21	43	2	0	164
12	3	41	4	22	45	2	0	164
13	6	34	8	22	45	2	0	164
14	4	35	6	23	46	2	0	164
15	4	32	4	28	46	2	0	164
16	1	30	4	25	50	2	0	164
17	4	24	5	23	52	2	0	164
18	2	23	2	25	53	3	0	164
19	2	19	4	27	53	3	0	164
20	2	17	3	28	53	4	0	164
21	2	17	2	27	52	6	0	164
22	1	17	2	26	52	7	0	164
23	5	13	0	26	53	7	0	164
24	3	12	2	25	54	7	0	164
25	2	13	1	24	55	7	0	164
26	2	12	0	22	57	7	0	164
27	0	13	1	22	57	7	0	164
28	2	12	1	21	57	7	0	164
29	2	11	2	21	56	8	0	164
30	2	11	0	21	57	8	0	164
31	1	11	0	20	58	8	0	164
32	0	12	0	20	58	8	0	164
33	0	11	0	21	57	9	0	164
34	3	8	0	21	57	9	0	164
35	3	8	2	21	56	9	0	164
36	3	7	2	20	57	9	0	164
37	0	7	3	22	57	9	0	164
38	2	5	1	22	58	9	0	164
39	0	5	2	19	60	9	0	164
40	1	3	2	18	61	9	0	164
41	0	5	3	18	60	9	0	164
42	3	4	0	19	59	10	0	164
43	3	5	0	20	57	11	0	164
44	0	7	1	18	58	11	0	164
45	0	7	2	19	55	13	0	164
46	1	5	0	20	56	13	0	164
47	0	5	1	20	56	13	0	164
48	2	5	0	21	55	13	0	164
49	0	7	0	19	56	13	0	164
50	0	7	0	19	56	13	0	164
51	0	7	0	19	56	13	0	164
52	1	6	0	19	56	13	0	164
53	0	7	0	19	56	13	0	164
54	0	6	1	19	55	14	0	164
55	1	5	0	18	56	14	0	164
56	0	4	2	18	56	14	0	164
57	1	5	0	20	55	14	0	164
58	2	6	0	20	54	14	0	164
59	1	7	0	20	54	14	0	164
60	0	7	1	20	54	14	0	164
70	3	6	0	21	48	19	0	164
80	1	6	2	19	49	19	0	164
90	1	4	0	21	48	21	0	164
100	0	3	0	19	46	24	1	162
110	1	3	0	22	42	26	1	162
120	2	3	0	19	42	27	1	162
130	0	2	0	18	42	28	2	160
140	0	2	2	20	37	30	3	158
150	0	3	0	21	36	31	3	158
160	1	2	1	22	34	32	3	158
170	0	1	2	23	32	33	4	156
180	0	2	1	17	34	34	4	156
190	0	2	0	16	33	36	4	156
200	0	1	0	15	34	35	5	154
210	1	3	3	15	30	35	6	152
220	0	2	1	19	28	37	6	152
230	0	1	0	19	29	37	6	152
240	0	0	0	20	29	37	6	152
250	0	1	1	20	28	36	7	150
260	0	1	0	21	26	38	7	150
270	0	1	0	21	25	38	8	148
280	1	0	0	21	25	37	9	146
290	0	0	0	20	26	37	9	146
300	0	3	0	21	24	36	10	144
310	0	1	1	20	23	38	10	144
320	0	0	0	18	23	40	10	144
330	0	1	1	18	22	40	10	144
340	0	3	0	21	19	41	10	144
350	2	1	0	21	19	39	12	140
360	1	1	1	21	19	39	12	140
370	0	6	1	25	15	39	12	140
380	0	1	0	21	19	40	12	140
390	1	3	0	20	18	40	12	140
400	1	4	1	22	15	41	12	140
410	0	1	0	25	15	42	12	140
420	1	0	0	23	15	43	12	140
430	0	2	0	24	14	42	13	138
440	0	3	0	23	14	42	13	138
450	2	2	0	22	13	42	14	136
460	0	1	0	21	15	42	14	136
470	0	2	0	22	12	44	14	136
480	1	3	0	22	11	44	14	136
490	1	0	1	22	11	44	15	134
500	0	1	0	21	12	43	16	132
510	0	0	1	21	12	43	16	132
520	0	4	0	22	10	43	16	132
530	0	4	0	20	11	43	16	132
540	1	1	0	20	12	43	16	132
550	0	1	0	19	12	44	16	132
560	1	2	0	21	10	43	17	130
570	0	3	1	20	10	43	17	130
580	0	1	0	21	11	43	17	130
590	0	1	0	21	11	43	17	130
600	1	0	1	20	11	43	17	130
660	0	0	1	21	9	45	17	130
720	0	2	0	20	5	47	19	126
780	0	0	2	20	4	46	21	122
840	0	1	0	21	3	45	23	118
900	0	0	0	18	5	41	27	110
960	0	0	0	22	3	39	29	106
1020	0	3	0	19	2	40	29	106
1080	0	0	0	22	1	39	31	102
1140	0	0	0	22	0	38	33	98
1200	0	0	0	22	0	37	34	96
1260	0	0	0	22	0	36	35	94
1320	0	0	0	22	0	34	37	90
1380	0	0	0	22	0	31	40	84
1440	0	0	0	22	0	30	41	82
1500	0	0	0	22	0	28	43	78
1560	0	0	0	22	0	26	45	74
1620	0	0	0	22	0	26	45	74
1680	0	0	0	22	0	26	45	74
1740	1	1	0	20	0	22	49	66
1800	0	0	0	20	1	22	49	66
1860	0	0	0	20	0	19	53	58
1920	0	0	0	20	0	18	54	56
1980	0	0	0	18	1	16	56	52
2040	0	0	0	18	1	16	56	52
2100	0	0	0	18	1	14	58	48
2160	0	0	0	18	1	13	59	46
2220	1	1	0	16	1	11	61	42
2280	0	0	0	16	2	11	61	42
2340	0	0	0	16	2	9	63	38
2400	0	1	0	17	1	9	63	38
2460	0	0	0	16	2	9	63	38
2520	0	0	0	16	2	8	64	36
2580	0	0	0	16	2	6	66	32
2640	0	0	0	16	2	6	66	32
2700	0	0	0	16	2	6	66	32
2760	0	0	0	16	1	7	66	32
2820	0	0	0	16	1	7	66	32
2880	0	0	0	16	1	7	66	32
2940	0	0	0	16	1	6	67	30
3000	0	0	0	16	1	6	67	30
3060	0	0	0	16	1	5	68	28
3120	0	0	0	16	0	6	68	28
3180	0	0	0	16	0	6	68	28
3240	0	0	0	16	0	5	69	26
3300	0	0	0	16	0	5	69	26
3360	0	0	0	16	0	4	70	24
3420	0	0	0	16	0	4	70	24
3480	0	0	0	16	0	4	70	24
3540	0	0	0	16	0	4	70	24
3600	0	0	0	16	0	4	70	24
4200	0	0	0	16	0	4	70	24
4800	0	0	0	16	0	3	71	22
5400	0	0	0	16	0	2	72	20
6000	0	0	0	16	0	2	72	20
6600	0	0	0	16	0	2	72	20
7200	0	0	0	16	0	1	73	18
7800	0	0	0	16	0	0	74	16
8400	0	0	0	16	0	0	74	16
9000	0	0	0	16	0	0	74	16
9600	0	0	0	16	0	0	74	16
10200	0	0	0	16	0	0	74	16
10800	0	0	0	16	0	0	74	16
11400	0	0	0	16	0	0	74	16
12000	0	0	0	16	0	0	74	16
12600	0	0	0	16	0	0	74	16
13200	0	0	0	16	0	0	74	16
13800	0	0	0	16	0	0	74	16
14400	0	0	0	16	0	0	74	16
15000	0	0	0	16	0	0	74	16
15600	0	0	0	16	0	0	74	16
16200	0	0	0	16	0	0	74	16
16800	0	0	0	14	0	1	74	16
17400	0	0	0	14	0	1	74	16
18000	0	0	0	14	0	0	75	14
18600	0	0	0	14	0	0	75	14
19200	0	0	0	14	0	0	75	14
19800	0	0	0	14	0	0	75	14
20400	0	0	0	14	0	0	75	14
21000	0	0	0	14	0	0	75	14
21600	0	0	0	14	0	0	75	14
22200	0	0	0	14	0	0	75	14
22800	0	0	0	14	0	0	75	14
23400	0	0	0	14	0	0	75	14
24000	0	0	0	14	0	0	75	14
24600	0	0	0	14	0	0	75	14
25200	0	0	0	14	0	0	75	14
25800	0	0	0	14	0	0	75	14
26400	0	0	0	14	0	0	75	14
27000	0	0	0	14	0	0	75	14
27600	0	0	0	14	0	0	75	14
28200	0	0	0	14	0	0	75	14
28800	0	0	0	14	0	0	75	14
29400	0	0	0	14	0	0	75	14
30000	0	0	0	14	0	0	75	14
30600	0	0	0	14	0	0	75	14
31200	0	0	0	14	0	0	75	14
31800	0	0	0	14	0	0	75	14
32400	0	0	0	14	0	0	75	14
33000	0	0	0	14	0	0	75	14
33600	0	0	0	14	0	0	75	14
34200	0	0	0	14	0	0	75	14
34800	0	0	0	14	0	0	75	14
35400	0	0	0	14	0	0	75	14
36000	0	0	0	14	0	0	75	14
36600	0	0	0	14	0	0	75	14
37200	0	0	0	14	0	0	75	14
37800	0	0	0	12	0	1	75	14
38400	0	0	0	12	0	1	75	14
39000	0	0	0	12	0	1	75	14
39600	0	0	0	12	0	0	76	12
40200	0	0	0	12	0	0	76	12
40800	0	0	0	12	0	0	76	12
41400	0	0	0	12	0	0	76	12
42000	0	0	0	12	0	0	76	12
42600	0	0	0	12	0	0	76	12
43200	0	0	0	12	0	0	76	12
43800	0	0	0	12	0	0	76	12
44400	0	0	0	12	0	0	76	12
45000	0	0	0	12	0	0	76	12
45600	0	0	0	12	0	0	76	12
46200	0	0	0	12	0	0	76	12
46800	0	0	0	12	0	0	76	12
47400	0	0	0	12	0	0	76	12
48000	0	0	0	12	0	0	76	12
48600	0	0	0	12	0	0	76	12
49200	0	0	0	12	0	0	76	12
49800	0	0	0	12	0	0	76	12
50400	0	0	0	12	0	0	76	12
51000	0	0	0	12	0	0	76	12
51600	0	0	0	12	0	0	76	12
52200	0	0	0	12	0	0	76	12
52800	0	0	0	12	0	0	76	12
53400	0	0	0	12	0	0	76	12
54000	0	0	0	12	0	0	76	12
54600	0	0	0	12	0	0	76	12
55200	0	0	0	12	0	0	76	12
55800	0	0	0	12	0	0	76	12
56400	0	0	0	12	0	0	76	12
57000	0	0	0	12	0	0	76	12
57600	0	0	0	12	0	0	76	12
58200	0	0	0	12	0	0	76	12
58800	0	0	0	12	0	0	76	12
59400	0	0	0	12	0	0	76	12
60000	0	0	0	12	0	0	76	12
60600	0	0	0	12	0	0	76	12
61200	0	0	0	12	0	0	76	12
61800	0	0	0	12	0	0	76	12
62400	0	0	0	12	0	0	76	12
63000	0	0	0	12	0	0	76	12
63600	0	0	0	12	0	0	76	12
64200	0	0	0	12	0	0	76	12
64800	0	0	0	12	0	0	76	12
65400	0	0	0	12	0	0	76	12
66000	0	0	0	12	0	0	76	12
66600	0	0	0	12	0	0	76	12
67200	0	0	0	12	0	0	76	12
67800	0	0	0	12	0	0	76	12
68400	0	0	0	12	0	0	76	12
69000	0	0	0	12	0	0	76	12
69600	0	0	0	12	0	0	76	12
70200	0	0	0	12	0	0	76	12
70800	0	0	0	12	0	0	76	12
71400	0	0	0	12	0	0	76	12
72000	0	0	0	12	0	0	76	12
72600	0	0	0	12	0	0	76	12
73200	0	0	0	12	0	0	76	12
73800	0	0	0	12	0	0	76	12
74400	0	0	0	12	0	0	76	12
75000	0	0	0	12	0	0	76	12
75600	0	0	0	12	0	0	76	12
76200	0	0	0	12	0	0	76	12
76800	0	0	0	12	0	0	76	12
77400	0	0	0	12	0	0	76	12
78000	0	0	0	12	0	0	76	12
78600	0	0	0	12	0	0	76	12
79200	0	0	0	12	0	0	76	12
79800	0	0	0	12	0	0	76	12
80400	0	0	0	12	0	0	76	12
81000	0	0	0	12	0	0	76	12
81600	0	0	0	12	0	0	76	12
82200	0	0	0	12	0	0	76	12
82800	0	0	0	12	0	0	76	12
83400	0	0	0	12	0	0	76	12
84000	0	0	0	12	0	0	76	12
84600	0	0	0	12	0	0	76	12
85200	0	0	0	12	0	0	76	12
85800	0	0	0	12	0	0	76	12
86400	0	0	0	12	0	0	76	12


