#Time | Normalised to Self | SEM_NTS | Normalised to Initial DSBs | SEM_NTI
Ku_Recruitment
0 0 0
0.0166667 0.383741 0.0534018
0.0333333 0.490398 0.0666902
0.05 0.557867 0.0608999
0.0666667 0.589457 0.0509157
0.0833333 0.654459 0.0548272
0.1 0.684739 0.0620081
0.116667 0.688891 0.0389865
0.133333 0.772109 0.0681722
0.15 0.78055 0.0584675
0.166667 0.800634 0.0573676
0.183333 0.818183 0.0609276
0.2 0.823783 0.0498842
0.216667 0.848241 0.0425962
0.233333 0.859815 0.0293407
0.25 0.862726 0.0263616
0.266667 0.877211 0.0384359
0.283333 0.878368 0.055263
0.3 0.896851 0.0378988
0.316667 0.912424 0.0412067
0.333333 0.919555 0.0468342
0.35 0.929597 0.0468766
0.366667 0.923776 0.0460396
0.383333 0.928219 0.0393973
0.4 0.947146 0.0437085
0.416667 0.944235 0.0371439
0.433333 0.947368 0.0368892
0.45 0.951589 0.0370261
0.466667 0.943148 0.0340512
0.483333 0.948969 0.0300375
0.5 0.956323 0.0264517
0.516667 0.967897 0.026568
0.533333 0.963676 0.0416968
0.55 0.965208 0.0440828
0.566667 0.966365 0.0373921
0.583333 0.976852 0.0399818
0.6 0.976852 0.046499
0.616667 0.981294 0.0397041
0.633333 0.981294 0.0422111
0.65 0.972853 0.044261
0.666667 0.972853 0.0447385
0.683333 0.971252 0.0449143
0.7 0.975473 0.0397292
0.716667 0.978384 0.0421818
0.733333 0.978384 0.0421818
0.75 0.972409 0.0324766
0.766667 0.979762 0.0354648
0.783333 0.97823 0.0317591
0.8 0.976476 0.0403634
0.816667 0.98383 0.0462746
0.833333 0.991183 0.0523618
0.85 0.995626 0.051464
0.866667 0.995626 0.035878
0.883333 0.995626 0.0319547
0.9 0.999847 0.0349101
0.916667 0.999847 0.0352825
0.933333 1 0.0323446
0.95 1 0.0323446
0.966667 0.994178 0.0342431
0.983333 0.994178 0.0355954
1 0.988357 0.0337783


PKcs_Recruitment
0 0 0
0.0166667 0.148427 0.0387271
0.0333333 0.341801 0.0559211
0.05 0.447946 0.0604846
0.0666667 0.512446 0.0491464
0.0833333 0.592681 0.0531042
0.1 0.655004 0.0592348
0.116667 0.657624 0.0355505
0.133333 0.699484 0.0634354
0.15 0.724169 0.0562747
0.166667 0.769093 0.0566157
0.183333 0.789403 0.0600937
0.2 0.802067 0.0496801
0.216667 0.82384 0.0421419
0.233333 0.842548 0.0290126
0.25 0.839484 0.0249838
0.266667 0.844219 0.0363255
0.283333 0.850041 0.0524347
0.3 0.885635 0.0371697
0.316667 0.896988 0.0395795
0.333333 0.8999 0.0441552
0.35 0.922607 0.0467342
0.366667 0.913874 0.045751
0.383333 0.913874 0.0393747
0.4 0.928361 0.0435219
0.416667 0.922538 0.0368648
0.433333 0.933026 0.0368642
0.45 0.933026 0.0368642
0.466667 0.93616 0.0338502
0.483333 0.939071 0.0295869
0.5 0.944893 0.0264168
0.516667 0.944893 0.0264168
0.533333 0.956692 0.0415349
0.55 0.956692 0.0438757
0.566667 0.955159 0.0366528
0.583333 0.946717 0.0398016
0.6 0.964337 0.0447487
0.616667 0.97278 0.0394727
0.633333 0.977001 0.0419831
0.65 0.973002 0.0442678
0.666667 0.973002 0.0447454
0.683333 0.96718 0.0447224
0.7 0.971401 0.0395104
0.716667 0.975622 0.0420877
0.733333 0.975622 0.0420877
0.75 0.965203 0.0322455
0.766667 0.971179 0.0343782
0.783333 0.968114 0.0313238
0.8 0.967739 0.0393793
0.816667 0.963296 0.0432361
0.833333 0.972182 0.0510746
0.85 0.979537 0.0500199
0.866667 0.988424 0.0356699
0.883333 0.992867 0.0318267
0.9 0.995779 0.0346593
0.916667 1 0.0352879
0.933333 0.99571 0.0320429
0.95 0.99571 0.0320429
0.966667 0.994331 0.0342483
0.983333 0.988508 0.0351215
1 0.988508 0.0337834


XRCC4_Recruitment
0 0 0
0.0166667 0 0
0.0333333 0 0
0.05 0 0
0.0666667 0.0108077 0.0108077
0.0833333 0.0108077 0.0108077
0.1 0.0108077 0.0108077
0.116667 0.026479 0.0138933
0.133333 0.042975 0.00532402
0.15 0.042975 0.00532402
0.166667 0.042975 0.00532402
0.183333 0.042975 0.00532402
0.2 0.042975 0.00532402
0.216667 0.059471 0.0201966
0.233333 0.059471 0.0201966
0.25 0.059471 0.0201966
0.266667 0.059471 0.0201966
0.283333 0.075967 0.0364925
0.3 0.075967 0.0364925
0.316667 0.075967 0.0364925
0.333333 0.075967 0.0364925
0.35 0.075967 0.0364925
0.366667 0.075967 0.0364925
0.383333 0.075967 0.0364925
0.4 0.075967 0.0364925
0.416667 0.0867747 0.0312713
0.433333 0.0867747 0.0312713
0.45 0.0867747 0.0312713
0.466667 0.0975825 0.0292867
0.483333 0.0975825 0.0292867
0.5 0.0975825 0.0292867
0.516667 0.0975825 0.0292867
0.533333 0.0975825 0.0292867
0.55 0.0975825 0.0292867
0.566667 0.0975825 0.0292867
0.583333 0.113254 0.0176301
0.6 0.113254 0.0176301
0.616667 0.113254 0.0176301
0.633333 0.113254 0.0176301
0.65 0.124061 0.0159648
0.666667 0.124061 0.0159648
0.683333 0.124061 0.0159648
0.7 0.134869 0.0207977
0.716667 0.134869 0.0207977
0.733333 0.134869 0.0207977
0.75 0.162173 0.0340871
0.766667 0.162173 0.0340871
0.783333 0.162173 0.0340871
0.8 0.162173 0.0340871
0.816667 0.162173 0.0340871
0.833333 0.178669 0.0449918
0.85 0.178669 0.0449918
0.866667 0.19434 0.030715
0.883333 0.215956 0.0376157
0.9 0.215956 0.0376157
0.916667 0.215956 0.0376157
0.933333 0.215956 0.0376157
0.95 0.215956 0.0376157
0.966667 0.215956 0.0376157
0.983333 0.215956 0.0376157
1 0.215956 0.0376157
1.16667 0.243259 0.0511306
1.33333 0.28541 0.0263759
1.5 0.340017 0.0525114
1.66667 0.404608 0.0623932
1.83333 0.404608 0.0623932
2 0.45839 0.06666
2.16667 0.522981 0.0793461
2.33333 0.560836 0.0693063
2.5 0.571644 0.0742752
2.66667 0.645137 0.0201434
2.83333 0.709471 0.0178621
3 0.746758 0.0029027
3.16667 0.757565 0.0106849
3.33333 0.80054 0.00545816
3.5 0.80054 0.00545816
3.66667 0.811348 0.015972
3.83333 0.865387 0.0698992
4 0.865387 0.0698992
4.16667 0.881058 0.0639903
4.33333 0.902673 0.0851095
4.5 0.91917 0.0754117
4.66667 0.940529 0.0485121
4.83333 0.972696 0.0324232
5 1 0.0377875


DSB_Residual
0 13.3677 0 1 0
0.0166667 13.3677 0 1 0
0.0333333 13.3677 0 1 0
0.05 13.3677 0 1 0
0.0666667 13.3677 0 1 0
0.0833333 13.3677 0 1 0
0.1 13.3677 0 1 0
0.116667 13.3677 0 1 0
0.133333 13.3677 0 1 0
0.15 13.3677 0 1 0
0.166667 13.3677 0 1 0
0.183333 13.3677 0 1 0
0.2 13.3677 0 1 0
0.216667 13.3677 0 1 0
0.233333 13.3677 0 1 0
0.25 13.3677 0 1 0
0.266667 13.3677 0 1 0
0.283333 13.3677 0 1 0
0.3 13.3677 0 1 0
0.316667 13.3677 0 1 0
0.333333 13.3677 0 1 0
0.35 13.3677 0 1 0
0.366667 13.3677 0 1 0
0.383333 13.3677 0 1 0
0.4 13.3677 0 1 0
0.416667 13.3677 0 1 0
0.433333 13.3677 0 1 0
0.45 13.3677 0 1 0
0.466667 13.3677 0 1 0
0.483333 13.3677 0 1 0
0.5 13.3677 0 1 0
0.516667 13.3677 0 1 0
0.533333 13.3677 0 1 0
0.55 13.3677 0 1 0
0.566667 13.3677 0 1 0
0.583333 13.3677 0 1 0
0.6 13.3677 0 1 0
0.616667 13.3677 0 1 0
0.633333 13.3677 0 1 0
0.65 13.3677 0 1 0
0.666667 13.3677 0 1 0
0.683333 13.3677 0 1 0
0.7 13.3677 0 1 0
0.716667 13.3677 0 1 0
0.733333 13.3677 0 1 0
0.75 13.3677 0 1 0
0.766667 13.3677 0 1 0
0.783333 13.3677 0 1 0
0.8 13.3677 0 1 0
0.816667 13.3677 0 1 0
0.833333 13.3677 0 1 0
0.85 13.3677 0 1 0
0.866667 13.3677 0 1 0
0.883333 13.3677 0 1 0
0.9 13.3677 0 1 0
0.916667 13.3677 0 1 0
0.933333 13.3677 0 1 0
0.95 13.3677 0 1 0
0.966667 13.3677 0 1 0
0.983333 13.3677 0 1 0
1 13.3677 0 1 0
1.16667 13.3677 0 1 0
1.33333 13.3677 0 1 0
1.5 13.3677 0 1 0
1.66667 13.3677 0 1 0
1.83333 13.3677 0 1 0
2 13.1795 0.0987594 0.98592 0.00738791
2.16667 13.1795 0.0987594 0.98592 0.00738791
2.33333 13.1027 0.137484 0.980172 0.0102848
2.5 13.1027 0.137484 0.980172 0.0102848
2.66667 13.1027 0.137484 0.980172 0.0102848
2.83333 13.1027 0.137484 0.980172 0.0102848
3 13.1027 0.137484 0.980172 0.0102848
3.16667 12.9854 0.0396492 0.9714 0.00296604
3.33333 12.9854 0.0396492 0.9714 0.00296604
3.5 12.9086 0.11626 0.965653 0.00869705
3.66667 12.9086 0.11626 0.965653 0.00869705
3.83333 12.9086 0.11626 0.965653 0.00869705
4 12.9086 0.11626 0.965653 0.00869705
4.16667 12.9086 0.11626 0.965653 0.00869705
4.33333 12.8317 0.193041 0.959906 0.0144409
4.5 12.8317 0.193041 0.959906 0.0144409
4.66667 12.6377 0.236564 0.945387 0.0176967
4.83333 12.6377 0.236564 0.945387 0.0176967
5 12.6377 0.236564 0.945387 0.0176967
5.16667 12.6377 0.236564 0.945387 0.0176967
5.33333 12.6377 0.236564 0.945387 0.0176967
5.5 12.5263 0.155803 0.937054 0.0116552
5.66667 12.5263 0.155803 0.937054 0.0116552
5.83333 12.5263 0.155803 0.937054 0.0116552
6 12.5263 0.155803 0.937054 0.0116552
6.16667 12.5263 0.155803 0.937054 0.0116552
6.33333 12.5263 0.155803 0.937054 0.0116552
6.5 12.409 0.147839 0.928282 0.0110594
6.66667 12.409 0.147839 0.928282 0.0110594
6.83333 12.3322 0.206491 0.922535 0.015447
7 12.2149 0.242305 0.913763 0.0181261
7.16667 12.0976 0.31982 0.904991 0.0239249
7.33333 12.0208 0.341839 0.899244 0.025572
7.5 12.0208 0.341839 0.899244 0.025572
7.66667 12.0208 0.341839 0.899244 0.025572
7.83333 12.0208 0.341839 0.899244 0.025572
8 12.0208 0.341839 0.899244 0.025572
8.16667 11.944 0.378454 0.893497 0.0283111
8.33333 11.8326 0.267388 0.885163 0.0200026
8.5 11.7153 0.333901 0.876391 0.0249782
8.66667 11.7153 0.333901 0.876391 0.0249782
8.83333 11.7153 0.333901 0.876391 0.0249782
9 11.7153 0.333901 0.876391 0.0249782
9.16667 11.6385 0.363457 0.870644 0.0271892
9.33333 11.4099 0.330137 0.853539 0.0246966
9.5 11.4099 0.330137 0.853539 0.0246966
9.66667 11.2985 0.228503 0.845206 0.0170937
9.83333 11.2216 0.241876 0.839459 0.0180941
10 11.2216 0.241876 0.839459 0.0180941
11 11.0334 0.165905 0.825378 0.0124109
12 11.0334 0.165905 0.825378 0.0124109
13 10.6224 0.157734 0.794631 0.0117997
14 10.3151 0.354388 0.771642 0.0265107
15 9.79267 0.569735 0.732562 0.0426202
16 9.14127 0.433341 0.683832 0.032417
17 8.90675 0.276765 0.666289 0.020704
18 8.63584 0.140903 0.646022 0.0105405
19 8.24766 0.0800885 0.616984 0.00599119
20 7.85949 0.279506 0.587946 0.0209091
21 7.55401 0.285517 0.565094 0.0213587
22 7.31948 0.508025 0.54755 0.0380039
23 7.1254 0.6021 0.533031 0.0450414
24 7.04857 0.590956 0.527284 0.0442077
25 7.04857 0.590956 0.527284 0.0442077
26 6.74309 0.600209 0.504431 0.0449
27 6.58944 0.597954 0.492937 0.0447312
28 6.16669 0.701263 0.461313 0.0524595
29 6.08987 0.702391 0.455566 0.0525439
30 5.59616 0.610162 0.418633 0.0456445
31 5.37336 0.423795 0.401966 0.0317029
32 5.37336 0.423795 0.401966 0.0317029
33 5.14471 0.463684 0.384861 0.0346869
34 5.06788 0.437255 0.379114 0.0327098
35 4.99105 0.423303 0.373367 0.0316661
36 4.79697 0.523429 0.358848 0.0391562
37 4.60874 0.426513 0.344767 0.0319062
38 4.2323 0.237286 0.316606 0.0177507
39 4.11504 0.335537 0.307834 0.0251006
40 4.11504 0.335537 0.307834 0.0251006
41 3.92681 0.238684 0.293754 0.0178552
42 3.80955 0.344498 0.284982 0.0257709
43 3.73273 0.340941 0.279235 0.0255048
44 3.50407 0.357264 0.262129 0.0267259
45 3.42724 0.345596 0.256382 0.0258531
46 3.30998 0.452842 0.24761 0.0338759
47 3.30998 0.452842 0.24761 0.0338759
48 3.30998 0.452842 0.24761 0.0338759
49 3.30998 0.452842 0.24761 0.0338759
50 3.30998 0.452842 0.24761 0.0338759
51 3.23316 0.446834 0.241863 0.0334264
52 3.23316 0.446834 0.241863 0.0334264
53 3.23316 0.446834 0.241863 0.0334264
54 3.23316 0.446834 0.241863 0.0334264
55 3.23316 0.446834 0.241863 0.0334264
56 3.12176 0.354256 0.23353 0.0265009
57 3.12176 0.354256 0.23353 0.0265009
58 3.01036 0.275957 0.225197 0.0206436
59 2.93354 0.255803 0.219449 0.0191359
60 2.82214 0.179864 0.211116 0.0134551
70 2.55709 0.0619007 0.191289 0.00463062
80 2.2516 0.0711607 0.168436 0.00532333
90 1.90973 0.151292 0.142861 0.0113177
100 1.90973 0.151292 0.142861 0.0113177
110 1.90973 0.151292 0.142861 0.0113177
120 1.90973 0.151292 0.142861 0.0113177
130 1.90973 0.151292 0.142861 0.0113177
140 1.79833 0.157062 0.134528 0.0117494
150 1.79833 0.157062 0.134528 0.0117494
160 1.79833 0.157062 0.134528 0.0117494
170 1.79833 0.157062 0.134528 0.0117494
180 1.72151 0.211619 0.128781 0.0158306
190 1.64468 0.27695 0.123034 0.0207178
200 1.64468 0.27695 0.123034 0.0207178
210 1.64468 0.27695 0.123034 0.0207178
220 1.64468 0.27695 0.123034 0.0207178
230 1.52742 0.189227 0.114262 0.0141555
240 1.52742 0.189227 0.114262 0.0141555
250 1.52742 0.189227 0.114262 0.0141555
260 1.52742 0.189227 0.114262 0.0141555
270 1.52742 0.189227 0.114262 0.0141555
280 1.52742 0.189227 0.114262 0.0141555
290 1.41016 0.149707 0.10549 0.0111992
300 1.41016 0.149707 0.10549 0.0111992
310 1.41016 0.149707 0.10549 0.0111992
320 1.41016 0.149707 0.10549 0.0111992
330 1.41016 0.149707 0.10549 0.0111992
340 1.41016 0.149707 0.10549 0.0111992
350 1.41016 0.149707 0.10549 0.0111992
360 1.41016 0.149707 0.10549 0.0111992
370 1.41016 0.149707 0.10549 0.0111992
380 1.41016 0.149707 0.10549 0.0111992
390 1.41016 0.149707 0.10549 0.0111992
400 1.41016 0.149707 0.10549 0.0111992
410 1.41016 0.149707 0.10549 0.0111992
420 1.41016 0.149707 0.10549 0.0111992
430 1.41016 0.149707 0.10549 0.0111992
440 1.41016 0.149707 0.10549 0.0111992
450 1.41016 0.149707 0.10549 0.0111992
460 1.41016 0.149707 0.10549 0.0111992
470 1.41016 0.149707 0.10549 0.0111992
480 1.41016 0.149707 0.10549 0.0111992
490 1.41016 0.149707 0.10549 0.0111992
500 1.41016 0.149707 0.10549 0.0111992
510 1.41016 0.149707 0.10549 0.0111992
520 1.41016 0.149707 0.10549 0.0111992
530 1.41016 0.149707 0.10549 0.0111992
540 1.41016 0.149707 0.10549 0.0111992
550 1.41016 0.149707 0.10549 0.0111992
560 1.41016 0.149707 0.10549 0.0111992
570 1.41016 0.149707 0.10549 0.0111992
580 1.41016 0.149707 0.10549 0.0111992
590 1.41016 0.149707 0.10549 0.0111992
600 1.41016 0.149707 0.10549 0.0111992
610 1.41016 0.149707 0.10549 0.0111992
620 1.41016 0.149707 0.10549 0.0111992
630 1.41016 0.149707 0.10549 0.0111992
640 1.41016 0.149707 0.10549 0.0111992
650 1.41016 0.149707 0.10549 0.0111992
660 1.41016 0.149707 0.10549 0.0111992
670 1.41016 0.149707 0.10549 0.0111992
680 1.41016 0.149707 0.10549 0.0111992
690 1.41016 0.149707 0.10549 0.0111992
700 1.41016 0.149707 0.10549 0.0111992
710 1.41016 0.149707 0.10549 0.0111992
720 1.41016 0.149707 0.10549 0.0111992
730 1.41016 0.149707 0.10549 0.0111992
740 1.41016 0.149707 0.10549 0.0111992
750 1.41016 0.149707 0.10549 0.0111992
760 1.41016 0.149707 0.10549 0.0111992
770 1.41016 0.149707 0.10549 0.0111992
780 1.41016 0.149707 0.10549 0.0111992
790 1.41016 0.149707 0.10549 0.0111992
800 1.41016 0.149707 0.10549 0.0111992
810 1.41016 0.149707 0.10549 0.0111992
820 1.41016 0.149707 0.10549 0.0111992
830 1.41016 0.149707 0.10549 0.0111992
840 1.41016 0.149707 0.10549 0.0111992
850 1.41016 0.149707 0.10549 0.0111992
860 1.41016 0.149707 0.10549 0.0111992
870 1.41016 0.149707 0.10549 0.0111992
880 1.41016 0.149707 0.10549 0.0111992
890 1.41016 0.149707 0.10549 0.0111992
900 1.41016 0.149707 0.10549 0.0111992
910 1.41016 0.149707 0.10549 0.0111992
920 1.41016 0.149707 0.10549 0.0111992
930 1.41016 0.149707 0.10549 0.0111992
940 1.41016 0.149707 0.10549 0.0111992
950 1.41016 0.149707 0.10549 0.0111992
960 1.41016 0.149707 0.10549 0.0111992
970 1.41016 0.149707 0.10549 0.0111992
980 1.41016 0.149707 0.10549 0.0111992
990 1.41016 0.149707 0.10549 0.0111992
1000 1.41016 0.149707 0.10549 0.0111992
1010 1.41016 0.149707 0.10549 0.0111992
1020 1.41016 0.149707 0.10549 0.0111992
1030 1.41016 0.149707 0.10549 0.0111992
1040 1.41016 0.149707 0.10549 0.0111992
1050 1.41016 0.149707 0.10549 0.0111992
1060 1.41016 0.149707 0.10549 0.0111992
1070 1.41016 0.149707 0.10549 0.0111992
1080 1.41016 0.149707 0.10549 0.0111992
1090 1.41016 0.149707 0.10549 0.0111992
1100 1.41016 0.149707 0.10549 0.0111992
1110 1.41016 0.149707 0.10549 0.0111992
1120 1.41016 0.149707 0.10549 0.0111992
1130 1.41016 0.149707 0.10549 0.0111992
1140 1.41016 0.149707 0.10549 0.0111992
1150 1.41016 0.149707 0.10549 0.0111992
1160 1.33333 0.219358 0.0997429 0.0164096
1170 1.33333 0.219358 0.0997429 0.0164096
1180 1.33333 0.219358 0.0997429 0.0164096
1190 1.33333 0.219358 0.0997429 0.0164096
1200 1.33333 0.219358 0.0997429 0.0164096
1210 1.33333 0.219358 0.0997429 0.0164096
1220 1.33333 0.219358 0.0997429 0.0164096
1230 1.33333 0.219358 0.0997429 0.0164096
1240 1.33333 0.219358 0.0997429 0.0164096
1250 1.33333 0.219358 0.0997429 0.0164096
1260 1.33333 0.219358 0.0997429 0.0164096
1270 1.33333 0.219358 0.0997429 0.0164096
1280 1.33333 0.219358 0.0997429 0.0164096
1290 1.33333 0.219358 0.0997429 0.0164096
1300 1.33333 0.219358 0.0997429 0.0164096
1310 1.33333 0.219358 0.0997429 0.0164096
1320 1.33333 0.219358 0.0997429 0.0164096
1330 1.33333 0.219358 0.0997429 0.0164096
1340 1.33333 0.219358 0.0997429 0.0164096
1350 1.33333 0.219358 0.0997429 0.0164096
1360 1.33333 0.219358 0.0997429 0.0164096
1370 1.33333 0.219358 0.0997429 0.0164096
1380 1.33333 0.219358 0.0997429 0.0164096
1390 1.33333 0.219358 0.0997429 0.0164096
1400 1.33333 0.219358 0.0997429 0.0164096
1410 1.33333 0.219358 0.0997429 0.0164096
1420 1.33333 0.219358 0.0997429 0.0164096
1430 1.33333 0.219358 0.0997429 0.0164096
1440 1.33333 0.219358 0.0997429 0.0164096


DSBEnd
0 1 0 1 0
0.0166667 0.176354 0.0212104 0.176354 0.0212104
0.0333333 0.0855792 0.0109135 0.0855792 0.0109135
0.05 0.06281 0.0142094 0.06281 0.0142094
0.0666667 0.0656836 0.0113474 0.0656836 0.0113474
0.0833333 0.0342786 0.00424665 0.0342786 0.00424665
0.1 0.0145191 0.0077177 0.0145191 0.0077177
0.116667 0.0936479 0.0276001 0.0936479 0.0276001
0.133333 0.0344979 0.00907026 0.0344979 0.00907026
0.15 0.0398064 0.00703298 0.0398064 0.00703298
0.166667 0.0301119 0.00468749 0.0301119 0.00468749
0.183333 0.0314731 0.00582758 0.0314731 0.00582758
0.2 0.0270871 0.0087073 0.0270871 0.0087073
0.216667 0.0344979 0.00907026 0.0344979 0.00907026
0.233333 0.0288188 0.00828563 0.0288188 0.00828563
0.25 0.00725953 0.00385885 0.00725953 0.00385885
0.266667 0.0270191 0.00585872 0.0270191 0.00585872
0.283333 0.0426119 0.0106922 0.0426119 0.0106922
0.3 0.0197595 0.00896642 0.0197595 0.00896642
0.316667 0.00438596 0.00438596 0.00438596 0.00438596
0.333333 0.00438596 0.00438596 0.00438596 0.00438596
0.35 0.0116455 0.0077458 0.0116455 0.0077458
0.366667 0.0242136 0.0061685 0.0242136 0.0061685
0.383333 0.0259453 0.00778674 0.0259453 0.00778674
0.4 0.00725953 0.00385885 0.00725953 0.00385885
0.416667 0.0101331 0.00520187 0.0101331 0.00520187
0.433333 0.00574713 0.00574713 0.00574713 0.00574713
0.45 0.00287356 0.00287356 0.00287356 0.00287356
0.466667 0.0140805 0.00738791 0.0140805 0.00738791
0.483333 0.00416667 0.00416667 0.00416667 0.00416667
0.5 0.00862069 0.00862069 0.00862069 0.00862069
0.516667 0.00725953 0.00385885 0.00725953 0.00385885
0.533333 0.00287356 0.00287356 0.00287356 0.00287356
0.55 0.00287356 0.00287356 0.00287356 0.00287356
0.566667 0.0145191 0.0077177 0.0145191 0.0077177
0.583333 0.00438596 0.00438596 0.00438596 0.00438596
0.6 0.00855263 0.00428053 0.00855263 0.00428053
0.616667 0.00287356 0.00287356 0.00287356 0.00287356
0.633333 0 0 0 0
0.65 0.00416667 0.00416667 0.00416667 0.00416667
0.666667 0.00416667 0.00416667 0.00416667 0.00416667
0.683333 0.00704023 0.00369395 0.00704023 0.00369395
0.7 0.0114262 0.00141555 0.0114262 0.00141555
0.716667 0.00574713 0.00574713 0.00574713 0.00574713
0.733333 0.00991379 0.00514239 0.00991379 0.00514239
0.75 0.0158122 0.00536988 0.0158122 0.00536988
0.766667 0.00704023 0.00369395 0.00704023 0.00369395
0.783333 0.0116455 0.0077458 0.0116455 0.0077458
0.8 0.0131579 0.0131579 0.0131579 0.0131579
0.816667 0.00725953 0.00385885 0.00725953 0.00385885
0.833333 0 0 0 0
0.85 0 0 0 0
0.866667 0.00438596 0.00438596 0.00438596 0.00438596
0.883333 0 0 0 0
0.9 0 0 0 0
0.916667 0.00438596 0.00438596 0.00438596 0.00438596
0.933333 0.00287356 0.00287356 0.00287356 0.00287356
0.95 0 0 0 0
0.966667 0.00574713 0.00574713 0.00574713 0.00574713
0.983333 0 0 0 0
1 0.0143678 0.0143678 0.0143678 0.0143678
1.16667 0.0101331 0.00520187 0.0101331 0.00520187
1.33333 0.00877193 0.00877193 0.00877193 0.00877193
1.5 0 0 0 0
1.66667 0.00855263 0.00428053 0.00855263 0.00428053
1.83333 0 0 0 0
2 0.0116455 0.0077458 0.0116455 0.0077458
2.16667 0.00416667 0.00416667 0.00416667 0.00416667
2.33333 0 0 0 0
2.5 0.00855263 0.00428053 0.00855263 0.00428053
2.66667 0.0116455 0.0077458 0.0116455 0.0077458
2.83333 0 0 0 0
3 0.0101331 0.00520187 0.0101331 0.00520187
3.16667 0.00438596 0.00438596 0.00438596 0.00438596
3.33333 0.00877193 0.00877193 0.00877193 0.00877193
3.5 0.00438596 0.00438596 0.00438596 0.00438596
3.66667 0 0 0 0
3.83333 0.00287356 0.00287356 0.00287356 0.00287356
4 0 0 0 0
4.16667 0 0 0 0
4.33333 0.00438596 0.00438596 0.00438596 0.00438596
4.5 0 0 0 0
4.66667 0.00438596 0.00438596 0.00438596 0.00438596
4.83333 0.00574713 0.00574713 0.00574713 0.00574713
5 0 0 0 0
5.16667 0.00833333 0.00833333 0.00833333 0.00833333
5.33333 0 0 0 0
5.5 0 0 0 0
5.66667 0.00855263 0.00428053 0.00855263 0.00428053
5.83333 0 0 0 0
6 0 0 0 0
6.16667 0 0 0 0
6.33333 0 0 0 0
6.5 0 0 0 0
6.66667 0.00991379 0.00514239 0.00991379 0.00514239
6.83333 0.00438596 0.00438596 0.00438596 0.00438596
7 0.00287356 0.00287356 0.00287356 0.00287356
7.16667 0 0 0 0
7.33333 0 0 0 0
7.5 0 0 0 0
7.66667 0 0 0 0
7.83333 0 0 0 0
8 0 0 0 0
8.16667 0.00287356 0.00287356 0.00287356 0.00287356
8.33333 0 0 0 0
8.5 0 0 0 0
8.66667 0 0 0 0
8.83333 0 0 0 0
9 0 0 0 0
9.16667 0 0 0 0
9.33333 0 0 0 0
9.5 0 0 0 0
9.66667 0.00416667 0.00416667 0.00416667 0.00416667
9.83333 0 0 0 0
10 0 0 0 0
11 0 0 0 0
12 0 0 0 0
13 0 0 0 0
14 0 0 0 0
15 0 0 0 0
16 0 0 0 0
17 0.00438596 0.00438596 0.00438596 0.00438596
18 0 0 0 0
19 0 0 0 0
20 0 0 0 0
21 0 0 0 0
22 0 0 0 0
23 0 0 0 0
24 0 0 0 0
25 0 0 0 0
26 0 0 0 0
27 0 0 0 0
28 0 0 0 0
29 0 0 0 0
30 0 0 0 0
31 0 0 0 0
32 0 0 0 0
33 0 0 0 0
34 0 0 0 0
35 0 0 0 0
36 0 0 0 0
37 0 0 0 0
38 0 0 0 0
39 0 0 0 0
40 0 0 0 0
41 0 0 0 0
42 0 0 0 0
43 0 0 0 0
44 0 0 0 0
45 0 0 0 0
46 0 0 0 0
47 0 0 0 0
48 0 0 0 0
49 0 0 0 0
50 0 0 0 0
51 0 0 0 0
52 0 0 0 0
53 0 0 0 0
54 0 0 0 0
55 0 0 0 0
56 0 0 0 0
57 0 0 0 0
58 0 0 0 0
59 0 0 0 0
60 0 0 0 0
70 0 0 0 0
80 0 0 0 0
90 0 0 0 0
100 0 0 0 0
110 0 0 0 0
120 0 0 0 0
130 0 0 0 0
140 0 0 0 0
150 0 0 0 0
160 0 0 0 0
170 0 0 0 0
180 0 0 0 0
190 0 0 0 0
200 0 0 0 0
210 0 0 0 0
220 0 0 0 0
230 0 0 0 0
240 0 0 0 0
250 0 0 0 0
260 0 0 0 0
270 0 0 0 0
280 0 0 0 0
290 0 0 0 0
300 0 0 0 0
310 0 0 0 0
320 0 0 0 0
330 0 0 0 0
340 0 0 0 0
350 0 0 0 0
360 0 0 0 0
370 0 0 0 0
380 0 0 0 0
390 0 0 0 0
400 0 0 0 0
410 0 0 0 0
420 0 0 0 0
430 0 0 0 0
440 0 0 0 0
450 0 0 0 0
460 0 0 0 0
470 0 0 0 0
480 0 0 0 0
490 0 0 0 0
500 0 0 0 0
510 0 0 0 0
520 0 0 0 0
530 0 0 0 0
540 0 0 0 0
550 0 0 0 0
560 0 0 0 0
570 0 0 0 0
580 0 0 0 0
590 0 0 0 0
600 0 0 0 0
610 0 0 0 0
620 0 0 0 0
630 0 0 0 0
640 0 0 0 0
650 0 0 0 0
660 0 0 0 0
670 0 0 0 0
680 0 0 0 0
690 0 0 0 0
700 0 0 0 0
710 0 0 0 0
720 0 0 0 0
730 0 0 0 0
740 0 0 0 0
750 0 0 0 0
760 0 0 0 0
770 0 0 0 0
780 0 0 0 0
790 0 0 0 0
800 0 0 0 0
810 0 0 0 0
820 0 0 0 0
830 0 0 0 0
840 0 0 0 0
850 0 0 0 0
860 0 0 0 0
870 0 0 0 0
880 0 0 0 0
890 0 0 0 0
900 0 0 0 0
910 0 0 0 0
920 0 0 0 0
930 0 0 0 0
940 0 0 0 0
950 0 0 0 0
960 0 0 0 0
970 0 0 0 0
980 0 0 0 0
990 0 0 0 0
1000 0 0 0 0
1010 0 0 0 0
1020 0 0 0 0
1030 0 0 0 0
1040 0 0 0 0
1050 0 0 0 0
1060 0 0 0 0
1070 0 0 0 0
1080 0 0 0 0
1090 0 0 0 0
1100 0 0 0 0
1110 0 0 0 0
1120 0 0 0 0
1130 0 0 0 0
1140 0 0 0 0
1150 0 0 0 0
1160 0 0 0 0
1170 0 0 0 0
1180 0 0 0 0
1190 0 0 0 0
1200 0 0 0 0
1210 0 0 0 0
1220 0 0 0 0
1230 0 0 0 0
1240 0 0 0 0
1250 0 0 0 0
1260 0 0 0 0
1270 0 0 0 0
1280 0 0 0 0
1290 0 0 0 0
1300 0 0 0 0
1310 0 0 0 0
1320 0 0 0 0
1330 0 0 0 0
1340 0 0 0 0
1350 0 0 0 0
1360 0 0 0 0
1370 0 0 0 0
1380 0 0 0 0
1390 0 0 0 0
1400 0 0 0 0
1410 0 0 0 0
1420 0 0 0 0
1430 0 0 0 0
1440 0 0 0 0


DSBEnd_Inhibited
0 0 0 0 0
0.0166667 1 0 0.444812 0.0470515
0.0333333 0.964519 0.0180329 0.430293 0.0522161
0.05 0.877684 0.0493343 0.386456 0.0258852
0.0666667 0.802521 0.0516944 0.352397 0.0180449
0.0833333 0.727358 0.0426143 0.319631 0.0165365
0.1 0.701681 0.0302448 0.309498 0.0216754
0.116667 0.51634 0.0752938 0.22627 0.0301819
0.133333 0.469188 0.116089 0.203267 0.0424958
0.15 0.441176 0.0904672 0.189625 0.0235008
0.166667 0.4155 0.0818952 0.179492 0.024039
0.183333 0.372082 0.0836215 0.160806 0.0277784
0.2 0.36788 0.0553256 0.159664 0.0140625
0.216667 0.302988 0.103935 0.128108 0.0335982
0.233333 0.287115 0.0890357 0.122361 0.0292864
0.25 0.330532 0.0878119 0.141047 0.0260591
0.266667 0.255369 0.0875036 0.106987 0.0260381
0.283333 0.217554 0.0717361 0.0902526 0.0200978
0.3 0.229225 0.0756663 0.0948578 0.0234786
0.316667 0.229225 0.0756663 0.0948578 0.0234786
0.333333 0.213352 0.0763972 0.0878176 0.0255499
0.35 0.171802 0.0641631 0.0706443 0.0228357
0.366667 0.157796 0.0789024 0.0638234 0.0323824
0.383333 0.144258 0.0687464 0.0577057 0.0241072
0.4 0.144258 0.0687464 0.0577057 0.0241072
0.416667 0.144258 0.0687464 0.0577057 0.0241072
0.433333 0.144258 0.0550036 0.0589988 0.0179922
0.45 0.144258 0.0687464 0.0577057 0.0241072
0.466667 0.136321 0.0620915 0.0548321 0.0219714
0.483333 0.144258 0.0550036 0.0589988 0.0179922
0.5 0.110644 0.0209148 0.0472852 0.00489963
0.516667 0.0910364 0.0379532 0.0372202 0.0115685
0.533333 0.108777 0.0293487 0.0457728 0.00730824
0.55 0.106909 0.0419415 0.0442604 0.0127675
0.566667 0.0751634 0.0221792 0.0314731 0.00582758
0.583333 0.073296 0.0258925 0.0312538 0.0091914
0.6 0.0653595 0.0273538 0.0270871 0.0087073
0.616667 0.0653595 0.0192432 0.0283802 0.00766084
0.633333 0.073296 0.0258925 0.0312538 0.0091914
0.65 0.0812325 0.0268065 0.0354204 0.0113079
0.666667 0.0812325 0.0268065 0.0354204 0.0113079
0.683333 0.0812325 0.0331137 0.0341273 0.0112601
0.7 0.0634921 0.0419961 0.0255747 0.0149342
0.716667 0.0653595 0.0192432 0.0283802 0.00766084
0.733333 0.057423 0.0196245 0.0242136 0.0061685
0.75 0.057423 0.0196245 0.0242136 0.0061685
0.766667 0.0592904 0.00687718 0.025726 0.000385885
0.783333 0.0494865 0.0121651 0.0226331 0.00752634
0.8 0.0513539 0.00373483 0.0228524 0.0028311
0.816667 0.0452848 0.0254981 0.0214912 0.0115293
0.833333 0.0452848 0.0254981 0.0214912 0.0115293
0.85 0.0354809 0.0180329 0.0171053 0.00856106
0.866667 0.0256769 0.0138727 0.0127193 0.00722021
0.883333 0.0354809 0.0180329 0.0171053 0.00856106
0.9 0.0275444 0.0170833 0.0129386 0.00759988
0.916667 0.0177404 0.00901644 0.00855263 0.00428053
0.933333 0.0238095 0.0137464 0.00991379 0.00514239
0.95 0.031746 0.020998 0.0127874 0.00746712
0.966667 0.031746 0.020998 0.0127874 0.00746712
0.983333 0.047619 0.0363696 0.0185345 0.0128035
1 0.0238095 0.0137464 0.00991379 0.00514239
1.16667 0.0434174 0.0103237 0.0186857 0.00405313
1.33333 0.031746 0.020998 0.0153736 0.0113397
1.5 0.00793651 0.00793651 0.00416667 0.00416667
1.66667 0.0336134 0.00718712 0.0155929 0.00488253
1.83333 0.031746 0.015873 0.0140805 0.00738791
2 0.0275444 0.0170833 0.0116455 0.0077458
2.16667 0.0434174 0.0103237 0.0186857 0.00405313
2.33333 0.04155 0.00606909 0.0184664 0.00347296
2.5 0.031746 0.015873 0.0140805 0.00738791
2.66667 0.015873 0.00793651 0.00704023 0.00369395
2.83333 0.0256769 0.0138727 0.0101331 0.00520187
3 0.031746 0.031746 0.0114943 0.0114943
3.16667 0.00793651 0.00793651 0.00287356 0.00287356
3.33333 0.0238095 0.0137464 0.0112069 0.00733181
3.5 0.0238095 0.0137464 0.0112069 0.00733181
3.66667 0.0256769 0.00186741 0.0114262 0.00141555
3.83333 0 0 0 0
4 0.0177404 0.00901644 0.00725953 0.00385885
4.16667 0.0177404 0.00901644 0.00725953 0.00385885
4.33333 0.0238095 0.0238095 0.0125 0.0125
4.5 0.0238095 0.0238095 0.0125 0.0125
4.66667 0.0238095 0.0137464 0.00991379 0.00514239
4.83333 0.015873 0.00793651 0.00704023 0.00369395
5 0.015873 0.00793651 0.00704023 0.00369395
5.16667 0.0396825 0.020998 0.0182471 0.010837
5.33333 0.0396825 0.0286155 0.0195402 0.0154319
5.5 0.0238095 0.0137464 0.0112069 0.00733181
5.66667 0.00793651 0.00793651 0.00416667 0.00416667
5.83333 0.0275444 0.0170833 0.0129386 0.00759988
6 0.00793651 0.00793651 0.00416667 0.00416667
6.16667 0.0238095 0.0238095 0.0125 0.0125
6.33333 0.0396825 0.0286155 0.0195402 0.0154319
6.5 0.04155 0.00606909 0.0184664 0.00347296
6.66667 0.04155 0.0150266 0.0197595 0.00896642
6.83333 0.031746 0.020998 0.0153736 0.0113397
7 0 0 0 0
7.16667 0 0 0 0
7.33333 0 0 0 0
7.5 0 0 0 0
7.66667 0 0 0 0
7.83333 0 0 0 0
8 0 0 0 0
8.16667 0 0 0 0
8.33333 0 0 0 0
8.5 0 0 0 0
8.66667 0.00793651 0.00793651 0.00287356 0.00287356
8.83333 0 0 0 0
9 0 0 0 0
9.16667 0.00793651 0.00793651 0.00287356 0.00287356
9.33333 0 0 0 0
9.5 0.0336134 0.0207264 0.0130067 0.00746612
9.66667 0.0275444 0.0170833 0.0116455 0.0077458
9.83333 0.00980392 0.00980392 0.00438596 0.00438596
10 0 0 0 0
11 0 0 0 0
12 0 0 0 0
13 0.00793651 0.00793651 0.00287356 0.00287356
14 0 0 0 0
15 0 0 0 0
16 0.0196078 0.0196078 0.00877193 0.00877193
17 0 0 0 0
18 0 0 0 0
19 0.00793651 0.00793651 0.00416667 0.00416667
20 0 0 0 0
21 0 0 0 0
22 0 0 0 0
23 0 0 0 0
24 0 0 0 0
25 0 0 0 0
26 0 0 0 0
27 0 0 0 0
28 0 0 0 0
29 0 0 0 0
30 0 0 0 0
31 0 0 0 0
32 0 0 0 0
33 0 0 0 0
34 0 0 0 0
35 0 0 0 0
36 0 0 0 0
37 0 0 0 0
38 0 0 0 0
39 0 0 0 0
40 0 0 0 0
41 0 0 0 0
42 0 0 0 0
43 0 0 0 0
44 0 0 0 0
45 0 0 0 0
46 0 0 0 0
47 0 0 0 0
48 0 0 0 0
49 0 0 0 0
50 0 0 0 0
51 0 0 0 0
52 0 0 0 0
53 0 0 0 0
54 0 0 0 0
55 0 0 0 0
56 0 0 0 0
57 0 0 0 0
58 0 0 0 0
59 0 0 0 0
60 0 0 0 0
70 0 0 0 0
80 0 0 0 0
90 0 0 0 0
100 0 0 0 0
110 0 0 0 0
120 0 0 0 0
130 0 0 0 0
140 0 0 0 0
150 0 0 0 0
160 0 0 0 0
170 0 0 0 0
180 0 0 0 0
190 0 0 0 0
200 0 0 0 0
210 0 0 0 0
220 0 0 0 0
230 0 0 0 0
240 0 0 0 0
250 0 0 0 0
260 0 0 0 0
270 0 0 0 0
280 0 0 0 0
290 0 0 0 0
300 0 0 0 0
310 0 0 0 0
320 0 0 0 0
330 0 0 0 0
340 0 0 0 0
350 0 0 0 0
360 0 0 0 0
370 0 0 0 0
380 0 0 0 0
390 0 0 0 0
400 0 0 0 0
410 0 0 0 0
420 0 0 0 0
430 0 0 0 0
440 0 0 0 0
450 0 0 0 0
460 0 0 0 0
470 0 0 0 0
480 0 0 0 0
490 0 0 0 0
500 0 0 0 0
510 0 0 0 0
520 0 0 0 0
530 0 0 0 0
540 0 0 0 0
550 0 0 0 0
560 0 0 0 0
570 0 0 0 0
580 0 0 0 0
590 0 0 0 0
600 0 0 0 0
610 0 0 0 0
620 0 0 0 0
630 0 0 0 0
640 0 0 0 0
650 0 0 0 0
660 0 0 0 0
670 0 0 0 0
680 0 0 0 0
690 0 0 0 0
700 0 0 0 0
710 0 0 0 0
720 0 0 0 0
730 0 0 0 0
740 0 0 0 0
750 0 0 0 0
760 0 0 0 0
770 0 0 0 0
780 0 0 0 0
790 0 0 0 0
800 0 0 0 0
810 0 0 0 0
820 0 0 0 0
830 0 0 0 0
840 0 0 0 0
850 0 0 0 0
860 0 0 0 0
870 0 0 0 0
880 0 0 0 0
890 0 0 0 0
900 0 0 0 0
910 0 0 0 0
920 0 0 0 0
930 0 0 0 0
940 0 0 0 0
950 0 0 0 0
960 0 0 0 0
970 0 0 0 0
980 0 0 0 0
990 0 0 0 0
1000 0 0 0 0
1010 0 0 0 0
1020 0 0 0 0
1030 0 0 0 0
1040 0 0 0 0
1050 0 0 0 0
1060 0 0 0 0
1070 0 0 0 0
1080 0 0 0 0
1090 0 0 0 0
1100 0 0 0 0
1110 0 0 0 0
1120 0 0 0 0
1130 0 0 0 0
1140 0 0 0 0
1150 0 0 0 0
1160 0 0 0 0
1170 0 0 0 0
1180 0 0 0 0
1190 0 0 0 0
1200 0 0 0 0
1210 0 0 0 0
1220 0 0 0 0
1230 0 0 0 0
1240 0 0 0 0
1250 0 0 0 0
1260 0 0 0 0
1270 0 0 0 0
1280 0 0 0 0
1290 0 0 0 0
1300 0 0 0 0
1310 0 0 0 0
1320 0 0 0 0
1330 0 0 0 0
1340 0 0 0 0
1350 0 0 0 0
1360 0 0 0 0
1370 0 0 0 0
1380 0 0 0 0
1390 0 0 0 0
1400 0 0 0 0
1410 0 0 0 0
1420 0 0 0 0
1430 0 0 0 0
1440 0 0 0 0


DSBEnd_Ku
0 0 0 0 0
0.0166667 1 0 0.232328 0.0363051
0.0333333 0.611581 0.0804335 0.146748 0.0358859
0.05 0.499775 0.104445 0.108583 0.00708686
0.0666667 0.326381 0.021063 0.0761041 0.0131626
0.0833333 0.300168 0.120359 0.0610783 0.0134941
0.1 0.158508 0.11606 0.029454 0.0181314
0.116667 0.165951 0.109356 0.0309664 0.0158108
0.133333 0.326504 0.105817 0.0718013 0.0246732
0.15 0.263771 0.0886853 0.0557698 0.0156895
0.166667 0.144972 0.0515279 0.0312538 0.0091914
0.183333 0.139656 0.0585838 0.0285315 0.00997167
0.2 0.0910318 0.00818131 0.0215593 0.00453154
0.216667 0.10923 0.029826 0.0242136 0.0061685
0.233333 0.0734879 0.0111825 0.0171733 0.00434852
0.25 0.0984746 0.0300811 0.0230717 0.00831443
0.266667 0.165297 0.0801609 0.0326981 0.0124163
0.283333 0.15585 0.114564 0.0280929 0.0172534
0.3 0.0613831 0.0470519 0.0112069 0.00733181
0.316667 0.0870241 0.072403 0.0153736 0.0113397
0.333333 0.112665 0.0979052 0.0195402 0.0154319
0.35 0.035742 0.0223717 0.00704023 0.00369395
0.366667 0.045843 0.0234005 0.00991379 0.00514239
0.383333 0.0633869 0.00714887 0.0142998 0.00148302
0.4 0.0809308 0.0130462 0.0186857 0.00405313
0.416667 0.0910318 0.00818131 0.0215593 0.00453154
0.433333 0.0633869 0.00714887 0.0142998 0.00148302
0.45 0.0890279 0.0324908 0.0184664 0.00347296
0.466667 0.035742 0.0223717 0.00704023 0.00369395
0.483333 0.045843 0.0234005 0.00991379 0.00514239
0.5 0.0532859 0.013462 0.0114262 0.00141555
0.516667 0.106572 0.026924 0.0228524 0.0028311
0.533333 0.035742 0.0223717 0.00704023 0.00369395
0.55 0.0431849 0.0227026 0.00855263 0.00428053
0.566667 0.0613831 0.0470519 0.0112069 0.00733181
0.583333 0.142314 0.0444214 0.0298926 0.00380594
0.6 0.0769231 0.0769231 0.0125 0.0125
0.616667 0.0431849 0.0227026 0.00855263 0.00428053
0.633333 0.0175439 0.0175439 0.00438596 0.00438596
0.65 0 0 0 0
0.666667 0 0 0 0
0.683333 0.025641 0.025641 0.00416667 0.00416667
0.7 0.025641 0.025641 0.00416667 0.00416667
0.716667 0.010101 0.010101 0.00287356 0.00287356
0.733333 0.010101 0.010101 0.00287356 0.00287356
0.75 0.0276449 0.0152514 0.00725953 0.00385885
0.766667 0.030303 0.030303 0.00862069 0.00862069
0.783333 0.0377459 0.0190128 0.0101331 0.00520187
0.8 0.0350877 0.0350877 0.00877193 0.00877193
0.816667 0.0802764 0.0657098 0.0204174 0.0162982
0.833333 0.0728336 0.0459885 0.018905 0.0114254
0.85 0.0627326 0.0483785 0.0160315 0.0119824
0.866667 0.0276449 0.0152514 0.00725953 0.00385885
0.883333 0.010101 0.010101 0.00287356 0.00287356
0.9 0.025641 0.025641 0.00416667 0.00416667
0.916667 0 0 0 0
0.933333 0.0175439 0.0175439 0.00438596 0.00438596
0.95 0.0175439 0.0175439 0.00438596 0.00438596
0.966667 0 0 0 0
0.983333 0.020202 0.020202 0.00574713 0.00574713
1 0 0 0 0
1.16667 0.0451887 0.0312851 0.0116455 0.0077458
1.33333 0 0 0 0
1.5 0.025641 0.025641 0.00416667 0.00416667
1.66667 0.0276449 0.0152514 0.00725953 0.00385885
1.83333 0.0478469 0.026352 0.0130067 0.00746612
2 0.0688259 0.0451437 0.0127193 0.00722021
2.16667 0 0 0 0
2.33333 0 0 0 0
2.5 0 0 0 0
2.66667 0.0276449 0.0152514 0.00725953 0.00385885
2.83333 0.030303 0.030303 0.00862069 0.00862069
3 0.0276449 0.0152514 0.00725953 0.00385885
3.16667 0 0 0 0
3.33333 0.0175439 0.0175439 0.00438596 0.00438596
3.5 0 0 0 0
3.66667 0.0175439 0.0175439 0.00438596 0.00438596
3.83333 0.0431849 0.0227026 0.00855263 0.00428053
4 0.0175439 0.0175439 0.00438596 0.00438596
4.16667 0 0 0 0
4.33333 0.0350877 0.0350877 0.00877193 0.00877193
4.5 0 0 0 0
4.66667 0.0769231 0.0769231 0.0125 0.0125
4.83333 0.010101 0.010101 0.00287356 0.00287356
5 0 0 0 0
5.16667 0 0 0 0
5.33333 0.010101 0.010101 0.00287356 0.00287356
5.5 0 0 0 0
5.66667 0.010101 0.010101 0.00287356 0.00287356
5.83333 0 0 0 0
6 0 0 0 0
6.16667 0 0 0 0
6.33333 0.010101 0.010101 0.00287356 0.00287356
6.5 0 0 0 0
6.66667 0.010101 0.010101 0.00287356 0.00287356
6.83333 0.0175439 0.0175439 0.00438596 0.00438596
7 0.035742 0.0223717 0.00704023 0.00369395
7.16667 0 0 0 0
7.33333 0 0 0 0
7.5 0 0 0 0
7.66667 0 0 0 0
7.83333 0 0 0 0
8 0 0 0 0
8.16667 0.010101 0.010101 0.00287356 0.00287356
8.33333 0.025641 0.025641 0.00416667 0.00416667
8.5 0 0 0 0
8.66667 0 0 0 0
8.83333 0 0 0 0
9 0 0 0 0
9.16667 0 0 0 0
9.33333 0 0 0 0
9.5 0 0 0 0
9.66667 0.0532859 0.013462 0.0114262 0.00141555
9.83333 0 0 0 0
10 0 0 0 0
11 0 0 0 0
12 0 0 0 0
13 0 0 0 0
14 0 0 0 0
15 0 0 0 0
16 0 0 0 0
17 0 0 0 0
18 0 0 0 0
19 0.025641 0.025641 0.00416667 0.00416667
20 0 0 0 0
21 0 0 0 0
22 0 0 0 0
23 0 0 0 0
24 0 0 0 0
25 0 0 0 0
26 0 0 0 0
27 0 0 0 0
28 0 0 0 0
29 0 0 0 0
30 0 0 0 0
31 0 0 0 0
32 0 0 0 0
33 0 0 0 0
34 0 0 0 0
35 0 0 0 0
36 0 0 0 0
37 0 0 0 0
38 0 0 0 0
39 0 0 0 0
40 0 0 0 0
41 0 0 0 0
42 0 0 0 0
43 0 0 0 0
44 0 0 0 0
45 0 0 0 0
46 0 0 0 0
47 0 0 0 0
48 0 0 0 0
49 0 0 0 0
50 0 0 0 0
51 0 0 0 0
52 0 0 0 0
53 0 0 0 0
54 0 0 0 0
55 0 0 0 0
56 0 0 0 0
57 0 0 0 0
58 0 0 0 0
59 0 0 0 0
60 0 0 0 0
70 0 0 0 0
80 0 0 0 0
90 0 0 0 0
100 0 0 0 0
110 0 0 0 0
120 0 0 0 0
130 0 0 0 0
140 0 0 0 0
150 0 0 0 0
160 0 0 0 0
170 0 0 0 0
180 0 0 0 0
190 0 0 0 0
200 0 0 0 0
210 0 0 0 0
220 0 0 0 0
230 0 0 0 0
240 0 0 0 0
250 0 0 0 0
260 0 0 0 0
270 0 0 0 0
280 0 0 0 0
290 0 0 0 0
300 0 0 0 0
310 0 0 0 0
320 0 0 0 0
330 0 0 0 0
340 0 0 0 0
350 0 0 0 0
360 0 0 0 0
370 0 0 0 0
380 0 0 0 0
390 0 0 0 0
400 0 0 0 0
410 0 0 0 0
420 0 0 0 0
430 0 0 0 0
440 0 0 0 0
450 0 0 0 0
460 0 0 0 0
470 0 0 0 0
480 0 0 0 0
490 0 0 0 0
500 0 0 0 0
510 0 0 0 0
520 0 0 0 0
530 0 0 0 0
540 0 0 0 0
550 0 0 0 0
560 0 0 0 0
570 0 0 0 0
580 0 0 0 0
590 0 0 0 0
600 0 0 0 0
610 0 0 0 0
620 0 0 0 0
630 0 0 0 0
640 0 0 0 0
650 0 0 0 0
660 0 0 0 0
670 0 0 0 0
680 0 0 0 0
690 0 0 0 0
700 0 0 0 0
710 0 0 0 0
720 0 0 0 0
730 0 0 0 0
740 0 0 0 0
750 0 0 0 0
760 0 0 0 0
770 0 0 0 0
780 0 0 0 0
790 0 0 0 0
800 0 0 0 0
810 0 0 0 0
820 0 0 0 0
830 0 0 0 0
840 0 0 0 0
850 0 0 0 0
860 0 0 0 0
870 0 0 0 0
880 0 0 0 0
890 0 0 0 0
900 0 0 0 0
910 0 0 0 0
920 0 0 0 0
930 0 0 0 0
940 0 0 0 0
950 0 0 0 0
960 0 0 0 0
970 0 0 0 0
980 0 0 0 0
990 0 0 0 0
1000 0 0 0 0
1010 0 0 0 0
1020 0 0 0 0
1030 0 0 0 0
1040 0 0 0 0
1050 0 0 0 0
1060 0 0 0 0
1070 0 0 0 0
1080 0 0 0 0
1090 0 0 0 0
1100 0 0 0 0
1110 0 0 0 0
1120 0 0 0 0
1130 0 0 0 0
1140 0 0 0 0
1150 0 0 0 0
1160 0 0 0 0
1170 0 0 0 0
1180 0 0 0 0
1190 0 0 0 0
1200 0 0 0 0
1210 0 0 0 0
1220 0 0 0 0
1230 0 0 0 0
1240 0 0 0 0
1250 0 0 0 0
1260 0 0 0 0
1270 0 0 0 0
1280 0 0 0 0
1290 0 0 0 0
1300 0 0 0 0
1310 0 0 0 0
1320 0 0 0 0
1330 0 0 0 0
1340 0 0 0 0
1350 0 0 0 0
1360 0 0 0 0
1370 0 0 0 0
1380 0 0 0 0
1390 0 0 0 0
1400 0 0 0 0
1410 0 0 0 0
1420 0 0 0 0
1430 0 0 0 0
1440 0 0 0 0


DSBEnd_PKcs
0 0 0 0 0
0.0166667 0.385403 0.0437312 0.0812765 0.0149509
0.0333333 0.645643 0.0985871 0.137046 0.0298324
0.05 0.497168 0.0760358 0.104567 0.0219922
0.0666667 0.536057 0.0936053 0.114194 0.0270055
0.0833333 0.71634 0.0852083 0.150272 0.0271128
0.1 0.757407 0.13109 0.160337 0.0372134
0.116667 0.602723 0.0283306 0.125688 0.0155711
0.133333 0.629739 0.144627 0.135247 0.0384136
0.15 0.626797 0.125502 0.133734 0.0346574
0.166667 0.716776 0.128416 0.152201 0.0365687
0.183333 0.684532 0.146713 0.146673 0.0397421
0.2 0.736383 0.129079 0.156587 0.0371683
0.216667 0.750109 0.101862 0.157948 0.0314805
0.233333 0.726797 0.055417 0.150975 0.0195371
0.25 0.726797 0.055417 0.150975 0.0195371
0.266667 0.729739 0.0542513 0.152488 0.0219422
0.283333 0.766776 0.0902873 0.160821 0.0290288
0.3 0.780501 0.0871919 0.162182 0.0255499
0.316667 0.763834 0.0915891 0.159309 0.0274866
0.333333 0.747168 0.098642 0.156435 0.0295761
0.35 0.747168 0.098642 0.156435 0.0295761
0.366667 0.730501 0.107831 0.153562 0.0317882
0.383333 0.726797 0.055417 0.150975 0.0195371
0.4 0.727887 0.0250033 0.151195 0.016032
0.416667 0.722004 0.0671915 0.14817 0.0135397
0.433333 0.770153 0.121258 0.155498 0.012297
0.45 0.770153 0.121258 0.155498 0.012297
0.466667 0.752397 0.122075 0.152405 0.0172971
0.483333 0.73573 0.109026 0.149531 0.0165747
0.5 0.73573 0.109026 0.149531 0.0165747
0.516667 0.73573 0.109026 0.149531 0.0165747
0.533333 0.716885 0.152972 0.146219 0.031147
0.55 0.750218 0.170144 0.151966 0.0317029
0.566667 0.786492 0.161176 0.159226 0.0281319
0.583333 0.786492 0.161176 0.159226 0.0281319
0.6 0.769826 0.150655 0.156352 0.0276001
0.616667 0.769826 0.150655 0.156352 0.0276001
0.633333 0.788344 0.158886 0.160519 0.0309999
0.65 0.807952 0.139279 0.164905 0.0271639
0.666667 0.774619 0.125598 0.159158 0.0278801
0.683333 0.774619 0.125598 0.159158 0.0278801
0.7 0.7561 0.113899 0.154991 0.0239249
0.716667 0.774619 0.125598 0.159158 0.0278801
0.733333 0.774619 0.125598 0.159158 0.0278801
0.75 0.77756 0.103439 0.16067 0.0259798
0.766667 0.794227 0.106543 0.163544 0.0248569
0.783333 0.794227 0.106543 0.163544 0.0248569
0.8 0.7061 0.103817 0.14637 0.0268229
0.816667 0.725708 0.0877379 0.150756 0.0248218
0.833333 0.764924 0.0620058 0.159528 0.0229095
0.85 0.801198 0.0440504 0.166788 0.0205175
0.866667 0.761983 0.0700669 0.158016 0.0214593
0.883333 0.742375 0.0868749 0.15363 0.0231944
0.9 0.725708 0.0877379 0.150756 0.0248218
0.916667 0.673856 0.0798109 0.140842 0.0247018
0.933333 0.670915 0.0883556 0.13933 0.0241547
0.95 0.670915 0.0883556 0.13933 0.0241547
0.966667 0.65719 0.0887608 0.137969 0.0269423
0.983333 0.65719 0.0887608 0.137969 0.0269423
1 0.690523 0.0735976 0.143716 0.0226049
1.16667 0.676797 0.0831319 0.142355 0.0267787
1.33333 0.729739 0.0542513 0.152488 0.0219422
1.5 0.692375 0.0983158 0.145009 0.0286696
1.66667 0.763834 0.0915891 0.159309 0.0274866
1.83333 0.795316 0.0749738 0.163763 0.0181261
2 0.780828 0.010302 0.161328 0.0117538
2.16667 0.800436 0.0132092 0.165714 0.0141436
2.33333 0.743791 0.0398853 0.152995 0.00967791
2.5 0.795643 0.0536005 0.162908 0.00458877
2.66667 0.712309 0.0334816 0.148541 0.0184022
2.83333 0.727124 0.0305254 0.150121 0.0120501
3 0.780065 0.0572119 0.160254 0.0120195
3.16667 0.693791 0.0357824 0.144374 0.0172579
3.33333 0.654575 0.00610508 0.135602 0.0118642
3.5 0.654575 0.00610508 0.135602 0.0118642
3.66667 0.690523 0.0735976 0.143716 0.0226049
3.83333 0.710131 0.0616072 0.148102 0.02184
4 0.672004 0.0558114 0.139549 0.0185986
4.16667 0.691612 0.0430912 0.143935 0.018171
4.33333 0.73268 0.0692348 0.154 0.0257181
4.5 0.710893 0.116825 0.149176 0.0326869
4.66667 0.74902 0.126223 0.157728 0.0356852
4.83333 0.710893 0.116825 0.149176 0.0326869
5 0.616449 0.0180286 0.127049 0.00768272
5.16667 0.633115 0.034088 0.129923 0.00492287
5.33333 0.651634 0.0331276 0.13409 0.00855378
5.5 0.738671 0.0780538 0.151044 0.0127342
5.66667 0.724946 0.0397603 0.149682 0.0134193
5.83333 0.709368 0.00664756 0.147028 0.0132362
6 0.670153 0.0414579 0.138256 0.0125229
6.16667 0.670153 0.0414579 0.138256 0.0125229
6.33333 0.649455 0.0922089 0.133651 0.0211487
6.5 0.669063 0.0733467 0.138037 0.0184931
6.66667 0.741612 0.0477099 0.152556 0.0113927
6.83333 0.796405 0.0455164 0.163982 0.0122063
7 0.742702 0.0290349 0.152775 0.00754023
7.16667 0.724183 0.0395627 0.148609 0.00580486
7.33333 0.724183 0.0395627 0.148609 0.00580486
7.5 0.724183 0.0395627 0.148609 0.00580486
7.66667 0.724183 0.0395627 0.148609 0.00580486
7.83333 0.724183 0.0395627 0.148609 0.00580486
8 0.724183 0.0395627 0.148609 0.00580486
8.16667 0.724183 0.0395627 0.148609 0.00580486
8.33333 0.742702 0.0290349 0.152775 0.00754023
8.5 0.724183 0.0395627 0.148609 0.00580486
8.66667 0.74085 0.0557369 0.151482 0.00335726
8.83333 0.724183 0.0395627 0.148609 0.00580486
9 0.724183 0.0395627 0.148609 0.00580486
9.16667 0.74085 0.0557369 0.151482 0.00335726
9.33333 0.724183 0.0395627 0.148609 0.00580486
9.5 0.760458 0.0529664 0.155868 0.00765723
9.66667 0.777124 0.0676431 0.158742 0.00633398
9.83333 0.743791 0.0398853 0.152995 0.00967791
10 0.724183 0.0395627 0.148609 0.00580486
11 0.69085 0.0122102 0.142861 0.0113177
12 0.727887 0.0250033 0.151195 0.016032
13 0.744553 0.0209323 0.154068 0.0133275
14 0.727887 0.0250033 0.151195 0.016032
15 0.727887 0.0250033 0.151195 0.016032
16 0.727887 0.0250033 0.151195 0.016032
17 0.78671 0.0528299 0.164353 0.0227664
18 0.727887 0.0250033 0.151195 0.016032
19 0.727887 0.0250033 0.151195 0.016032
20 0.69085 0.0122102 0.142861 0.0113177
21 0.69085 0.0122102 0.142861 0.0113177
22 0.69085 0.0122102 0.142861 0.0113177
23 0.69085 0.0122102 0.142861 0.0113177
24 0.69085 0.0122102 0.142861 0.0113177
25 0.69085 0.0122102 0.142861 0.0113177
26 0.69085 0.0122102 0.142861 0.0113177
27 0.69085 0.0122102 0.142861 0.0113177
28 0.69085 0.0122102 0.142861 0.0113177
29 0.69085 0.0122102 0.142861 0.0113177
30 0.69085 0.0122102 0.142861 0.0113177
31 0.69085 0.0122102 0.142861 0.0113177
32 0.69085 0.0122102 0.142861 0.0113177
33 0.69085 0.0122102 0.142861 0.0113177
34 0.653813 0.0491579 0.134528 0.0117494
35 0.653813 0.0491579 0.134528 0.0117494
36 0.653813 0.0491579 0.134528 0.0117494
37 0.653813 0.0491579 0.134528 0.0117494
38 0.653813 0.0491579 0.134528 0.0117494
39 0.653813 0.0491579 0.134528 0.0117494
40 0.653813 0.0491579 0.134528 0.0117494
41 0.653813 0.0491579 0.134528 0.0117494
42 0.653813 0.0491579 0.134528 0.0117494
43 0.653813 0.0491579 0.134528 0.0117494
44 0.653813 0.0491579 0.134528 0.0117494
45 0.653813 0.0491579 0.134528 0.0117494
46 0.653813 0.0491579 0.134528 0.0117494
47 0.653813 0.0491579 0.134528 0.0117494
48 0.653813 0.0491579 0.134528 0.0117494
49 0.653813 0.0491579 0.134528 0.0117494
50 0.653813 0.0491579 0.134528 0.0117494
51 0.653813 0.0491579 0.134528 0.0117494
52 0.653813 0.0491579 0.134528 0.0117494
53 0.653813 0.0491579 0.134528 0.0117494
54 0.653813 0.0491579 0.134528 0.0117494
55 0.653813 0.0491579 0.134528 0.0117494
56 0.653813 0.0491579 0.134528 0.0117494
57 0.653813 0.0491579 0.134528 0.0117494
58 0.653813 0.0491579 0.134528 0.0117494
59 0.653813 0.0491579 0.134528 0.0117494
60 0.653813 0.0491579 0.134528 0.0117494
70 0.653813 0.0491579 0.134528 0.0117494
80 0.653813 0.0491579 0.134528 0.0117494
90 0.653813 0.0491579 0.134528 0.0117494
100 0.653813 0.0491579 0.134528 0.0117494
110 0.653813 0.0491579 0.134528 0.0117494
120 0.653813 0.0491579 0.134528 0.0117494
130 0.653813 0.0491579 0.134528 0.0117494
140 0.653813 0.0491579 0.134528 0.0117494
150 0.653813 0.0491579 0.134528 0.0117494
160 0.620479 0.0445873 0.128781 0.0158306
170 0.587146 0.0614962 0.123034 0.0207178
180 0.587146 0.0614962 0.123034 0.0207178
190 0.587146 0.0614962 0.123034 0.0207178
200 0.587146 0.0614962 0.123034 0.0207178
210 0.587146 0.0614962 0.123034 0.0207178
220 0.54793 0.0257551 0.114262 0.0141555
230 0.54793 0.0257551 0.114262 0.0141555
240 0.54793 0.0257551 0.114262 0.0141555
250 0.54793 0.0257551 0.114262 0.0141555
260 0.508715 0.024912 0.10549 0.0111992
270 0.508715 0.024912 0.10549 0.0111992
280 0.508715 0.024912 0.10549 0.0111992
290 0.508715 0.024912 0.10549 0.0111992
300 0.508715 0.024912 0.10549 0.0111992
310 0.508715 0.024912 0.10549 0.0111992
320 0.508715 0.024912 0.10549 0.0111992
330 0.508715 0.024912 0.10549 0.0111992
340 0.508715 0.024912 0.10549 0.0111992
350 0.508715 0.024912 0.10549 0.0111992
360 0.508715 0.024912 0.10549 0.0111992
370 0.508715 0.024912 0.10549 0.0111992
380 0.508715 0.024912 0.10549 0.0111992
390 0.508715 0.024912 0.10549 0.0111992
400 0.508715 0.024912 0.10549 0.0111992
410 0.508715 0.024912 0.10549 0.0111992
420 0.508715 0.024912 0.10549 0.0111992
430 0.508715 0.024912 0.10549 0.0111992
440 0.508715 0.024912 0.10549 0.0111992
450 0.508715 0.024912 0.10549 0.0111992
460 0.508715 0.024912 0.10549 0.0111992
470 0.508715 0.024912 0.10549 0.0111992
480 0.508715 0.024912 0.10549 0.0111992
490 0.508715 0.024912 0.10549 0.0111992
500 0.508715 0.024912 0.10549 0.0111992
510 0.508715 0.024912 0.10549 0.0111992
520 0.508715 0.024912 0.10549 0.0111992
530 0.508715 0.024912 0.10549 0.0111992
540 0.508715 0.024912 0.10549 0.0111992
550 0.508715 0.024912 0.10549 0.0111992
560 0.508715 0.024912 0.10549 0.0111992
570 0.508715 0.024912 0.10549 0.0111992
580 0.508715 0.024912 0.10549 0.0111992
590 0.508715 0.024912 0.10549 0.0111992
600 0.508715 0.024912 0.10549 0.0111992
610 0.508715 0.024912 0.10549 0.0111992
620 0.508715 0.024912 0.10549 0.0111992
630 0.508715 0.024912 0.10549 0.0111992
640 0.508715 0.024912 0.10549 0.0111992
650 0.508715 0.024912 0.10549 0.0111992
660 0.508715 0.024912 0.10549 0.0111992
670 0.508715 0.024912 0.10549 0.0111992
680 0.508715 0.024912 0.10549 0.0111992
690 0.508715 0.024912 0.10549 0.0111992
700 0.508715 0.024912 0.10549 0.0111992
710 0.508715 0.024912 0.10549 0.0111992
720 0.508715 0.024912 0.10549 0.0111992
730 0.508715 0.024912 0.10549 0.0111992
740 0.508715 0.024912 0.10549 0.0111992
750 0.508715 0.024912 0.10549 0.0111992
760 0.508715 0.024912 0.10549 0.0111992
770 0.508715 0.024912 0.10549 0.0111992
780 0.508715 0.024912 0.10549 0.0111992
790 0.508715 0.024912 0.10549 0.0111992
800 0.508715 0.024912 0.10549 0.0111992
810 0.508715 0.024912 0.10549 0.0111992
820 0.508715 0.024912 0.10549 0.0111992
830 0.508715 0.024912 0.10549 0.0111992
840 0.508715 0.024912 0.10549 0.0111992
850 0.508715 0.024912 0.10549 0.0111992
860 0.508715 0.024912 0.10549 0.0111992
870 0.508715 0.024912 0.10549 0.0111992
880 0.508715 0.024912 0.10549 0.0111992
890 0.508715 0.024912 0.10549 0.0111992
900 0.508715 0.024912 0.10549 0.0111992
910 0.508715 0.024912 0.10549 0.0111992
920 0.508715 0.024912 0.10549 0.0111992
930 0.508715 0.024912 0.10549 0.0111992
940 0.508715 0.024912 0.10549 0.0111992
950 0.508715 0.024912 0.10549 0.0111992
960 0.508715 0.024912 0.10549 0.0111992
970 0.508715 0.024912 0.10549 0.0111992
980 0.508715 0.024912 0.10549 0.0111992
990 0.508715 0.024912 0.10549 0.0111992
1000 0.508715 0.024912 0.10549 0.0111992
1010 0.508715 0.024912 0.10549 0.0111992
1020 0.508715 0.024912 0.10549 0.0111992
1030 0.508715 0.024912 0.10549 0.0111992
1040 0.508715 0.024912 0.10549 0.0111992
1050 0.508715 0.024912 0.10549 0.0111992
1060 0.508715 0.024912 0.10549 0.0111992
1070 0.508715 0.024912 0.10549 0.0111992
1080 0.508715 0.024912 0.10549 0.0111992
1090 0.508715 0.024912 0.10549 0.0111992
1100 0.508715 0.024912 0.10549 0.0111992
1110 0.508715 0.024912 0.10549 0.0111992
1120 0.508715 0.024912 0.10549 0.0111992
1130 0.508715 0.024912 0.10549 0.0111992
1140 0.475381 0.0449689 0.0997429 0.0164096
1150 0.475381 0.0449689 0.0997429 0.0164096
1160 0.475381 0.0449689 0.0997429 0.0164096
1170 0.475381 0.0449689 0.0997429 0.0164096
1180 0.475381 0.0449689 0.0997429 0.0164096
1190 0.475381 0.0449689 0.0997429 0.0164096
1200 0.475381 0.0449689 0.0997429 0.0164096
1210 0.475381 0.0449689 0.0997429 0.0164096
1220 0.475381 0.0449689 0.0997429 0.0164096
1230 0.475381 0.0449689 0.0997429 0.0164096
1240 0.475381 0.0449689 0.0997429 0.0164096
1250 0.475381 0.0449689 0.0997429 0.0164096
1260 0.475381 0.0449689 0.0997429 0.0164096
1270 0.475381 0.0449689 0.0997429 0.0164096
1280 0.475381 0.0449689 0.0997429 0.0164096
1290 0.475381 0.0449689 0.0997429 0.0164096
1300 0.475381 0.0449689 0.0997429 0.0164096
1310 0.475381 0.0449689 0.0997429 0.0164096
1320 0.475381 0.0449689 0.0997429 0.0164096
1330 0.475381 0.0449689 0.0997429 0.0164096
1340 0.475381 0.0449689 0.0997429 0.0164096
1350 0.475381 0.0449689 0.0997429 0.0164096
1360 0.475381 0.0449689 0.0997429 0.0164096
1370 0.475381 0.0449689 0.0997429 0.0164096
1380 0.475381 0.0449689 0.0997429 0.0164096
1390 0.475381 0.0449689 0.0997429 0.0164096
1400 0.475381 0.0449689 0.0997429 0.0164096
1410 0.475381 0.0449689 0.0997429 0.0164096
1420 0.475381 0.0449689 0.0997429 0.0164096
1430 0.475381 0.0449689 0.0997429 0.0164096
1440 0.475381 0.0449689 0.0997429 0.0164096


DSBSynaptic
0 0 0 0 0
0.0166667 0.0852884 0.0462833 0.0652299 0.0351809
0.0333333 0.259971 0.0632239 0.200333 0.0464413
0.05 0.437471 0.0767947 0.337583 0.0555038
0.0666667 0.499528 0.0572979 0.385874 0.0398867
0.0833333 0.55523 0.0634653 0.428993 0.0444906
0.1 0.621685 0.0643743 0.480445 0.044729
0.116667 0.658195 0.0425392 0.509347 0.0305664
0.133333 0.688498 0.0694343 0.532335 0.0493657
0.15 0.721473 0.0595548 0.558212 0.043316
0.166667 0.754448 0.0548947 0.58409 0.0421621
0.183333 0.787928 0.0606183 0.609664 0.0439428
0.2 0.791105 0.0446661 0.61225 0.0318617
0.216667 0.805393 0.0318039 0.623609 0.0249782
0.233333 0.838009 0.017443 0.649047 0.0179736
0.25 0.834474 0.0165177 0.646022 0.0105405
0.266667 0.838873 0.0390399 0.649183 0.0262452
0.283333 0.824585 0.0561758 0.637825 0.0382031
0.3 0.867954 0.0319699 0.671597 0.0177963
0.316667 0.886282 0.035819 0.685678 0.019854
0.333333 0.893858 0.0430991 0.691425 0.0254607
0.35 0.922939 0.0485197 0.713838 0.0296078
0.366667 0.915363 0.0427523 0.708091 0.0255398
0.383333 0.91854 0.0427734 0.710678 0.0274271
0.4 0.936869 0.0521818 0.724758 0.0348119
0.416667 0.925253 0.0393291 0.716289 0.0293978
0.433333 0.928788 0.035823 0.719313 0.0299382
0.45 0.928788 0.035823 0.719313 0.0299382
0.466667 0.929146 0.023585 0.719752 0.0239719
0.483333 0.936722 0.0170157 0.725499 0.01832
0.5 0.944298 0.0117302 0.731246 0.0127536
0.516667 0.944298 0.0117302 0.731246 0.0127536
0.533333 0.963343 0.0191366 0.746204 0.0216363
0.55 0.955767 0.0221416 0.740457 0.0250595
0.566667 0.944656 0.011056 0.731685 0.0165816
0.583333 0.923151 0.0279637 0.715018 0.0257709
0.6 0.949413 0.0397678 0.735284 0.0331859
0.616667 0.960166 0.0292164 0.743618 0.0258531
0.633333 0.960166 0.0292164 0.743618 0.0258531
0.65 0.941838 0.0377864 0.729537 0.0331558
0.666667 0.949413 0.0397678 0.735284 0.0331859
0.683333 0.941838 0.0377864 0.729537 0.0331558
0.7 0.945015 0.0287049 0.732123 0.0287442
0.716667 0.945015 0.0287049 0.732123 0.0287442
0.733333 0.945015 0.0287049 0.732123 0.0287442
0.75 0.911681 0.0101114 0.705808 0.00308708
0.766667 0.915217 0.0092152 0.708832 0.0143197
0.783333 0.911681 0.0101114 0.705808 0.00308708
0.8 0.93405 0.0384967 0.72261 0.0215136
0.816667 0.922939 0.0485197 0.713838 0.0296078
0.833333 0.911828 0.0589341 0.705067 0.038004
0.85 0.911828 0.0589341 0.705067 0.038004
0.866667 0.923297 0.0397769 0.714277 0.0226355
0.883333 0.919257 0.0176687 0.711555 0.00698697
0.9 0.926833 0.0252371 0.717302 0.0124163
0.916667 0.945161 0.0292702 0.731382 0.0142457
0.933333 0.941121 0.00674093 0.72866 0.00409861
0.95 0.941121 0.00674093 0.72866 0.00409861
0.966667 0.941121 0.00674093 0.72866 0.00409861
0.983333 0.933545 0.00106348 0.722913 0.0087073
1 0.925969 0.00846203 0.717166 0.0141737
1.16667 0.889101 0.0445629 0.687825 0.0286046
1.33333 0.867954 0.0319699 0.671597 0.0177963
1.5 0.860378 0.0244059 0.66585 0.0121188
1.66667 0.76766 0.0182279 0.594132 0.00765723
1.83333 0.766797 0.0228571 0.593996 0.0218903
2 0.704024 0.0406637 0.544828 0.0293272
2.16667 0.670544 0.0357064 0.519253 0.0283144
2.33333 0.659433 0.0425659 0.510481 0.0323657
2.5 0.633529 0.0381646 0.490653 0.0305664
2.66667 0.597735 0.0155358 0.462629 0.00810626
2.83333 0.56072 0.0141582 0.434029 0.00848947
3 0.508553 0.0209697 0.393935 0.018171
3.16667 0.538856 0.0202511 0.416924 0.0112294
3.33333 0.498664 0.0239166 0.385738 0.0141555
3.5 0.502199 0.0112706 0.388763 0.00690134
3.66667 0.483871 0.016129 0.374682 0.0131201
3.83333 0.445992 0.0329242 0.345947 0.0294089
4 0.456745 0.0354973 0.35428 0.0311144
4.16667 0.445992 0.0329242 0.345947 0.0294089
4.33333 0.387113 0.0266806 0.300242 0.0241002
4.5 0.398583 0.0508679 0.309453 0.0429035
4.66667 0.336168 0.0329136 0.260723 0.0279363
4.83333 0.339345 0.0313221 0.263309 0.0272816
5 0.360492 0.0358999 0.279537 0.0295372
5.16667 0.331411 0.0295398 0.257123 0.0254586
5.33333 0.331411 0.0295398 0.257123 0.0254586
5.5 0.305148 0.0394296 0.236857 0.0324026
5.66667 0.279749 0.0219496 0.216727 0.0176938
5.83333 0.268638 0.0273971 0.207955 0.0210811
6 0.272532 0.0228013 0.211419 0.0197998
6.16667 0.261779 0.0210765 0.203085 0.0186627
6.33333 0.254562 0.0398611 0.197777 0.0331879
6.5 0.254203 0.0276229 0.197338 0.0236135
6.66667 0.206435 0.0317159 0.160405 0.0264503
6.83333 0.2029 0.0155889 0.157381 0.01386
7 0.235516 0.0269637 0.182819 0.0226488
7.16667 0.224405 0.0224585 0.174047 0.0186244
7.33333 0.224405 0.0224585 0.174047 0.0186244
7.5 0.224405 0.0224585 0.174047 0.0186244
7.66667 0.206077 0.0235933 0.159967 0.0198177
7.83333 0.195324 0.0214503 0.151633 0.0183551
8 0.195324 0.0214503 0.151633 0.0183551
8.16667 0.180173 0.0351948 0.140139 0.0287176
8.33333 0.176996 0.0290733 0.137553 0.0241441
8.5 0.187748 0.0281426 0.145886 0.0234046
8.66667 0.16942 0.0347918 0.131806 0.0284951
8.83333 0.176996 0.0290733 0.137553 0.0241441
9 0.176996 0.0290733 0.137553 0.0241441
9.16667 0.16942 0.0347918 0.131806 0.0284951
9.33333 0.165885 0.0185133 0.128781 0.0158306
9.5 0.139622 0.0244059 0.108515 0.0198656
9.66667 0.117758 0.0134819 0.0914096 0.0113244
9.83333 0.144021 0.011519 0.111676 0.0100013
10 0.144379 0.030067 0.112114 0.0243188
11 0.111046 0.0126931 0.0857985 0.00889813
12 0.0816064 0.016027 0.0629462 0.0116552
13 0.0740306 0.00846203 0.057199 0.00593209
14 0.0740306 0.00846203 0.057199 0.00593209
15 0.0740306 0.00846203 0.057199 0.00593209
16 0.0629195 0.0166399 0.0484271 0.012337
17 0.03348 0.0196919 0.0255747 0.0149342
18 0.0259042 0.0135007 0.0198276 0.0102848
19 0 0 0 0
20 0.0107527 0.0107527 0.00833333 0.00833333
21 0.0107527 0.0107527 0.00833333 0.00833333
22 0.0107527 0.0107527 0.00833333 0.00833333
23 0.0107527 0.0107527 0.00833333 0.00833333
24 0 0 0 0
25 0 0 0 0
26 0 0 0 0
27 0 0 0 0
28 0 0 0 0
29 0 0 0 0
30 0 0 0 0
31 0 0 0 0
32 0 0 0 0
33 0 0 0 0
34 0.0107527 0.0107527 0.00833333 0.00833333
35 0.0107527 0.0107527 0.00833333 0.00833333
36 0 0 0 0
37 0 0 0 0
38 0 0 0 0
39 0 0 0 0
40 0 0 0 0
41 0 0 0 0
42 0 0 0 0
43 0 0 0 0
44 0 0 0 0
45 0 0 0 0
46 0 0 0 0
47 0 0 0 0
48 0 0 0 0
49 0 0 0 0
50 0 0 0 0
51 0 0 0 0
52 0 0 0 0
53 0 0 0 0
54 0 0 0 0
55 0 0 0 0
56 0 0 0 0
57 0 0 0 0
58 0 0 0 0
59 0 0 0 0
60 0 0 0 0
70 0 0 0 0
80 0 0 0 0
90 0 0 0 0
100 0 0 0 0
110 0 0 0 0
120 0 0 0 0
130 0 0 0 0
140 0 0 0 0
150 0 0 0 0
160 0 0 0 0
170 0.00757576 0.00757576 0.00574713 0.00574713
180 0 0 0 0
190 0 0 0 0
200 0 0 0 0
210 0 0 0 0
220 0.0111111 0.0111111 0.00877193 0.00877193
230 0 0 0 0
240 0 0 0 0
250 0 0 0 0
260 0.0111111 0.0111111 0.00877193 0.00877193
270 0 0 0 0
280 0 0 0 0
290 0 0 0 0
300 0 0 0 0
310 0 0 0 0
320 0 0 0 0
330 0 0 0 0
340 0 0 0 0
350 0 0 0 0
360 0 0 0 0
370 0 0 0 0
380 0 0 0 0
390 0 0 0 0
400 0 0 0 0
410 0 0 0 0
420 0 0 0 0
430 0 0 0 0
440 0 0 0 0
450 0 0 0 0
460 0 0 0 0
470 0 0 0 0
480 0 0 0 0
490 0 0 0 0
500 0 0 0 0
510 0 0 0 0
520 0 0 0 0
530 0 0 0 0
540 0 0 0 0
550 0 0 0 0
560 0 0 0 0
570 0 0 0 0
580 0 0 0 0
590 0 0 0 0
600 0 0 0 0
610 0 0 0 0
620 0 0 0 0
630 0 0 0 0
640 0 0 0 0
650 0 0 0 0
660 0 0 0 0
670 0 0 0 0
680 0 0 0 0
690 0 0 0 0
700 0 0 0 0
710 0 0 0 0
720 0 0 0 0
730 0 0 0 0
740 0 0 0 0
750 0 0 0 0
760 0 0 0 0
770 0 0 0 0
780 0 0 0 0
790 0 0 0 0
800 0 0 0 0
810 0 0 0 0
820 0 0 0 0
830 0 0 0 0
840 0 0 0 0
850 0 0 0 0
860 0 0 0 0
870 0 0 0 0
880 0 0 0 0
890 0 0 0 0
900 0 0 0 0
910 0 0 0 0
920 0 0 0 0
930 0 0 0 0
940 0 0 0 0
950 0 0 0 0
960 0 0 0 0
970 0 0 0 0
980 0 0 0 0
990 0 0 0 0
1000 0 0 0 0
1010 0 0 0 0
1020 0 0 0 0
1030 0 0 0 0
1040 0 0 0 0
1050 0 0 0 0
1060 0 0 0 0
1070 0 0 0 0
1080 0 0 0 0
1090 0 0 0 0
1100 0 0 0 0
1110 0 0 0 0
1120 0 0 0 0
1130 0 0 0 0
1140 0 0 0 0
1150 0 0 0 0
1160 0 0 0 0
1170 0 0 0 0
1180 0 0 0 0
1190 0 0 0 0
1200 0 0 0 0
1210 0 0 0 0
1220 0 0 0 0
1230 0 0 0 0
1240 0 0 0 0
1250 0 0 0 0
1260 0 0 0 0
1270 0 0 0 0
1280 0 0 0 0
1290 0 0 0 0
1300 0 0 0 0
1310 0 0 0 0
1320 0 0 0 0
1330 0 0 0 0
1340 0 0 0 0
1350 0 0 0 0
1360 0 0 0 0
1370 0 0 0 0
1380 0 0 0 0
1390 0 0 0 0
1400 0 0 0 0
1410 0 0 0 0
1420 0 0 0 0
1430 0 0 0 0
1440 0 0 0 0


DSBSynaptic_Stable
0 0 0 0 0
0.0166667 0 0 0 0
0.0333333 0 0 0 0
0.05 0 0 0 0
0.0666667 0.00925926 0.00925926 0.00574713 0.00574713
0.0833333 0.00925926 0.00925926 0.00574713 0.00574713
0.1 0.00925926 0.00925926 0.00574713 0.00574713
0.116667 0.0220798 0.0114626 0.0140805 0.00738791
0.133333 0.0365725 0.00462971 0.0228524 0.0028311
0.15 0.0365725 0.00462971 0.0228524 0.0028311
0.166667 0.0365725 0.00462971 0.0228524 0.0028311
0.183333 0.0365725 0.00462971 0.0228524 0.0028311
0.2 0.0365725 0.00462971 0.0228524 0.0028311
0.216667 0.0510653 0.0182087 0.0316243 0.0107398
0.233333 0.0510653 0.0182087 0.0316243 0.0107398
0.25 0.0510653 0.0182087 0.0316243 0.0107398
0.266667 0.0510653 0.0182087 0.0316243 0.0107398
0.283333 0.065558 0.0325847 0.0403962 0.0194052
0.3 0.065558 0.0325847 0.0403962 0.0194052
0.316667 0.065558 0.0325847 0.0403962 0.0194052
0.333333 0.065558 0.0325847 0.0403962 0.0194052
0.35 0.065558 0.0325847 0.0403962 0.0194052
0.366667 0.065558 0.0325847 0.0403962 0.0194052
0.383333 0.065558 0.0325847 0.0403962 0.0194052
0.4 0.065558 0.0325847 0.0403962 0.0194052
0.416667 0.0748173 0.0282432 0.0461434 0.0166289
0.433333 0.0748173 0.0282432 0.0461434 0.0166289
0.45 0.0748173 0.0282432 0.0461434 0.0166289
0.466667 0.0840766 0.026553 0.0518905 0.0155735
0.483333 0.0840766 0.026553 0.0518905 0.0155735
0.5 0.0840766 0.026553 0.0518905 0.0155735
0.516667 0.0840766 0.026553 0.0518905 0.0155735
0.533333 0.0840766 0.026553 0.0518905 0.0155735
0.55 0.0840766 0.026553 0.0518905 0.0155735
0.566667 0.0840766 0.026553 0.0518905 0.0155735
0.583333 0.0968971 0.0168707 0.0602238 0.00937499
0.6 0.0968971 0.0168707 0.0602238 0.00937499
0.616667 0.0968971 0.0168707 0.0602238 0.00937499
0.633333 0.0968971 0.0168707 0.0602238 0.00937499
0.65 0.106156 0.0156449 0.065971 0.00848947
0.666667 0.106156 0.0156449 0.065971 0.00848947
0.683333 0.106156 0.0156449 0.065971 0.00848947
0.7 0.115416 0.0194004 0.0717181 0.0110594
0.716667 0.115416 0.0194004 0.0717181 0.0110594
0.733333 0.115416 0.0194004 0.0717181 0.0110594
0.75 0.139168 0.0311925 0.0862371 0.0181261
0.766667 0.139168 0.0311925 0.0862371 0.0181261
0.783333 0.139168 0.0311925 0.0862371 0.0181261
0.8 0.139168 0.0311925 0.0862371 0.0181261
0.816667 0.139168 0.0311925 0.0862371 0.0181261
0.833333 0.15366 0.0410678 0.0950091 0.0239249
0.85 0.15366 0.0410678 0.0950091 0.0239249
0.866667 0.166481 0.0294469 0.103342 0.016333
0.883333 0.184999 0.0348353 0.114837 0.0200026
0.9 0.184999 0.0348353 0.114837 0.0200026
0.916667 0.184999 0.0348353 0.114837 0.0200026
0.933333 0.184999 0.0348353 0.114837 0.0200026
0.95 0.184999 0.0348353 0.114837 0.0200026
0.966667 0.184999 0.0348353 0.114837 0.0200026
0.983333 0.184999 0.0348353 0.114837 0.0200026
1 0.184999 0.0348353 0.114837 0.0200026
1.16667 0.208751 0.0467887 0.129356 0.0271892
1.33333 0.243652 0.0261319 0.15177 0.0140256
1.5 0.291156 0.0496008 0.180808 0.0279235
1.66667 0.346247 0.0582011 0.215154 0.0331782
1.83333 0.346247 0.0582011 0.215154 0.0331782
2 0.392079 0.0623675 0.243754 0.0354471
2.16667 0.44717 0.0732212 0.2781 0.0421931
2.33333 0.479716 0.0676502 0.29823 0.0368543
2.5 0.488976 0.0714653 0.303978 0.0394966
2.66667 0.549517 0.0253047 0.343058 0.0107115
2.83333 0.604143 0.0240864 0.377269 0.00949838
3 0.635482 0.0107559 0.397096 0.00154354
3.16667 0.644742 0.0152631 0.402843 0.0056818
3.33333 0.681314 0.0137385 0.425696 0.00290243
3.5 0.681314 0.0137385 0.425696 0.00290243
3.66667 0.690574 0.0199011 0.431443 0.0084933
3.83333 0.73687 0.0632821 0.460178 0.0371696
4 0.73687 0.0632821 0.460178 0.0371696
4.16667 0.74969 0.0557188 0.468512 0.0340275
4.33333 0.768209 0.0742352 0.480006 0.0452579
4.5 0.782702 0.0683327 0.488778 0.040101
4.66667 0.800756 0.0465383 0.500136 0.0257968
4.83333 0.828069 0.0345565 0.517241 0.0172414
5 0.851821 0.043476 0.53176 0.0200939
5.16667 0.851821 0.043476 0.53176 0.0200939
5.33333 0.851821 0.043476 0.53176 0.0200939
5.5 0.862752 0.0666112 0.537946 0.0329317
5.66667 0.890066 0.0605179 0.555051 0.0276054
5.83333 0.912145 0.0524229 0.569132 0.0231718
6 0.934225 0.0457894 0.583212 0.0205175
6.16667 0.934225 0.0457894 0.583212 0.0205175
6.33333 0.934225 0.0457894 0.583212 0.0205175
6.5 0.919732 0.0445373 0.57444 0.0231371
6.66667 0.932553 0.0347077 0.582774 0.0200275
6.83333 0.923294 0.025804 0.577027 0.0147045
7 0.908801 0.0320069 0.568255 0.0225202
7.16667 0.930881 0.0378549 0.582335 0.0286394
7.33333 0.921621 0.0296435 0.576588 0.0251558
7.5 0.921621 0.0296435 0.576588 0.0251558
7.66667 0.943701 0.0386951 0.590668 0.0322004
7.83333 0.956522 0.0434783 0.599002 0.037315
8 0.956522 0.0434783 0.599002 0.037315
8.16667 0.956522 0.0434783 0.599002 0.037315
8.33333 0.943701 0.0386951 0.590668 0.0322004
8.5 0.929208 0.0527426 0.581897 0.0409672
8.66667 0.942029 0.057971 0.59023 0.0459015
8.83333 0.942029 0.057971 0.59023 0.0459015
9 0.942029 0.057971 0.59023 0.0459015
9.16667 0.93277 0.0539407 0.584483 0.0443274
9.33333 0.919949 0.0470324 0.576149 0.0385797
9.5 0.919949 0.0470324 0.576149 0.0385797
9.66667 0.907129 0.0429327 0.567816 0.0339227
9.83333 0.91069 0.0425883 0.570402 0.0369395
10 0.92351 0.0512839 0.578736 0.0434621
11 0.954168 0.00507299 0.596718 0.0142954
12 0.97792 0.0114626 0.611237 0.00690134
13 0.930199 0.0449791 0.58049 0.0162072
14 0.902422 0.0489799 0.563249 0.0214795
15 0.84188 0.0889259 0.524168 0.0449542
16 0.763502 0.076329 0.475439 0.0384767
17 0.756596 0.053421 0.471975 0.0266415
18 0.76183 0.054316 0.475 0.025
19 0.732844 0.0439074 0.457456 0.0222304
20 0.698161 0.0283912 0.436751 0.0214795
21 0.661588 0.0330001 0.413899 0.0237109
22 0.632603 0.0588411 0.396355 0.0408394
23 0.60885 0.0663383 0.381836 0.046214
24 0.612412 0.0674826 0.384422 0.0486112
25 0.612412 0.0674826 0.384422 0.0486112
26 0.575839 0.0706603 0.36157 0.0498866
27 0.557321 0.0645619 0.350076 0.0471031
28 0.506255 0.0810756 0.318451 0.0562638
29 0.496996 0.078756 0.312704 0.0552002
30 0.438344 0.0696733 0.275771 0.0486376
31 0.412703 0.0542652 0.259105 0.0375
32 0.412703 0.0542652 0.259105 0.0375
33 0.38539 0.0638559 0.241999 0.0423758
34 0.37613 0.0579595 0.236252 0.0391796
35 0.366871 0.053033 0.230505 0.0366118
36 0.35594 0.0723791 0.224319 0.0493616
37 0.33386 0.0609197 0.210239 0.0419813
38 0.2897 0.0380065 0.182078 0.0272331
39 0.275207 0.0519855 0.173306 0.0355185
40 0.275207 0.0519855 0.173306 0.0355185
41 0.253128 0.0405378 0.159226 0.0281319
42 0.238635 0.054785 0.150454 0.0366293
43 0.229376 0.0521986 0.144707 0.0353345
44 0.202062 0.0578201 0.127601 0.0379193
45 0.192803 0.0546354 0.121854 0.0362278
46 0.17831 0.0687683 0.113082 0.0446835
47 0.17831 0.0687683 0.113082 0.0446835
48 0.17831 0.0687683 0.113082 0.0446835
49 0.17831 0.0687683 0.113082 0.0446835
50 0.17831 0.0687683 0.113082 0.0446835
51 0.169051 0.0663944 0.107335 0.0434377
52 0.169051 0.0663944 0.107335 0.0434377
53 0.169051 0.0663944 0.107335 0.0434377
54 0.169051 0.0663944 0.107335 0.0434377
55 0.169051 0.0663944 0.107335 0.0434377
56 0.156231 0.0573431 0.0990018 0.037315
57 0.156231 0.0573431 0.0990018 0.037315
58 0.14341 0.0499697 0.0906685 0.0322004
59 0.134151 0.0459366 0.0849214 0.029956
60 0.12133 0.0391016 0.076588 0.0251558
70 0.0899913 0.0232892 0.0567604 0.0153217
80 0.0534188 0.0267734 0.033908 0.0169613
90 0.0128205 0.0128205 0.00833333 0.00833333
100 0.0128205 0.0128205 0.00833333 0.00833333
110 0.0128205 0.0128205 0.00833333 0.00833333
120 0.0128205 0.0128205 0.00833333 0.00833333
130 0.0128205 0.0128205 0.00833333 0.00833333
140 0 0 0 0
150 0 0 0 0
160 0.00925926 0.00925926 0.00574713 0.00574713
170 0.00925926 0.00925926 0.00574713 0.00574713
180 0.00925926 0.00925926 0.00574713 0.00574713
190 0 0 0 0
200 0 0 0 0
210 0 0 0 0
220 0 0 0 0
230 0 0 0 0
240 0 0 0 0
250 0 0 0 0
260 0 0 0 0
270 0.0144928 0.0144928 0.00877193 0.00877193
280 0.0144928 0.0144928 0.00877193 0.00877193
290 0 0 0 0
300 0 0 0 0
310 0 0 0 0
320 0 0 0 0
330 0 0 0 0
340 0 0 0 0
350 0 0 0 0
360 0 0 0 0
370 0 0 0 0
380 0 0 0 0
390 0 0 0 0
400 0 0 0 0
410 0 0 0 0
420 0 0 0 0
430 0 0 0 0
440 0 0 0 0
450 0 0 0 0
460 0 0 0 0
470 0 0 0 0
480 0 0 0 0
490 0 0 0 0
500 0 0 0 0
510 0 0 0 0
520 0 0 0 0
530 0 0 0 0
540 0 0 0 0
550 0 0 0 0
560 0 0 0 0
570 0 0 0 0
580 0 0 0 0
590 0 0 0 0
600 0 0 0 0
610 0 0 0 0
620 0 0 0 0
630 0 0 0 0
640 0 0 0 0
650 0 0 0 0
660 0 0 0 0
670 0 0 0 0
680 0 0 0 0
690 0 0 0 0
700 0 0 0 0
710 0 0 0 0
720 0 0 0 0
730 0 0 0 0
740 0 0 0 0
750 0 0 0 0
760 0 0 0 0
770 0 0 0 0
780 0 0 0 0
790 0 0 0 0
800 0 0 0 0
810 0 0 0 0
820 0 0 0 0
830 0 0 0 0
840 0 0 0 0
850 0 0 0 0
860 0 0 0 0
870 0 0 0 0
880 0 0 0 0
890 0 0 0 0
900 0 0 0 0
910 0 0 0 0
920 0 0 0 0
930 0 0 0 0
940 0 0 0 0
950 0 0 0 0
960 0 0 0 0
970 0 0 0 0
980 0 0 0 0
990 0 0 0 0
1000 0 0 0 0
1010 0 0 0 0
1020 0 0 0 0
1030 0 0 0 0
1040 0 0 0 0
1050 0 0 0 0
1060 0 0 0 0
1070 0 0 0 0
1080 0 0 0 0
1090 0 0 0 0
1100 0 0 0 0
1110 0 0 0 0
1120 0 0 0 0
1130 0 0 0 0
1140 0.00925926 0.00925926 0.00574713 0.00574713
1150 0.00925926 0.00925926 0.00574713 0.00574713
1160 0 0 0 0
1170 0 0 0 0
1180 0 0 0 0
1190 0 0 0 0
1200 0 0 0 0
1210 0 0 0 0
1220 0 0 0 0
1230 0 0 0 0
1240 0 0 0 0
1250 0 0 0 0
1260 0 0 0 0
1270 0 0 0 0
1280 0 0 0 0
1290 0 0 0 0
1300 0 0 0 0
1310 0 0 0 0
1320 0 0 0 0
1330 0 0 0 0
1340 0 0 0 0
1350 0 0 0 0
1360 0 0 0 0
1370 0 0 0 0
1380 0 0 0 0
1390 0 0 0 0
1400 0 0 0 0
1410 0 0 0 0
1420 0 0 0 0
1430 0 0 0 0
1440 0 0 0 0


DSB_Residual
0 1 0 1 0
0.0166667 1 0 1 0
0.0333333 1 0 1 0
0.05 1 0 1 0
0.0666667 1 0 1 0
0.0833333 1 0 1 0
0.1 1 0 1 0
0.116667 1 0 1 0
0.133333 1 0 1 0
0.15 1 0 1 0
0.166667 1 0 1 0
0.183333 1 0 1 0
0.2 1 0 1 0
0.216667 1 0 1 0
0.233333 1 0 1 0
0.25 1 0 1 0
0.266667 1 0 1 0
0.283333 1 0 1 0
0.3 1 0 1 0
0.316667 1 0 1 0
0.333333 1 0 1 0
0.35 1 0 1 0
0.366667 1 0 1 0
0.383333 1 0 1 0
0.4 1 0 1 0
0.416667 1 0 1 0
0.433333 1 0 1 0
0.45 1 0 1 0
0.466667 1 0 1 0
0.483333 1 0 1 0
0.5 1 0 1 0
0.516667 1 0 1 0
0.533333 1 0 1 0
0.55 1 0 1 0
0.566667 1 0 1 0
0.583333 1 0 1 0
0.6 1 0 1 0
0.616667 1 0 1 0
0.633333 1 0 1 0
0.65 1 0 1 0
0.666667 1 0 1 0
0.683333 1 0 1 0
0.7 1 0 1 0
0.716667 1 0 1 0
0.733333 1 0 1 0
0.75 1 0 1 0
0.766667 1 0 1 0
0.783333 1 0 1 0
0.8 1 0 1 0
0.816667 1 0 1 0
0.833333 1 0 1 0
0.85 1 0 1 0
0.866667 1 0 1 0
0.883333 1 0 1 0
0.9 1 0 1 0
0.916667 1 0 1 0
0.933333 1 0 1 0
0.95 1 0 1 0
0.966667 1 0 1 0
0.983333 1 0 1 0
1 1 0 1 0
1.16667 1 0 1 0
1.33333 1 0 1 0
1.5 1 0 1 0
1.66667 1 0 1 0
1.83333 1 0 1 0
2 0.984303 0.00836767 0.98592 0.00738791
2.16667 0.984303 0.00836767 0.98592 0.00738791
2.33333 0.978131 0.0112045 0.980172 0.0102848
2.5 0.978131 0.0112045 0.980172 0.0102848
2.66667 0.978131 0.0112045 0.980172 0.0102848
2.83333 0.978131 0.0112045 0.980172 0.0102848
3 0.978131 0.0112045 0.980172 0.0102848
3.16667 0.968327 0.00269276 0.9714 0.00296604
3.33333 0.968327 0.00269276 0.9714 0.00296604
3.5 0.962154 0.00885798 0.965653 0.00869705
3.66667 0.962154 0.00885798 0.965653 0.00869705
3.83333 0.962154 0.00885798 0.965653 0.00869705
4 0.962154 0.00885798 0.965653 0.00869705
4.16667 0.962154 0.00885798 0.965653 0.00869705
4.33333 0.955981 0.0150295 0.959906 0.0144409
4.5 0.955981 0.0150295 0.959906 0.0144409
4.66667 0.940004 0.0184906 0.945387 0.0176967
4.83333 0.940004 0.0184906 0.945387 0.0176967
5 0.940004 0.0184906 0.945387 0.0176967
5.16667 0.940004 0.0184906 0.945387 0.0176967
5.33333 0.940004 0.0184906 0.945387 0.0176967
5.5 0.93048 0.0115467 0.937054 0.0116552
5.66667 0.93048 0.0115467 0.937054 0.0116552
5.83333 0.93048 0.0115467 0.937054 0.0116552
6 0.93048 0.0115467 0.937054 0.0116552
6.16667 0.93048 0.0115467 0.937054 0.0116552
6.33333 0.93048 0.0115467 0.937054 0.0116552
6.5 0.920676 0.0111615 0.928282 0.0110594
6.66667 0.920676 0.0111615 0.928282 0.0110594
6.83333 0.914504 0.0156394 0.922535 0.015447
7 0.9047 0.0191718 0.913763 0.0181261
7.16667 0.894896 0.0261297 0.904991 0.0239249
7.33333 0.888723 0.0275308 0.899244 0.025572
7.5 0.888723 0.0275308 0.899244 0.025572
7.66667 0.888723 0.0275308 0.899244 0.025572
7.83333 0.888723 0.0275308 0.899244 0.025572
8 0.888723 0.0275308 0.899244 0.025572
8.16667 0.88255 0.0301552 0.893497 0.0283111
8.33333 0.873026 0.0206321 0.885163 0.0200026
8.5 0.863222 0.0268088 0.876391 0.0249782
8.66667 0.863222 0.0268088 0.876391 0.0249782
8.83333 0.863222 0.0268088 0.876391 0.0249782
9 0.863222 0.0268088 0.876391 0.0249782
9.16667 0.857049 0.0287577 0.870644 0.0271892
9.33333 0.837722 0.0265326 0.853539 0.0246966
9.5 0.837722 0.0265326 0.853539 0.0246966
9.66667 0.828198 0.0183741 0.845206 0.0170937
9.83333 0.822025 0.0185476 0.839459 0.0180941
10 0.822025 0.0185476 0.839459 0.0180941
11 0.806328 0.0111393 0.825378 0.0124109
12 0.806328 0.0111393 0.825378 0.0124109
13 0.771584 0.0151182 0.794631 0.0117997
14 0.746893 0.0261781 0.771642 0.0265107
15 0.702625 0.0485781 0.732562 0.0426202
16 0.647993 0.0399207 0.683832 0.032417
17 0.628385 0.0290351 0.666289 0.020704
18 0.606235 0.0177437 0.646022 0.0105405
19 0.574282 0.00985211 0.616984 0.00599119
20 0.542328 0.0216544 0.587946 0.0209091
21 0.516827 0.0231806 0.565094 0.0213587
22 0.49722 0.0427605 0.54755 0.0380039
23 0.481243 0.0499417 0.533031 0.0450414
24 0.47507 0.047981 0.527284 0.0442077
25 0.47507 0.047981 0.527284 0.0442077
26 0.449569 0.0492335 0.504431 0.0449
27 0.437224 0.0467159 0.492937 0.0447312
28 0.401919 0.0565967 0.461313 0.0524595
29 0.395746 0.0556156 0.455566 0.0525439
30 0.354549 0.0479608 0.418633 0.0456445
31 0.335502 0.0353992 0.401966 0.0317029
32 0.335502 0.0353992 0.401966 0.0317029
33 0.316174 0.0412124 0.384861 0.0346869
34 0.310001 0.0374436 0.379114 0.0327098
35 0.303828 0.0343772 0.373367 0.0316661
36 0.287851 0.0417764 0.358848 0.0391562
37 0.272155 0.0335407 0.344767 0.0319062
38 0.240761 0.0174503 0.316606 0.0177507
39 0.230958 0.0272503 0.307834 0.0251006
40 0.230958 0.0272503 0.307834 0.0251006
41 0.215261 0.0197107 0.293754 0.0178552
42 0.205457 0.0294097 0.284982 0.0257709
43 0.199284 0.0261769 0.279235 0.0255048
44 0.179956 0.0318083 0.262129 0.0267259
45 0.173784 0.0280886 0.256382 0.0258531
46 0.16398 0.0378873 0.24761 0.0338759
47 0.16398 0.0378873 0.24761 0.0338759
48 0.16398 0.0378873 0.24761 0.0338759
49 0.16398 0.0378873 0.24761 0.0338759
50 0.16398 0.0378873 0.24761 0.0338759
51 0.157807 0.0350477 0.241863 0.0334264
52 0.157807 0.0350477 0.241863 0.0334264
53 0.157807 0.0350477 0.241863 0.0334264
54 0.157807 0.0350477 0.241863 0.0334264
55 0.157807 0.0350477 0.241863 0.0334264
56 0.148283 0.0302854 0.23353 0.0265009
57 0.148283 0.0302854 0.23353 0.0265009
58 0.138759 0.0280619 0.225197 0.0206436
59 0.132586 0.0232163 0.219449 0.0191359
60 0.123063 0.0230626 0.211116 0.0134551
70 0.101193 0.0142369 0.191289 0.00463062
80 0.0756925 0.017716 0.168436 0.00532333
90 0.0476502 0.00958591 0.142861 0.0113177
100 0.0476502 0.00958591 0.142861 0.0113177
110 0.0476502 0.00958591 0.142861 0.0113177
120 0.0476502 0.00958591 0.142861 0.0113177
130 0.0476502 0.00958591 0.142861 0.0113177
140 0.0381264 0.0190865 0.134528 0.0117494
150 0.0381264 0.0190865 0.134528 0.0117494
160 0.0381264 0.0190865 0.134528 0.0117494
170 0.0381264 0.0190865 0.134528 0.0117494
180 0.0319535 0.0171701 0.128781 0.0158306
190 0.0257807 0.0173648 0.123034 0.0207178
200 0.0257807 0.0173648 0.123034 0.0207178
210 0.0257807 0.0173648 0.123034 0.0207178
220 0.0257807 0.0173648 0.123034 0.0207178
230 0.0159768 0.00858503 0.114262 0.0141555
240 0.0159768 0.00858503 0.114262 0.0141555
250 0.0159768 0.00858503 0.114262 0.0141555
260 0.0159768 0.00858503 0.114262 0.0141555
270 0.0159768 0.00858503 0.114262 0.0141555
280 0.0159768 0.00858503 0.114262 0.0141555
290 0.00617284 0.00617284 0.10549 0.0111992
300 0.00617284 0.00617284 0.10549 0.0111992
310 0.00617284 0.00617284 0.10549 0.0111992
320 0.00617284 0.00617284 0.10549 0.0111992
330 0.00617284 0.00617284 0.10549 0.0111992
340 0.00617284 0.00617284 0.10549 0.0111992
350 0.00617284 0.00617284 0.10549 0.0111992
360 0.00617284 0.00617284 0.10549 0.0111992
370 0.00617284 0.00617284 0.10549 0.0111992
380 0.00617284 0.00617284 0.10549 0.0111992
390 0.00617284 0.00617284 0.10549 0.0111992
400 0.00617284 0.00617284 0.10549 0.0111992
410 0.00617284 0.00617284 0.10549 0.0111992
420 0.00617284 0.00617284 0.10549 0.0111992
430 0.00617284 0.00617284 0.10549 0.0111992
440 0.00617284 0.00617284 0.10549 0.0111992
450 0.00617284 0.00617284 0.10549 0.0111992
460 0.00617284 0.00617284 0.10549 0.0111992
470 0.00617284 0.00617284 0.10549 0.0111992
480 0.00617284 0.00617284 0.10549 0.0111992
490 0.00617284 0.00617284 0.10549 0.0111992
500 0.00617284 0.00617284 0.10549 0.0111992
510 0.00617284 0.00617284 0.10549 0.0111992
520 0.00617284 0.00617284 0.10549 0.0111992
530 0.00617284 0.00617284 0.10549 0.0111992
540 0.00617284 0.00617284 0.10549 0.0111992
550 0.00617284 0.00617284 0.10549 0.0111992
560 0.00617284 0.00617284 0.10549 0.0111992
570 0.00617284 0.00617284 0.10549 0.0111992
580 0.00617284 0.00617284 0.10549 0.0111992
590 0.00617284 0.00617284 0.10549 0.0111992
600 0.00617284 0.00617284 0.10549 0.0111992
610 0.00617284 0.00617284 0.10549 0.0111992
620 0.00617284 0.00617284 0.10549 0.0111992
630 0.00617284 0.00617284 0.10549 0.0111992
640 0.00617284 0.00617284 0.10549 0.0111992
650 0.00617284 0.00617284 0.10549 0.0111992
660 0.00617284 0.00617284 0.10549 0.0111992
670 0.00617284 0.00617284 0.10549 0.0111992
680 0.00617284 0.00617284 0.10549 0.0111992
690 0.00617284 0.00617284 0.10549 0.0111992
700 0.00617284 0.00617284 0.10549 0.0111992
710 0.00617284 0.00617284 0.10549 0.0111992
720 0.00617284 0.00617284 0.10549 0.0111992
730 0.00617284 0.00617284 0.10549 0.0111992
740 0.00617284 0.00617284 0.10549 0.0111992
750 0.00617284 0.00617284 0.10549 0.0111992
760 0.00617284 0.00617284 0.10549 0.0111992
770 0.00617284 0.00617284 0.10549 0.0111992
780 0.00617284 0.00617284 0.10549 0.0111992
790 0.00617284 0.00617284 0.10549 0.0111992
800 0.00617284 0.00617284 0.10549 0.0111992
810 0.00617284 0.00617284 0.10549 0.0111992
820 0.00617284 0.00617284 0.10549 0.0111992
830 0.00617284 0.00617284 0.10549 0.0111992
840 0.00617284 0.00617284 0.10549 0.0111992
850 0.00617284 0.00617284 0.10549 0.0111992
860 0.00617284 0.00617284 0.10549 0.0111992
870 0.00617284 0.00617284 0.10549 0.0111992
880 0.00617284 0.00617284 0.10549 0.0111992
890 0.00617284 0.00617284 0.10549 0.0111992
900 0.00617284 0.00617284 0.10549 0.0111992
910 0.00617284 0.00617284 0.10549 0.0111992
920 0.00617284 0.00617284 0.10549 0.0111992
930 0.00617284 0.00617284 0.10549 0.0111992
940 0.00617284 0.00617284 0.10549 0.0111992
950 0.00617284 0.00617284 0.10549 0.0111992
960 0.00617284 0.00617284 0.10549 0.0111992
970 0.00617284 0.00617284 0.10549 0.0111992
980 0.00617284 0.00617284 0.10549 0.0111992
990 0.00617284 0.00617284 0.10549 0.0111992
1000 0.00617284 0.00617284 0.10549 0.0111992
1010 0.00617284 0.00617284 0.10549 0.0111992
1020 0.00617284 0.00617284 0.10549 0.0111992
1030 0.00617284 0.00617284 0.10549 0.0111992
1040 0.00617284 0.00617284 0.10549 0.0111992
1050 0.00617284 0.00617284 0.10549 0.0111992
1060 0.00617284 0.00617284 0.10549 0.0111992
1070 0.00617284 0.00617284 0.10549 0.0111992
1080 0.00617284 0.00617284 0.10549 0.0111992
1090 0.00617284 0.00617284 0.10549 0.0111992
1100 0.00617284 0.00617284 0.10549 0.0111992
1110 0.00617284 0.00617284 0.10549 0.0111992
1120 0.00617284 0.00617284 0.10549 0.0111992
1130 0.00617284 0.00617284 0.10549 0.0111992
1140 0.00617284 0.00617284 0.10549 0.0111992
1150 0.00617284 0.00617284 0.10549 0.0111992
1160 0 0 0.0997429 0.0164096
1170 0 0 0.0997429 0.0164096
1180 0 0 0.0997429 0.0164096
1190 0 0 0.0997429 0.0164096
1200 0 0 0.0997429 0.0164096
1210 0 0 0.0997429 0.0164096
1220 0 0 0.0997429 0.0164096
1230 0 0 0.0997429 0.0164096
1240 0 0 0.0997429 0.0164096
1250 0 0 0.0997429 0.0164096
1260 0 0 0.0997429 0.0164096
1270 0 0 0.0997429 0.0164096
1280 0 0 0.0997429 0.0164096
1290 0 0 0.0997429 0.0164096
1300 0 0 0.0997429 0.0164096
1310 0 0 0.0997429 0.0164096
1320 0 0 0.0997429 0.0164096
1330 0 0 0.0997429 0.0164096
1340 0 0 0.0997429 0.0164096
1350 0 0 0.0997429 0.0164096
1360 0 0 0.0997429 0.0164096
1370 0 0 0.0997429 0.0164096
1380 0 0 0.0997429 0.0164096
1390 0 0 0.0997429 0.0164096
1400 0 0 0.0997429 0.0164096
1410 0 0 0.0997429 0.0164096
1420 0 0 0.0997429 0.0164096
1430 0 0 0.0997429 0.0164096
1440 0 0 0.0997429 0.0164096


Time || Bleached_RelInit SEM_RelInit
1 0 0.0565854
2 0 0.085925
3 0 0.0867919
4 0 0.0744099
5 0.0126906 0.0924744
6 0.0511643 0.097826
7 0.0778949 0.0853675
8 0.0858049 0.0894742
9 0.0941313 0.101362
10 0.0941313 0.102095
11 0.0941313 0.098791
12 0.102041 0.0906537
13 0.109951 0.094639
14 0.109951 0.094639
15 0.129188 0.0723493
16 0.151296 0.0712075
17 0.162207 0.0675204
18 0.197393 0.0837231
19 0.205719 0.0976034
20 0.222372 0.110101
21 0.236154 0.108387
22 0.252807 0.0861981
23 0.261133 0.080742
24 0.266588 0.0847381
25 0.274498 0.0856441
26 0.28828 0.0718373
27 0.28828 0.0718373
28 0.291151 0.0739659
29 0.291151 0.0738663
30 0.302062 0.0717156
40 0.375592 0.119715
50 0.439045 0.102625
60 0.529099 0.129741
70 0.550504 0.1281
80 0.623618 0.116149
90 0.612966 0.132477
100 0.654311 0.143006
110 0.706853 0.161681
120 0.721051 0.172391
130 0.731416 0.161526
140 0.755979 0.161744
150 0.75885 0.176426
160 0.809986 0.164098
170 0.809699 0.152821
180 0.836717 0.137578
190 0.841755 0.146673
200 0.866735 0.177716
210 0.866318 0.177434
220 0.874645 0.173919
230 0.861279 0.180472
240 0.902079 0.181394
250 0.864021 0.173157
260 0.906988 0.169977
270 0.939174 0.148002
280 0.933719 0.118663
290 0.949539 0.113348
300 0.954994 0.130652
310 0.946668 0.115398
320 0.967527 0.102555
330 1 0.0888897
340 0.98418 0.0879986
350 0.981179 0.100311
360 0.97202 0.0901942
370 0.9562 0.0847707
380 0.969566 0.0749581
390 0.979931 0.086554
400 0.982098 0.0890941
410 0.971188 0.0852196
420 0.971188 0.0852196
430 0.971188 0.0942544
440 0.971188 0.09982
450 0.979098 0.0963238
460 0.957277 0.105054
470 0.944457 0.0946945
480 0.935714 0.105208
490 0.930259 0.116124
500 0.935714 0.112872
510 0.935714 0.112872
520 0.919349 0.113899
530 0.892331 0.0965048
540 0.867639 0.0996099
550 0.824801 0.0876267
560 0.857274 0.0924131
570 0.865601 0.109476
630 0.847196 0.073072
690 0.847196 0.0737805
750 0.78337 0.0746302
810 0.745184 0.0810675
870 0.670993 0.110419
930 0.561831 0.103278
990 0.536851 0.0953196
1050 0.506704 0.0861165
1110 0.435758 0.0810148
1170 0.396451 0.0789349
1230 0.353068 0.0812043
1290 0.319762 0.102854
1350 0.292199 0.110748
1410 0.281289 0.113288
1470 0.281289 0.113288
1530 0.237905 0.115268
1590 0.216084 0.110968
1650 0.156048 0.125405
1710 0.145138 0.12369
1770 0.0750237 0.113328
1830 0.0433834 0.0968802
1890 0.0433834 0.0968802
1950 0.0109104 0.103872
2010 0 0.100678
2070 0 0.0938521
2130 0 0.111841
2190 0 0.100393
2250 0 0.0799996
2310 0 0.0909601
2370 0 0.0909601
2430 0 0.0811127
2490 0 0.0925341
2550 0 0.0907014
2610 0 0.0943883
2670 0 0.0919626
2730 0 0.104512
2790 0 0.104512
2850 0 0.104512
2910 0 0.104512
2970 0 0.104512
3030 0 0.102602
3090 0 0.102602
3150 0 0.102602
3210 0 0.102602
3270 0 0.102602
3330 0 0.0935162
3390 0 0.0935162
3450 0 0.086394
3510 0 0.0834334
3570 0 0.0775095
4170 0 0.0676248
4770 0 0.0690209
5370 0 0.0630662
5970 0 0.0630662
6570 0 0.0630662
7170 0 0.0630662
7770 0 0.0630662
8370 0 0.0610497
8970 0 0.0610497
9570 0 0.0652056
10170 0 0.0708135
10770 0 0.0685677
11370 0 0.0676941
11970 0 0.0676941
12570 0 0.0676941
13170 0 0.0635219
13770 0 0.0613002
14370 0 0.0613002
14970 0 0.0613002
15570 0 0.0613587
16170 0 0.0613587
16770 0 0.0613587
17370 0 0.0590557
17970 0 0.0590557
18570 0 0.0590557
19170 0 0.0590557
19770 0 0.0590557
20370 0 0.0590557
20970 0 0.0590557
21570 0 0.0590557
22170 0 0.0590557
22770 0 0.0590557
23370 0 0.0590557
23970 0 0.0590557
24570 0 0.0590557
25170 0 0.0590557
25770 0 0.0590557
26370 0 0.0590557
26970 0 0.0590557
27570 0 0.0590557
28170 0 0.0590557
28770 0 0.0590557
29370 0 0.0590557
29970 0 0.0590557
30570 0 0.0590557
31170 0 0.0590557
31770 0 0.0590557
32370 0 0.0590557
32970 0 0.0590557
33570 0 0.0590557
34170 0 0.0590557
34770 0 0.0590557
35370 0 0.0590557
35970 0 0.0590557
36570 0 0.0590557
37170 0 0.0590557
37770 0 0.0590557
38370 0 0.0590557
38970 0 0.0590557
39570 0 0.0590557
40170 0 0.0590557
40770 0 0.0590557
41370 0 0.0590557
41970 0 0.0590557
42570 0 0.0590557
43170 0 0.0590557
43770 0 0.0590557
44370 0 0.0590557
44970 0 0.0590557
45570 0 0.0590557
46170 0 0.0590557
46770 0 0.0590557
47370 0 0.0590557
47970 0 0.0590557
48570 0 0.0590557
49170 0 0.0590557
49770 0 0.0590557
50370 0 0.0590557
50970 0 0.0590557
51570 0 0.0590557
52170 0 0.0590557
52770 0 0.0590557
53370 0 0.0590557
53970 0 0.0590557
54570 0 0.0590557
55170 0 0.0590557
55770 0 0.0590557
56370 0 0.0590557
56970 0 0.0590557
57570 0 0.0590557
58170 0 0.0590557
58770 0 0.0590557
59370 0 0.0590557
59970 0 0.0590557
60570 0 0.0590557
61170 0 0.0590557
61770 0 0.0590557
62370 0 0.0590557
62970 0 0.0590557
63570 0 0.0590557
64170 0 0.0590557
64770 0 0.0590557
65370 0 0.0590557
65970 0 0.0590557
66570 0 0.0590557
67170 0 0.0590557
67770 0 0.0590557
68370 0 0.0631711
68970 0 0.0631711
69570 0 0.0622218
70170 0 0.0622218
70770 0 0.0622218
71370 0 0.0622218
71970 0 0.0622218
72570 0 0.0622218
73170 0 0.0622218
73770 0 0.0622218
74370 0 0.0622218
74970 0 0.0622218
75570 0 0.0622218
76170 0 0.0622218
76770 0 0.0622218
77370 0 0.0622218
77970 0 0.0622218
78570 0 0.0622218
79170 0 0.0622218
79770 0 0.0622218
80370 0 0.0622218
80970 0 0.0622218
81570 0 0.0622218
82170 0 0.0622218
82770 0 0.0622218
83370 0 0.0622218
83970 0 0.0622218
84570 0 0.0622218
85170 0 0.0622218
85770 0 0.0622218
86370 0 0.0622218


Original_Seperation_of_Misrepair
# Separation (nm) | Normalised Frequency
2.6 0.371429
5.2 1
7.8 0.828571
10.4 0.2


Time_of_Misrepair_Interactions
# Time of Interaction (s) | Normalised Frequency
1 0.5625
2.00001 1
3.00001 0.6875
4.00002 0.3125
5.00002 0.25
6.00003 0.125
7.00003 0.3125
8.00004 0.125
9.00004 0.0625
10 0.1875
11.0001 0.125
12.0001 0.125
13.0001 0.0625
14.0001 0.25
18.0001 0.125
19.0001 0.0625
21.0001 0.125
22.0001 0.0625
23.0001 0.0625
25.0001 0.0625
26.0001 0.0625
28.0001 0.0625
29.0001 0.0625
30.0001 0.0625
32.0001 0.0625
35.0002 0.0625
36.0002 0.125
37.0002 0.0625
40.0002 0.0625
46.0002 0.0625
47.0002 0.0625
48.0002 0.25
52.0002 0.125
53.0002 0.0625
54.0002 0.0625
55.0003 0.125
56.0003 0.0625
58.0003 0.0625
61.0003 0.0625
62.0003 0.0625
63.0003 0.0625
66.0003 0.0625
67.0003 0.0625
77.0004 0.0625
79.0004 0.0625
83.0004 0.0625
85.0004 0.125
87.0004 0.0625
88.0004 0.125
98.0005 0.0625
101 0.0625
102 0.0625
104 0.0625
106 0.0625
110.001 0.0625
111.001 0.125
113.001 0.0625
118.001 0.0625
123.001 0.1875
125.001 0.0625
132.001 0.0625
133.001 0.0625
134.001 0.0625
136.001 0.0625
137.001 0.0625
138.001 0.0625
140.001 0.0625
145.001 0.0625
149.001 0.0625
152.001 0.125
153.001 0.0625
154.001 0.0625
155.001 0.0625
159.001 0.0625
162.001 0.0625
164.001 0.0625
170.001 0.0625
171.001 0.125
173.001 0.0625
181.001 0.0625
184.001 0.0625
185.001 0.0625
186.001 0.0625
187.001 0.125
192.001 0.0625
196.001 0.0625
199.001 0.0625
200.001 0.0625
202.001 0.0625
206.001 0.0625
210.001 0.0625
214.001 0.0625
218.001 0.0625
228.001 0.0625
229.001 0.0625
231.001 0.125
232.001 0.0625
234.001 0.0625
238.001 0.0625
242.001 0.0625
255.001 0.0625
262.001 0.125
281.001 0.0625
282.001 0.0625
283.001 0.0625
284.001 0.0625
286.001 0.0625
287.001 0.0625
293.001 0.0625
298.001 0.0625
300.001 0.125
311.001 0.0625
319.001 0.0625
332.002 0.0625
335.002 0.0625
338.002 0.0625
340.002 0.0625
344.002 0.0625
345.002 0.0625
356.002 0.0625
360.002 0.0625
377.002 0.0625
379.002 0.125
389.002 0.0625
390.002 0.125
394.002 0.0625
408.002 0.0625
412.002 0.0625
413.002 0.0625
418.002 0.0625
424.002 0.0625
502.002 0.0625
530.002 0.0625
582.003 0.125
588.003 0.0625
597.003 0.0625
615.003 0.0625
621.003 0.0625
629.003 0.0625
638.003 0.0625
639.003 0.0625
648.003 0.0625
659.003 0.0625
771.004 0.0625
784.004 0.0625
797.004 0.0625
804.004 0.0625
1021 0.0625
1023 0.0625
1069 0.0625
1146.01 0.0625
9021.04 0.0625
9043.04 0.0625
9107.04 0.0625
10141 0.0625
10318 0.0625
10599 0.0625
13090.1 0.0625
13387.1 0.0625
15545.1 0.0625
15809.1 0.0625
67948.3 0.0625
68104.3 0.0625


MSD_of_DSB
# Time (s) | MSD


Displacement_at_End
# Displacement (nm) | Normalised Frequency
78 0.166667
83.2 0.166667
85.8 0.166667
96.2 0.333333
111.8 0.166667
122.2 0.166667
127.4 0.333333
130 0.666667
135.2 0.166667
166.4 0.166667
169 0.166667
182 0.333333
187.2 0.333333
192.4 0.166667
197.6 0.166667
200.2 0.166667
205.4 0.166667
210.6 0.166667
213.2 0.166667
215.8 0.333333
247 0.5
249.6 0.166667
252.2 0.166667
260 0.166667
262.6 0.166667
267.8 0.333333
275.6 0.333333
278.2 0.166667
286 0.333333
288.6 1
293.8 0.5
314.6 0.333333
327.6 0.166667
330.2 0.166667
369.2 0.166667
371.8 0.333333
374.4 0.166667
392.6 0.333333
410.8 0.333333
416 0.333333
421.2 0.333333
447.2 0.333333
449.8 0.166667
455 0.333333
460.2 0.166667
462.8 0.166667
465.4 0.166667
478.4 0.166667
481 0.333333
483.6 0.166667
499.2 0.166667
501.8 0.166667
504.4 0.333333
507 0.333333
509.6 0.333333
522.6 0.5
530.4 0.166667
543.4 0.166667
548.6 0.166667
553.8 0.333333
556.4 0.166667
559 0.166667
566.8 1
572 0.333333
577.2 0.166667
579.8 0.166667
600.6 0.166667
603.2 0.166667
605.8 0.333333
611 0.166667
613.6 0.166667
616.2 0.166667
618.8 0.5
624 0.5
626.6 0.166667
652.6 0.166667
660.4 0.166667
663 0.333333
720.2 0.166667
725.4 0.166667
738.4 0.166667
741 0.166667
743.6 0.166667
746.2 0.166667
748.8 0.166667
751.4 0.166667
780 0.166667
785.2 0.166667
793 0.333333
795.6 0.166667
798.2 0.166667
800.8 0.333333
811.2 0.166667
813.8 0.166667
829.4 0.166667
832 0.5
855.4 0.333333
868.4 0.5
873.6 0.166667
891.8 0.333333
894.4 0.333333
904.8 0.166667
907.4 0.166667
951.6 0.166667
972.4 0.166667
975 0.166667
995.8 0.166667
1001 0.166667
1003.6 0.166667
1006.2 0.333333
1024.4 0.166667
1027 0.166667
1032.2 0.333333
1055.6 0.166667
1068.6 0.333333
1071.2 0.166667
1076.4 0.166667
1102.4 0.333333
1149.2 0.166667
1154.4 0.166667
1159.6 0.166667
1162.2 0.166667
1164.8 0.333333
1167.4 0.166667
1190.8 0.333333
1196 0.333333
1209 0.166667
1211.6 0.166667
1216.8 0.833333
1237.6 0.333333
1242.8 0.166667
1248 0.166667
1250.6 0.166667
1268.8 0.666667
1281.8 0.166667
1284.4 0.166667
1297.4 0.333333
1307.8 0.333333
1310.4 0.166667
1326 0.166667
1331.2 0.166667
1333.8 0.166667
1344.2 0.666667
1383.2 0.166667
1396.2 0.166667
1417 0.5
1419.6 0.166667
1448.2 0.333333
1450.8 0.333333
1453.4 0.166667
1463.8 0.166667
1466.4 0.166667
1482 0.166667
1489.8 0.166667
1523.6 0.666667
1528.8 0.333333
1531.4 0.166667
1536.6 0.166667
1643.2 0.166667
1645.8 0.166667
1648.4 0.333333
1661.4 0.333333
1674.4 0.166667
1677 0.166667
1679.6 0.333333
1744.6 0.333333
1749.8 0.333333
1861.6 0.166667
1882.4 0.166667
1885 0.166667
2041 0.333333
2059.2 0.166667
2098.2 0.166667
2100.8 0.166667
2212.6 0.166667
2217.8 0.166667
2264.6 0.166667
2267.2 0.166667
2360.8 0.333333
2363.4 0.333333


Displacement_of_ResidualEnds
78 1
111.8 1
252.2 1
278.2 1
286 1
449.8 1
465.4 1
577.2 1
579.8 1
624 1
626.6 1
652.6 1
660.4 1
951.6 1
1003.6 1
1055.6 1
1167.4 1
1216.8 1
1242.8 1
1310.4 1
1326 1
1383.2 1
1396.2 1
1453.4 1
1861.6 1
2059.2 1


Displacement_of_ResidualSyn


