#Time | Normalised to Self | SEM_NTS | Normalised to Initial DSBs | SEM_NTI
Ku_Recruitment
0 0 0
0.0166667 0.393274 0.0196705
0.0333333 0.489772 0.0148455
0.05 0.563976 0.0220512
0.0666667 0.620838 0.0302681
0.0833333 0.64486 0.0228771
0.1 0.685921 0.0215321
0.116667 0.711632 0.0164769
0.133333 0.749465 0.0210505
0.15 0.78272 0.0213478
0.166667 0.804451 0.0169834
0.183333 0.822355 0.0150368
0.2 0.839808 0.0181334
0.216667 0.847877 0.0181584
0.233333 0.862553 0.0161334
0.25 0.87554 0.0176387
0.266667 0.884472 0.0171323
0.283333 0.885974 0.0270228
0.3 0.897271 0.0348248
0.316667 0.899035 0.0362904
0.333333 0.908043 0.0415475
0.35 0.915888 0.0414996
0.366667 0.925234 0.0472654
0.383333 0.91814 0.0504489
0.4 0.933003 0.0443671
0.416667 0.93503 0.0398491
0.433333 0.934354 0.0449279
0.45 0.934805 0.035021
0.466667 0.949818 0.0277215
0.483333 0.956461 0.0286268
0.5 0.956649 0.0281843
0.516667 0.956912 0.0291962
0.533333 0.968209 0.0318008
0.55 0.968059 0.0316666
0.566667 0.968472 0.0383865
0.583333 0.964681 0.0386396
0.6 0.955485 0.0353856
0.616667 0.977067 0.0278751
0.633333 0.979169 0.0297817
0.65 0.983373 0.0322884
0.666667 0.989866 0.0275179
0.683333 0.993995 0.0307671
0.7 0.987614 0.0269104
0.716667 0.989378 0.0194436
0.733333 0.993507 0.0231972
0.75 1 0.022479
0.766667 0.995946 0.0252543
0.783333 0.997973 0.020021
0.8 0.98904 0.0183967
0.816667 0.986863 0.0184312
0.833333 0.986938 0.0232234
0.85 0.987276 0.0409359
0.866667 0.983298 0.0476009
0.883333 0.987351 0.0412921
0.9 0.984912 0.0363685
0.916667 0.989115 0.0381627
0.933333 0.994933 0.0381562
0.95 0.995121 0.0329175
0.966667 0.994858 0.032751
0.983333 0.995196 0.0328737
1 0.999662 0.0329011


PKcs_Recruitment
0 0 0
0.0166667 0.166149 0.0184906
0.0333333 0.32098 0.00915759
0.05 0.424667 0.0206221
0.0666667 0.519988 0.020642
0.0833333 0.585819 0.0146325
0.1 0.62553 0.016417
0.116667 0.674629 0.0161546
0.133333 0.71964 0.0125811
0.15 0.760902 0.0172264
0.166667 0.781193 0.0155296
0.183333 0.802809 0.0133127
0.2 0.820412 0.0167844
0.216667 0.826961 0.0141359
0.233333 0.846419 0.0154612
0.25 0.861296 0.0176731
0.266667 0.874659 0.015533
0.283333 0.889423 0.0271753
0.3 0.889499 0.0349962
0.316667 0.893057 0.0358344
0.333333 0.898584 0.0418781
0.35 0.900439 0.040689
0.366667 0.917853 0.0470429
0.383333 0.908313 0.0500915
0.4 0.923645 0.0438165
0.416667 0.930118 0.0395569
0.433333 0.925008 0.044394
0.45 0.923342 0.0346042
0.466667 0.931859 0.027731
0.483333 0.953892 0.0285722
0.5 0.956201 0.0283527
0.516667 0.96063 0.0293599
0.533333 0.956541 0.0317215
0.55 0.9654 0.0318497
0.566667 0.970586 0.038554
0.583333 0.959873 0.0389667
0.6 0.961576 0.0356267
0.616667 0.96574 0.0278427
0.633333 0.970321 0.0300007
0.65 0.983154 0.0325015
0.666667 0.985804 0.0267648
0.683333 0.994208 0.0307505
0.7 0.985728 0.0265911
0.716667 0.984971 0.0185807
0.733333 0.993035 0.0229541
0.75 0.999659 0.0225122
0.766667 1 0.0253705
0.783333 0.998145 0.0193942
0.8 0.986485 0.0183852
0.816667 0.98217 0.0182012
0.833333 0.979861 0.0229335
0.85 0.984517 0.0408168
0.866667 0.978725 0.0478797
0.883333 0.982813 0.0414967
0.9 0.982662 0.0366377
0.916667 0.991255 0.0379616
0.933333 0.992845 0.0382873
0.95 0.999243 0.0331251
0.966667 0.994473 0.0329228
0.983333 0.99277 0.0330704
1 0.999319 0.0330747


XRCC4_Recruitment
0 0 0
0.0166667 0 0
0.0333333 0 0
0.05 0.00800407 0.00800407
0.0666667 0.0148647 0.00749802
0.0833333 0.0217253 0.0119378
0.1 0.03659 0.0187189
0.116667 0.03659 0.0187189
0.133333 0.03659 0.0187189
0.15 0.0445941 0.0224941
0.166667 0.0585694 0.0188482
0.183333 0.0585694 0.0188482
0.2 0.0585694 0.0188482
0.216667 0.0585694 0.0188482
0.233333 0.0585694 0.0188482
0.25 0.0725448 0.0173862
0.266667 0.0805489 0.0190336
0.283333 0.0874095 0.0237224
0.3 0.0942701 0.0292808
0.316667 0.0942701 0.0292808
0.333333 0.0942701 0.0292808
0.35 0.101385 0.0232593
0.366667 0.123364 0.0229452
0.383333 0.131368 0.023751
0.4 0.131368 0.023751
0.416667 0.131368 0.023751
0.433333 0.139372 0.027016
0.45 0.139372 0.027016
0.466667 0.139372 0.027016
0.483333 0.139372 0.027016
0.5 0.146233 0.0308284
0.516667 0.153094 0.0355675
0.533333 0.153094 0.0355675
0.55 0.153094 0.0355675
0.566667 0.153094 0.0355675
0.583333 0.167069 0.0345523
0.6 0.167069 0.0345523
0.616667 0.174184 0.0285504
0.633333 0.174184 0.0285504
0.65 0.174184 0.0285504
0.666667 0.181298 0.0231866
0.683333 0.195274 0.0258659
0.7 0.202389 0.0233497
0.716667 0.202389 0.0233497
0.733333 0.209249 0.0299703
0.75 0.217253 0.0251556
0.766667 0.231229 0.0291183
0.783333 0.247237 0.0218568
0.8 0.247237 0.0218568
0.816667 0.254097 0.0283805
0.833333 0.268073 0.0306574
0.85 0.281794 0.0443667
0.866667 0.281794 0.0443667
0.883333 0.281794 0.0443667
0.9 0.281794 0.0443667
0.916667 0.281794 0.0443667
0.933333 0.281794 0.0443667
0.95 0.281794 0.0443667
0.966667 0.281794 0.0443667
0.983333 0.297802 0.0394661
1 0.297802 0.0394661
1.16667 0.318638 0.0474094
1.33333 0.370347 0.0567819
1.5 0.414306 0.0561967
1.66667 0.466523 0.0441077
1.83333 0.474527 0.0460367
2 0.524076 0.0159854
2.16667 0.569178 0.00711472
2.33333 0.611993 0.0130452
2.5 0.639944 0.0227765
2.66667 0.690128 0.0329416
2.83333 0.718714 0.0387773
3 0.757845 0.0121576
3.16667 0.831788 0.0104017
3.33333 0.838648 0.0154295
3.5 0.861771 0.0162289
3.66667 0.869521 0.030276
3.83333 0.884386 0.0377215
4 0.88464 0.0300381
4.16667 0.898361 0.0331027
4.33333 0.949181 0.0370479
4.5 0.962902 0.045744
4.66667 0.962012 0.0382971
4.83333 1 0.0413974
5 1 0.0413974


DSB_Residual
0 -82.4727 -0 1 0
0.0166667 -82.4727 -0 1 0
0.0333333 -82.4727 -0 1 0
0.05 -82.4727 -0 1 0
0.0666667 -82.4727 -0 1 0
0.0833333 -82.4727 -0 1 0
0.1 -82.4727 -0 1 0
0.116667 -82.4727 -0 1 0
0.133333 -82.4727 -0 1 0
0.15 -82.4727 -0 1 0
0.166667 -82.4727 -0 1 0
0.183333 -82.4727 -0 1 0
0.2 -82.4727 -0 1 0
0.216667 -82.4727 -0 1 0
0.233333 -82.4727 -0 1 0
0.25 -82.4727 -0 1 0
0.266667 -82.4727 -0 1 0
0.283333 -82.4727 -0 1 0
0.3 -82.4727 -0 1 0
0.316667 -82.4727 -0 1 0
0.333333 -82.4727 -0 1 0
0.35 -82.4727 -0 1 0
0.366667 -82.4727 -0 1 0
0.383333 -82.4727 -0 1 0
0.4 -82.4727 -0 1 0
0.416667 -82.4727 -0 1 0
0.433333 -82.4727 -0 1 0
0.45 -82.4727 -0 1 0
0.466667 -82.4727 -0 1 0
0.483333 -82.4727 -0 1 0
0.5 -82.4727 -0 1 0
0.516667 -82.4727 -0 1 0
0.533333 -82.4727 -0 1 0
0.55 -82.4727 -0 1 0
0.566667 -82.4727 -0 1 0
0.583333 -82.4727 -0 1 0
0.6 -82.4727 -0 1 0
0.616667 -82.4727 -0 1 0
0.633333 -82.4727 -0 1 0
0.65 -82.4727 -0 1 0
0.666667 -82.4727 -0 1 0
0.683333 -82.4727 -0 1 0
0.7 -82.4727 -0 1 0
0.716667 -82.4727 -0 1 0
0.733333 -82.4727 -0 1 0
0.75 -82.4727 -0 1 0
0.766667 -82.4727 -0 1 0
0.783333 -82.4727 -0 1 0
0.8 -82.4727 -0 1 0
0.816667 -82.4727 -0 1 0
0.833333 -82.4727 -0 1 0
0.85 -82.4727 -0 1 0
0.866667 -82.4727 -0 1 0
0.883333 -82.4727 -0 1 0
0.9 -82.4727 -0 1 0
0.916667 -82.4727 -0 1 0
0.933333 -82.4727 -0 1 0
0.95 -82.4727 -0 1 0
0.966667 -82.4727 -0 1 0
0.983333 -82.4727 -0 1 0
1 -82.4727 -0 1 0
1.16667 -82.1455 -0.327273 0.996032 0.00396825
1.33333 -81.7636 -0.357678 0.991402 0.00433693
1.5 -81.7636 -0.357678 0.991402 0.00433693
1.66667 -81.3818 -0.663574 0.986772 0.00804598
1.83333 -80.7152 -0.381578 0.978689 0.00462671
2 -80.3758 -0.0992164 0.974574 0.00120302
2.16667 -80.3758 -0.0992164 0.974574 0.00120302
2.33333 -80.3758 -0.0992164 0.974574 0.00120302
2.5 -79.9939 -0.479248 0.969944 0.00581099
2.66667 -79.6667 -0.410111 0.965976 0.00497269
2.83333 -79.3394 -0.566496 0.962008 0.00686889
3 -79.3394 -0.566496 0.962008 0.00686889
3.16667 -79.0121 -0.829374 0.958039 0.0100563
3.33333 -79.0121 -0.829374 0.958039 0.0100563
3.5 -78.6727 -0.565393 0.953924 0.00685552
3.66667 -78.3333 -0.426445 0.949809 0.00517073
3.83333 -78.3333 -0.426445 0.949809 0.00517073
4 -77.3394 -0.99222 0.937757 0.0120309
4.16667 -77.3394 -0.99222 0.937757 0.0120309
4.33333 -77.3394 -0.99222 0.937757 0.0120309
4.5 -77 -1.04177 0.933642 0.0126317
4.66667 -75.897 -0.430559 0.920267 0.00522062
4.83333 -75.897 -0.430559 0.920267 0.00522062
5 -74.8485 -0.385027 0.907554 0.00466854
5.16667 -74.1394 -0.254184 0.898956 0.00308204
5.33333 -74.1394 -0.254184 0.898956 0.00308204
5.5 -73.8 -0.340636 0.894841 0.00413029
5.66667 -73.4727 -0.526017 0.890873 0.00637808
5.83333 -73.0909 -0.218182 0.886243 0.0026455
6 -73.0909 -0.218182 0.886243 0.0026455
6.16667 -72.3697 -0.147087 0.877499 0.00178346
6.33333 -71.9879 -0.496082 0.872869 0.0060151
6.5 -71.3333 -0.48802 0.864932 0.00591735
6.66667 -70.6545 -0.221191 0.856702 0.00268199
6.83333 -70.3152 -0.547605 0.852587 0.00663983
7 -70.3152 -0.547605 0.852587 0.00663983
7.16667 -69.9758 -0.883852 0.848471 0.0107169
7.33333 -69.6485 -0.808858 0.844503 0.00980758
7.5 -69.6485 -0.808858 0.844503 0.00980758
7.66667 -69.6485 -0.808858 0.844503 0.00980758
7.83333 -68.2606 -1.09072 0.827675 0.0132253
8 -68.2606 -1.09072 0.827675 0.0132253
8.16667 -67.8788 -0.848485 0.823045 0.0102881
8.33333 -66.4485 -0.745331 0.805703 0.00903731
8.5 -66.1212 -0.48802 0.801734 0.00591735
8.66667 -65.4121 -0.188464 0.793136 0.00228517
8.83333 -64.3636 -0.218182 0.780423 0.0026455
9 -64.3636 -0.218182 0.780423 0.0026455
9.16667 -63.9818 -0.526017 0.775794 0.00637808
9.33333 -63.6545 -0.340636 0.771825 0.00413029
9.5 -62.6061 -0.385027 0.759112 0.00466854
9.66667 -61.897 -0.698391 0.750514 0.00846815
9.83333 -61.5697 -0.780219 0.746546 0.00946033
10 -61.5697 -0.780219 0.746546 0.00946033
11 -57.7152 -1.20222 0.699809 0.0145771
12 -54.5697 -1.28124 0.66167 0.0155353
13 -52.1455 -1.43071 0.632275 0.0173477
14 -49.2727 -1.80834 0.597443 0.0219265
15 -46.2242 -0.919356 0.560479 0.0111474
16 -44.8364 -0.681273 0.543651 0.00826058
17 -42.3576 -1.14571 0.513595 0.013892
18 -39.497 -1.99935 0.478909 0.0242425
19 -37.4121 -2.21177 0.45363 0.0268182
20 -36.0667 -1.42811 0.437316 0.0173161
21 -34.2121 -2.8148 0.41483 0.0341301
22 -31.7879 -2.79796 0.385435 0.0339259
23 -30.0303 -3.12742 0.364124 0.0379207
24 -29.0364 -2.76346 0.352072 0.0335075
25 -27.9333 -3.21423 0.338698 0.0389733
26 -26.8848 -3.2579 0.325985 0.0395028
27 -25.8485 -3.50594 0.313419 0.0425103
28 -24.4606 -3.27685 0.29659 0.0397326
29 -23.0848 -3.27865 0.279909 0.0397544
30 -21.9818 -3.7223 0.266534 0.0451337
31 -21.6 -4.08764 0.261905 0.0495635
32 -20.5939 -3.52323 0.249706 0.0427199
33 -20.2121 -3.89536 0.245076 0.0472321
34 -18.5091 -3.78968 0.224427 0.0459507
35 -17.8303 -3.28619 0.216196 0.0398458
36 -16.0303 -4.23211 0.194371 0.0513153
37 -14.9697 -4.12233 0.181511 0.0499842
38 -13.9212 -4.16802 0.168798 0.0505381
39 -13.2 -4.33491 0.160053 0.0525617
40 -12.1515 -4.38199 0.14734 0.0531325
41 -11.8242 -4.25965 0.143372 0.0516492
42 -11.497 -4.15952 0.139403 0.0504351
43 -11.497 -4.15952 0.139403 0.0504351
44 -11.497 -4.15952 0.139403 0.0504351
45 -11.1697 -4.08324 0.135435 0.0495102
46 -11.1697 -4.08324 0.135435 0.0495102
47 -10.1212 -4.12586 0.122722 0.050027
48 -9.79394 -4.07264 0.118754 0.0493816
49 -9.79394 -4.07264 0.118754 0.0493816
50 -9.12727 -3.76342 0.11067 0.0456323
51 -9.12727 -3.76342 0.11067 0.0456323
52 -8.78788 -3.49181 0.106555 0.042339
53 -8.12121 -3.17985 0.0984715 0.0385564
54 -8.12121 -3.17985 0.0984715 0.0385564
55 -7.44242 -2.6646 0.090241 0.0323089
56 -7.44242 -2.6646 0.090241 0.0323089
57 -7.44242 -2.6646 0.090241 0.0323089
58 -7.44242 -2.6646 0.090241 0.0323089
59 -7.06061 -3.03526 0.0856114 0.0368032
60 -6.72121 -2.8148 0.0814962 0.0341301
70 -5.36364 -2.25124 0.0650353 0.0272968
80 -4.3697 -1.69219 0.0529835 0.0205182
90 -2.67879 -1.47565 0.0324809 0.0178926
100 -2.01212 -1.17595 0.0243974 0.0142586
110 -2.01212 -1.17595 0.0243974 0.0142586
120 -1.67273 -0.893688 0.0202822 0.0108362
130 -1.33333 -0.666997 0.016167 0.00808749
140 -1.33333 -0.666997 0.016167 0.00808749
150 -1.33333 -0.666997 0.016167 0.00808749
160 -1.33333 -0.666997 0.016167 0.00808749
170 -1.00606 -0.587973 0.0121987 0.0071293
180 -1.00606 -0.587973 0.0121987 0.0071293
190 -1.00606 -0.587973 0.0121987 0.0071293
200 -1.00606 -0.587973 0.0121987 0.0071293
210 -1.00606 -0.587973 0.0121987 0.0071293
220 -0.666667 -0.333499 0.00808348 0.00404374
230 -0.666667 -0.333499 0.00808348 0.00404374
240 -0.666667 -0.333499 0.00808348 0.00404374
250 -0.666667 -0.333499 0.00808348 0.00404374
260 -0.666667 -0.333499 0.00808348 0.00404374
270 -0.666667 -0.333499 0.00808348 0.00404374
280 -0.666667 -0.333499 0.00808348 0.00404374
290 -0.666667 -0.333499 0.00808348 0.00404374
300 -0.666667 -0.333499 0.00808348 0.00404374
310 -0.666667 -0.333499 0.00808348 0.00404374
320 -0.666667 -0.333499 0.00808348 0.00404374
330 -0.666667 -0.333499 0.00808348 0.00404374
340 -0.666667 -0.333499 0.00808348 0.00404374
350 -0.666667 -0.333499 0.00808348 0.00404374
360 -0.666667 -0.333499 0.00808348 0.00404374
370 -0.666667 -0.333499 0.00808348 0.00404374
380 -0.666667 -0.333499 0.00808348 0.00404374
390 -0.666667 -0.333499 0.00808348 0.00404374
400 -0.666667 -0.333499 0.00808348 0.00404374
410 -0.666667 -0.333499 0.00808348 0.00404374
420 -0.666667 -0.333499 0.00808348 0.00404374
430 -0.666667 -0.333499 0.00808348 0.00404374
440 -0.666667 -0.333499 0.00808348 0.00404374
450 -0.666667 -0.333499 0.00808348 0.00404374
460 -0.666667 -0.333499 0.00808348 0.00404374
470 -0.666667 -0.333499 0.00808348 0.00404374
480 -0.666667 -0.333499 0.00808348 0.00404374
490 -0.666667 -0.333499 0.00808348 0.00404374
500 -0.666667 -0.333499 0.00808348 0.00404374
510 -0.666667 -0.333499 0.00808348 0.00404374
520 -0.666667 -0.333499 0.00808348 0.00404374
530 -0.666667 -0.333499 0.00808348 0.00404374
540 -0.666667 -0.333499 0.00808348 0.00404374
550 -0.666667 -0.333499 0.00808348 0.00404374
560 -0.666667 -0.333499 0.00808348 0.00404374
570 -0.666667 -0.333499 0.00808348 0.00404374
580 -0.666667 -0.333499 0.00808348 0.00404374
590 -0.666667 -0.333499 0.00808348 0.00404374
600 -0.666667 -0.333499 0.00808348 0.00404374
610 -0.666667 -0.333499 0.00808348 0.00404374
620 -0.666667 -0.333499 0.00808348 0.00404374
630 -0.666667 -0.333499 0.00808348 0.00404374
640 -0.666667 -0.333499 0.00808348 0.00404374
650 -0.666667 -0.333499 0.00808348 0.00404374
660 -0.666667 -0.333499 0.00808348 0.00404374
670 -0.666667 -0.333499 0.00808348 0.00404374
680 -0.666667 -0.333499 0.00808348 0.00404374
690 -0.666667 -0.333499 0.00808348 0.00404374
700 -0.666667 -0.333499 0.00808348 0.00404374
710 -0.666667 -0.333499 0.00808348 0.00404374
720 -0.666667 -0.333499 0.00808348 0.00404374
730 -0.666667 -0.333499 0.00808348 0.00404374
740 -0.666667 -0.333499 0.00808348 0.00404374
750 -0.666667 -0.333499 0.00808348 0.00404374
760 -0.666667 -0.333499 0.00808348 0.00404374
770 -0.666667 -0.333499 0.00808348 0.00404374
780 -0.666667 -0.333499 0.00808348 0.00404374
790 -0.666667 -0.333499 0.00808348 0.00404374
800 -0.666667 -0.333499 0.00808348 0.00404374
810 -0.666667 -0.333499 0.00808348 0.00404374
820 -0.666667 -0.333499 0.00808348 0.00404374
830 -0.666667 -0.333499 0.00808348 0.00404374
840 -0.666667 -0.333499 0.00808348 0.00404374
850 -0.666667 -0.333499 0.00808348 0.00404374
860 -0.666667 -0.333499 0.00808348 0.00404374
870 -0.666667 -0.333499 0.00808348 0.00404374
880 -0.666667 -0.333499 0.00808348 0.00404374
890 -0.666667 -0.333499 0.00808348 0.00404374
900 -0.666667 -0.333499 0.00808348 0.00404374
910 -0.666667 -0.333499 0.00808348 0.00404374
920 -0.666667 -0.333499 0.00808348 0.00404374
930 -0.666667 -0.333499 0.00808348 0.00404374
940 -0.666667 -0.333499 0.00808348 0.00404374
950 -0.666667 -0.333499 0.00808348 0.00404374
960 -0.666667 -0.333499 0.00808348 0.00404374
970 -0.666667 -0.333499 0.00808348 0.00404374
980 -0.666667 -0.333499 0.00808348 0.00404374
990 -0.666667 -0.333499 0.00808348 0.00404374
1000 -0.666667 -0.333499 0.00808348 0.00404374
1010 -0.666667 -0.333499 0.00808348 0.00404374
1020 -0.666667 -0.333499 0.00808348 0.00404374
1030 -0.666667 -0.333499 0.00808348 0.00404374
1040 -0.666667 -0.333499 0.00808348 0.00404374
1050 -0.666667 -0.333499 0.00808348 0.00404374
1060 -0.666667 -0.333499 0.00808348 0.00404374
1070 -0.666667 -0.333499 0.00808348 0.00404374
1080 -0.666667 -0.333499 0.00808348 0.00404374
1090 -0.666667 -0.333499 0.00808348 0.00404374
1100 -0.666667 -0.333499 0.00808348 0.00404374
1110 -0.666667 -0.333499 0.00808348 0.00404374
1120 -0.666667 -0.333499 0.00808348 0.00404374
1130 -0.666667 -0.333499 0.00808348 0.00404374
1140 -0.666667 -0.333499 0.00808348 0.00404374
1150 -0.666667 -0.333499 0.00808348 0.00404374
1160 -0.666667 -0.333499 0.00808348 0.00404374
1170 -0.666667 -0.333499 0.00808348 0.00404374
1180 -0.666667 -0.333499 0.00808348 0.00404374
1190 -0.666667 -0.333499 0.00808348 0.00404374
1200 -0.666667 -0.333499 0.00808348 0.00404374
1210 -0.666667 -0.333499 0.00808348 0.00404374
1220 -0.666667 -0.333499 0.00808348 0.00404374
1230 -0.666667 -0.333499 0.00808348 0.00404374
1240 -0.666667 -0.333499 0.00808348 0.00404374
1250 -0.666667 -0.333499 0.00808348 0.00404374
1260 -0.666667 -0.333499 0.00808348 0.00404374
1270 -0.666667 -0.333499 0.00808348 0.00404374
1280 -0.666667 -0.333499 0.00808348 0.00404374
1290 -0.666667 -0.333499 0.00808348 0.00404374
1300 -0.666667 -0.333499 0.00808348 0.00404374
1310 -0.666667 -0.333499 0.00808348 0.00404374
1320 -0.666667 -0.333499 0.00808348 0.00404374
1330 -0.666667 -0.333499 0.00808348 0.00404374
1340 -0.666667 -0.333499 0.00808348 0.00404374
1350 -0.666667 -0.333499 0.00808348 0.00404374
1360 -0.666667 -0.333499 0.00808348 0.00404374
1370 -0.666667 -0.333499 0.00808348 0.00404374
1380 -0.666667 -0.333499 0.00808348 0.00404374
1390 -0.666667 -0.333499 0.00808348 0.00404374
1400 -0.666667 -0.333499 0.00808348 0.00404374
1410 -0.666667 -0.333499 0.00808348 0.00404374
1420 -0.666667 -0.333499 0.00808348 0.00404374
1430 -0.666667 -0.333499 0.00808348 0.00404374
1440 -0.666667 -0.333499 0.00808348 0.00404374


DSBEnd
0 1 0 1 0
0.0166667 0.143923 0.0133961 0.143923 0.0133961
0.0333333 0.0832231 0.0104996 0.0832231 0.0104996
0.05 0.0529835 0.00593239 0.0529835 0.00593239
0.0666667 0.0463698 0.0078692 0.0463698 0.0078692
0.0833333 0.0425852 0.00641554 0.0425852 0.00641554
0.1 0.0465535 0.00245355 0.0465535 0.00245355
0.116667 0.0392784 0.00923656 0.0392784 0.00923656
0.133333 0.0340241 0.00497269 0.0340241 0.00497269
0.15 0.0444959 0.00210529 0.0444959 0.00210529
0.166667 0.0307172 0.0129561 0.0307172 0.0129561
0.183333 0.0254262 0.00120302 0.0254262 0.00120302
0.2 0.0170855 0.00267519 0.0170855 0.00267519
0.216667 0.0146972 0.00164156 0.0146972 0.00164156
0.233333 0.0167549 0.00144564 0.0167549 0.00144564
0.25 0.0298721 0.00604455 0.0298721 0.00604455
0.266667 0.0235156 0.00587338 0.0235156 0.00587338
0.283333 0.0243607 0.0126562 0.0243607 0.0126562
0.3 0.0146972 0.00164156 0.0146972 0.00164156
0.316667 0.0147707 0.00195948 0.0147707 0.00195948
0.333333 0.0163507 0.0068845 0.0163507 0.0068845
0.35 0.00874486 0.00439506 0.00874486 0.00439506
0.366667 0.0102513 0.0070693 0.0102513 0.0070693
0.383333 0.0169386 0.005451 0.0169386 0.005451
0.4 0.0102513 0.0070693 0.0102513 0.0070693
0.416667 0.0124559 0.00335249 0.0124559 0.00335249
0.433333 0.017159 0.00571293 0.017159 0.00571293
0.45 0.0106555 0.00231336 0.0106555 0.00231336
0.466667 0.00205761 0.00205761 0.00205761 0.00205761
0.483333 0.00808348 0.00404374 0.00808348 0.00404374
0.5 0.00643004 0.00357316 0.00643004 0.00357316
0.516667 0.010729 0.00242949 0.010729 0.00242949
0.533333 0.00404174 0.00202187 0.00404174 0.00202187
0.55 0.00668724 0.00401762 0.00668724 0.00401762
0.566667 0.00396825 0.00396825 0.00396825 0.00396825
0.583333 0.0140359 0.00863298 0.0140359 0.00863298
0.6 0.0227072 0.00663943 0.0227072 0.00663943
0.616667 0.00800999 0.00523612 0.00800999 0.00523612
0.633333 0.00411523 0.00411523 0.00411523 0.00411523
0.65 0.00231481 0.00231481 0.00231481 0.00231481
0.666667 0.00800999 0.00523612 0.00800999 0.00523612
0.683333 0.00602587 0.00343739 0.00602587 0.00343739
0.7 0.0100676 0.00527925 0.0100676 0.00527925
0.716667 0.00841417 0.00198651 0.00841417 0.00198651
0.733333 0.00595238 0.00595238 0.00595238 0.00595238
0.75 0.00231481 0.00231481 0.00231481 0.00231481
0.766667 0.00404174 0.00202187 0.00404174 0.00202187
0.783333 0.00198413 0.00198413 0.00198413 0.00198413
0.8 0.010729 0.00242949 0.010729 0.00242949
0.816667 0.0124559 0.00335249 0.0124559 0.00335249
0.833333 0.00437243 0.00219753 0.00437243 0.00219753
0.85 0.00396825 0.00396825 0.00396825 0.00396825
0.866667 0.00602587 0.00343739 0.00602587 0.00343739
0.883333 0.00635655 0.000300755 0.00635655 0.000300755
0.9 0 0 0 0
0.916667 0.00609935 0.00356465 0.00609935 0.00356465
0.933333 0.00462963 0.00462963 0.00462963 0.00462963
0.95 0 0 0 0
0.966667 0.00462963 0.00462963 0.00462963 0.00462963
0.983333 0.00404174 0.00202187 0.00404174 0.00202187
1 0.00396825 0.00396825 0.00396825 0.00396825
1.16667 0 0 0 0
1.33333 0.00462963 0.00462963 0.00462963 0.00462963
1.5 0 0 0 0
1.66667 0 0 0 0
1.83333 0.00411523 0.00411523 0.00411523 0.00411523
2 0.00198413 0.00198413 0.00198413 0.00198413
2.16667 0.00815697 0.0054583 0.00815697 0.0054583
2.33333 0.00429894 0.00216847 0.00429894 0.00216847
2.5 0 0 0 0
2.66667 0.00205761 0.00205761 0.00205761 0.00205761
2.83333 0.00815697 0.0054583 0.00815697 0.0054583
3 0 0 0 0
3.16667 0.00231481 0.00231481 0.00231481 0.00231481
3.33333 0 0 0 0
3.5 0 0 0 0
3.66667 0.00635655 0.000300755 0.00635655 0.000300755
3.83333 0.00694444 0.00694444 0.00694444 0.00694444
4 0 0 0 0
4.16667 0 0 0 0
4.33333 0 0 0 0
4.5 0 0 0 0
4.66667 0.00396825 0.00396825 0.00396825 0.00396825
4.83333 0 0 0 0
5 0 0 0 0
5.16667 0 0 0 0
5.33333 0 0 0 0
5.5 0 0 0 0
5.66667 0.00628307 0.00345248 0.00628307 0.00345248
5.83333 0.00411523 0.00411523 0.00411523 0.00411523
6 0.00231481 0.00231481 0.00231481 0.00231481
6.16667 0 0 0 0
6.33333 0 0 0 0
6.5 0.00205761 0.00205761 0.00205761 0.00205761
6.66667 0 0 0 0
6.83333 0.00205761 0.00205761 0.00205761 0.00205761
7 0 0 0 0
7.16667 0.00205761 0.00205761 0.00205761 0.00205761
7.33333 0 0 0 0
7.5 0 0 0 0
7.66667 0 0 0 0
7.83333 0.00396825 0.00396825 0.00396825 0.00396825
8 0 0 0 0
8.16667 0.00205761 0.00205761 0.00205761 0.00205761
8.33333 0 0 0 0
8.5 0 0 0 0
8.66667 0 0 0 0
8.83333 0.00437243 0.00219753 0.00437243 0.00219753
9 0 0 0 0
9.16667 0.00411523 0.00411523 0.00411523 0.00411523
9.33333 0.00198413 0.00198413 0.00198413 0.00198413
9.5 0 0 0 0
9.66667 0 0 0 0
9.83333 0.00205761 0.00205761 0.00205761 0.00205761
10 0 0 0 0
11 0 0 0 0
12 0 0 0 0
13 0 0 0 0
14 0.00205761 0.00205761 0.00205761 0.00205761
15 0 0 0 0
16 0.00462963 0.00462963 0.00462963 0.00462963
17 0 0 0 0
18 0 0 0 0
19 0 0 0 0
20 0 0 0 0
21 0 0 0 0
22 0 0 0 0
23 0 0 0 0
24 0 0 0 0
25 0 0 0 0
26 0 0 0 0
27 0 0 0 0
28 0 0 0 0
29 0 0 0 0
30 0 0 0 0
31 0 0 0 0
32 0 0 0 0
33 0 0 0 0
34 0 0 0 0
35 0 0 0 0
36 0 0 0 0
37 0 0 0 0
38 0 0 0 0
39 0 0 0 0
40 0 0 0 0
41 0 0 0 0
42 0 0 0 0
43 0 0 0 0
44 0 0 0 0
45 0 0 0 0
46 0 0 0 0
47 0 0 0 0
48 0 0 0 0
49 0 0 0 0
50 0 0 0 0
51 0 0 0 0
52 0 0 0 0
53 0 0 0 0
54 0 0 0 0
55 0 0 0 0
56 0 0 0 0
57 0 0 0 0
58 0 0 0 0
59 0 0 0 0
60 0 0 0 0
70 0 0 0 0
80 0 0 0 0
90 0 0 0 0
100 0 0 0 0
110 0 0 0 0
120 0 0 0 0
130 0 0 0 0
140 0 0 0 0
150 0 0 0 0
160 0 0 0 0
170 0 0 0 0
180 0 0 0 0
190 0 0 0 0
200 0 0 0 0
210 0 0 0 0
220 0 0 0 0
230 0 0 0 0
240 0 0 0 0
250 0 0 0 0
260 0 0 0 0
270 0 0 0 0
280 0 0 0 0
290 0 0 0 0
300 0 0 0 0
310 0 0 0 0
320 0 0 0 0
330 0 0 0 0
340 0 0 0 0
350 0 0 0 0
360 0 0 0 0
370 0 0 0 0
380 0 0 0 0
390 0 0 0 0
400 0 0 0 0
410 0 0 0 0
420 0 0 0 0
430 0 0 0 0
440 0 0 0 0
450 0 0 0 0
460 0 0 0 0
470 0 0 0 0
480 0 0 0 0
490 0 0 0 0
500 0 0 0 0
510 0 0 0 0
520 0 0 0 0
530 0 0 0 0
540 0 0 0 0
550 0 0 0 0
560 0 0 0 0
570 0 0 0 0
580 0 0 0 0
590 0 0 0 0
600 0 0 0 0
610 0 0 0 0
620 0 0 0 0
630 0 0 0 0
640 0 0 0 0
650 0 0 0 0
660 0 0 0 0
670 0 0 0 0
680 0 0 0 0
690 0 0 0 0
700 0 0 0 0
710 0 0 0 0
720 0 0 0 0
730 0 0 0 0
740 0 0 0 0
750 0 0 0 0
760 0 0 0 0
770 0 0 0 0
780 0 0 0 0
790 0 0 0 0
800 0 0 0 0
810 0 0 0 0
820 0 0 0 0
830 0 0 0 0
840 0 0 0 0
850 0 0 0 0
860 0 0 0 0
870 0 0 0 0
880 0 0 0 0
890 0 0 0 0
900 0 0 0 0
910 0 0 0 0
920 0 0 0 0
930 0 0 0 0
940 0 0 0 0
950 0 0 0 0
960 0 0 0 0
970 0 0 0 0
980 0 0 0 0
990 0 0 0 0
1000 0 0 0 0
1010 0 0 0 0
1020 0 0 0 0
1030 0 0 0 0
1040 0 0 0 0
1050 0 0 0 0
1060 0 0 0 0
1070 0 0 0 0
1080 0 0 0 0
1090 0 0 0 0
1100 0 0 0 0
1110 0 0 0 0
1120 0 0 0 0
1130 0 0 0 0
1140 0 0 0 0
1150 0 0 0 0
1160 0 0 0 0
1170 0 0 0 0
1180 0 0 0 0
1190 0 0 0 0
1200 0 0 0 0
1210 0 0 0 0
1220 0 0 0 0
1230 0 0 0 0
1240 0 0 0 0
1250 0 0 0 0
1260 0 0 0 0
1270 0 0 0 0
1280 0 0 0 0
1290 0 0 0 0
1300 0 0 0 0
1310 0 0 0 0
1320 0 0 0 0
1330 0 0 0 0
1340 0 0 0 0
1350 0 0 0 0
1360 0 0 0 0
1370 0 0 0 0
1380 0 0 0 0
1390 0 0 0 0
1400 0 0 0 0
1410 0 0 0 0
1420 0 0 0 0
1430 0 0 0 0
1440 0 0 0 0


DSBEnd_Inhibited
0 0 0 0 0
0.0166667 1 0 0.471083 0.0125684
0.0333333 0.928082 0.00483114 0.437316 0.0137702
0.05 0.839124 0.0163379 0.394915 0.00458273
0.0666667 0.734774 0.014395 0.345863 0.00608772
0.0833333 0.693517 0.0314901 0.326132 0.0104412
0.1 0.59944 0.0260922 0.281966 0.00954104
0.116667 0.560952 0.00864729 0.264073 0.00434921
0.133333 0.493478 0.00741452 0.23229 0.00308204
0.15 0.402236 0.0201248 0.189264 0.00870811
0.166667 0.388032 0.0508753 0.181768 0.0198342
0.183333 0.360978 0.0368597 0.169533 0.0153231
0.2 0.342878 0.0443899 0.160788 0.018209
0.216667 0.330992 0.0288768 0.155276 0.00974877
0.233333 0.295726 0.0188254 0.138852 0.00510174
0.25 0.241585 0.0327337 0.113022 0.0121475
0.266667 0.236979 0.0417102 0.110633 0.0162971
0.283333 0.232148 0.044696 0.108319 0.0178346
0.3 0.228702 0.0325338 0.106922 0.0120891
0.316667 0.225094 0.0373735 0.105122 0.0146452
0.333333 0.202935 0.0367848 0.0947237 0.0148174
0.35 0.20316 0.0442881 0.0946502 0.0183102
0.366667 0.18039 0.0403741 0.0839947 0.0166136
0.383333 0.181002 0.0440539 0.0842519 0.0186374
0.4 0.162999 0.0245425 0.0763889 0.0106078
0.416667 0.154785 0.0395597 0.0722002 0.0175839
0.433333 0.146121 0.0414181 0.0681584 0.0187546
0.45 0.157718 0.0100739 0.074221 0.00466854
0.466667 0.144835 0.0173415 0.0681217 0.00812712
0.483333 0.118682 0.0287008 0.0555923 0.0132881
0.5 0.121903 0.0172946 0.057062 0.00697916
0.516667 0.112016 0.0106587 0.0525059 0.00351603
0.533333 0.102966 0.0151912 0.0481335 0.00571258
0.55 0.0972984 0.0197417 0.0456349 0.00894692
0.566667 0.102129 0.0149361 0.0479497 0.00663851
0.583333 0.0886345 0.0154108 0.0415932 0.00692644
0.6 0.089021 0.00858947 0.0419239 0.00423407
0.616667 0.0757512 0.0102087 0.0354938 0.00408295
0.633333 0.0806458 0.0264288 0.037331 0.0111321
0.65 0.0758148 0.0288333 0.0350162 0.0123043
0.666667 0.0495982 0.0160796 0.0229644 0.00682957
0.683333 0.0453788 0.0194631 0.0209068 0.00852796
0.7 0.0491482 0.00294018 0.0231114 0.00116714
0.716667 0.0493732 0.00879148 0.0230379 0.00342776
0.733333 0.0450902 0.00945219 0.021458 0.00485899
0.75 0.0400978 0.00710833 0.018739 0.00286596
0.766667 0.0451538 0.0119661 0.0209803 0.00502817
0.783333 0.0449288 0.00449259 0.0210538 0.00153135
0.8 0.0449288 0.00449259 0.0210538 0.00153135
0.816667 0.0450902 0.00945219 0.021458 0.00485899
0.833333 0.0626429 0.00253105 0.029468 0.000903013
0.85 0.0624179 0.00689692 0.0295414 0.00391896
0.866667 0.0673124 0.0131818 0.0313786 0.00522062
0.883333 0.0580371 0.011174 0.0270797 0.00445865
0.9 0.0761377 0.00217756 0.0358245 0.000670499
0.916667 0.0548156 0.0148442 0.0256099 0.00678495
0.933333 0.0453152 0.00635484 0.0213845 0.00320235
0.95 0.0541405 0.0139898 0.0258304 0.00705132
0.966667 0.0450902 0.00945219 0.021458 0.00485899
0.983333 0.0457017 0.0137735 0.0217152 0.00677798
1 0.0364263 0.012909 0.0174162 0.00632451
1.16667 0.0670238 0.014293 0.0319297 0.0074507
1.33333 0.0506941 0.0292859 0.0244342 0.0140334
1.5 0.0496961 0.0183732 0.0238463 0.00901599
1.66667 0.0549771 0.0160004 0.0260141 0.00782861
1.83333 0.0481502 0.0168569 0.0225235 0.00779603
2 0.0447673 0.0176482 0.0206496 0.0075455
2.16667 0.0274396 0.0154154 0.0125661 0.00690496
2.33333 0.0309839 0.0108137 0.0148442 0.00543052
2.5 0.0549771 0.0160004 0.0260141 0.00782861
2.66667 0.0400978 0.00710833 0.018739 0.00286596
2.83333 0.0177142 0.00381584 0.00841417 0.00198651
3 0.0314976 0.0246094 0.0142196 0.0109327
3.16667 0.00927536 0.00464974 0.00429894 0.00216847
3.33333 0.0131083 0.00770129 0.00602587 0.00343739
3.5 0.0386498 0.0219351 0.0182981 0.0106939
3.66667 0.0452516 0.0227802 0.0218621 0.0109877
3.83333 0.0303724 0.0164628 0.014587 0.00814363
4 0.0447037 0.00313002 0.0211273 0.00197833
4.16667 0.0322705 0.0163841 0.014881 0.00748992
4.33333 0.026378 0.00678019 0.0124559 0.00335249
4.5 0.0173277 0.00867262 0.00808348 0.00404374
4.66667 0.00866385 0.00433631 0.00404174 0.00202187
4.83333 0.0141063 0.00837632 0.00661376 0.00402299
5 0.028599 0.0222675 0.0135582 0.0107206
5.16667 0.00421941 0.00421941 0.00205761 0.00205761
5.33333 0.0181643 0.011692 0.0082672 0.00519717
5.5 0.0227701 0.00510007 0.0106555 0.00231336
5.66667 0.0134948 0.000535698 0.00635655 0.000300755
5.83333 0.0177142 0.00381584 0.00841417 0.00198651
6 0.00843882 0.00843882 0.00411523 0.00411523
6.16667 0.0221586 0.0038527 0.0103983 0.00173161
6.33333 0.0134948 0.000535698 0.00635655 0.000300755
6.5 0.00843882 0.00843882 0.00411523 0.00411523
6.66667 0.0174891 0.0110643 0.00848765 0.00540123
6.83333 0.0138812 0.00838971 0.00668724 0.00401762
7 0.0132697 0.00733377 0.00643004 0.00357316
7.16667 0.0132697 0.00733377 0.00643004 0.00357316
7.33333 0 0 0 0
7.5 0.00421941 0.00421941 0.00205761 0.00205761
7.66667 0.0183257 0.00533347 0.00867137 0.00260954
7.83333 0.00483092 0.00483092 0.00231481 0.00231481
8 0.0174891 0.0110643 0.00848765 0.00540123
8.16667 0.0132697 0.00733377 0.00643004 0.00357316
8.33333 0.0318205 0.00584192 0.0150279 0.00290549
8.5 0.00888889 0.00888889 0.00396825 0.00396825
8.66667 0.00483092 0.00483092 0.00231481 0.00231481
8.83333 0 0 0 0
9 0.00843882 0.00843882 0.00411523 0.00411523
9.16667 0.0131083 0.00770129 0.00602587 0.00343739
9.33333 0.00843882 0.00843882 0.00411523 0.00411523
9.5 0.00421941 0.00421941 0.00205761 0.00205761
9.66667 0.00421941 0.00421941 0.00205761 0.00205761
9.83333 0.0171027 0.0111232 0.00815697 0.0054583
10 0.00866385 0.00433631 0.00404174 0.00202187
11 0.00483092 0.00483092 0.00231481 0.00231481
12 0 0 0 0
13 0 0 0 0
14 0 0 0 0
15 0 0 0 0
16 0 0 0 0
17 0 0 0 0
18 0 0 0 0
19 0.00421941 0.00421941 0.00205761 0.00205761
20 0 0 0 0
21 0 0 0 0
22 0 0 0 0
23 0 0 0 0
24 0 0 0 0
25 0 0 0 0
26 0 0 0 0
27 0 0 0 0
28 0 0 0 0
29 0 0 0 0
30 0 0 0 0
31 0 0 0 0
32 0 0 0 0
33 0 0 0 0
34 0 0 0 0
35 0 0 0 0
36 0 0 0 0
37 0 0 0 0
38 0 0 0 0
39 0 0 0 0
40 0 0 0 0
41 0 0 0 0
42 0 0 0 0
43 0 0 0 0
44 0 0 0 0
45 0 0 0 0
46 0 0 0 0
47 0 0 0 0
48 0 0 0 0
49 0 0 0 0
50 0 0 0 0
51 0 0 0 0
52 0 0 0 0
53 0 0 0 0
54 0 0 0 0
55 0 0 0 0
56 0 0 0 0
57 0 0 0 0
58 0 0 0 0
59 0 0 0 0
60 0 0 0 0
70 0 0 0 0
80 0 0 0 0
90 0 0 0 0
100 0 0 0 0
110 0 0 0 0
120 0 0 0 0
130 0 0 0 0
140 0 0 0 0
150 0 0 0 0
160 0 0 0 0
170 0 0 0 0
180 0 0 0 0
190 0 0 0 0
200 0 0 0 0
210 0 0 0 0
220 0 0 0 0
230 0 0 0 0
240 0 0 0 0
250 0 0 0 0
260 0 0 0 0
270 0 0 0 0
280 0 0 0 0
290 0 0 0 0
300 0 0 0 0
310 0 0 0 0
320 0 0 0 0
330 0 0 0 0
340 0 0 0 0
350 0 0 0 0
360 0 0 0 0
370 0 0 0 0
380 0 0 0 0
390 0 0 0 0
400 0 0 0 0
410 0 0 0 0
420 0 0 0 0
430 0 0 0 0
440 0 0 0 0
450 0 0 0 0
460 0 0 0 0
470 0 0 0 0
480 0 0 0 0
490 0 0 0 0
500 0 0 0 0
510 0 0 0 0
520 0 0 0 0
530 0 0 0 0
540 0 0 0 0
550 0 0 0 0
560 0 0 0 0
570 0 0 0 0
580 0 0 0 0
590 0 0 0 0
600 0 0 0 0
610 0 0 0 0
620 0 0 0 0
630 0 0 0 0
640 0 0 0 0
650 0 0 0 0
660 0 0 0 0
670 0 0 0 0
680 0 0 0 0
690 0 0 0 0
700 0 0 0 0
710 0 0 0 0
720 0 0 0 0
730 0 0 0 0
740 0 0 0 0
750 0 0 0 0
760 0 0 0 0
770 0 0 0 0
780 0 0 0 0
790 0 0 0 0
800 0 0 0 0
810 0 0 0 0
820 0 0 0 0
830 0 0 0 0
840 0 0 0 0
850 0 0 0 0
860 0 0 0 0
870 0 0 0 0
880 0 0 0 0
890 0 0 0 0
900 0 0 0 0
910 0 0 0 0
920 0 0 0 0
930 0 0 0 0
940 0 0 0 0
950 0 0 0 0
960 0 0 0 0
970 0 0 0 0
980 0 0 0 0
990 0 0 0 0
1000 0 0 0 0
1010 0 0 0 0
1020 0 0 0 0
1030 0 0 0 0
1040 0 0 0 0
1050 0 0 0 0
1060 0 0 0 0
1070 0 0 0 0
1080 0 0 0 0
1090 0 0 0 0
1100 0 0 0 0
1110 0 0 0 0
1120 0 0 0 0
1130 0 0 0 0
1140 0 0 0 0
1150 0 0 0 0
1160 0 0 0 0
1170 0 0 0 0
1180 0 0 0 0
1190 0 0 0 0
1200 0 0 0 0
1210 0 0 0 0
1220 0 0 0 0
1230 0 0 0 0
1240 0 0 0 0
1250 0 0 0 0
1260 0 0 0 0
1270 0 0 0 0
1280 0 0 0 0
1290 0 0 0 0
1300 0 0 0 0
1310 0 0 0 0
1320 0 0 0 0
1330 0 0 0 0
1340 0 0 0 0
1350 0 0 0 0
1360 0 0 0 0
1370 0 0 0 0
1380 0 0 0 0
1390 0 0 0 0
1400 0 0 0 0
1410 0 0 0 0
1420 0 0 0 0
1430 0 0 0 0
1440 0 0 0 0


DSBEnd_Ku
0 0 0 0 0
0.0166667 1 0 0.223729 0.00697916
0.0333333 0.750628 0.0449659 0.167916 0.0114979
0.05 0.6272 0.0444592 0.139918 0.00808448
0.0666667 0.457973 0.0896626 0.103064 0.0218307
0.0833333 0.278418 0.0729127 0.0626837 0.0173161
0.1 0.285411 0.0561905 0.0643372 0.0137988
0.116667 0.187509 0.017998 0.0418504 0.00378454
0.133333 0.162233 0.0815526 0.0351999 0.0165996
0.15 0.127382 0.0606002 0.0277043 0.0125373
0.166667 0.133119 0.0365372 0.0292842 0.00701562
0.183333 0.116619 0.0326936 0.0258304 0.00705132
0.2 0.116619 0.0326936 0.0258304 0.00705132
0.216667 0.125828 0.0559155 0.0273736 0.0113024
0.233333 0.10341 0.0249603 0.0228542 0.00492357
0.25 0.0951597 0.0119466 0.0211273 0.00197833
0.266667 0.0777686 0.0360855 0.0169018 0.00734752
0.283333 0.0183509 0.00923981 0.00404174 0.00202187
0.3 0.0670049 0.0121488 0.0150279 0.00290549
0.316667 0.058755 0.0312475 0.013301 0.00723867
0.333333 0.0752548 0.00801937 0.0167549 0.00144564
0.35 0.0996389 0.0399274 0.0226337 0.00952688
0.366667 0.0644911 0.0324206 0.014881 0.00748992
0.383333 0.0745921 0.0376825 0.0171958 0.00867386
0.4 0.0730381 0.038073 0.0168651 0.00881765
0.416667 0.0543901 0.0297704 0.0125661 0.00690496
0.433333 0.0730381 0.038073 0.0168651 0.00881765
0.45 0.082842 0.028803 0.0189227 0.00687626
0.466667 0.112551 0.0123242 0.0253527 0.00346478
0.483333 0.0480598 0.0201328 0.0104718 0.00403355
0.5 0.0382559 0.0103715 0.00841417 0.00198651
0.516667 0.0199049 0.00995579 0.00437243 0.00219753
0.533333 0.0869098 0.0201979 0.0194004 0.00460331
0.55 0.0471 0.00924461 0.0106555 0.00231336
0.566667 0.0268979 0.0148571 0.00602587 0.00343739
0.583333 0.0569039 0.00285763 0.0127131 0.00060151
0.6 0.00980392 0.00980392 0.00205761 0.00205761
0.616667 0.0866127 0.019278 0.0191432 0.00378668
0.633333 0.0752548 0.00801937 0.0167549 0.00144564
0.65 0.0382559 0.0103715 0.00841417 0.00198651
0.666667 0.0563097 0.0340547 0.0121987 0.0071293
0.683333 0.0367019 0.0184796 0.00808348 0.00404374
0.7 0.0452489 0.0232199 0.0100676 0.00527925
0.716667 0.0578637 0.029922 0.0125294 0.00608772
0.733333 0.0398099 0.0199116 0.00874486 0.00439506
0.75 0.038553 0.0110802 0.00867137 0.00260954
0.766667 0.0199049 0.00995579 0.00437243 0.00219753
0.783333 0.0379588 0.0262054 0.00815697 0.0054583
0.8 0.0483569 0.0113696 0.010729 0.00242949
0.816667 0.0581608 0.0181107 0.0127866 0.00366916
0.833333 0.0682618 0.0213244 0.0151014 0.00462306
0.85 0.047397 0.026315 0.0109127 0.00603449
0.866667 0.055647 0.0139377 0.0126396 0.00343032
0.883333 0.055647 0.0139377 0.0126396 0.00343032
0.9 0.0468029 0.00853233 0.0103983 0.00173161
0.916667 0.0294118 0.0294118 0.00617284 0.00617284
0.933333 0.045546 0.0156907 0.0103248 0.00377275
0.95 0.018648 0.00942063 0.00429894 0.00216847
0.966667 0.038553 0.0110802 0.00867137 0.00260954
0.983333 0.0471 0.00924461 0.0106555 0.00231336
1 0.038553 0.0110802 0.00867137 0.00260954
1.16667 0.0199049 0.00995579 0.00437243 0.00219753
1.33333 0.0268979 0.0148571 0.00602587 0.00343739
1.5 0.028749 0.0175643 0.00661376 0.00402299
1.66667 0.0199049 0.00995579 0.00437243 0.00219753
1.83333 0.00980392 0.00980392 0.00205761 0.00205761
2 0.00980392 0.00980392 0.00205761 0.00205761
2.16667 0.010101 0.010101 0.00231481 0.00231481
2.33333 0.0300059 0.017498 0.00668724 0.00401762
2.5 0.018648 0.00942063 0.00429894 0.00216847
2.66667 0.00980392 0.00980392 0.00205761 0.00205761
2.83333 0.018648 0.00942063 0.00429894 0.00216847
3 0.00854701 0.00854701 0.00198413 0.00198413
3.16667 0.025641 0.025641 0.00595238 0.00595238
3.33333 0.010101 0.010101 0.00231481 0.00231481
3.5 0.00980392 0.00980392 0.00205761 0.00205761
3.66667 0 0 0 0
3.83333 0.0382559 0.0103715 0.00841417 0.00198651
4 0.010101 0.010101 0.00231481 0.00231481
4.16667 0.0199049 0.00995579 0.00437243 0.00219753
4.33333 0.010101 0.010101 0.00231481 0.00231481
4.5 0.00854701 0.00854701 0.00198413 0.00198413
4.66667 0 0 0 0
4.83333 0.010101 0.010101 0.00231481 0.00231481
5 0 0 0 0
5.16667 0.018648 0.00942063 0.00429894 0.00216847
5.33333 0 0 0 0
5.5 0 0 0 0
5.66667 0 0 0 0
5.83333 0.00980392 0.00980392 0.00205761 0.00205761
6 0 0 0 0
6.16667 0 0 0 0
6.33333 0.0284519 0.00142881 0.00635655 0.000300755
6.5 0 0 0 0
6.66667 0.00980392 0.00980392 0.00205761 0.00205761
6.83333 0.00980392 0.00980392 0.00205761 0.00205761
7 0.00980392 0.00980392 0.00205761 0.00205761
7.16667 0 0 0 0
7.33333 0.010101 0.010101 0.00231481 0.00231481
7.5 0.010101 0.010101 0.00231481 0.00231481
7.66667 0 0 0 0
7.83333 0.010101 0.010101 0.00231481 0.00231481
8 0.00980392 0.00980392 0.00205761 0.00205761
8.16667 0.020202 0.020202 0.00462963 0.00462963
8.33333 0.00854701 0.00854701 0.00198413 0.00198413
8.5 0.00854701 0.00854701 0.00198413 0.00198413
8.66667 0.00980392 0.00980392 0.00205761 0.00205761
8.83333 0.00854701 0.00854701 0.00198413 0.00198413
9 0 0 0 0
9.16667 0.00980392 0.00980392 0.00205761 0.00205761
9.33333 0 0 0 0
9.5 0 0 0 0
9.66667 0 0 0 0
9.83333 0 0 0 0
10 0 0 0 0
11 0 0 0 0
12 0.010101 0.010101 0.00231481 0.00231481
13 0 0 0 0
14 0.00980392 0.00980392 0.00205761 0.00205761
15 0 0 0 0
16 0 0 0 0
17 0 0 0 0
18 0 0 0 0
19 0 0 0 0
20 0 0 0 0
21 0 0 0 0
22 0 0 0 0
23 0 0 0 0
24 0 0 0 0
25 0 0 0 0
26 0 0 0 0
27 0 0 0 0
28 0 0 0 0
29 0 0 0 0
30 0 0 0 0
31 0 0 0 0
32 0 0 0 0
33 0 0 0 0
34 0 0 0 0
35 0 0 0 0
36 0 0 0 0
37 0 0 0 0
38 0 0 0 0
39 0 0 0 0
40 0 0 0 0
41 0 0 0 0
42 0 0 0 0
43 0 0 0 0
44 0 0 0 0
45 0 0 0 0
46 0 0 0 0
47 0 0 0 0
48 0 0 0 0
49 0 0 0 0
50 0 0 0 0
51 0 0 0 0
52 0 0 0 0
53 0 0 0 0
54 0 0 0 0
55 0 0 0 0
56 0 0 0 0
57 0 0 0 0
58 0 0 0 0
59 0 0 0 0
60 0 0 0 0
70 0 0 0 0
80 0 0 0 0
90 0 0 0 0
100 0 0 0 0
110 0 0 0 0
120 0 0 0 0
130 0 0 0 0
140 0 0 0 0
150 0 0 0 0
160 0 0 0 0
170 0 0 0 0
180 0 0 0 0
190 0 0 0 0
200 0 0 0 0
210 0 0 0 0
220 0 0 0 0
230 0 0 0 0
240 0 0 0 0
250 0 0 0 0
260 0 0 0 0
270 0 0 0 0
280 0 0 0 0
290 0 0 0 0
300 0 0 0 0
310 0 0 0 0
320 0 0 0 0
330 0 0 0 0
340 0 0 0 0
350 0 0 0 0
360 0 0 0 0
370 0 0 0 0
380 0 0 0 0
390 0 0 0 0
400 0 0 0 0
410 0 0 0 0
420 0 0 0 0
430 0 0 0 0
440 0 0 0 0
450 0 0 0 0
460 0 0 0 0
470 0 0 0 0
480 0 0 0 0
490 0 0 0 0
500 0 0 0 0
510 0 0 0 0
520 0 0 0 0
530 0 0 0 0
540 0 0 0 0
550 0 0 0 0
560 0 0 0 0
570 0 0 0 0
580 0 0 0 0
590 0 0 0 0
600 0 0 0 0
610 0 0 0 0
620 0 0 0 0
630 0 0 0 0
640 0 0 0 0
650 0 0 0 0
660 0 0 0 0
670 0 0 0 0
680 0 0 0 0
690 0 0 0 0
700 0 0 0 0
710 0 0 0 0
720 0 0 0 0
730 0 0 0 0
740 0 0 0 0
750 0 0 0 0
760 0 0 0 0
770 0 0 0 0
780 0 0 0 0
790 0 0 0 0
800 0 0 0 0
810 0 0 0 0
820 0 0 0 0
830 0 0 0 0
840 0 0 0 0
850 0 0 0 0
860 0 0 0 0
870 0 0 0 0
880 0 0 0 0
890 0 0 0 0
900 0 0 0 0
910 0 0 0 0
920 0 0 0 0
930 0 0 0 0
940 0 0 0 0
950 0 0 0 0
960 0 0 0 0
970 0 0 0 0
980 0 0 0 0
990 0 0 0 0
1000 0 0 0 0
1010 0 0 0 0
1020 0 0 0 0
1030 0 0 0 0
1040 0 0 0 0
1050 0 0 0 0
1060 0 0 0 0
1070 0 0 0 0
1080 0 0 0 0
1090 0 0 0 0
1100 0 0 0 0
1110 0 0 0 0
1120 0 0 0 0
1130 0 0 0 0
1140 0 0 0 0
1150 0 0 0 0
1160 0 0 0 0
1170 0 0 0 0
1180 0 0 0 0
1190 0 0 0 0
1200 0 0 0 0
1210 0 0 0 0
1220 0 0 0 0
1230 0 0 0 0
1240 0 0 0 0
1250 0 0 0 0
1260 0 0 0 0
1270 0 0 0 0
1280 0 0 0 0
1290 0 0 0 0
1300 0 0 0 0
1310 0 0 0 0
1320 0 0 0 0
1330 0 0 0 0
1340 0 0 0 0
1350 0 0 0 0
1360 0 0 0 0
1370 0 0 0 0
1380 0 0 0 0
1390 0 0 0 0
1400 0 0 0 0
1410 0 0 0 0
1420 0 0 0 0
1430 0 0 0 0
1440 0 0 0 0


DSBEnd_PKcs
0 0 0 0 0
0.0166667 0.0666667 0.0666667 0.00231481 0.00231481
0.0333333 0.15 0.0763763 0.00429894 0.00216847
0.05 0.15 0.0763763 0.00404174 0.00202187
0.0666667 0 0 0 0
0.0833333 0.15 0.0763763 0.00429894 0.00216847
0.1 0.15 0.0763763 0.00404174 0.00202187
0.116667 0.15 0.0763763 0.00429894 0.00216847
0.133333 0.2 0.11547 0.00668724 0.00401762
0.15 0.133333 0.133333 0.00462963 0.00462963
0.166667 0.0666667 0.0666667 0.00205761 0.00205761
0.183333 0.216667 0.0166667 0.00635655 0.000300755
0.2 0.216667 0.116667 0.00609935 0.00356465
0.216667 0.133333 0.0666667 0.00437243 0.00219753
0.233333 0.2 0.11547 0.00643004 0.00357316
0.25 0.283333 0.174005 0.00815697 0.0054583
0.266667 0.283333 0.0600925 0.00841417 0.00198651
0.283333 0.366667 0.0881917 0.0103983 0.00173161
0.3 0.216667 0.0166667 0.00635655 0.000300755
0.316667 0.216667 0.0166667 0.00635655 0.000300755
0.333333 0.366667 0.0881917 0.0103983 0.00173161
0.35 0.3 0.152753 0.00808348 0.00404374
0.366667 0.283333 0.0600925 0.00867137 0.00260954
0.383333 0.283333 0.0600925 0.00867137 0.00260954
0.4 0.35 0.125831 0.0109862 0.00492399
0.416667 0.283333 0.0600925 0.00867137 0.00260954
0.433333 0.3 0.1 0.00834068 0.00179591
0.45 0.383333 0.183333 0.0103248 0.00377275
0.466667 0.0666667 0.0666667 0.00205761 0.00205761
0.483333 0.0833333 0.0833333 0.00198413 0.00198413
0.5 0.3 0.1 0.00834068 0.00179591
0.516667 0.15 0.0763763 0.00404174 0.00202187
0.533333 0.15 0.0763763 0.00404174 0.00202187
0.55 0.45 0.160728 0.0126396 0.00343032
0.566667 0.316667 0.224227 0.0082672 0.00519717
0.583333 0.383333 0.216667 0.010582 0.00541359
0.6 0.316667 0.224227 0.0082672 0.00519717
0.616667 0.3 0.1 0.00834068 0.00179591
0.633333 0.283333 0.0600925 0.00867137 0.00260954
0.65 0.583333 0.101379 0.0170121 0.00248634
0.666667 0.35 0.125831 0.0109862 0.00492399
0.683333 0.5 0.057735 0.0150279 0.00290549
0.7 0.5 0.057735 0.0150279 0.00290549
0.716667 0.35 0.125831 0.0109862 0.00492399
0.733333 0.216667 0.116667 0.00661376 0.00402299
0.75 0.15 0.0763763 0.00429894 0.00216847
0.766667 0.133333 0.133333 0.00462963 0.00462963
0.783333 0.2 0.2 0.00694444 0.00694444
0.8 0.266667 0.176383 0.00900206 0.0061782
0.816667 0.416667 0.101379 0.0130438 0.00430992
0.833333 0.5 0.173205 0.0152851 0.00646177
0.85 0.366667 0.185592 0.0109127 0.00603449
0.866667 0.3 0.152753 0.00859788 0.00433693
0.883333 0.133333 0.133333 0.00462963 0.00462963
0.9 0.133333 0.133333 0.00462963 0.00462963
0.916667 0.3 0.1 0.00834068 0.00179591
0.933333 0.366667 0.0881917 0.0103983 0.00173161
0.95 0.283333 0.0600925 0.00867137 0.00260954
0.966667 0.283333 0.0600925 0.00867137 0.00260954
0.983333 0.216667 0.0166667 0.00635655 0.000300755
1 0.433333 0.0333333 0.0127131 0.00060151
1.16667 0.65 0.125831 0.0188125 0.00315477
1.33333 0.433333 0.120185 0.0124559 0.00335249
1.5 0.6 0.23094 0.0164242 0.00497988
1.66667 0.416667 0.192209 0.0125294 0.00608772
1.83333 0.55 0.160728 0.017159 0.00571293
2 0.416667 0.101379 0.0127866 0.00366916
2.16667 0.483333 0.116667 0.0151014 0.00462306
2.33333 0.4 0.2 0.0131173 0.0065926
2.5 0.433333 0.120185 0.0124559 0.00335249
2.66667 0.5 0.057735 0.0147707 0.00195948
2.83333 0.283333 0.0600925 0.00867137 0.00260954
3 0.283333 0.0600925 0.00841417 0.00198651
3.16667 0.566667 0.120185 0.0173427 0.00521907
3.33333 0.433333 0.120185 0.0124559 0.00335249
3.5 0.583333 0.101379 0.0167549 0.00144564
3.66667 0.516667 0.116667 0.0146972 0.00164156
3.83333 0.733333 0.266667 0.0205394 0.00709598
4 0.783333 0.0166667 0.0234421 0.00293117
4.16667 0.766667 0.145297 0.0235156 0.00587338
4.33333 0.5 0.057735 0.0147707 0.00195948
4.5 0.483333 0.164148 0.0148442 0.00543052
4.66667 0.716667 0.174005 0.0208701 0.00512668
4.83333 0.583333 0.192209 0.0164976 0.00516799
5 0.716667 0.0600925 0.0211273 0.00197833
5.16667 0.35 0.125831 0.0104718 0.00403355
5.33333 0.583333 0.101379 0.0170121 0.00248634
5.5 0.633333 0.0881917 0.0194004 0.00460331
5.66667 0.583333 0.101379 0.0167549 0.00144564
5.83333 0.65 0.05 0.0190697 0.000902266
6 0.8 0.11547 0.0231114 0.00116714
6.16667 0.8 0.11547 0.0231114 0.00116714
6.33333 0.866667 0.0666667 0.0254262 0.00120302
6.5 0.533333 0.24037 0.0146238 0.00510451
6.66667 0.8 0.11547 0.0231114 0.00116714
6.83333 0.666667 0.176383 0.018739 0.00286596
7 0.733333 0.133333 0.0210538 0.00153135
7.16667 0.733333 0.133333 0.0210538 0.00153135
7.33333 0.8 0.2 0.0236258 0.0064602
7.5 0.733333 0.133333 0.0210538 0.00153135
7.66667 0.583333 0.101379 0.0167549 0.00144564
7.83333 0.733333 0.176383 0.021311 0.00462671
8 0.8 0.2 0.0236258 0.0064602
8.16667 0.866667 0.133333 0.0256834 0.00477052
8.33333 0.716667 0.174005 0.0216417 0.00673101
8.5 0.65 0.125831 0.0193269 0.00451507
8.66667 0.566667 0.0333333 0.0170855 0.00267519
8.83333 0.65 0.05 0.0190697 0.000902266
9 0.3 0.152753 0.00859788 0.00433693
9.16667 0.3 0.152753 0.00859788 0.00433693
9.33333 0.383333 0.216667 0.010582 0.00541359
9.5 0.366667 0.0881917 0.0106555 0.00231336
9.66667 0.366667 0.0881917 0.0106555 0.00231336
9.83333 0.35 0.05 0.010729 0.00242949
10 0.416667 0.101379 0.0127866 0.00366916
11 0.366667 0.185592 0.0109127 0.00603449
12 0.5 0.057735 0.0150279 0.00290549
13 0.433333 0.0333333 0.0127131 0.00060151
14 0.566667 0.120185 0.0168283 0.00397301
15 0.566667 0.120185 0.0168283 0.00397301
16 0.566667 0.120185 0.0168283 0.00397301
17 0.566667 0.120185 0.0168283 0.00397301
18 0.433333 0.233333 0.0121987 0.0071293
19 0.5 0.288675 0.0142563 0.00898697
20 0.433333 0.233333 0.0121987 0.0071293
21 0.433333 0.233333 0.0121987 0.0071293
22 0.433333 0.233333 0.0121987 0.0071293
23 0.433333 0.233333 0.0121987 0.0071293
24 0.433333 0.233333 0.0121987 0.0071293
25 0.433333 0.233333 0.0121987 0.0071293
26 0.433333 0.233333 0.0121987 0.0071293
27 0.433333 0.233333 0.0121987 0.0071293
28 0.433333 0.233333 0.0121987 0.0071293
29 0.433333 0.233333 0.0121987 0.0071293
30 0.433333 0.233333 0.0121987 0.0071293
31 0.433333 0.233333 0.0121987 0.0071293
32 0.433333 0.233333 0.0121987 0.0071293
33 0.433333 0.233333 0.0121987 0.0071293
34 0.433333 0.233333 0.0121987 0.0071293
35 0.433333 0.233333 0.0121987 0.0071293
36 0.433333 0.233333 0.0121987 0.0071293
37 0.433333 0.233333 0.0121987 0.0071293
38 0.433333 0.233333 0.0121987 0.0071293
39 0.433333 0.233333 0.0121987 0.0071293
40 0.433333 0.233333 0.0121987 0.0071293
41 0.433333 0.233333 0.0121987 0.0071293
42 0.433333 0.233333 0.0121987 0.0071293
43 0.433333 0.233333 0.0121987 0.0071293
44 0.433333 0.233333 0.0121987 0.0071293
45 0.433333 0.233333 0.0121987 0.0071293
46 0.433333 0.233333 0.0121987 0.0071293
47 0.433333 0.233333 0.0121987 0.0071293
48 0.433333 0.233333 0.0121987 0.0071293
49 0.433333 0.233333 0.0121987 0.0071293
50 0.433333 0.233333 0.0121987 0.0071293
51 0.433333 0.233333 0.0121987 0.0071293
52 0.433333 0.233333 0.0121987 0.0071293
53 0.433333 0.233333 0.0121987 0.0071293
54 0.433333 0.233333 0.0121987 0.0071293
55 0.433333 0.233333 0.0121987 0.0071293
56 0.433333 0.233333 0.0121987 0.0071293
57 0.433333 0.233333 0.0121987 0.0071293
58 0.433333 0.233333 0.0121987 0.0071293
59 0.433333 0.233333 0.0121987 0.0071293
60 0.433333 0.233333 0.0121987 0.0071293
70 0.433333 0.233333 0.0121987 0.0071293
80 0.433333 0.233333 0.0121987 0.0071293
90 0.433333 0.233333 0.0121987 0.0071293
100 0.433333 0.233333 0.0121987 0.0071293
110 0.433333 0.233333 0.0121987 0.0071293
120 0.433333 0.233333 0.0121987 0.0071293
130 0.433333 0.233333 0.0121987 0.0071293
140 0.433333 0.233333 0.0121987 0.0071293
150 0.433333 0.233333 0.0121987 0.0071293
160 0.433333 0.233333 0.0121987 0.0071293
170 0.433333 0.233333 0.0121987 0.0071293
180 0.433333 0.233333 0.0121987 0.0071293
190 0.433333 0.233333 0.0121987 0.0071293
200 0.433333 0.233333 0.0121987 0.0071293
210 0.433333 0.233333 0.0121987 0.0071293
220 0.3 0.152753 0.00808348 0.00404374
230 0.3 0.152753 0.00808348 0.00404374
240 0.3 0.152753 0.00808348 0.00404374
250 0.3 0.152753 0.00808348 0.00404374
260 0.3 0.152753 0.00808348 0.00404374
270 0.3 0.152753 0.00808348 0.00404374
280 0.3 0.152753 0.00808348 0.00404374
290 0.3 0.152753 0.00808348 0.00404374
300 0.3 0.152753 0.00808348 0.00404374
310 0.3 0.152753 0.00808348 0.00404374
320 0.3 0.152753 0.00808348 0.00404374
330 0.3 0.152753 0.00808348 0.00404374
340 0.3 0.152753 0.00808348 0.00404374
350 0.3 0.152753 0.00808348 0.00404374
360 0.3 0.152753 0.00808348 0.00404374
370 0.3 0.152753 0.00808348 0.00404374
380 0.3 0.152753 0.00808348 0.00404374
390 0.3 0.152753 0.00808348 0.00404374
400 0.3 0.152753 0.00808348 0.00404374
410 0.3 0.152753 0.00808348 0.00404374
420 0.3 0.152753 0.00808348 0.00404374
430 0.3 0.152753 0.00808348 0.00404374
440 0.3 0.152753 0.00808348 0.00404374
450 0.3 0.152753 0.00808348 0.00404374
460 0.3 0.152753 0.00808348 0.00404374
470 0.3 0.152753 0.00808348 0.00404374
480 0.3 0.152753 0.00808348 0.00404374
490 0.3 0.152753 0.00808348 0.00404374
500 0.3 0.152753 0.00808348 0.00404374
510 0.3 0.152753 0.00808348 0.00404374
520 0.3 0.152753 0.00808348 0.00404374
530 0.3 0.152753 0.00808348 0.00404374
540 0.3 0.152753 0.00808348 0.00404374
550 0.3 0.152753 0.00808348 0.00404374
560 0.3 0.152753 0.00808348 0.00404374
570 0.3 0.152753 0.00808348 0.00404374
580 0.3 0.152753 0.00808348 0.00404374
590 0.3 0.152753 0.00808348 0.00404374
600 0.3 0.152753 0.00808348 0.00404374
610 0.3 0.152753 0.00808348 0.00404374
620 0.3 0.152753 0.00808348 0.00404374
630 0.3 0.152753 0.00808348 0.00404374
640 0.3 0.152753 0.00808348 0.00404374
650 0.3 0.152753 0.00808348 0.00404374
660 0.3 0.152753 0.00808348 0.00404374
670 0.3 0.152753 0.00808348 0.00404374
680 0.3 0.152753 0.00808348 0.00404374
690 0.3 0.152753 0.00808348 0.00404374
700 0.3 0.152753 0.00808348 0.00404374
710 0.3 0.152753 0.00808348 0.00404374
720 0.3 0.152753 0.00808348 0.00404374
730 0.3 0.152753 0.00808348 0.00404374
740 0.3 0.152753 0.00808348 0.00404374
750 0.3 0.152753 0.00808348 0.00404374
760 0.3 0.152753 0.00808348 0.00404374
770 0.3 0.152753 0.00808348 0.00404374
780 0.3 0.152753 0.00808348 0.00404374
790 0.3 0.152753 0.00808348 0.00404374
800 0.3 0.152753 0.00808348 0.00404374
810 0.3 0.152753 0.00808348 0.00404374
820 0.3 0.152753 0.00808348 0.00404374
830 0.3 0.152753 0.00808348 0.00404374
840 0.3 0.152753 0.00808348 0.00404374
850 0.3 0.152753 0.00808348 0.00404374
860 0.3 0.152753 0.00808348 0.00404374
870 0.3 0.152753 0.00808348 0.00404374
880 0.3 0.152753 0.00808348 0.00404374
890 0.3 0.152753 0.00808348 0.00404374
900 0.3 0.152753 0.00808348 0.00404374
910 0.3 0.152753 0.00808348 0.00404374
920 0.3 0.152753 0.00808348 0.00404374
930 0.3 0.152753 0.00808348 0.00404374
940 0.3 0.152753 0.00808348 0.00404374
950 0.3 0.152753 0.00808348 0.00404374
960 0.3 0.152753 0.00808348 0.00404374
970 0.3 0.152753 0.00808348 0.00404374
980 0.3 0.152753 0.00808348 0.00404374
990 0.3 0.152753 0.00808348 0.00404374
1000 0.3 0.152753 0.00808348 0.00404374
1010 0.3 0.152753 0.00808348 0.00404374
1020 0.3 0.152753 0.00808348 0.00404374
1030 0.3 0.152753 0.00808348 0.00404374
1040 0.3 0.152753 0.00808348 0.00404374
1050 0.3 0.152753 0.00808348 0.00404374
1060 0.3 0.152753 0.00808348 0.00404374
1070 0.3 0.152753 0.00808348 0.00404374
1080 0.3 0.152753 0.00808348 0.00404374
1090 0.3 0.152753 0.00808348 0.00404374
1100 0.3 0.152753 0.00808348 0.00404374
1110 0.3 0.152753 0.00808348 0.00404374
1120 0.3 0.152753 0.00808348 0.00404374
1130 0.3 0.152753 0.00808348 0.00404374
1140 0.3 0.152753 0.00808348 0.00404374
1150 0.3 0.152753 0.00808348 0.00404374
1160 0.3 0.152753 0.00808348 0.00404374
1170 0.3 0.152753 0.00808348 0.00404374
1180 0.3 0.152753 0.00808348 0.00404374
1190 0.3 0.152753 0.00808348 0.00404374
1200 0.3 0.152753 0.00808348 0.00404374
1210 0.3 0.152753 0.00808348 0.00404374
1220 0.3 0.152753 0.00808348 0.00404374
1230 0.3 0.152753 0.00808348 0.00404374
1240 0.3 0.152753 0.00808348 0.00404374
1250 0.3 0.152753 0.00808348 0.00404374
1260 0.3 0.152753 0.00808348 0.00404374
1270 0.3 0.152753 0.00808348 0.00404374
1280 0.3 0.152753 0.00808348 0.00404374
1290 0.3 0.152753 0.00808348 0.00404374
1300 0.3 0.152753 0.00808348 0.00404374
1310 0.3 0.152753 0.00808348 0.00404374
1320 0.3 0.152753 0.00808348 0.00404374
1330 0.3 0.152753 0.00808348 0.00404374
1340 0.3 0.152753 0.00808348 0.00404374
1350 0.3 0.152753 0.00808348 0.00404374
1360 0.3 0.152753 0.00808348 0.00404374
1370 0.3 0.152753 0.00808348 0.00404374
1380 0.3 0.152753 0.00808348 0.00404374
1390 0.3 0.152753 0.00808348 0.00404374
1400 0.3 0.152753 0.00808348 0.00404374
1410 0.3 0.152753 0.00808348 0.00404374
1420 0.3 0.152753 0.00808348 0.00404374
1430 0.3 0.152753 0.00808348 0.00404374
1440 0.3 0.152753 0.00808348 0.00404374


DSBSynaptic
0 0 0 0 0
0.0166667 0.185464 0.0202125 0.158951 0.0177972
0.0333333 0.359079 0.0162991 0.307246 0.00861984
0.05 0.472053 0.0321933 0.403513 0.0193679
0.0666667 0.579795 0.0308699 0.496105 0.0195602
0.0833333 0.644317 0.0198899 0.551734 0.0122199
0.1 0.679166 0.00994371 0.581937 0.0115148
0.116667 0.734429 0.00615706 0.629336 0.0111321
0.133333 0.783427 0.0224443 0.670635 0.00396825
0.15 0.827392 0.0286526 0.708113 0.00942573
0.166667 0.843119 0.0118372 0.722296 0.0102035
0.183333 0.862786 0.0152036 0.738977 0.00692956
0.2 0.883 0.0179395 0.75632 0.0115689
0.216667 0.89246 0.0159287 0.764403 0.00803524
0.233333 0.911927 0.0117585 0.781232 0.0096737
0.25 0.917303 0.0143911 0.785861 0.0127798
0.266667 0.926764 0.0121408 0.793945 0.010107
0.283333 0.935822 0.0048839 0.802322 0.0224599
0.3 0.93562 0.0130742 0.802469 0.0294426
0.316667 0.939704 0.0164295 0.805923 0.0303775
0.333333 0.940795 0.0219442 0.807246 0.03691
0.35 0.940795 0.0219442 0.807246 0.03691
0.366667 0.944678 0.0296445 0.810847 0.0436107
0.383333 0.928549 0.0358781 0.796958 0.0465648
0.4 0.943587 0.0290662 0.809524 0.0399462
0.416667 0.953795 0.024012 0.818122 0.0357571
0.433333 0.943042 0.0325963 0.808862 0.0401156
0.45 0.939159 0.0199692 0.805262 0.0294902
0.466667 0.959028 0.020204 0.821796 0.0218185
0.483333 0.983871 0.016129 0.843254 0.0228246
0.5 0.97441 0.0114001 0.83517 0.0208837
0.516667 0.979787 0.00602494 0.8398 0.0196152
0.533333 0.974956 0.00565707 0.835832 0.0228177
0.55 0.974956 0.00565707 0.835832 0.0228177
0.566667 0.985507 0.0144928 0.845238 0.0308232
0.583333 0.96121 0.0171693 0.824442 0.03165
0.6 0.966041 0.0124679 0.82841 0.0277364
0.616667 0.966242 0.00882998 0.828263 0.0213162
0.633333 0.970872 0.00792387 0.832378 0.0238409
0.65 0.975501 0.00951177 0.836493 0.0267632
0.666667 0.981079 0.00946697 0.840976 0.0216967
0.683333 0.976248 0.0127115 0.837008 0.0256622
0.7 0.962359 0.0202582 0.824662 0.021801
0.716667 0.966645 0.0180507 0.827969 0.0108901
0.733333 0.975904 0.00879795 0.836199 0.0134045
0.75 0.980533 0.00418239 0.840315 0.0161564
0.766667 0.971073 0.00737214 0.832231 0.0173575
0.783333 0.955691 0.00793647 0.818857 0.0120953
0.8 0.940308 0.0156899 0.805482 0.0109746
0.816667 0.926218 0.0158895 0.793283 0.00490379
0.833333 0.91118 0.00817917 0.780717 0.0118018
0.85 0.911323 0.0140106 0.781673 0.0295728
0.866667 0.907037 0.0260213 0.778366 0.0385009
0.883333 0.916699 0.0163825 0.786302 0.0306961
0.9 0.9169 0.0106623 0.786155 0.0241782
0.916667 0.922277 0.0155725 0.790785 0.0263787
0.933333 0.92153 0.0115774 0.79027 0.0268228
0.95 0.931192 0.00231624 0.798207 0.0191927
0.966667 0.925816 0.00334587 0.793577 0.0188619
0.983333 0.915608 0.00799296 0.784979 0.0225635
1 0.915608 0.00799296 0.784979 0.0225635
1.16667 0.882597 0.010433 0.756614 0.021164
1.33333 0.850683 0.0197969 0.729644 0.0306758
1.5 0.821555 0.0199615 0.704879 0.032371
1.66667 0.78616 0.023034 0.674015 0.0275733
1.83333 0.767986 0.0056911 0.658363 0.0176598
2 0.739806 0.0103523 0.633965 0.013769
2.16667 0.709041 0.0150469 0.607216 0.00579144
2.33333 0.679569 0.0226681 0.581643 0.00747864
2.5 0.650239 0.00841107 0.557025 0.0059009
2.66667 0.617974 0.0266415 0.529174 0.0202031
2.83333 0.602735 0.021239 0.516755 0.0229277
3 0.581574 0.0154251 0.499045 0.0238409
3.16667 0.520934 0.0174367 0.447016 0.0237463
3.33333 0.527057 0.0102709 0.45216 0.0189633
3.5 0.488325 0.00831883 0.418357 0.00747864
3.66667 0.47145 0.0180848 0.403954 0.0164879
3.83333 0.452528 0.00866549 0.387787 0.00995975
4 0.442321 0.0117771 0.379189 0.0142941
4.16667 0.437289 0.0174687 0.375367 0.0226609
4.33333 0.418368 0.0153482 0.3592 0.0212775
4.5 0.409453 0.0236099 0.351778 0.0271711
4.66667 0.389986 0.0216164 0.33495 0.024634
4.83333 0.368481 0.0172675 0.316432 0.0215709
5 0.342891 0.0242727 0.294459 0.0257696
5.16667 0.333632 0.0157795 0.286229 0.0176139
5.33333 0.313217 0.0254799 0.269033 0.026285
5.5 0.287829 0.0321204 0.246914 0.0294426
5.66667 0.273336 0.03166 0.235009 0.0311744
5.83333 0.259246 0.023904 0.22281 0.0245048
6 0.259246 0.023904 0.22281 0.0245048
6.16667 0.244754 0.0311119 0.210905 0.0313912
6.33333 0.234001 0.035879 0.201646 0.0349794
6.5 0.249584 0.0280908 0.214874 0.0287334
6.66667 0.230319 0.0169319 0.197898 0.0183437
6.83333 0.234949 0.0215299 0.202014 0.0224573
7 0.230118 0.0239101 0.198045 0.0247609
7.16667 0.215281 0.0243492 0.185332 0.0248566
7.33333 0.194321 0.0357604 0.167475 0.0339402
7.5 0.190438 0.0231254 0.163874 0.0230297
7.66667 0.175803 0.0182607 0.151014 0.0178463
7.83333 0.165394 0.0287822 0.142563 0.0275792
8 0.160966 0.0188987 0.138301 0.0181943
8.16667 0.145382 0.0281959 0.125073 0.0260133
8.33333 0.135175 0.0329364 0.116476 0.0302102
8.5 0.150557 0.0293281 0.12985 0.0278154
8.66667 0.1417 0.0145257 0.121326 0.0121328
8.83333 0.13687 0.0121955 0.117357 0.0111692
9 0.14633 0.0168438 0.125441 0.0149571
9.16667 0.132039 0.0115387 0.113389 0.0115668
9.33333 0.132039 0.0115387 0.113389 0.0115668
9.5 0.13687 0.0121955 0.117357 0.0111692
9.66667 0.127409 0.00765246 0.109274 0.00764786
9.83333 0.11815 0.00616429 0.101044 0.00308204
10 0.11815 0.00616429 0.101044 0.00308204
11 0.102709 0.0194035 0.0887713 0.0186551
12 0.0680614 0.0103255 0.0584215 0.00937143
13 0.0688081 0.00231624 0.0589359 0.00180603
14 0.044712 0.00890763 0.0379924 0.00686889
15 0.044712 0.00890763 0.0379924 0.00686889
16 0.0339593 0.0124679 0.0287331 0.00994456
17 0.023752 0.0127115 0.0201352 0.0105585
18 0.0291284 0.00792387 0.0247648 0.00630056
19 0.0144928 0.0144928 0.0119048 0.0119048
20 0.00946055 0.00473348 0.00808348 0.00404374
21 0.00946055 0.00473348 0.00808348 0.00404374
22 0.00946055 0.00473348 0.00808348 0.00404374
23 0.00462963 0.00462963 0.00411523 0.00411523
24 0.00462963 0.00462963 0.00411523 0.00411523
25 0.00462963 0.00462963 0.00411523 0.00411523
26 0.00462963 0.00462963 0.00411523 0.00411523
27 0 0 0 0
28 0 0 0 0
29 0 0 0 0
30 0 0 0 0
31 0 0 0 0
32 0 0 0 0
33 0 0 0 0
34 0 0 0 0
35 0 0 0 0
36 0 0 0 0
37 0 0 0 0
38 0 0 0 0
39 0 0 0 0
40 0 0 0 0
41 0 0 0 0
42 0 0 0 0
43 0 0 0 0
44 0 0 0 0
45 0 0 0 0
46 0 0 0 0
47 0 0 0 0
48 0 0 0 0
49 0 0 0 0
50 0 0 0 0
51 0 0 0 0
52 0 0 0 0
53 0 0 0 0
54 0 0 0 0
55 0 0 0 0
56 0 0 0 0
57 0 0 0 0
58 0 0 0 0
59 0 0 0 0
60 0 0 0 0
70 0 0 0 0
80 0 0 0 0
90 0 0 0 0
100 0 0 0 0
110 0 0 0 0
120 0 0 0 0
130 0 0 0 0
140 0 0 0 0
150 0 0 0 0
160 0 0 0 0
170 0 0 0 0
180 0 0 0 0
190 0 0 0 0
200 0 0 0 0
210 0 0 0 0
220 0 0 0 0
230 0 0 0 0
240 0 0 0 0
250 0 0 0 0
260 0 0 0 0
270 0 0 0 0
280 0 0 0 0
290 0 0 0 0
300 0 0 0 0
310 0 0 0 0
320 0 0 0 0
330 0 0 0 0
340 0 0 0 0
350 0 0 0 0
360 0 0 0 0
370 0 0 0 0
380 0 0 0 0
390 0 0 0 0
400 0 0 0 0
410 0 0 0 0
420 0 0 0 0
430 0 0 0 0
440 0 0 0 0
450 0 0 0 0
460 0 0 0 0
470 0 0 0 0
480 0 0 0 0
490 0 0 0 0
500 0 0 0 0
510 0 0 0 0
520 0 0 0 0
530 0 0 0 0
540 0 0 0 0
550 0 0 0 0
560 0 0 0 0
570 0 0 0 0
580 0 0 0 0
590 0 0 0 0
600 0 0 0 0
610 0 0 0 0
620 0 0 0 0
630 0 0 0 0
640 0 0 0 0
650 0 0 0 0
660 0 0 0 0
670 0 0 0 0
680 0 0 0 0
690 0 0 0 0
700 0 0 0 0
710 0 0 0 0
720 0 0 0 0
730 0 0 0 0
740 0 0 0 0
750 0 0 0 0
760 0 0 0 0
770 0 0 0 0
780 0 0 0 0
790 0 0 0 0
800 0 0 0 0
810 0 0 0 0
820 0 0 0 0
830 0 0 0 0
840 0 0 0 0
850 0 0 0 0
860 0 0 0 0
870 0 0 0 0
880 0 0 0 0
890 0 0 0 0
900 0 0 0 0
910 0 0 0 0
920 0 0 0 0
930 0 0 0 0
940 0 0 0 0
950 0 0 0 0
960 0 0 0 0
970 0 0 0 0
980 0 0 0 0
990 0 0 0 0
1000 0 0 0 0
1010 0 0 0 0
1020 0 0 0 0
1030 0 0 0 0
1040 0 0 0 0
1050 0 0 0 0
1060 0 0 0 0
1070 0 0 0 0
1080 0 0 0 0
1090 0 0 0 0
1100 0 0 0 0
1110 0 0 0 0
1120 0 0 0 0
1130 0 0 0 0
1140 0 0 0 0
1150 0 0 0 0
1160 0 0 0 0
1170 0 0 0 0
1180 0 0 0 0
1190 0 0 0 0
1200 0 0 0 0
1210 0 0 0 0
1220 0 0 0 0
1230 0 0 0 0
1240 0 0 0 0
1250 0 0 0 0
1260 0 0 0 0
1270 0 0 0 0
1280 0 0 0 0
1290 0 0 0 0
1300 0 0 0 0
1310 0 0 0 0
1320 0 0 0 0
1330 0 0 0 0
1340 0 0 0 0
1350 0 0 0 0
1360 0 0 0 0
1370 0 0 0 0
1380 0 0 0 0
1390 0 0 0 0
1400 0 0 0 0
1410 0 0 0 0
1420 0 0 0 0
1430 0 0 0 0
1440 0 0 0 0


DSBSynaptic_Stable
0 0 0 0 0
0.0166667 0 0 0 0
0.0333333 0 0 0 0
0.05 0.00653595 0.00653595 0.00462963 0.00462963
0.0666667 0.0122831 0.00617941 0.00859788 0.00433693
0.0833333 0.0180302 0.00998552 0.0125661 0.00690496
0.1 0.0303133 0.0155808 0.021164 0.0108272
0.116667 0.0303133 0.0155808 0.021164 0.0108272
0.133333 0.0303133 0.0155808 0.021164 0.0108272
0.15 0.0368492 0.0185382 0.0257937 0.0130108
0.166667 0.0490066 0.0151731 0.0338771 0.010902
0.183333 0.0490066 0.0151731 0.0338771 0.010902
0.2 0.0490066 0.0151731 0.0338771 0.010902
0.216667 0.0490066 0.0151731 0.0338771 0.010902
0.233333 0.0490066 0.0151731 0.0338771 0.010902
0.25 0.061164 0.0138325 0.0419606 0.0100563
0.266667 0.0676999 0.0147905 0.0465902 0.0110092
0.283333 0.0734471 0.0189249 0.0505585 0.0137213
0.3 0.0791942 0.0237403 0.0545267 0.0169363
0.316667 0.0791942 0.0237403 0.0545267 0.0169363
0.333333 0.0791942 0.0237403 0.0545267 0.0169363
0.35 0.0856044 0.0185361 0.058642 0.0134534
0.366667 0.104298 0.0178873 0.0713551 0.0132717
0.383333 0.110834 0.0179379 0.0759847 0.0137378
0.4 0.110834 0.0179379 0.0759847 0.0137378
0.416667 0.110834 0.0179379 0.0759847 0.0137378
0.433333 0.11737 0.0202242 0.0806143 0.0156263
0.45 0.11737 0.0202242 0.0806143 0.0156263
0.466667 0.11737 0.0202242 0.0806143 0.0156263
0.483333 0.11737 0.0202242 0.0806143 0.0156263
0.5 0.123117 0.0236689 0.0845826 0.0178314
0.516667 0.128864 0.0278832 0.0885509 0.0205726
0.533333 0.128864 0.0278832 0.0885509 0.0205726
0.55 0.128864 0.0278832 0.0885509 0.0205726
0.566667 0.128864 0.0278832 0.0885509 0.0205726
0.583333 0.141021 0.0270571 0.0966343 0.0199854
0.6 0.141021 0.0270571 0.0966343 0.0199854
0.616667 0.147432 0.0220356 0.10075 0.0165138
0.633333 0.147432 0.0220356 0.10075 0.0165138
0.65 0.147432 0.0220356 0.10075 0.0165138
0.666667 0.153842 0.0179229 0.104865 0.0134114
0.683333 0.165999 0.0210021 0.112948 0.0149611
0.7 0.172409 0.0201066 0.117063 0.0135057
0.716667 0.172409 0.0201066 0.117063 0.0135057
0.733333 0.178157 0.0252092 0.121032 0.0173351
0.75 0.184693 0.0202705 0.125661 0.0145503
0.766667 0.19685 0.0245033 0.133745 0.0168423
0.783333 0.209922 0.0157664 0.143004 0.0126422
0.8 0.209922 0.0157664 0.143004 0.0126422
0.816667 0.215669 0.0215034 0.146972 0.0164156
0.833333 0.227826 0.024429 0.155056 0.0177326
0.85 0.239321 0.0357915 0.162992 0.0256622
0.866667 0.239321 0.0357915 0.162992 0.0256622
0.883333 0.239321 0.0357915 0.162992 0.0256622
0.9 0.239321 0.0357915 0.162992 0.0256622
0.916667 0.239321 0.0357915 0.162992 0.0256622
0.933333 0.239321 0.0357915 0.162992 0.0256622
0.95 0.239321 0.0357915 0.162992 0.0256622
0.966667 0.239321 0.0357915 0.162992 0.0256622
0.983333 0.252392 0.0297766 0.172252 0.0228276
1 0.252392 0.0297766 0.172252 0.0228276
1.16667 0.270297 0.0372882 0.184303 0.0274221
1.33333 0.313556 0.043408 0.214212 0.0328432
1.5 0.350943 0.0420886 0.239638 0.0325047
1.66667 0.395529 0.0295283 0.269841 0.0255123
1.83333 0.402065 0.0298764 0.274471 0.0266281
2 0.446273 0.0172926 0.303131 0.00924613
2.16667 0.484449 0.00853241 0.329218 0.00411523
2.33333 0.521047 0.0154681 0.353983 0.0075455
2.5 0.545362 0.0276782 0.37015 0.0131741
2.66667 0.589033 0.0422015 0.399177 0.0190538
2.83333 0.61281 0.0417009 0.415711 0.0224292
3 0.645364 0.0194595 0.438345 0.00703206
3.16667 0.70798 0.0128559 0.481114 0.00601645
3.33333 0.713727 0.0138592 0.485082 0.00892456
3.5 0.733209 0.00840438 0.498457 0.00938698
3.66667 0.739082 0.00429287 0.502939 0.0175119
3.83333 0.751365 0.0104468 0.511537 0.0218185
4 0.752028 0.00680975 0.511684 0.0173743
4.16667 0.763523 0.00748914 0.519621 0.0191469
4.33333 0.806656 0.0113768 0.549015 0.0214289
4.5 0.818151 0.0224081 0.556952 0.0264588
4.66667 0.818025 0.0230329 0.556437 0.0221514
4.83333 0.84979 0.0154844 0.57841 0.0239447
5 0.84979 0.0154844 0.57841 0.0239447
5.16667 0.875683 0.00522338 0.595899 0.0208202
5.33333 0.888629 0.00683963 0.604644 0.0205304
5.5 0.907448 0.0172127 0.617872 0.0285172
5.66667 0.919731 0.0221876 0.62647 0.0325976
5.83333 0.924689 0.0201415 0.629777 0.031128
6 0.931099 0.0137799 0.633892 0.0270417
6.16667 0.929648 0.028618 0.633083 0.0334309
6.33333 0.929648 0.028618 0.633083 0.0334309
6.5 0.924564 0.0129129 0.629262 0.0245143
6.66667 0.918153 0.0184564 0.625147 0.0286286
6.83333 0.911743 0.0244278 0.621032 0.0327431
7 0.91749 0.0289776 0.625 0.0349529
7.16667 0.929773 0.0343593 0.633598 0.0391722
7.33333 0.955666 0.0259187 0.651088 0.0357155
7.5 0.962076 0.0195115 0.655203 0.0316387
7.66667 0.981432 0.0111227 0.668063 0.0268037
7.83333 0.962076 0.0195115 0.655203 0.0316387
8 0.962076 0.0195115 0.655203 0.0316387
8.16667 0.967823 0.023078 0.659171 0.0333089
8.33333 0.95554 0.017427 0.650573 0.028996
8.5 0.949793 0.0134276 0.646605 0.0273022
8.66667 0.956741 0.0121879 0.650353 0.0109166
8.83333 0.938047 0.0120593 0.63764 0.0105731
9 0.944583 0.00896897 0.642269 0.0142586
9.16667 0.943794 0.0117539 0.641608 0.0121754
9.33333 0.944457 0.0183604 0.641755 0.00670499
9.5 0.925764 0.0182104 0.629042 0.00630955
9.66667 0.925638 0.0290211 0.628527 0.00180453
9.83333 0.919891 0.0307137 0.624559 0.00306271
10 0.926302 0.0370765 0.628674 0.00686889
11 0.880927 0.0407054 0.59781 0.0147561
12 0.863686 0.0410463 0.585905 0.0103266
13 0.826962 0.0487516 0.560626 0.0160753
14 0.794534 0.0516007 0.538507 0.0201239
15 0.745779 0.0420188 0.505658 0.0132253
16 0.727211 0.0311986 0.49346 0.00638231
17 0.702107 0.0248489 0.476631 0.00268199
18 0.651649 0.0356381 0.441946 0.0127035
19 0.627871 0.0430242 0.425412 0.0161935
20 0.614388 0.0248015 0.417034 0.00756908
21 0.582497 0.0483893 0.394547 0.0236793
22 0.539363 0.0478602 0.365153 0.0232143
23 0.514134 0.0541922 0.34781 0.0283477
24 0.496229 0.0477144 0.335758 0.023209
25 0.476747 0.0546962 0.322384 0.0294795
26 0.458054 0.0549612 0.309671 0.0300475
27 0.446434 0.0647734 0.30122 0.0354375
28 0.42133 0.0595224 0.284392 0.0327498
29 0.39689 0.0594334 0.26771 0.0326632
30 0.377408 0.0659011 0.254336 0.0382359
31 0.370872 0.0720164 0.249706 0.0427199
32 0.352304 0.0612662 0.237507 0.0359875
33 0.345768 0.0675355 0.232878 0.0405525
34 0.315581 0.0658032 0.212228 0.0389427
35 0.30276 0.0558235 0.203998 0.0330995
36 0.271658 0.0722074 0.182172 0.0443778
37 0.252301 0.0690469 0.169312 0.0433693
38 0.233608 0.0693686 0.156599 0.0439357
39 0.220662 0.0717064 0.147854 0.0461942
40 0.201969 0.0720891 0.135141 0.0467762
41 0.196221 0.0700305 0.131173 0.0450712
42 0.190474 0.0683943 0.127205 0.0436614
43 0.190474 0.0683943 0.127205 0.0436614
44 0.190474 0.0683943 0.127205 0.0436614
45 0.184727 0.0672111 0.123236 0.0425759
46 0.184727 0.0672111 0.123236 0.0425759
47 0.166034 0.0674418 0.110523 0.0431035
48 0.160287 0.0666759 0.106555 0.042339
49 0.160287 0.0666759 0.106555 0.042339
50 0.148129 0.06095 0.0984715 0.0385564
51 0.148129 0.06095 0.0984715 0.0385564
52 0.141719 0.0557044 0.0943563 0.0353312
53 0.129562 0.049921 0.0862728 0.0315046
54 0.129562 0.049921 0.0862728 0.0315046
55 0.116741 0.0400685 0.0780423 0.0255466
56 0.116741 0.0400685 0.0780423 0.0255466
57 0.116741 0.0400685 0.0780423 0.0255466
58 0.116741 0.0400685 0.0780423 0.0255466
59 0.110205 0.046421 0.0734127 0.0301126
60 0.103795 0.0423436 0.0692975 0.027723
70 0.078154 0.0341625 0.0528366 0.0235469
80 0.0602495 0.0242364 0.0407848 0.0167156
90 0.030725 0.01676 0.0202822 0.0108362
100 0.0185676 0.0111227 0.0121987 0.0071293
110 0.0185676 0.0111227 0.0121987 0.0071293
120 0.0121574 0.00610576 0.00808348 0.00404374
130 0.00574713 0.00574713 0.00396825 0.00396825
140 0.00574713 0.00574713 0.00396825 0.00396825
150 0.00574713 0.00574713 0.00396825 0.00396825
160 0.00574713 0.00574713 0.00396825 0.00396825
170 0 0 0 0
180 0 0 0 0
190 0 0 0 0
200 0 0 0 0
210 0 0 0 0
220 0 0 0 0
230 0 0 0 0
240 0 0 0 0
250 0 0 0 0
260 0 0 0 0
270 0 0 0 0
280 0 0 0 0
290 0 0 0 0
300 0 0 0 0
310 0 0 0 0
320 0 0 0 0
330 0 0 0 0
340 0 0 0 0
350 0 0 0 0
360 0 0 0 0
370 0 0 0 0
380 0 0 0 0
390 0 0 0 0
400 0 0 0 0
410 0 0 0 0
420 0 0 0 0
430 0 0 0 0
440 0 0 0 0
450 0 0 0 0
460 0 0 0 0
470 0 0 0 0
480 0 0 0 0
490 0 0 0 0
500 0 0 0 0
510 0 0 0 0
520 0 0 0 0
530 0 0 0 0
540 0 0 0 0
550 0 0 0 0
560 0 0 0 0
570 0 0 0 0
580 0 0 0 0
590 0 0 0 0
600 0 0 0 0
610 0 0 0 0
620 0 0 0 0
630 0 0 0 0
640 0 0 0 0
650 0 0 0 0
660 0 0 0 0
670 0 0 0 0
680 0 0 0 0
690 0 0 0 0
700 0 0 0 0
710 0 0 0 0
720 0 0 0 0
730 0 0 0 0
740 0 0 0 0
750 0 0 0 0
760 0 0 0 0
770 0 0 0 0
780 0 0 0 0
790 0 0 0 0
800 0 0 0 0
810 0 0 0 0
820 0 0 0 0
830 0 0 0 0
840 0 0 0 0
850 0 0 0 0
860 0 0 0 0
870 0 0 0 0
880 0 0 0 0
890 0 0 0 0
900 0 0 0 0
910 0 0 0 0
920 0 0 0 0
930 0 0 0 0
940 0 0 0 0
950 0 0 0 0
960 0 0 0 0
970 0 0 0 0
980 0 0 0 0
990 0 0 0 0
1000 0 0 0 0
1010 0 0 0 0
1020 0 0 0 0
1030 0 0 0 0
1040 0 0 0 0
1050 0 0 0 0
1060 0 0 0 0
1070 0 0 0 0
1080 0 0 0 0
1090 0 0 0 0
1100 0 0 0 0
1110 0 0 0 0
1120 0 0 0 0
1130 0 0 0 0
1140 0 0 0 0
1150 0 0 0 0
1160 0 0 0 0
1170 0 0 0 0
1180 0 0 0 0
1190 0 0 0 0
1200 0 0 0 0
1210 0 0 0 0
1220 0 0 0 0
1230 0 0 0 0
1240 0 0 0 0
1250 0 0 0 0
1260 0 0 0 0
1270 0 0 0 0
1280 0 0 0 0
1290 0 0 0 0
1300 0 0 0 0
1310 0 0 0 0
1320 0 0 0 0
1330 0 0 0 0
1340 0 0 0 0
1350 0 0 0 0
1360 0 0 0 0
1370 0 0 0 0
1380 0 0 0 0
1390 0 0 0 0
1400 0 0 0 0
1410 0 0 0 0
1420 0 0 0 0
1430 0 0 0 0
1440 0 0 0 0


DSB_Residual
0 1 0 1 0
0.0166667 1 0 1 0
0.0333333 1 0 1 0
0.05 1 0 1 0
0.0666667 1 0 1 0
0.0833333 1 0 1 0
0.1 1 0 1 0
0.116667 1 0 1 0
0.133333 1 0 1 0
0.15 1 0 1 0
0.166667 1 0 1 0
0.183333 1 0 1 0
0.2 1 0 1 0
0.216667 1 0 1 0
0.233333 1 0 1 0
0.25 1 0 1 0
0.266667 1 0 1 0
0.283333 1 0 1 0
0.3 1 0 1 0
0.316667 1 0 1 0
0.333333 1 0 1 0
0.35 1 0 1 0
0.366667 1 0 1 0
0.383333 1 0 1 0
0.4 1 0 1 0
0.416667 1 0 1 0
0.433333 1 0 1 0
0.45 1 0 1 0
0.466667 1 0 1 0
0.483333 1 0 1 0
0.5 1 0 1 0
0.516667 1 0 1 0
0.533333 1 0 1 0
0.55 1 0 1 0
0.566667 1 0 1 0
0.583333 1 0 1 0
0.6 1 0 1 0
0.616667 1 0 1 0
0.633333 1 0 1 0
0.65 1 0 1 0
0.666667 1 0 1 0
0.683333 1 0 1 0
0.7 1 0 1 0
0.716667 1 0 1 0
0.733333 1 0 1 0
0.75 1 0 1 0
0.766667 1 0 1 0
0.783333 1 0 1 0
0.8 1 0 1 0
0.816667 1 0 1 0
0.833333 1 0 1 0
0.85 1 0 1 0
0.866667 1 0 1 0
0.883333 1 0 1 0
0.9 1 0 1 0
0.916667 1 0 1 0
0.933333 1 0 1 0
0.95 1 0 1 0
0.966667 1 0 1 0
0.983333 1 0 1 0
1 1 0 1 0
1.16667 0.995984 0.00401606 0.996032 0.00396825
1.33333 0.991354 0.00435538 0.991402 0.00433693
1.5 0.991354 0.00435538 0.991402 0.00433693
1.66667 0.986725 0.00804219 0.986772 0.00804598
1.83333 0.978542 0.00460338 0.978689 0.00462671
2 0.974375 0.00110768 0.974574 0.00120302
2.16667 0.974375 0.00110768 0.974574 0.00120302
2.33333 0.974375 0.00110768 0.974574 0.00120302
2.5 0.969746 0.00571212 0.969944 0.00581099
2.66667 0.96573 0.00490166 0.965976 0.00497269
2.83333 0.961714 0.0069052 0.962008 0.00686889
3 0.961714 0.0069052 0.962008 0.00686889
3.16667 0.957697 0.0101782 0.958039 0.0100563
3.33333 0.957697 0.0101782 0.958039 0.0100563
3.5 0.953531 0.00699014 0.953924 0.00685552
3.66667 0.949364 0.00537136 0.949809 0.00517073
3.83333 0.949364 0.00537136 0.949809 0.00517073
4 0.937165 0.0123191 0.937757 0.0120309
4.16667 0.937165 0.0123191 0.937757 0.0120309
4.33333 0.937165 0.0123191 0.937757 0.0120309
4.5 0.932999 0.0129509 0.933642 0.0126317
4.66667 0.919573 0.00556679 0.920267 0.00522062
4.83333 0.919573 0.00556679 0.920267 0.00522062
5 0.90676 0.00506185 0.907554 0.00466854
5.16667 0.898115 0.00337097 0.898956 0.00308204
5.33333 0.898115 0.00337097 0.898956 0.00308204
5.5 0.893948 0.00456827 0.894841 0.00413029
5.66667 0.889932 0.00682372 0.890873 0.00637808
5.83333 0.885302 0.00291978 0.886243 0.0026455
6 0.885302 0.00291978 0.886243 0.0026455
6.16667 0.876506 0.00150602 0.877499 0.00178346
6.33333 0.871876 0.0055384 0.872869 0.0060151
6.5 0.863844 0.00581464 0.864932 0.00591735
6.66667 0.855511 0.00320781 0.856702 0.00268199
6.83333 0.851344 0.00711431 0.852587 0.00663983
7 0.851344 0.00711431 0.852587 0.00663983
7.16667 0.847178 0.0112098 0.848471 0.0107169
7.33333 0.843162 0.0104249 0.844503 0.00980758
7.5 0.843162 0.0104249 0.844503 0.00980758
7.66667 0.843162 0.0104249 0.844503 0.00980758
7.83333 0.826183 0.0138723 0.827675 0.0132253
8 0.826183 0.0138723 0.827675 0.0132253
8.16667 0.821553 0.010792 0.823045 0.0102881
8.33333 0.804111 0.00920166 0.805703 0.00903731
8.5 0.800095 0.00631591 0.801734 0.00591735
8.66667 0.791449 0.0022199 0.793136 0.00228517
8.83333 0.778637 0.00238662 0.780423 0.0026455
9 0.778637 0.00238662 0.780423 0.0026455
9.16667 0.774007 0.0055773 0.775794 0.00637808
9.33333 0.769991 0.00325375 0.771825 0.00413029
9.5 0.757179 0.00372604 0.759112 0.00466854
9.66667 0.748533 0.00765689 0.750514 0.00846815
9.83333 0.744517 0.00899788 0.746546 0.00946033
10 0.744517 0.00899788 0.746546 0.00946033
11 0.697434 0.0138983 0.699809 0.0145771
12 0.658997 0.0146471 0.66167 0.0155353
13 0.629356 0.0166 0.632275 0.0173477
14 0.594322 0.0204507 0.597443 0.0219265
15 0.556961 0.00971985 0.560479 0.0111474
16 0.539982 0.00650749 0.543651 0.00826058
17 0.509728 0.0119765 0.513595 0.013892
18 0.474844 0.0222123 0.478909 0.0242425
19 0.44937 0.0248204 0.45363 0.0268182
20 0.432854 0.0150871 0.437316 0.0173161
21 0.410319 0.0318959 0.41483 0.0341301
22 0.380678 0.0316228 0.385435 0.0339259
23 0.35922 0.0356042 0.364124 0.0379207
24 0.347021 0.0312957 0.352072 0.0335075
25 0.333595 0.0365477 0.338698 0.0389733
26 0.320783 0.0370229 0.325985 0.0395028
27 0.308121 0.0401758 0.313419 0.0425103
28 0.291142 0.0372278 0.29659 0.0397326
29 0.274314 0.0373134 0.279909 0.0397544
30 0.260888 0.0424789 0.266534 0.0451337
31 0.256258 0.0468807 0.261905 0.0495635
32 0.243909 0.0399165 0.249706 0.0427199
33 0.239279 0.0444113 0.245076 0.0472321
34 0.218435 0.0432192 0.224427 0.0459507
35 0.210102 0.0369026 0.216196 0.0398458
36 0.18818 0.0484315 0.194371 0.0513153
37 0.175218 0.0469007 0.181511 0.0499842
38 0.162405 0.0474024 0.168798 0.0505381
39 0.153609 0.0493564 0.160053 0.0525617
40 0.140797 0.0498763 0.14734 0.0531325
41 0.13678 0.048409 0.143372 0.0516492
42 0.132764 0.0472384 0.139403 0.0504351
43 0.132764 0.0472384 0.139403 0.0504351
44 0.132764 0.0472384 0.139403 0.0504351
45 0.128748 0.0463871 0.135435 0.0495102
46 0.128748 0.0463871 0.135435 0.0495102
47 0.115936 0.0468484 0.122722 0.050027
48 0.11192 0.0463061 0.118754 0.0493816
49 0.11192 0.0463061 0.118754 0.0493816
50 0.103737 0.0425642 0.11067 0.0456323
51 0.103737 0.0425642 0.11067 0.0456323
52 0.0995705 0.0391426 0.106555 0.042339
53 0.0913878 0.0353709 0.0984715 0.0385564
54 0.0913878 0.0353709 0.0984715 0.0385564
55 0.0830544 0.0288463 0.090241 0.0323089
56 0.0830544 0.0288463 0.090241 0.0323089
57 0.0830544 0.0288463 0.090241 0.0323089
58 0.0830544 0.0288463 0.090241 0.0323089
59 0.0784248 0.0333085 0.0856114 0.0368032
60 0.0742581 0.030541 0.0814962 0.0341301
70 0.0575915 0.0239409 0.0650353 0.0272968
80 0.0453927 0.0170154 0.0529835 0.0205182
90 0.0246988 0.0144369 0.0324809 0.0178926
100 0.0165161 0.0110534 0.0243974 0.0142586
110 0.0165161 0.0110534 0.0243974 0.0142586
120 0.0123494 0.00721845 0.0202822 0.0108362
130 0.00818273 0.00409344 0.016167 0.00808749
140 0.00818273 0.00409344 0.016167 0.00808749
150 0.00818273 0.00409344 0.016167 0.00808749
160 0.00818273 0.00409344 0.016167 0.00808749
170 0.00416667 0.00416667 0.0121987 0.0071293
180 0.00416667 0.00416667 0.0121987 0.0071293
190 0.00416667 0.00416667 0.0121987 0.0071293
200 0.00416667 0.00416667 0.0121987 0.0071293
210 0.00416667 0.00416667 0.0121987 0.0071293
220 0 0 0.00808348 0.00404374
230 0 0 0.00808348 0.00404374
240 0 0 0.00808348 0.00404374
250 0 0 0.00808348 0.00404374
260 0 0 0.00808348 0.00404374
270 0 0 0.00808348 0.00404374
280 0 0 0.00808348 0.00404374
290 0 0 0.00808348 0.00404374
300 0 0 0.00808348 0.00404374
310 0 0 0.00808348 0.00404374
320 0 0 0.00808348 0.00404374
330 0 0 0.00808348 0.00404374
340 0 0 0.00808348 0.00404374
350 0 0 0.00808348 0.00404374
360 0 0 0.00808348 0.00404374
370 0 0 0.00808348 0.00404374
380 0 0 0.00808348 0.00404374
390 0 0 0.00808348 0.00404374
400 0 0 0.00808348 0.00404374
410 0 0 0.00808348 0.00404374
420 0 0 0.00808348 0.00404374
430 0 0 0.00808348 0.00404374
440 0 0 0.00808348 0.00404374
450 0 0 0.00808348 0.00404374
460 0 0 0.00808348 0.00404374
470 0 0 0.00808348 0.00404374
480 0 0 0.00808348 0.00404374
490 0 0 0.00808348 0.00404374
500 0 0 0.00808348 0.00404374
510 0 0 0.00808348 0.00404374
520 0 0 0.00808348 0.00404374
530 0 0 0.00808348 0.00404374
540 0 0 0.00808348 0.00404374
550 0 0 0.00808348 0.00404374
560 0 0 0.00808348 0.00404374
570 0 0 0.00808348 0.00404374
580 0 0 0.00808348 0.00404374
590 0 0 0.00808348 0.00404374
600 0 0 0.00808348 0.00404374
610 0 0 0.00808348 0.00404374
620 0 0 0.00808348 0.00404374
630 0 0 0.00808348 0.00404374
640 0 0 0.00808348 0.00404374
650 0 0 0.00808348 0.00404374
660 0 0 0.00808348 0.00404374
670 0 0 0.00808348 0.00404374
680 0 0 0.00808348 0.00404374
690 0 0 0.00808348 0.00404374
700 0 0 0.00808348 0.00404374
710 0 0 0.00808348 0.00404374
720 0 0 0.00808348 0.00404374
730 0 0 0.00808348 0.00404374
740 0 0 0.00808348 0.00404374
750 0 0 0.00808348 0.00404374
760 0 0 0.00808348 0.00404374
770 0 0 0.00808348 0.00404374
780 0 0 0.00808348 0.00404374
790 0 0 0.00808348 0.00404374
800 0 0 0.00808348 0.00404374
810 0 0 0.00808348 0.00404374
820 0 0 0.00808348 0.00404374
830 0 0 0.00808348 0.00404374
840 0 0 0.00808348 0.00404374
850 0 0 0.00808348 0.00404374
860 0 0 0.00808348 0.00404374
870 0 0 0.00808348 0.00404374
880 0 0 0.00808348 0.00404374
890 0 0 0.00808348 0.00404374
900 0 0 0.00808348 0.00404374
910 0 0 0.00808348 0.00404374
920 0 0 0.00808348 0.00404374
930 0 0 0.00808348 0.00404374
940 0 0 0.00808348 0.00404374
950 0 0 0.00808348 0.00404374
960 0 0 0.00808348 0.00404374
970 0 0 0.00808348 0.00404374
980 0 0 0.00808348 0.00404374
990 0 0 0.00808348 0.00404374
1000 0 0 0.00808348 0.00404374
1010 0 0 0.00808348 0.00404374
1020 0 0 0.00808348 0.00404374
1030 0 0 0.00808348 0.00404374
1040 0 0 0.00808348 0.00404374
1050 0 0 0.00808348 0.00404374
1060 0 0 0.00808348 0.00404374
1070 0 0 0.00808348 0.00404374
1080 0 0 0.00808348 0.00404374
1090 0 0 0.00808348 0.00404374
1100 0 0 0.00808348 0.00404374
1110 0 0 0.00808348 0.00404374
1120 0 0 0.00808348 0.00404374
1130 0 0 0.00808348 0.00404374
1140 0 0 0.00808348 0.00404374
1150 0 0 0.00808348 0.00404374
1160 0 0 0.00808348 0.00404374
1170 0 0 0.00808348 0.00404374
1180 0 0 0.00808348 0.00404374
1190 0 0 0.00808348 0.00404374
1200 0 0 0.00808348 0.00404374
1210 0 0 0.00808348 0.00404374
1220 0 0 0.00808348 0.00404374
1230 0 0 0.00808348 0.00404374
1240 0 0 0.00808348 0.00404374
1250 0 0 0.00808348 0.00404374
1260 0 0 0.00808348 0.00404374
1270 0 0 0.00808348 0.00404374
1280 0 0 0.00808348 0.00404374
1290 0 0 0.00808348 0.00404374
1300 0 0 0.00808348 0.00404374
1310 0 0 0.00808348 0.00404374
1320 0 0 0.00808348 0.00404374
1330 0 0 0.00808348 0.00404374
1340 0 0 0.00808348 0.00404374
1350 0 0 0.00808348 0.00404374
1360 0 0 0.00808348 0.00404374
1370 0 0 0.00808348 0.00404374
1380 0 0 0.00808348 0.00404374
1390 0 0 0.00808348 0.00404374
1400 0 0 0.00808348 0.00404374
1410 0 0 0.00808348 0.00404374
1420 0 0 0.00808348 0.00404374
1430 0 0 0.00808348 0.00404374
1440 0 0 0.00808348 0.00404374


Time || Bleached_RelInit SEM_RelInit
1 0 0.0595114
2 0 0.0630288
3 0.0220423 0.0644256
4 0.0451342 0.0766337
5 0.0498575 0.0774175
6 0.0967161 0.0706846
7 0.104963 0.0553034
8 0.122132 0.0599771
9 0.151747 0.0645638
10 0.165392 0.0534502
11 0.182036 0.0612871
12 0.190133 0.0568335
13 0.214875 0.0477748
14 0.239616 0.0523935
15 0.252737 0.0516359
16 0.261508 0.0556004
17 0.266232 0.0498018
18 0.27043 0.0472226
19 0.288124 0.0568931
20 0.301095 0.058219
21 0.318414 0.08622
22 0.319088 0.0974467
23 0.327185 0.085195
24 0.335283 0.0788416
25 0.352302 0.0812612
26 0.355451 0.0818585
27 0.368121 0.0724903
28 0.368121 0.0705794
29 0.372845 0.0691058
30 0.385815 0.0691139
40 0.447143 0.077901
50 0.538836 0.116733
60 0.592068 0.124419
70 0.616059 0.119434
80 0.658195 0.12664
90 0.697406 0.110813
100 0.760759 0.100131
110 0.773954 0.105318
120 0.797796 0.105394
130 0.821712 0.127341
140 0.82996 0.128166
150 0.884016 0.0889511
160 0.918429 0.0769012
170 0.935148 0.0669193
180 0.935523 0.074075
190 0.933348 0.0776098
200 0.934548 0.0780121
210 0.934998 0.0780845
220 0.964462 0.0805817
230 0.990403 0.0923057
240 1 0.109734
250 0.985305 0.10942
260 0.983431 0.108302
270 0.948043 0.111634
280 0.945194 0.102264
290 0.949393 0.106496
300 0.952617 0.12107
310 0.940471 0.126704
320 0.927051 0.118795
330 0.943695 0.114564
340 0.925851 0.126179
350 0.911681 0.13005
360 0.908832 0.114923
370 0.883116 0.109446
380 0.874194 0.117291
390 0.878917 0.12169
400 0.87052 0.127005
410 0.883416 0.137412
420 0.879217 0.12242
430 0.879892 0.108638
440 0.853801 0.120297
450 0.849828 0.112993
460 0.835133 0.120745
470 0.799895 0.119329
480 0.814365 0.114717
490 0.800045 0.0888202
500 0.770055 0.0879682
510 0.774629 0.0927707
520 0.748688 0.089458
530 0.753036 0.087272
540 0.735343 0.0863574
550 0.717799 0.0838423
560 0.693057 0.0827849
570 0.705653 0.0839178
630 0.61381 0.0962151
690 0.535987 0.0871491
750 0.480732 0.0885505
810 0.40126 0.0932655
870 0.334233 0.0879805
930 0.290448 0.0860072
990 0.238567 0.0854985
1050 0.167791 0.0883118
1110 0.112011 0.0936393
1170 0.082921 0.0852549
1230 0.037037 0.09677
1290 0 0.0962997
1350 0 0.101873
1410 0 0.0963069
1470 0 0.103202
1530 0 0.103882
1590 0 0.11041
1650 0 0.106899
1710 0 0.106789
1770 0 0.114232
1830 0 0.120666
1890 0 0.111149
1950 0 0.117511
2010 0 0.115221
2070 0 0.107347
2130 0 0.123132
2190 0 0.121627
2250 0 0.12247
2310 0 0.125883
2370 0 0.126774
2430 0 0.124176
2490 0 0.122061
2550 0 0.122061
2610 0 0.122061
2670 0 0.120454
2730 0 0.120454
2790 0 0.121233
2850 0 0.120106
2910 0 0.120106
2970 0 0.114679
3030 0 0.114679
3090 0 0.110269
3150 0 0.105329
3210 0 0.105329
3270 0 0.0983821
3330 0 0.0983821
3390 0 0.0983821
3450 0 0.0983821
3510 0 0.10362
3570 0 0.100806
4170 0 0.0962824
4770 0 0.0901395
5370 0 0.0863173
5970 0 0.0846959
6570 0 0.0846959
7170 0 0.0838443
7770 0 0.0838292
8370 0 0.0838292
8970 0 0.0838292
9570 0 0.0838292
10170 0 0.0834373
10770 0 0.0834373
11370 0 0.0834373
11970 0 0.0834373
12570 0 0.0834373
13170 0 0.0825726
13770 0 0.0825726
14370 0 0.0825726
14970 0 0.0825726
15570 0 0.0825726
16170 0 0.0825726
16770 0 0.0825726
17370 0 0.0825726
17970 0 0.0825726
18570 0 0.0825726
19170 0 0.0825726
19770 0 0.0825726
20370 0 0.0825726
20970 0 0.0825726
21570 0 0.0825726
22170 0 0.0825726
22770 0 0.0825726
23370 0 0.0825726
23970 0 0.0825726
24570 0 0.0825726
25170 0 0.0825726
25770 0 0.0825726
26370 0 0.0825726
26970 0 0.0825726
27570 0 0.0825726
28170 0 0.0825726
28770 0 0.0825726
29370 0 0.0825726
29970 0 0.0825726
30570 0 0.0825726
31170 0 0.0825726
31770 0 0.0825726
32370 0 0.0825726
32970 0 0.0825726
33570 0 0.0825726
34170 0 0.0825726
34770 0 0.0825726
35370 0 0.0825726
35970 0 0.0825726
36570 0 0.0825726
37170 0 0.0825726
37770 0 0.0825726
38370 0 0.0825726
38970 0 0.0825726
39570 0 0.0825726
40170 0 0.0825726
40770 0 0.0825726
41370 0 0.0825726
41970 0 0.0825726
42570 0 0.0825726
43170 0 0.0825726
43770 0 0.0825726
44370 0 0.0825726
44970 0 0.0825726
45570 0 0.0825726
46170 0 0.0825726
46770 0 0.0825726
47370 0 0.0825726
47970 0 0.0825726
48570 0 0.0825726
49170 0 0.0825726
49770 0 0.0825726
50370 0 0.0825726
50970 0 0.0825726
51570 0 0.0825726
52170 0 0.0825726
52770 0 0.0825726
53370 0 0.0825726
53970 0 0.0825726
54570 0 0.0825726
55170 0 0.0825726
55770 0 0.0825726
56370 0 0.0825726
56970 0 0.0825726
57570 0 0.0825726
58170 0 0.0825726
58770 0 0.0825726
59370 0 0.0825726
59970 0 0.0825726
60570 0 0.0825726
61170 0 0.0825726
61770 0 0.0825726
62370 0 0.0825726
62970 0 0.0825726
63570 0 0.0825726
64170 0 0.0825726
64770 0 0.0825726
65370 0 0.0825726
65970 0 0.0825726
66570 0 0.0825726
67170 0 0.0825726
67770 0 0.0825726
68370 0 0.0825726
68970 0 0.0825726
69570 0 0.0825726
70170 0 0.0825726
70770 0 0.0825726
71370 0 0.0825726
71970 0 0.0825726
72570 0 0.0825726
73170 0 0.0825726
73770 0 0.0825726
74370 0 0.0825726
74970 0 0.0825726
75570 0 0.0825726
76170 0 0.0825726
76770 0 0.0825726
77370 0 0.0825726
77970 0 0.0825726
78570 0 0.0825726
79170 0 0.0825726
79770 0 0.0825726
80370 0 0.0825726
80970 0 0.0825726
81570 0 0.0825726
82170 0 0.0825726
82770 0 0.0825726
83370 0 0.0825726
83970 0 0.0825726
84570 0 0.0825726
85170 0 0.0825726
85770 0 0.0825726
86370 0 0.0825726


Original_Seperation_of_Misrepair
# Separation (nm) | Normalised Frequency
2.6 0.242424
5.2 0.979798
7.8 1
10.4 0.191919


Time_of_Misrepair_Interactions
# Time of Interaction (s) | Normalised Frequency
1 1
2.00001 0.897436
3.00001 0.615385
4.00002 0.589744
5.00002 0.384615
6.00003 0.230769
7.00003 0.282051
8.00004 0.25641
9.00004 0.25641
10 0.230769
11.0001 0.128205
12.0001 0.153846
13.0001 0.102564
14.0001 0.128205
15.0001 0.0769231
16.0001 0.128205
17.0001 0.102564
18.0001 0.0512821
19.0001 0.0769231
20.0001 0.0512821
21.0001 0.102564
22.0001 0.128205
23.0001 0.025641
24.0001 0.0769231
25.0001 0.0769231
26.0001 0.0512821
27.0001 0.0512821
28.0001 0.128205
29.0001 0.153846
31.0001 0.0769231
33.0002 0.025641
34.0002 0.0769231
36.0002 0.128205
37.0002 0.025641
38.0002 0.0512821
39.0002 0.025641
40.0002 0.0769231
41.0002 0.025641
42.0002 0.0512821
43.0002 0.102564
44.0002 0.102564
45.0002 0.0512821
46.0002 0.025641
49.0002 0.025641
50.0002 0.025641
51.0002 0.0769231
52.0002 0.025641
53.0002 0.0512821
54.0002 0.0512821
55.0003 0.025641
56.0003 0.025641
57.0003 0.0769231
59.0003 0.025641
61.0003 0.025641
62.0003 0.0512821
64.0003 0.025641
67.0003 0.025641
68.0003 0.025641
69.0003 0.0512821
71.0003 0.025641
73.0003 0.025641
74.0003 0.025641
75.0003 0.0512821
76.0004 0.0769231
77.0004 0.0512821
78.0004 0.0512821
79.0004 0.0512821
80.0004 0.0512821
82.0004 0.025641
84.0004 0.025641
85.0004 0.025641
86.0004 0.025641
88.0004 0.025641
89.0004 0.025641
91.0004 0.0512821
93.0004 0.025641
95.0004 0.025641
96.0004 0.025641
97.0004 0.025641
98.0005 0.0512821
100 0.025641
102 0.025641
103 0.025641
104 0.025641
105 0.0512821
106 0.025641
107 0.0512821
108 0.025641
109.001 0.0512821
111.001 0.025641
112.001 0.0512821
113.001 0.0512821
116.001 0.0512821
118.001 0.025641
119.001 0.025641
120.001 0.0512821
123.001 0.0769231
124.001 0.0512821
126.001 0.025641
127.001 0.025641
128.001 0.0769231
129.001 0.0512821
130.001 0.0512821
132.001 0.0512821
133.001 0.025641
134.001 0.0512821
136.001 0.025641
139.001 0.0512821
140.001 0.025641
141.001 0.025641
142.001 0.025641
147.001 0.0512821
148.001 0.025641
149.001 0.0512821
150.001 0.0512821
152.001 0.0512821
153.001 0.025641
155.001 0.025641
156.001 0.025641
157.001 0.025641
159.001 0.025641
160.001 0.025641
162.001 0.025641
163.001 0.0512821
164.001 0.025641
167.001 0.025641
168.001 0.0512821
171.001 0.025641
172.001 0.0512821
174.001 0.025641
175.001 0.025641
176.001 0.0512821
178.001 0.0769231
184.001 0.025641
185.001 0.025641
188.001 0.025641
191.001 0.025641
193.001 0.0512821
194.001 0.0512821
198.001 0.0512821
199.001 0.0512821
200.001 0.025641
202.001 0.025641
209.001 0.0512821
210.001 0.025641
211.001 0.025641
213.001 0.025641
217.001 0.025641
218.001 0.0769231
220.001 0.025641
222.001 0.025641
224.001 0.025641
226.001 0.025641
227.001 0.025641
231.001 0.025641
236.001 0.0512821
237.001 0.0512821
238.001 0.0512821
239.001 0.025641
243.001 0.025641
245.001 0.0512821
246.001 0.025641
247.001 0.025641
249.001 0.025641
252.001 0.025641
255.001 0.025641
256.001 0.0512821
257.001 0.025641
259.001 0.0512821
260.001 0.025641
265.001 0.025641
266.001 0.025641
267.001 0.025641
268.001 0.025641
269.001 0.0769231
275.001 0.025641
276.001 0.025641
278.001 0.025641
282.001 0.025641
283.001 0.025641
287.001 0.025641
288.001 0.025641
289.001 0.025641
290.001 0.025641
296.001 0.025641
302.001 0.025641
304.001 0.025641
305.001 0.025641
306.001 0.0769231
307.001 0.025641
316.001 0.0512821
323.001 0.025641
324.001 0.025641
326.002 0.025641
327.002 0.025641
328.002 0.025641
329.002 0.025641
330.002 0.102564
332.002 0.025641
334.002 0.025641
339.002 0.0512821
341.002 0.025641
347.002 0.0769231
350.002 0.025641
351.002 0.025641
367.002 0.025641
369.002 0.025641
370.002 0.025641
373.002 0.025641
375.002 0.025641
376.002 0.025641
381.002 0.0512821
384.002 0.025641
385.002 0.025641
387.002 0.025641
390.002 0.025641
394.002 0.025641
395.002 0.025641
404.002 0.025641
405.002 0.025641
407.002 0.0512821
418.002 0.025641
419.002 0.025641
424.002 0.0512821
429.002 0.025641
431.002 0.025641
434.002 0.025641
435.002 0.025641
443.002 0.025641
447.002 0.025641
448.002 0.025641
454.002 0.025641
455.002 0.025641
465.002 0.025641
468.002 0.025641
471.002 0.025641
473.002 0.025641
482.002 0.025641
485.002 0.025641
487.002 0.025641
488.002 0.025641
491.002 0.025641
495.002 0.025641
496.002 0.0512821
499.002 0.025641
505.002 0.025641
506.002 0.0512821
510.002 0.025641
512.002 0.025641
516.002 0.025641
517.002 0.025641
518.002 0.0512821
521.002 0.025641
529.002 0.025641
531.002 0.0769231
535.002 0.025641
546.003 0.025641
548.003 0.025641
552.003 0.025641
556.003 0.025641
557.003 0.025641
560.003 0.025641
561.003 0.025641
570.003 0.025641
584.003 0.025641
590.003 0.025641
593.003 0.025641
602.003 0.025641
619.003 0.025641
623.003 0.025641
630.003 0.025641
637.003 0.025641
649.003 0.025641
655.003 0.025641
657.003 0.025641
666.003 0.025641
672.003 0.025641
683.003 0.025641
684.003 0.025641
687.003 0.025641
701.003 0.025641
711.003 0.025641
714.003 0.025641
717.003 0.025641
725.003 0.0512821
736.003 0.025641
742.003 0.0512821
746.003 0.025641
754.003 0.025641
762.004 0.025641
768.004 0.025641
775.004 0.025641
776.004 0.025641
784.004 0.025641
807.004 0.025641
809.004 0.025641
822.004 0.025641
824.004 0.025641
840.004 0.025641
848.004 0.025641
853.004 0.025641
857.004 0.025641
877.004 0.025641
879.004 0.025641
919.004 0.025641
925.004 0.025641
932.004 0.025641
942.004 0.025641
962.004 0.025641
1019 0.025641
1062 0.025641
1092.01 0.025641
1114.01 0.025641
1122.01 0.025641
1151.01 0.025641
1184.01 0.025641
1199.01 0.025641
1314.01 0.025641
12693.1 0.025641


MSD_of_DSB
# Time (s) | MSD


Displacement_at_End
# Displacement (nm) | Normalised Frequency
7.8 0.176471
10.4 0.117647
13 0.352941
18.2 0.235294
20.8 0.235294
23.4 0.235294
26 0.352941
28.6 0.235294
31.2 0.470588
33.8 0.235294
36.4 0.470588
39 0.588235
41.6 0.764706
44.2 0.764706
46.8 0.823529
49.4 0.705882
52 1
54.6 0.705882
57.2 0.411765
59.8 0.294118
62.4 0.176471
65 0.882353
67.6 0.411765
70.2 0.352941
72.8 0.823529
75.4 0.823529
78 0.823529
80.6 0.882353
83.2 1
85.8 0.941176
88.4 0.529412
91 0.411765
93.6 0.235294
96.2 0.647059
98.8 0.294118
101.4 0.176471
104 0.117647
106.6 0.352941
109.2 0.235294
111.8 0.294118
114.4 0.470588
117 0.705882
119.6 0.529412
122.2 0.294118
124.8 0.117647
127.4 0.235294
130 0.235294
132.6 0.176471
135.2 0.176471
137.8 0.294118
140.4 0.529412
143 0.352941
145.6 0.176471
150.8 0.235294
153.4 0.294118
156 0.294118
158.6 0.0588235
161.2 0.294118
163.8 0.117647
166.4 0.294118
169 0.176471
171.6 0.294118
174.2 0.176471
176.8 0.294118
179.4 0.117647
182 0.117647
184.6 0.176471
187.2 0.0588235
189.8 0.117647
192.4 0.117647
197.6 0.0588235
200.2 0.0588235
202.8 0.117647
205.4 0.0588235
213.2 0.176471
221 0.0588235
223.6 0.0588235
226.2 0.0588235
234 0.0588235
239.2 0.0588235


Displacement_of_ResidualEnds
28.6 1
49.4 1
85.8 1
135.2 1


Displacement_of_ResidualSyn


