#Time | Normalised to Self | SEM_NTS | Normalised to Initial DSBs | SEM_NTI
Ku_Recruitment
0 0 0
0.0166667 0.402347 0.0206718
0.0333333 0.503667 0.0309611
0.05 0.553856 0.0251681
0.0666667 0.601215 0.024886
0.0833333 0.650042 0.0266943
0.1 0.694887 0.0320003
0.116667 0.722967 0.0330497
0.133333 0.756287 0.0290286
0.15 0.777347 0.0451484
0.166667 0.80176 0.0706144
0.183333 0.834451 0.0502969
0.2 0.856978 0.0449589
0.216667 0.884849 0.0353286
0.233333 0.898994 0.046226
0.25 0.914816 0.0430803
0.266667 0.921731 0.0413415
0.283333 0.930532 0.03869
0.3 0.92697 0.0393117
0.316667 0.935771 0.0387753
0.333333 0.930847 0.0438915
0.35 0.937867 0.0457243
0.366667 0.948554 0.0487582
0.383333 0.948554 0.0418922
0.4 0.955365 0.0382756
0.416667 0.953583 0.0395719
0.433333 0.960394 0.0323811
0.45 0.960394 0.03004
0.466667 0.957041 0.0324196
0.483333 0.958718 0.0371597
0.5 0.96207 0.0358744
0.516667 0.963852 0.033642
0.533333 0.967205 0.0363676
0.55 0.967205 0.0446536
0.566667 0.967205 0.0469812
0.583333 0.977892 0.0524529
0.6 0.97412 0.0503609
0.616667 0.974329 0.0487456
0.633333 0.977682 0.0556824
0.65 0.981035 0.0569967
0.666667 0.979044 0.0476712
0.683333 0.986065 0.0379147
0.7 0.989417 0.0344877
0.716667 0.994761 0.0371678
0.733333 0.994866 0.040466
0.75 0.989732 0.036485
0.766667 0.984388 0.0426545
0.783333 0.989627 0.0450572
0.8 0.972024 0.0460036
0.816667 0.975587 0.05364
0.833333 0.975692 0.058112
0.85 0.979254 0.0623385
0.866667 0.984388 0.0649458
0.883333 0.987636 0.0628249
0.9 0.989417 0.0564684
0.916667 0.987846 0.0562525
0.933333 0.989732 0.0579801
0.95 0.994866 0.0586641
0.966667 0.994761 0.0591307
0.983333 1 0.0594066
1 0.996647 0.0587388


PKcs_Recruitment
0 0 0
0.0166667 0.156836 0.0177483
0.0333333 0.339478 0.0305538
0.05 0.448283 0.023672
0.0666667 0.52707 0.0248031
0.0833333 0.585106 0.0245115
0.1 0.635454 0.0321045
0.116667 0.680956 0.0318829
0.133333 0.719612 0.0252692
0.15 0.753213 0.0451029
0.166667 0.774489 0.0708069
0.183333 0.798715 0.0500766
0.2 0.823151 0.0438036
0.216667 0.85296 0.0347826
0.233333 0.889614 0.0460101
0.25 0.889614 0.0430014
0.266667 0.910891 0.0407667
0.283333 0.921319 0.0387182
0.3 0.923004 0.0393512
0.316667 0.92648 0.0371562
0.333333 0.930377 0.0437945
0.35 0.935749 0.0459281
0.366667 0.943017 0.0490145
0.383333 0.944807 0.0420786
0.4 0.948283 0.0382315
0.416667 0.948283 0.0394711
0.433333 0.9585 0.0325133
0.45 0.961976 0.030148
0.466667 0.956815 0.0325901
0.483333 0.958605 0.037241
0.5 0.956604 0.0359292
0.516667 0.947967 0.0337145
0.533333 0.951443 0.0361176
0.55 0.956604 0.044156
0.566667 0.956394 0.0471142
0.583333 0.972298 0.051623
0.6 0.973984 0.0505309
0.616667 0.972509 0.0488785
0.633333 0.965768 0.0546531
0.65 0.967348 0.0562491
0.666667 0.970297 0.0474139
0.683333 0.980725 0.0381138
0.7 0.992838 0.034623
0.716667 1 0.0373635
0.733333 0.994839 0.0406789
0.75 0.987992 0.0366431
0.766667 0.982621 0.04285
0.783333 0.987887 0.0452669
0.8 0.964925 0.0461182
0.816667 0.968612 0.0537475
0.833333 0.973878 0.0583142
0.85 0.975774 0.0625048
0.866667 0.986202 0.0652008
0.883333 0.986096 0.062795
0.9 0.991152 0.0567391
0.916667 0.991258 0.0565204
0.933333 0.993154 0.058258
0.95 0.994839 0.0588914
0.966667 0.992943 0.0594135
0.983333 0.992943 0.0595277
1 0.994839 0.0590193


XRCC4_Recruitment
0 0 0
0.0166667 0 0
0.0333333 0 0
0.05 0 0
0.0666667 0.00716091 0.00716091
0.0833333 0.00716091 0.00716091
0.1 0.00716091 0.00716091
0.116667 0.00716091 0.00716091
0.133333 0.00716091 0.00716091
0.15 0.0214827 0.0124031
0.166667 0.0425442 0.0216964
0.183333 0.0425442 0.0216964
0.2 0.0425442 0.0216964
0.216667 0.0497051 0.0288566
0.233333 0.064027 0.0431776
0.25 0.064027 0.0431776
0.266667 0.0779275 0.0362331
0.283333 0.0779275 0.0362331
0.3 0.0846672 0.0332505
0.316667 0.0914069 0.0314515
0.333333 0.0985678 0.0263361
0.35 0.0985678 0.0263361
0.366667 0.11289 0.0295222
0.383333 0.120051 0.0270146
0.4 0.127211 0.0339424
0.416667 0.127211 0.0339424
0.433333 0.133951 0.0297527
0.45 0.133951 0.0297527
0.466667 0.133951 0.0297527
0.483333 0.133951 0.0297527
0.5 0.133951 0.0297527
0.516667 0.133951 0.0297527
0.533333 0.147852 0.0228515
0.55 0.154591 0.019717
0.566667 0.161331 0.0186058
0.583333 0.161331 0.0186058
0.6 0.161331 0.0186058
0.616667 0.161331 0.0186058
0.633333 0.161331 0.0186058
0.65 0.161331 0.0186058
0.666667 0.175653 0.0198604
0.683333 0.175653 0.0198604
0.7 0.175653 0.0198604
0.716667 0.175653 0.0198604
0.733333 0.175653 0.0198604
0.75 0.175653 0.0198604
0.766667 0.182393 0.0186058
0.783333 0.182393 0.0186058
0.8 0.196293 0.0127487
0.816667 0.209773 0.0205843
0.833333 0.223252 0.0323772
0.85 0.223252 0.0323772
0.866667 0.223252 0.0323772
0.883333 0.237152 0.0336431
0.9 0.237152 0.0336431
0.916667 0.244313 0.0319885
0.933333 0.258635 0.0223252
0.95 0.258635 0.0223252
0.966667 0.258635 0.0223252
0.983333 0.258635 0.0223252
1 0.258635 0.0223252
1.16667 0.299916 0.042123
1.33333 0.356782 0.0302084
1.5 0.405644 0.0303373
1.66667 0.44187 0.00637437
1.83333 0.462932 0.0186344
2 0.498736 0.0168492
2.16667 0.561921 0.0307151
2.33333 0.56866 0.0272891
2.5 0.617944 0.0461953
2.66667 0.66765 0.0357599
2.83333 0.696293 0.0485658
3 0.76032 0.079637
3.16667 0.773799 0.0687302
3.33333 0.76706 0.0740778
3.5 0.802443 0.0803446
3.66667 0.809604 0.0803258
3.83333 0.823926 0.0927357
4 0.858467 0.0820015
4.16667 0.87321 0.10726
4.33333 0.908593 0.121092
4.5 0.922494 0.123048
4.66667 0.950716 0.121722
4.83333 0.985678 0.108031
5 1 0.113969


DSB_Residual
0 16.3746 0 1 0
0.0166667 16.3746 0 1 0
0.0333333 16.3746 0 1 0
0.05 16.3746 0 1 0
0.0666667 16.3746 0 1 0
0.0833333 16.3746 0 1 0
0.1 16.3746 0 1 0
0.116667 16.3746 0 1 0
0.133333 16.3746 0 1 0
0.15 16.3746 0 1 0
0.166667 16.3746 0 1 0
0.183333 16.3746 0 1 0
0.2 16.3746 0 1 0
0.216667 16.3746 0 1 0
0.233333 16.3746 0 1 0
0.25 16.3746 0 1 0
0.266667 16.3746 0 1 0
0.283333 16.3746 0 1 0
0.3 16.3746 0 1 0
0.316667 16.3746 0 1 0
0.333333 16.3746 0 1 0
0.35 16.3746 0 1 0
0.366667 16.3746 0 1 0
0.383333 16.3746 0 1 0
0.4 16.3746 0 1 0
0.416667 16.3746 0 1 0
0.433333 16.3746 0 1 0
0.45 16.3746 0 1 0
0.466667 16.3746 0 1 0
0.483333 16.3746 0 1 0
0.5 16.3746 0 1 0
0.516667 16.3746 0 1 0
0.533333 16.3746 0 1 0
0.55 16.3746 0 1 0
0.566667 16.3746 0 1 0
0.583333 16.3746 0 1 0
0.6 16.3746 0 1 0
0.616667 16.3746 0 1 0
0.633333 16.3746 0 1 0
0.65 16.3746 0 1 0
0.666667 16.3746 0 1 0
0.683333 16.3746 0 1 0
0.7 16.3746 0 1 0
0.716667 16.3746 0 1 0
0.733333 16.3746 0 1 0
0.75 16.3746 0 1 0
0.766667 16.3746 0 1 0
0.783333 16.3746 0 1 0
0.8 16.3746 0 1 0
0.816667 16.3746 0 1 0
0.833333 16.3746 0 1 0
0.85 16.3746 0 1 0
0.866667 16.3746 0 1 0
0.883333 16.3746 0 1 0
0.9 16.3746 0 1 0
0.916667 16.3746 0 1 0
0.933333 16.3746 0 1 0
0.95 16.3746 0 1 0
0.966667 16.3746 0 1 0
0.983333 16.3746 0 1 0
1 16.3746 0 1 0
1.16667 16.3746 0 1 0
1.33333 16.3746 0 1 0
1.5 16.3746 0 1 0
1.66667 16.2676 0.107023 0.993464 0.00653595
1.83333 16.214 0.160535 0.990196 0.00980392
2 16.1605 0.214047 0.986928 0.0130719
2.16667 16.1605 0.214047 0.986928 0.0130719
2.33333 16.1605 0.214047 0.986928 0.0130719
2.5 16.1605 0.214047 0.986928 0.0130719
2.66667 16.1605 0.214047 0.986928 0.0130719
2.83333 16.107 0.267559 0.98366 0.0163399
3 16.107 0.267559 0.98366 0.0163399
3.16667 15.9933 0.210702 0.976716 0.0128676
3.33333 15.9398 0.264214 0.973448 0.0161356
3.5 15.8294 0.293458 0.966708 0.0179216
3.66667 15.7759 0.346327 0.96344 0.0211503
3.83333 15.7759 0.346327 0.96344 0.0211503
4 15.7759 0.346327 0.96344 0.0211503
4.16667 15.6689 0.45252 0.956904 0.0276355
4.33333 15.612 0.432758 0.953431 0.0264287
4.5 15.5552 0.419822 0.949959 0.0256387
4.66667 15.388 0.392731 0.939747 0.0239842
4.83333 15.388 0.392731 0.939747 0.0239842
5 15.388 0.392731 0.939747 0.0239842
5.16667 15.3311 0.374388 0.936275 0.022864
5.33333 15.3311 0.374388 0.936275 0.022864
5.5 15.3311 0.374388 0.936275 0.022864
5.66667 15.2742 0.364088 0.932802 0.0222349
5.83333 15.2742 0.364088 0.932802 0.0222349
6 15.2174 0.319884 0.92933 0.0195354
6.16667 15.1639 0.371162 0.926062 0.022667
6.33333 15.107 0.361034 0.92259 0.0220484
6.5 14.9933 0.3673 0.915645 0.0224311
6.66667 14.8796 0.261448 0.908701 0.0159667
6.83333 14.7692 0.260161 0.901961 0.0158881
7 14.7692 0.260161 0.901961 0.0158881
7.16667 14.7124 0.258695 0.898489 0.0157986
7.33333 14.6555 0.269495 0.895016 0.0164582
7.5 14.5987 0.2912 0.891544 0.0177837
7.66667 14.5987 0.2912 0.891544 0.0177837
7.83333 14.4849 0.265228 0.8846 0.0161976
8 14.4849 0.265228 0.8846 0.0161976
8.16667 14.4849 0.265228 0.8846 0.0161976
8.33333 14.4849 0.265228 0.8846 0.0161976
8.5 14.2642 0.287684 0.871119 0.0175689
8.66667 14.2642 0.287684 0.871119 0.0175689
8.83333 14.2074 0.230842 0.867647 0.0140976
9 14.1505 0.174009 0.864175 0.0106268
9.16667 14.0936 0.1172 0.860703 0.00715744
9.33333 14.0936 0.1172 0.860703 0.00715744
9.5 14.0936 0.1172 0.860703 0.00715744
9.66667 13.9264 0.115421 0.85049 0.00704879
9.83333 13.8696 0.0586001 0.847018 0.00357872
10 13.8696 0.0586001 0.847018 0.00357872
11 13.087 0.152642 0.799224 0.00932187
12 12.4749 0.29636 0.761846 0.0180988
13 12.1338 0.529221 0.741013 0.0323197
14 11.913 0.608117 0.727533 0.0371378
15 11.5786 0.514876 0.707108 0.0314436
16 11.0669 0.475117 0.675858 0.0290155
17 10.4615 0.300855 0.638889 0.0183733
18 10.2977 0.209691 0.628881 0.0128059
19 9.74582 0.394606 0.59518 0.0240987
20 9.35786 0.394606 0.571487 0.0240987
21 9.07692 0.395625 0.55433 0.024161
22 8.5786 0.346457 0.523897 0.0211582
23 8.46823 0.398485 0.517157 0.0243356
24 8.35786 0.451282 0.510417 0.0275599
25 8.301 0.495661 0.506944 0.0302701
26 8.13712 0.558308 0.496936 0.034096
27 7.74582 0.502508 0.473039 0.0306883
28 7.52508 0.421683 0.459559 0.0257523
29 7.13043 0.493524 0.435458 0.0301396
30 6.8495 0.493115 0.418301 0.0301147
31 6.79264 0.544432 0.414828 0.0332486
32 6.46488 0.55115 0.394812 0.0336589
33 6.07358 0.790657 0.370915 0.0482856
34 5.96321 0.744288 0.364175 0.0454539
35 5.68562 0.698661 0.347222 0.0426674
36 5.57191 0.691685 0.340278 0.0422414
37 5.28763 0.548301 0.322917 0.0334849
38 4.95987 0.54638 0.3029 0.0333676
39 4.79264 0.448423 0.292688 0.0273853
40 4.57191 0.45878 0.279208 0.0280178
41 4.34783 0.403395 0.265523 0.0246354
42 4.1806 0.402687 0.25531 0.0245922
43 4.12375 0.349062 0.251838 0.0213173
44 4.06689 0.296643 0.248366 0.018116
45 4.06689 0.296643 0.248366 0.018116
46 3.95652 0.251593 0.241626 0.0153649
47 3.78595 0.199775 0.231209 0.0122003
48 3.7291 0.25385 0.227737 0.0155027
49 3.51171 0.303667 0.214461 0.018545
50 3.45819 0.320303 0.211193 0.019561
51 3.45819 0.320303 0.211193 0.019561
52 3.40468 0.34453 0.207925 0.0210406
53 3.34783 0.375432 0.204453 0.0229277
54 3.29431 0.399676 0.201185 0.0244083
55 3.2408 0.429255 0.197917 0.0262147
56 3.12709 0.485779 0.190972 0.0296667
57 3.12709 0.485779 0.190972 0.0296667
58 3.07023 0.429255 0.1875 0.0262147
59 3.07023 0.429255 0.1875 0.0262147
60 3.01338 0.465388 0.184028 0.0284214
70 2.61873 0.149831 0.159926 0.00915024
80 2.44816 0.115421 0.14951 0.00704879
90 2.44816 0.115421 0.14951 0.00704879
100 2.3913 0.101388 0.146038 0.00619179
110 2.27759 0.153591 0.139093 0.00937987
120 2.22074 0.199859 0.135621 0.0122054
130 2.22074 0.199859 0.135621 0.0122054
140 2.22074 0.199859 0.135621 0.0122054
150 2.22074 0.199859 0.135621 0.0122054
160 2.16722 0.155545 0.132353 0.0094992
170 2.16722 0.155545 0.132353 0.0094992
180 2.11371 0.119047 0.129085 0.00727021
190 2.11371 0.119047 0.129085 0.00727021
200 2.11371 0.119047 0.129085 0.00727021
210 2.05686 0.107284 0.125613 0.00655189
220 2.05686 0.107284 0.125613 0.00655189
230 2.05686 0.107284 0.125613 0.00655189
240 2.05686 0.107284 0.125613 0.00655189
250 2.05686 0.107284 0.125613 0.00655189
260 2.05686 0.107284 0.125613 0.00655189
270 2.05686 0.107284 0.125613 0.00655189
280 2.05686 0.107284 0.125613 0.00655189
290 2.05686 0.107284 0.125613 0.00655189
300 2.05686 0.107284 0.125613 0.00655189
310 2.05686 0.107284 0.125613 0.00655189
320 2.05686 0.107284 0.125613 0.00655189
330 2.05686 0.107284 0.125613 0.00655189
340 2.05686 0.107284 0.125613 0.00655189
350 2.05686 0.107284 0.125613 0.00655189
360 2.05686 0.107284 0.125613 0.00655189
370 2 0.158148 0.122141 0.00965816
380 2 0.158148 0.122141 0.00965816
390 2 0.158148 0.122141 0.00965816
400 2 0.158148 0.122141 0.00965816
410 2 0.158148 0.122141 0.00965816
420 2 0.158148 0.122141 0.00965816
430 2 0.158148 0.122141 0.00965816
440 2 0.158148 0.122141 0.00965816
450 2 0.158148 0.122141 0.00965816
460 2 0.158148 0.122141 0.00965816
470 2 0.158148 0.122141 0.00965816
480 2 0.158148 0.122141 0.00965816
490 2 0.158148 0.122141 0.00965816
500 2 0.158148 0.122141 0.00965816
510 2 0.158148 0.122141 0.00965816
520 2 0.158148 0.122141 0.00965816
530 2 0.158148 0.122141 0.00965816
540 2 0.158148 0.122141 0.00965816
550 2 0.158148 0.122141 0.00965816
560 2 0.158148 0.122141 0.00965816
570 2 0.158148 0.122141 0.00965816
580 2 0.158148 0.122141 0.00965816
590 2 0.158148 0.122141 0.00965816
600 2 0.158148 0.122141 0.00965816
610 2 0.158148 0.122141 0.00965816
620 2 0.158148 0.122141 0.00965816
630 2 0.158148 0.122141 0.00965816
640 2 0.158148 0.122141 0.00965816
650 2 0.158148 0.122141 0.00965816
660 2 0.158148 0.122141 0.00965816
670 2 0.158148 0.122141 0.00965816
680 2 0.158148 0.122141 0.00965816
690 2 0.158148 0.122141 0.00965816
700 2 0.158148 0.122141 0.00965816
710 2 0.158148 0.122141 0.00965816
720 2 0.158148 0.122141 0.00965816
730 2 0.158148 0.122141 0.00965816
740 2 0.158148 0.122141 0.00965816
750 2 0.158148 0.122141 0.00965816
760 2 0.158148 0.122141 0.00965816
770 2 0.158148 0.122141 0.00965816
780 2 0.158148 0.122141 0.00965816
790 2 0.158148 0.122141 0.00965816
800 2 0.158148 0.122141 0.00965816
810 2 0.158148 0.122141 0.00965816
820 2 0.158148 0.122141 0.00965816
830 2 0.158148 0.122141 0.00965816
840 2 0.158148 0.122141 0.00965816
850 2 0.158148 0.122141 0.00965816
860 2 0.158148 0.122141 0.00965816
870 2 0.158148 0.122141 0.00965816
880 2 0.158148 0.122141 0.00965816
890 2 0.158148 0.122141 0.00965816
900 2 0.158148 0.122141 0.00965816
910 2 0.158148 0.122141 0.00965816
920 2 0.158148 0.122141 0.00965816
930 2 0.158148 0.122141 0.00965816
940 2 0.158148 0.122141 0.00965816
950 2 0.158148 0.122141 0.00965816
960 2 0.158148 0.122141 0.00965816
970 2 0.158148 0.122141 0.00965816
980 2 0.158148 0.122141 0.00965816
990 2 0.158148 0.122141 0.00965816
1000 2 0.158148 0.122141 0.00965816
1010 2 0.158148 0.122141 0.00965816
1020 2 0.158148 0.122141 0.00965816
1030 2 0.158148 0.122141 0.00965816
1040 2 0.158148 0.122141 0.00965816
1050 2 0.158148 0.122141 0.00965816
1060 2 0.158148 0.122141 0.00965816
1070 2 0.158148 0.122141 0.00965816
1080 2 0.158148 0.122141 0.00965816
1090 2 0.158148 0.122141 0.00965816
1100 2 0.158148 0.122141 0.00965816
1110 2 0.158148 0.122141 0.00965816
1120 2 0.158148 0.122141 0.00965816
1130 2 0.158148 0.122141 0.00965816
1140 2 0.158148 0.122141 0.00965816
1150 2 0.158148 0.122141 0.00965816
1160 2 0.158148 0.122141 0.00965816
1170 2 0.158148 0.122141 0.00965816
1180 2 0.158148 0.122141 0.00965816
1190 2 0.158148 0.122141 0.00965816
1200 2 0.158148 0.122141 0.00965816
1210 2 0.158148 0.122141 0.00965816
1220 2 0.158148 0.122141 0.00965816
1230 2 0.158148 0.122141 0.00965816
1240 2 0.158148 0.122141 0.00965816
1250 2 0.158148 0.122141 0.00965816
1260 2 0.158148 0.122141 0.00965816
1270 2 0.158148 0.122141 0.00965816
1280 2 0.158148 0.122141 0.00965816
1290 2 0.158148 0.122141 0.00965816
1300 2 0.158148 0.122141 0.00965816
1310 2 0.158148 0.122141 0.00965816
1320 2 0.158148 0.122141 0.00965816
1330 2 0.158148 0.122141 0.00965816
1340 2 0.158148 0.122141 0.00965816
1350 2 0.158148 0.122141 0.00965816
1360 2 0.158148 0.122141 0.00965816
1370 2 0.158148 0.122141 0.00965816
1380 2 0.158148 0.122141 0.00965816
1390 2 0.158148 0.122141 0.00965816
1400 2 0.158148 0.122141 0.00965816
1410 2 0.158148 0.122141 0.00965816
1420 2 0.158148 0.122141 0.00965816
1430 2 0.158148 0.122141 0.00965816
1440 2 0.158148 0.122141 0.00965816


DSBEnd
0 1 0 1 0
0.0166667 0.17116 0.0191569 0.17116 0.0191569
0.0333333 0.0796569 0.022102 0.0796569 0.022102
0.05 0.0544322 0.00152504 0.0544322 0.00152504
0.0666667 0.0646446 0.00157218 0.0646446 0.00157218
0.0833333 0.0544322 0.00152504 0.0544322 0.00152504
0.1 0.0392157 0.00387937 0.0392157 0.00387937
0.116667 0.0396242 0.0138347 0.0396242 0.0138347
0.133333 0.0272672 0.00471655 0.0272672 0.00471655
0.15 0.0338031 0.00537197 0.0338031 0.00537197
0.166667 0.0284926 0.0127221 0.0284926 0.0127221
0.183333 0.0201185 0.00725513 0.0201185 0.00725513
0.2 0.0184845 0.00566674 0.0184845 0.00566674
0.216667 0.0186887 0.0045339 0.0186887 0.0045339
0.233333 0.0118464 0.00142974 0.0118464 0.00142974
0.25 0.0132761 0.00806781 0.0132761 0.00806781
0.266667 0.0103145 0.00526014 0.0103145 0.00526014
0.283333 0.0135825 0.00160501 0.0135825 0.00160501
0.3 0.020527 0.00806134 0.020527 0.00806134
0.316667 0.00520833 0.00300703 0.00520833 0.00300703
0.333333 0.0137868 0.00873207 0.0137868 0.00873207
0.35 0.0186887 0.00753162 0.0186887 0.00753162
0.366667 0.0150123 0.00735507 0.0150123 0.00735507
0.383333 0.0118464 0.00332962 0.0118464 0.00332962
0.4 0.01154 0.00906147 0.01154 0.00906147
0.416667 0.0100082 0.00566398 0.0100082 0.00566398
0.433333 0.00500408 0.00283199 0.00500408 0.00283199
0.45 0.00347222 0.00173611 0.00347222 0.00173611
0.466667 0.00510621 0.000102124 0.00510621 0.000102124
0.483333 0.0134804 0.00674947 0.0134804 0.00674947
0.5 0.0135825 0.00454539 0.0135825 0.00454539
0.516667 0.0101103 0.00506211 0.0101103 0.00506211
0.533333 0.00847631 0.00164353 0.00847631 0.00164353
0.55 0.0101103 0.00506211 0.0101103 0.00506211
0.566667 0.00857843 0.00183824 0.00857843 0.00183824
0.583333 0.00490196 0.00490196 0.00490196 0.00490196
0.6 0.0153186 0.0030226 0.0153186 0.0030226
0.616667 0.0116422 0.00710185 0.0116422 0.00710185
0.633333 0.00816993 0.00816993 0.00816993 0.00816993
0.65 0.0067402 0.00337474 0.0067402 0.00337474
0.666667 0.00857843 0.00183824 0.00857843 0.00183824
0.683333 0.00684232 0.00461371 0.00684232 0.00461371
0.7 0.00857843 0.00628873 0.00857843 0.00628873
0.716667 0.00837418 0.00436633 0.00837418 0.00436633
0.733333 0.00684232 0.00461371 0.00684232 0.00461371
0.75 0.0100082 0.00566398 0.0100082 0.00566398
0.766667 0.0153186 0.000306373 0.0153186 0.000306373
0.783333 0.0033701 0.00168737 0.0033701 0.00168737
0.8 0.0137868 0.00633088 0.0137868 0.00633088
0.816667 0.00837418 0.00436633 0.00837418 0.00436633
0.833333 0.00837418 0.00436633 0.00837418 0.00436633
0.85 0.00990605 0.00745507 0.00990605 0.00745507
0.866667 0.00827206 0.00586392 0.00827206 0.00586392
0.883333 0.00847631 0.00455913 0.00847631 0.00455913
0.9 0.00847631 0.00164353 0.00847631 0.00164353
0.916667 0.00990605 0.00745507 0.00990605 0.00745507
0.933333 0.00500408 0.00283199 0.00500408 0.00283199
0.95 0.00173611 0.00173611 0.00173611 0.00173611
0.966667 0.0067402 0.00337474 0.0067402 0.00337474
0.983333 0.00173611 0.00173611 0.00173611 0.00173611
1 0.00663807 0.00430499 0.00663807 0.00430499
1.16667 0.00694444 0.00694444 0.00694444 0.00694444
1.33333 0.00510621 0.000102124 0.00510621 0.000102124
1.5 0.00663807 0.00430499 0.00663807 0.00430499
1.66667 0.00326797 0.00326797 0.00326797 0.00326797
1.83333 0.00173611 0.00173611 0.00173611 0.00173611
2 0 0 0 0
2.16667 0 0 0 0
2.33333 0.0067402 0.00153186 0.0067402 0.00153186
2.5 0.0033701 0.00168737 0.0033701 0.00168737
2.66667 0.00510621 0.000102124 0.00510621 0.000102124
2.83333 0.00163399 0.00163399 0.00163399 0.00163399
3 0.00684232 0.00178936 0.00684232 0.00178936
3.16667 0.00173611 0.00173611 0.00173611 0.00173611
3.33333 0.0102124 0.00301396 0.0102124 0.00301396
3.5 0.0067402 0.00337474 0.0067402 0.00337474
3.66667 0.00173611 0.00173611 0.00173611 0.00173611
3.83333 0.00163399 0.00163399 0.00163399 0.00163399
4 0.00173611 0.00173611 0.00173611 0.00173611
4.16667 0 0 0 0
4.33333 0.0135825 0.00753854 0.0135825 0.00753854
4.5 0.00163399 0.00163399 0.00163399 0.00163399
4.66667 0 0 0 0
4.83333 0.00500408 0.00283199 0.00500408 0.00283199
5 0 0 0 0
5.16667 0 0 0 0
5.33333 0.00347222 0.00173611 0.00347222 0.00173611
5.5 0.00173611 0.00173611 0.00173611 0.00173611
5.66667 0 0 0 0
5.83333 0.00520833 0.00520833 0.00520833 0.00520833
6 0 0 0 0
6.16667 0 0 0 0
6.33333 0 0 0 0
6.5 0.00173611 0.00173611 0.00173611 0.00173611
6.66667 0 0 0 0
6.83333 0 0 0 0
7 0 0 0 0
7.16667 0.00347222 0.00173611 0.00347222 0.00173611
7.33333 0 0 0 0
7.5 0.00173611 0.00173611 0.00173611 0.00173611
7.66667 0 0 0 0
7.83333 0.00173611 0.00173611 0.00173611 0.00173611
8 0.0033701 0.00168737 0.0033701 0.00168737
8.16667 0.00347222 0.00173611 0.00347222 0.00173611
8.33333 0.00163399 0.00163399 0.00163399 0.00163399
8.5 0.00347222 0.00173611 0.00347222 0.00173611
8.66667 0 0 0 0
8.83333 0 0 0 0
9 0 0 0 0
9.16667 0.00347222 0.00347222 0.00347222 0.00347222
9.33333 0 0 0 0
9.5 0 0 0 0
9.66667 0.00347222 0.00347222 0.00347222 0.00347222
9.83333 0 0 0 0
10 0 0 0 0
11 0 0 0 0
12 0 0 0 0
13 0.00163399 0.00163399 0.00163399 0.00163399
14 0 0 0 0
15 0 0 0 0
16 0 0 0 0
17 0 0 0 0
18 0 0 0 0
19 0 0 0 0
20 0 0 0 0
21 0 0 0 0
22 0 0 0 0
23 0 0 0 0
24 0 0 0 0
25 0 0 0 0
26 0 0 0 0
27 0 0 0 0
28 0 0 0 0
29 0 0 0 0
30 0 0 0 0
31 0 0 0 0
32 0 0 0 0
33 0 0 0 0
34 0 0 0 0
35 0 0 0 0
36 0 0 0 0
37 0 0 0 0
38 0 0 0 0
39 0 0 0 0
40 0 0 0 0
41 0 0 0 0
42 0 0 0 0
43 0 0 0 0
44 0 0 0 0
45 0 0 0 0
46 0 0 0 0
47 0 0 0 0
48 0 0 0 0
49 0 0 0 0
50 0 0 0 0
51 0 0 0 0
52 0 0 0 0
53 0 0 0 0
54 0 0 0 0
55 0 0 0 0
56 0 0 0 0
57 0 0 0 0
58 0 0 0 0
59 0 0 0 0
60 0 0 0 0
70 0 0 0 0
80 0 0 0 0
90 0 0 0 0
100 0 0 0 0
110 0 0 0 0
120 0 0 0 0
130 0 0 0 0
140 0 0 0 0
150 0 0 0 0
160 0 0 0 0
170 0 0 0 0
180 0 0 0 0
190 0 0 0 0
200 0 0 0 0
210 0 0 0 0
220 0 0 0 0
230 0 0 0 0
240 0 0 0 0
250 0 0 0 0
260 0 0 0 0
270 0 0 0 0
280 0 0 0 0
290 0 0 0 0
300 0 0 0 0
310 0 0 0 0
320 0 0 0 0
330 0 0 0 0
340 0 0 0 0
350 0 0 0 0
360 0 0 0 0
370 0 0 0 0
380 0 0 0 0
390 0 0 0 0
400 0 0 0 0
410 0 0 0 0
420 0 0 0 0
430 0 0 0 0
440 0 0 0 0
450 0 0 0 0
460 0 0 0 0
470 0 0 0 0
480 0 0 0 0
490 0 0 0 0
500 0 0 0 0
510 0 0 0 0
520 0 0 0 0
530 0 0 0 0
540 0 0 0 0
550 0 0 0 0
560 0 0 0 0
570 0 0 0 0
580 0 0 0 0
590 0 0 0 0
600 0 0 0 0
610 0 0 0 0
620 0 0 0 0
630 0 0 0 0
640 0 0 0 0
650 0 0 0 0
660 0 0 0 0
670 0 0 0 0
680 0 0 0 0
690 0 0 0 0
700 0 0 0 0
710 0 0 0 0
720 0 0 0 0
730 0 0 0 0
740 0 0 0 0
750 0 0 0 0
760 0 0 0 0
770 0 0 0 0
780 0 0 0 0
790 0 0 0 0
800 0 0 0 0
810 0 0 0 0
820 0 0 0 0
830 0 0 0 0
840 0 0 0 0
850 0 0 0 0
860 0 0 0 0
870 0 0 0 0
880 0 0 0 0
890 0 0 0 0
900 0 0 0 0
910 0 0 0 0
920 0 0 0 0
930 0 0 0 0
940 0 0 0 0
950 0 0 0 0
960 0 0 0 0
970 0 0 0 0
980 0 0 0 0
990 0 0 0 0
1000 0 0 0 0
1010 0 0 0 0
1020 0 0 0 0
1030 0 0 0 0
1040 0 0 0 0
1050 0 0 0 0
1060 0 0 0 0
1070 0 0 0 0
1080 0 0 0 0
1090 0 0 0 0
1100 0 0 0 0
1110 0 0 0 0
1120 0 0 0 0
1130 0 0 0 0
1140 0 0 0 0
1150 0 0 0 0
1160 0 0 0 0
1170 0 0 0 0
1180 0 0 0 0
1190 0 0 0 0
1200 0 0 0 0
1210 0 0 0 0
1220 0 0 0 0
1230 0 0 0 0
1240 0 0 0 0
1250 0 0 0 0
1260 0 0 0 0
1270 0 0 0 0
1280 0 0 0 0
1290 0 0 0 0
1300 0 0 0 0
1310 0 0 0 0
1320 0 0 0 0
1330 0 0 0 0
1340 0 0 0 0
1350 0 0 0 0
1360 0 0 0 0
1370 0 0 0 0
1380 0 0 0 0
1390 0 0 0 0
1400 0 0 0 0
1410 0 0 0 0
1420 0 0 0 0
1430 0 0 0 0
1440 0 0 0 0


DSBEnd_Inhibited
0 0 0 0 0
0.0166667 0.989583 0.0104167 0.436683 0.00959967
0.0333333 0.971545 0.0284553 0.429432 0.0231133
0.05 0.918191 0.020076 0.405739 0.0192474
0.0666667 0.78938 0.027412 0.349367 0.0238933
0.0833333 0.704692 0.0371967 0.311989 0.0252272
0.1 0.641514 0.0158928 0.283497 0.0140189
0.116667 0.576474 0.058101 0.255719 0.0321021
0.133333 0.531843 0.0651499 0.2356 0.0321214
0.15 0.470952 0.0466264 0.208538 0.0240018
0.166667 0.429793 0.0535783 0.190053 0.0248208
0.183333 0.377625 0.0254912 0.166565 0.0108179
0.2 0.331809 0.0170735 0.146242 0.00602792
0.216667 0.26914 0.0281762 0.118873 0.01277
0.233333 0.252879 0.0114087 0.111928 0.00832359
0.25 0.215193 0.00394415 0.0950776 0.00420945
0.266667 0.205285 0.0223577 0.091299 0.013174
0.283333 0.178608 0.0200711 0.0794526 0.0117443
0.3 0.170478 0.0251422 0.0759804 0.0138117
0.316667 0.185552 0.0342929 0.0827206 0.0175142
0.333333 0.175644 0.0507455 0.078942 0.0253928
0.35 0.14956 0.0404215 0.0671977 0.020544
0.366667 0.134485 0.0375894 0.0604575 0.0190299
0.383333 0.140837 0.0504902 0.0636234 0.0249716
0.4 0.128133 0.0266564 0.0572917 0.01378
0.416667 0.135078 0.0360141 0.0605596 0.0179399
0.433333 0.131606 0.0298761 0.0589257 0.0153333
0.45 0.134485 0.0395182 0.0604575 0.0197298
0.466667 0.137957 0.0455854 0.0620915 0.0223283
0.483333 0.115938 0.0336596 0.0520833 0.0167424
0.5 0.108401 0.0293447 0.0487132 0.0149349
0.516667 0.112466 0.0305405 0.0504493 0.0152288
0.533333 0.108994 0.027506 0.0488154 0.0137428
0.55 0.105522 0.0213502 0.0471814 0.0111367
0.566667 0.108401 0.0340376 0.0487132 0.0166525
0.583333 0.0933266 0.0264884 0.041973 0.0134117
0.6 0.078252 0.0236376 0.0352328 0.0118908
0.616667 0.0863821 0.0196272 0.0387051 0.010171
0.633333 0.0875678 0.00901523 0.0389093 0.005274
0.65 0.0829099 0.0162233 0.0370711 0.00855835
0.666667 0.0835027 0.0125029 0.0371732 0.00664278
0.683333 0.0719004 0.0109248 0.032067 0.00602533
0.7 0.0608909 0.012153 0.0270629 0.00578694
0.716667 0.0498814 0.00712641 0.0220588 0.00324716
0.733333 0.052168 0.0170995 0.0234886 0.0084189
0.75 0.0568259 0.00804539 0.0253268 0.00449346
0.766667 0.0562331 0.014 0.0252247 0.00715525
0.783333 0.0719004 0.0129971 0.032067 0.006734
0.8 0.0869749 0.0154961 0.0388072 0.00813347
0.816667 0.0922256 0.0105888 0.0407475 0.00481502
0.833333 0.0916328 0.0220326 0.0406454 0.00994545
0.85 0.0806233 0.0106479 0.0356413 0.0048517
0.866667 0.073086 0.00704137 0.0322712 0.00317572
0.883333 0.0655488 0.0038363 0.0289011 0.00152504
0.9 0.0614837 0.0211287 0.027165 0.00909077
0.916667 0.0620766 0.0116836 0.0272672 0.00471655
0.933333 0.0678354 0.013427 0.0303309 0.00705544
0.95 0.0637703 0.0149898 0.0285948 0.00776144
0.966667 0.0533537 0.00839569 0.0236928 0.00414956
0.983333 0.0527608 0.0106751 0.0235907 0.00556834
1 0.0492886 0.012457 0.0219567 0.00585146
1.16667 0.0539465 0.0036416 0.0237949 0.00154542
1.33333 0.0516599 0.0158102 0.0223652 0.00645809
1.5 0.0539465 0.0176268 0.0237949 0.00752607
1.66667 0.0545393 0.0288895 0.0238971 0.0122178
1.83333 0.0417514 0.00516599 0.0185866 0.0029616
2 0.026084 0.00854975 0.0117443 0.00420945
2.16667 0.0272696 0.00476969 0.0119485 0.00184673
2.33333 0.0423442 0.0176054 0.0186887 0.00753162
2.5 0.047002 0.008627 0.020527 0.00327594
2.66667 0.0702066 0.0329542 0.0307394 0.0138855
2.83333 0.0492886 0.012457 0.0219567 0.00585146
3 0.0539465 0.0036416 0.0237949 0.00154542
3.16667 0.0504743 0.0114426 0.0221609 0.00468771
3.33333 0.073086 0.00704137 0.0322712 0.00317572
3.5 0.0382791 0.00724172 0.0169526 0.00328707
3.66667 0.047002 0.008627 0.020527 0.00327594
3.83333 0.0266768 0.00740285 0.0118464 0.00332962
4 0.0586043 0.0135374 0.0256332 0.00542413
4.16667 0.0301491 0.0152138 0.0134804 0.00674947
4.33333 0.0307419 0.0105643 0.0135825 0.00454539
4.5 0.0359925 0.0127879 0.0155229 0.00531046
4.66667 0.0475949 0.0151201 0.0206291 0.00619179
4.83333 0.0237974 0.00756007 0.0103145 0.0030959
5 0.00694444 0.00694444 0.00326797 0.00326797
5.16667 0.0301491 0.0152138 0.0134804 0.00674947
5.33333 0.0226118 0.0114103 0.0101103 0.00506211
5.5 0.0156673 0.0108827 0.00684232 0.00461371
5.66667 0.0237974 0.0125021 0.0103145 0.00526014
5.83333 0.00753726 0.00380344 0.0033701 0.00168737
6 0.00406504 0.00406504 0.00173611 0.00173611
6.16667 0.0197324 0.00465786 0.00857843 0.00183824
6.33333 0.0510671 0.0121554 0.0222631 0.00482908
6.5 0.0278625 0.0087229 0.0120507 0.00357435
6.66667 0.0191396 0.00362086 0.00847631 0.00164353
6.83333 0.00694444 0.00694444 0.00326797 0.00326797
7 0 0 0 0
7.16667 0.00813008 0.00406504 0.00347222 0.00173611
7.33333 0.00406504 0.00406504 0.00173611 0.00173611
7.5 0.0162602 0.0107551 0.00694444 0.00459332
7.66667 0.0162602 0.00813008 0.00694444 0.00347222
7.83333 0.0203252 0.0146567 0.00868056 0.00625964
8 0.0156673 0.00439156 0.00684232 0.00178936
8.16667 0.0116023 0.000592818 0.00510621 0.000102124
8.33333 0.00406504 0.00406504 0.00173611 0.00173611
8.5 0.00406504 0.00406504 0.00173611 0.00173611
8.66667 0.00406504 0.00406504 0.00173611 0.00173611
8.83333 0.00406504 0.00406504 0.00173611 0.00173611
9 0 0 0 0
9.16667 0.00813008 0.00813008 0.00347222 0.00347222
9.33333 0.0121951 0.00704086 0.00520833 0.00300703
9.5 0.00406504 0.00406504 0.00173611 0.00173611
9.66667 0.00813008 0.00813008 0.00347222 0.00347222
9.83333 0.0203252 0.0107551 0.00868056 0.00459332
10 0.00813008 0.00406504 0.00347222 0.00173611
11 0.00406504 0.00406504 0.00173611 0.00173611
12 0 0 0 0
13 0.00753726 0.00380344 0.0033701 0.00168737
14 0 0 0 0
15 0 0 0 0
16 0 0 0 0
17 0.00406504 0.00406504 0.00173611 0.00173611
18 0 0 0 0
19 0 0 0 0
20 0 0 0 0
21 0 0 0 0
22 0 0 0 0
23 0 0 0 0
24 0 0 0 0
25 0 0 0 0
26 0 0 0 0
27 0 0 0 0
28 0 0 0 0
29 0 0 0 0
30 0 0 0 0
31 0 0 0 0
32 0 0 0 0
33 0 0 0 0
34 0 0 0 0
35 0 0 0 0
36 0 0 0 0
37 0 0 0 0
38 0 0 0 0
39 0 0 0 0
40 0 0 0 0
41 0 0 0 0
42 0 0 0 0
43 0 0 0 0
44 0 0 0 0
45 0 0 0 0
46 0 0 0 0
47 0 0 0 0
48 0 0 0 0
49 0 0 0 0
50 0 0 0 0
51 0 0 0 0
52 0 0 0 0
53 0 0 0 0
54 0 0 0 0
55 0 0 0 0
56 0 0 0 0
57 0 0 0 0
58 0 0 0 0
59 0 0 0 0
60 0 0 0 0
70 0 0 0 0
80 0 0 0 0
90 0 0 0 0
100 0 0 0 0
110 0 0 0 0
120 0 0 0 0
130 0 0 0 0
140 0 0 0 0
150 0 0 0 0
160 0 0 0 0
170 0 0 0 0
180 0 0 0 0
190 0 0 0 0
200 0 0 0 0
210 0 0 0 0
220 0 0 0 0
230 0 0 0 0
240 0 0 0 0
250 0 0 0 0
260 0 0 0 0
270 0 0 0 0
280 0 0 0 0
290 0 0 0 0
300 0 0 0 0
310 0 0 0 0
320 0 0 0 0
330 0 0 0 0
340 0 0 0 0
350 0 0 0 0
360 0 0 0 0
370 0 0 0 0
380 0 0 0 0
390 0 0 0 0
400 0 0 0 0
410 0 0 0 0
420 0 0 0 0
430 0 0 0 0
440 0 0 0 0
450 0 0 0 0
460 0 0 0 0
470 0 0 0 0
480 0 0 0 0
490 0 0 0 0
500 0 0 0 0
510 0 0 0 0
520 0 0 0 0
530 0 0 0 0
540 0 0 0 0
550 0 0 0 0
560 0 0 0 0
570 0 0 0 0
580 0 0 0 0
590 0 0 0 0
600 0 0 0 0
610 0 0 0 0
620 0 0 0 0
630 0 0 0 0
640 0 0 0 0
650 0 0 0 0
660 0 0 0 0
670 0 0 0 0
680 0 0 0 0
690 0 0 0 0
700 0 0 0 0
710 0 0 0 0
720 0 0 0 0
730 0 0 0 0
740 0 0 0 0
750 0 0 0 0
760 0 0 0 0
770 0 0 0 0
780 0 0 0 0
790 0 0 0 0
800 0 0 0 0
810 0 0 0 0
820 0 0 0 0
830 0 0 0 0
840 0 0 0 0
850 0 0 0 0
860 0 0 0 0
870 0 0 0 0
880 0 0 0 0
890 0 0 0 0
900 0 0 0 0
910 0 0 0 0
920 0 0 0 0
930 0 0 0 0
940 0 0 0 0
950 0 0 0 0
960 0 0 0 0
970 0 0 0 0
980 0 0 0 0
990 0 0 0 0
1000 0 0 0 0
1010 0 0 0 0
1020 0 0 0 0
1030 0 0 0 0
1040 0 0 0 0
1050 0 0 0 0
1060 0 0 0 0
1070 0 0 0 0
1080 0 0 0 0
1090 0 0 0 0
1100 0 0 0 0
1110 0 0 0 0
1120 0 0 0 0
1130 0 0 0 0
1140 0 0 0 0
1150 0 0 0 0
1160 0 0 0 0
1170 0 0 0 0
1180 0 0 0 0
1190 0 0 0 0
1200 0 0 0 0
1210 0 0 0 0
1220 0 0 0 0
1230 0 0 0 0
1240 0 0 0 0
1250 0 0 0 0
1260 0 0 0 0
1270 0 0 0 0
1280 0 0 0 0
1290 0 0 0 0
1300 0 0 0 0
1310 0 0 0 0
1320 0 0 0 0
1330 0 0 0 0
1340 0 0 0 0
1350 0 0 0 0
1360 0 0 0 0
1370 0 0 0 0
1380 0 0 0 0
1390 0 0 0 0
1400 0 0 0 0
1410 0 0 0 0
1420 0 0 0 0
1430 0 0 0 0
1440 0 0 0 0


DSBEnd_Ku
0 0 0 0 0
0.0166667 1 0 0.240094 0.0104801
0.0333333 0.674267 0.00834138 0.161765 0.00575078
0.05 0.442802 0.0538034 0.105188 0.0086589
0.0666667 0.31256 0.010462 0.0749592 0.00316585
0.0833333 0.274783 0.0376633 0.0662786 0.0105899
0.1 0.255684 0.0135232 0.0611724 0.00197235
0.116667 0.182576 0.0287283 0.044424 0.00905917
0.133333 0.159936 0.0500371 0.0394199 0.0141511
0.15 0.112689 0.0153326 0.0273693 0.0049094
0.166667 0.129243 0.0246409 0.0305351 0.00489025
0.183333 0.165056 0.0344797 0.0389093 0.00677492
0.2 0.15913 0.0498188 0.0371732 0.0107919
0.216667 0.149501 0.0340421 0.0354371 0.0069557
0.233333 0.0581965 0.0273116 0.0136846 0.00631933
0.25 0.120837 0.0198073 0.0291054 0.00498111
0.266667 0.0623188 0.0313861 0.0152165 0.00783167
0.283333 0.0559742 0.0120161 0.0136846 0.00357872
0.3 0.0361353 0.015274 0.00857843 0.00352439
0.316667 0.0590982 0.0486352 0.0137868 0.0114238
0.333333 0.0222222 0.0222222 0.00520833 0.00520833
0.35 0.0279871 0.00600806 0.00684232 0.00178936
0.366667 0.0426409 0.00134959 0.0102124 0.000204248
0.383333 0.0352335 0.00658267 0.00847631 0.00164353
0.4 0.0497262 0.0193096 0.0117443 0.00420945
0.416667 0.0430596 0.0219578 0.0100082 0.00479984
0.433333 0.0285668 0.00748326 0.0067402 0.00153186
0.45 0.0146538 0.00732822 0.0033701 0.00168737
0.466667 0.0213205 0.000674793 0.00510621 0.000102124
0.483333 0.0211594 0.0125645 0.00500408 0.00283199
0.5 0.0419002 0.010934 0.0102124 0.00301396
0.516667 0.0851208 0.0123999 0.0203227 0.0025775
0.533333 0.0864412 0.0261349 0.0202206 0.00549196
0.55 0.0660225 0.0337397 0.0152165 0.00783167
0.566667 0.0633816 0.0106701 0.0154208 0.00318555
0.583333 0.04 0.04 0.0104167 0.0104167
0.6 0.0205797 0.0115615 0.00510621 0.00300877
0.616667 0.0278261 0.0139492 0.0067402 0.00337474
0.633333 0.0713043 0.0525877 0.0165441 0.0117278
0.65 0.0787118 0.0478765 0.0182802 0.0105752
0.666667 0.0556522 0.0278985 0.0134804 0.00674947
0.683333 0.0426409 0.00134959 0.0102124 0.000204248
0.7 0.00666667 0.00666667 0.00173611 0.00173611
0.716667 0 0 0 0
0.733333 0.0213205 0.000674793 0.00510621 0.000102124
0.75 0.0285668 0.00748326 0.0067402 0.00153186
0.766667 0.0285668 0.00748326 0.0067402 0.00153186
0.783333 0.0285668 0.00748326 0.0067402 0.00153186
0.8 0.050628 0.0153197 0.0118464 0.00332962
0.816667 0.050467 0.0195618 0.0117443 0.00420945
0.833333 0.0278261 0.0139492 0.0067402 0.00337474
0.85 0.0350725 0.0189872 0.00837418 0.00436633
0.866667 0.0144928 0.0144928 0.00326797 0.00326797
0.883333 0.0289855 0.0289855 0.00653595 0.00653595
0.9 0.0146538 0.00732822 0.0033701 0.00168737
0.916667 0.00666667 0.00666667 0.00173611 0.00173611
0.933333 0.00666667 0.00666667 0.00173611 0.00173611
0.95 0.0205797 0.0115615 0.00510621 0.00300877
0.966667 0.0279871 0.00600806 0.00684232 0.00178936
0.983333 0.0485668 0.0168719 0.0119485 0.00463626
1 0.0279871 0.00600806 0.00684232 0.00178936
1.16667 0.013913 0.00697461 0.0033701 0.00168737
1.33333 0.0279871 0.00600806 0.00684232 0.00178936
1.5 0.042963 0.0257027 0.0104167 0.00601407
1.66667 0.0417391 0.0209238 0.0101103 0.00506211
1.83333 0.036715 0.0195399 0.00847631 0.00455913
2 0.036876 0.0267529 0.00857843 0.00628873
2.16667 0.0272464 0.017538 0.00684232 0.00461371
2.33333 0.00666667 0.00666667 0.00173611 0.00173611
2.5 0.0140741 0.00706622 0.00347222 0.00173611
2.66667 0.0146538 0.00732822 0.0033701 0.00168737
2.83333 0.00724638 0.00724638 0.00163399 0.00163399
3 0.0211594 0.0125645 0.00500408 0.00283199
3.16667 0.00666667 0.00666667 0.00173611 0.00173611
3.33333 0.0220612 0.012831 0.00510621 0.00300877
3.5 0.00724638 0.00724638 0.00163399 0.00163399
3.66667 0.0281481 0.0141324 0.00694444 0.00347222
3.83333 0.0220612 0.012831 0.00510621 0.00300877
4 0.0352335 0.00658267 0.00847631 0.00164353
4.16667 0 0 0 0
4.33333 0.00666667 0.00666667 0.00173611 0.00173611
4.5 0.0146538 0.00732822 0.0033701 0.00168737
4.66667 0.0140741 0.00706622 0.00347222 0.00173611
4.83333 0.00740741 0.00740741 0.00173611 0.00173611
5 0.0285668 0.00748326 0.0067402 0.00153186
5.16667 0.0205797 0.0115615 0.00510621 0.00300877
5.33333 0.00666667 0.00666667 0.00173611 0.00173611
5.5 0.0140741 0.00706622 0.00347222 0.00173611
5.66667 0 0 0 0
5.83333 0.0140741 0.00706622 0.00347222 0.00173611
6 0.0293076 0.0146564 0.0067402 0.00337474
6.16667 0.0220612 0.012831 0.00510621 0.00300877
6.33333 0 0 0 0
6.5 0 0 0 0
6.66667 0.0333333 0.0333333 0.00868056 0.00868056
6.83333 0.00724638 0.00724638 0.00163399 0.00163399
7 0.0148148 0.0148148 0.00347222 0.00347222
7.16667 0.00740741 0.00740741 0.00173611 0.00173611
7.33333 0 0 0 0
7.5 0 0 0 0
7.66667 0 0 0 0
7.83333 0 0 0 0
8 0.0148148 0.0148148 0.00347222 0.00347222
8.16667 0.0140741 0.00706622 0.00347222 0.00173611
8.33333 0.0144928 0.0144928 0.00326797 0.00326797
8.5 0 0 0 0
8.66667 0 0 0 0
8.83333 0.00740741 0.00740741 0.00173611 0.00173611
9 0 0 0 0
9.16667 0 0 0 0
9.33333 0 0 0 0
9.5 0 0 0 0
9.66667 0.00666667 0.00666667 0.00173611 0.00173611
9.83333 0.0146538 0.00732822 0.0033701 0.00168737
10 0 0 0 0
11 0 0 0 0
12 0 0 0 0
13 0 0 0 0
14 0 0 0 0
15 0 0 0 0
16 0 0 0 0
17 0.00740741 0.00740741 0.00173611 0.00173611
18 0 0 0 0
19 0 0 0 0
20 0 0 0 0
21 0 0 0 0
22 0 0 0 0
23 0 0 0 0
24 0 0 0 0
25 0 0 0 0
26 0 0 0 0
27 0 0 0 0
28 0 0 0 0
29 0 0 0 0
30 0 0 0 0
31 0 0 0 0
32 0 0 0 0
33 0 0 0 0
34 0 0 0 0
35 0 0 0 0
36 0 0 0 0
37 0 0 0 0
38 0 0 0 0
39 0 0 0 0
40 0 0 0 0
41 0 0 0 0
42 0 0 0 0
43 0 0 0 0
44 0 0 0 0
45 0 0 0 0
46 0 0 0 0
47 0 0 0 0
48 0 0 0 0
49 0 0 0 0
50 0 0 0 0
51 0 0 0 0
52 0 0 0 0
53 0 0 0 0
54 0 0 0 0
55 0 0 0 0
56 0 0 0 0
57 0 0 0 0
58 0 0 0 0
59 0 0 0 0
60 0 0 0 0
70 0 0 0 0
80 0 0 0 0
90 0 0 0 0
100 0 0 0 0
110 0 0 0 0
120 0 0 0 0
130 0 0 0 0
140 0 0 0 0
150 0 0 0 0
160 0 0 0 0
170 0 0 0 0
180 0 0 0 0
190 0 0 0 0
200 0 0 0 0
210 0 0 0 0
220 0 0 0 0
230 0 0 0 0
240 0 0 0 0
250 0 0 0 0
260 0 0 0 0
270 0 0 0 0
280 0 0 0 0
290 0 0 0 0
300 0 0 0 0
310 0 0 0 0
320 0 0 0 0
330 0 0 0 0
340 0 0 0 0
350 0 0 0 0
360 0 0 0 0
370 0 0 0 0
380 0 0 0 0
390 0 0 0 0
400 0 0 0 0
410 0 0 0 0
420 0 0 0 0
430 0 0 0 0
440 0 0 0 0
450 0 0 0 0
460 0 0 0 0
470 0 0 0 0
480 0 0 0 0
490 0 0 0 0
500 0 0 0 0
510 0 0 0 0
520 0 0 0 0
530 0 0 0 0
540 0 0 0 0
550 0 0 0 0
560 0 0 0 0
570 0 0 0 0
580 0 0 0 0
590 0 0 0 0
600 0 0 0 0
610 0 0 0 0
620 0 0 0 0
630 0 0 0 0
640 0 0 0 0
650 0 0 0 0
660 0 0 0 0
670 0 0 0 0
680 0 0 0 0
690 0 0 0 0
700 0 0 0 0
710 0 0 0 0
720 0 0 0 0
730 0 0 0 0
740 0 0 0 0
750 0 0 0 0
760 0 0 0 0
770 0 0 0 0
780 0 0 0 0
790 0 0 0 0
800 0 0 0 0
810 0 0 0 0
820 0 0 0 0
830 0 0 0 0
840 0 0 0 0
850 0 0 0 0
860 0 0 0 0
870 0 0 0 0
880 0 0 0 0
890 0 0 0 0
900 0 0 0 0
910 0 0 0 0
920 0 0 0 0
930 0 0 0 0
940 0 0 0 0
950 0 0 0 0
960 0 0 0 0
970 0 0 0 0
980 0 0 0 0
990 0 0 0 0
1000 0 0 0 0
1010 0 0 0 0
1020 0 0 0 0
1030 0 0 0 0
1040 0 0 0 0
1050 0 0 0 0
1060 0 0 0 0
1070 0 0 0 0
1080 0 0 0 0
1090 0 0 0 0
1100 0 0 0 0
1110 0 0 0 0
1120 0 0 0 0
1130 0 0 0 0
1140 0 0 0 0
1150 0 0 0 0
1160 0 0 0 0
1170 0 0 0 0
1180 0 0 0 0
1190 0 0 0 0
1200 0 0 0 0
1210 0 0 0 0
1220 0 0 0 0
1230 0 0 0 0
1240 0 0 0 0
1250 0 0 0 0
1260 0 0 0 0
1270 0 0 0 0
1280 0 0 0 0
1290 0 0 0 0
1300 0 0 0 0
1310 0 0 0 0
1320 0 0 0 0
1330 0 0 0 0
1340 0 0 0 0
1350 0 0 0 0
1360 0 0 0 0
1370 0 0 0 0
1380 0 0 0 0
1390 0 0 0 0
1400 0 0 0 0
1410 0 0 0 0
1420 0 0 0 0
1430 0 0 0 0
1440 0 0 0 0


DSBEnd_PKcs
0 0 0 0 0
0.0166667 0.435028 0.066995 0.121426 0.0171972
0.0333333 0.712824 0.0709751 0.199449 0.0177511
0.05 0.954802 0.0451977 0.267361 0.00868056
0.0666667 0.981772 0.0109122 0.275327 0.0054068
0.0833333 0.940305 0.0136583 0.263583 0.00160501
0.1 0.930818 0.0440252 0.261336 0.0158378
0.116667 0.845326 0.0512699 0.237439 0.0177546
0.133333 0.858544 0.0303757 0.241013 0.0122221
0.15 0.754184 0.0540061 0.211908 0.0182185
0.166667 0.715169 0.0964755 0.201287 0.0300292
0.183333 0.693849 0.0573984 0.194955 0.0185436
0.2 0.620936 0.0529968 0.17453 0.0173854
0.216667 0.554312 0.0448779 0.155842 0.0152165
0.233333 0.558682 0.0681164 0.157271 0.0218546
0.25 0.546104 0.0751989 0.153799 0.0237816
0.266667 0.485769 0.0778647 0.136846 0.0240213
0.283333 0.47383 0.0781074 0.133476 0.0239352
0.3 0.46818 0.0681939 0.131842 0.0212381
0.316667 0.492698 0.0672152 0.138685 0.0209362
0.333333 0.504637 0.0721394 0.142055 0.0222989
0.35 0.510926 0.0726211 0.143791 0.0223108
0.366667 0.47383 0.0701007 0.133476 0.0219652
0.383333 0.46882 0.0537256 0.131944 0.0173611
0.4 0.46946 0.0452602 0.132047 0.0149349
0.416667 0.433003 0.0465303 0.121834 0.0151382
0.433333 0.433642 0.0389696 0.121936 0.0129162
0.45 0.421703 0.0353333 0.118566 0.0118908
0.466667 0.415414 0.0395841 0.11683 0.0130155
0.483333 0.396546 0.0502221 0.111622 0.0159199
0.5 0.414135 0.0597575 0.116626 0.018663
0.516667 0.421064 0.0450425 0.118464 0.0146102
0.533333 0.456881 0.0580104 0.128574 0.0182185
0.55 0.449312 0.0727739 0.126634 0.0226677
0.566667 0.424155 0.0852316 0.11969 0.0261133
0.583333 0.454323 0.0905885 0.128166 0.0276451
0.6 0.436094 0.0950222 0.12306 0.0287045
0.616667 0.455602 0.0786663 0.12837 0.024027
0.633333 0.455602 0.0786663 0.12837 0.024027
0.65 0.460612 0.0894378 0.129902 0.0272706
0.666667 0.448033 0.0995819 0.12643 0.0299892
0.683333 0.437373 0.0850067 0.123264 0.0255745
0.7 0.443663 0.0858074 0.125 0.0256921
0.716667 0.431084 0.0846669 0.121528 0.0255745
0.733333 0.424795 0.0902179 0.119792 0.0270633
0.75 0.438013 0.0688982 0.123366 0.0212131
0.766667 0.443023 0.0842227 0.124898 0.025599
0.783333 0.448673 0.089297 0.126532 0.0270968
0.8 0.454323 0.0944367 0.128166 0.0286095
0.816667 0.47884 0.0888428 0.135008 0.0271742
0.833333 0.485769 0.0830276 0.136846 0.0253046
0.85 0.491419 0.0878868 0.13848 0.0267534
0.866667 0.478201 0.099041 0.134906 0.0300393
0.883333 0.47884 0.0934007 0.135008 0.0283149
0.9 0.47319 0.0884428 0.133374 0.0268447
0.916667 0.461251 0.0891467 0.130004 0.0268866
0.933333 0.466901 0.093917 0.131638 0.0283105
0.95 0.497708 0.101828 0.140217 0.0302055
0.966667 0.490779 0.104091 0.138378 0.0311519
0.983333 0.478201 0.103723 0.134906 0.0312201
1 0.472551 0.0987801 0.133272 0.029756
1.16667 0.419785 0.065051 0.11826 0.0202167
1.33333 0.419785 0.0622546 0.11826 0.0195343
1.5 0.443663 0.0697919 0.125 0.021684
1.66667 0.466901 0.0846113 0.131638 0.0259787
1.83333 0.435455 0.110229 0.122958 0.0328502
2 0.440465 0.116681 0.124489 0.0349651
2.16667 0.435455 0.095832 0.122958 0.0292075
2.33333 0.442384 0.0845973 0.124796 0.0260118
2.5 0.456241 0.0609956 0.128472 0.0193325
2.66667 0.450592 0.0554458 0.126838 0.0177202
2.83333 0.437373 0.0713453 0.123264 0.0221652
3 0.448673 0.082385 0.126532 0.0253735
3.16667 0.487688 0.0472096 0.137153 0.0154309
3.33333 0.480119 0.0685779 0.135212 0.0214879
3.5 0.498348 0.0722045 0.140319 0.0224218
3.66667 0.523505 0.0612531 0.147263 0.0192936
3.83333 0.487048 0.0573828 0.137051 0.0182768
4 0.511566 0.0563234 0.143893 0.0179399
4.16667 0.492698 0.0672152 0.138685 0.0209362
4.33333 0.511566 0.0695245 0.143893 0.0211762
4.5 0.529794 0.0618197 0.148999 0.0193074
4.66667 0.503997 0.0824838 0.141953 0.0252147
4.83333 0.492058 0.0775498 0.138583 0.0238435
5 0.466262 0.104261 0.131536 0.0312271
5.16667 0.48449 0.103716 0.136642 0.0311377
5.33333 0.48449 0.116641 0.136642 0.0344466
5.5 0.461891 0.10063 0.130106 0.0295441
5.66667 0.466901 0.106916 0.131638 0.0316293
5.83333 0.510926 0.087448 0.143791 0.0260503
6 0.472551 0.0987801 0.133272 0.029756
6.16667 0.454962 0.0889999 0.128268 0.026936
6.33333 0.497069 0.0928355 0.140114 0.0282225
6.5 0.492058 0.0834464 0.138583 0.0253151
6.66667 0.491419 0.0878868 0.13848 0.0267534
6.83333 0.48449 0.103716 0.136642 0.0311377
7 0.454962 0.0889999 0.128268 0.026936
7.16667 0.461251 0.0891467 0.130004 0.0268866
7.33333 0.461251 0.0836529 0.130004 0.0255059
7.5 0.47383 0.0734083 0.133476 0.0227737
7.66667 0.492698 0.0597374 0.138685 0.0191308
7.83333 0.492698 0.0626462 0.138685 0.0198271
8 0.503997 0.0733457 0.141953 0.0229625
8.16667 0.498348 0.0679717 0.140319 0.0213898
8.33333 0.47948 0.0756063 0.13511 0.0235668
8.5 0.486409 0.0640014 0.136949 0.0202693
8.66667 0.461251 0.0792831 0.130004 0.0244192
8.83333 0.467541 0.0784457 0.13174 0.024116
9 0.454962 0.0806039 0.128268 0.0248403
9.16667 0.467541 0.0784457 0.13174 0.024116
9.33333 0.486409 0.067608 0.136949 0.0211427
9.5 0.47383 0.0734083 0.133476 0.0227737
9.66667 0.47383 0.0734083 0.133476 0.0227737
9.83333 0.498348 0.0679717 0.140319 0.0213898
10 0.492698 0.0731338 0.138685 0.0223969
11 0.524145 0.0737545 0.147365 0.0220297
12 0.519134 0.0521039 0.145833 0.0159117
13 0.525424 0.055221 0.147569 0.0165614
14 0.519134 0.0521039 0.145833 0.0159117
15 0.519134 0.0521039 0.145833 0.0159117
16 0.519134 0.0521039 0.145833 0.0159117
17 0.519134 0.0521039 0.145833 0.0159117
18 0.507835 0.0468708 0.142565 0.0139921
19 0.507835 0.0468708 0.142565 0.0139921
20 0.507835 0.0468708 0.142565 0.0139921
21 0.507835 0.0468708 0.142565 0.0139921
22 0.507835 0.0468708 0.142565 0.0139921
23 0.507835 0.0468708 0.142565 0.0139921
24 0.507835 0.0468708 0.142565 0.0139921
25 0.507835 0.0468708 0.142565 0.0139921
26 0.507835 0.0468708 0.142565 0.0139921
27 0.507835 0.0468708 0.142565 0.0139921
28 0.507835 0.0468708 0.142565 0.0139921
29 0.507835 0.0468708 0.142565 0.0139921
30 0.507835 0.0468708 0.142565 0.0139921
31 0.507835 0.0468708 0.142565 0.0139921
32 0.507835 0.0468708 0.142565 0.0139921
33 0.507835 0.0468708 0.142565 0.0139921
34 0.507835 0.0468708 0.142565 0.0139921
35 0.507835 0.0468708 0.142565 0.0139921
36 0.495256 0.0593435 0.139093 0.0174641
37 0.507835 0.0468708 0.142565 0.0139921
38 0.507835 0.0468708 0.142565 0.0139921
39 0.507835 0.0468708 0.142565 0.0139921
40 0.507835 0.0468708 0.142565 0.0139921
41 0.507835 0.0468708 0.142565 0.0139921
42 0.507835 0.0468708 0.142565 0.0139921
43 0.507835 0.0468708 0.142565 0.0139921
44 0.507835 0.0468708 0.142565 0.0139921
45 0.507835 0.0468708 0.142565 0.0139921
46 0.507835 0.0468708 0.142565 0.0139921
47 0.507835 0.0468708 0.142565 0.0139921
48 0.507835 0.0468708 0.142565 0.0139921
49 0.507835 0.0468708 0.142565 0.0139921
50 0.507835 0.0468708 0.142565 0.0139921
51 0.507835 0.0468708 0.142565 0.0139921
52 0.507835 0.0468708 0.142565 0.0139921
53 0.507835 0.0468708 0.142565 0.0139921
54 0.507835 0.0468708 0.142565 0.0139921
55 0.507835 0.0468708 0.142565 0.0139921
56 0.507835 0.0468708 0.142565 0.0139921
57 0.507835 0.0468708 0.142565 0.0139921
58 0.495256 0.0402863 0.139093 0.0126618
59 0.482678 0.0369532 0.135621 0.0122054
60 0.482678 0.0369532 0.135621 0.0122054
70 0.482678 0.0369532 0.135621 0.0122054
80 0.482678 0.0369532 0.135621 0.0122054
90 0.482678 0.0369532 0.135621 0.0122054
100 0.482678 0.0369532 0.135621 0.0122054
110 0.482678 0.0369532 0.135621 0.0122054
120 0.471378 0.0286129 0.132353 0.0094992
130 0.471378 0.0286129 0.132353 0.0094992
140 0.471378 0.0286129 0.132353 0.0094992
150 0.471378 0.0286129 0.132353 0.0094992
160 0.4588 0.0271213 0.128881 0.00957356
170 0.4475 0.0173765 0.125613 0.00655189
180 0.4475 0.0173765 0.125613 0.00655189
190 0.4475 0.0173765 0.125613 0.00655189
200 0.4475 0.0173765 0.125613 0.00655189
210 0.4475 0.0173765 0.125613 0.00655189
220 0.4475 0.0173765 0.125613 0.00655189
230 0.4475 0.0173765 0.125613 0.00655189
240 0.4475 0.0173765 0.125613 0.00655189
250 0.4475 0.0173765 0.125613 0.00655189
260 0.4475 0.0173765 0.125613 0.00655189
270 0.4475 0.0173765 0.125613 0.00655189
280 0.4475 0.0173765 0.125613 0.00655189
290 0.4475 0.0173765 0.125613 0.00655189
300 0.4475 0.0173765 0.125613 0.00655189
310 0.4475 0.0173765 0.125613 0.00655189
320 0.4475 0.0173765 0.125613 0.00655189
330 0.4475 0.0173765 0.125613 0.00655189
340 0.4475 0.0173765 0.125613 0.00655189
350 0.4475 0.0173765 0.125613 0.00655189
360 0.434922 0.0294582 0.122141 0.00965816
370 0.434922 0.0294582 0.122141 0.00965816
380 0.434922 0.0294582 0.122141 0.00965816
390 0.434922 0.0294582 0.122141 0.00965816
400 0.434922 0.0294582 0.122141 0.00965816
410 0.434922 0.0294582 0.122141 0.00965816
420 0.434922 0.0294582 0.122141 0.00965816
430 0.434922 0.0294582 0.122141 0.00965816
440 0.434922 0.0294582 0.122141 0.00965816
450 0.434922 0.0294582 0.122141 0.00965816
460 0.434922 0.0294582 0.122141 0.00965816
470 0.434922 0.0294582 0.122141 0.00965816
480 0.434922 0.0294582 0.122141 0.00965816
490 0.434922 0.0294582 0.122141 0.00965816
500 0.434922 0.0294582 0.122141 0.00965816
510 0.434922 0.0294582 0.122141 0.00965816
520 0.434922 0.0294582 0.122141 0.00965816
530 0.434922 0.0294582 0.122141 0.00965816
540 0.434922 0.0294582 0.122141 0.00965816
550 0.434922 0.0294582 0.122141 0.00965816
560 0.434922 0.0294582 0.122141 0.00965816
570 0.434922 0.0294582 0.122141 0.00965816
580 0.434922 0.0294582 0.122141 0.00965816
590 0.434922 0.0294582 0.122141 0.00965816
600 0.434922 0.0294582 0.122141 0.00965816
610 0.434922 0.0294582 0.122141 0.00965816
620 0.434922 0.0294582 0.122141 0.00965816
630 0.434922 0.0294582 0.122141 0.00965816
640 0.434922 0.0294582 0.122141 0.00965816
650 0.434922 0.0294582 0.122141 0.00965816
660 0.434922 0.0294582 0.122141 0.00965816
670 0.434922 0.0294582 0.122141 0.00965816
680 0.434922 0.0294582 0.122141 0.00965816
690 0.434922 0.0294582 0.122141 0.00965816
700 0.434922 0.0294582 0.122141 0.00965816
710 0.434922 0.0294582 0.122141 0.00965816
720 0.434922 0.0294582 0.122141 0.00965816
730 0.434922 0.0294582 0.122141 0.00965816
740 0.434922 0.0294582 0.122141 0.00965816
750 0.434922 0.0294582 0.122141 0.00965816
760 0.434922 0.0294582 0.122141 0.00965816
770 0.434922 0.0294582 0.122141 0.00965816
780 0.434922 0.0294582 0.122141 0.00965816
790 0.434922 0.0294582 0.122141 0.00965816
800 0.434922 0.0294582 0.122141 0.00965816
810 0.434922 0.0294582 0.122141 0.00965816
820 0.434922 0.0294582 0.122141 0.00965816
830 0.434922 0.0294582 0.122141 0.00965816
840 0.434922 0.0294582 0.122141 0.00965816
850 0.434922 0.0294582 0.122141 0.00965816
860 0.434922 0.0294582 0.122141 0.00965816
870 0.434922 0.0294582 0.122141 0.00965816
880 0.434922 0.0294582 0.122141 0.00965816
890 0.434922 0.0294582 0.122141 0.00965816
900 0.434922 0.0294582 0.122141 0.00965816
910 0.434922 0.0294582 0.122141 0.00965816
920 0.434922 0.0294582 0.122141 0.00965816
930 0.434922 0.0294582 0.122141 0.00965816
940 0.434922 0.0294582 0.122141 0.00965816
950 0.434922 0.0294582 0.122141 0.00965816
960 0.434922 0.0294582 0.122141 0.00965816
970 0.434922 0.0294582 0.122141 0.00965816
980 0.434922 0.0294582 0.122141 0.00965816
990 0.434922 0.0294582 0.122141 0.00965816
1000 0.434922 0.0294582 0.122141 0.00965816
1010 0.434922 0.0294582 0.122141 0.00965816
1020 0.434922 0.0294582 0.122141 0.00965816
1030 0.434922 0.0294582 0.122141 0.00965816
1040 0.434922 0.0294582 0.122141 0.00965816
1050 0.434922 0.0294582 0.122141 0.00965816
1060 0.434922 0.0294582 0.122141 0.00965816
1070 0.434922 0.0294582 0.122141 0.00965816
1080 0.434922 0.0294582 0.122141 0.00965816
1090 0.434922 0.0294582 0.122141 0.00965816
1100 0.434922 0.0294582 0.122141 0.00965816
1110 0.434922 0.0294582 0.122141 0.00965816
1120 0.434922 0.0294582 0.122141 0.00965816
1130 0.434922 0.0294582 0.122141 0.00965816
1140 0.434922 0.0294582 0.122141 0.00965816
1150 0.434922 0.0294582 0.122141 0.00965816
1160 0.434922 0.0294582 0.122141 0.00965816
1170 0.434922 0.0294582 0.122141 0.00965816
1180 0.434922 0.0294582 0.122141 0.00965816
1190 0.434922 0.0294582 0.122141 0.00965816
1200 0.434922 0.0294582 0.122141 0.00965816
1210 0.434922 0.0294582 0.122141 0.00965816
1220 0.434922 0.0294582 0.122141 0.00965816
1230 0.434922 0.0294582 0.122141 0.00965816
1240 0.434922 0.0294582 0.122141 0.00965816
1250 0.434922 0.0294582 0.122141 0.00965816
1260 0.434922 0.0294582 0.122141 0.00965816
1270 0.434922 0.0294582 0.122141 0.00965816
1280 0.434922 0.0294582 0.122141 0.00965816
1290 0.434922 0.0294582 0.122141 0.00965816
1300 0.434922 0.0294582 0.122141 0.00965816
1310 0.434922 0.0294582 0.122141 0.00965816
1320 0.434922 0.0294582 0.122141 0.00965816
1330 0.434922 0.0294582 0.122141 0.00965816
1340 0.434922 0.0294582 0.122141 0.00965816
1350 0.434922 0.0294582 0.122141 0.00965816
1360 0.434922 0.0294582 0.122141 0.00965816
1370 0.434922 0.0294582 0.122141 0.00965816
1380 0.434922 0.0294582 0.122141 0.00965816
1390 0.434922 0.0294582 0.122141 0.00965816
1400 0.434922 0.0294582 0.122141 0.00965816
1410 0.434922 0.0294582 0.122141 0.00965816
1420 0.434922 0.0294582 0.122141 0.00965816
1430 0.434922 0.0294582 0.122141 0.00965816
1440 0.434922 0.0294582 0.122141 0.00965816


DSBSynaptic
0 0 0 0 0
0.0166667 0.0401899 0.000477815 0.0306373 0.000612745
0.0333333 0.169644 0.0290401 0.129698 0.0237166
0.05 0.218605 0.0240848 0.167279 0.0212467
0.0666667 0.303132 0.0220195 0.23223 0.0231739
0.0833333 0.392406 0.0191126 0.300245 0.0234557
0.1 0.459564 0.0244467 0.351307 0.0265711
0.116667 0.548896 0.0196597 0.419322 0.025066
0.133333 0.593594 0.0109922 0.453227 0.0209482
0.15 0.665075 0.0409358 0.507966 0.039297
0.166667 0.691561 0.0676939 0.529003 0.0608331
0.183333 0.732297 0.0497327 0.558824 0.0436213
0.2 0.790391 0.0415519 0.602941 0.0372936
0.216667 0.848427 0.0261871 0.647059 0.0266456
0.233333 0.884289 0.0379048 0.674224 0.0327734
0.25 0.888617 0.0263506 0.677696 0.0270997
0.266667 0.928509 0.00912693 0.708538 0.0260118
0.283333 0.946472 0.00747166 0.722018 0.0229714
0.3 0.946589 0.02275 0.722018 0.0272891
0.316667 0.93752 0.0116382 0.715278 0.0250386
0.333333 0.932656 0.0162896 0.712214 0.0338036
0.35 0.937042 0.0201699 0.715686 0.0363608
0.366667 0.950434 0.0243605 0.726103 0.0396363
0.383333 0.950556 0.0167861 0.725899 0.034518
0.4 0.950736 0.0121911 0.725694 0.0296667
0.416667 0.964191 0.0179152 0.735907 0.0310572
0.433333 0.973324 0.0151977 0.742443 0.0248756
0.45 0.982276 0.0115715 0.749183 0.0224701
0.466667 0.977651 0.00451853 0.745915 0.0249183
0.483333 0.986423 0.00790985 0.752859 0.0290205
0.5 0.97771 0.0116777 0.745915 0.0256338
0.516667 0.964313 0.0116623 0.735703 0.0254353
0.533333 0.946292 0.00824286 0.722222 0.0277778
0.55 0.950614 0.0199439 0.725899 0.035038
0.566667 0.954942 0.0185671 0.729371 0.0363786
0.583333 0.963714 0.0242093 0.736315 0.0407377
0.6 0.972725 0.0209652 0.743056 0.038665
0.616667 0.963772 0.0229821 0.736315 0.03984
0.633333 0.95464 0.0321145 0.729779 0.0463599
0.65 0.95464 0.0321145 0.729779 0.0463599
0.666667 0.955005 0.016509 0.729167 0.0334849
0.683333 0.973148 0.00775345 0.742443 0.0248756
0.7 0.986725 0.00769823 0.752451 0.0193411
0.716667 1 0 0.762868 0.0237816
0.733333 0.995434 0.00456621 0.7596 0.0270265
0.75 0.982096 0.00895762 0.749387 0.0268235
0.766667 0.968519 0.0122443 0.739379 0.0314542
0.783333 0.972905 0.0138497 0.742851 0.0333263
0.8 0.932656 0.0162896 0.712214 0.0338036
0.816667 0.918958 0.0290527 0.70241 0.043331
0.833333 0.914333 0.0360139 0.699142 0.0480618
0.85 0.914211 0.0409875 0.699346 0.0520621
0.866667 0.932052 0.0420881 0.713031 0.053362
0.883333 0.923164 0.040025 0.706087 0.0513712
0.9 0.932296 0.031796 0.712623 0.045162
0.916667 0.932296 0.031796 0.712623 0.045162
0.933333 0.923285 0.0357839 0.705882 0.0476643
0.95 0.914396 0.0372653 0.698938 0.0472309
0.966667 0.914396 0.0372653 0.698938 0.0472309
0.983333 0.918841 0.0362608 0.70241 0.0473209
1 0.923285 0.0357839 0.705882 0.0476643
1.16667 0.919197 0.0215443 0.702206 0.0373775
1.33333 0.883816 0.00554209 0.674428 0.0242463
1.5 0.834548 0.0300272 0.637459 0.0375567
1.66667 0.798744 0.0292112 0.610294 0.0375195
1.83333 0.803008 0.0366451 0.613971 0.0439571
2 0.785226 0.0370191 0.600286 0.0430499
2.16667 0.749431 0.0272825 0.572712 0.0362614
2.33333 0.73141 0.0361594 0.559232 0.0420737
2.5 0.696147 0.0210197 0.531454 0.0274058
2.66667 0.651634 0.0282622 0.497141 0.0274765
2.83333 0.651391 0.0230107 0.497549 0.0294564
3 0.593603 0.0324823 0.452819 0.0291102
3.16667 0.576123 0.0348775 0.438725 0.0240875
3.33333 0.548969 0.0367115 0.418709 0.0312146
3.5 0.540017 0.0326039 0.411969 0.0288193
3.66667 0.51815 0.0330344 0.394404 0.0213857
3.83333 0.535928 0.0159693 0.408292 0.00956048
4 0.482342 0.0156118 0.367443 0.00932187
4.16667 0.499944 0.017562 0.381332 0.0176755
4.33333 0.446718 0.0190896 0.340074 0.00915024
4.5 0.437771 0.0326786 0.333129 0.0216359
4.66667 0.410977 0.0325653 0.312704 0.021734
4.83333 0.401903 0.0209775 0.306168 0.0150771
5 0.410612 0.0137258 0.313317 0.0153893
5.16667 0.383999 0.0120216 0.292688 0.00994545
5.33333 0.384238 0.0134356 0.292484 0.000816993
5.5 0.375588 0.0250729 0.285335 0.00976769
5.66667 0.370783 0.0146528 0.282271 0.00610016
5.83333 0.348794 0.0247565 0.26491 0.0101571
6 0.357143 0.00145224 0.272467 0.00878268
6.16667 0.321397 0.00597174 0.245302 0.0103524
6.33333 0.272016 0.0130112 0.208129 0.0161123
6.5 0.276524 0.0131836 0.211397 0.015465
6.66667 0.262947 0.0207023 0.201389 0.0211207
6.83333 0.266968 0.0381483 0.205474 0.0346356
7 0.267392 0.0201398 0.204861 0.0211207
7.16667 0.245286 0.0156179 0.1875 0.0159117
7.33333 0.254058 0.0243527 0.194444 0.0227689
7.5 0.240783 0.0261296 0.184028 0.0227689
7.66667 0.22264 0.0334492 0.170752 0.0293123
7.83333 0.209361 0.0212819 0.160539 0.0204544
8 0.18653 0.0410889 0.144199 0.0350147
8.16667 0.191037 0.0404362 0.147467 0.0346789
8.33333 0.199688 0.0519285 0.154616 0.0435212
8.5 0.191101 0.0431224 0.147263 0.036581
8.66667 0.173318 0.0389304 0.133578 0.0330561
8.83333 0.164546 0.0303294 0.126634 0.0263465
9 0.164186 0.0453418 0.127042 0.0378389
9.16667 0.151028 0.0331643 0.116626 0.0283199
9.33333 0.146525 0.0392024 0.113154 0.0327772
9.5 0.142197 0.0296276 0.109681 0.0254443
9.66667 0.124415 0.0257467 0.0959967 0.0221391
9.83333 0.111018 0.0258996 0.0857843 0.0219679
10 0.115643 0.0181862 0.0890523 0.0162669
11 0.0978603 0.0150705 0.0753676 0.0135128
12 0.0845854 0.0108594 0.064951 0.00998104
13 0.053226 0.0148813 0.0412582 0.0123836
14 0.0443956 0.0112987 0.0343137 0.0094992
15 0.0355652 0.00853581 0.0273693 0.00715744
16 0.0267348 0.00755334 0.0204248 0.00602792
17 0.00895217 0.00447881 0.0067402 0.00337474
18 0.00895217 0.00447881 0.0067402 0.00337474
19 0.00895217 0.00447881 0.0067402 0.00337474
20 0.00895217 0.00447881 0.0067402 0.00337474
21 0.00456621 0.00456621 0.00326797 0.00326797
22 0.00456621 0.00456621 0.00326797 0.00326797
23 0.00456621 0.00456621 0.00326797 0.00326797
24 0.00456621 0.00456621 0.00326797 0.00326797
25 0 0 0 0
26 0 0 0 0
27 0 0 0 0
28 0 0 0 0
29 0 0 0 0
30 0 0 0 0
31 0 0 0 0
32 0 0 0 0
33 0 0 0 0
34 0 0 0 0
35 0 0 0 0
36 0.00444444 0.00444444 0.00347222 0.00347222
37 0 0 0 0
38 0 0 0 0
39 0 0 0 0
40 0 0 0 0
41 0 0 0 0
42 0 0 0 0
43 0 0 0 0
44 0 0 0 0
45 0 0 0 0
46 0 0 0 0
47 0 0 0 0
48 0 0 0 0
49 0 0 0 0
50 0 0 0 0
51 0 0 0 0
52 0 0 0 0
53 0 0 0 0
54 0 0 0 0
55 0 0 0 0
56 0 0 0 0
57 0 0 0 0
58 0.00438596 0.00438596 0.00347222 0.00347222
59 0 0 0 0
60 0 0 0 0
70 0 0 0 0
80 0 0 0 0
90 0 0 0 0
100 0 0 0 0
110 0 0 0 0
120 0 0 0 0
130 0 0 0 0
140 0 0 0 0
150 0 0 0 0
160 0.00438596 0.00438596 0.00347222 0.00347222
170 0 0 0 0
180 0 0 0 0
190 0 0 0 0
200 0 0 0 0
210 0 0 0 0
220 0 0 0 0
230 0 0 0 0
240 0 0 0 0
250 0 0 0 0
260 0 0 0 0
270 0 0 0 0
280 0 0 0 0
290 0 0 0 0
300 0 0 0 0
310 0 0 0 0
320 0 0 0 0
330 0 0 0 0
340 0 0 0 0
350 0 0 0 0
360 0 0 0 0
370 0 0 0 0
380 0 0 0 0
390 0 0 0 0
400 0 0 0 0
410 0 0 0 0
420 0 0 0 0
430 0 0 0 0
440 0 0 0 0
450 0 0 0 0
460 0 0 0 0
470 0 0 0 0
480 0 0 0 0
490 0 0 0 0
500 0 0 0 0
510 0 0 0 0
520 0 0 0 0
530 0 0 0 0
540 0 0 0 0
550 0 0 0 0
560 0 0 0 0
570 0 0 0 0
580 0 0 0 0
590 0 0 0 0
600 0 0 0 0
610 0 0 0 0
620 0 0 0 0
630 0 0 0 0
640 0 0 0 0
650 0 0 0 0
660 0 0 0 0
670 0 0 0 0
680 0 0 0 0
690 0 0 0 0
700 0 0 0 0
710 0 0 0 0
720 0 0 0 0
730 0 0 0 0
740 0 0 0 0
750 0 0 0 0
760 0 0 0 0
770 0 0 0 0
780 0 0 0 0
790 0 0 0 0
800 0 0 0 0
810 0 0 0 0
820 0 0 0 0
830 0 0 0 0
840 0 0 0 0
850 0 0 0 0
860 0 0 0 0
870 0 0 0 0
880 0 0 0 0
890 0 0 0 0
900 0 0 0 0
910 0 0 0 0
920 0 0 0 0
930 0 0 0 0
940 0 0 0 0
950 0 0 0 0
960 0 0 0 0
970 0 0 0 0
980 0 0 0 0
990 0 0 0 0
1000 0 0 0 0
1010 0 0 0 0
1020 0 0 0 0
1030 0 0 0 0
1040 0 0 0 0
1050 0 0 0 0
1060 0 0 0 0
1070 0 0 0 0
1080 0 0 0 0
1090 0 0 0 0
1100 0 0 0 0
1110 0 0 0 0
1120 0 0 0 0
1130 0 0 0 0
1140 0 0 0 0
1150 0 0 0 0
1160 0 0 0 0
1170 0 0 0 0
1180 0 0 0 0
1190 0 0 0 0
1200 0 0 0 0
1210 0 0 0 0
1220 0 0 0 0
1230 0 0 0 0
1240 0 0 0 0
1250 0 0 0 0
1260 0 0 0 0
1270 0 0 0 0
1280 0 0 0 0
1290 0 0 0 0
1300 0 0 0 0
1310 0 0 0 0
1320 0 0 0 0
1330 0 0 0 0
1340 0 0 0 0
1350 0 0 0 0
1360 0 0 0 0
1370 0 0 0 0
1380 0 0 0 0
1390 0 0 0 0
1400 0 0 0 0
1410 0 0 0 0
1420 0 0 0 0
1430 0 0 0 0
1440 0 0 0 0


DSBSynaptic_Stable
0 0 0 0 0
0.0166667 0 0 0 0
0.0333333 0 0 0 0
0.05 0 0 0 0
0.0666667 0.00497512 0.00497512 0.00347222 0.00347222
0.0833333 0.00497512 0.00497512 0.00347222 0.00347222
0.1 0.00497512 0.00497512 0.00347222 0.00347222
0.116667 0.00497512 0.00497512 0.00347222 0.00347222
0.133333 0.00497512 0.00497512 0.00347222 0.00347222
0.15 0.0168799 0.010356 0.0104167 0.00601407
0.166667 0.034161 0.018637 0.0206291 0.0105203
0.183333 0.034161 0.018637 0.0206291 0.0105203
0.2 0.034161 0.018637 0.0206291 0.0105203
0.216667 0.0401134 0.0245886 0.0241013 0.0139921
0.233333 0.0520181 0.0364926 0.0310458 0.0209362
0.25 0.0520181 0.0364926 0.0310458 0.0209362
0.266667 0.0623696 0.0313229 0.0377859 0.0175689
0.283333 0.0623696 0.0313229 0.0377859 0.0175689
0.3 0.0677459 0.0291228 0.0410539 0.0161227
0.316667 0.0731223 0.0278022 0.0443219 0.0152504
0.333333 0.0780974 0.0241337 0.0477941 0.01277
0.35 0.0780974 0.0241337 0.0477941 0.01277
0.366667 0.0890249 0.026952 0.0547386 0.0143149
0.383333 0.094 0.0246023 0.0582108 0.013099
0.4 0.0999524 0.0305208 0.061683 0.0164582
0.416667 0.0999524 0.0305208 0.061683 0.0164582
0.433333 0.105329 0.0277472 0.064951 0.0144266
0.45 0.105329 0.0277472 0.064951 0.0144266
0.466667 0.105329 0.0277472 0.064951 0.0144266
0.483333 0.105329 0.0277472 0.064951 0.0144266
0.5 0.105329 0.0277472 0.064951 0.0144266
0.516667 0.105329 0.0277472 0.064951 0.0144266
0.533333 0.11568 0.0226133 0.0716912 0.0110804
0.55 0.121057 0.0209433 0.0749592 0.00956048
0.566667 0.126433 0.0205838 0.0782271 0.00902168
0.583333 0.126433 0.0205838 0.0782271 0.00902168
0.6 0.126433 0.0205838 0.0782271 0.00902168
0.616667 0.126433 0.0205838 0.0782271 0.00902168
0.633333 0.126433 0.0205838 0.0782271 0.00902168
0.65 0.126433 0.0205838 0.0782271 0.00902168
0.666667 0.13736 0.0217906 0.0851716 0.00963005
0.683333 0.13736 0.0217906 0.0851716 0.00963005
0.7 0.13736 0.0217906 0.0851716 0.00963005
0.716667 0.13736 0.0217906 0.0851716 0.00963005
0.733333 0.13736 0.0217906 0.0851716 0.00963005
0.75 0.13736 0.0217906 0.0851716 0.00963005
0.766667 0.142737 0.0214234 0.0884395 0.00902168
0.783333 0.142737 0.0214234 0.0884395 0.00902168
0.8 0.153088 0.0175659 0.0951797 0.00618168
0.816667 0.163841 0.0226357 0.101716 0.00998104
0.833333 0.174594 0.0307804 0.108252 0.0156992
0.85 0.174594 0.0307804 0.108252 0.0156992
0.866667 0.174594 0.0307804 0.108252 0.0156992
0.883333 0.184945 0.0312265 0.114992 0.016313
0.9 0.184945 0.0312265 0.114992 0.016313
0.916667 0.190897 0.0311864 0.118464 0.0155108
0.933333 0.200848 0.0225548 0.125408 0.0108252
0.95 0.200848 0.0225548 0.125408 0.0108252
0.966667 0.200848 0.0225548 0.125408 0.0108252
0.983333 0.200848 0.0225548 0.125408 0.0108252
1 0.200848 0.0225548 0.125408 0.0108252
1.16667 0.233281 0.037969 0.145425 0.0204248
1.33333 0.275437 0.0235963 0.172998 0.0146476
1.5 0.314399 0.0300267 0.196691 0.0147101
1.66667 0.341805 0.0142016 0.214257 0.00309084
1.83333 0.357131 0.00799173 0.224469 0.00903554
2 0.385916 0.0216434 0.24183 0.00816993
2.16667 0.432873 0.00781554 0.272467 0.0148933
2.33333 0.438249 0.00416041 0.275735 0.0132321
2.5 0.474855 0.00889728 0.299632 0.0223994
2.66667 0.514968 0.0204678 0.323734 0.0173395
2.83333 0.536823 0.0304316 0.337623 0.0235489
3 0.583955 0.0419811 0.368668 0.0386148
3.16667 0.594708 0.0312296 0.375204 0.0333263
3.33333 0.589332 0.0366052 0.371936 0.0359193
3.5 0.616563 0.0421682 0.389093 0.0389579
3.66667 0.622515 0.0455675 0.392565 0.0389488
3.83333 0.632466 0.0501569 0.39951 0.0449662
4 0.659522 0.0394655 0.416258 0.0397613
4.16667 0.669071 0.0542212 0.423407 0.0520088
4.33333 0.695325 0.0614726 0.440564 0.058716
4.5 0.705677 0.0605429 0.447304 0.0596643
4.66667 0.727933 0.0610476 0.460989 0.0590214
4.83333 0.756543 0.0559148 0.477941 0.0523828
5 0.76747 0.0612954 0.484886 0.0552619
5.16667 0.772445 0.0642023 0.488358 0.0583761
5.33333 0.778398 0.0667003 0.49183 0.0582058
5.5 0.80603 0.0643618 0.508783 0.0555477
5.66667 0.805454 0.0560071 0.508578 0.0528857
5.83333 0.811407 0.0589906 0.512051 0.0527178
6 0.817184 0.0462222 0.515114 0.0441068
6.16667 0.856146 0.0448189 0.538807 0.0385873
6.33333 0.876272 0.0272017 0.552083 0.0375578
6.5 0.874719 0.0207095 0.551879 0.0417692
6.66667 0.876098 0.0112032 0.551675 0.0314562
6.83333 0.881474 0.00633412 0.554943 0.0299229
7 0.897377 0.0132047 0.565359 0.0350326
7.16667 0.907327 0.0200856 0.572304 0.0419764
7.33333 0.901374 0.0204621 0.568832 0.0437792
7.5 0.895422 0.0224684 0.565359 0.0457749
7.66667 0.911551 0.0192497 0.575163 0.0428839
7.83333 0.911952 0.0187053 0.574959 0.0392194
8 0.928081 0.0314575 0.584763 0.039651
8.16667 0.928081 0.0314575 0.584763 0.039651
8.33333 0.933056 0.0316363 0.588235 0.0423829
8.5 0.921327 0.0321088 0.581699 0.0481403
8.66667 0.959485 0.0261031 0.605801 0.0489076
8.83333 0.960463 0.0167122 0.605801 0.0430048
9 0.96624 0.0207121 0.608864 0.0390948
9.16667 0.961265 0.0208397 0.605392 0.0361052
9.33333 0.961265 0.0208397 0.605392 0.0361052
9.5 0.979122 0.0130137 0.615809 0.0273548
9.66667 0.974147 0.017692 0.612337 0.024161
9.83333 0.969172 0.022498 0.608864 0.0210554
10 0.9801 0.0199005 0.615809 0.0214227
11 0.916263 0.0327923 0.574755 0.0121678
12 0.880233 0.0463053 0.551062 0.00102124
13 0.87606 0.0649727 0.547181 0.014013
14 0.877614 0.0753478 0.547386 0.0189269
15 0.854956 0.0641357 0.533905 0.0123177
16 0.814267 0.050834 0.5096 0.0151102
17 0.770505 0.0345163 0.482843 0.00704879
18 0.765129 0.0320472 0.479575 0.00602792
19 0.713372 0.051044 0.445874 0.0115739
20 0.675387 0.049819 0.422181 0.0135498
21 0.654108 0.0529694 0.408497 0.0145404
22 0.604796 0.0474933 0.378064 0.015465
23 0.594444 0.0524223 0.371324 0.0185282
24 0.584093 0.0573969 0.364583 0.021684
25 0.584494 0.0596999 0.364379 0.0209362
26 0.568766 0.0657516 0.354371 0.0260935
27 0.530206 0.0583093 0.330474 0.0224004
28 0.507549 0.05013 0.316993 0.0202896
29 0.470367 0.0537582 0.292892 0.0202484
30 0.443136 0.051384 0.275735 0.0188662
31 0.438161 0.0555661 0.272263 0.0213857
32 0.405728 0.0573982 0.252247 0.0249409
33 0.370099 0.0778451 0.22835 0.0377926
34 0.358771 0.0733584 0.221609 0.0354552
35 0.331138 0.0682146 0.204657 0.0332091
36 0.320211 0.0659593 0.197712 0.0318909
37 0.291426 0.0479362 0.180351 0.0211385
38 0.258993 0.0499249 0.160335 0.024005
39 0.241712 0.0401135 0.150123 0.0188297
40 0.220032 0.0417727 0.136642 0.0208183
41 0.197776 0.0350507 0.122958 0.0173178
42 0.181472 0.0342845 0.112745 0.0171714
43 0.175519 0.0283364 0.109273 0.0138573
44 0.169567 0.0223906 0.105801 0.0106445
45 0.169567 0.0223906 0.105801 0.0106445
46 0.158238 0.0199675 0.0990605 0.0107439
47 0.141358 0.00979801 0.0886438 0.00510621
48 0.136383 0.0124791 0.0851716 0.00451661
49 0.115279 0.0237365 0.0718954 0.0129226
50 0.109903 0.0279022 0.0686275 0.0158881
51 0.109903 0.0279022 0.0686275 0.0158881
52 0.104526 0.0324261 0.0653595 0.0189533
53 0.0995512 0.0328092 0.0618873 0.0185754
54 0.0941749 0.0371541 0.0586193 0.0214908
55 0.0887985 0.0417399 0.0553513 0.0244953
56 0.0788483 0.042822 0.0484069 0.0244664
57 0.0788483 0.042822 0.0484069 0.0244664
58 0.0728959 0.0371733 0.0449346 0.0212889
59 0.0848007 0.0485433 0.0518791 0.0277146
60 0.0798255 0.0500607 0.0484069 0.028559
70 0.0387349 0.0208397 0.0243056 0.0125193
80 0.021855 0.0110578 0.0138889 0.00694444
90 0.021855 0.0110578 0.0138889 0.00694444
100 0.0159026 0.00867241 0.0104167 0.00601407
110 0.00497512 0.00497512 0.00347222 0.00347222
120 0.00537634 0.00537634 0.00326797 0.00326797
130 0.00537634 0.00537634 0.00326797 0.00326797
140 0.00537634 0.00537634 0.00326797 0.00326797
150 0.00537634 0.00537634 0.00326797 0.00326797
160 0 0 0 0
170 0.0113287 0.00568629 0.0067402 0.00337474
180 0.00595238 0.00595238 0.00347222 0.00347222
190 0.00595238 0.00595238 0.00347222 0.00347222
200 0.00595238 0.00595238 0.00347222 0.00347222
210 0 0 0 0
220 0 0 0 0
230 0 0 0 0
240 0 0 0 0
250 0 0 0 0
260 0 0 0 0
270 0 0 0 0
280 0 0 0 0
290 0 0 0 0
300 0 0 0 0
310 0 0 0 0
320 0 0 0 0
330 0 0 0 0
340 0 0 0 0
350 0 0 0 0
360 0.00497512 0.00497512 0.00347222 0.00347222
370 0 0 0 0
380 0 0 0 0
390 0 0 0 0
400 0 0 0 0
410 0 0 0 0
420 0 0 0 0
430 0 0 0 0
440 0 0 0 0
450 0 0 0 0
460 0 0 0 0
470 0 0 0 0
480 0 0 0 0
490 0 0 0 0
500 0 0 0 0
510 0 0 0 0
520 0 0 0 0
530 0 0 0 0
540 0 0 0 0
550 0 0 0 0
560 0 0 0 0
570 0 0 0 0
580 0 0 0 0
590 0 0 0 0
600 0 0 0 0
610 0 0 0 0
620 0 0 0 0
630 0 0 0 0
640 0 0 0 0
650 0 0 0 0
660 0 0 0 0
670 0 0 0 0
680 0 0 0 0
690 0 0 0 0
700 0 0 0 0
710 0 0 0 0
720 0 0 0 0
730 0 0 0 0
740 0 0 0 0
750 0 0 0 0
760 0 0 0 0
770 0 0 0 0
780 0 0 0 0
790 0 0 0 0
800 0 0 0 0
810 0 0 0 0
820 0 0 0 0
830 0 0 0 0
840 0 0 0 0
850 0 0 0 0
860 0 0 0 0
870 0 0 0 0
880 0 0 0 0
890 0 0 0 0
900 0 0 0 0
910 0 0 0 0
920 0 0 0 0
930 0 0 0 0
940 0 0 0 0
950 0 0 0 0
960 0 0 0 0
970 0 0 0 0
980 0 0 0 0
990 0 0 0 0
1000 0 0 0 0
1010 0 0 0 0
1020 0 0 0 0
1030 0 0 0 0
1040 0 0 0 0
1050 0 0 0 0
1060 0 0 0 0
1070 0 0 0 0
1080 0 0 0 0
1090 0 0 0 0
1100 0 0 0 0
1110 0 0 0 0
1120 0 0 0 0
1130 0 0 0 0
1140 0 0 0 0
1150 0 0 0 0
1160 0 0 0 0
1170 0 0 0 0
1180 0 0 0 0
1190 0 0 0 0
1200 0 0 0 0
1210 0 0 0 0
1220 0 0 0 0
1230 0 0 0 0
1240 0 0 0 0
1250 0 0 0 0
1260 0 0 0 0
1270 0 0 0 0
1280 0 0 0 0
1290 0 0 0 0
1300 0 0 0 0
1310 0 0 0 0
1320 0 0 0 0
1330 0 0 0 0
1340 0 0 0 0
1350 0 0 0 0
1360 0 0 0 0
1370 0 0 0 0
1380 0 0 0 0
1390 0 0 0 0
1400 0 0 0 0
1410 0 0 0 0
1420 0 0 0 0
1430 0 0 0 0
1440 0 0 0 0


DSB_Residual
0 1 0 1 0
0.0166667 1 0 1 0
0.0333333 1 0 1 0
0.05 1 0 1 0
0.0666667 1 0 1 0
0.0833333 1 0 1 0
0.1 1 0 1 0
0.116667 1 0 1 0
0.133333 1 0 1 0
0.15 1 0 1 0
0.166667 1 0 1 0
0.183333 1 0 1 0
0.2 1 0 1 0
0.216667 1 0 1 0
0.233333 1 0 1 0
0.25 1 0 1 0
0.266667 1 0 1 0
0.283333 1 0 1 0
0.3 1 0 1 0
0.316667 1 0 1 0
0.333333 1 0 1 0
0.35 1 0 1 0
0.366667 1 0 1 0
0.383333 1 0 1 0
0.4 1 0 1 0
0.416667 1 0 1 0
0.433333 1 0 1 0
0.45 1 0 1 0
0.466667 1 0 1 0
0.483333 1 0 1 0
0.5 1 0 1 0
0.516667 1 0 1 0
0.533333 1 0 1 0
0.55 1 0 1 0
0.566667 1 0 1 0
0.583333 1 0 1 0
0.6 1 0 1 0
0.616667 1 0 1 0
0.633333 1 0 1 0
0.65 1 0 1 0
0.666667 1 0 1 0
0.683333 1 0 1 0
0.7 1 0 1 0
0.716667 1 0 1 0
0.733333 1 0 1 0
0.75 1 0 1 0
0.766667 1 0 1 0
0.783333 1 0 1 0
0.8 1 0 1 0
0.816667 1 0 1 0
0.833333 1 0 1 0
0.85 1 0 1 0
0.866667 1 0 1 0
0.883333 1 0 1 0
0.9 1 0 1 0
0.916667 1 0 1 0
0.933333 1 0 1 0
0.95 1 0 1 0
0.966667 1 0 1 0
0.983333 1 0 1 0
1 1 0 1 0
1.16667 1 0 1 0
1.33333 1 0 1 0
1.5 1 0 1 0
1.66667 0.992424 0.00757576 0.993464 0.00653595
1.83333 0.988636 0.0113636 0.990196 0.00980392
2 0.984848 0.0151515 0.986928 0.0130719
2.16667 0.984848 0.0151515 0.986928 0.0130719
2.33333 0.984848 0.0151515 0.986928 0.0130719
2.5 0.984848 0.0151515 0.986928 0.0130719
2.66667 0.984848 0.0151515 0.986928 0.0130719
2.83333 0.981061 0.0189394 0.98366 0.0163399
3 0.981061 0.0189394 0.98366 0.0163399
3.16667 0.973216 0.0150175 0.976716 0.0128676
3.33333 0.969429 0.0188053 0.973448 0.0161356
3.5 0.961672 0.0209068 0.966708 0.0179216
3.66667 0.957884 0.0246489 0.96344 0.0211503
3.83333 0.957884 0.0246489 0.96344 0.0211503
4 0.957884 0.0246489 0.96344 0.0211503
4.16667 0.950309 0.0321654 0.956904 0.0276355
4.33333 0.94634 0.030784 0.953431 0.0264287
4.5 0.942372 0.0298695 0.949959 0.0256387
4.66667 0.930832 0.0281572 0.939747 0.0239842
4.83333 0.930832 0.0281572 0.939747 0.0239842
5 0.930832 0.0281572 0.939747 0.0239842
5.16667 0.926864 0.0268899 0.936275 0.022864
5.33333 0.926864 0.0268899 0.936275 0.022864
5.5 0.926864 0.0268899 0.936275 0.022864
5.66667 0.922896 0.0261686 0.932802 0.0222349
5.83333 0.922896 0.0261686 0.932802 0.0222349
6 0.91902 0.0231555 0.92933 0.0195354
6.16667 0.915232 0.0267818 0.926062 0.022667
6.33333 0.911264 0.0260783 0.92259 0.0220484
6.5 0.903327 0.0264611 0.915645 0.0224311
6.66667 0.895575 0.0192726 0.908701 0.0159667
6.83333 0.887912 0.0193074 0.901961 0.0158881
7 0.887912 0.0193074 0.901961 0.0158881
7.16667 0.883943 0.0192067 0.898489 0.0157986
7.33333 0.879975 0.0199126 0.895016 0.0164582
7.5 0.876007 0.0213453 0.891544 0.0177837
7.66667 0.876007 0.0213453 0.891544 0.0177837
7.83333 0.868163 0.0195131 0.8846 0.0161976
8 0.868163 0.0195131 0.8846 0.0161976
8.16667 0.868163 0.0195131 0.8846 0.0161976
8.33333 0.868163 0.0195131 0.8846 0.0161976
8.5 0.852743 0.0213312 0.871119 0.0175689
8.66667 0.852743 0.0213312 0.871119 0.0175689
8.83333 0.848867 0.0174614 0.867647 0.0140976
9 0.844991 0.0135953 0.864175 0.0106268
9.16667 0.841115 0.00973683 0.860703 0.00715744
9.33333 0.841115 0.00973683 0.860703 0.00715744
9.5 0.841115 0.00973683 0.860703 0.00715744
9.66667 0.829483 0.00972262 0.85049 0.00704879
9.83333 0.825607 0.00587659 0.847018 0.00357872
10 0.825607 0.00587659 0.847018 0.00357872
11 0.771419 0.00865625 0.799224 0.00932187
12 0.728951 0.0185607 0.761846 0.0180988
13 0.705603 0.033679 0.741013 0.0323197
14 0.690275 0.0392558 0.727533 0.0371378
15 0.666918 0.0325138 0.707108 0.0314436
16 0.631389 0.0289904 0.675858 0.0290155
17 0.589005 0.0163209 0.638889 0.0183733
18 0.577461 0.009905 0.628881 0.0128059
19 0.539141 0.0241884 0.59518 0.0240987
20 0.512089 0.0246491 0.571487 0.0240987
21 0.492613 0.0238197 0.55433 0.024161
22 0.457805 0.0214262 0.523897 0.0211582
23 0.450141 0.0252197 0.517157 0.0243356
24 0.442477 0.0290234 0.510417 0.0275599
25 0.438601 0.0315433 0.506944 0.0302701
26 0.427149 0.036649 0.496936 0.034096
27 0.399917 0.0324567 0.473039 0.0306883
28 0.384405 0.0281353 0.459559 0.0257523
29 0.357176 0.0307461 0.435458 0.0301396
30 0.3377 0.0297714 0.418301 0.0301147
31 0.333824 0.0329172 0.414828 0.0332486
32 0.310828 0.0353899 0.394812 0.0336589
33 0.283873 0.0508132 0.370915 0.0482856
34 0.276117 0.0479277 0.364175 0.0454539
35 0.256728 0.0450721 0.347222 0.0426674
36 0.248884 0.0438697 0.340278 0.0422414
37 0.229135 0.0321418 0.322917 0.0334849
38 0.206139 0.034278 0.3029 0.0333676
39 0.194415 0.0278804 0.292688 0.0273853
40 0.178995 0.0295667 0.279208 0.0280178
41 0.163395 0.0254619 0.265523 0.0246354
42 0.151763 0.0253231 0.25531 0.0245922
43 0.147794 0.0213574 0.251838 0.0213173
44 0.143826 0.0173929 0.248366 0.018116
45 0.143826 0.0173929 0.248366 0.018116
46 0.13607 0.0158433 0.241626 0.0153649
47 0.124258 0.00933105 0.231209 0.0122003
48 0.120382 0.0115332 0.227737 0.0155027
49 0.105142 0.0192548 0.214461 0.018545
50 0.101354 0.0219557 0.211193 0.019561
51 0.101354 0.0219557 0.211193 0.019561
52 0.0975662 0.024941 0.207925 0.0210406
53 0.0936902 0.0255868 0.204453 0.0229277
54 0.0899023 0.0284376 0.201185 0.0244083
55 0.0861145 0.0314866 0.197917 0.0262147
56 0.0783625 0.0329861 0.190972 0.0296667
57 0.0783625 0.0329861 0.190972 0.0296667
58 0.0743943 0.0291187 0.1875 0.0262147
59 0.0743943 0.0291187 0.1875 0.0262147
60 0.0705183 0.030429 0.184028 0.0284214
70 0.0429209 0.0107729 0.159926 0.00915024
80 0.0311084 0.00419743 0.14951 0.00704879
90 0.0311084 0.00419743 0.14951 0.00704879
100 0.0271402 0.00388436 0.146038 0.00619179
110 0.0192959 0.00369874 0.139093 0.00937987
120 0.01542 0.00365452 0.135621 0.0122054
130 0.01542 0.00365452 0.135621 0.0122054
140 0.01542 0.00365452 0.135621 0.0122054
150 0.01542 0.00365452 0.135621 0.0122054
160 0.0116321 0.000156224 0.132353 0.0094992
170 0.0116321 0.000156224 0.132353 0.0094992
180 0.00784422 0.00392293 0.129085 0.00727021
190 0.00784422 0.00392293 0.129085 0.00727021
200 0.00784422 0.00392293 0.129085 0.00727021
210 0.00387597 0.00387597 0.125613 0.00655189
220 0.00387597 0.00387597 0.125613 0.00655189
230 0.00387597 0.00387597 0.125613 0.00655189
240 0.00387597 0.00387597 0.125613 0.00655189
250 0.00387597 0.00387597 0.125613 0.00655189
260 0.00387597 0.00387597 0.125613 0.00655189
270 0.00387597 0.00387597 0.125613 0.00655189
280 0.00387597 0.00387597 0.125613 0.00655189
290 0.00387597 0.00387597 0.125613 0.00655189
300 0.00387597 0.00387597 0.125613 0.00655189
310 0.00387597 0.00387597 0.125613 0.00655189
320 0.00387597 0.00387597 0.125613 0.00655189
330 0.00387597 0.00387597 0.125613 0.00655189
340 0.00387597 0.00387597 0.125613 0.00655189
350 0.00387597 0.00387597 0.125613 0.00655189
360 0.00387597 0.00387597 0.125613 0.00655189
370 0 0 0.122141 0.00965816
380 0 0 0.122141 0.00965816
390 0 0 0.122141 0.00965816
400 0 0 0.122141 0.00965816
410 0 0 0.122141 0.00965816
420 0 0 0.122141 0.00965816
430 0 0 0.122141 0.00965816
440 0 0 0.122141 0.00965816
450 0 0 0.122141 0.00965816
460 0 0 0.122141 0.00965816
470 0 0 0.122141 0.00965816
480 0 0 0.122141 0.00965816
490 0 0 0.122141 0.00965816
500 0 0 0.122141 0.00965816
510 0 0 0.122141 0.00965816
520 0 0 0.122141 0.00965816
530 0 0 0.122141 0.00965816
540 0 0 0.122141 0.00965816
550 0 0 0.122141 0.00965816
560 0 0 0.122141 0.00965816
570 0 0 0.122141 0.00965816
580 0 0 0.122141 0.00965816
590 0 0 0.122141 0.00965816
600 0 0 0.122141 0.00965816
610 0 0 0.122141 0.00965816
620 0 0 0.122141 0.00965816
630 0 0 0.122141 0.00965816
640 0 0 0.122141 0.00965816
650 0 0 0.122141 0.00965816
660 0 0 0.122141 0.00965816
670 0 0 0.122141 0.00965816
680 0 0 0.122141 0.00965816
690 0 0 0.122141 0.00965816
700 0 0 0.122141 0.00965816
710 0 0 0.122141 0.00965816
720 0 0 0.122141 0.00965816
730 0 0 0.122141 0.00965816
740 0 0 0.122141 0.00965816
750 0 0 0.122141 0.00965816
760 0 0 0.122141 0.00965816
770 0 0 0.122141 0.00965816
780 0 0 0.122141 0.00965816
790 0 0 0.122141 0.00965816
800 0 0 0.122141 0.00965816
810 0 0 0.122141 0.00965816
820 0 0 0.122141 0.00965816
830 0 0 0.122141 0.00965816
840 0 0 0.122141 0.00965816
850 0 0 0.122141 0.00965816
860 0 0 0.122141 0.00965816
870 0 0 0.122141 0.00965816
880 0 0 0.122141 0.00965816
890 0 0 0.122141 0.00965816
900 0 0 0.122141 0.00965816
910 0 0 0.122141 0.00965816
920 0 0 0.122141 0.00965816
930 0 0 0.122141 0.00965816
940 0 0 0.122141 0.00965816
950 0 0 0.122141 0.00965816
960 0 0 0.122141 0.00965816
970 0 0 0.122141 0.00965816
980 0 0 0.122141 0.00965816
990 0 0 0.122141 0.00965816
1000 0 0 0.122141 0.00965816
1010 0 0 0.122141 0.00965816
1020 0 0 0.122141 0.00965816
1030 0 0 0.122141 0.00965816
1040 0 0 0.122141 0.00965816
1050 0 0 0.122141 0.00965816
1060 0 0 0.122141 0.00965816
1070 0 0 0.122141 0.00965816
1080 0 0 0.122141 0.00965816
1090 0 0 0.122141 0.00965816
1100 0 0 0.122141 0.00965816
1110 0 0 0.122141 0.00965816
1120 0 0 0.122141 0.00965816
1130 0 0 0.122141 0.00965816
1140 0 0 0.122141 0.00965816
1150 0 0 0.122141 0.00965816
1160 0 0 0.122141 0.00965816
1170 0 0 0.122141 0.00965816
1180 0 0 0.122141 0.00965816
1190 0 0 0.122141 0.00965816
1200 0 0 0.122141 0.00965816
1210 0 0 0.122141 0.00965816
1220 0 0 0.122141 0.00965816
1230 0 0 0.122141 0.00965816
1240 0 0 0.122141 0.00965816
1250 0 0 0.122141 0.00965816
1260 0 0 0.122141 0.00965816
1270 0 0 0.122141 0.00965816
1280 0 0 0.122141 0.00965816
1290 0 0 0.122141 0.00965816
1300 0 0 0.122141 0.00965816
1310 0 0 0.122141 0.00965816
1320 0 0 0.122141 0.00965816
1330 0 0 0.122141 0.00965816
1340 0 0 0.122141 0.00965816
1350 0 0 0.122141 0.00965816
1360 0 0 0.122141 0.00965816
1370 0 0 0.122141 0.00965816
1380 0 0 0.122141 0.00965816
1390 0 0 0.122141 0.00965816
1400 0 0 0.122141 0.00965816
1410 0 0 0.122141 0.00965816
1420 0 0 0.122141 0.00965816
1430 0 0 0.122141 0.00965816
1440 0 0 0.122141 0.00965816


Time || Bleached_RelInit SEM_RelInit
1 0 0.0706377
2 0.00647313 0.0761851
3 0.0260887 0.08882
4 0.0490388 0.091356
5 0.0849353 0.100813
6 0.101412 0.0974091
7 0.117889 0.0957779
8 0.124166 0.112409
9 0.140055 0.117036
10 0.165555 0.0993455
11 0.191644 0.0846203
12 0.224009 0.0772381
13 0.237348 0.0815471
14 0.240683 0.08679
15 0.250294 0.0859722
16 0.253237 0.0978674
17 0.263044 0.101571
18 0.266183 0.101944
19 0.279325 0.117046
20 0.29541 0.127351
21 0.305218 0.137101
22 0.327972 0.14109
23 0.334445 0.136881
24 0.34386 0.127381
25 0.344056 0.127043
26 0.353864 0.132929
27 0.370341 0.133815
28 0.380149 0.135852
29 0.380149 0.136025
30 0.389957 0.137999
40 0.441742 0.112518
50 0.4847 0.0763564
60 0.537466 0.0956281
70 0.635347 0.111484
80 0.691251 0.126822
90 0.747548 0.126527
100 0.763437 0.113652
110 0.774029 0.105675
120 0.796979 0.0882248
130 0.813849 0.0744396
140 0.857199 0.0872034
150 0.87348 0.106356
160 0.898588 0.0860107
170 0.872107 0.106566
180 0.914869 0.110421
190 0.914476 0.102057
200 0.954492 0.107538
210 0.947823 0.0938673
220 0.978227 0.119245
230 0.948215 0.128304
240 0.95763 0.13422
250 0.957434 0.134881
260 0.974107 0.120304
270 0.987642 0.130964
280 0.964496 0.133895
290 0.983719 0.134886
300 0.989996 0.127558
310 1 0.121537
320 0.996665 0.117311
330 0.996862 0.10655
340 0.98725 0.0958028
350 0.964104 0.0985553
360 0.967046 0.101469
370 0.947234 0.0924641
380 0.970381 0.112166
390 0.973127 0.100625
400 0.956454 0.106662
410 0.963123 0.112511
420 0.943115 0.113276
430 0.94645 0.112161
440 0.926442 0.0997183
450 0.920165 0.116378
460 0.923303 0.114892
470 0.933699 0.130151
480 0.913692 0.128423
490 0.920361 0.128631
500 0.910357 0.114103
510 0.910357 0.121192
520 0.890349 0.106789
530 0.893684 0.109142
540 0.900353 0.0924801
550 0.874068 0.0856613
560 0.860926 0.0810338
570 0.877403 0.0773469
630 0.788937 0.0668795
690 0.720479 0.0526117
750 0.670851 0.0613568
810 0.65457 0.0636484
870 0.615339 0.0560836
930 0.555316 0.0580776
990 0.477638 0.0512048
1050 0.465084 0.0485892
1110 0.400353 0.0521637
1170 0.354845 0.0538906
1230 0.321891 0.0548109
1290 0.263437 0.0557368
1350 0.25049 0.0590825
1410 0.240683 0.0645953
1470 0.234013 0.0633685
1530 0.21479 0.0700741
1590 0.16889 0.0651894
1650 0.142997 0.0625877
1710 0.0967046 0.0625385
1770 0.0637505 0.0609229
1830 0.0570812 0.0639199
1890 0.0186348 0.0685082
1950 0 0.087566
2010 0 0.0838818
2070 0 0.0804187
2130 0 0.081228
2190 0 0.0636158
2250 0 0.0672636
2310 0 0.0608812
2370 0 0.063225
2430 0 0.0592022
2490 0 0.0590447
2550 0 0.0557395
2610 0 0.0530704
2670 0 0.0530704
2730 0 0.0531443
2790 0 0.0499465
2850 0 0.0497365
2910 0 0.0549049
2970 0 0.057704
3030 0 0.057704
3090 0 0.0610226
3150 0 0.0605923
3210 0 0.0640498
3270 0 0.0679125
3330 0 0.067874
3390 0 0.067874
3450 0 0.0631203
3510 0 0.0714148
3570 0 0.0726318
4170 0 0.0533344
4770 0 0.0494393
5370 0 0.0494393
5970 0 0.0489874
6570 0 0.0480709
7170 0 0.050334
7770 0 0.050334
8370 0 0.050334
8970 0 0.050334
9570 0 0.0504363
10170 0 0.0485963
10770 0 0.0486216
11370 0 0.0486216
11970 0 0.0486216
12570 0 0.048162
13170 0 0.048162
13770 0 0.048162
14370 0 0.048162
14970 0 0.048162
15570 0 0.048162
16170 0 0.048162
16770 0 0.048162
17370 0 0.048162
17970 0 0.048162
18570 0 0.048162
19170 0 0.048162
19770 0 0.048162
20370 0 0.048162
20970 0 0.048162
21570 0 0.0504958
22170 0 0.0500535
22770 0 0.0500535
23370 0 0.0500535
23970 0 0.0500535
24570 0 0.0500535
25170 0 0.0500535
25770 0 0.0500535
26370 0 0.0500535
26970 0 0.0500535
27570 0 0.0500535
28170 0 0.0500535
28770 0 0.0500535
29370 0 0.0500535
29970 0 0.0500535
30570 0 0.0500535
31170 0 0.0500535
31770 0 0.0500535
32370 0 0.0500535
32970 0 0.0500535
33570 0 0.0500535
34170 0 0.0500535
34770 0 0.0500535
35370 0 0.0500535
35970 0 0.0500535
36570 0 0.0500535
37170 0 0.0500535
37770 0 0.0500535
38370 0 0.0500535
38970 0 0.0500535
39570 0 0.0500535
40170 0 0.0500535
40770 0 0.0500535
41370 0 0.0500535
41970 0 0.0500535
42570 0 0.0500535
43170 0 0.0500535
43770 0 0.0500535
44370 0 0.0500535
44970 0 0.0500535
45570 0 0.0500535
46170 0 0.0500535
46770 0 0.0500535
47370 0 0.0500535
47970 0 0.0500535
48570 0 0.0500535
49170 0 0.0500535
49770 0 0.0500535
50370 0 0.0500535
50970 0 0.0500535
51570 0 0.0500535
52170 0 0.0500535
52770 0 0.0500535
53370 0 0.0500535
53970 0 0.0500535
54570 0 0.0500535
55170 0 0.0500535
55770 0 0.0500535
56370 0 0.0500535
56970 0 0.0500535
57570 0 0.0500535
58170 0 0.0500535
58770 0 0.0500535
59370 0 0.0500535
59970 0 0.0500535
60570 0 0.0500535
61170 0 0.0500535
61770 0 0.0500535
62370 0 0.0500535
62970 0 0.0500535
63570 0 0.0500535
64170 0 0.0500535
64770 0 0.0500535
65370 0 0.0500535
65970 0 0.0500535
66570 0 0.0500535
67170 0 0.0500535
67770 0 0.0500535
68370 0 0.0500535
68970 0 0.0500535
69570 0 0.0500535
70170 0 0.0500535
70770 0 0.0500535
71370 0 0.0500535
71970 0 0.0500535
72570 0 0.0500535
73170 0 0.0500535
73770 0 0.0500535
74370 0 0.0500535
74970 0 0.0500535
75570 0 0.0500535
76170 0 0.0500535
76770 0 0.0500535
77370 0 0.0500535
77970 0 0.0500535
78570 0 0.0500535
79170 0 0.0500535
79770 0 0.0500535
80370 0 0.0500535
80970 0 0.0500535
81570 0 0.0500535
82170 0 0.0500535
82770 0 0.0500535
83370 0 0.0500535
83970 0 0.0500535
84570 0 0.0500535
85170 0 0.0500535
85770 0 0.0500535
86370 0 0.0500535


Original_Seperation_of_Misrepair
# Separation (nm) | Normalised Frequency
10.4 1


Time_of_Misrepair_Interactions
# Time of Interaction (s) | Normalised Frequency
6.00003 1


MSD_of_DSB
# Time (s) | MSD


Displacement_at_End
# Displacement (nm) | Normalised Frequency
106.6 0.666667
119.6 0.166667
135.2 0.333333
145.6 0.333333
148.2 0.333333
156 0.166667
169 0.666667
171.6 0.333333
174.2 0.333333
195 0.666667
200.2 0.333333
202.8 0.333333
208 0.333333
210.6 0.333333
234 0.833333
241.8 0.333333
252.2 0.333333
254.8 0.666667
260 0.333333
278.2 0.333333
280.8 0.333333
296.4 0.333333
299 0.666667
301.6 0.333333
312 0.666667
314.6 0.333333
319.8 0.333333
327.6 0.666667
330.2 0.833333
332.8 0.5
335.4 0.333333
340.6 0.666667
348.4 0.666667
356.2 0.333333
358.8 0.333333
361.4 0.333333
364 0.333333
366.6 0.333333
369.2 0.333333
371.8 0.333333
374.4 0.333333
382.2 0.166667
387.4 0.166667
395.2 0.333333
397.8 0.666667
405.6 0.333333
408.2 0.333333
421.2 0.166667
429 0.666667
434.2 0.333333
436.8 0.166667
439.4 0.333333
444.6 1
447.2 0.666667
457.6 0.333333
465.4 0.833333
470.6 0.166667
473.2 0.5
475.8 0.333333
478.4 0.333333
481 0.833333
483.6 0.666667
486.2 0.333333
496.6 1
499.2 0.333333
501.8 0.333333
504.4 0.5
507 0.333333
512.2 0.666667
514.8 0.166667
522.6 0.666667
533 0.333333
543.4 0.333333
546 0.333333
548.6 0.333333
551.2 0.5
559 0.333333
564.2 0.333333
577.2 0.333333
582.4 0.333333
585 0.333333
590.2 0.333333
592.8 0.333333
598 0.333333
603.2 0.166667
621.4 0.166667
631.8 0.333333
634.4 0.333333
650 0.666667
655.2 0.333333
657.8 0.333333
673.4 0.333333
681.2 0.166667
683.8 0.166667
694.2 0.333333
696.8 0.333333
699.4 0.666667
707.2 0.5
712.4 0.5
715 0.333333
717.6 0.333333
722.8 0.333333
725.4 0.333333
730.6 0.333333
735.8 0.333333
738.4 0.166667
741 0.5
743.6 0.333333
746.2 0.666667
748.8 0.333333
751.4 0.333333
754 0.333333
756.6 0.333333
759.2 0.333333
767 0.666667
769.6 0.333333
772.2 0.333333
777.4 0.333333
782.6 0.333333
785.2 0.166667
790.4 0.5
795.6 0.333333
808.6 0.166667
821.6 0.333333
824.2 0.333333
834.6 0.333333
839.8 0.5
845 0.333333
852.8 0.333333
858 0.666667
860.6 0.333333
865.8 0.666667
868.4 0.333333
871 0.166667
873.6 0.333333
876.2 1
881.4 0.333333
889.2 0.333333
907.4 0.333333
928.2 0.333333
933.4 0.333333
936 0.333333
938.6 0.333333
946.4 0.666667
949 0.666667
962 0.333333
975 0.5
985.4 0.333333
988 0.333333
1003.6 0.166667
1008.8 0.166667
1014 0.666667
1021.8 0.333333
1024.4 0.333333
1027 0.333333
1029.6 0.166667
1032.2 0.333333
1034.8 0.166667
1040 0.333333
1045.2 0.5
1058.2 0.166667
1066 0.166667
1086.8 0.333333
1094.6 0.666667
1102.4 0.666667
1125.8 0.333333
1131 0.833333
1133.6 0.333333
1141.4 0.333333
1144 0.166667
1154.4 0.666667
1159.6 0.166667
1172.6 0.5
1175.2 0.333333
1185.6 0.166667
1188.2 0.333333
1196 0.333333
1198.6 0.333333
1206.4 0.5
1219.4 0.333333
1229.8 0.666667
1232.4 0.333333
1235 0.166667
1237.6 0.333333
1240.2 0.333333
1242.8 0.166667
1245.4 0.166667
1248 0.333333
1250.6 0.333333
1255.8 0.666667
1268.8 0.333333
1279.2 0.666667
1281.8 0.333333
1284.4 0.333333
1287 0.333333
1292.2 0.333333
1300 0.333333
1310.4 0.666667
1313 0.166667
1328.6 0.833333
1333.8 0.333333
1339 0.333333
1341.6 0.666667
1346.8 0.333333
1357.2 0.666667
1370.2 0.333333
1383.2 0.333333
1388.4 0.166667
1396.2 0.333333
1401.4 0.333333
1409.2 0.333333
1411.8 0.333333
1424.8 0.333333
1427.4 0.333333
1450.8 0.333333
1453.4 0.166667
1456 0.333333
1461.2 0.666667
1489.8 0.333333
1492.4 0.166667
1500.2 0.166667
1510.6 0.166667
1513.2 0.166667
1523.6 0.333333
1562.6 0.333333
1565.2 0.166667
1573 0.333333
1586 0.166667
1591.2 0.333333
1612 0.333333
1614.6 0.333333
1653.6 0.333333
1658.8 0.333333
1666.6 0.666667
1669.2 0.333333
1671.8 0.333333
1697.8 0.333333
1778.4 0.333333
1788.8 0.333333
1794 0.333333
1861.6 0.666667
1921.4 0.333333
1937 0.166667
1950 0.166667
1963 0.166667
2046.2 0.333333
2087.8 0.166667
2142.4 0.333333
2168.4 0.333333
2178.8 0.166667
2189.2 0.333333
2238.6 0.166667
2303.6 0.333333
2350.4 0.333333
2475.2 0.333333
2540.2 0.333333
3354 0.333333
3424.2 0.333333


Displacement_of_ResidualEnds
119.6 0.5
156 0.5
234 0.5
330.2 0.5
332.8 0.5
382.2 0.5
387.4 0.5
421.2 0.5
436.8 0.5
465.4 0.5
470.6 0.5
473.2 0.5
481 0.5
504.4 0.5
514.8 0.5
543.4 1
548.6 1
551.2 0.5
603.2 0.5
621.4 0.5
631.8 1
681.2 0.5
683.8 0.5
694.2 1
707.2 0.5
712.4 0.5
738.4 0.5
741 0.5
785.2 0.5
790.4 0.5
808.6 0.5
839.8 0.5
858 1
871 0.5
949 1
975 0.5
1029.6 0.5
1034.8 0.5
1045.2 0.5
1058.2 0.5
1066 0.5
1131 0.5
1144 0.5
1159.6 0.5
1172.6 0.5
1185.6 0.5
1206.4 0.5
1235 0.5
1242.8 0.5
1245.4 0.5
1313 0.5
1328.6 0.5
1388.4 0.5
1453.4 0.5
1492.4 0.5
1500.2 0.5
1510.6 0.5
1513.2 0.5
1565.2 0.5
1586 0.5
1937 0.5
1950 0.5
1963 0.5
2087.8 0.5
2178.8 0.5
2238.6 0.5


Displacement_of_ResidualSyn


