#Time | Normalised to Self | SEM_NTS | Normalised to Initial DSBs | SEM_NTI
Ku_Recruitment
0 0 0
0.0166667 0.451627 0.0298405
0.0333333 0.534956 0.0287134
0.05 0.585402 0.0326998
0.0666667 0.631843 0.0391442
0.0833333 0.675613 0.0671989
0.1 0.71738 0.0653773
0.116667 0.750997 0.0542746
0.133333 0.783619 0.0402364
0.15 0.820549 0.0372802
0.166667 0.843659 0.0333806
0.183333 0.862559 0.0225117
0.2 0.872616 0.016079
0.216667 0.887388 0.0431505
0.233333 0.893015 0.0339526
0.25 0.901899 0.0368253
0.266667 0.906792 0.037795
0.283333 0.906751 0.0320492
0.3 0.923608 0.0303291
0.316667 0.924153 0.0373702
0.333333 0.919397 0.0417272
0.35 0.935832 0.0382434
0.366667 0.94702 0.0434038
0.383333 0.94965 0.050748
0.4 0.947061 0.0443214
0.416667 0.951231 0.044094
0.433333 0.968087 0.0404063
0.45 0.968087 0.0422199
0.466667 0.970758 0.0428843
0.483333 0.971304 0.0454005
0.5 0.978103 0.041162
0.516667 0.97956 0.0350014
0.533333 0.986905 0.0379268
0.55 0.972133 0.0370835
0.566667 0.976344 0.0405577
0.583333 0.988404 0.0370807
0.6 0.987395 0.0308183
0.616667 0.987395 0.0344367
0.633333 0.99211 0.0344452
0.65 0.98794 0.0341804
0.666667 0.995285 0.0278146
0.683333 0.99583 0.0366945
0.7 0.991661 0.0405172
0.716667 0.993746 0.0405708
0.733333 0.997915 0.0370733
0.75 0.997915 0.0387117
0.766667 1 0.0443566
0.783333 1 0.0491982
0.8 1 0.0483986
0.816667 0.997915 0.0521058
0.833333 0.99474 0.0422844
0.85 0.992655 0.0326712
0.866667 0.992655 0.0308776
0.883333 0.992655 0.0308776
0.9 0.98794 0.0248824
0.916667 0.977842 0.0165876
0.933333 0.982012 0.0304577
0.95 0.982012 0.0278908
0.966667 0.979519 0.0357557
0.983333 0.978429 0.0317017
1 0.981059 0.0333246


PKcs_Recruitment
0 0 0
0.0166667 0.175459 0.0139989
0.0333333 0.376878 0.0205747
0.05 0.489862 0.0308915
0.0666667 0.55915 0.0388124
0.0833333 0.639692 0.0663153
0.1 0.673475 0.0651074
0.116667 0.706069 0.0543717
0.133333 0.743526 0.0402126
0.15 0.762424 0.035777
0.166667 0.798379 0.0330511
0.183333 0.837433 0.0224343
0.2 0.851648 0.0150809
0.216667 0.867121 0.042241
0.233333 0.873305 0.0332889
0.25 0.871763 0.0341572
0.266667 0.880844 0.0363842
0.283333 0.887029 0.0319934
0.3 0.903921 0.0302627
0.316667 0.91191 0.0367441
0.333333 0.909738 0.0416582
0.35 0.928337 0.0380192
0.366667 0.933608 0.0431886
0.383333 0.944233 0.0508508
0.4 0.944315 0.0443486
0.416667 0.939044 0.0435909
0.433333 0.953218 0.0404794
0.45 0.954761 0.0420056
0.466667 0.960032 0.0425958
0.483333 0.961166 0.0454341
0.5 0.973292 0.0410848
0.516667 0.974793 0.0348831
0.533333 0.977429 0.0375557
0.55 0.964715 0.0368472
0.566667 0.959444 0.0402728
0.583333 0.966258 0.0360256
0.6 0.962571 0.0301165
0.616667 0.97792 0.0340121
0.633333 0.987915 0.0339435
0.65 0.990004 0.0342518
0.666667 0.992094 0.0273698
0.683333 0.987833 0.0366462
0.7 0.993733 0.0406019
0.716667 0.993733 0.0406019
0.733333 0.993733 0.0366182
0.75 0.993733 0.0382829
0.766667 0.993733 0.0436567
0.783333 0.995822 0.048901
0.8 1 0.0484547
0.816667 0.995822 0.0520473
0.833333 0.996818 0.0423727
0.85 0.994729 0.0327395
0.866667 0.994729 0.0309421
0.883333 0.994729 0.0309421
0.9 0.987369 0.0247947
0.916667 0.969849 0.0163615
0.933333 0.975161 0.0300307
0.95 0.981974 0.0278709
0.966667 0.9768 0.0357475
0.983333 0.973659 0.0315564
1 0.97893 0.0331318


XRCC4_Recruitment
0 0 0
0.0166667 0 0
0.0333333 0 0
0.05 0 0
0.0666667 0 0
0.0833333 0 0
0.1 0.0112746 0.0112746
0.116667 0.0112746 0.0112746
0.133333 0.0227253 0.0113637
0.15 0.0227253 0.0113637
0.166667 0.0227253 0.0113637
0.183333 0.0339999 0.0195289
0.2 0.0429371 0.0125455
0.216667 0.0429371 0.0125455
0.233333 0.0542116 0.0237298
0.25 0.0631488 0.0199524
0.266667 0.0810231 0.0233949
0.283333 0.0899603 0.0293522
0.3 0.0899603 0.0293522
0.316667 0.0899603 0.0293522
0.333333 0.0899603 0.0293522
0.35 0.0899603 0.0293522
0.366667 0.0899603 0.0293522
0.383333 0.0899603 0.0293522
0.4 0.112862 0.0106077
0.416667 0.112862 0.0106077
0.433333 0.112862 0.0106077
0.45 0.112862 0.0106077
0.466667 0.112862 0.0106077
0.483333 0.112862 0.0106077
0.5 0.112862 0.0106077
0.516667 0.133074 0.0167259
0.533333 0.142011 0.0246585
0.55 0.142011 0.0246585
0.566667 0.150948 0.033107
0.583333 0.150948 0.033107
0.6 0.150948 0.033107
0.616667 0.150948 0.033107
0.633333 0.150948 0.033107
0.65 0.150948 0.033107
0.666667 0.173849 0.022886
0.683333 0.194237 0.0311728
0.7 0.205512 0.0208401
0.716667 0.205512 0.0208401
0.733333 0.216786 0.0122927
0.75 0.216786 0.0122927
0.766667 0.216786 0.0122927
0.783333 0.225724 0.0212154
0.8 0.225724 0.0212154
0.816667 0.225724 0.0212154
0.833333 0.225724 0.0212154
0.85 0.237174 0.0188855
0.866667 0.248625 0.0229231
0.883333 0.248625 0.0229231
0.9 0.271174 0.00195689
0.916667 0.271174 0.00195689
0.933333 0.271174 0.00195689
0.95 0.271174 0.00195689
0.966667 0.285139 0.0303914
0.983333 0.285139 0.0303914
1 0.285139 0.0303914
1.16667 0.377612 0.0185904
1.33333 0.464015 0.059996
1.5 0.495854 0.0787023
1.66667 0.577053 0.0744068
1.83333 0.576877 0.0557109
2 0.6173 0.0351346
2.16667 0.673849 0.0421203
2.33333 0.708025 0.0605587
2.5 0.705512 0.0445503
2.66667 0.759547 0.0681368
2.83333 0.788696 0.0645329
3 0.834323 0.0731898
3.16667 0.836837 0.0847161
3.33333 0.877436 0.0782942
3.5 0.911436 0.0970438
3.66667 0.933985 0.114094
3.83333 0.98586 0.117402
4 0.997134 0.127053
4.16667 0.954373 0.107554
4.33333 0.96331 0.0991345
4.5 0.986212 0.105383
4.66667 0.977275 0.114239
4.83333 1 0.125497
5 0.988725 0.119102


DSB_Residual
0 2.97984 0 1 0
0.0166667 2.97984 0 1 0
0.0333333 2.97984 0 1 0
0.05 2.97984 0 1 0
0.0666667 2.97984 0 1 0
0.0833333 2.97984 0 1 0
0.1 2.97984 0 1 0
0.116667 2.97984 0 1 0
0.133333 2.97984 0 1 0
0.15 2.97984 0 1 0
0.166667 2.97984 0 1 0
0.183333 2.97984 0 1 0
0.2 2.97984 0 1 0
0.216667 2.97984 0 1 0
0.233333 2.97984 0 1 0
0.25 2.97984 0 1 0
0.266667 2.97984 0 1 0
0.283333 2.97984 0 1 0
0.3 2.97984 0 1 0
0.316667 2.97984 0 1 0
0.333333 2.97984 0 1 0
0.35 2.97984 0 1 0
0.366667 2.97984 0 1 0
0.383333 2.97984 0 1 0
0.4 2.97984 0 1 0
0.416667 2.97984 0 1 0
0.433333 2.97984 0 1 0
0.45 2.97984 0 1 0
0.466667 2.97984 0 1 0
0.483333 2.97984 0 1 0
0.5 2.97984 0 1 0
0.516667 2.97984 0 1 0
0.533333 2.97984 0 1 0
0.55 2.97984 0 1 0
0.566667 2.97984 0 1 0
0.583333 2.97984 0 1 0
0.6 2.97984 0 1 0
0.616667 2.97984 0 1 0
0.633333 2.97984 0 1 0
0.65 2.97984 0 1 0
0.666667 2.97984 0 1 0
0.683333 2.97984 0 1 0
0.7 2.97984 0 1 0
0.716667 2.97984 0 1 0
0.733333 2.97984 0 1 0
0.75 2.97984 0 1 0
0.766667 2.97984 0 1 0
0.783333 2.97984 0 1 0
0.8 2.97984 0 1 0
0.816667 2.97984 0 1 0
0.833333 2.97984 0 1 0
0.85 2.97984 0 1 0
0.866667 2.97984 0 1 0
0.883333 2.97984 0 1 0
0.9 2.97984 0 1 0
0.916667 2.97984 0 1 0
0.933333 2.97984 0 1 0
0.95 2.97984 0 1 0
0.966667 2.96773 0.0121132 0.995935 0.00406504
0.983333 2.96773 0.0121132 0.995935 0.00406504
1 2.96773 0.0121132 0.995935 0.00406504
1.16667 2.95561 0.0242263 0.99187 0.00813008
1.33333 2.9435 0.0363395 0.987805 0.0121951
1.5 2.93139 0.0484527 0.98374 0.0162602
1.66667 2.93139 0.0484527 0.98374 0.0162602
1.83333 2.90035 0.0425108 0.973323 0.0142662
2 2.90035 0.0425108 0.973323 0.0142662
2.16667 2.88823 0.052457 0.969258 0.017604
2.33333 2.88823 0.052457 0.969258 0.017604
2.5 2.87271 0.0549191 0.96405 0.0184302
2.66667 2.87271 0.0549191 0.96405 0.0184302
2.83333 2.87271 0.0549191 0.96405 0.0184302
3 2.84849 0.0735501 0.95592 0.0246826
3.16667 2.83637 0.0839438 0.951855 0.0281706
3.33333 2.83637 0.0839438 0.951855 0.0281706
3.5 2.83637 0.0839438 0.951855 0.0281706
3.66667 2.82426 0.0947468 0.94779 0.031796
3.83333 2.82426 0.0947468 0.94779 0.031796
4 2.82426 0.0947468 0.94779 0.031796
4.16667 2.7663 0.0749324 0.92834 0.0251465
4.33333 2.75078 0.0686258 0.923132 0.02303
4.5 2.75078 0.0686258 0.923132 0.02303
4.66667 2.72339 0.0716472 0.913938 0.024044
4.83333 2.71128 0.0837596 0.909873 0.0281088
5 2.69599 0.0771195 0.904745 0.0258804
5.16667 2.69599 0.0771195 0.904745 0.0258804
5.33333 2.69599 0.0771195 0.904745 0.0258804
5.5 2.68071 0.0731176 0.899617 0.0245374
5.66667 2.68071 0.0731176 0.899617 0.0245374
5.83333 2.68071 0.0731176 0.899617 0.0245374
6 2.65308 0.0738423 0.890344 0.0247806
6.16667 2.65308 0.0738423 0.890344 0.0247806
6.33333 2.63756 0.0650793 0.885135 0.0218399
6.5 2.60676 0.049688 0.874799 0.0166747
6.66667 2.59124 0.044473 0.86959 0.0149246
6.83333 2.59124 0.044473 0.86959 0.0149246
7 2.59124 0.044473 0.86959 0.0149246
7.16667 2.57913 0.0560341 0.865525 0.0188044
7.33333 2.57913 0.0560341 0.865525 0.0188044
7.5 2.56701 0.0677884 0.86146 0.022749
7.66667 2.54279 0.0915779 0.85333 0.0307325
7.83333 2.54279 0.0915779 0.85333 0.0307325
8 2.51175 0.0857068 0.842914 0.0287622
8.16667 2.49623 0.0868783 0.837705 0.0291554
8.33333 2.48071 0.0907291 0.832497 0.0304477
8.5 2.48071 0.0907291 0.832497 0.0304477
8.66667 2.48071 0.0907291 0.832497 0.0304477
8.83333 2.46519 0.0969404 0.827289 0.0325321
9 2.43439 0.0898917 0.816952 0.0301666
9.16667 2.42227 0.0954109 0.812887 0.0320188
9.33333 2.42227 0.0954109 0.812887 0.0320188
9.5 2.42227 0.0954109 0.812887 0.0320188
9.66667 2.42227 0.0954109 0.812887 0.0320188
9.83333 2.42227 0.0954109 0.812887 0.0320188
10 2.37912 0.118039 0.798405 0.0396125
11 2.34856 0.0878436 0.788149 0.0294793
12 2.20959 0.129932 0.741514 0.0436036
13 2.14245 0.125304 0.718983 0.0420506
14 2.08378 0.166924 0.699293 0.0560179
15 1.96185 0.137923 0.658374 0.0462852
16 1.93129 0.11253 0.648118 0.0377639
17 1.90049 0.115864 0.637781 0.0388827
18 1.78362 0.148727 0.598562 0.0499112
19 1.72883 0.120814 0.580175 0.0405439
20 1.64348 0.0780233 0.551532 0.0261837
21 1.57 0.0765918 0.526874 0.0257033
22 1.49652 0.0878286 0.502216 0.0294743
23 1.41434 0.0810094 0.474636 0.0271859
24 1.35614 0.096556 0.455107 0.0324031
25 1.31323 0.0993693 0.440705 0.0333472
26 1.24244 0.087551 0.41695 0.0293811
27 1.21822 0.0633831 0.40882 0.0212706
28 1.17554 0.0734977 0.394499 0.024665
29 1.13603 0.0669994 0.38124 0.0224842
30 1.07419 0.0826116 0.360487 0.0277235
31 1.06208 0.0708304 0.356422 0.0237699
32 1.0468 0.082273 0.351294 0.0276099
33 1.0194 0.0842811 0.342101 0.0282838
34 1.00729 0.0742447 0.338035 0.0249157
35 0.995178 0.0649209 0.33397 0.0217867
36 0.964377 0.0767906 0.323634 0.0257701
37 0.936744 0.0660664 0.314361 0.0221711
38 0.893591 0.0620694 0.299879 0.0208298
39 0.838563 0.0532481 0.281412 0.0178695
40 0.838563 0.0532481 0.281412 0.0178695
41 0.823282 0.0630384 0.276284 0.021155
42 0.795887 0.0637862 0.267091 0.0214059
43 0.768493 0.0674818 0.257898 0.0226461
44 0.737692 0.0798091 0.247561 0.026783
45 0.710297 0.0842714 0.238368 0.0282805
46 0.710297 0.0842714 0.238368 0.0282805
47 0.710297 0.0842714 0.238368 0.0282805
48 0.698184 0.0756839 0.234303 0.0253987
49 0.682664 0.0724084 0.229094 0.0242994
50 0.642918 0.0511938 0.215756 0.01718
51 0.627637 0.065363 0.210628 0.0219351
52 0.627637 0.065363 0.210628 0.0219351
53 0.612117 0.0643239 0.205419 0.0215864
54 0.596597 0.0669667 0.200211 0.0224733
55 0.596597 0.0669667 0.200211 0.0224733
56 0.596597 0.0669667 0.200211 0.0224733
57 0.596597 0.0669667 0.200211 0.0224733
58 0.596597 0.0669667 0.200211 0.0224733
59 0.596597 0.0669667 0.200211 0.0224733
60 0.596597 0.0669667 0.200211 0.0224733
70 0.502062 0.0490004 0.168486 0.016444
80 0.431514 0.0414647 0.144811 0.0139151
90 0.415994 0.0464089 0.139603 0.0155743
100 0.415994 0.0464089 0.139603 0.0155743
110 0.415994 0.0464089 0.139603 0.0155743
120 0.415994 0.0464089 0.139603 0.0155743
130 0.415994 0.0464089 0.139603 0.0155743
140 0.400474 0.0554076 0.134395 0.0185942
150 0.400474 0.0554076 0.134395 0.0185942
160 0.400474 0.0554076 0.134395 0.0185942
170 0.400474 0.0554076 0.134395 0.0185942
180 0.388361 0.0436478 0.13033 0.0146477
190 0.388361 0.0436478 0.13033 0.0146477
200 0.388361 0.0436478 0.13033 0.0146477
210 0.388361 0.0436478 0.13033 0.0146477
220 0.388361 0.0436478 0.13033 0.0146477
230 0.372841 0.0558129 0.125121 0.0187302
240 0.372841 0.0558129 0.125121 0.0187302
250 0.372841 0.0558129 0.125121 0.0187302
260 0.35756 0.0586659 0.119993 0.0196876
270 0.35756 0.0586659 0.119993 0.0196876
280 0.35756 0.0586659 0.119993 0.0196876
290 0.345446 0.046874 0.115928 0.0157304
300 0.345446 0.046874 0.115928 0.0157304
310 0.345446 0.046874 0.115928 0.0157304
320 0.345446 0.046874 0.115928 0.0157304
330 0.345446 0.046874 0.115928 0.0157304
340 0.345446 0.046874 0.115928 0.0157304
350 0.345446 0.046874 0.115928 0.0157304
360 0.345446 0.046874 0.115928 0.0157304
370 0.345446 0.046874 0.115928 0.0157304
380 0.345446 0.046874 0.115928 0.0157304
390 0.345446 0.046874 0.115928 0.0157304
400 0.345446 0.046874 0.115928 0.0157304
410 0.345446 0.046874 0.115928 0.0157304
420 0.345446 0.046874 0.115928 0.0157304
430 0.345446 0.046874 0.115928 0.0157304
440 0.345446 0.046874 0.115928 0.0157304
450 0.345446 0.046874 0.115928 0.0157304
460 0.345446 0.046874 0.115928 0.0157304
470 0.345446 0.046874 0.115928 0.0157304
480 0.345446 0.046874 0.115928 0.0157304
490 0.345446 0.046874 0.115928 0.0157304
500 0.345446 0.046874 0.115928 0.0157304
510 0.345446 0.046874 0.115928 0.0157304
520 0.345446 0.046874 0.115928 0.0157304
530 0.345446 0.046874 0.115928 0.0157304
540 0.345446 0.046874 0.115928 0.0157304
550 0.345446 0.046874 0.115928 0.0157304
560 0.345446 0.046874 0.115928 0.0157304
570 0.345446 0.046874 0.115928 0.0157304
580 0.345446 0.046874 0.115928 0.0157304
590 0.345446 0.046874 0.115928 0.0157304
600 0.345446 0.046874 0.115928 0.0157304
610 0.345446 0.046874 0.115928 0.0157304
620 0.345446 0.046874 0.115928 0.0157304
630 0.345446 0.046874 0.115928 0.0157304
640 0.345446 0.046874 0.115928 0.0157304
650 0.345446 0.046874 0.115928 0.0157304
660 0.345446 0.046874 0.115928 0.0157304
670 0.345446 0.046874 0.115928 0.0157304
680 0.345446 0.046874 0.115928 0.0157304
690 0.345446 0.046874 0.115928 0.0157304
700 0.345446 0.046874 0.115928 0.0157304
710 0.345446 0.046874 0.115928 0.0157304
720 0.345446 0.046874 0.115928 0.0157304
730 0.345446 0.046874 0.115928 0.0157304
740 0.345446 0.046874 0.115928 0.0157304
750 0.345446 0.046874 0.115928 0.0157304
760 0.333333 0.0353004 0.111863 0.0118464
770 0.333333 0.0353004 0.111863 0.0118464
780 0.333333 0.0353004 0.111863 0.0118464
790 0.333333 0.0353004 0.111863 0.0118464
800 0.333333 0.0353004 0.111863 0.0118464
810 0.333333 0.0353004 0.111863 0.0118464
820 0.333333 0.0353004 0.111863 0.0118464
830 0.333333 0.0353004 0.111863 0.0118464
840 0.333333 0.0353004 0.111863 0.0118464
850 0.333333 0.0353004 0.111863 0.0118464
860 0.333333 0.0353004 0.111863 0.0118464
870 0.333333 0.0353004 0.111863 0.0118464
880 0.333333 0.0353004 0.111863 0.0118464
890 0.333333 0.0353004 0.111863 0.0118464
900 0.333333 0.0353004 0.111863 0.0118464
910 0.333333 0.0353004 0.111863 0.0118464
920 0.333333 0.0353004 0.111863 0.0118464
930 0.333333 0.0353004 0.111863 0.0118464
940 0.333333 0.0353004 0.111863 0.0118464
950 0.333333 0.0353004 0.111863 0.0118464
960 0.333333 0.0353004 0.111863 0.0118464
970 0.333333 0.0353004 0.111863 0.0118464
980 0.333333 0.0353004 0.111863 0.0118464
990 0.333333 0.0353004 0.111863 0.0118464
1000 0.333333 0.0353004 0.111863 0.0118464
1010 0.333333 0.0353004 0.111863 0.0118464
1020 0.333333 0.0353004 0.111863 0.0118464
1030 0.333333 0.0353004 0.111863 0.0118464
1040 0.333333 0.0353004 0.111863 0.0118464
1050 0.333333 0.0353004 0.111863 0.0118464
1060 0.333333 0.0353004 0.111863 0.0118464
1070 0.333333 0.0353004 0.111863 0.0118464
1080 0.333333 0.0353004 0.111863 0.0118464
1090 0.333333 0.0353004 0.111863 0.0118464
1100 0.333333 0.0353004 0.111863 0.0118464
1110 0.333333 0.0353004 0.111863 0.0118464
1120 0.333333 0.0353004 0.111863 0.0118464
1130 0.333333 0.0353004 0.111863 0.0118464
1140 0.333333 0.0353004 0.111863 0.0118464
1150 0.333333 0.0353004 0.111863 0.0118464
1160 0.333333 0.0353004 0.111863 0.0118464
1170 0.333333 0.0353004 0.111863 0.0118464
1180 0.333333 0.0353004 0.111863 0.0118464
1190 0.333333 0.0353004 0.111863 0.0118464
1200 0.333333 0.0353004 0.111863 0.0118464
1210 0.333333 0.0353004 0.111863 0.0118464
1220 0.333333 0.0353004 0.111863 0.0118464
1230 0.333333 0.0353004 0.111863 0.0118464
1240 0.333333 0.0353004 0.111863 0.0118464
1250 0.333333 0.0353004 0.111863 0.0118464
1260 0.333333 0.0353004 0.111863 0.0118464
1270 0.333333 0.0353004 0.111863 0.0118464
1280 0.333333 0.0353004 0.111863 0.0118464
1290 0.333333 0.0353004 0.111863 0.0118464
1300 0.333333 0.0353004 0.111863 0.0118464
1310 0.333333 0.0353004 0.111863 0.0118464
1320 0.333333 0.0353004 0.111863 0.0118464
1330 0.333333 0.0353004 0.111863 0.0118464
1340 0.333333 0.0353004 0.111863 0.0118464
1350 0.333333 0.0353004 0.111863 0.0118464
1360 0.333333 0.0353004 0.111863 0.0118464
1370 0.333333 0.0353004 0.111863 0.0118464
1380 0.333333 0.0353004 0.111863 0.0118464
1390 0.333333 0.0353004 0.111863 0.0118464
1400 0.333333 0.0353004 0.111863 0.0118464
1410 0.333333 0.0353004 0.111863 0.0118464
1420 0.333333 0.0353004 0.111863 0.0118464
1430 0.333333 0.0353004 0.111863 0.0118464
1440 0.333333 0.0353004 0.111863 0.0118464


DSBEnd
0 1 0 1 0
0.0166667 0.165324 0.0129836 0.165324 0.0129836
0.0333333 0.0831535 0.0131897 0.0831535 0.0131897
0.05 0.0566233 0.0138426 0.0566233 0.0138426
0.0666667 0.0591073 0.0026671 0.0591073 0.0026671
0.0833333 0.0663481 0.00701807 0.0663481 0.00701807
0.1 0.0481991 0.00943864 0.0481991 0.00943864
0.116667 0.0328281 0.00472645 0.0328281 0.00472645
0.133333 0.0303041 0.00392813 0.0303041 0.00392813
0.15 0.0297324 0.00647607 0.0297324 0.00647607
0.166667 0.030224 0.00731955 0.030224 0.00731955
0.183333 0.0292947 0.00855942 0.0292947 0.00855942
0.2 0.017895 0.00666505 0.017895 0.00666505
0.216667 0.0285491 0.0158808 0.0285491 0.0158808
0.233333 0.0287631 0.00485702 0.0287631 0.00485702
0.25 0.0201816 0.00981376 0.0201816 0.00981376
0.266667 0.0334398 0.0028125 0.0334398 0.0028125
0.283333 0.0113059 0.00570516 0.0113059 0.00570516
0.3 0.0143615 0.00453764 0.0143615 0.00453764
0.316667 0.00260417 0.00260417 0.00260417 0.00260417
0.333333 0.02774 0.00636679 0.02774 0.00636679
0.35 0.0194897 0.00956991 0.0194897 0.00956991
0.366667 0.00609756 0.00609756 0.00609756 0.00609756
0.383333 0.0138299 0.00312364 0.0138299 0.00312364
0.4 0.0117573 0.00666533 0.0117573 0.00666533
0.416667 0.00516827 0.00258437 0.00516827 0.00258437
0.433333 0.00662914 0.00356034 0.00662914 0.00356034
0.45 0.00720079 0.000552704 0.00720079 0.000552704
0.466667 0.00406504 0.00406504 0.00406504 0.00406504
0.483333 0.0101626 0.0101626 0.0101626 0.0101626
0.5 0.00866166 0.00530284 0.00866166 0.00530284
0.516667 0.00463669 0.00237061 0.00463669 0.00237061
0.533333 0.00459662 0.00234396 0.00459662 0.00234396
0.55 0.0123691 0.00313652 0.0123691 0.00313652
0.566667 0.00923331 0.00148131 0.00923331 0.00148131
0.583333 0.00516827 0.00258437 0.00516827 0.00258437
0.6 0.012329 0.00539672 0.012329 0.00539672
0.616667 0.0143215 0.00894571 0.0143215 0.00894571
0.633333 0 0 0 0
0.65 0.00203252 0.00203252 0.00203252 0.00203252
0.666667 0 0 0 0
0.683333 0 0 0 0
0.7 0.00203252 0.00203252 0.00203252 0.00203252
0.716667 0.00662914 0.00356034 0.00662914 0.00356034
0.733333 0.00203252 0.00203252 0.00203252 0.00203252
0.75 0.00203252 0.00203252 0.00203252 0.00203252
0.766667 0.00406504 0.00406504 0.00406504 0.00406504
0.783333 0.0025641 0.0025641 0.0025641 0.0025641
0.8 0.00406504 0.00406504 0.00406504 0.00406504
0.816667 0.00203252 0.00203252 0.00203252 0.00203252
0.833333 0.00406504 0.00406504 0.00406504 0.00406504
0.85 0.00203252 0.00203252 0.00203252 0.00203252
0.866667 0.00203252 0.00203252 0.00203252 0.00203252
0.883333 0.00203252 0.00203252 0.00203252 0.00203252
0.9 0.0117974 0.00219491 0.0117974 0.00219491
0.916667 0.0117974 0.00219491 0.0117974 0.00219491
0.933333 0.00459662 0.00234396 0.00459662 0.00234396
0.95 0.00459662 0.00234396 0.00459662 0.00234396
0.966667 0.0112258 0.00567531 0.0112258 0.00567531
0.983333 0.00769231 0.00769231 0.00769231 0.00769231
1 0.00516827 0.00258437 0.00516827 0.00258437
1.16667 0.0155048 0.0077531 0.0155048 0.0077531
1.33333 0.0078125 0.0078125 0.0078125 0.0078125
1.5 0 0 0 0
1.66667 0.0025641 0.0025641 0.0025641 0.0025641
1.83333 0.00512821 0.00512821 0.00512821 0.00512821
2 0.00724085 0.00454663 0.00724085 0.00454663
2.16667 0.0025641 0.0025641 0.0025641 0.0025641
2.33333 0.0025641 0.0025641 0.0025641 0.0025641
2.5 0 0 0 0
2.66667 0 0 0 0
2.83333 0 0 0 0
3 0.00984502 0.00702049 0.00984502 0.00702049
3.16667 0 0 0 0
3.33333 0 0 0 0
3.5 0.00260417 0.00260417 0.00260417 0.00260417
3.66667 0.00260417 0.00260417 0.00260417 0.00260417
3.83333 0.00984502 0.00702049 0.00984502 0.00702049
4 0.00260417 0.00260417 0.00260417 0.00260417
4.16667 0.0025641 0.0025641 0.0025641 0.0025641
4.33333 0.00203252 0.00203252 0.00203252 0.00203252
4.5 0.00512821 0.00512821 0.00512821 0.00512821
4.66667 0 0 0 0
4.83333 0.0025641 0.0025641 0.0025641 0.0025641
5 0 0 0 0
5.16667 0.00459662 0.00234396 0.00459662 0.00234396
5.33333 0 0 0 0
5.5 0.00459662 0.00234396 0.00459662 0.00234396
5.66667 0 0 0 0
5.83333 0.00520833 0.00520833 0.00520833 0.00520833
6 0.00662914 0.00356034 0.00662914 0.00356034
6.16667 0 0 0 0
6.33333 0.00260417 0.00260417 0.00260417 0.00260417
6.5 0.0025641 0.0025641 0.0025641 0.0025641
6.66667 0.00459662 0.00234396 0.00459662 0.00234396
6.83333 0.00662914 0.00356034 0.00662914 0.00356034
7 0 0 0 0
7.16667 0.00260417 0.00260417 0.00260417 0.00260417
7.33333 0 0 0 0
7.5 0.00203252 0.00203252 0.00203252 0.00203252
7.66667 0 0 0 0
7.83333 0.00260417 0.00260417 0.00260417 0.00260417
8 0 0 0 0
8.16667 0 0 0 0
8.33333 0.00662914 0.00356034 0.00662914 0.00356034
8.5 0 0 0 0
8.66667 0 0 0 0
8.83333 0 0 0 0
9 0 0 0 0
9.16667 0.00203252 0.00203252 0.00203252 0.00203252
9.33333 0 0 0 0
9.5 0 0 0 0
9.66667 0 0 0 0
9.83333 0 0 0 0
10 0 0 0 0
11 0 0 0 0
12 0 0 0 0
13 0 0 0 0
14 0 0 0 0
15 0 0 0 0
16 0 0 0 0
17 0 0 0 0
18 0 0 0 0
19 0 0 0 0
20 0 0 0 0
21 0 0 0 0
22 0 0 0 0
23 0 0 0 0
24 0 0 0 0
25 0 0 0 0
26 0 0 0 0
27 0 0 0 0
28 0 0 0 0
29 0 0 0 0
30 0 0 0 0
31 0 0 0 0
32 0 0 0 0
33 0 0 0 0
34 0 0 0 0
35 0 0 0 0
36 0 0 0 0
37 0 0 0 0
38 0 0 0 0
39 0 0 0 0
40 0 0 0 0
41 0 0 0 0
42 0 0 0 0
43 0 0 0 0
44 0 0 0 0
45 0 0 0 0
46 0 0 0 0
47 0 0 0 0
48 0 0 0 0
49 0.00203252 0.00203252 0.00203252 0.00203252
50 0 0 0 0
51 0 0 0 0
52 0 0 0 0
53 0 0 0 0
54 0 0 0 0
55 0 0 0 0
56 0 0 0 0
57 0 0 0 0
58 0 0 0 0
59 0 0 0 0
60 0 0 0 0
70 0 0 0 0
80 0 0 0 0
90 0 0 0 0
100 0 0 0 0
110 0 0 0 0
120 0 0 0 0
130 0 0 0 0
140 0 0 0 0
150 0 0 0 0
160 0 0 0 0
170 0 0 0 0
180 0 0 0 0
190 0 0 0 0
200 0 0 0 0
210 0 0 0 0
220 0 0 0 0
230 0 0 0 0
240 0 0 0 0
250 0 0 0 0
260 0 0 0 0
270 0 0 0 0
280 0 0 0 0
290 0 0 0 0
300 0 0 0 0
310 0 0 0 0
320 0 0 0 0
330 0 0 0 0
340 0 0 0 0
350 0 0 0 0
360 0 0 0 0
370 0 0 0 0
380 0 0 0 0
390 0 0 0 0
400 0 0 0 0
410 0 0 0 0
420 0 0 0 0
430 0 0 0 0
440 0 0 0 0
450 0 0 0 0
460 0 0 0 0
470 0 0 0 0
480 0 0 0 0
490 0 0 0 0
500 0 0 0 0
510 0 0 0 0
520 0 0 0 0
530 0 0 0 0
540 0 0 0 0
550 0 0 0 0
560 0 0 0 0
570 0 0 0 0
580 0 0 0 0
590 0 0 0 0
600 0 0 0 0
610 0 0 0 0
620 0 0 0 0
630 0 0 0 0
640 0 0 0 0
650 0 0 0 0
660 0 0 0 0
670 0 0 0 0
680 0 0 0 0
690 0 0 0 0
700 0 0 0 0
710 0 0 0 0
720 0 0 0 0
730 0 0 0 0
740 0 0 0 0
750 0 0 0 0
760 0 0 0 0
770 0 0 0 0
780 0 0 0 0
790 0 0 0 0
800 0 0 0 0
810 0 0 0 0
820 0 0 0 0
830 0 0 0 0
840 0 0 0 0
850 0 0 0 0
860 0 0 0 0
870 0 0 0 0
880 0 0 0 0
890 0 0 0 0
900 0 0 0 0
910 0 0 0 0
920 0 0 0 0
930 0 0 0 0
940 0 0 0 0
950 0 0 0 0
960 0 0 0 0
970 0 0 0 0
980 0 0 0 0
990 0 0 0 0
1000 0 0 0 0
1010 0 0 0 0
1020 0 0 0 0
1030 0 0 0 0
1040 0 0 0 0
1050 0 0 0 0
1060 0 0 0 0
1070 0 0 0 0
1080 0 0 0 0
1090 0 0 0 0
1100 0 0 0 0
1110 0 0 0 0
1120 0 0 0 0
1130 0 0 0 0
1140 0 0 0 0
1150 0 0 0 0
1160 0 0 0 0
1170 0 0 0 0
1180 0 0 0 0
1190 0 0 0 0
1200 0 0 0 0
1210 0 0 0 0
1220 0 0 0 0
1230 0 0 0 0
1240 0 0 0 0
1250 0 0 0 0
1260 0 0 0 0
1270 0 0 0 0
1280 0 0 0 0
1290 0 0 0 0
1300 0 0 0 0
1310 0 0 0 0
1320 0 0 0 0
1330 0 0 0 0
1340 0 0 0 0
1350 0 0 0 0
1360 0 0 0 0
1370 0 0 0 0
1380 0 0 0 0
1390 0 0 0 0
1400 0 0 0 0
1410 0 0 0 0
1420 0 0 0 0
1430 0 0 0 0
1440 0 0 0 0


DSBEnd_Inhibited
0 0 0 0 0
0.0166667 0.9875 0.0125 0.394365 0.040466
0.0333333 0.985445 0.00732361 0.395294 0.0486234
0.05 0.934184 0.035645 0.372642 0.039317
0.0666667 0.808988 0.0180663 0.324881 0.0425824
0.0833333 0.682473 0.0369483 0.274967 0.0424074
0.1 0.629313 0.0392972 0.252395 0.0355609
0.116667 0.590708 0.0474318 0.234992 0.0270133
0.133333 0.523361 0.078925 0.205711 0.0250931
0.15 0.43239 0.0675953 0.170278 0.023141
0.166667 0.373746 0.0474084 0.147255 0.0158043
0.183333 0.324966 0.0314573 0.129758 0.0185111
0.2 0.335722 0.0540059 0.131353 0.0148952
0.216667 0.272912 0.0383948 0.106297 0.00648045
0.233333 0.254772 0.0240717 0.100597 0.00864121
0.25 0.25667 0.0486326 0.100517 0.0151028
0.266667 0.204305 0.0307571 0.0824881 0.017875
0.283333 0.263105 0.0224713 0.104662 0.012378
0.3 0.209209 0.015073 0.0851724 0.0160705
0.316667 0.237213 0.0206043 0.0963981 0.0188773
0.333333 0.187271 0.014226 0.075899 0.0138825
0.35 0.165913 0.0260423 0.0681266 0.0178796
0.366667 0.175564 0.0473211 0.0706105 0.0211395
0.383333 0.145505 0.0445165 0.0603141 0.0233825
0.4 0.157424 0.0493965 0.0649107 0.024975
0.416667 0.166125 0.0626922 0.0674347 0.0275843
0.433333 0.122985 0.0517368 0.0495398 0.0214822
0.45 0.120349 0.0602589 0.0489681 0.0254319
0.466667 0.123934 0.0634228 0.0494997 0.0249189
0.483333 0.107849 0.0557157 0.0428705 0.0214947
0.5 0.092345 0.0461762 0.0377423 0.0198139
0.516667 0.0991477 0.0393741 0.0403465 0.0173518
0.533333 0.0785279 0.0246933 0.0332258 0.0140407
0.55 0.0946132 0.0315286 0.039855 0.017222
0.566667 0.0976171 0.0294532 0.0388856 0.0118999
0.583333 0.0743613 0.0208204 0.0311933 0.0120362
0.6 0.0637597 0.0340341 0.0250156 0.0125195
0.616667 0.0586438 0.0210507 0.0230232 0.00760577
0.633333 0.0860663 0.0414731 0.032748 0.0134266
0.65 0.090233 0.041125 0.0347805 0.0138637
0.666667 0.0747291 0.0284026 0.0296523 0.0109877
0.683333 0.0711438 0.0254476 0.0291207 0.0118551
0.7 0.0753105 0.028021 0.0311533 0.013588
0.716667 0.0592252 0.0200722 0.0245241 0.0100922
0.733333 0.0628105 0.0218302 0.0250557 0.00878356
0.75 0.0628105 0.0218302 0.0250557 0.00878356
0.766667 0.0544771 0.0210814 0.0209907 0.00684156
0.783333 0.0550585 0.0173909 0.0224916 0.00831117
0.8 0.0544771 0.0210814 0.0209907 0.00684156
0.816667 0.0628105 0.0218302 0.0250557 0.00878356
0.833333 0.069981 0.0358107 0.0261189 0.0111019
0.85 0.0783143 0.0344288 0.0301839 0.0115217
0.866667 0.0783143 0.0344288 0.0301839 0.0115217
0.883333 0.0783143 0.0344288 0.0301839 0.0115217
0.9 0.0637597 0.0340341 0.0250156 0.0125195
0.916667 0.0883345 0.0158984 0.0348607 0.00584013
0.933333 0.0987225 0.0204958 0.0379964 0.00435983
0.95 0.0987225 0.0204958 0.0379964 0.00435983
0.966667 0.0728306 0.00773817 0.0297324 0.00647607
0.983333 0.0847492 0.0119336 0.0343291 0.0075293
1 0.0856985 0.0229278 0.034289 0.0097959
1.16667 0.0858547 0.011964 0.0334398 0.0028125
1.33333 0.0684504 0.0358343 0.024658 0.0107934
1.5 0.0588 0.0172436 0.022174 0.00551916
1.66667 0.0580624 0.0295235 0.0215222 0.00899376
1.83333 0.0270547 0.00528697 0.0112658 0.0035136
2 0.0166667 0.0166667 0.00813008 0.00813008
2.16667 0.0525787 0.00443863 0.0210708 0.00285636
2.33333 0.0544771 0.0210814 0.0209907 0.00684156
2.5 0.0841679 0.0165407 0.0328281 0.00472645
2.66667 0.0302721 0.0153665 0.0133384 0.00713308
2.83333 0.0625989 0.0227433 0.0257475 0.00936082
3 0.038024 0.0078456 0.0159025 0.00482228
3.16667 0.0391295 0.0214772 0.0150133 0.0081314
3.33333 0.0287415 0.0177727 0.0118775 0.00676769
3.5 0.0213574 0.0118208 0.00777244 0.00451073
3.66667 0.0514159 0.0272977 0.0180689 0.00927906
3.83333 0.0364934 0.0123758 0.0144416 0.00468198
4 0.0604869 0.0324996 0.0227857 0.0123394
4.16667 0.0151361 0.00768324 0.00666921 0.00356654
4.33333 0.0136054 0.0136054 0.00520833 0.00520833
4.5 0.0234694 0.0145147 0.0107342 0.00719081
4.66667 0.0416093 0.00263148 0.0164341 0.000931879
4.83333 0.0312213 0.00942525 0.0132984 0.00554606
5 0.0193027 0.0108394 0.00870173 0.00529933
5.16667 0.0219388 0.0118817 0.00927337 0.00474122
5.33333 0.0389733 0.00933701 0.0158625 0.00479154
5.5 0.0312213 0.00942525 0.0132984 0.00554606
5.66667 0.0351744 0.0291486 0.0122889 0.00940631
5.83333 0.0187213 0.00321745 0.00720079 0.000552704
6 0.025524 0.00825252 0.00980496 0.00294621
6.16667 0.0529465 0.0205519 0.0195298 0.00570628
6.33333 0.0238372 0.0134393 0.00919325 0.00468793
6.5 0.0160853 0.00805838 0.00662914 0.00356034
6.66667 0.0419771 0.025625 0.0148931 0.00795349
6.83333 0.0342252 0.0179172 0.012329 0.00539672
7 0.0160853 0.00805838 0.00662914 0.00356034
7.16667 0.0151361 0.00768324 0.00666921 0.00356654
7.33333 0.0151361 0.00768324 0.00666921 0.00356654
7.5 0.0187213 0.00321745 0.00720079 0.000552704
7.66667 0.00775194 0.00775194 0.0025641 0.0025641
7.83333 0.00775194 0.00775194 0.0025641 0.0025641
8 0.00680272 0.00680272 0.00260417 0.00260417
8.16667 0 0 0 0
8.33333 0.00416667 0.00416667 0.00203252 0.00203252
8.5 0.0160853 0.00805838 0.00662914 0.00356034
8.66667 0.0109694 0.00594083 0.00463669 0.00237061
8.83333 0 0 0 0
9 0.00833333 0.00833333 0.00406504 0.00406504
9.16667 0.00416667 0.00416667 0.00203252 0.00203252
9.33333 0.00416667 0.00416667 0.00203252 0.00203252
9.5 0.00833333 0.00833333 0.00406504 0.00406504
9.66667 0.0187213 0.00321745 0.00720079 0.000552704
9.83333 0.0151361 0.00768324 0.00666921 0.00356654
10 0.0219388 0.0118817 0.00927337 0.00474122
11 0.00416667 0.00416667 0.00203252 0.00203252
12 0 0 0 0
13 0 0 0 0
14 0 0 0 0
15 0 0 0 0
16 0 0 0 0
17 0.00416667 0.00416667 0.00203252 0.00203252
18 0 0 0 0
19 0 0 0 0
20 0 0 0 0
21 0 0 0 0
22 0 0 0 0
23 0 0 0 0
24 0 0 0 0
25 0 0 0 0
26 0 0 0 0
27 0 0 0 0
28 0 0 0 0
29 0 0 0 0
30 0 0 0 0
31 0 0 0 0
32 0 0 0 0
33 0 0 0 0
34 0 0 0 0
35 0 0 0 0
36 0 0 0 0
37 0 0 0 0
38 0 0 0 0
39 0 0 0 0
40 0 0 0 0
41 0 0 0 0
42 0 0 0 0
43 0 0 0 0
44 0 0 0 0
45 0 0 0 0
46 0 0 0 0
47 0 0 0 0
48 0 0 0 0
49 0 0 0 0
50 0 0 0 0
51 0 0 0 0
52 0 0 0 0
53 0 0 0 0
54 0 0 0 0
55 0 0 0 0
56 0 0 0 0
57 0 0 0 0
58 0 0 0 0
59 0 0 0 0
60 0 0 0 0
70 0 0 0 0
80 0 0 0 0
90 0 0 0 0
100 0 0 0 0
110 0 0 0 0
120 0 0 0 0
130 0 0 0 0
140 0 0 0 0
150 0 0 0 0
160 0 0 0 0
170 0 0 0 0
180 0 0 0 0
190 0 0 0 0
200 0 0 0 0
210 0 0 0 0
220 0 0 0 0
230 0 0 0 0
240 0 0 0 0
250 0 0 0 0
260 0 0 0 0
270 0 0 0 0
280 0 0 0 0
290 0 0 0 0
300 0 0 0 0
310 0 0 0 0
320 0 0 0 0
330 0 0 0 0
340 0 0 0 0
350 0 0 0 0
360 0 0 0 0
370 0 0 0 0
380 0 0 0 0
390 0 0 0 0
400 0 0 0 0
410 0 0 0 0
420 0 0 0 0
430 0 0 0 0
440 0 0 0 0
450 0 0 0 0
460 0 0 0 0
470 0 0 0 0
480 0 0 0 0
490 0 0 0 0
500 0 0 0 0
510 0 0 0 0
520 0 0 0 0
530 0 0 0 0
540 0 0 0 0
550 0 0 0 0
560 0 0 0 0
570 0 0 0 0
580 0 0 0 0
590 0 0 0 0
600 0 0 0 0
610 0 0 0 0
620 0 0 0 0
630 0 0 0 0
640 0 0 0 0
650 0 0 0 0
660 0 0 0 0
670 0 0 0 0
680 0 0 0 0
690 0 0 0 0
700 0 0 0 0
710 0 0 0 0
720 0 0 0 0
730 0 0 0 0
740 0 0 0 0
750 0 0 0 0
760 0 0 0 0
770 0 0 0 0
780 0 0 0 0
790 0 0 0 0
800 0 0 0 0
810 0 0 0 0
820 0 0 0 0
830 0 0 0 0
840 0 0 0 0
850 0 0 0 0
860 0 0 0 0
870 0 0 0 0
880 0 0 0 0
890 0 0 0 0
900 0 0 0 0
910 0 0 0 0
920 0 0 0 0
930 0 0 0 0
940 0 0 0 0
950 0 0 0 0
960 0 0 0 0
970 0 0 0 0
980 0 0 0 0
990 0 0 0 0
1000 0 0 0 0
1010 0 0 0 0
1020 0 0 0 0
1030 0 0 0 0
1040 0 0 0 0
1050 0 0 0 0
1060 0 0 0 0
1070 0 0 0 0
1080 0 0 0 0
1090 0 0 0 0
1100 0 0 0 0
1110 0 0 0 0
1120 0 0 0 0
1130 0 0 0 0
1140 0 0 0 0
1150 0 0 0 0
1160 0 0 0 0
1170 0 0 0 0
1180 0 0 0 0
1190 0 0 0 0
1200 0 0 0 0
1210 0 0 0 0
1220 0 0 0 0
1230 0 0 0 0
1240 0 0 0 0
1250 0 0 0 0
1260 0 0 0 0
1270 0 0 0 0
1280 0 0 0 0
1290 0 0 0 0
1300 0 0 0 0
1310 0 0 0 0
1320 0 0 0 0
1330 0 0 0 0
1340 0 0 0 0
1350 0 0 0 0
1360 0 0 0 0
1370 0 0 0 0
1380 0 0 0 0
1390 0 0 0 0
1400 0 0 0 0
1410 0 0 0 0
1420 0 0 0 0
1430 0 0 0 0
1440 0 0 0 0


DSBEnd_Ku
0 0 0 0 0
0.0166667 1 0 0.269605 0.0257079
0.0333333 0.571167 0.0273197 0.154884 0.0195695
0.05 0.348348 0.015015 0.0941418 0.0106338
0.0666667 0.268153 0.00625848 0.0720079 0.00552704
0.0833333 0.145472 0.0575973 0.0363215 0.0113818
0.1 0.170651 0.0418136 0.0441741 0.00708943
0.116667 0.170151 0.0123817 0.0452373 0.00129402
0.133333 0.152345 0.0121396 0.0406006 0.00286724
0.15 0.213348 0.0215845 0.058218 0.0104622
0.166667 0.169901 0.01033 0.0457688 0.00501336
0.183333 0.0987141 0.0109299 0.026199 0.00230161
0.2 0.0797336 0.0135869 0.022174 0.00551916
0.216667 0.0813698 0.0316235 0.0215222 0.00899376
0.233333 0.0816201 0.0280029 0.0209907 0.00684156
0.25 0.127916 0.0655198 0.0311533 0.013588
0.266667 0.109398 0.0487336 0.0270882 0.0102331
0.283333 0.0811581 0.0172712 0.0210307 0.00272932
0.3 0.0811581 0.0172712 0.0210307 0.00272932
0.316667 0.0548048 0.0274101 0.0137899 0.00703189
0.333333 0.0453338 0.019004 0.0112658 0.0035136
0.35 0.0365365 0.0182734 0.00919325 0.00468793
0.366667 0.0529183 0.0141984 0.0149732 0.00500983
0.383333 0.0268153 0.000625848 0.00720079 0.000552704
0.4 0.0182683 0.0091367 0.00459662 0.00234396
0.416667 0.0548048 0.0274101 0.0137899 0.00703189
0.433333 0.0628898 0.010253 0.0164341 0.000931879
0.45 0.0533803 0.0154231 0.0149332 0.00491371
0.466667 0.0439093 0.0165083 0.0124091 0.00553337
0.483333 0.0446215 0.00888334 0.0118375 0.00229694
0.5 0.0270655 0.0160533 0.00666921 0.00356654
0.516667 0.0275275 0.0160395 0.00662914 0.00356034
0.533333 0.0457958 0.0244081 0.0112258 0.00567531
0.55 0.0365365 0.0182734 0.00919325 0.00468793
0.566667 0.0726111 0.0250339 0.0184266 0.00532055
0.583333 0.0906291 0.0332259 0.0235548 0.00885747
0.6 0.0991761 0.024931 0.0261589 0.00665139
0.616667 0.0457958 0.0244081 0.0112258 0.00567531
0.633333 0.0277778 0.0277778 0.00609756 0.00609756
0.65 0 0 0 0
0.666667 0.018018 0.018018 0.00512821 0.00512821
0.683333 0.0353623 0.00796283 0.00980496 0.00294621
0.7 0 0 0 0
0.716667 0.00925926 0.00925926 0.00203252 0.00203252
0.733333 0.0277778 0.0277778 0.00609756 0.00609756
0.75 0.0277778 0.0277778 0.00609756 0.00609756
0.766667 0.037037 0.037037 0.00813008 0.00813008
0.783333 0.0277778 0.0277778 0.00609756 0.00609756
0.8 0.00925926 0.00925926 0.00203252 0.00203252
0.816667 0.0185185 0.0185185 0.00406504 0.00406504
0.833333 0 0 0 0
0.85 0 0 0 0
0.866667 0 0 0 0
0.883333 0 0 0 0
0.9 0.00900901 0.00900901 0.0025641 0.0025641
0.916667 0.0358243 0.00913573 0.00976489 0.00285314
0.933333 0.0367868 0.0245462 0.00866166 0.00530284
0.95 0.00925926 0.00925926 0.00203252 0.00203252
0.966667 0.0178063 0.00892448 0.00463669 0.00237061
0.983333 0.0275275 0.0160395 0.00662914 0.00356034
1 0.0185185 0.0185185 0.00406504 0.00406504
1.16667 0.0621776 0.00738549 0.0170057 0.00334509
1.33333 0.00900901 0.00900901 0.0025641 0.0025641
1.5 0.025641 0.025641 0.0078125 0.0078125
1.66667 0.0270655 0.0160533 0.00666921 0.00356654
1.83333 0.00900901 0.00900901 0.0025641 0.0025641
2 0.00925926 0.00925926 0.00203252 0.00203252
2.16667 0.017556 0.00878712 0.00516827 0.00258437
2.33333 0.0182683 0.0091367 0.00459662 0.00234396
2.5 0.0185185 0.0185185 0.00406504 0.00406504
2.66667 0.00900901 0.00900901 0.0025641 0.0025641
2.83333 0.0263533 0.014821 0.00724085 0.00454663
3 0.0182683 0.0091367 0.00459662 0.00234396
3.16667 0.00854701 0.00854701 0.00260417 0.00260417
3.33333 0 0 0 0
3.5 0.026103 0.0148111 0.00777244 0.00451073
3.66667 0.00854701 0.00854701 0.00260417 0.00260417
3.83333 0.00854701 0.00854701 0.00260417 0.00260417
4 0 0 0 0
4.16667 0 0 0 0
4.33333 0 0 0 0
4.5 0 0 0 0
4.66667 0 0 0 0
4.83333 0 0 0 0
5 0 0 0 0
5.16667 0.00854701 0.00854701 0.00260417 0.00260417
5.33333 0 0 0 0
5.5 0.017556 0.00878712 0.00516827 0.00258437
5.66667 0 0 0 0
5.83333 0 0 0 0
6 0.00925926 0.00925926 0.00203252 0.00203252
6.16667 0.018018 0.018018 0.00512821 0.00512821
6.33333 0.00925926 0.00925926 0.00203252 0.00203252
6.5 0.017094 0.017094 0.00520833 0.00520833
6.66667 0.00900901 0.00900901 0.0025641 0.0025641
6.83333 0.00900901 0.00900901 0.0025641 0.0025641
7 0 0 0 0
7.16667 0 0 0 0
7.33333 0.00854701 0.00854701 0.00260417 0.00260417
7.5 0.0185185 0.0185185 0.00406504 0.00406504
7.66667 0 0 0 0
7.83333 0.00854701 0.00854701 0.00260417 0.00260417
8 0 0 0 0
8.16667 0 0 0 0
8.33333 0.00900901 0.00900901 0.0025641 0.0025641
8.5 0 0 0 0
8.66667 0 0 0 0
8.83333 0 0 0 0
9 0.017094 0.017094 0.00520833 0.00520833
9.16667 0 0 0 0
9.33333 0.00900901 0.00900901 0.0025641 0.0025641
9.5 0 0 0 0
9.66667 0 0 0 0
9.83333 0 0 0 0
10 0.00925926 0.00925926 0.00203252 0.00203252
11 0 0 0 0
12 0 0 0 0
13 0 0 0 0
14 0 0 0 0
15 0 0 0 0
16 0 0 0 0
17 0 0 0 0
18 0 0 0 0
19 0 0 0 0
20 0 0 0 0
21 0 0 0 0
22 0 0 0 0
23 0.00900901 0.00900901 0.0025641 0.0025641
24 0 0 0 0
25 0 0 0 0
26 0 0 0 0
27 0 0 0 0
28 0 0 0 0
29 0 0 0 0
30 0 0 0 0
31 0 0 0 0
32 0 0 0 0
33 0 0 0 0
34 0 0 0 0
35 0 0 0 0
36 0 0 0 0
37 0 0 0 0
38 0 0 0 0
39 0 0 0 0
40 0 0 0 0
41 0 0 0 0
42 0 0 0 0
43 0 0 0 0
44 0 0 0 0
45 0 0 0 0
46 0 0 0 0
47 0 0 0 0
48 0 0 0 0
49 0 0 0 0
50 0 0 0 0
51 0 0 0 0
52 0 0 0 0
53 0 0 0 0
54 0 0 0 0
55 0 0 0 0
56 0 0 0 0
57 0 0 0 0
58 0 0 0 0
59 0 0 0 0
60 0 0 0 0
70 0 0 0 0
80 0 0 0 0
90 0 0 0 0
100 0 0 0 0
110 0 0 0 0
120 0 0 0 0
130 0 0 0 0
140 0 0 0 0
150 0 0 0 0
160 0 0 0 0
170 0 0 0 0
180 0 0 0 0
190 0 0 0 0
200 0 0 0 0
210 0 0 0 0
220 0 0 0 0
230 0 0 0 0
240 0 0 0 0
250 0 0 0 0
260 0 0 0 0
270 0 0 0 0
280 0 0 0 0
290 0 0 0 0
300 0 0 0 0
310 0 0 0 0
320 0 0 0 0
330 0 0 0 0
340 0 0 0 0
350 0 0 0 0
360 0 0 0 0
370 0 0 0 0
380 0 0 0 0
390 0 0 0 0
400 0 0 0 0
410 0 0 0 0
420 0 0 0 0
430 0 0 0 0
440 0 0 0 0
450 0 0 0 0
460 0 0 0 0
470 0 0 0 0
480 0 0 0 0
490 0 0 0 0
500 0 0 0 0
510 0 0 0 0
520 0 0 0 0
530 0 0 0 0
540 0 0 0 0
550 0 0 0 0
560 0 0 0 0
570 0 0 0 0
580 0 0 0 0
590 0 0 0 0
600 0 0 0 0
610 0 0 0 0
620 0 0 0 0
630 0 0 0 0
640 0 0 0 0
650 0 0 0 0
660 0 0 0 0
670 0 0 0 0
680 0 0 0 0
690 0 0 0 0
700 0 0 0 0
710 0 0 0 0
720 0 0 0 0
730 0 0 0 0
740 0 0 0 0
750 0 0 0 0
760 0 0 0 0
770 0 0 0 0
780 0 0 0 0
790 0 0 0 0
800 0 0 0 0
810 0 0 0 0
820 0 0 0 0
830 0 0 0 0
840 0 0 0 0
850 0 0 0 0
860 0 0 0 0
870 0 0 0 0
880 0 0 0 0
890 0 0 0 0
900 0 0 0 0
910 0 0 0 0
920 0 0 0 0
930 0 0 0 0
940 0 0 0 0
950 0 0 0 0
960 0 0 0 0
970 0 0 0 0
980 0 0 0 0
990 0 0 0 0
1000 0 0 0 0
1010 0 0 0 0
1020 0 0 0 0
1030 0 0 0 0
1040 0 0 0 0
1050 0 0 0 0
1060 0 0 0 0
1070 0 0 0 0
1080 0 0 0 0
1090 0 0 0 0
1100 0 0 0 0
1110 0 0 0 0
1120 0 0 0 0
1130 0 0 0 0
1140 0 0 0 0
1150 0 0 0 0
1160 0 0 0 0
1170 0 0 0 0
1180 0 0 0 0
1190 0 0 0 0
1200 0 0 0 0
1210 0 0 0 0
1220 0 0 0 0
1230 0 0 0 0
1240 0 0 0 0
1250 0 0 0 0
1260 0 0 0 0
1270 0 0 0 0
1280 0 0 0 0
1290 0 0 0 0
1300 0 0 0 0
1310 0 0 0 0
1320 0 0 0 0
1330 0 0 0 0
1340 0 0 0 0
1350 0 0 0 0
1360 0 0 0 0
1370 0 0 0 0
1380 0 0 0 0
1390 0 0 0 0
1400 0 0 0 0
1410 0 0 0 0
1420 0 0 0 0
1430 0 0 0 0
1440 0 0 0 0


DSBEnd_PKcs
0 0 0 0 0
0.0166667 0.494134 0.0286371 0.131567 0.0114484
0.0333333 0.888867 0.0289909 0.235911 0.00994108
0.05 0.955911 0.0221442 0.254298 0.0154064
0.0666667 0.990991 0.00900901 0.263039 0.00778348
0.0833333 0.822596 0.0456968 0.218691 0.0157274
0.1 0.840915 0.0585417 0.222837 0.0140353
0.116667 0.827834 0.0744808 0.219661 0.0199175
0.133333 0.778657 0.0423498 0.206894 0.0139198
0.15 0.74232 0.0460938 0.197621 0.0167887
0.166667 0.685542 0.0147179 0.18233 0.0103786
0.183333 0.623828 0.0486137 0.165087 0.00984666
0.2 0.603145 0.0437952 0.159387 0.00625734
0.216667 0.574318 0.038516 0.152463 0.0109681
0.233333 0.589913 0.00426596 0.156702 0.00636979
0.25 0.583418 0.0255664 0.155201 0.0111154
0.266667 0.558906 0.0352676 0.148572 0.0118884
0.283333 0.564143 0.0156508 0.149542 0.00223566
0.3 0.538373 0.0310134 0.142381 0.00307166
0.316667 0.565702 0.0573479 0.14909 0.0097557
0.333333 0.539932 0.0729826 0.14193 0.0142242
0.35 0.502337 0.0642668 0.132125 0.012443
0.366667 0.517841 0.0698226 0.13619 0.0142954
0.383333 0.497008 0.0610556 0.130981 0.0129497
0.4 0.497008 0.0610556 0.130981 0.0129497
0.416667 0.497008 0.0610556 0.130981 0.0129497
0.433333 0.513769 0.0581776 0.135578 0.0125334
0.45 0.483927 0.0657586 0.127805 0.0156081
0.466667 0.483927 0.0657586 0.127805 0.0156081
0.483333 0.503352 0.0575417 0.132974 0.0130794
0.5 0.480247 0.0649136 0.126385 0.0137583
0.516667 0.454326 0.0515968 0.119715 0.0102052
0.533333 0.429814 0.0536973 0.113086 0.0104265
0.55 0.437565 0.05672 0.115119 0.0114395
0.566667 0.437565 0.05672 0.115119 0.0114395
0.583333 0.446574 0.0477297 0.117683 0.00888516
0.6 0.441487 0.0519326 0.116222 0.00947394
0.616667 0.44023 0.0610165 0.11569 0.0121045
0.633333 0.456991 0.0542508 0.120287 0.0102363
0.65 0.464743 0.0569781 0.12232 0.0111664
0.666667 0.472495 0.0605809 0.124352 0.0123636
0.683333 0.472495 0.0605809 0.124352 0.0123636
0.7 0.471238 0.0738658 0.123821 0.0162332
0.716667 0.471238 0.0738658 0.123821 0.0162332
0.733333 0.471238 0.0738658 0.123821 0.0162332
0.75 0.450405 0.0681171 0.118612 0.0156145
0.766667 0.465908 0.0809359 0.122677 0.0193147
0.783333 0.47366 0.0876711 0.12471 0.0212149
0.8 0.452827 0.0906783 0.119501 0.0227239
0.816667 0.452827 0.0906783 0.119501 0.0227239
0.833333 0.445075 0.0832192 0.117469 0.0207069
0.85 0.421819 0.0612797 0.111371 0.0146814
0.866667 0.421819 0.0612797 0.111371 0.0146814
0.883333 0.421819 0.0612797 0.111371 0.0146814
0.9 0.414067 0.054211 0.109339 0.0126882
0.916667 0.389555 0.0491591 0.10271 0.0107932
0.933333 0.382817 0.0644956 0.101526 0.016816
0.95 0.373808 0.0690494 0.0989622 0.0176915
0.966667 0.38156 0.0767872 0.100995 0.0197138
0.983333 0.408738 0.074911 0.108196 0.0191614
1 0.408738 0.074911 0.108196 0.0191614
1.16667 0.425499 0.0779791 0.112792 0.0202348
1.33333 0.451269 0.0787294 0.119953 0.0210817
1.5 0.436066 0.0899692 0.114905 0.0223577
1.66667 0.44241 0.0938949 0.116897 0.0238721
1.83333 0.470845 0.078942 0.12463 0.0200804
2 0.470996 0.095825 0.124138 0.0238121
2.16667 0.528166 0.109136 0.13862 0.0261787
2.33333 0.519871 0.100813 0.137888 0.0263117
2.5 0.50311 0.0972825 0.133291 0.0251365
2.66667 0.528729 0.0934583 0.140944 0.0258746
2.83333 0.575483 0.0853355 0.152821 0.0227434
3 0.545641 0.101939 0.145049 0.0272084
3.16667 0.588565 0.0663806 0.155997 0.0169569
3.33333 0.532952 0.0830257 0.141064 0.0210005
3.5 0.535466 0.0580743 0.142127 0.0155652
3.66667 0.514633 0.0720873 0.136919 0.0199823
3.83333 0.555043 0.0631834 0.146804 0.0150244
4 0.5877 0.0778109 0.154656 0.0162141
4.16667 0.541961 0.0779027 0.143628 0.0200368
4.33333 0.535617 0.0720897 0.141635 0.0176057
4.5 0.538282 0.0632398 0.142207 0.0145366
4.66667 0.55645 0.0699208 0.146844 0.0158254
4.83333 0.520264 0.0789374 0.137079 0.0183225
5 0.528016 0.0854748 0.139111 0.0202051
5.16667 0.552529 0.0917034 0.145741 0.022219
5.33333 0.535768 0.0922005 0.141144 0.0221142
5.5 0.562945 0.0910844 0.148345 0.0216055
5.66667 0.551121 0.0871163 0.1457 0.0216691
5.83333 0.555043 0.0631834 0.146804 0.0150244
6 0.525351 0.0930403 0.13854 0.022749
6.16667 0.525351 0.0930403 0.13854 0.022749
6.33333 0.54352 0.0990763 0.143176 0.0240436
6.5 0.535525 0.128723 0.141461 0.0329314
6.66667 0.546243 0.163833 0.143083 0.041481
6.83333 0.565518 0.134636 0.148742 0.0336949
7 0.59889 0.119733 0.158427 0.0305879
7.16667 0.607899 0.114722 0.160991 0.0295174
7.33333 0.613228 0.0914077 0.162135 0.0225999
7.5 0.627324 0.105067 0.16616 0.0269529
7.66667 0.5859 0.0792392 0.155425 0.0207665
7.83333 0.5859 0.0792392 0.155425 0.0207665
8 0.587308 0.0794965 0.155465 0.0198953
8.16667 0.576891 0.0837385 0.152861 0.0214848
8.33333 0.584643 0.0914828 0.154894 0.0234866
8.5 0.601404 0.0947273 0.15949 0.0246808
8.66667 0.610563 0.102513 0.161563 0.0259771
8.83333 0.561387 0.0682553 0.148796 0.0175022
9 0.561387 0.0682553 0.148796 0.0175022
9.16667 0.561387 0.0682553 0.148796 0.0175022
9.33333 0.578148 0.0714977 0.153393 0.0188333
9.5 0.561387 0.0682553 0.148796 0.0175022
9.66667 0.573061 0.0509369 0.151932 0.0130308
9.83333 0.5563 0.0491602 0.147335 0.0118113
10 0.538131 0.0450571 0.142699 0.0116359
11 0.558964 0.0408628 0.147907 0.00838691
12 0.569231 0.0188106 0.151003 0.00536254
13 0.530379 0.0373403 0.140666 0.00974372
14 0.545883 0.0527842 0.144731 0.0135687
15 0.561387 0.0682553 0.148796 0.0175022
16 0.545883 0.0527842 0.144731 0.0135687
17 0.553635 0.0605176 0.146764 0.015527
18 0.561387 0.0682553 0.148796 0.0175022
19 0.561387 0.0682553 0.148796 0.0175022
20 0.561387 0.0682553 0.148796 0.0175022
21 0.561387 0.0682553 0.148796 0.0175022
22 0.561387 0.0682553 0.148796 0.0175022
23 0.552378 0.0735848 0.146232 0.0184228
24 0.543369 0.0795801 0.143668 0.0196373
25 0.543369 0.0795801 0.143668 0.0196373
26 0.543369 0.0795801 0.143668 0.0196373
27 0.543369 0.0795801 0.143668 0.0196373
28 0.543369 0.0795801 0.143668 0.0196373
29 0.543369 0.0795801 0.143668 0.0196373
30 0.543369 0.0795801 0.143668 0.0196373
31 0.543369 0.0795801 0.143668 0.0196373
32 0.543369 0.0795801 0.143668 0.0196373
33 0.543369 0.0795801 0.143668 0.0196373
34 0.543369 0.0795801 0.143668 0.0196373
35 0.543369 0.0795801 0.143668 0.0196373
36 0.543369 0.0795801 0.143668 0.0196373
37 0.543369 0.0795801 0.143668 0.0196373
38 0.543369 0.0795801 0.143668 0.0196373
39 0.543369 0.0795801 0.143668 0.0196373
40 0.543369 0.0795801 0.143668 0.0196373
41 0.543369 0.0795801 0.143668 0.0196373
42 0.543369 0.0795801 0.143668 0.0196373
43 0.543369 0.0795801 0.143668 0.0196373
44 0.543369 0.0795801 0.143668 0.0196373
45 0.543369 0.0795801 0.143668 0.0196373
46 0.543369 0.0795801 0.143668 0.0196373
47 0.543369 0.0795801 0.143668 0.0196373
48 0.527865 0.0646609 0.139603 0.0155743
49 0.535617 0.0720897 0.141635 0.0176057
50 0.527865 0.0646609 0.139603 0.0155743
51 0.527865 0.0646609 0.139603 0.0155743
52 0.527865 0.0646609 0.139603 0.0155743
53 0.527865 0.0646609 0.139603 0.0155743
54 0.527865 0.0646609 0.139603 0.0155743
55 0.527865 0.0646609 0.139603 0.0155743
56 0.527865 0.0646609 0.139603 0.0155743
57 0.527865 0.0646609 0.139603 0.0155743
58 0.527865 0.0646609 0.139603 0.0155743
59 0.527865 0.0646609 0.139603 0.0155743
60 0.527865 0.0646609 0.139603 0.0155743
70 0.527865 0.0646609 0.139603 0.0155743
80 0.527865 0.0646609 0.139603 0.0155743
90 0.527865 0.0646609 0.139603 0.0155743
100 0.527865 0.0646609 0.139603 0.0155743
110 0.507032 0.0720804 0.134395 0.0185942
120 0.507032 0.0720804 0.134395 0.0185942
130 0.507032 0.0720804 0.134395 0.0185942
140 0.507032 0.0720804 0.134395 0.0185942
150 0.491528 0.0565806 0.13033 0.0146477
160 0.491528 0.0565806 0.13033 0.0146477
170 0.491528 0.0565806 0.13033 0.0146477
180 0.491528 0.0565806 0.13033 0.0146477
190 0.491528 0.0565806 0.13033 0.0146477
200 0.491528 0.0565806 0.13033 0.0146477
210 0.491528 0.0565806 0.13033 0.0146477
220 0.470695 0.0689998 0.125121 0.0187302
230 0.470695 0.0689998 0.125121 0.0187302
240 0.470695 0.0689998 0.125121 0.0187302
250 0.470695 0.0689998 0.125121 0.0187302
260 0.452677 0.0759936 0.119993 0.0196876
270 0.452677 0.0759936 0.119993 0.0196876
280 0.437173 0.0604913 0.115928 0.0157304
290 0.437173 0.0604913 0.115928 0.0157304
300 0.437173 0.0604913 0.115928 0.0157304
310 0.437173 0.0604913 0.115928 0.0157304
320 0.437173 0.0604913 0.115928 0.0157304
330 0.437173 0.0604913 0.115928 0.0157304
340 0.437173 0.0604913 0.115928 0.0157304
350 0.437173 0.0604913 0.115928 0.0157304
360 0.437173 0.0604913 0.115928 0.0157304
370 0.437173 0.0604913 0.115928 0.0157304
380 0.437173 0.0604913 0.115928 0.0157304
390 0.437173 0.0604913 0.115928 0.0157304
400 0.437173 0.0604913 0.115928 0.0157304
410 0.437173 0.0604913 0.115928 0.0157304
420 0.437173 0.0604913 0.115928 0.0157304
430 0.437173 0.0604913 0.115928 0.0157304
440 0.437173 0.0604913 0.115928 0.0157304
450 0.437173 0.0604913 0.115928 0.0157304
460 0.437173 0.0604913 0.115928 0.0157304
470 0.437173 0.0604913 0.115928 0.0157304
480 0.437173 0.0604913 0.115928 0.0157304
490 0.437173 0.0604913 0.115928 0.0157304
500 0.437173 0.0604913 0.115928 0.0157304
510 0.437173 0.0604913 0.115928 0.0157304
520 0.437173 0.0604913 0.115928 0.0157304
530 0.437173 0.0604913 0.115928 0.0157304
540 0.437173 0.0604913 0.115928 0.0157304
550 0.437173 0.0604913 0.115928 0.0157304
560 0.437173 0.0604913 0.115928 0.0157304
570 0.437173 0.0604913 0.115928 0.0157304
580 0.437173 0.0604913 0.115928 0.0157304
590 0.437173 0.0604913 0.115928 0.0157304
600 0.437173 0.0604913 0.115928 0.0157304
610 0.437173 0.0604913 0.115928 0.0157304
620 0.437173 0.0604913 0.115928 0.0157304
630 0.437173 0.0604913 0.115928 0.0157304
640 0.437173 0.0604913 0.115928 0.0157304
650 0.437173 0.0604913 0.115928 0.0157304
660 0.437173 0.0604913 0.115928 0.0157304
670 0.437173 0.0604913 0.115928 0.0157304
680 0.437173 0.0604913 0.115928 0.0157304
690 0.437173 0.0604913 0.115928 0.0157304
700 0.437173 0.0604913 0.115928 0.0157304
710 0.437173 0.0604913 0.115928 0.0157304
720 0.437173 0.0604913 0.115928 0.0157304
730 0.421669 0.0449901 0.111863 0.0118464
740 0.421669 0.0449901 0.111863 0.0118464
750 0.421669 0.0449901 0.111863 0.0118464
760 0.421669 0.0449901 0.111863 0.0118464
770 0.421669 0.0449901 0.111863 0.0118464
780 0.421669 0.0449901 0.111863 0.0118464
790 0.421669 0.0449901 0.111863 0.0118464
800 0.421669 0.0449901 0.111863 0.0118464
810 0.421669 0.0449901 0.111863 0.0118464
820 0.421669 0.0449901 0.111863 0.0118464
830 0.421669 0.0449901 0.111863 0.0118464
840 0.421669 0.0449901 0.111863 0.0118464
850 0.421669 0.0449901 0.111863 0.0118464
860 0.421669 0.0449901 0.111863 0.0118464
870 0.421669 0.0449901 0.111863 0.0118464
880 0.421669 0.0449901 0.111863 0.0118464
890 0.421669 0.0449901 0.111863 0.0118464
900 0.421669 0.0449901 0.111863 0.0118464
910 0.421669 0.0449901 0.111863 0.0118464
920 0.421669 0.0449901 0.111863 0.0118464
930 0.421669 0.0449901 0.111863 0.0118464
940 0.421669 0.0449901 0.111863 0.0118464
950 0.421669 0.0449901 0.111863 0.0118464
960 0.421669 0.0449901 0.111863 0.0118464
970 0.421669 0.0449901 0.111863 0.0118464
980 0.421669 0.0449901 0.111863 0.0118464
990 0.421669 0.0449901 0.111863 0.0118464
1000 0.421669 0.0449901 0.111863 0.0118464
1010 0.421669 0.0449901 0.111863 0.0118464
1020 0.421669 0.0449901 0.111863 0.0118464
1030 0.421669 0.0449901 0.111863 0.0118464
1040 0.421669 0.0449901 0.111863 0.0118464
1050 0.421669 0.0449901 0.111863 0.0118464
1060 0.421669 0.0449901 0.111863 0.0118464
1070 0.421669 0.0449901 0.111863 0.0118464
1080 0.421669 0.0449901 0.111863 0.0118464
1090 0.421669 0.0449901 0.111863 0.0118464
1100 0.421669 0.0449901 0.111863 0.0118464
1110 0.421669 0.0449901 0.111863 0.0118464
1120 0.421669 0.0449901 0.111863 0.0118464
1130 0.421669 0.0449901 0.111863 0.0118464
1140 0.421669 0.0449901 0.111863 0.0118464
1150 0.421669 0.0449901 0.111863 0.0118464
1160 0.421669 0.0449901 0.111863 0.0118464
1170 0.421669 0.0449901 0.111863 0.0118464
1180 0.421669 0.0449901 0.111863 0.0118464
1190 0.421669 0.0449901 0.111863 0.0118464
1200 0.421669 0.0449901 0.111863 0.0118464
1210 0.421669 0.0449901 0.111863 0.0118464
1220 0.421669 0.0449901 0.111863 0.0118464
1230 0.421669 0.0449901 0.111863 0.0118464
1240 0.421669 0.0449901 0.111863 0.0118464
1250 0.421669 0.0449901 0.111863 0.0118464
1260 0.421669 0.0449901 0.111863 0.0118464
1270 0.421669 0.0449901 0.111863 0.0118464
1280 0.421669 0.0449901 0.111863 0.0118464
1290 0.421669 0.0449901 0.111863 0.0118464
1300 0.421669 0.0449901 0.111863 0.0118464
1310 0.421669 0.0449901 0.111863 0.0118464
1320 0.421669 0.0449901 0.111863 0.0118464
1330 0.421669 0.0449901 0.111863 0.0118464
1340 0.421669 0.0449901 0.111863 0.0118464
1350 0.421669 0.0449901 0.111863 0.0118464
1360 0.421669 0.0449901 0.111863 0.0118464
1370 0.421669 0.0449901 0.111863 0.0118464
1380 0.421669 0.0449901 0.111863 0.0118464
1390 0.421669 0.0449901 0.111863 0.0118464
1400 0.421669 0.0449901 0.111863 0.0118464
1410 0.421669 0.0449901 0.111863 0.0118464
1420 0.421669 0.0449901 0.111863 0.0118464
1430 0.421669 0.0449901 0.111863 0.0118464
1440 0.421669 0.0449901 0.111863 0.0118464


DSBSynaptic
0 0 0 0 0
0.0166667 0.049761 0.00793133 0.0391397 0.00737766
0.0333333 0.166993 0.0166523 0.130758 0.0173744
0.05 0.284224 0.0234681 0.222295 0.0258056
0.0666667 0.358866 0.0357981 0.280965 0.0369502
0.0833333 0.514559 0.0633448 0.403672 0.0625727
0.1 0.545089 0.0609336 0.427267 0.061556
0.116667 0.591808 0.0432687 0.462154 0.0487369
0.133333 0.650587 0.0334678 0.506154 0.0361961
0.15 0.686767 0.0280547 0.533814 0.0300501
0.166667 0.752716 0.0398891 0.584086 0.0299928
0.183333 0.818666 0.0431621 0.634197 0.0173362
0.2 0.837897 0.0321803 0.649662 0.0119818
0.216667 0.864298 0.0397851 0.671639 0.0391929
0.233333 0.862017 0.0483841 0.668289 0.029864
0.25 0.856367 0.0444567 0.664224 0.0299742
0.266667 0.864298 0.029038 0.671558 0.031599
0.283333 0.865059 0.0111077 0.672541 0.0280292
0.3 0.895589 0.00571515 0.696136 0.0260617
0.316667 0.896349 0.00749674 0.697199 0.0316948
0.333333 0.90276 0.0197964 0.702247 0.0355259
0.35 0.93894 0.0116025 0.730148 0.0321736
0.366667 0.9397 0.0134246 0.731211 0.0371883
0.383333 0.958931 0.0244987 0.746756 0.045844
0.4 0.94611 0.0190079 0.736419 0.0408744
0.416667 0.9397 0.0206583 0.731291 0.0400955
0.433333 0.95176 0.0147949 0.740484 0.0370222
0.45 0.96382 0.0181976 0.749758 0.0374604
0.466667 0.97023 0.0153082 0.754886 0.038086
0.483333 0.964581 0.0196302 0.750821 0.0419474
0.5 0.988701 0.0112994 0.769207 0.037218
0.516667 0.98794 0.00606585 0.768144 0.0314608
0.533333 0.99435 0.00564972 0.773272 0.0331745
0.55 0.97588 0.00488918 0.758871 0.0320703
0.566667 0.96382 0.00919797 0.749678 0.0343161
0.583333 0.96947 0.00580126 0.753743 0.0303773
0.6 0.967949 0.0231125 0.751616 0.0232811
0.616667 0.987179 0.0128205 0.767081 0.0268648
0.633333 0.99359 0.00641026 0.772209 0.0275507
0.65 0.99359 0.00641026 0.772209 0.0275507
0.666667 0.980769 0.0111029 0.761793 0.0211625
0.683333 0.96306 0.0222578 0.748374 0.0302866
0.7 0.96382 0.0181976 0.749517 0.0347425
0.716667 0.96382 0.0181976 0.749517 0.0347425
0.733333 0.95741 0.0118457 0.744389 0.0312163
0.75 0.96382 0.00919797 0.749597 0.0333494
0.766667 0.95817 0.0141205 0.745532 0.0374129
0.783333 0.952521 0.0194426 0.741467 0.0414767
0.8 0.964581 0.0161886 0.750741 0.0401607
0.816667 0.958931 0.0218383 0.746676 0.0442114
0.833333 0.96382 0.00919797 0.749678 0.0343161
0.85 0.96306 0.00152108 0.748534 0.0269306
0.866667 0.956649 0.00729079 0.743326 0.0241244
0.883333 0.956649 0.00729079 0.743326 0.0241244
0.9 0.937419 0.0181371 0.727941 0.0204973
0.916667 0.924598 0.0207518 0.717525 0.0116665
0.933333 0.931769 0.0141005 0.723876 0.0238763
0.95 0.943829 0.0124434 0.733069 0.0205303
0.966667 0.926119 0.0115121 0.719651 0.0250972
0.983333 0.913299 0.00945241 0.709395 0.0196046
1 0.919709 0.00835746 0.714523 0.0219273
1.16667 0.826597 0.0219241 0.641372 0.0114339
1.33333 0.801717 0.0282918 0.621762 0.0121966
1.5 0.790417 0.0621525 0.613311 0.0484811
1.66667 0.737288 0.0356519 0.573616 0.039068
1.83333 0.730117 0.033315 0.567345 0.0323696
2 0.707518 0.0501297 0.551005 0.0502129
2.16667 0.637766 0.0334574 0.495337 0.0292951
2.33333 0.619296 0.00391134 0.481176 0.0151418
2.5 0.607997 0.0133363 0.472966 0.0240301
2.66667 0.594415 0.0184232 0.461726 0.0192473
2.83333 0.539765 0.00130378 0.419504 0.0147587
3 0.515645 0.0035854 0.401038 0.0176915
3.16667 0.513364 0.0283797 0.397608 0.0119057
3.33333 0.514885 0.0174681 0.399814 0.0158975
3.5 0.487723 0.0362275 0.377015 0.0130265
3.66667 0.469252 0.0401748 0.362774 0.0203303
3.83333 0.421013 0.0273511 0.32568 0.00846172
4 0.407432 0.0434881 0.3142 0.0211543
4.16667 0.440243 0.0280675 0.341385 0.0194301
4.33333 0.433833 0.0211144 0.336097 0.00654331
4.5 0.408953 0.0243372 0.316487 0.00653968
4.66667 0.396132 0.0307475 0.30615 0.0116339
4.83333 0.390482 0.0250978 0.302085 0.00760904
5 0.396893 0.0225855 0.307213 0.00583562
5.16667 0.372012 0.0258583 0.287684 0.00868743
5.33333 0.372773 0.0178868 0.288827 0.00607374
5.5 0.354302 0.0186113 0.274425 0.00644724
5.66667 0.353542 0.034665 0.273442 0.0213709
5.83333 0.346371 0.0402409 0.267091 0.0214059
6 0.323012 0.0255453 0.249607 0.00994227
6.16667 0.297371 0.0381613 0.228934 0.019995
6.33333 0.285311 0.0370152 0.219661 0.0199175
6.5 0.286071 0.0270321 0.220804 0.0120793
6.66667 0.261191 0.0376639 0.201114 0.0229215
6.83333 0.242721 0.0330998 0.186793 0.0182946
7 0.249131 0.0285224 0.192001 0.0142388
7.16667 0.237071 0.027842 0.182727 0.014772
7.33333 0.218601 0.0285411 0.168326 0.0157384
7.5 0.207301 0.0149935 0.160276 0.00527373
7.66667 0.2299 0.0375924 0.176536 0.0214992
7.83333 0.21219 0.0300159 0.163198 0.0164121
8 0.20578 0.0327032 0.158069 0.0185368
8.16667 0.21219 0.0300159 0.163278 0.0167296
8.33333 0.182421 0.0252352 0.140826 0.0165801
8.5 0.182421 0.0252352 0.140826 0.0165801
8.66667 0.182421 0.0197552 0.140746 0.0102365
8.83333 0.20578 0.0345365 0.15815 0.0208193
9 0.18731 0.0334637 0.143668 0.0196373
9.16667 0.19372 0.0307636 0.148876 0.0177629
9.33333 0.1809 0.0370867 0.13854 0.022749
9.5 0.18731 0.0334637 0.143668 0.0196373
9.66667 0.173729 0.049044 0.132268 0.0318107
9.83333 0.168079 0.0434353 0.128123 0.0276959
10 0.168079 0.0434353 0.128123 0.0276959
11 0.114189 0.0282028 0.0871248 0.0179041
12 0.0644285 0.0360128 0.0479851 0.0251705
13 0.077249 0.0296956 0.0583216 0.0200859
14 0.0538896 0.0154281 0.0409983 0.00998963
15 0.0354194 0.0161886 0.0265967 0.0110921
16 0.0169492 0.0169492 0.0121951 0.0121951
17 0.0112994 0.0112994 0.00813008 0.00813008
18 0.0112994 0.0112994 0.00813008 0.00813008
19 0.0112994 0.0112994 0.00813008 0.00813008
20 0.0112994 0.0112994 0.00813008 0.00813008
21 0.0112994 0.0112994 0.00813008 0.00813008
22 0.0112994 0.0112994 0.00813008 0.00813008
23 0 0 0 0
24 0.00641026 0.00641026 0.00512821 0.00512821
25 0.00641026 0.00641026 0.00512821 0.00512821
26 0.00641026 0.00641026 0.00512821 0.00512821
27 0.00641026 0.00641026 0.00512821 0.00512821
28 0.00641026 0.00641026 0.00512821 0.00512821
29 0.00641026 0.00641026 0.00512821 0.00512821
30 0 0 0 0
31 0 0 0 0
32 0 0 0 0
33 0 0 0 0
34 0 0 0 0
35 0 0 0 0
36 0 0 0 0
37 0 0 0 0
38 0 0 0 0
39 0 0 0 0
40 0 0 0 0
41 0 0 0 0
42 0 0 0 0
43 0 0 0 0
44 0 0 0 0
45 0 0 0 0
46 0 0 0 0
47 0 0 0 0
48 0.00564972 0.00564972 0.00406504 0.00406504
49 0 0 0 0
50 0.00564972 0.00564972 0.00406504 0.00406504
51 0.00564972 0.00564972 0.00406504 0.00406504
52 0.00564972 0.00564972 0.00406504 0.00406504
53 0.00564972 0.00564972 0.00406504 0.00406504
54 0.00564972 0.00564972 0.00406504 0.00406504
55 0.00564972 0.00564972 0.00406504 0.00406504
56 0.00564972 0.00564972 0.00406504 0.00406504
57 0.00564972 0.00564972 0.00406504 0.00406504
58 0.00564972 0.00564972 0.00406504 0.00406504
59 0 0 0 0
60 0 0 0 0
70 0 0 0 0
80 0 0 0 0
90 0 0 0 0
100 0 0 0 0
110 0 0 0 0
120 0 0 0 0
130 0 0 0 0
140 0 0 0 0
150 0 0 0 0
160 0 0 0 0
170 0 0 0 0
180 0 0 0 0
190 0 0 0 0
200 0 0 0 0
210 0 0 0 0
220 0 0 0 0
230 0 0 0 0
240 0 0 0 0
250 0 0 0 0
260 0 0 0 0
270 0 0 0 0
280 0 0 0 0
290 0 0 0 0
300 0 0 0 0
310 0 0 0 0
320 0 0 0 0
330 0 0 0 0
340 0 0 0 0
350 0 0 0 0
360 0 0 0 0
370 0 0 0 0
380 0 0 0 0
390 0 0 0 0
400 0 0 0 0
410 0 0 0 0
420 0 0 0 0
430 0 0 0 0
440 0 0 0 0
450 0 0 0 0
460 0 0 0 0
470 0 0 0 0
480 0 0 0 0
490 0 0 0 0
500 0 0 0 0
510 0 0 0 0
520 0 0 0 0
530 0 0 0 0
540 0 0 0 0
550 0 0 0 0
560 0 0 0 0
570 0 0 0 0
580 0 0 0 0
590 0 0 0 0
600 0 0 0 0
610 0 0 0 0
620 0 0 0 0
630 0 0 0 0
640 0 0 0 0
650 0 0 0 0
660 0 0 0 0
670 0 0 0 0
680 0 0 0 0
690 0 0 0 0
700 0 0 0 0
710 0 0 0 0
720 0 0 0 0
730 0.00564972 0.00564972 0.00406504 0.00406504
740 0 0 0 0
750 0 0 0 0
760 0 0 0 0
770 0 0 0 0
780 0 0 0 0
790 0 0 0 0
800 0 0 0 0
810 0 0 0 0
820 0 0 0 0
830 0 0 0 0
840 0 0 0 0
850 0 0 0 0
860 0 0 0 0
870 0 0 0 0
880 0 0 0 0
890 0 0 0 0
900 0 0 0 0
910 0 0 0 0
920 0 0 0 0
930 0 0 0 0
940 0 0 0 0
950 0 0 0 0
960 0 0 0 0
970 0 0 0 0
980 0 0 0 0
990 0 0 0 0
1000 0 0 0 0
1010 0 0 0 0
1020 0 0 0 0
1030 0 0 0 0
1040 0 0 0 0
1050 0 0 0 0
1060 0 0 0 0
1070 0 0 0 0
1080 0 0 0 0
1090 0 0 0 0
1100 0 0 0 0
1110 0 0 0 0
1120 0 0 0 0
1130 0 0 0 0
1140 0 0 0 0
1150 0 0 0 0
1160 0 0 0 0
1170 0 0 0 0
1180 0 0 0 0
1190 0 0 0 0
1200 0 0 0 0
1210 0 0 0 0
1220 0 0 0 0
1230 0 0 0 0
1240 0 0 0 0
1250 0 0 0 0
1260 0 0 0 0
1270 0 0 0 0
1280 0 0 0 0
1290 0 0 0 0
1300 0 0 0 0
1310 0 0 0 0
1320 0 0 0 0
1330 0 0 0 0
1340 0 0 0 0
1350 0 0 0 0
1360 0 0 0 0
1370 0 0 0 0
1380 0 0 0 0
1390 0 0 0 0
1400 0 0 0 0
1410 0 0 0 0
1420 0 0 0 0
1430 0 0 0 0
1440 0 0 0 0


DSBSynaptic_Stable
0 0 0 0 0
0.0166667 0 0 0 0
0.0333333 0 0 0 0
0.05 0 0 0 0
0.0666667 0 0 0 0
0.0833333 0 0 0 0
0.1 0.00813008 0.00813008 0.00512821 0.00512821
0.116667 0.00813008 0.00813008 0.00512821 0.00512821
0.133333 0.016902 0.00846927 0.0103365 0.00516874
0.15 0.016902 0.00846927 0.0103365 0.00516874
0.166667 0.016902 0.00846927 0.0103365 0.00516874
0.183333 0.0250321 0.0140963 0.0154647 0.00888267
0.2 0.0329686 0.00793898 0.0195298 0.00570628
0.216667 0.0329686 0.00793898 0.0195298 0.00570628
0.233333 0.0410987 0.0160523 0.024658 0.0107934
0.25 0.0490352 0.0135444 0.028723 0.00907528
0.266667 0.0649082 0.0203205 0.0368531 0.0106411
0.283333 0.0728447 0.0267699 0.0409182 0.0133508
0.3 0.0728447 0.0267699 0.0409182 0.0133508
0.316667 0.0728447 0.0267699 0.0409182 0.0133508
0.333333 0.0728447 0.0267699 0.0409182 0.0133508
0.35 0.0728447 0.0267699 0.0409182 0.0133508
0.366667 0.0728447 0.0267699 0.0409182 0.0133508
0.383333 0.0728447 0.0267699 0.0409182 0.0133508
0.4 0.0903886 0.0144262 0.0513348 0.00482489
0.416667 0.0903886 0.0144262 0.0513348 0.00482489
0.433333 0.0903886 0.0144262 0.0513348 0.00482489
0.45 0.0903886 0.0144262 0.0513348 0.00482489
0.466667 0.0903886 0.0144262 0.0513348 0.00482489
0.483333 0.0903886 0.0144262 0.0513348 0.00482489
0.5 0.0903886 0.0144262 0.0513348 0.00482489
0.516667 0.106455 0.0189776 0.0605281 0.00760772
0.533333 0.114392 0.0266841 0.0645931 0.0112158
0.55 0.114392 0.0266841 0.0645931 0.0112158
0.566667 0.122328 0.0344951 0.0686581 0.0150586
0.583333 0.122328 0.0344951 0.0686581 0.0150586
0.6 0.122328 0.0344951 0.0686581 0.0150586
0.616667 0.122328 0.0344951 0.0686581 0.0150586
0.633333 0.122328 0.0344951 0.0686581 0.0150586
0.65 0.122328 0.0344951 0.0686581 0.0150586
0.666667 0.139872 0.0271409 0.0790748 0.0104096
0.683333 0.15658 0.0337019 0.0883482 0.0141789
0.7 0.164711 0.0268716 0.0934764 0.00947906
0.716667 0.164711 0.0268716 0.0934764 0.00947906
0.733333 0.172841 0.0209892 0.0986046 0.00559127
0.75 0.172841 0.0209892 0.0986046 0.00559127
0.766667 0.172841 0.0209892 0.0986046 0.00559127
0.783333 0.180777 0.0288525 0.10267 0.00964978
0.8 0.180777 0.0288525 0.10267 0.00964978
0.816667 0.180777 0.0288525 0.10267 0.00964978
0.833333 0.180777 0.0288525 0.10267 0.00964978
0.85 0.189549 0.0266212 0.107878 0.00859002
0.866667 0.198321 0.027181 0.113086 0.0104265
0.883333 0.198321 0.027181 0.113086 0.0104265
0.9 0.214581 0.0125699 0.123343 0.000890084
0.916667 0.214581 0.0125699 0.123343 0.000890084
0.933333 0.214581 0.0125699 0.123343 0.000890084
0.95 0.214581 0.0125699 0.123343 0.000890084
0.966667 0.224189 0.0202548 0.129694 0.0138235
0.983333 0.224189 0.0202548 0.129694 0.0138235
1 0.224189 0.0202548 0.129694 0.0138235
1.16667 0.297869 0.0148982 0.171756 0.0084558
1.33333 0.365731 0.0448599 0.211056 0.027289
1.5 0.391212 0.0600667 0.225537 0.0357975
1.66667 0.456762 0.0617282 0.262471 0.0338437
1.83333 0.45612 0.047396 0.262391 0.0253399
2 0.488253 0.0368166 0.280777 0.0159809
2.16667 0.529545 0.0120202 0.306498 0.0191583
2.33333 0.555219 0.0252922 0.322043 0.0275449
2.5 0.554384 0.012688 0.3209 0.0202636
2.66667 0.594841 0.0197723 0.345478 0.0309918
2.83333 0.618844 0.0229757 0.358736 0.0293526
3 0.65329 0.0185835 0.379489 0.0332902
3.16667 0.654125 0.0294459 0.380632 0.0385329
3.33333 0.6869 0.022041 0.399099 0.0356119
3.5 0.711932 0.034982 0.414564 0.0441401
3.66667 0.728192 0.0469709 0.42482 0.0518953
3.83333 0.769098 0.0472002 0.448415 0.0534
4 0.777228 0.0546026 0.453543 0.0577896
4.16667 0.744901 0.0409291 0.434094 0.0489205
4.33333 0.752837 0.0334257 0.438159 0.045091
4.5 0.770381 0.0400765 0.448575 0.0479333
4.66667 0.762445 0.0479925 0.44451 0.0519612
4.83333 0.779347 0.0564618 0.454847 0.0570817
5 0.771217 0.0533682 0.449719 0.0541731
5.16667 0.779347 0.0564618 0.454847 0.0570817
5.33333 0.787283 0.0485452 0.458912 0.0530466
5.5 0.779153 0.0456223 0.453784 0.0501118
5.66667 0.803992 0.0462551 0.468185 0.051211
5.83333 0.812122 0.0491033 0.473313 0.0541328
6 0.829666 0.0608821 0.48373 0.0589882
6.16667 0.855146 0.0680127 0.498212 0.0611628
6.33333 0.871406 0.0697563 0.508468 0.0652602
6.5 0.854504 0.0615483 0.498132 0.0600934
6.66667 0.863276 0.0684086 0.50334 0.0630364
6.83333 0.879343 0.0622166 0.512533 0.0611985
7 0.879343 0.0622166 0.512533 0.0611985
7.16667 0.879343 0.0622166 0.512533 0.0611985
7.33333 0.903346 0.048822 0.525792 0.0556103
7.5 0.895409 0.0564907 0.521726 0.0596731
7.66667 0.888308 0.0780202 0.518805 0.0704274
7.83333 0.904181 0.0628869 0.526935 0.0623037
8 0.902897 0.0591561 0.526775 0.0640148
8.16667 0.894126 0.0564472 0.521566 0.0627611
8.33333 0.90142 0.0550872 0.525551 0.0624579
8.5 0.90142 0.0550872 0.525551 0.0624579
8.66667 0.90142 0.0550872 0.525551 0.0624579
8.83333 0.892648 0.0563043 0.520343 0.0624374
9 0.884518 0.0486158 0.515215 0.057952
9.16667 0.876582 0.0549697 0.51115 0.0615128
9.33333 0.885354 0.0550185 0.516358 0.0619214
9.5 0.885354 0.0550185 0.516358 0.0619214
9.66667 0.893484 0.0618621 0.521486 0.0660938
9.83333 0.910192 0.0552532 0.530759 0.062911
10 0.884712 0.0623929 0.516278 0.0659141
11 0.949875 0.0251565 0.551085 0.0448401
12 0.939238 0.0490743 0.542527 0.0365987
13 0.898527 0.0418821 0.519995 0.0400825
14 0.888278 0.0760141 0.513563 0.0529413
15 0.832335 0.0548468 0.482982 0.0509102
16 0.84885 0.0432926 0.491192 0.0390234
17 0.831948 0.0475602 0.480855 0.0367097
18 0.764727 0.0665843 0.441635 0.0433824
19 0.732594 0.0505299 0.423249 0.0354263
20 0.6842 0.0307552 0.394606 0.018103
21 0.643102 0.0356157 0.369948 0.0075684
22 0.602003 0.0458958 0.34529 0.00445406
23 0.569676 0.0588566 0.32584 0.0167793
24 0.536708 0.0663617 0.306311 0.0223885
25 0.511869 0.0664437 0.291909 0.0229156
26 0.46968 0.05348 0.268154 0.0134912
27 0.453807 0.0386912 0.260024 0.00697762
28 0.429611 0.0466189 0.245702 0.0154064
29 0.405608 0.0442908 0.232444 0.0189479
30 0.379292 0.0394364 0.216819 0.00920389
31 0.371355 0.0322202 0.212754 0.00638083
32 0.363225 0.0393136 0.207626 0.0115073
33 0.347159 0.0408045 0.198433 0.0149693
34 0.339222 0.0356487 0.194368 0.0142999
35 0.331286 0.0316642 0.190303 0.014763
36 0.314384 0.0355069 0.179966 0.0143024
37 0.297675 0.0273592 0.170693 0.00971505
38 0.272195 0.0194747 0.156211 0.00135415
39 0.23942 0.0123054 0.137744 0.0019043
40 0.23942 0.0123054 0.137744 0.0019043
41 0.23129 0.0194774 0.132616 0.00512315
42 0.215223 0.0222486 0.123423 0.00953528
43 0.199156 0.0271984 0.11423 0.0141262
44 0.182254 0.0301711 0.103893 0.0141848
45 0.166188 0.0347982 0.0946998 0.0183755
46 0.166188 0.0347982 0.0946998 0.0183755
47 0.166188 0.0347982 0.0946998 0.0183755
48 0.158251 0.0328806 0.0906348 0.0185082
49 0.149479 0.0264486 0.0854264 0.0138093
50 0.124834 0.0176556 0.072088 0.0108322
51 0.116704 0.0244858 0.0669598 0.0140618
52 0.116704 0.0244858 0.0669598 0.0140618
53 0.107932 0.0177533 0.0617515 0.00923743
54 0.0991605 0.0135905 0.0565432 0.00521326
55 0.0991605 0.0135905 0.0565432 0.00521326
56 0.0991605 0.0135905 0.0565432 0.00521326
57 0.0991605 0.0135905 0.0565432 0.00521326
58 0.0991605 0.0135905 0.0565432 0.00521326
59 0.107097 0.0201376 0.0606082 0.00785625
60 0.107097 0.0201376 0.0606082 0.00785625
70 0.0503189 0.015807 0.0288833 0.00936397
80 0.00877193 0.00877193 0.00520833 0.00520833
90 0 0 0 0
100 0 0 0 0
110 0.00877193 0.00877193 0.00520833 0.00520833
120 0.00877193 0.00877193 0.00520833 0.00520833
130 0.00877193 0.00877193 0.00520833 0.00520833
140 0 0 0 0
150 0.00793651 0.00793651 0.00406504 0.00406504
160 0.00793651 0.00793651 0.00406504 0.00406504
170 0.00793651 0.00793651 0.00406504 0.00406504
180 0 0 0 0
190 0 0 0 0
200 0 0 0 0
210 0 0 0 0
220 0.00877193 0.00877193 0.00520833 0.00520833
230 0 0 0 0
240 0 0 0 0
250 0 0 0 0
260 0 0 0 0
270 0 0 0 0
280 0.00793651 0.00793651 0.00406504 0.00406504
290 0 0 0 0
300 0 0 0 0
310 0 0 0 0
320 0 0 0 0
330 0 0 0 0
340 0 0 0 0
350 0 0 0 0
360 0 0 0 0
370 0 0 0 0
380 0 0 0 0
390 0 0 0 0
400 0 0 0 0
410 0 0 0 0
420 0 0 0 0
430 0 0 0 0
440 0 0 0 0
450 0 0 0 0
460 0 0 0 0
470 0 0 0 0
480 0 0 0 0
490 0 0 0 0
500 0 0 0 0
510 0 0 0 0
520 0 0 0 0
530 0 0 0 0
540 0 0 0 0
550 0 0 0 0
560 0 0 0 0
570 0 0 0 0
580 0 0 0 0
590 0 0 0 0
600 0 0 0 0
610 0 0 0 0
620 0 0 0 0
630 0 0 0 0
640 0 0 0 0
650 0 0 0 0
660 0 0 0 0
670 0 0 0 0
680 0 0 0 0
690 0 0 0 0
700 0 0 0 0
710 0 0 0 0
720 0 0 0 0
730 0 0 0 0
740 0.00793651 0.00793651 0.00406504 0.00406504
750 0.00793651 0.00793651 0.00406504 0.00406504
760 0 0 0 0
770 0 0 0 0
780 0 0 0 0
790 0 0 0 0
800 0 0 0 0
810 0 0 0 0
820 0 0 0 0
830 0 0 0 0
840 0 0 0 0
850 0 0 0 0
860 0 0 0 0
870 0 0 0 0
880 0 0 0 0
890 0 0 0 0
900 0 0 0 0
910 0 0 0 0
920 0 0 0 0
930 0 0 0 0
940 0 0 0 0
950 0 0 0 0
960 0 0 0 0
970 0 0 0 0
980 0 0 0 0
990 0 0 0 0
1000 0 0 0 0
1010 0 0 0 0
1020 0 0 0 0
1030 0 0 0 0
1040 0 0 0 0
1050 0 0 0 0
1060 0 0 0 0
1070 0 0 0 0
1080 0 0 0 0
1090 0 0 0 0
1100 0 0 0 0
1110 0 0 0 0
1120 0 0 0 0
1130 0 0 0 0
1140 0 0 0 0
1150 0 0 0 0
1160 0 0 0 0
1170 0 0 0 0
1180 0 0 0 0
1190 0 0 0 0
1200 0 0 0 0
1210 0 0 0 0
1220 0 0 0 0
1230 0 0 0 0
1240 0 0 0 0
1250 0 0 0 0
1260 0 0 0 0
1270 0 0 0 0
1280 0 0 0 0
1290 0 0 0 0
1300 0 0 0 0
1310 0 0 0 0
1320 0 0 0 0
1330 0 0 0 0
1340 0 0 0 0
1350 0 0 0 0
1360 0 0 0 0
1370 0 0 0 0
1380 0 0 0 0
1390 0 0 0 0
1400 0 0 0 0
1410 0 0 0 0
1420 0 0 0 0
1430 0 0 0 0
1440 0 0 0 0


DSB_Residual
0 1 0 1 0
0.0166667 1 0 1 0
0.0333333 1 0 1 0
0.05 1 0 1 0
0.0666667 1 0 1 0
0.0833333 1 0 1 0
0.1 1 0 1 0
0.116667 1 0 1 0
0.133333 1 0 1 0
0.15 1 0 1 0
0.166667 1 0 1 0
0.183333 1 0 1 0
0.2 1 0 1 0
0.216667 1 0 1 0
0.233333 1 0 1 0
0.25 1 0 1 0
0.266667 1 0 1 0
0.283333 1 0 1 0
0.3 1 0 1 0
0.316667 1 0 1 0
0.333333 1 0 1 0
0.35 1 0 1 0
0.366667 1 0 1 0
0.383333 1 0 1 0
0.4 1 0 1 0
0.416667 1 0 1 0
0.433333 1 0 1 0
0.45 1 0 1 0
0.466667 1 0 1 0
0.483333 1 0 1 0
0.5 1 0 1 0
0.516667 1 0 1 0
0.533333 1 0 1 0
0.55 1 0 1 0
0.566667 1 0 1 0
0.583333 1 0 1 0
0.6 1 0 1 0
0.616667 1 0 1 0
0.633333 1 0 1 0
0.65 1 0 1 0
0.666667 1 0 1 0
0.683333 1 0 1 0
0.7 1 0 1 0
0.716667 1 0 1 0
0.733333 1 0 1 0
0.75 1 0 1 0
0.766667 1 0 1 0
0.783333 1 0 1 0
0.8 1 0 1 0
0.816667 1 0 1 0
0.833333 1 0 1 0
0.85 1 0 1 0
0.866667 1 0 1 0
0.883333 1 0 1 0
0.9 1 0 1 0
0.916667 1 0 1 0
0.933333 1 0 1 0
0.95 1 0 1 0
0.966667 0.995305 0.00469484 0.995935 0.00406504
0.983333 0.995305 0.00469484 0.995935 0.00406504
1 0.995305 0.00469484 0.995935 0.00406504
1.16667 0.99061 0.00938967 0.99187 0.00813008
1.33333 0.985915 0.0140845 0.987805 0.0121951
1.5 0.981221 0.0187793 0.98374 0.0162602
1.66667 0.981221 0.0187793 0.98374 0.0162602
1.83333 0.969726 0.016399 0.973323 0.0142662
2 0.969726 0.016399 0.973323 0.0142662
2.16667 0.965032 0.0203307 0.969258 0.017604
2.33333 0.965032 0.0203307 0.969258 0.017604
2.5 0.959284 0.0210612 0.96405 0.0184302
2.66667 0.959284 0.0210612 0.96405 0.0184302
2.83333 0.959284 0.0210612 0.96405 0.0184302
3 0.949895 0.0284724 0.95592 0.0246826
3.16667 0.9452 0.0325631 0.951855 0.0281706
3.33333 0.9452 0.0325631 0.951855 0.0281706
3.5 0.9452 0.0325631 0.951855 0.0281706
3.66667 0.940505 0.0367983 0.94779 0.031796
3.83333 0.940505 0.0367983 0.94779 0.031796
4 0.940505 0.0367983 0.94779 0.031796
4.16667 0.918569 0.029707 0.92834 0.0251465
4.33333 0.912822 0.0272911 0.923132 0.02303
4.5 0.912822 0.0272911 0.923132 0.02303
4.66667 0.90238 0.0286547 0.913938 0.024044
4.83333 0.897685 0.0333495 0.909873 0.0281088
5 0.891938 0.0308797 0.904745 0.0258804
5.16667 0.891938 0.0308797 0.904745 0.0258804
5.33333 0.891938 0.0308797 0.904745 0.0258804
5.5 0.886191 0.0293425 0.899617 0.0245374
5.66667 0.886191 0.0293425 0.899617 0.0245374
5.83333 0.886191 0.0293425 0.899617 0.0245374
6 0.875749 0.0298417 0.890344 0.0247806
6.16667 0.875749 0.0298417 0.890344 0.0247806
6.33333 0.870002 0.0265501 0.885135 0.0218399
6.5 0.858507 0.020803 0.874799 0.0166747
6.66667 0.85276 0.0186074 0.86959 0.0149246
6.83333 0.85276 0.0186074 0.86959 0.0149246
7 0.85276 0.0186074 0.86959 0.0149246
7.16667 0.848065 0.0231653 0.865525 0.0188044
7.33333 0.848065 0.0231653 0.865525 0.0188044
7.5 0.843371 0.0277688 0.86146 0.022749
7.66667 0.833981 0.0370446 0.85333 0.0307325
7.83333 0.833981 0.0370446 0.85333 0.0307325
8 0.822487 0.034374 0.842914 0.0287622
8.16667 0.81674 0.0344281 0.837705 0.0291554
8.33333 0.810992 0.035427 0.832497 0.0304477
8.5 0.810992 0.035427 0.832497 0.0304477
8.66667 0.810992 0.035427 0.832497 0.0304477
8.83333 0.805245 0.0372949 0.827289 0.0325321
9 0.793751 0.0341636 0.816952 0.0301666
9.16667 0.789056 0.0366743 0.812887 0.0320188
9.33333 0.789056 0.0366743 0.812887 0.0320188
9.5 0.789056 0.0366743 0.812887 0.0320188
9.66667 0.789056 0.0366743 0.812887 0.0320188
9.83333 0.789056 0.0366743 0.812887 0.0320188
10 0.772867 0.0446646 0.798405 0.0396125
11 0.761373 0.0331924 0.788149 0.0294793
12 0.709649 0.0462156 0.741514 0.0436036
13 0.68407 0.0448971 0.718983 0.0420506
14 0.662134 0.0601302 0.699293 0.0560179
15 0.615671 0.050024 0.658374 0.0462852
16 0.604177 0.0398239 0.648118 0.0377639
17 0.592683 0.0403404 0.637781 0.0388827
18 0.54881 0.0517927 0.598562 0.0499112
19 0.527926 0.041226 0.580175 0.0405439
20 0.495548 0.0236627 0.551532 0.0261837
21 0.467865 0.0219729 0.526874 0.0257033
22 0.440181 0.0263882 0.502216 0.0294743
23 0.408855 0.0257056 0.474636 0.0271859
24 0.386919 0.0318416 0.455107 0.0324031
25 0.37073 0.0326695 0.440705 0.0333472
26 0.344099 0.0256216 0.41695 0.0293811
27 0.334709 0.0165119 0.40882 0.0212706
28 0.31852 0.0224736 0.394499 0.024665
29 0.303384 0.0224061 0.38124 0.0224842
30 0.280395 0.0239418 0.360487 0.0277235
31 0.2757 0.0197686 0.356422 0.0237699
32 0.269953 0.0249213 0.351294 0.0276099
33 0.259511 0.026928 0.342101 0.0282838
34 0.254816 0.0240188 0.338035 0.0249157
35 0.250121 0.0217435 0.33397 0.0217867
36 0.238627 0.024623 0.323634 0.0257701
37 0.228185 0.0195813 0.314361 0.0221711
38 0.211996 0.0145951 0.299879 0.0208298
39 0.191112 0.0112398 0.281412 0.0178695
40 0.191112 0.0112398 0.281412 0.0178695
41 0.185365 0.0163347 0.276284 0.021155
42 0.174923 0.0186233 0.267091 0.0214059
43 0.164481 0.0219774 0.257898 0.0226461
44 0.152987 0.0249606 0.247561 0.026783
45 0.142545 0.0281861 0.238368 0.0282805
46 0.142545 0.0281861 0.238368 0.0282805
47 0.142545 0.0281861 0.238368 0.0282805
48 0.13785 0.0263103 0.234303 0.0253987
49 0.132103 0.0229481 0.229094 0.0242994
50 0.116966 0.0157141 0.215756 0.01718
51 0.111219 0.0213714 0.210628 0.0219351
52 0.111219 0.0213714 0.210628 0.0219351
53 0.105472 0.0183371 0.205419 0.0215864
54 0.0997248 0.0167875 0.200211 0.0224733
55 0.0997248 0.0167875 0.200211 0.0224733
56 0.0997248 0.0167875 0.200211 0.0224733
57 0.0997248 0.0167875 0.200211 0.0224733
58 0.0997248 0.0167875 0.200211 0.0224733
59 0.0997248 0.0167875 0.200211 0.0224733
60 0.0997248 0.0167875 0.200211 0.0224733
70 0.0637041 0.0153047 0.168486 0.016444
80 0.037073 0.0102858 0.144811 0.0139151
90 0.0313259 0.0073909 0.139603 0.0155743
100 0.0313259 0.0073909 0.139603 0.0155743
110 0.0313259 0.0073909 0.139603 0.0155743
120 0.0313259 0.0073909 0.139603 0.0155743
130 0.0313259 0.0073909 0.139603 0.0155743
140 0.0255788 0.00833738 0.134395 0.0185942
150 0.0255788 0.00833738 0.134395 0.0185942
160 0.0255788 0.00833738 0.134395 0.0185942
170 0.0255788 0.00833738 0.134395 0.0185942
180 0.0208839 0.00364254 0.13033 0.0146477
190 0.0208839 0.00364254 0.13033 0.0146477
200 0.0208839 0.00364254 0.13033 0.0146477
210 0.0208839 0.00364254 0.13033 0.0146477
220 0.0208839 0.00364254 0.13033 0.0146477
230 0.0151368 0.0081995 0.125121 0.0187302
240 0.0151368 0.0081995 0.125121 0.0187302
250 0.0151368 0.0081995 0.125121 0.0187302
260 0.00938967 0.00938967 0.119993 0.0196876
270 0.00938967 0.00938967 0.119993 0.0196876
280 0.00938967 0.00938967 0.119993 0.0196876
290 0.00469484 0.00469484 0.115928 0.0157304
300 0.00469484 0.00469484 0.115928 0.0157304
310 0.00469484 0.00469484 0.115928 0.0157304
320 0.00469484 0.00469484 0.115928 0.0157304
330 0.00469484 0.00469484 0.115928 0.0157304
340 0.00469484 0.00469484 0.115928 0.0157304
350 0.00469484 0.00469484 0.115928 0.0157304
360 0.00469484 0.00469484 0.115928 0.0157304
370 0.00469484 0.00469484 0.115928 0.0157304
380 0.00469484 0.00469484 0.115928 0.0157304
390 0.00469484 0.00469484 0.115928 0.0157304
400 0.00469484 0.00469484 0.115928 0.0157304
410 0.00469484 0.00469484 0.115928 0.0157304
420 0.00469484 0.00469484 0.115928 0.0157304
430 0.00469484 0.00469484 0.115928 0.0157304
440 0.00469484 0.00469484 0.115928 0.0157304
450 0.00469484 0.00469484 0.115928 0.0157304
460 0.00469484 0.00469484 0.115928 0.0157304
470 0.00469484 0.00469484 0.115928 0.0157304
480 0.00469484 0.00469484 0.115928 0.0157304
490 0.00469484 0.00469484 0.115928 0.0157304
500 0.00469484 0.00469484 0.115928 0.0157304
510 0.00469484 0.00469484 0.115928 0.0157304
520 0.00469484 0.00469484 0.115928 0.0157304
530 0.00469484 0.00469484 0.115928 0.0157304
540 0.00469484 0.00469484 0.115928 0.0157304
550 0.00469484 0.00469484 0.115928 0.0157304
560 0.00469484 0.00469484 0.115928 0.0157304
570 0.00469484 0.00469484 0.115928 0.0157304
580 0.00469484 0.00469484 0.115928 0.0157304
590 0.00469484 0.00469484 0.115928 0.0157304
600 0.00469484 0.00469484 0.115928 0.0157304
610 0.00469484 0.00469484 0.115928 0.0157304
620 0.00469484 0.00469484 0.115928 0.0157304
630 0.00469484 0.00469484 0.115928 0.0157304
640 0.00469484 0.00469484 0.115928 0.0157304
650 0.00469484 0.00469484 0.115928 0.0157304
660 0.00469484 0.00469484 0.115928 0.0157304
670 0.00469484 0.00469484 0.115928 0.0157304
680 0.00469484 0.00469484 0.115928 0.0157304
690 0.00469484 0.00469484 0.115928 0.0157304
700 0.00469484 0.00469484 0.115928 0.0157304
710 0.00469484 0.00469484 0.115928 0.0157304
720 0.00469484 0.00469484 0.115928 0.0157304
730 0.00469484 0.00469484 0.115928 0.0157304
740 0.00469484 0.00469484 0.115928 0.0157304
750 0.00469484 0.00469484 0.115928 0.0157304
760 0 0 0.111863 0.0118464
770 0 0 0.111863 0.0118464
780 0 0 0.111863 0.0118464
790 0 0 0.111863 0.0118464
800 0 0 0.111863 0.0118464
810 0 0 0.111863 0.0118464
820 0 0 0.111863 0.0118464
830 0 0 0.111863 0.0118464
840 0 0 0.111863 0.0118464
850 0 0 0.111863 0.0118464
860 0 0 0.111863 0.0118464
870 0 0 0.111863 0.0118464
880 0 0 0.111863 0.0118464
890 0 0 0.111863 0.0118464
900 0 0 0.111863 0.0118464
910 0 0 0.111863 0.0118464
920 0 0 0.111863 0.0118464
930 0 0 0.111863 0.0118464
940 0 0 0.111863 0.0118464
950 0 0 0.111863 0.0118464
960 0 0 0.111863 0.0118464
970 0 0 0.111863 0.0118464
980 0 0 0.111863 0.0118464
990 0 0 0.111863 0.0118464
1000 0 0 0.111863 0.0118464
1010 0 0 0.111863 0.0118464
1020 0 0 0.111863 0.0118464
1030 0 0 0.111863 0.0118464
1040 0 0 0.111863 0.0118464
1050 0 0 0.111863 0.0118464
1060 0 0 0.111863 0.0118464
1070 0 0 0.111863 0.0118464
1080 0 0 0.111863 0.0118464
1090 0 0 0.111863 0.0118464
1100 0 0 0.111863 0.0118464
1110 0 0 0.111863 0.0118464
1120 0 0 0.111863 0.0118464
1130 0 0 0.111863 0.0118464
1140 0 0 0.111863 0.0118464
1150 0 0 0.111863 0.0118464
1160 0 0 0.111863 0.0118464
1170 0 0 0.111863 0.0118464
1180 0 0 0.111863 0.0118464
1190 0 0 0.111863 0.0118464
1200 0 0 0.111863 0.0118464
1210 0 0 0.111863 0.0118464
1220 0 0 0.111863 0.0118464
1230 0 0 0.111863 0.0118464
1240 0 0 0.111863 0.0118464
1250 0 0 0.111863 0.0118464
1260 0 0 0.111863 0.0118464
1270 0 0 0.111863 0.0118464
1280 0 0 0.111863 0.0118464
1290 0 0 0.111863 0.0118464
1300 0 0 0.111863 0.0118464
1310 0 0 0.111863 0.0118464
1320 0 0 0.111863 0.0118464
1330 0 0 0.111863 0.0118464
1340 0 0 0.111863 0.0118464
1350 0 0 0.111863 0.0118464
1360 0 0 0.111863 0.0118464
1370 0 0 0.111863 0.0118464
1380 0 0 0.111863 0.0118464
1390 0 0 0.111863 0.0118464
1400 0 0 0.111863 0.0118464
1410 0 0 0.111863 0.0118464
1420 0 0 0.111863 0.0118464
1430 0 0 0.111863 0.0118464
1440 0 0 0.111863 0.0118464


Time || Bleached_RelInit SEM_RelInit
1 0 0.0869767
2 0 0.0988989
3 0 0.0915296
4 0 0.0970153
5 0.0139364 0.0884901
6 0.0465464 0.0846532
7 0.0804544 0.0915716
8 0.11418 0.0965813
9 0.128026 0.0984503
10 0.132641 0.0873086
11 0.144285 0.097623
12 0.166549 0.107308
13 0.166549 0.107308
14 0.166549 0.100069
15 0.166549 0.103064
16 0.175779 0.11591
17 0.18501 0.127279
18 0.19424 0.126443
19 0.19424 0.136636
20 0.208085 0.121322
21 0.212701 0.110319
22 0.212701 0.107757
23 0.212701 0.107757
24 0.217316 0.107964
25 0.223138 0.0874843
26 0.255748 0.111465
27 0.2708 0.108693
28 0.27783 0.129138
29 0.282536 0.126381
30 0.29418 0.128333
40 0.367605 0.0861327
50 0.478651 0.115702
60 0.539832 0.152145
70 0.578628 0.142738
80 0.617061 0.114264
90 0.669156 0.146665
100 0.711087 0.121634
110 0.759145 0.142445
120 0.781045 0.149037
130 0.849582 0.163231
140 0.870547 0.136598
150 0.869917 0.140123
160 0.913056 0.136513
170 0.926089 0.137415
180 0.951579 0.153339
190 0.930704 0.171518
200 0.946151 0.157251
210 0.970434 0.175574
220 0.974601 0.169543
230 1 0.157786
240 0.994269 0.156834
250 0.972096 0.16538
260 0.973394 0.172375
270 0.978009 0.168214
280 0.960361 0.174981
290 0.97098 0.166488
300 0.96386 0.167658
310 0.99294 0.17533
320 0.992667 0.17629
330 0.974297 0.177231
340 0.960239 0.185229
350 0.972999 0.193072
360 0.94823 0.187764
370 0.930673 0.211292
380 0.94111 0.198159
390 0.986572 0.200012
400 0.971337 0.199381
410 0.971337 0.186227
420 0.964794 0.186744
430 0.970707 0.206893
440 0.958881 0.190397
450 0.946964 0.193819
460 0.94105 0.19172
470 0.903734 0.192352
480 0.914172 0.193122
490 0.918696 0.191722
500 0.917398 0.191152
510 0.87287 0.183053
520 0.875467 0.18799
530 0.874259 0.19207
540 0.875467 0.189635
550 0.868346 0.203078
560 0.869553 0.194178
570 0.826142 0.199195
630 0.82391 0.158136
690 0.722634 0.151479
750 0.671473 0.153226
810 0.626763 0.168937
870 0.533853 0.167934
930 0.510564 0.148972
990 0.482478 0.145454
1050 0.398039 0.15572
1110 0.356289 0.144969
1170 0.291251 0.127416
1230 0.235261 0.121822
1290 0.179272 0.121027
1350 0.110826 0.125804
1410 0.0723025 0.131656
1470 0.0396015 0.132122
1530 0 0.125249
1590 0 0.122474
1650 0 0.126383
1710 0 0.128841
1770 0 0.122679
1830 0 0.121751
1890 0 0.123677
1950 0 0.125573
2010 0 0.12517
2070 0 0.125447
2130 0 0.125172
2190 0 0.122882
2250 0 0.120924
2310 0 0.120963
2370 0 0.120963
2430 0 0.121444
2490 0 0.122809
2550 0 0.125068
2610 0 0.125103
2670 0 0.127884
2730 0 0.127884
2790 0 0.127884
2850 0 0.125407
2910 0 0.122316
2970 0 0.119669
3030 0 0.121389
3090 0 0.121389
3150 0 0.118978
3210 0 0.117711
3270 0 0.117711
3330 0 0.117711
3390 0 0.117711
3450 0 0.117711
3510 0 0.118105
3570 0 0.118105
4170 0 0.11867
4770 0 0.117347
5370 0 0.11675
5970 0 0.11675
6570 0 0.119593
7170 0 0.119593
7770 0 0.119593
8370 0 0.119006
8970 0 0.116496
9570 0 0.116496
10170 0 0.116496
10770 0 0.11613
11370 0 0.11613
11970 0 0.11613
12570 0 0.11613
13170 0 0.119702
13770 0 0.119116
14370 0 0.119116
14970 0 0.119116
15570 0 0.11991
16170 0 0.11991
16770 0 0.117222
17370 0 0.116858
17970 0 0.116858
18570 0 0.116858
19170 0 0.116858
19770 0 0.116858
20370 0 0.116858
20970 0 0.116858
21570 0 0.116858
22170 0 0.116858
22770 0 0.116858
23370 0 0.116858
23970 0 0.116858
24570 0 0.116858
25170 0 0.116858
25770 0 0.116858
26370 0 0.116858
26970 0 0.116858
27570 0 0.116858
28170 0 0.116858
28770 0 0.116858
29370 0 0.116858
29970 0 0.116858
30570 0 0.116858
31170 0 0.116858
31770 0 0.116858
32370 0 0.116858
32970 0 0.116858
33570 0 0.116858
34170 0 0.116858
34770 0 0.116858
35370 0 0.116858
35970 0 0.116858
36570 0 0.116858
37170 0 0.116858
37770 0 0.116858
38370 0 0.116858
38970 0 0.116858
39570 0 0.116858
40170 0 0.116858
40770 0 0.116858
41370 0 0.116858
41970 0 0.116858
42570 0 0.116858
43170 0 0.116858
43770 0 0.114516
44370 0 0.114516
44970 0 0.114516
45570 0 0.114144
46170 0 0.114144
46770 0 0.114144
47370 0 0.114144
47970 0 0.114144
48570 0 0.114144
49170 0 0.114144
49770 0 0.114144
50370 0 0.114144
50970 0 0.114144
51570 0 0.114144
52170 0 0.114144
52770 0 0.114144
53370 0 0.114144
53970 0 0.114144
54570 0 0.114144
55170 0 0.114144
55770 0 0.114144
56370 0 0.114144
56970 0 0.114144
57570 0 0.114144
58170 0 0.114144
58770 0 0.114144
59370 0 0.114144
59970 0 0.114144
60570 0 0.114144
61170 0 0.114144
61770 0 0.114144
62370 0 0.114144
62970 0 0.114144
63570 0 0.114144
64170 0 0.114144
64770 0 0.114144
65370 0 0.114144
65970 0 0.114144
66570 0 0.114144
67170 0 0.114144
67770 0 0.114144
68370 0 0.114144
68970 0 0.114144
69570 0 0.114144
70170 0 0.114144
70770 0 0.114144
71370 0 0.114144
71970 0 0.114144
72570 0 0.114144
73170 0 0.114144
73770 0 0.114144
74370 0 0.114144
74970 0 0.114144
75570 0 0.114144
76170 0 0.114144
76770 0 0.114144
77370 0 0.114144
77970 0 0.114144
78570 0 0.114144
79170 0 0.114144
79770 0 0.114144
80370 0 0.114144
80970 0 0.114144
81570 0 0.114144
82170 0 0.114144
82770 0 0.114144
83370 0 0.114144
83970 0 0.114144
84570 0 0.114144
85170 0 0.114144
85770 0 0.114144
86370 0 0.114144


Original_Seperation_of_Misrepair
# Separation (nm) | Normalised Frequency
36.4 0.333333
80.6 1


Time_of_Misrepair_Interactions
# Time of Interaction (s) | Normalised Frequency
2.00001 1
5.00002 1
18.0001 1
31.0001 1
931.004 1


MSD_of_DSB
# Time (s) | MSD


Displacement_at_End
# Displacement (nm) | Normalised Frequency
52 0.125
67.6 0.25
93.6 0.125
96.2 0.125
104 0.125
109.2 0.125
111.8 0.25
127.4 0.25
145.6 0.25
166.4 0.25
174.2 0.25
179.4 0.5
187.2 0.25
197.6 0.125
210.6 0.25
215.8 0.5
226.2 0.25
231.4 0.5
241.8 0.5
244.4 0.25
252.2 0.25
267.8 0.25
278.2 0.25
288.6 0.25
293.8 0.375
299 0.5
306.8 0.25
309.4 0.25
322.4 0.25
332.8 0.375
345.8 0.25
353.6 0.5
361.4 0.25
371.8 0.25
377 0.5
387.4 0.25
392.6 0.25
400.4 0.25
408.2 0.125
410.8 0.25
416 0.25
421.2 0.25
436.8 0.25
452.4 0.5
468 0.25
478.4 0.5
481 0.25
483.6 0.75
486.2 0.125
488.8 0.25
499.2 0.125
507 0.25
514.8 0.375
517.4 0.25
527.8 0.5
535.6 0.25
540.8 0.25
543.4 0.5
546 0.25
548.6 0.125
553.8 0.125
556.4 0.25
561.6 0.25
566.8 0.25
585 0.125
590.2 0.25
595.4 0.25
603.2 0.25
611 0.25
618.8 0.25
634.4 0.25
652.6 0.25
655.2 0.25
670.8 0.25
676 0.25
678.6 0.25
683.8 0.25
691.6 0.5
699.4 0.25
707.2 0.125
712.4 0.25
717.6 1
720.2 0.25
735.8 0.25
741 0.25
751.4 0.25
761.8 0.25
764.4 0.5
767 0.125
782.6 0.25
785.2 0.25
795.6 0.25
798.2 0.5
803.4 0.25
806 0.25
811.2 0.25
813.8 0.5
816.4 0.25
819 0.125
826.8 0.25
829.4 0.25
842.4 0.25
847.6 0.125
858 0.25
868.4 0.25
871 0.75
878.8 0.25
881.4 0.5
884 0.25
891.8 0.25
902.2 0.25
910 0.25
917.8 0.5
920.4 0.25
923 0.25
925.6 0.125
930.8 0.125
936 0.25
938.6 0.125
941.2 0.25
943.8 0.25
946.4 0.25
954.2 0.25
959.4 0.25
964.6 0.125
972.4 0.5
977.6 0.125
980.2 0.75
982.8 0.5
988 0.125
1001 0.25
1003.6 0.125
1008.8 0.25
1011.4 0.25
1027 0.125
1037.4 0.25
1045.2 0.25
1068.6 0.25
1071.2 0.25
1079 0.125
1099.8 0.125
1102.4 0.25
1120.6 0.125
1123.2 0.25
1125.8 0.125
1146.6 0.25
1149.2 0.25
1151.8 0.25
1177.8 0.5
1180.4 0.125
1183 0.25
1190.8 0.125
1222 0.25
1224.6 0.25
1227.2 0.25
1229.8 0.25
1232.4 0.125
1242.8 0.25
1266.2 0.25
1279.2 0.125
1287 0.125
1305.2 0.25
1307.8 0.125
1341.6 0.125
1352 0.25
1365 0.25
1380.6 0.25
1398.8 0.25
1406.6 0.25
1409.2 0.125
1419.6 0.375
1453.4 0.125
1474.2 0.125
1502.8 0.125
1508 0.375
1588.6 0.25
1606.8 0.25
1617.2 0.25
1661.4 0.25
1690 0.25
1747.2 0.25
1830.4 0.25
1833 0.25
1874.6 0.25
1892.8 0.125
1968.2 0.125
1989 0.25
2004.6 0.25
2046.2 0.25
2048.8 0.125
2061.8 0.25
2080 0.125
2095.6 0.25
2119 0.25
2147.6 0.25
2152.8 0.25
2264.6 0.25
2267.2 0.125
2282.8 0.125
2431 0.25
2605.2 0.25
2683.2 0.25


Displacement_of_ResidualEnds
52 0.5
96.2 0.5
104 0.5
197.6 0.5
293.8 0.5
332.8 0.5
408.2 0.5
486.2 0.5
499.2 0.5
514.8 0.5
548.6 0.5
553.8 0.5
585 0.5
707.2 0.5
767 0.5
819 0.5
847.6 0.5
925.6 0.5
938.6 0.5
964.6 0.5
977.6 0.5
988 0.5
1027 0.5
1079 0.5
1099.8 0.5
1120.6 0.5
1125.8 0.5
1180.4 0.5
1190.8 0.5
1227.2 1
1232.4 0.5
1279.2 0.5
1287 0.5
1307.8 0.5
1341.6 0.5
1409.2 0.5
1419.6 0.5
1453.4 0.5
1474.2 0.5
1502.8 0.5
1508 0.5
1892.8 0.5
1968.2 0.5
2048.8 0.5
2080 0.5
2267.2 0.5
2282.8 0.5


Displacement_of_ResidualSyn


