#Time | Normalised to Self | SEM_NTS | Normalised to Initial DSBs | SEM_NTI
Ku_Recruitment
0 0 0
0.0166667 0.420785 0.0379379
0.0333333 0.534253 0.0221297
0.05 0.585243 0.0245411
0.0666667 0.637353 0.0356754
0.0833333 0.674011 0.0237479
0.1 0.713061 0.035303
0.116667 0.745819 0.0312833
0.133333 0.782974 0.038574
0.15 0.806798 0.0235496
0.166667 0.825654 0.0225828
0.183333 0.850551 0.0352517
0.2 0.860488 0.0389825
0.216667 0.880666 0.0325791
0.233333 0.892801 0.0339322
0.25 0.909334 0.0399238
0.266667 0.909459 0.0416106
0.283333 0.916752 0.0432493
0.3 0.932533 0.0439795
0.316667 0.939948 0.0519207
0.333333 0.937876 0.0507797
0.35 0.941272 0.0484544
0.366667 0.946492 0.0510554
0.383333 0.955355 0.0491751
0.4 0.952208 0.0415374
0.416667 0.960824 0.032711
0.433333 0.963718 0.0328216
0.45 0.964217 0.0370622
0.466667 0.97076 0.0332445
0.483333 0.972209 0.0195503
0.5 0.968686 0.0206569
0.516667 0.962967 0.0166488
0.533333 0.966363 0.017161
0.55 0.971955 0.0221192
0.566667 0.959693 0.0224849
0.583333 0.967362 0.0296431
0.6 0.976353 0.0295054
0.616667 0.978176 0.0245937
0.633333 0.980251 0.0337848
0.65 0.98195 0.027546
0.666667 0.982074 0.0346107
0.683333 0.982074 0.0361734
0.7 0.981448 0.0346628
0.716667 0.985095 0.0359264
0.733333 0.988617 0.0383109
0.75 0.991762 0.0357967
0.766667 0.988493 0.0323939
0.783333 0.998554 0.0319978
0.8 0.996606 0.0317832
0.816667 1 0.0255039
0.833333 0.998052 0.028418
0.85 0.992835 0.0322401
0.866667 0.990386 0.0317829
0.883333 0.988562 0.0297358
0.9 0.984915 0.0318906
0.916667 0.975927 0.0365949
0.933333 0.97825 0.0386108
0.95 0.972782 0.0430533
0.966667 0.976553 0.0438193
0.983333 0.979825 0.0412571
1 0.982148 0.0433978


PKcs_Recruitment
0 0 0
0.0166667 0.155945 0.028367
0.0333333 0.330842 0.0164293
0.05 0.476888 0.0209766
0.0666667 0.561464 0.0287517
0.0833333 0.617639 0.0219115
0.1 0.664536 0.0353638
0.116667 0.700329 0.0309819
0.133333 0.731259 0.0366709
0.15 0.761173 0.0187347
0.166667 0.788622 0.0202775
0.183333 0.823142 0.0346394
0.2 0.844475 0.0388701
0.216667 0.863978 0.0322487
0.233333 0.883733 0.0340023
0.25 0.88935 0.039713
0.266667 0.887896 0.041569
0.283333 0.905122 0.0427438
0.3 0.919009 0.0437854
0.316667 0.93277 0.0520019
0.333333 0.929236 0.0509689
0.35 0.937885 0.0485109
0.366667 0.946784 0.0512263
0.383333 0.951896 0.0493299
0.4 0.947283 0.0414257
0.416667 0.950567 0.0325082
0.433333 0.957511 0.0324891
0.45 0.957887 0.0369433
0.466667 0.96092 0.032659
0.483333 0.963828 0.0193599
0.5 0.963449 0.0203979
0.516667 0.959161 0.016278
0.533333 0.957206 0.0167299
0.55 0.96257 0.0206854
0.566667 0.95575 0.021966
0.583333 0.954171 0.0284998
0.6 0.967359 0.0291952
0.616667 0.97531 0.0243433
0.633333 0.977014 0.0335615
0.65 0.977016 0.027612
0.666667 0.978719 0.0346929
0.683333 0.982129 0.0362653
0.7 0.981877 0.0347559
0.716667 0.979921 0.0358725
0.733333 0.985288 0.0384127
0.75 0.995641 0.0359367
0.766667 0.989201 0.032367
0.783333 0.988949 0.0316835
0.8 0.990403 0.0315995
0.816667 0.996843 0.0253501
0.833333 1 0.028462
0.85 0.996718 0.0323662
0.866667 0.989019 0.0317483
0.883333 0.983779 0.0294679
0.9 0.983527 0.0318569
0.916667 0.97621 0.036694
0.933333 0.98012 0.0387125
0.95 0.975008 0.0431928
0.966667 0.97185 0.0438986
0.983333 0.976461 0.0413738
1 0.980372 0.0434518


XRCC4_Recruitment
0 0 0
0.0166667 0 0
0.0333333 0 0
0.05 0 0
0.0666667 0.00741543 0.00741543
0.0833333 0.00741543 0.00741543
0.1 0.00741543 0.00741543
0.116667 0.00741543 0.00741543
0.133333 0.0277597 0.00840723
0.15 0.0277597 0.00840723
0.166667 0.0337465 0.0069178
0.183333 0.0397333 0.00983429
0.2 0.0397333 0.00983429
0.216667 0.0600776 0.00932948
0.233333 0.0744351 0.00776082
0.25 0.0744351 0.00776082
0.266667 0.0813772 0.00504204
0.283333 0.0943061 0.00491839
0.3 0.107708 0.00204973
0.316667 0.113695 0.00635322
0.333333 0.113695 0.00635322
0.35 0.113695 0.00635322
0.366667 0.119682 0.0121741
0.383333 0.134039 0.00541261
0.4 0.155812 0.0110956
0.416667 0.163228 0.0185044
0.433333 0.17663 0.0233693
0.45 0.182617 0.0221865
0.466667 0.182617 0.0221865
0.483333 0.182617 0.0221865
0.5 0.196019 0.0285676
0.516667 0.196019 0.0285676
0.533333 0.196019 0.0285676
0.55 0.202006 0.0293461
0.566667 0.202006 0.0293461
0.583333 0.202006 0.0293461
0.6 0.202006 0.0293461
0.616667 0.202006 0.0293461
0.633333 0.208948 0.0227836
0.65 0.21589 0.0165341
0.666667 0.223305 0.0232825
0.683333 0.24365 0.0239114
0.7 0.249636 0.0233824
0.716667 0.249636 0.0233824
0.733333 0.249636 0.0233824
0.75 0.263039 0.0299565
0.766667 0.269981 0.0237766
0.783333 0.269981 0.0237766
0.8 0.277396 0.03046
0.816667 0.277396 0.03046
0.833333 0.283383 0.0302624
0.85 0.290798 0.036659
0.866667 0.296785 0.0368669
0.883333 0.296785 0.0368669
0.9 0.302772 0.0380281
0.916667 0.322161 0.0468571
0.933333 0.322161 0.0468571
0.95 0.328148 0.0495299
0.966667 0.335563 0.0536588
0.983333 0.342505 0.0467794
1 0.34992 0.0516997
1.16667 0.396114 0.074024
1.33333 0.416458 0.0739918
1.5 0.448785 0.047528
1.66667 0.489 0.0370744
1.83333 0.515804 0.0499278
2 0.572752 0.0612109
2.16667 0.592623 0.0492022
2.33333 0.630928 0.0551737
2.5 0.668759 0.0564062
2.66667 0.696992 0.0674976
2.83333 0.723805 0.0504649
3 0.764976 0.0296961
3.16667 0.78532 0.0291307
3.33333 0.820504 0.00423236
3.5 0.861201 0.0282378
3.66667 0.867188 0.0270377
3.83333 0.888488 0.0350953
4 0.90189 0.0282893
4.16667 0.92965 0.0249271
4.33333 0.949039 0.0148994
4.5 0.964825 0.0251538
4.66667 0.977754 0.0249917
4.83333 1 0.0338167
5 0.993058 0.0323963


DSB_Residual
0 4.23986 0 1 0
0.0166667 4.23986 0 1 0
0.0333333 4.23986 0 1 0
0.05 4.23986 0 1 0
0.0666667 4.23986 0 1 0
0.0833333 4.23986 0 1 0
0.1 4.23986 0 1 0
0.116667 4.23986 0 1 0
0.133333 4.23986 0 1 0
0.15 4.23986 0 1 0
0.166667 4.23986 0 1 0
0.183333 4.23986 0 1 0
0.2 4.23986 0 1 0
0.216667 4.23986 0 1 0
0.233333 4.23986 0 1 0
0.25 4.23986 0 1 0
0.266667 4.23986 0 1 0
0.283333 4.23986 0 1 0
0.3 4.23986 0 1 0
0.316667 4.23986 0 1 0
0.333333 4.23986 0 1 0
0.35 4.23986 0 1 0
0.366667 4.23986 0 1 0
0.383333 4.23986 0 1 0
0.4 4.23986 0 1 0
0.416667 4.23986 0 1 0
0.433333 4.23986 0 1 0
0.45 4.23986 0 1 0
0.466667 4.23986 0 1 0
0.483333 4.23986 0 1 0
0.5 4.23986 0 1 0
0.516667 4.23986 0 1 0
0.533333 4.23986 0 1 0
0.55 4.23986 0 1 0
0.566667 4.23986 0 1 0
0.583333 4.23986 0 1 0
0.6 4.23986 0 1 0
0.616667 4.23986 0 1 0
0.633333 4.23986 0 1 0
0.65 4.23986 0 1 0
0.666667 4.23986 0 1 0
0.683333 4.23986 0 1 0
0.7 4.23986 0 1 0
0.716667 4.23986 0 1 0
0.733333 4.23986 0 1 0
0.75 4.23986 0 1 0
0.766667 4.23986 0 1 0
0.783333 4.23986 0 1 0
0.8 4.23986 0 1 0
0.816667 4.23986 0 1 0
0.833333 4.23986 0 1 0
0.85 4.23986 0 1 0
0.866667 4.23986 0 1 0
0.883333 4.22482 0.015035 0.996454 0.0035461
0.9 4.22482 0.015035 0.996454 0.0035461
0.916667 4.22482 0.015035 0.996454 0.0035461
0.933333 4.22482 0.015035 0.996454 0.0035461
0.95 4.22482 0.015035 0.996454 0.0035461
0.966667 4.22482 0.015035 0.996454 0.0035461
0.983333 4.22482 0.015035 0.996454 0.0035461
1 4.22482 0.015035 0.996454 0.0035461
1.16667 4.22482 0.015035 0.996454 0.0035461
1.33333 4.22482 0.015035 0.996454 0.0035461
1.5 4.1958 0.00272997 0.989608 0.000643882
1.66667 4.17974 0.0182081 0.98582 0.0042945
1.83333 4.17974 0.0182081 0.98582 0.0042945
2 4.17974 0.0182081 0.98582 0.0042945
2.16667 4.1647 0.0182158 0.982274 0.00429633
2.33333 4.1367 0.0169485 0.97567 0.00399742
2.5 4.1367 0.0169485 0.97567 0.00399742
2.66667 4.1367 0.0169485 0.97567 0.00399742
2.83333 4.11077 0.0173795 0.969554 0.00409908
3 4.09471 0.00586121 0.965766 0.00138241
3.16667 4.06671 0.0148699 0.959161 0.00350718
3.33333 4.05374 0.0258053 0.956103 0.00608636
3.5 4.05374 0.0258053 0.956103 0.00608636
3.66667 4.02574 0.037315 0.949499 0.008801
3.83333 4.00968 0.0230855 0.945711 0.00544488
4 3.99362 0.0137596 0.941923 0.00324529
4.16667 3.97859 0.0101965 0.938377 0.00240491
4.33333 3.94852 0.0359103 0.931285 0.0084697
4.5 3.93555 0.0347933 0.928227 0.00820625
4.66667 3.92051 0.0478181 0.924681 0.0112782
4.83333 3.92051 0.0478181 0.924681 0.0112782
5 3.87438 0.0656513 0.913801 0.0154843
5.16667 3.85832 0.0578029 0.910013 0.0136332
5.33333 3.8262 0.0543221 0.902437 0.0128123
5.5 3.81014 0.0594098 0.898649 0.0140122
5.66667 3.81014 0.0594098 0.898649 0.0140122
5.83333 3.79511 0.068953 0.895103 0.016263
6 3.77905 0.0748835 0.891315 0.0176618
6.16667 3.76299 0.0835249 0.887527 0.0196999
6.33333 3.74693 0.0941336 0.88374 0.0222021
6.5 3.73087 0.106121 0.879952 0.0250294
6.66667 3.68474 0.124779 0.869072 0.02943
6.83333 3.65364 0.140184 0.861738 0.0330635
7 3.59043 0.178131 0.846828 0.0420135
7.16667 3.59043 0.178131 0.846828 0.0420135
7.33333 3.57437 0.190422 0.84304 0.0449123
7.5 3.57437 0.190422 0.84304 0.0449123
7.66667 3.5614 0.178423 0.839982 0.0420823
7.83333 3.5334 0.168601 0.833378 0.0397656
8 3.51734 0.181146 0.82959 0.0427246
8.16667 3.49141 0.157598 0.823474 0.0371706
8.33333 3.46134 0.16215 0.816381 0.0382443
8.5 3.43025 0.177374 0.809047 0.0418348
8.66667 3.41419 0.18905 0.80526 0.0445888
8.83333 3.40122 0.17679 0.802201 0.0416971
9 3.33432 0.130675 0.786423 0.0308207
9.16667 3.31929 0.133897 0.782877 0.0315806
9.33333 3.25814 0.159588 0.768455 0.03764
9.5 3.2431 0.160791 0.764909 0.0379236
9.66667 3.2151 0.151058 0.758305 0.0356281
9.83333 3.20007 0.154639 0.754759 0.0364726
10 3.14511 0.129541 0.741797 0.0305531
11 3.05596 0.147866 0.720771 0.0348754
12 2.93468 0.179864 0.692164 0.0424221
13 2.80766 0.150034 0.662206 0.0353866
14 2.68947 0.159565 0.63433 0.0376346
15 2.58838 0.152653 0.610487 0.0360044
16 2.51115 0.187213 0.592273 0.0441555
17 2.36189 0.215302 0.557067 0.0507806
18 2.33595 0.191464 0.550951 0.0451582
19 2.23177 0.210181 0.526379 0.0495726
20 2.14674 0.190597 0.506325 0.0449535
21 1.98242 0.219717 0.467568 0.0518217
22 1.86837 0.199906 0.440668 0.0471492
23 1.78232 0.189529 0.420372 0.0447017
24 1.72322 0.195531 0.406434 0.0461174
25 1.69522 0.187177 0.399829 0.0441471
26 1.62625 0.159803 0.383563 0.0376905
27 1.55728 0.136138 0.367296 0.0321091
28 1.47226 0.122362 0.347242 0.0288599
29 1.41625 0.120429 0.334034 0.0284041
30 1.3691 0.137377 0.322912 0.0324014
31 1.35613 0.124939 0.319854 0.0294677
32 1.3411 0.136357 0.316307 0.0321608
33 1.3131 0.136794 0.309703 0.0322638
34 1.26697 0.162855 0.298823 0.0384105
35 1.19491 0.166351 0.281827 0.0392351
36 1.14097 0.149041 0.269106 0.0351523
37 1.09691 0.150372 0.258714 0.0354662
38 1.06789 0.137659 0.251868 0.0324678
39 1.03886 0.125395 0.245022 0.0295753
40 1.03886 0.125395 0.245022 0.0295753
41 1.0228 0.125072 0.241235 0.0294991
42 0.993774 0.114718 0.234389 0.027057
43 0.952807 0.104424 0.224726 0.0246292
44 0.910815 0.0818595 0.214822 0.0193071
45 0.897849 0.071143 0.211764 0.0167796
46 0.868823 0.0593747 0.204918 0.0140039
47 0.840823 0.0625717 0.198314 0.014758
48 0.825788 0.0770234 0.194768 0.0181665
49 0.797787 0.0835348 0.188164 0.0197023
50 0.797787 0.0835348 0.188164 0.0197023
51 0.797787 0.0835348 0.188164 0.0197023
52 0.797787 0.0835348 0.188164 0.0197023
53 0.74076 0.077201 0.174713 0.0182084
54 0.7247 0.0704298 0.170926 0.0166114
55 0.698768 0.0569483 0.164809 0.0134317
56 0.654707 0.0570964 0.154417 0.0134666
57 0.622587 0.0459093 0.146841 0.010828
58 0.606527 0.0480133 0.143054 0.0113243
59 0.590467 0.0549431 0.139266 0.0129587
60 0.590467 0.0549431 0.139266 0.0129587
70 0.551569 0.0162776 0.130091 0.00383918
80 0.523568 0.0143395 0.123487 0.00338208
90 0.507508 0.0189878 0.119699 0.00447842
100 0.481576 0.00848209 0.113583 0.00200056
110 0.450481 0.00957422 0.106249 0.00225815
120 0.437515 0.00696703 0.103191 0.00164322
130 0.42248 0.00843304 0.0996449 0.00198899
140 0.409514 0.0130107 0.0965868 0.00306866
150 0.409514 0.0130107 0.0965868 0.00306866
160 0.409514 0.0130107 0.0965868 0.00306866
170 0.396548 0.0245697 0.0935287 0.00579494
180 0.380488 0.0163156 0.0897409 0.00384814
190 0.380488 0.0163156 0.0897409 0.00384814
200 0.380488 0.0163156 0.0897409 0.00384814
210 0.380488 0.0163156 0.0897409 0.00384814
220 0.364428 0.021085 0.085953 0.00497303
230 0.364428 0.021085 0.085953 0.00497303
240 0.364428 0.021085 0.085953 0.00497303
250 0.349393 0.0068149 0.0824069 0.00160734
260 0.333333 0.022343 0.078619 0.00526975
270 0.333333 0.022343 0.078619 0.00526975
280 0.333333 0.022343 0.078619 0.00526975
290 0.333333 0.022343 0.078619 0.00526975
300 0.333333 0.022343 0.078619 0.00526975
310 0.333333 0.022343 0.078619 0.00526975
320 0.333333 0.022343 0.078619 0.00526975
330 0.333333 0.022343 0.078619 0.00526975
340 0.333333 0.022343 0.078619 0.00526975
350 0.333333 0.022343 0.078619 0.00526975
360 0.333333 0.022343 0.078619 0.00526975
370 0.333333 0.022343 0.078619 0.00526975
380 0.333333 0.022343 0.078619 0.00526975
390 0.333333 0.022343 0.078619 0.00526975
400 0.333333 0.022343 0.078619 0.00526975
410 0.333333 0.022343 0.078619 0.00526975
420 0.333333 0.022343 0.078619 0.00526975
430 0.333333 0.022343 0.078619 0.00526975
440 0.333333 0.022343 0.078619 0.00526975
450 0.333333 0.022343 0.078619 0.00526975
460 0.333333 0.022343 0.078619 0.00526975
470 0.333333 0.022343 0.078619 0.00526975
480 0.333333 0.022343 0.078619 0.00526975
490 0.333333 0.022343 0.078619 0.00526975
500 0.333333 0.022343 0.078619 0.00526975
510 0.333333 0.022343 0.078619 0.00526975
520 0.333333 0.022343 0.078619 0.00526975
530 0.333333 0.022343 0.078619 0.00526975
540 0.333333 0.022343 0.078619 0.00526975
550 0.333333 0.022343 0.078619 0.00526975
560 0.333333 0.022343 0.078619 0.00526975
570 0.333333 0.022343 0.078619 0.00526975
580 0.333333 0.022343 0.078619 0.00526975
590 0.333333 0.022343 0.078619 0.00526975
600 0.333333 0.022343 0.078619 0.00526975
610 0.333333 0.022343 0.078619 0.00526975
620 0.333333 0.022343 0.078619 0.00526975
630 0.333333 0.022343 0.078619 0.00526975
640 0.333333 0.022343 0.078619 0.00526975
650 0.333333 0.022343 0.078619 0.00526975
660 0.333333 0.022343 0.078619 0.00526975
670 0.333333 0.022343 0.078619 0.00526975
680 0.333333 0.022343 0.078619 0.00526975
690 0.333333 0.022343 0.078619 0.00526975
700 0.333333 0.022343 0.078619 0.00526975
710 0.333333 0.022343 0.078619 0.00526975
720 0.333333 0.022343 0.078619 0.00526975
730 0.333333 0.022343 0.078619 0.00526975
740 0.333333 0.022343 0.078619 0.00526975
750 0.333333 0.022343 0.078619 0.00526975
760 0.333333 0.022343 0.078619 0.00526975
770 0.333333 0.022343 0.078619 0.00526975
780 0.333333 0.022343 0.078619 0.00526975
790 0.333333 0.022343 0.078619 0.00526975
800 0.333333 0.022343 0.078619 0.00526975
810 0.333333 0.022343 0.078619 0.00526975
820 0.333333 0.022343 0.078619 0.00526975
830 0.333333 0.022343 0.078619 0.00526975
840 0.333333 0.022343 0.078619 0.00526975
850 0.333333 0.022343 0.078619 0.00526975
860 0.333333 0.022343 0.078619 0.00526975
870 0.333333 0.022343 0.078619 0.00526975
880 0.333333 0.022343 0.078619 0.00526975
890 0.333333 0.022343 0.078619 0.00526975
900 0.333333 0.022343 0.078619 0.00526975
910 0.333333 0.022343 0.078619 0.00526975
920 0.333333 0.022343 0.078619 0.00526975
930 0.333333 0.022343 0.078619 0.00526975
940 0.333333 0.022343 0.078619 0.00526975
950 0.333333 0.022343 0.078619 0.00526975
960 0.333333 0.022343 0.078619 0.00526975
970 0.333333 0.022343 0.078619 0.00526975
980 0.333333 0.022343 0.078619 0.00526975
990 0.333333 0.022343 0.078619 0.00526975
1000 0.333333 0.022343 0.078619 0.00526975
1010 0.333333 0.022343 0.078619 0.00526975
1020 0.333333 0.022343 0.078619 0.00526975
1030 0.333333 0.022343 0.078619 0.00526975
1040 0.333333 0.022343 0.078619 0.00526975
1050 0.333333 0.022343 0.078619 0.00526975
1060 0.333333 0.022343 0.078619 0.00526975
1070 0.333333 0.022343 0.078619 0.00526975
1080 0.333333 0.022343 0.078619 0.00526975
1090 0.333333 0.022343 0.078619 0.00526975
1100 0.333333 0.022343 0.078619 0.00526975
1110 0.333333 0.022343 0.078619 0.00526975
1120 0.333333 0.022343 0.078619 0.00526975
1130 0.333333 0.022343 0.078619 0.00526975
1140 0.333333 0.022343 0.078619 0.00526975
1150 0.333333 0.022343 0.078619 0.00526975
1160 0.333333 0.022343 0.078619 0.00526975
1170 0.333333 0.022343 0.078619 0.00526975
1180 0.333333 0.022343 0.078619 0.00526975
1190 0.333333 0.022343 0.078619 0.00526975
1200 0.333333 0.022343 0.078619 0.00526975
1210 0.333333 0.022343 0.078619 0.00526975
1220 0.333333 0.022343 0.078619 0.00526975
1230 0.333333 0.022343 0.078619 0.00526975
1240 0.333333 0.022343 0.078619 0.00526975
1250 0.333333 0.022343 0.078619 0.00526975
1260 0.333333 0.022343 0.078619 0.00526975
1270 0.333333 0.022343 0.078619 0.00526975
1280 0.333333 0.022343 0.078619 0.00526975
1290 0.333333 0.022343 0.078619 0.00526975
1300 0.333333 0.022343 0.078619 0.00526975
1310 0.333333 0.022343 0.078619 0.00526975
1320 0.333333 0.022343 0.078619 0.00526975
1330 0.333333 0.022343 0.078619 0.00526975
1340 0.333333 0.022343 0.078619 0.00526975
1350 0.333333 0.022343 0.078619 0.00526975
1360 0.333333 0.022343 0.078619 0.00526975
1370 0.333333 0.022343 0.078619 0.00526975
1380 0.333333 0.022343 0.078619 0.00526975
1390 0.333333 0.022343 0.078619 0.00526975
1400 0.333333 0.022343 0.078619 0.00526975
1410 0.333333 0.022343 0.078619 0.00526975
1420 0.333333 0.022343 0.078619 0.00526975
1430 0.333333 0.022343 0.078619 0.00526975
1440 0.333333 0.022343 0.078619 0.00526975


DSBEnd
0 1 0 1 0
0.0166667 0.18528 0.02178 0.18528 0.02178
0.0333333 0.0895664 0.012106 0.0895664 0.012106
0.05 0.0449935 0.00681661 0.0449935 0.00681661
0.0666667 0.0370507 0.00722548 0.0370507 0.00722548
0.0833333 0.0380917 0.0110924 0.0380917 0.0110924
0.1 0.0503778 0.00924968 0.0503778 0.00924968
0.116667 0.0344783 0.00149179 0.0344783 0.00149179
0.133333 0.0308136 0.00904978 0.0308136 0.00904978
0.15 0.0261055 0.0135607 0.0261055 0.0135607
0.166667 0.0348455 0.0093081 0.0348455 0.0093081
0.183333 0.0173612 0.00217517 0.0173612 0.00217517
0.2 0.030133 0.00802219 0.030133 0.00802219
0.216667 0.0139404 0.0117219 0.0139404 0.0117219
0.233333 0.0139382 0.00372324 0.0139382 0.00372324
0.25 0.00672509 0.00122908 0.00672509 0.00122908
0.266667 0.00849814 0.00147021 0.00849814 0.00147021
0.283333 0.0118002 0.0031242 0.0118002 0.0031242
0.3 0.0116771 0.00376455 0.0116771 0.00376455
0.316667 0.0132084 0.00665807 0.0132084 0.00665807
0.333333 0.00917431 0.00917431 0.00917431 0.00917431
0.35 0.00483115 0.00265961 0.00483115 0.00265961
0.366667 0.0119211 0.00094369 0.0119211 0.00094369
0.383333 0.0097832 0.00428399 0.0097832 0.00428399
0.4 0.0135733 0.00450281 0.0135733 0.00450281
0.416667 0.0122882 0.00716073 0.0122882 0.00716073
0.433333 0.0141822 0.00650776 0.0141822 0.00650776
0.45 0.0138173 0.00646828 0.0138173 0.00646828
0.466667 0.012286 0.00241695 0.012286 0.00241695
0.483333 0.00886303 0.00214817 0.00886303 0.00214817
0.5 0.0120442 0.00472499 0.0120442 0.00472499
0.516667 0.01253 0.00398383 0.01253 0.00398383
0.533333 0.01418 0.0042945 0.01418 0.0042945
0.55 0.0033021 0.00166452 0.0033021 0.00166452
0.566667 0.0149815 0.00785996 0.0149815 0.00785996
0.583333 0.0102712 0.00301659 0.0102712 0.00301659
0.6 0.0101503 0.00616138 0.0101503 0.00616138
0.616667 0.00813326 0.00416537 0.00813326 0.00416537
0.633333 0.00507515 0.00308069 0.00507515 0.00308069
0.65 0.00342299 0.00174042 0.00342299 0.00174042
0.666667 0.00458716 0.00458716 0.00458716 0.00458716
0.683333 0.00177305 0.00177305 0.00177305 0.00177305
0.7 0.010513 0.00345063 0.010513 0.00345063
0.716667 0.00672509 0.00122908 0.00672509 0.00122908
0.733333 0.00837503 0.00424434 0.00837503 0.00424434
0.75 0.00636021 0.00400655 0.00636021 0.00400655
0.766667 0.00788926 0.00545045 0.00788926 0.00545045
0.783333 0.00177305 0.00177305 0.00177305 0.00177305
0.8 0.00684598 0.00348085 0.00684598 0.00348085
0.816667 0.00696909 0.00186162 0.00696909 0.00186162
0.833333 0.00544004 0.00307339 0.00544004 0.00307339
0.85 0.00861903 0.00176684 0.00861903 0.00176684
0.866667 0.00696909 0.00186162 0.00696909 0.00186162
0.883333 0.0035461 0.0035461 0.0035461 0.0035461
0.9 0.00531915 0.00531915 0.00531915 0.00531915
0.916667 0.00898392 0.0040363 0.00898392 0.0040363
0.933333 0.00672509 0.00122908 0.00672509 0.00122908
0.95 0.0108779 0.00592847 0.0108779 0.00592847
0.966667 0.00556093 0.00328263 0.00556093 0.00328263
0.983333 0.010513 0.00345063 0.010513 0.00345063
1 0.0119211 0.00094369 0.0119211 0.00094369
1.16667 0.00177305 0.00177305 0.00177305 0.00177305
1.33333 0.00495204 0.00267341 0.00495204 0.00267341
1.5 0.00366699 0.00183648 0.00366699 0.00183648
1.66667 0.00531693 0.00330063 0.00531693 0.00330063
1.83333 0.0064811 0.00399264 0.0064811 0.00399264
2 0.0033021 0.00166452 0.0033021 0.00166452
2.16667 0.00861903 0.00176684 0.00861903 0.00176684
2.33333 0.00910703 0.00474269 0.00910703 0.00474269
2.5 0 0 0 0
2.66667 0.0035461 0.0035461 0.0035461 0.0035461
2.83333 0.00519604 0.000321941 0.00519604 0.000321941
3 0.00458716 0.00458716 0.00458716 0.00458716
3.16667 0.00458716 0.00458716 0.00458716 0.00458716
3.33333 0 0 0 0
3.5 0.00342299 0.00174042 0.00342299 0.00174042
3.66667 0.00152905 0.00152905 0.00152905 0.00152905
3.83333 0.00152905 0.00152905 0.00152905 0.00152905
4 0.00342299 0.00174042 0.00342299 0.00174042
4.16667 0.00544004 0.00307339 0.00544004 0.00307339
4.33333 0.00342299 0.00174042 0.00342299 0.00174042
4.5 0 0 0 0
4.66667 0 0 0 0
4.83333 0.00189394 0.00189394 0.00189394 0.00189394
5 0 0 0 0
5.16667 0.00813326 0.00416537 0.00813326 0.00416537
5.33333 0.00378788 0.00378788 0.00378788 0.00378788
5.5 0.00152905 0.00152905 0.00152905 0.00152905
5.66667 0 0 0 0
5.83333 0.00177305 0.00177305 0.00177305 0.00177305
6 0 0 0 0
6.16667 0 0 0 0
6.33333 0 0 0 0
6.5 0 0 0 0
6.66667 0 0 0 0
6.83333 0.00189394 0.00189394 0.00189394 0.00189394
7 0.00483115 0.00265961 0.00483115 0.00265961
7.16667 0.00177305 0.00177305 0.00177305 0.00177305
7.33333 0 0 0 0
7.5 0.00177305 0.00177305 0.00177305 0.00177305
7.66667 0.00507515 0.00308069 0.00507515 0.00308069
7.83333 0.00152905 0.00152905 0.00152905 0.00152905
8 0.0030581 0.0030581 0.0030581 0.0030581
8.16667 0.00189394 0.00189394 0.00189394 0.00189394
8.33333 0.00152905 0.00152905 0.00152905 0.00152905
8.5 0 0 0 0
8.66667 0.00152905 0.00152905 0.00152905 0.00152905
8.83333 0.00177305 0.00177305 0.00177305 0.00177305
9 0 0 0 0
9.16667 0 0 0 0
9.33333 0 0 0 0
9.5 0 0 0 0
9.66667 0 0 0 0
9.83333 0.00366699 0.00183648 0.00366699 0.00183648
10 0 0 0 0
11 0 0 0 0
12 0 0 0 0
13 0 0 0 0
14 0 0 0 0
15 0 0 0 0
16 0 0 0 0
17 0 0 0 0
18 0 0 0 0
19 0 0 0 0
20 0 0 0 0
21 0 0 0 0
22 0 0 0 0
23 0 0 0 0
24 0 0 0 0
25 0 0 0 0
26 0 0 0 0
27 0 0 0 0
28 0 0 0 0
29 0 0 0 0
30 0 0 0 0
31 0 0 0 0
32 0 0 0 0
33 0 0 0 0
34 0 0 0 0
35 0 0 0 0
36 0 0 0 0
37 0 0 0 0
38 0 0 0 0
39 0 0 0 0
40 0 0 0 0
41 0 0 0 0
42 0 0 0 0
43 0 0 0 0
44 0 0 0 0
45 0 0 0 0
46 0 0 0 0
47 0 0 0 0
48 0 0 0 0
49 0 0 0 0
50 0 0 0 0
51 0 0 0 0
52 0 0 0 0
53 0 0 0 0
54 0 0 0 0
55 0 0 0 0
56 0 0 0 0
57 0 0 0 0
58 0 0 0 0
59 0 0 0 0
60 0 0 0 0
70 0 0 0 0
80 0 0 0 0
90 0 0 0 0
100 0 0 0 0
110 0 0 0 0
120 0 0 0 0
130 0 0 0 0
140 0 0 0 0
150 0 0 0 0
160 0 0 0 0
170 0 0 0 0
180 0 0 0 0
190 0 0 0 0
200 0 0 0 0
210 0 0 0 0
220 0 0 0 0
230 0 0 0 0
240 0 0 0 0
250 0 0 0 0
260 0 0 0 0
270 0 0 0 0
280 0 0 0 0
290 0 0 0 0
300 0 0 0 0
310 0 0 0 0
320 0 0 0 0
330 0 0 0 0
340 0 0 0 0
350 0 0 0 0
360 0 0 0 0
370 0 0 0 0
380 0 0 0 0
390 0 0 0 0
400 0 0 0 0
410 0 0 0 0
420 0 0 0 0
430 0 0 0 0
440 0 0 0 0
450 0 0 0 0
460 0 0 0 0
470 0 0 0 0
480 0 0 0 0
490 0 0 0 0
500 0 0 0 0
510 0 0 0 0
520 0 0 0 0
530 0 0 0 0
540 0 0 0 0
550 0 0 0 0
560 0 0 0 0
570 0 0 0 0
580 0 0 0 0
590 0 0 0 0
600 0 0 0 0
610 0 0 0 0
620 0 0 0 0
630 0 0 0 0
640 0 0 0 0
650 0 0 0 0
660 0 0 0 0
670 0 0 0 0
680 0 0 0 0
690 0 0 0 0
700 0 0 0 0
710 0 0 0 0
720 0 0 0 0
730 0 0 0 0
740 0 0 0 0
750 0 0 0 0
760 0 0 0 0
770 0 0 0 0
780 0 0 0 0
790 0 0 0 0
800 0 0 0 0
810 0 0 0 0
820 0 0 0 0
830 0 0 0 0
840 0 0 0 0
850 0 0 0 0
860 0 0 0 0
870 0 0 0 0
880 0 0 0 0
890 0 0 0 0
900 0 0 0 0
910 0 0 0 0
920 0 0 0 0
930 0 0 0 0
940 0 0 0 0
950 0 0 0 0
960 0 0 0 0
970 0 0 0 0
980 0 0 0 0
990 0 0 0 0
1000 0 0 0 0
1010 0 0 0 0
1020 0 0 0 0
1030 0 0 0 0
1040 0 0 0 0
1050 0 0 0 0
1060 0 0 0 0
1070 0 0 0 0
1080 0 0 0 0
1090 0 0 0 0
1100 0 0 0 0
1110 0 0 0 0
1120 0 0 0 0
1130 0 0 0 0
1140 0 0 0 0
1150 0 0 0 0
1160 0 0 0 0
1170 0 0 0 0
1180 0 0 0 0
1190 0 0 0 0
1200 0 0 0 0
1210 0 0 0 0
1220 0 0 0 0
1230 0 0 0 0
1240 0 0 0 0
1250 0 0 0 0
1260 0 0 0 0
1270 0 0 0 0
1280 0 0 0 0
1290 0 0 0 0
1300 0 0 0 0
1310 0 0 0 0
1320 0 0 0 0
1330 0 0 0 0
1340 0 0 0 0
1350 0 0 0 0
1360 0 0 0 0
1370 0 0 0 0
1380 0 0 0 0
1390 0 0 0 0
1400 0 0 0 0
1410 0 0 0 0
1420 0 0 0 0
1430 0 0 0 0
1440 0 0 0 0


DSBEnd_Inhibited
0 0 0 0 0
0.0166667 0.980407 0.0140671 0.405562 0.0430434
0.0333333 0.951173 0.0256657 0.390943 0.0279349
0.05 0.942482 0.0428534 0.385936 0.019615
0.0666667 0.830325 0.017711 0.343207 0.0351831
0.0833333 0.742063 0.00793651 0.306522 0.0303189
0.1 0.618681 0.0355504 0.256265 0.0324378
0.116667 0.579042 0.0286039 0.240312 0.0317013
0.133333 0.501445 0.0304869 0.207848 0.0272497
0.15 0.459218 0.00491383 0.18939 0.0170434
0.166667 0.391498 0.0250609 0.162315 0.0207773
0.183333 0.37473 0.0236243 0.15559 0.0208349
0.2 0.317978 0.0342103 0.133156 0.0244286
0.216667 0.315832 0.0206787 0.129729 0.0110241
0.233333 0.284334 0.0177809 0.117931 0.0152301
0.25 0.262703 0.0232115 0.109068 0.0156779
0.266667 0.257494 0.0281926 0.107174 0.0174728
0.283333 0.23541 0.025487 0.0967795 0.0115078
0.3 0.194736 0.0271743 0.0815584 0.016192
0.316667 0.174689 0.026264 0.0728163 0.0138676
0.333333 0.188039 0.017692 0.0788652 0.0145672
0.35 0.192698 0.0202441 0.0799063 0.0118073
0.366667 0.163475 0.022339 0.0677411 0.0111555
0.383333 0.146362 0.0185229 0.06126 0.0116456
0.4 0.143882 0.0338185 0.0605303 0.0161663
0.416667 0.129389 0.0328028 0.0534381 0.0132315
0.433333 0.115899 0.0276076 0.04873 0.0130577
0.45 0.114314 0.0339424 0.0486091 0.0160191
0.466667 0.102754 0.0279399 0.043778 0.0139124
0.483333 0.109548 0.0160515 0.0457928 0.00899729
0.5 0.109202 0.0158826 0.0460368 0.0102254
0.516667 0.120417 0.0220156 0.051112 0.0133001
0.533333 0.107272 0.0258867 0.0461599 0.0151339
0.55 0.119727 0.0283585 0.0516 0.0171606
0.566667 0.119382 0.0330714 0.051844 0.0194386
0.583333 0.113624 0.0346362 0.0490971 0.0181248
0.6 0.0951626 0.0241443 0.0404759 0.0122702
0.616667 0.0948175 0.0248964 0.0407199 0.0135084
0.633333 0.0994759 0.0280885 0.0417609 0.0123693
0.65 0.0994759 0.0280885 0.0417609 0.0123693
0.666667 0.0951626 0.0241443 0.0404759 0.0122702
0.683333 0.103444 0.0312548 0.04329 0.0132534
0.7 0.0807777 0.0327731 0.035159 0.0155549
0.716667 0.083948 0.0187306 0.0354007 0.00937261
0.733333 0.0727334 0.0140616 0.0303256 0.00664187
0.75 0.0715903 0.00372698 0.0292823 0.00134092
0.766667 0.0771437 0.0117879 0.0309322 0.00224238
0.783333 0.0683122 0.0125077 0.0272653 0.00317923
0.8 0.0587905 0.00238172 0.0240863 0.00125618
0.816667 0.049614 0.00237666 0.0206633 0.00299
0.833333 0.0587905 0.00238172 0.0240863 0.00125618
0.85 0.0639989 0.00721938 0.0259802 0.0016097
0.866667 0.0740705 0.0183687 0.0300121 0.00625736
0.883333 0.0796239 0.0227372 0.031662 0.00697673
0.9 0.0832471 0.0209411 0.0334351 0.00654489
0.916667 0.0944617 0.0159135 0.0385102 0.00555712
0.933333 0.0944617 0.0159135 0.0385102 0.00555712
0.95 0.0971899 0.00654482 0.0396744 0.00169118
0.966667 0.102743 0.0142903 0.0413243 0.00237314
0.983333 0.0835921 0.021283 0.0331911 0.00613757
1 0.0747606 0.0190956 0.0295241 0.00543232
1.16667 0.0518892 0.0152938 0.0202962 0.00502346
1.33333 0.0447507 0.0081867 0.0185253 0.00361274
1.5 0.0268396 0.0104122 0.010757 0.00359689
1.66667 0.0398874 0.0165151 0.0163874 0.00630865
1.83333 0.0540351 0.0207737 0.0237236 0.0106511
2 0.0511991 0.0057755 0.0207842 0.00128776
2.16667 0.0427126 0.0111043 0.0168732 0.00355102
2.33333 0.0219764 0.0059543 0.00861903 0.00176684
2.5 0.0295678 0.00412103 0.0119211 0.00094369
2.66667 0.0259446 0.0076469 0.0101481 0.00251173
2.83333 0.0503041 0.0113367 0.0201753 0.00368723
3 0.0351212 0.0121277 0.0135711 0.00414308
3.16667 0.0390895 0.0145747 0.0151001 0.00517766
3.33333 0.0344311 0.00672049 0.0140591 0.00246249
3.5 0.0463358 0.0077744 0.0186462 0.00216765
3.66667 0.0405776 0.0273647 0.0158994 0.0103994
3.83333 0.0383993 0.00433163 0.0155881 0.000965823
4 0.0216313 0.00558475 0.00886303 0.00214817
4.16667 0.0200462 0.00637242 0.00874214 0.00362147
4.33333 0.0108696 0.0108696 0.00531915 0.00531915
4.5 0.0144928 0.0144928 0.0070922 0.0070922
4.66667 0.0249094 0.0129453 0.0108801 0.00614678
4.83333 0.0235615 0.0135322 0.00873992 0.00492539
5 0.016768 0.00377891 0.00672509 0.00122908
5.16667 0.00917659 0.0047123 0.00342299 0.00174042
5.33333 0.0219764 0.0059543 0.00861903 0.00176684
5.5 0.00917659 0.0047123 0.00342299 0.00174042
5.66667 0.0171131 0.0103366 0.0064811 0.00399264
5.83333 0.00520833 0.00520833 0.00189394 0.00189394
6 0.00520833 0.00520833 0.00189394 0.00189394
6.16667 0.0131448 0.00698419 0.00495204 0.00267341
6.33333 0.00396825 0.00396825 0.00152905 0.00152905
6.5 0.0104167 0.0104167 0.00378788 0.00378788
6.66667 0.0131448 0.00698419 0.00495204 0.00267341
6.83333 0.0219764 0.0059543 0.00861903 0.00176684
7 0.0255996 0.00288775 0.0103921 0.000643882
7.16667 0.0252545 0.00668638 0.0106361 0.00330242
7.33333 0.00396825 0.00396825 0.00152905 0.00152905
7.5 0.0115597 0.00688187 0.00483115 0.00265961
7.66667 0.015528 0.0105697 0.00636021 0.00400655
7.83333 0.0191511 0.0103907 0.00813326 0.00416537
8 0.00917659 0.0047123 0.00342299 0.00174042
8.16667 0.00917659 0.0047123 0.00342299 0.00174042
8.33333 0.00362319 0.00362319 0.00177305 0.00177305
8.5 0 0 0 0
8.66667 0.00759144 0.00380747 0.0033021 0.00166452
8.83333 0.00396825 0.00396825 0.00152905 0.00152905
9 0.00724638 0.00724638 0.0035461 0.0035461
9.16667 0.00396825 0.00396825 0.00152905 0.00152905
9.33333 0 0 0 0
9.5 0.00396825 0.00396825 0.00152905 0.00152905
9.66667 0.00724638 0.00724638 0.0035461 0.0035461
9.83333 0.00520833 0.00520833 0.00189394 0.00189394
10 0.015625 0.015625 0.00568182 0.00568182
11 0 0 0 0
12 0.0143849 0.00910593 0.00531693 0.00330063
13 0.00520833 0.00520833 0.00189394 0.00189394
14 0.0104167 0.0104167 0.00378788 0.00378788
15 0.00362319 0.00362319 0.00177305 0.00177305
16 0.00362319 0.00362319 0.00177305 0.00177305
17 0.00520833 0.00520833 0.00189394 0.00189394
18 0 0 0 0
19 0 0 0 0
20 0 0 0 0
21 0 0 0 0
22 0 0 0 0
23 0.00396825 0.00396825 0.00152905 0.00152905
24 0 0 0 0
25 0 0 0 0
26 0 0 0 0
27 0 0 0 0
28 0 0 0 0
29 0 0 0 0
30 0 0 0 0
31 0 0 0 0
32 0 0 0 0
33 0 0 0 0
34 0 0 0 0
35 0 0 0 0
36 0 0 0 0
37 0 0 0 0
38 0 0 0 0
39 0 0 0 0
40 0 0 0 0
41 0 0 0 0
42 0 0 0 0
43 0 0 0 0
44 0 0 0 0
45 0 0 0 0
46 0 0 0 0
47 0 0 0 0
48 0 0 0 0
49 0 0 0 0
50 0 0 0 0
51 0 0 0 0
52 0 0 0 0
53 0 0 0 0
54 0 0 0 0
55 0 0 0 0
56 0 0 0 0
57 0 0 0 0
58 0 0 0 0
59 0 0 0 0
60 0 0 0 0
70 0 0 0 0
80 0 0 0 0
90 0 0 0 0
100 0 0 0 0
110 0 0 0 0
120 0 0 0 0
130 0 0 0 0
140 0 0 0 0
150 0 0 0 0
160 0 0 0 0
170 0 0 0 0
180 0 0 0 0
190 0 0 0 0
200 0 0 0 0
210 0 0 0 0
220 0 0 0 0
230 0 0 0 0
240 0 0 0 0
250 0 0 0 0
260 0 0 0 0
270 0 0 0 0
280 0 0 0 0
290 0 0 0 0
300 0 0 0 0
310 0 0 0 0
320 0 0 0 0
330 0 0 0 0
340 0 0 0 0
350 0 0 0 0
360 0 0 0 0
370 0 0 0 0
380 0 0 0 0
390 0 0 0 0
400 0 0 0 0
410 0 0 0 0
420 0 0 0 0
430 0 0 0 0
440 0 0 0 0
450 0 0 0 0
460 0 0 0 0
470 0 0 0 0
480 0 0 0 0
490 0 0 0 0
500 0 0 0 0
510 0 0 0 0
520 0 0 0 0
530 0 0 0 0
540 0 0 0 0
550 0 0 0 0
560 0 0 0 0
570 0 0 0 0
580 0 0 0 0
590 0 0 0 0
600 0 0 0 0
610 0 0 0 0
620 0 0 0 0
630 0 0 0 0
640 0 0 0 0
650 0 0 0 0
660 0 0 0 0
670 0 0 0 0
680 0 0 0 0
690 0 0 0 0
700 0 0 0 0
710 0 0 0 0
720 0 0 0 0
730 0 0 0 0
740 0 0 0 0
750 0 0 0 0
760 0 0 0 0
770 0 0 0 0
780 0 0 0 0
790 0 0 0 0
800 0 0 0 0
810 0 0 0 0
820 0 0 0 0
830 0 0 0 0
840 0 0 0 0
850 0 0 0 0
860 0 0 0 0
870 0 0 0 0
880 0 0 0 0
890 0 0 0 0
900 0 0 0 0
910 0 0 0 0
920 0 0 0 0
930 0 0 0 0
940 0 0 0 0
950 0 0 0 0
960 0 0 0 0
970 0 0 0 0
980 0 0 0 0
990 0 0 0 0
1000 0 0 0 0
1010 0 0 0 0
1020 0 0 0 0
1030 0 0 0 0
1040 0 0 0 0
1050 0 0 0 0
1060 0 0 0 0
1070 0 0 0 0
1080 0 0 0 0
1090 0 0 0 0
1100 0 0 0 0
1110 0 0 0 0
1120 0 0 0 0
1130 0 0 0 0
1140 0 0 0 0
1150 0 0 0 0
1160 0 0 0 0
1170 0 0 0 0
1180 0 0 0 0
1190 0 0 0 0
1200 0 0 0 0
1210 0 0 0 0
1220 0 0 0 0
1230 0 0 0 0
1240 0 0 0 0
1250 0 0 0 0
1260 0 0 0 0
1270 0 0 0 0
1280 0 0 0 0
1290 0 0 0 0
1300 0 0 0 0
1310 0 0 0 0
1320 0 0 0 0
1330 0 0 0 0
1340 0 0 0 0
1350 0 0 0 0
1360 0 0 0 0
1370 0 0 0 0
1380 0 0 0 0
1390 0 0 0 0
1400 0 0 0 0
1410 0 0 0 0
1420 0 0 0 0
1430 0 0 0 0
1440 0 0 0 0


DSBEnd_Ku
0 0 0 0 0
0.0166667 1 0 0.258112 0.0246156
0.0333333 0.780223 0.074239 0.199044 0.0144847
0.05 0.414987 0.0288406 0.107167 0.0125156
0.0666667 0.297054 0.0889907 0.0759191 0.0206842
0.0833333 0.225999 0.045544 0.0571542 0.00909981
0.1 0.195525 0.0182147 0.0497016 0.00226532
0.116667 0.186683 0.0317247 0.0468853 0.00497995
0.133333 0.216275 0.0616169 0.0530551 0.0120534
0.15 0.188346 0.0646402 0.0472479 0.0139671
0.166667 0.159207 0.0488657 0.038996 0.0098206
0.183333 0.121157 0.0352543 0.0297703 0.00702033
0.2 0.0740394 0.0200479 0.0187693 0.00440216
0.216667 0.0803494 0.0256722 0.0194991 0.0052818
0.233333 0.0489377 0.0110655 0.0121651 0.00199871
0.25 0.0929002 0.0265415 0.0228012 0.00524057
0.266667 0.0978754 0.022131 0.0243303 0.00399742
0.283333 0.0551787 0.0279868 0.0147375 0.00738428
0.3 0.0633087 0.0200189 0.0166314 0.0054957
0.316667 0.0419163 0.015762 0.010513 0.00345063
0.333333 0.0463371 0.00123732 0.0119211 0.00094369
0.35 0.0262104 0.0141989 0.00684598 0.00348085
0.366667 0.0125509 0.00666736 0.0033021 0.00166452
0.383333 0.0282567 0.00902256 0.00696909 0.00186162
0.4 0.0326775 0.0197331 0.00837725 0.00462373
0.416667 0.0533585 0.019676 0.0135733 0.00450281
0.433333 0.035052 0.0180021 0.00966231 0.00531922
0.45 0.0356063 0.0120571 0.0097832 0.00428399
0.466667 0.0502035 0.0266694 0.0132084 0.00665807
0.483333 0.0457827 0.0126516 0.0118002 0.0031242
0.5 0.0358325 0.0164038 0.00874214 0.00362147
0.516667 0.0314117 0.0157352 0.00733398 0.00367296
0.533333 0.0520926 0.0186394 0.01253 0.00398383
0.55 0.0532013 0.0344487 0.0127718 0.0078215
0.566667 0.031966 0.0216218 0.00745487 0.00503514
0.583333 0.0703991 0.0355041 0.016441 0.00829601
0.6 0.0515383 0.0219779 0.0124091 0.0048461
0.616667 0.0230555 0.012943 0.0064811 0.00399264
0.633333 0.0277024 0.0206932 0.0068482 0.00474322
0.65 0.0332318 0.00631137 0.00849814 0.00147021
0.666667 0.0282567 0.00902256 0.00696909 0.00186162
0.683333 0.0157058 0.00786758 0.00366699 0.00183648
0.7 0.0125509 0.00666736 0.0033021 0.00166452
0.716667 0.0358325 0.0164038 0.00874214 0.00362147
0.733333 0.0282567 0.00902256 0.00696909 0.00186162
0.75 0 0 0 0
0.766667 0.00995025 0.00995025 0.0030581 0.0030581
0.783333 0.0481572 0.0145649 0.0130853 0.00512886
0.8 0.0356063 0.0120571 0.0097832 0.00428399
0.816667 0.0262104 0.0141989 0.00684598 0.00348085
0.833333 0.00813008 0.00813008 0.00189394 0.00189394
0.85 0 0 0 0
0.866667 0.0201266 0.0133768 0.00507515 0.00308069
0.883333 0.0326775 0.0197331 0.00837725 0.00462373
0.9 0.0201266 0.0133768 0.00507515 0.00308069
0.916667 0.0131052 0.00709943 0.00342299 0.00174042
0.933333 0.00813008 0.00813008 0.00189394 0.00189394
0.95 0.00497512 0.00497512 0.00152905 0.00152905
0.966667 0.0306312 0.00708873 0.00825415 0.00275565
0.983333 0.0282567 0.00902256 0.00696909 0.00186162
1 0.0232816 0.0131333 0.00544004 0.00307339
1.16667 0.0262104 0.0141989 0.00684598 0.00348085
1.33333 0.0306312 0.00708873 0.00825415 0.00275565
1.5 0.0332318 0.00631137 0.00849814 0.00147021
1.66667 0.0131052 0.00709943 0.00342299 0.00174042
1.83333 0.050984 0.0314451 0.0122882 0.00716073
2 0.0151515 0.0151515 0.0035461 0.0035461
2.16667 0.00813008 0.00813008 0.00189394 0.00189394
2.33333 0.0358325 0.0164038 0.00874214 0.00362147
2.5 0 0 0 0
2.66667 0.0125509 0.00666736 0.0033021 0.00166452
2.83333 0.0332318 0.00631137 0.00849814 0.00147021
3 0.017526 0.00900105 0.00483115 0.00265961
3.16667 0.0125509 0.00666736 0.0033021 0.00166452
3.33333 0 0 0 0
3.5 0.0157058 0.00786758 0.00366699 0.00183648
3.66667 0.0251018 0.0133347 0.0066042 0.00332904
3.83333 0.00995025 0.00995025 0.0030581 0.0030581
4 0 0 0 0
4.16667 0.0180803 0.00917656 0.00495204 0.00267341
4.33333 0.00813008 0.00813008 0.00189394 0.00189394
4.5 0.00497512 0.00497512 0.00152905 0.00152905
4.66667 0.0180803 0.00917656 0.00495204 0.00267341
4.83333 0.00757576 0.00757576 0.00177305 0.00177305
5 0.00757576 0.00757576 0.00177305 0.00177305
5.16667 0.00497512 0.00497512 0.00152905 0.00152905
5.33333 0.0131052 0.00709943 0.00342299 0.00174042
5.5 0.00813008 0.00813008 0.00189394 0.00189394
5.66667 0.00497512 0.00497512 0.00152905 0.00152905
5.83333 0.00757576 0.00757576 0.00177305 0.00177305
6 0.00497512 0.00497512 0.00152905 0.00152905
6.16667 0.00757576 0.00757576 0.00177305 0.00177305
6.33333 0 0 0 0
6.5 0.00497512 0.00497512 0.00152905 0.00152905
6.66667 0.00497512 0.00497512 0.00152905 0.00152905
6.83333 0 0 0 0
7 0 0 0 0
7.16667 0 0 0 0
7.33333 0.00757576 0.00757576 0.00177305 0.00177305
7.5 0 0 0 0
7.66667 0.00497512 0.00497512 0.00152905 0.00152905
7.83333 0.0125509 0.00666736 0.0033021 0.00166452
8 0 0 0 0
8.16667 0.00497512 0.00497512 0.00152905 0.00152905
8.33333 0 0 0 0
8.5 0 0 0 0
8.66667 0 0 0 0
8.83333 0 0 0 0
9 0 0 0 0
9.16667 0.00757576 0.00757576 0.00177305 0.00177305
9.33333 0 0 0 0
9.5 0 0 0 0
9.66667 0 0 0 0
9.83333 0 0 0 0
10 0 0 0 0
11 0.00995025 0.00995025 0.0030581 0.0030581
12 0 0 0 0
13 0.00757576 0.00757576 0.00177305 0.00177305
14 0.00813008 0.00813008 0.00189394 0.00189394
15 0 0 0 0
16 0 0 0 0
17 0.00813008 0.00813008 0.00189394 0.00189394
18 0 0 0 0
19 0 0 0 0
20 0 0 0 0
21 0 0 0 0
22 0 0 0 0
23 0 0 0 0
24 0 0 0 0
25 0.00497512 0.00497512 0.00152905 0.00152905
26 0 0 0 0
27 0 0 0 0
28 0 0 0 0
29 0 0 0 0
30 0 0 0 0
31 0 0 0 0
32 0 0 0 0
33 0 0 0 0
34 0 0 0 0
35 0 0 0 0
36 0 0 0 0
37 0 0 0 0
38 0 0 0 0
39 0 0 0 0
40 0 0 0 0
41 0 0 0 0
42 0 0 0 0
43 0 0 0 0
44 0 0 0 0
45 0 0 0 0
46 0 0 0 0
47 0 0 0 0
48 0 0 0 0
49 0 0 0 0
50 0 0 0 0
51 0 0 0 0
52 0 0 0 0
53 0 0 0 0
54 0 0 0 0
55 0 0 0 0
56 0 0 0 0
57 0 0 0 0
58 0 0 0 0
59 0 0 0 0
60 0 0 0 0
70 0 0 0 0
80 0 0 0 0
90 0 0 0 0
100 0 0 0 0
110 0 0 0 0
120 0 0 0 0
130 0 0 0 0
140 0 0 0 0
150 0 0 0 0
160 0 0 0 0
170 0 0 0 0
180 0 0 0 0
190 0 0 0 0
200 0 0 0 0
210 0 0 0 0
220 0 0 0 0
230 0 0 0 0
240 0 0 0 0
250 0 0 0 0
260 0 0 0 0
270 0 0 0 0
280 0 0 0 0
290 0 0 0 0
300 0 0 0 0
310 0 0 0 0
320 0 0 0 0
330 0 0 0 0
340 0 0 0 0
350 0 0 0 0
360 0 0 0 0
370 0 0 0 0
380 0 0 0 0
390 0 0 0 0
400 0 0 0 0
410 0 0 0 0
420 0 0 0 0
430 0 0 0 0
440 0 0 0 0
450 0 0 0 0
460 0 0 0 0
470 0 0 0 0
480 0 0 0 0
490 0 0 0 0
500 0 0 0 0
510 0 0 0 0
520 0 0 0 0
530 0 0 0 0
540 0 0 0 0
550 0 0 0 0
560 0 0 0 0
570 0 0 0 0
580 0 0 0 0
590 0 0 0 0
600 0 0 0 0
610 0 0 0 0
620 0 0 0 0
630 0 0 0 0
640 0 0 0 0
650 0 0 0 0
660 0 0 0 0
670 0 0 0 0
680 0 0 0 0
690 0 0 0 0
700 0 0 0 0
710 0 0 0 0
720 0 0 0 0
730 0 0 0 0
740 0 0 0 0
750 0 0 0 0
760 0 0 0 0
770 0 0 0 0
780 0 0 0 0
790 0 0 0 0
800 0 0 0 0
810 0 0 0 0
820 0 0 0 0
830 0 0 0 0
840 0 0 0 0
850 0 0 0 0
860 0 0 0 0
870 0 0 0 0
880 0 0 0 0
890 0 0 0 0
900 0 0 0 0
910 0 0 0 0
920 0 0 0 0
930 0 0 0 0
940 0 0 0 0
950 0 0 0 0
960 0 0 0 0
970 0 0 0 0
980 0 0 0 0
990 0 0 0 0
1000 0 0 0 0
1010 0 0 0 0
1020 0 0 0 0
1030 0 0 0 0
1040 0 0 0 0
1050 0 0 0 0
1060 0 0 0 0
1070 0 0 0 0
1080 0 0 0 0
1090 0 0 0 0
1100 0 0 0 0
1110 0 0 0 0
1120 0 0 0 0
1130 0 0 0 0
1140 0 0 0 0
1150 0 0 0 0
1160 0 0 0 0
1170 0 0 0 0
1180 0 0 0 0
1190 0 0 0 0
1200 0 0 0 0
1210 0 0 0 0
1220 0 0 0 0
1230 0 0 0 0
1240 0 0 0 0
1250 0 0 0 0
1260 0 0 0 0
1270 0 0 0 0
1280 0 0 0 0
1290 0 0 0 0
1300 0 0 0 0
1310 0 0 0 0
1320 0 0 0 0
1330 0 0 0 0
1340 0 0 0 0
1350 0 0 0 0
1360 0 0 0 0
1370 0 0 0 0
1380 0 0 0 0
1390 0 0 0 0
1400 0 0 0 0
1410 0 0 0 0
1420 0 0 0 0
1430 0 0 0 0
1440 0 0 0 0


DSBEnd_PKcs
0 0 0 0 0
0.0166667 0.301643 0.0746578 0.0511634 0.0123446
0.0333333 0.436508 0.103175 0.0734721 0.0144039
0.05 0.60434 0.0227508 0.103191 0.00164322
0.0666667 0.57326 0.0817911 0.0975628 0.0128123
0.0833333 0.687451 0.0391505 0.11725 0.00368398
0.1 0.612637 0.0297349 0.104843 0.00621581
0.116667 0.587801 0.0663836 0.101244 0.01438
0.133333 0.577978 0.122351 0.100026 0.0238866
0.15 0.630508 0.074271 0.10821 0.0148095
0.166667 0.70893 0.112041 0.120859 0.0184712
0.183333 0.686452 0.0798513 0.118117 0.0168683
0.2 0.701743 0.099626 0.121054 0.0206403
0.216667 0.696553 0.0752743 0.11989 0.0163364
0.233333 0.703297 0.0886215 0.121298 0.0189009
0.25 0.589383 0.108969 0.102166 0.021786
0.266667 0.602842 0.0924697 0.104304 0.0190813
0.283333 0.614996 0.0801583 0.106075 0.0169493
0.3 0.652292 0.0928662 0.112679 0.0194177
0.316667 0.684676 0.132747 0.118674 0.0263615
0.333333 0.705128 0.130953 0.122097 0.0261559
0.35 0.715229 0.129855 0.12387 0.0260438
0.366667 0.746032 0.129926 0.128943 0.0260906
0.383333 0.734127 0.138207 0.127049 0.0275016
0.4 0.772949 0.0912003 0.133219 0.0196691
0.416667 0.738511 0.0663564 0.127226 0.0155124
0.433333 0.780719 0.0709541 0.134439 0.0162269
0.45 0.760268 0.0803033 0.131016 0.0175607
0.466667 0.782273 0.0771128 0.134683 0.0169634
0.483333 0.707681 0.042564 0.121475 0.0104673
0.5 0.726579 0.024341 0.124654 0.00834954
0.516667 0.709735 0.00646951 0.121472 0.00429553
0.533333 0.721639 0.0154194 0.123366 0.00268284
0.55 0.724775 0.0429081 0.124533 0.0112335
0.566667 0.729937 0.0138599 0.125018 0.00583991
0.583333 0.734876 0.050799 0.126306 0.0123993
0.6 0.766983 0.0589692 0.131746 0.0133812
0.616667 0.768787 0.040737 0.131867 0.0102067
0.633333 0.748612 0.070738 0.128999 0.0162299
0.65 0.733072 0.0698676 0.126185 0.0154933
0.666667 0.695804 0.0989167 0.120259 0.0204304
0.683333 0.700466 0.118165 0.120991 0.0231467
0.7 0.742924 0.106954 0.128081 0.0213582
0.716667 0.731019 0.116715 0.126187 0.0230253
0.733333 0.75641 0.14448 0.130897 0.0279117
0.75 0.715756 0.137856 0.123928 0.026669
0.766667 0.71756 0.118809 0.124049 0.0235345
0.783333 0.716006 0.112538 0.123805 0.0226452
0.8 0.688561 0.128418 0.119097 0.0248566
0.816667 0.731269 0.0889406 0.126064 0.018615
0.833333 0.690365 0.109351 0.119218 0.021691
0.85 0.688561 0.128418 0.119097 0.0248566
0.866667 0.709013 0.118179 0.12252 0.0232913
0.883333 0.680264 0.100779 0.117445 0.020286
0.9 0.698912 0.10976 0.120747 0.0219072
0.916667 0.675103 0.13172 0.116959 0.0255018
0.933333 0.692197 0.135554 0.120017 0.0263591
0.95 0.680292 0.147156 0.118123 0.0282235
0.966667 0.721195 0.129552 0.124969 0.0256436
0.983333 0.707737 0.139584 0.122831 0.0273339
1 0.727939 0.150782 0.126377 0.0291939
1.16667 0.67871 0.0939231 0.117201 0.0193308
1.33333 0.726884 0.123092 0.125887 0.0249614
1.5 0.661866 0.0658297 0.11402 0.0146353
1.66667 0.699412 0.06408 0.120501 0.0148563
1.83333 0.719364 0.0997748 0.12417 0.0204129
2 0.728161 0.0786544 0.125576 0.0173383
2.16667 0.77578 0.0314747 0.133152 0.00976624
2.33333 0.784077 0.058049 0.134804 0.0138683
2.5 0.762071 0.0615835 0.131137 0.0145624
2.66667 0.746809 0.0880611 0.128878 0.0189946
2.83333 0.740343 0.107091 0.128025 0.0223423
3 0.808164 0.0663193 0.139147 0.0159526
3.16667 0.787962 0.0631807 0.135601 0.0152429
3.33333 0.785909 0.0894056 0.135603 0.0195124
3.5 0.836913 0.0792737 0.144222 0.0182048
3.66667 0.818265 0.070054 0.14092 0.0165827
3.83333 0.867716 0.065003 0.149295 0.0160679
4 0.880925 0.0668314 0.151556 0.0161854
4.16667 0.835359 0.0809513 0.143978 0.0185572
4.33333 0.827062 0.0678203 0.142326 0.0162042
4.5 0.837163 0.0679111 0.144099 0.016371
4.66667 0.820319 0.0525299 0.140918 0.0132916
4.83333 0.801421 0.0462348 0.137739 0.0125672
5 0.803225 0.0359867 0.13786 0.0105808
5.16667 0.831974 0.0433544 0.142935 0.0122751
5.33333 0.865884 0.0228703 0.148496 0.00909052
5.5 0.835331 0.0257049 0.1433 0.00937208
5.66667 0.844128 0.0406452 0.144706 0.0104498
5.83333 0.850844 0.0320642 0.145436 0.0053739
6 0.842297 0.0303659 0.143906 0.00388835
6.16667 0.843851 0.0245125 0.14415 0.00139508
6.33333 0.820013 0.0557645 0.139684 0.0042997
6.5 0.843823 0.0791283 0.143472 0.00795622
6.66667 0.831918 0.0674074 0.141578 0.00610798
6.83333 0.850566 0.0585894 0.14488 0.004603
7 0.842269 0.0789373 0.143228 0.00804352
7.16667 0.840715 0.0819984 0.142984 0.00908187
7.33333 0.803197 0.0290424 0.137181 0.0026937
7.5 0.784549 0.0382646 0.133879 0.00313076
7.66667 0.803197 0.0290424 0.137181 0.0026937
7.83333 0.840493 0.0115978 0.143786 0.00433456
8 0.856283 0.06649 0.146477 0.0123436
8.16667 0.842546 0.0599219 0.143783 0.00840518
8.33333 0.800089 0.051657 0.136693 0.00838351
8.5 0.767455 0.0449247 0.130821 0.00278037
8.66667 0.777556 0.0414051 0.132594 0.00229532
8.83333 0.786103 0.0357488 0.134123 0.00112026
9 0.787657 0.040182 0.134367 0.00301561
9.16667 0.762293 0.012387 0.130335 0.00266774
9.33333 0.760739 0.0173967 0.130091 0.00383918
9.5 0.752192 0.0174103 0.128562 0.0023609
9.66667 0.719836 0.00386593 0.123245 0.00480982
9.83333 0.729937 0.0138599 0.125018 0.00583991
10 0.73174 0.00951826 0.125139 0.00291931
11 0.777833 0.027203 0.13315 0.00686281
12 0.73199 0.034852 0.125016 0.00462061
13 0.728355 0.0473518 0.124096 0.00341036
14 0.674242 0.041724 0.114989 0.00430307
15 0.672439 0.0226785 0.114868 0.00226872
16 0.655345 0.0300864 0.11181 0.00102467
17 0.645244 0.0346258 0.110037 0.00209405
18 0.669053 0.0583926 0.113825 0.00568919
19 0.651959 0.0679655 0.110767 0.0072894
20 0.651959 0.0679655 0.110767 0.0072894
21 0.651959 0.0679655 0.110767 0.0072894
22 0.651959 0.0679655 0.110767 0.0072894
23 0.660506 0.062781 0.112296 0.00635713
24 0.651959 0.0679655 0.110767 0.0072894
25 0.636697 0.0390794 0.108508 0.0025767
26 0.62815 0.0447388 0.106979 0.00368371
27 0.62815 0.0447388 0.106979 0.00368371
28 0.611056 0.0582116 0.103921 0.00643882
29 0.611056 0.0582116 0.103921 0.00643882
30 0.611056 0.0582116 0.103921 0.00643882
31 0.611056 0.0582116 0.103921 0.00643882
32 0.611056 0.0582116 0.103921 0.00643882
33 0.611056 0.0582116 0.103921 0.00643882
34 0.611056 0.0582116 0.103921 0.00643882
35 0.590854 0.0624309 0.100375 0.00673069
36 0.590854 0.0624309 0.100375 0.00673069
37 0.590854 0.0624309 0.100375 0.00673069
38 0.590854 0.0624309 0.100375 0.00673069
39 0.590854 0.0624309 0.100375 0.00673069
40 0.590854 0.0624309 0.100375 0.00673069
41 0.590854 0.0624309 0.100375 0.00673069
42 0.590854 0.0624309 0.100375 0.00673069
43 0.590854 0.0624309 0.100375 0.00673069
44 0.590854 0.0624309 0.100375 0.00673069
45 0.590854 0.0624309 0.100375 0.00673069
46 0.590854 0.0624309 0.100375 0.00673069
47 0.590854 0.0624309 0.100375 0.00673069
48 0.590854 0.0624309 0.100375 0.00673069
49 0.590854 0.0624309 0.100375 0.00673069
50 0.590854 0.0624309 0.100375 0.00673069
51 0.590854 0.0624309 0.100375 0.00673069
52 0.590854 0.0624309 0.100375 0.00673069
53 0.590854 0.0624309 0.100375 0.00673069
54 0.590854 0.0624309 0.100375 0.00673069
55 0.590854 0.0624309 0.100375 0.00673069
56 0.590854 0.0624309 0.100375 0.00673069
57 0.590854 0.0624309 0.100375 0.00673069
58 0.590854 0.0624309 0.100375 0.00673069
59 0.590854 0.0624309 0.100375 0.00673069
60 0.590854 0.0624309 0.100375 0.00673069
70 0.590854 0.0624309 0.100375 0.00673069
80 0.590854 0.0624309 0.100375 0.00673069
90 0.590854 0.0624309 0.100375 0.00673069
100 0.567044 0.0390596 0.0965868 0.00306866
110 0.54995 0.0523904 0.0935287 0.00579494
120 0.526141 0.0331599 0.0897409 0.00384814
130 0.526141 0.0331599 0.0897409 0.00384814
140 0.526141 0.0331599 0.0897409 0.00384814
150 0.526141 0.0331599 0.0897409 0.00384814
160 0.526141 0.0331599 0.0897409 0.00384814
170 0.502331 0.0242525 0.085953 0.00497303
180 0.502331 0.0242525 0.085953 0.00497303
190 0.502331 0.0242525 0.085953 0.00497303
200 0.502331 0.0242525 0.085953 0.00497303
210 0.502331 0.0242525 0.085953 0.00497303
220 0.502331 0.0242525 0.085953 0.00497303
230 0.482129 0.0111858 0.0824069 0.00160734
240 0.458319 0.0163253 0.078619 0.00526975
250 0.458319 0.0163253 0.078619 0.00526975
260 0.458319 0.0163253 0.078619 0.00526975
270 0.458319 0.0163253 0.078619 0.00526975
280 0.458319 0.0163253 0.078619 0.00526975
290 0.458319 0.0163253 0.078619 0.00526975
300 0.458319 0.0163253 0.078619 0.00526975
310 0.458319 0.0163253 0.078619 0.00526975
320 0.458319 0.0163253 0.078619 0.00526975
330 0.458319 0.0163253 0.078619 0.00526975
340 0.458319 0.0163253 0.078619 0.00526975
350 0.458319 0.0163253 0.078619 0.00526975
360 0.458319 0.0163253 0.078619 0.00526975
370 0.458319 0.0163253 0.078619 0.00526975
380 0.458319 0.0163253 0.078619 0.00526975
390 0.458319 0.0163253 0.078619 0.00526975
400 0.458319 0.0163253 0.078619 0.00526975
410 0.458319 0.0163253 0.078619 0.00526975
420 0.458319 0.0163253 0.078619 0.00526975
430 0.458319 0.0163253 0.078619 0.00526975
440 0.458319 0.0163253 0.078619 0.00526975
450 0.458319 0.0163253 0.078619 0.00526975
460 0.458319 0.0163253 0.078619 0.00526975
470 0.458319 0.0163253 0.078619 0.00526975
480 0.458319 0.0163253 0.078619 0.00526975
490 0.458319 0.0163253 0.078619 0.00526975
500 0.458319 0.0163253 0.078619 0.00526975
510 0.458319 0.0163253 0.078619 0.00526975
520 0.458319 0.0163253 0.078619 0.00526975
530 0.458319 0.0163253 0.078619 0.00526975
540 0.458319 0.0163253 0.078619 0.00526975
550 0.458319 0.0163253 0.078619 0.00526975
560 0.458319 0.0163253 0.078619 0.00526975
570 0.458319 0.0163253 0.078619 0.00526975
580 0.458319 0.0163253 0.078619 0.00526975
590 0.458319 0.0163253 0.078619 0.00526975
600 0.458319 0.0163253 0.078619 0.00526975
610 0.458319 0.0163253 0.078619 0.00526975
620 0.458319 0.0163253 0.078619 0.00526975
630 0.458319 0.0163253 0.078619 0.00526975
640 0.458319 0.0163253 0.078619 0.00526975
650 0.458319 0.0163253 0.078619 0.00526975
660 0.458319 0.0163253 0.078619 0.00526975
670 0.458319 0.0163253 0.078619 0.00526975
680 0.458319 0.0163253 0.078619 0.00526975
690 0.458319 0.0163253 0.078619 0.00526975
700 0.458319 0.0163253 0.078619 0.00526975
710 0.458319 0.0163253 0.078619 0.00526975
720 0.458319 0.0163253 0.078619 0.00526975
730 0.458319 0.0163253 0.078619 0.00526975
740 0.458319 0.0163253 0.078619 0.00526975
750 0.458319 0.0163253 0.078619 0.00526975
760 0.458319 0.0163253 0.078619 0.00526975
770 0.458319 0.0163253 0.078619 0.00526975
780 0.458319 0.0163253 0.078619 0.00526975
790 0.458319 0.0163253 0.078619 0.00526975
800 0.458319 0.0163253 0.078619 0.00526975
810 0.458319 0.0163253 0.078619 0.00526975
820 0.458319 0.0163253 0.078619 0.00526975
830 0.458319 0.0163253 0.078619 0.00526975
840 0.458319 0.0163253 0.078619 0.00526975
850 0.458319 0.0163253 0.078619 0.00526975
860 0.458319 0.0163253 0.078619 0.00526975
870 0.458319 0.0163253 0.078619 0.00526975
880 0.458319 0.0163253 0.078619 0.00526975
890 0.458319 0.0163253 0.078619 0.00526975
900 0.458319 0.0163253 0.078619 0.00526975
910 0.458319 0.0163253 0.078619 0.00526975
920 0.458319 0.0163253 0.078619 0.00526975
930 0.458319 0.0163253 0.078619 0.00526975
940 0.458319 0.0163253 0.078619 0.00526975
950 0.458319 0.0163253 0.078619 0.00526975
960 0.458319 0.0163253 0.078619 0.00526975
970 0.458319 0.0163253 0.078619 0.00526975
980 0.458319 0.0163253 0.078619 0.00526975
990 0.458319 0.0163253 0.078619 0.00526975
1000 0.458319 0.0163253 0.078619 0.00526975
1010 0.458319 0.0163253 0.078619 0.00526975
1020 0.458319 0.0163253 0.078619 0.00526975
1030 0.458319 0.0163253 0.078619 0.00526975
1040 0.458319 0.0163253 0.078619 0.00526975
1050 0.458319 0.0163253 0.078619 0.00526975
1060 0.458319 0.0163253 0.078619 0.00526975
1070 0.458319 0.0163253 0.078619 0.00526975
1080 0.458319 0.0163253 0.078619 0.00526975
1090 0.458319 0.0163253 0.078619 0.00526975
1100 0.458319 0.0163253 0.078619 0.00526975
1110 0.458319 0.0163253 0.078619 0.00526975
1120 0.458319 0.0163253 0.078619 0.00526975
1130 0.458319 0.0163253 0.078619 0.00526975
1140 0.458319 0.0163253 0.078619 0.00526975
1150 0.458319 0.0163253 0.078619 0.00526975
1160 0.458319 0.0163253 0.078619 0.00526975
1170 0.458319 0.0163253 0.078619 0.00526975
1180 0.458319 0.0163253 0.078619 0.00526975
1190 0.458319 0.0163253 0.078619 0.00526975
1200 0.458319 0.0163253 0.078619 0.00526975
1210 0.458319 0.0163253 0.078619 0.00526975
1220 0.458319 0.0163253 0.078619 0.00526975
1230 0.458319 0.0163253 0.078619 0.00526975
1240 0.458319 0.0163253 0.078619 0.00526975
1250 0.458319 0.0163253 0.078619 0.00526975
1260 0.458319 0.0163253 0.078619 0.00526975
1270 0.458319 0.0163253 0.078619 0.00526975
1280 0.458319 0.0163253 0.078619 0.00526975
1290 0.458319 0.0163253 0.078619 0.00526975
1300 0.458319 0.0163253 0.078619 0.00526975
1310 0.458319 0.0163253 0.078619 0.00526975
1320 0.458319 0.0163253 0.078619 0.00526975
1330 0.458319 0.0163253 0.078619 0.00526975
1340 0.458319 0.0163253 0.078619 0.00526975
1350 0.458319 0.0163253 0.078619 0.00526975
1360 0.458319 0.0163253 0.078619 0.00526975
1370 0.458319 0.0163253 0.078619 0.00526975
1380 0.458319 0.0163253 0.078619 0.00526975
1390 0.458319 0.0163253 0.078619 0.00526975
1400 0.458319 0.0163253 0.078619 0.00526975
1410 0.458319 0.0163253 0.078619 0.00526975
1420 0.458319 0.0163253 0.078619 0.00526975
1430 0.458319 0.0163253 0.078619 0.00526975
1440 0.458319 0.0163253 0.078619 0.00526975


DSBSynaptic
0 0 0 0 0
0.0166667 0.131775 0.029977 0.0998823 0.0245464
0.0333333 0.329225 0.0150991 0.246974 0.00676415
0.05 0.476471 0.0136997 0.358713 0.0202509
0.0666667 0.589181 0.034454 0.442472 0.0244342
0.0833333 0.63541 0.0293871 0.477194 0.0205548
0.1 0.712259 0.0455545 0.535025 0.0334703
0.116667 0.763319 0.0365447 0.573293 0.0260648
0.133333 0.790918 0.0355395 0.594077 0.0259338
0.15 0.819346 0.0283105 0.614866 0.00956637
0.166667 0.833702 0.0242234 0.625746 0.0056633
0.183333 0.875671 0.0103287 0.658865 0.0285639
0.2 0.898996 0.00910795 0.676591 0.0310833
0.216667 0.912374 0.00724987 0.686254 0.0261928
0.233333 0.926173 0.00681346 0.696646 0.0266774
0.25 0.958466 0.00873917 0.721218 0.031452
0.266667 0.948804 0.0181256 0.714126 0.0353605
0.283333 0.959445 0.0145128 0.722436 0.0376887
0.3 0.959445 0.0145128 0.722436 0.0376887
0.316667 0.964697 0.0224293 0.726712 0.0427957
0.333333 0.955729 0.0231395 0.719866 0.0417431
0.35 0.964833 0.0208785 0.72647 0.0389736
0.366667 0.965391 0.0278653 0.726958 0.0417424
0.383333 0.964833 0.0208785 0.72647 0.0389736
0.4 0.93612 0.0108897 0.70471 0.0345101
0.416667 0.944246 0.00981993 0.710096 0.0257184
0.433333 0.93472 0.0142335 0.702762 0.0241752
0.45 0.935141 0.0111448 0.703492 0.0290443
0.466667 0.93472 0.0142335 0.702762 0.0241752
0.483333 0.957338 0.0243985 0.718787 0.0106592
0.5 0.943539 0.0247715 0.708395 0.0103768
0.516667 0.943254 0.0371891 0.707423 0.00414577
0.533333 0.938559 0.0416386 0.703635 0.00651427
0.55 0.938844 0.0288698 0.704607 0.00710755
0.566667 0.929182 0.029934 0.697515 0.0139229
0.583333 0.924773 0.0248068 0.694698 0.0195843
0.6 0.934298 0.0200427 0.702032 0.0198965
0.616667 0.944518 0.0145845 0.709612 0.0150684
0.633333 0.944803 0.00201345 0.710584 0.0256486
0.65 0.944382 0.00930103 0.709854 0.0200971
0.666667 0.949076 0.0062488 0.713642 0.0238811
0.683333 0.938993 0.0183157 0.70582 0.023428
0.7 0.925194 0.0188188 0.695428 0.0231176
0.716667 0.925194 0.0188188 0.695428 0.0231176
0.733333 0.925751 0.011505 0.695916 0.0215068
0.75 0.939687 0.0133437 0.706066 0.0163148
0.766667 0.926445 0.0126428 0.696162 0.0167762
0.783333 0.926445 0.0126428 0.696162 0.0167762
0.8 0.930297 0.0222124 0.698491 0.00876489
0.816667 0.929876 0.0298165 0.697761 0.00377769
0.833333 0.938844 0.0288698 0.704607 0.00710755
0.85 0.929876 0.0298165 0.697761 0.00377769
0.866667 0.911246 0.0295692 0.683823 0.0069629
0.883333 0.911246 0.0295692 0.683823 0.0069629
0.9 0.902141 0.0259169 0.677218 0.00973793
0.916667 0.884762 0.0269 0.664014 0.00631956
0.933333 0.885183 0.0205563 0.664744 0.0117586
0.95 0.876636 0.0197709 0.658628 0.0177072
0.966667 0.8587 0.0284539 0.644936 0.0199755
0.983333 0.862973 0.0278257 0.647994 0.0169642
1 0.858142 0.0235738 0.644448 0.0148853
1.16667 0.863803 0.0492339 0.647999 0.0284929
1.33333 0.833331 0.0546399 0.626104 0.041034
1.5 0.83068 0.0316118 0.623422 0.0152065
1.66667 0.785987 0.0346614 0.590406 0.0256306
1.83333 0.738929 0.00736209 0.555679 0.0196616
2 0.720422 0.0392333 0.540044 0.0172123
2.16667 0.692959 0.0472975 0.519018 0.0228743
2.33333 0.655984 0.0265293 0.492113 0.00984665
2.5 0.653111 0.0290085 0.491002 0.0254789
2.66667 0.630343 0.0329751 0.473764 0.0266412
2.83333 0.581241 0.0442302 0.437931 0.0400688
3 0.54839 0.0350816 0.412871 0.0321408
3.16667 0.530318 0.038375 0.399421 0.0345958
3.33333 0.514153 0.0107351 0.387319 0.0226422
3.5 0.458683 0.0255341 0.346234 0.0316378
3.66667 0.450979 0.0426297 0.341577 0.0456539
3.83333 0.426811 0.0265997 0.322392 0.0320383
4 0.421138 0.0225715 0.317386 0.0252743
4.16667 0.398234 0.0263279 0.30039 0.0281946
4.33333 0.389266 0.0219501 0.293544 0.0251268
4.5 0.374909 0.028214 0.282664 0.027583
4.66667 0.356415 0.0260636 0.268484 0.0243146
4.83333 0.351435 0.0236581 0.263724 0.0152189
5 0.346604 0.0272122 0.260178 0.0186935
5.16667 0.333226 0.0237755 0.250516 0.0189731
5.33333 0.281596 0.0387411 0.210305 0.0235586
5.5 0.291122 0.0339926 0.217639 0.0199798
5.66667 0.274164 0.0197128 0.205164 0.00794121
5.83333 0.277459 0.0358453 0.207005 0.0205415
6 0.254827 0.039783 0.189525 0.0235852
6.16667 0.245165 0.0402201 0.182433 0.0243439
6.33333 0.249575 0.0474618 0.185249 0.0295754
6.5 0.231638 0.0487252 0.171557 0.0311066
6.66667 0.227786 0.0378559 0.169229 0.0229289
6.83333 0.209713 0.0351544 0.155778 0.0214166
7 0.200745 0.0371461 0.148932 0.0233599
7.16667 0.19164 0.032669 0.142328 0.0200921
7.33333 0.184915 0.0238893 0.138889 0.0174013
7.5 0.175389 0.0210035 0.131555 0.0146557
7.66667 0.162011 0.0218509 0.121893 0.0165831
7.83333 0.148633 0.0249795 0.112231 0.019794
8 0.149327 0.0370919 0.112477 0.0275325
8.16667 0.148905 0.0349481 0.111747 0.025325
8.33333 0.162568 0.0296935 0.122381 0.0222682
8.5 0.171116 0.0234834 0.128497 0.0170229
8.66667 0.157316 0.0230814 0.118105 0.0166607
8.83333 0.152485 0.0183271 0.114559 0.0134471
9 0.151928 0.0109927 0.114071 0.00772285
9.16667 0.142823 0.00906518 0.107467 0.00792239
9.33333 0.147654 0.0136269 0.111013 0.0104508
9.5 0.147654 0.0136269 0.111013 0.0104508
9.66667 0.147518 0.00974323 0.111255 0.010024
9.83333 0.138129 0.010654 0.103679 0.00733098
10 0.128603 0.00931232 0.0963451 0.00502473
11 0.0972883 0.0167172 0.0729908 0.0119923
12 0.077258 0.0180729 0.0571051 0.0118337
13 0.053933 0.021934 0.039379 0.0153407
14 0.0635949 0.0247683 0.0464712 0.0175541
15 0.0500809 0.011098 0.0370507 0.00722548
16 0.0362816 0.0113249 0.0266586 0.00777109
17 0.0267559 0.0148458 0.0193246 0.0106384
18 0.0182088 0.00915547 0.0132084 0.00665807
19 0.0176514 0.0112147 0.0127204 0.0080131
20 0.00854701 0.00854701 0.00611621 0.00611621
21 0.00854701 0.00854701 0.00611621 0.00611621
22 0.00854701 0.00854701 0.00611621 0.00611621
23 0.0042735 0.0042735 0.0030581 0.0030581
24 0.0042735 0.0042735 0.0030581 0.0030581
25 0.00469484 0.00469484 0.00378788 0.00378788
26 0.00896834 0.00449899 0.00684598 0.00348085
27 0.00469484 0.00469484 0.00378788 0.00378788
28 0.00896834 0.00449899 0.00684598 0.00348085
29 0.00469484 0.00469484 0.00378788 0.00378788
30 0 0 0 0
31 0 0 0 0
32 0 0 0 0
33 0 0 0 0
34 0 0 0 0
35 0 0 0 0
36 0 0 0 0
37 0 0 0 0
38 0 0 0 0
39 0 0 0 0
40 0 0 0 0
41 0 0 0 0
42 0 0 0 0
43 0 0 0 0
44 0 0 0 0
45 0 0 0 0
46 0 0 0 0
47 0 0 0 0
48 0 0 0 0
49 0 0 0 0
50 0 0 0 0
51 0 0 0 0
52 0 0 0 0
53 0 0 0 0
54 0 0 0 0
55 0 0 0 0
56 0 0 0 0
57 0 0 0 0
58 0 0 0 0
59 0 0 0 0
60 0 0 0 0
70 0 0 0 0
80 0 0 0 0
90 0 0 0 0
100 0 0 0 0
110 0 0 0 0
120 0.00469484 0.00469484 0.00378788 0.00378788
130 0 0 0 0
140 0 0 0 0
150 0 0 0 0
160 0 0 0 0
170 0.00469484 0.00469484 0.00378788 0.00378788
180 0.00469484 0.00469484 0.00378788 0.00378788
190 0 0 0 0
200 0 0 0 0
210 0 0 0 0
220 0 0 0 0
230 0 0 0 0
240 0 0 0 0
250 0 0 0 0
260 0 0 0 0
270 0 0 0 0
280 0 0 0 0
290 0 0 0 0
300 0 0 0 0
310 0 0 0 0
320 0 0 0 0
330 0 0 0 0
340 0 0 0 0
350 0 0 0 0
360 0 0 0 0
370 0 0 0 0
380 0 0 0 0
390 0 0 0 0
400 0 0 0 0
410 0 0 0 0
420 0 0 0 0
430 0 0 0 0
440 0 0 0 0
450 0 0 0 0
460 0 0 0 0
470 0 0 0 0
480 0 0 0 0
490 0 0 0 0
500 0 0 0 0
510 0 0 0 0
520 0 0 0 0
530 0 0 0 0
540 0 0 0 0
550 0 0 0 0
560 0 0 0 0
570 0 0 0 0
580 0 0 0 0
590 0 0 0 0
600 0 0 0 0
610 0 0 0 0
620 0 0 0 0
630 0 0 0 0
640 0 0 0 0
650 0 0 0 0
660 0 0 0 0
670 0 0 0 0
680 0 0 0 0
690 0 0 0 0
700 0 0 0 0
710 0 0 0 0
720 0 0 0 0
730 0 0 0 0
740 0 0 0 0
750 0 0 0 0
760 0 0 0 0
770 0 0 0 0
780 0 0 0 0
790 0 0 0 0
800 0 0 0 0
810 0 0 0 0
820 0 0 0 0
830 0 0 0 0
840 0 0 0 0
850 0 0 0 0
860 0 0 0 0
870 0 0 0 0
880 0 0 0 0
890 0 0 0 0
900 0 0 0 0
910 0 0 0 0
920 0 0 0 0
930 0 0 0 0
940 0 0 0 0
950 0 0 0 0
960 0 0 0 0
970 0 0 0 0
980 0 0 0 0
990 0 0 0 0
1000 0 0 0 0
1010 0 0 0 0
1020 0 0 0 0
1030 0 0 0 0
1040 0 0 0 0
1050 0 0 0 0
1060 0 0 0 0
1070 0 0 0 0
1080 0 0 0 0
1090 0 0 0 0
1100 0 0 0 0
1110 0 0 0 0
1120 0 0 0 0
1130 0 0 0 0
1140 0 0 0 0
1150 0 0 0 0
1160 0 0 0 0
1170 0 0 0 0
1180 0 0 0 0
1190 0 0 0 0
1200 0 0 0 0
1210 0 0 0 0
1220 0 0 0 0
1230 0 0 0 0
1240 0 0 0 0
1250 0 0 0 0
1260 0 0 0 0
1270 0 0 0 0
1280 0 0 0 0
1290 0 0 0 0
1300 0 0 0 0
1310 0 0 0 0
1320 0 0 0 0
1330 0 0 0 0
1340 0 0 0 0
1350 0 0 0 0
1360 0 0 0 0
1370 0 0 0 0
1380 0 0 0 0
1390 0 0 0 0
1400 0 0 0 0
1410 0 0 0 0
1420 0 0 0 0
1430 0 0 0 0
1440 0 0 0 0


DSBSynaptic_Stable
0 0 0 0 0
0.0166667 0 0 0 0
0.0333333 0 0 0 0
0.05 0 0 0 0
0.0666667 0.00653595 0.00653595 0.00378788 0.00378788
0.0833333 0.00653595 0.00653595 0.00378788 0.00378788
0.1 0.00653595 0.00653595 0.00378788 0.00378788
0.116667 0.00653595 0.00653595 0.00378788 0.00378788
0.133333 0.0240484 0.00774999 0.01418 0.0042945
0.15 0.0240484 0.00774999 0.01418 0.0042945
0.166667 0.0286146 0.00580117 0.0172381 0.00353369
0.183333 0.0331808 0.00699609 0.0202962 0.00502346
0.2 0.0331808 0.00699609 0.0202962 0.00502346
0.216667 0.0506932 0.00622544 0.0306883 0.0047656
0.233333 0.0636394 0.00744314 0.0380222 0.00396431
0.25 0.0636394 0.00744314 0.0380222 0.00396431
0.266667 0.0700497 0.00763999 0.0415683 0.00257553
0.283333 0.0810261 0.00808967 0.0481725 0.00251236
0.3 0.0921283 0.00499797 0.0550185 0.00104703
0.316667 0.0966945 0.000676649 0.0580766 0.00324529
0.333333 0.0966945 0.000676649 0.0580766 0.00324529
0.35 0.0966945 0.000676649 0.0580766 0.00324529
0.366667 0.101261 0.00419959 0.0611347 0.00621865
0.383333 0.114207 0.00239953 0.0684687 0.00276482
0.4 0.133689 0.0136546 0.0795906 0.00566775
0.416667 0.140225 0.0195097 0.0833784 0.00945223
0.433333 0.151327 0.0226133 0.0902244 0.0119373
0.45 0.155893 0.0201042 0.0932825 0.0113331
0.466667 0.155893 0.0201042 0.0932825 0.0113331
0.483333 0.155893 0.0201042 0.0932825 0.0113331
0.5 0.166996 0.0247834 0.100129 0.0145926
0.516667 0.166996 0.0247834 0.100129 0.0145926
0.533333 0.166996 0.0247834 0.100129 0.0145926
0.55 0.171562 0.0236768 0.103187 0.0149903
0.566667 0.171562 0.0236768 0.103187 0.0149903
0.583333 0.171562 0.0236768 0.103187 0.0149903
0.6 0.171562 0.0236768 0.103187 0.0149903
0.616667 0.171562 0.0236768 0.103187 0.0149903
0.633333 0.177972 0.0191009 0.106733 0.0116381
0.65 0.184382 0.0158519 0.110279 0.0084458
0.666667 0.190918 0.0223294 0.114067 0.0118929
0.683333 0.208431 0.0235958 0.124459 0.0122142
0.7 0.212997 0.0209531 0.127517 0.011944
0.716667 0.212997 0.0209531 0.127517 0.011944
0.733333 0.212997 0.0209531 0.127517 0.011944
0.75 0.224099 0.0254906 0.134363 0.0153021
0.766667 0.230509 0.0220697 0.137909 0.0121453
0.783333 0.230509 0.0220697 0.137909 0.0121453
0.8 0.237045 0.0285898 0.141697 0.0155593
0.816667 0.237045 0.0285898 0.141697 0.0155593
0.833333 0.241611 0.0263456 0.144755 0.0154583
0.85 0.248147 0.0328632 0.148543 0.0187258
0.866667 0.252714 0.0311217 0.151601 0.018832
0.883333 0.252714 0.0311217 0.151601 0.018832
0.9 0.25728 0.0299805 0.154659 0.0194252
0.916667 0.272948 0.0351629 0.164563 0.0239351
0.933333 0.272948 0.0351629 0.164563 0.0239351
0.95 0.277514 0.035524 0.167621 0.0253004
0.966667 0.28405 0.0408596 0.171409 0.0274095
0.983333 0.290461 0.0352956 0.174955 0.0238954
1 0.296996 0.041193 0.178743 0.0264088
1.16667 0.334869 0.0580336 0.202339 0.0378123
1.33333 0.352382 0.0580489 0.212731 0.0377958
1.5 0.380619 0.0301878 0.229244 0.0242778
1.66667 0.415518 0.0192931 0.249786 0.018938
1.83333 0.437723 0.0304802 0.263478 0.0255036
2 0.487789 0.050915 0.292568 0.0312672
2.16667 0.505176 0.0415476 0.302718 0.025133
2.33333 0.536387 0.0375282 0.322285 0.0281833
2.5 0.567472 0.0258811 0.341609 0.0288129
2.66667 0.591646 0.042581 0.356031 0.0344785
2.83333 0.615443 0.026674 0.369727 0.025778
3 0.652186 0.020177 0.390758 0.0151691
3.16667 0.669699 0.0219309 0.40115 0.0148803
3.33333 0.701876 0.0365605 0.419122 0.00216193
3.5 0.738493 0.058765 0.439911 0.0144242
3.66667 0.743059 0.0551539 0.442969 0.0138112
3.83333 0.762416 0.0661221 0.453849 0.017927
4 0.773518 0.0617556 0.460695 0.0144505
4.16667 0.797566 0.0632751 0.474875 0.012733
4.33333 0.813235 0.0555254 0.484779 0.00761075
4.5 0.828151 0.0670613 0.492843 0.0128488
4.66667 0.839127 0.0674313 0.499447 0.012766
4.83333 0.858735 0.0734475 0.510811 0.0172739
5 0.852325 0.0699994 0.507264 0.0165484
5.16667 0.845789 0.0670079 0.503477 0.0136595
5.33333 0.887224 0.0746293 0.527807 0.0162186
5.5 0.89179 0.0701205 0.530865 0.0131656
5.66667 0.907458 0.0635806 0.540769 0.0098216
5.83333 0.901048 0.0601136 0.537223 0.0101347
6 0.929663 0.0609751 0.554461 0.0125476
6.16667 0.929537 0.0609225 0.554219 0.0077816
6.33333 0.934103 0.0563776 0.557277 0.00550901
6.5 0.9367 0.0451351 0.559606 0.00471845
6.66667 0.92191 0.0300288 0.551784 0.0136697
6.83333 0.918096 0.0150816 0.550566 0.0231793
7 0.898614 0.0124509 0.539444 0.0284439
7.16667 0.914156 0.0174035 0.549106 0.0329109
7.33333 0.935018 0.0397894 0.563667 0.0533833
7.5 0.947964 0.0346334 0.571001 0.0497171
7.66667 0.943398 0.0313482 0.567943 0.0466822
7.83333 0.936987 0.030125 0.564397 0.0481619
8 0.936862 0.0377414 0.564155 0.0490703
8.16667 0.932295 0.0349215 0.561097 0.0460702
8.33333 0.919475 0.0317643 0.554005 0.0487824
8.5 0.911095 0.0414865 0.549729 0.0555078
8.66667 0.911095 0.0414865 0.549729 0.0555078
8.83333 0.912939 0.0377157 0.550217 0.0509768
9 0.888264 0.0229205 0.534438 0.0402541
9.16667 0.90121 0.0192925 0.541772 0.0365824
9.33333 0.877036 0.036965 0.527351 0.041155
9.5 0.870626 0.0333522 0.523805 0.0420187
9.66667 0.864216 0.0306677 0.520258 0.0431574
9.83333 0.864341 0.0232673 0.5205 0.0425042
10 0.856927 0.0290058 0.51463 0.0331693
11 0.852361 0.0288859 0.511572 0.0302625
12 0.841259 0.0346212 0.504726 0.0304281
13 0.825716 0.0302474 0.495064 0.0252012
14 0.777871 0.0181296 0.467187 0.028208
15 0.760358 0.0184903 0.456795 0.0288421
16 0.750134 0.0255877 0.452032 0.0400743
17 0.703756 0.0479666 0.423918 0.0442003
18 0.703756 0.0479666 0.423918 0.0442003
19 0.668605 0.0598086 0.402892 0.0485186
20 0.646527 0.058676 0.389442 0.0465442
21 0.579325 0.0585291 0.350685 0.0521004
22 0.535168 0.0545981 0.323785 0.0476254
23 0.501987 0.0559376 0.303489 0.045711
24 0.48263 0.0591821 0.292609 0.0495561
25 0.471654 0.0547769 0.286004 0.0473302
26 0.445135 0.042747 0.269738 0.040308
27 0.423182 0.0361321 0.25653 0.0369363
28 0.390127 0.0311716 0.236475 0.0331459
29 0.37274 0.0336568 0.226325 0.0343152
30 0.359794 0.0399724 0.218991 0.0378784
31 0.355228 0.0354953 0.215933 0.0348716
32 0.348817 0.0400714 0.212387 0.0372925
33 0.337841 0.0409754 0.205782 0.0369981
34 0.318485 0.0520707 0.194902 0.0430991
35 0.296406 0.049672 0.181452 0.0407467
36 0.276297 0.0442532 0.168732 0.0355102
37 0.258785 0.0456265 0.15834 0.0359244
38 0.247682 0.0411481 0.151494 0.0333272
39 0.23658 0.0370406 0.144648 0.0309044
40 0.23658 0.0370406 0.144648 0.0309044
41 0.230044 0.0377244 0.14086 0.0316356
42 0.218942 0.0350001 0.134014 0.0297747
43 0.2034 0.0309404 0.124352 0.0263028
44 0.187731 0.0234986 0.114447 0.0213412
45 0.183165 0.0191544 0.111389 0.0183804
46 0.172063 0.016731 0.104543 0.0166203
47 0.161086 0.0166368 0.0979392 0.015972
48 0.154676 0.0220808 0.0943931 0.0187326
49 0.1437 0.0245494 0.0877889 0.0191378
50 0.1437 0.0245494 0.0877889 0.0191378
51 0.1437 0.0245494 0.0877889 0.0191378
52 0.1437 0.0245494 0.0877889 0.0191378
53 0.121621 0.0226827 0.0743387 0.0170483
54 0.115085 0.0213317 0.0705508 0.0168899
55 0.105953 0.0146058 0.0644346 0.0117025
56 0.0884402 0.0157313 0.0540425 0.0120543
57 0.0753683 0.0171135 0.0464668 0.0134785
58 0.0688323 0.0210648 0.0426789 0.0155851
59 0.0622964 0.0260771 0.038891 0.0182433
60 0.0622964 0.0260771 0.038891 0.0182433
70 0.0485978 0.0148265 0.0297167 0.010022
80 0.0376213 0.0101662 0.0231125 0.00737057
90 0.0310854 0.0162421 0.0193246 0.0106384
100 0.0284889 0.00546989 0.0169963 0.00294043
110 0.0201089 0.0118715 0.0127204 0.0080131
120 0.0155427 0.00812104 0.00966231 0.00531922
130 0.0156684 0.0081505 0.00990409 0.00534683
140 0.0111022 0.00580727 0.00684598 0.00348085
150 0.0111022 0.00580727 0.00684598 0.00348085
160 0.0111022 0.00580727 0.00684598 0.00348085
170 0.00653595 0.00653595 0.00378788 0.00378788
180 0 0 0 0
190 0.00653595 0.00653595 0.00378788 0.00378788
200 0.00653595 0.00653595 0.00378788 0.00378788
210 0.00653595 0.00653595 0.00378788 0.00378788
220 0 0 0 0
230 0.00641026 0.00641026 0.0035461 0.0035461
240 0.0129462 0.00647402 0.00733398 0.00367296
250 0.00653595 0.00653595 0.00378788 0.00378788
260 0 0 0 0
270 0 0 0 0
280 0 0 0 0
290 0 0 0 0
300 0 0 0 0
310 0 0 0 0
320 0 0 0 0
330 0 0 0 0
340 0 0 0 0
350 0 0 0 0
360 0 0 0 0
370 0 0 0 0
380 0 0 0 0
390 0 0 0 0
400 0 0 0 0
410 0 0 0 0
420 0 0 0 0
430 0 0 0 0
440 0 0 0 0
450 0 0 0 0
460 0 0 0 0
470 0 0 0 0
480 0 0 0 0
490 0 0 0 0
500 0 0 0 0
510 0 0 0 0
520 0 0 0 0
530 0 0 0 0
540 0 0 0 0
550 0 0 0 0
560 0 0 0 0
570 0 0 0 0
580 0 0 0 0
590 0 0 0 0
600 0 0 0 0
610 0 0 0 0
620 0 0 0 0
630 0 0 0 0
640 0 0 0 0
650 0 0 0 0
660 0 0 0 0
670 0 0 0 0
680 0 0 0 0
690 0 0 0 0
700 0 0 0 0
710 0 0 0 0
720 0 0 0 0
730 0 0 0 0
740 0 0 0 0
750 0 0 0 0
760 0 0 0 0
770 0 0 0 0
780 0 0 0 0
790 0 0 0 0
800 0 0 0 0
810 0 0 0 0
820 0 0 0 0
830 0 0 0 0
840 0 0 0 0
850 0 0 0 0
860 0 0 0 0
870 0 0 0 0
880 0 0 0 0
890 0 0 0 0
900 0 0 0 0
910 0 0 0 0
920 0 0 0 0
930 0 0 0 0
940 0 0 0 0
950 0 0 0 0
960 0 0 0 0
970 0 0 0 0
980 0 0 0 0
990 0 0 0 0
1000 0 0 0 0
1010 0 0 0 0
1020 0 0 0 0
1030 0 0 0 0
1040 0 0 0 0
1050 0 0 0 0
1060 0 0 0 0
1070 0 0 0 0
1080 0 0 0 0
1090 0 0 0 0
1100 0 0 0 0
1110 0 0 0 0
1120 0 0 0 0
1130 0 0 0 0
1140 0 0 0 0
1150 0 0 0 0
1160 0 0 0 0
1170 0 0 0 0
1180 0 0 0 0
1190 0 0 0 0
1200 0 0 0 0
1210 0 0 0 0
1220 0 0 0 0
1230 0 0 0 0
1240 0 0 0 0
1250 0 0 0 0
1260 0 0 0 0
1270 0 0 0 0
1280 0 0 0 0
1290 0 0 0 0
1300 0 0 0 0
1310 0 0 0 0
1320 0 0 0 0
1330 0 0 0 0
1340 0 0 0 0
1350 0 0 0 0
1360 0 0 0 0
1370 0 0 0 0
1380 0 0 0 0
1390 0 0 0 0
1400 0 0 0 0
1410 0 0 0 0
1420 0 0 0 0
1430 0 0 0 0
1440 0 0 0 0


DSB_Residual
0 1 0 1 0
0.0166667 1 0 1 0
0.0333333 1 0 1 0
0.05 1 0 1 0
0.0666667 1 0 1 0
0.0833333 1 0 1 0
0.1 1 0 1 0
0.116667 1 0 1 0
0.133333 1 0 1 0
0.15 1 0 1 0
0.166667 1 0 1 0
0.183333 1 0 1 0
0.2 1 0 1 0
0.216667 1 0 1 0
0.233333 1 0 1 0
0.25 1 0 1 0
0.266667 1 0 1 0
0.283333 1 0 1 0
0.3 1 0 1 0
0.316667 1 0 1 0
0.333333 1 0 1 0
0.35 1 0 1 0
0.366667 1 0 1 0
0.383333 1 0 1 0
0.4 1 0 1 0
0.416667 1 0 1 0
0.433333 1 0 1 0
0.45 1 0 1 0
0.466667 1 0 1 0
0.483333 1 0 1 0
0.5 1 0 1 0
0.516667 1 0 1 0
0.533333 1 0 1 0
0.55 1 0 1 0
0.566667 1 0 1 0
0.583333 1 0 1 0
0.6 1 0 1 0
0.616667 1 0 1 0
0.633333 1 0 1 0
0.65 1 0 1 0
0.666667 1 0 1 0
0.683333 1 0 1 0
0.7 1 0 1 0
0.716667 1 0 1 0
0.733333 1 0 1 0
0.75 1 0 1 0
0.766667 1 0 1 0
0.783333 1 0 1 0
0.8 1 0 1 0
0.816667 1 0 1 0
0.833333 1 0 1 0
0.85 1 0 1 0
0.866667 1 0 1 0
0.883333 0.996124 0.00387597 0.996454 0.0035461
0.9 0.996124 0.00387597 0.996454 0.0035461
0.916667 0.996124 0.00387597 0.996454 0.0035461
0.933333 0.996124 0.00387597 0.996454 0.0035461
0.95 0.996124 0.00387597 0.996454 0.0035461
0.966667 0.996124 0.00387597 0.996454 0.0035461
0.983333 0.996124 0.00387597 0.996454 0.0035461
1 0.996124 0.00387597 0.996454 0.0035461
1.16667 0.996124 0.00387597 0.996454 0.0035461
1.33333 0.996124 0.00387597 0.996454 0.0035461
1.5 0.988726 0.000657874 0.989608 0.000643882
1.66667 0.984661 0.00454976 0.98582 0.0042945
1.83333 0.984661 0.00454976 0.98582 0.0042945
2 0.984661 0.00454976 0.98582 0.0042945
2.16667 0.980785 0.0046193 0.982274 0.00429633
2.33333 0.973575 0.00441533 0.97567 0.00399742
2.5 0.973575 0.00441533 0.97567 0.00399742
2.66667 0.973575 0.00441533 0.97567 0.00399742
2.83333 0.966909 0.0045944 0.969554 0.00409908
3 0.962844 0.00150428 0.965766 0.00138241
3.16667 0.955634 0.00401837 0.959161 0.00350718
3.33333 0.952301 0.00678525 0.956103 0.00608636
3.5 0.952301 0.00678525 0.956103 0.00608636
3.66667 0.945092 0.00978034 0.949499 0.008801
3.83333 0.941027 0.00613972 0.945711 0.00544488
4 0.936962 0.00357579 0.941923 0.00324529
4.16667 0.933086 0.00297013 0.938377 0.00240491
4.33333 0.925334 0.00954103 0.931285 0.0084697
4.5 0.922 0.00930527 0.928227 0.00820625
4.66667 0.918124 0.0126429 0.924681 0.0112782
4.83333 0.918124 0.0126429 0.924681 0.0112782
5 0.906307 0.0172204 0.913801 0.0154843
5.16667 0.902242 0.0151541 0.910013 0.0136332
5.33333 0.894112 0.0139642 0.902437 0.0128123
5.5 0.890047 0.0150747 0.898649 0.0140122
5.66667 0.890047 0.0150747 0.898649 0.0140122
5.83333 0.886171 0.0176596 0.895103 0.016263
6 0.882106 0.0190106 0.891315 0.0176618
6.16667 0.878041 0.0210712 0.887527 0.0196999
6.33333 0.873976 0.0236566 0.88374 0.0222021
6.5 0.869911 0.0266144 0.879952 0.0250294
6.66667 0.858094 0.031494 0.869072 0.02943
6.83333 0.850153 0.0354311 0.861738 0.0330635
7 0.834082 0.0449357 0.846828 0.0420135
7.16667 0.834082 0.0449357 0.846828 0.0420135
7.33333 0.830017 0.0479914 0.84304 0.0449123
7.5 0.830017 0.0479914 0.84304 0.0449123
7.66667 0.826684 0.0448814 0.839982 0.0420823
7.83333 0.819474 0.0424167 0.833378 0.0397656
8 0.815409 0.0455339 0.82959 0.0427246
8.16667 0.808743 0.0394188 0.823474 0.0371706
8.33333 0.800991 0.0407882 0.816381 0.0382443
8.5 0.79305 0.0446822 0.809047 0.0418348
8.66667 0.788985 0.0475645 0.80526 0.0445888
8.83333 0.785651 0.0443859 0.802201 0.0416971
9 0.768442 0.0325141 0.786423 0.0308207
9.16667 0.764566 0.0334833 0.782877 0.0315806
9.33333 0.749038 0.0396439 0.768455 0.03764
9.5 0.745162 0.0400683 0.764909 0.0379236
9.66667 0.737952 0.0376573 0.758305 0.0356281
9.83333 0.734076 0.0387178 0.754759 0.0364726
10 0.720011 0.0319943 0.741797 0.0305531
11 0.697274 0.0363314 0.720771 0.0348754
12 0.666241 0.0446465 0.692164 0.0424221
13 0.633693 0.0367266 0.662206 0.0353866
14 0.603392 0.0394442 0.63433 0.0376346
15 0.57751 0.0375316 0.610487 0.0360044
16 0.557752 0.04661 0.592273 0.0441555
17 0.519675 0.0531613 0.557067 0.0507806
18 0.513008 0.0469226 0.550951 0.0451582
19 0.486394 0.051484 0.526379 0.0495726
20 0.464577 0.0464497 0.506325 0.0449535
21 0.42246 0.0544659 0.467568 0.0518217
22 0.393244 0.0492089 0.440668 0.0471492
23 0.371238 0.0461594 0.420372 0.0447017
24 0.356088 0.0479067 0.406434 0.0461174
25 0.348879 0.0459725 0.399829 0.0441471
26 0.331127 0.0394407 0.383563 0.0376905
27 0.313375 0.0341001 0.367296 0.0321091
28 0.291558 0.0310433 0.347242 0.0288599
29 0.277139 0.0315302 0.334034 0.0284041
30 0.265133 0.0351341 0.322912 0.0324014
31 0.2618 0.0320826 0.319854 0.0294677
32 0.257924 0.0353242 0.316307 0.0321608
33 0.250715 0.0358834 0.309703 0.0322638
34 0.238898 0.0425693 0.298823 0.0384105
35 0.220414 0.043801 0.281827 0.0392351
36 0.206538 0.0401549 0.269106 0.0351523
37 0.195264 0.0404611 0.258714 0.0354662
38 0.187865 0.0370157 0.251868 0.0324678
39 0.180467 0.0336362 0.245022 0.0295753
40 0.180467 0.0336362 0.245022 0.0295753
41 0.176402 0.0329901 0.241235 0.0294991
42 0.169004 0.0299541 0.234389 0.027057
43 0.158461 0.0282003 0.224726 0.0246292
44 0.147729 0.0224125 0.214822 0.0193071
45 0.144396 0.020146 0.211764 0.0167796
46 0.136998 0.0166469 0.204918 0.0140039
47 0.129788 0.0184128 0.198314 0.014758
48 0.125912 0.0222835 0.194768 0.0181665
49 0.118703 0.0245361 0.188164 0.0197023
50 0.118703 0.0245361 0.188164 0.0197023
51 0.118703 0.0245361 0.188164 0.0197023
52 0.118703 0.0245361 0.188164 0.0197023
53 0.104095 0.0233379 0.174713 0.0182084
54 0.10003 0.0209529 0.170926 0.0166114
55 0.0933636 0.0187173 0.164809 0.0134317
56 0.0820892 0.0186807 0.154417 0.0134666
57 0.0739592 0.0137888 0.146841 0.010828
58 0.0698941 0.0126605 0.143054 0.0113243
59 0.0658291 0.0127864 0.139266 0.0129587
60 0.0658291 0.0127864 0.139266 0.0129587
70 0.0558291 0.00466723 0.130091 0.00383918
80 0.0486198 0.00756363 0.123487 0.00338208
90 0.0445547 0.00484831 0.119699 0.00447842
100 0.0378881 0.00562572 0.113583 0.00200056
110 0.0299471 0.003848 0.106249 0.00225815
120 0.0266137 0.00507363 0.103191 0.00164322
130 0.0227378 0.00733349 0.0996449 0.00198899
140 0.0194044 0.00860331 0.0965868 0.00306866
150 0.0194044 0.00860331 0.0965868 0.00306866
160 0.0194044 0.00860331 0.0965868 0.00306866
170 0.0160711 0.0107924 0.0935287 0.00579494
180 0.0120061 0.0070434 0.0897409 0.00384814
190 0.0120061 0.0070434 0.0897409 0.00384814
200 0.0120061 0.0070434 0.0897409 0.00384814
210 0.0120061 0.0070434 0.0897409 0.00384814
220 0.00794101 0.00397388 0.085953 0.00497303
230 0.00794101 0.00397388 0.085953 0.00497303
240 0.00794101 0.00397388 0.085953 0.00497303
250 0.00406504 0.00406504 0.0824069 0.00160734
260 0 0 0.078619 0.00526975
270 0 0 0.078619 0.00526975
280 0 0 0.078619 0.00526975
290 0 0 0.078619 0.00526975
300 0 0 0.078619 0.00526975
310 0 0 0.078619 0.00526975
320 0 0 0.078619 0.00526975
330 0 0 0.078619 0.00526975
340 0 0 0.078619 0.00526975
350 0 0 0.078619 0.00526975
360 0 0 0.078619 0.00526975
370 0 0 0.078619 0.00526975
380 0 0 0.078619 0.00526975
390 0 0 0.078619 0.00526975
400 0 0 0.078619 0.00526975
410 0 0 0.078619 0.00526975
420 0 0 0.078619 0.00526975
430 0 0 0.078619 0.00526975
440 0 0 0.078619 0.00526975
450 0 0 0.078619 0.00526975
460 0 0 0.078619 0.00526975
470 0 0 0.078619 0.00526975
480 0 0 0.078619 0.00526975
490 0 0 0.078619 0.00526975
500 0 0 0.078619 0.00526975
510 0 0 0.078619 0.00526975
520 0 0 0.078619 0.00526975
530 0 0 0.078619 0.00526975
540 0 0 0.078619 0.00526975
550 0 0 0.078619 0.00526975
560 0 0 0.078619 0.00526975
570 0 0 0.078619 0.00526975
580 0 0 0.078619 0.00526975
590 0 0 0.078619 0.00526975
600 0 0 0.078619 0.00526975
610 0 0 0.078619 0.00526975
620 0 0 0.078619 0.00526975
630 0 0 0.078619 0.00526975
640 0 0 0.078619 0.00526975
650 0 0 0.078619 0.00526975
660 0 0 0.078619 0.00526975
670 0 0 0.078619 0.00526975
680 0 0 0.078619 0.00526975
690 0 0 0.078619 0.00526975
700 0 0 0.078619 0.00526975
710 0 0 0.078619 0.00526975
720 0 0 0.078619 0.00526975
730 0 0 0.078619 0.00526975
740 0 0 0.078619 0.00526975
750 0 0 0.078619 0.00526975
760 0 0 0.078619 0.00526975
770 0 0 0.078619 0.00526975
780 0 0 0.078619 0.00526975
790 0 0 0.078619 0.00526975
800 0 0 0.078619 0.00526975
810 0 0 0.078619 0.00526975
820 0 0 0.078619 0.00526975
830 0 0 0.078619 0.00526975
840 0 0 0.078619 0.00526975
850 0 0 0.078619 0.00526975
860 0 0 0.078619 0.00526975
870 0 0 0.078619 0.00526975
880 0 0 0.078619 0.00526975
890 0 0 0.078619 0.00526975
900 0 0 0.078619 0.00526975
910 0 0 0.078619 0.00526975
920 0 0 0.078619 0.00526975
930 0 0 0.078619 0.00526975
940 0 0 0.078619 0.00526975
950 0 0 0.078619 0.00526975
960 0 0 0.078619 0.00526975
970 0 0 0.078619 0.00526975
980 0 0 0.078619 0.00526975
990 0 0 0.078619 0.00526975
1000 0 0 0.078619 0.00526975
1010 0 0 0.078619 0.00526975
1020 0 0 0.078619 0.00526975
1030 0 0 0.078619 0.00526975
1040 0 0 0.078619 0.00526975
1050 0 0 0.078619 0.00526975
1060 0 0 0.078619 0.00526975
1070 0 0 0.078619 0.00526975
1080 0 0 0.078619 0.00526975
1090 0 0 0.078619 0.00526975
1100 0 0 0.078619 0.00526975
1110 0 0 0.078619 0.00526975
1120 0 0 0.078619 0.00526975
1130 0 0 0.078619 0.00526975
1140 0 0 0.078619 0.00526975
1150 0 0 0.078619 0.00526975
1160 0 0 0.078619 0.00526975
1170 0 0 0.078619 0.00526975
1180 0 0 0.078619 0.00526975
1190 0 0 0.078619 0.00526975
1200 0 0 0.078619 0.00526975
1210 0 0 0.078619 0.00526975
1220 0 0 0.078619 0.00526975
1230 0 0 0.078619 0.00526975
1240 0 0 0.078619 0.00526975
1250 0 0 0.078619 0.00526975
1260 0 0 0.078619 0.00526975
1270 0 0 0.078619 0.00526975
1280 0 0 0.078619 0.00526975
1290 0 0 0.078619 0.00526975
1300 0 0 0.078619 0.00526975
1310 0 0 0.078619 0.00526975
1320 0 0 0.078619 0.00526975
1330 0 0 0.078619 0.00526975
1340 0 0 0.078619 0.00526975
1350 0 0 0.078619 0.00526975
1360 0 0 0.078619 0.00526975
1370 0 0 0.078619 0.00526975
1380 0 0 0.078619 0.00526975
1390 0 0 0.078619 0.00526975
1400 0 0 0.078619 0.00526975
1410 0 0 0.078619 0.00526975
1420 0 0 0.078619 0.00526975
1430 0 0 0.078619 0.00526975
1440 0 0 0.078619 0.00526975


Time || Bleached_RelInit SEM_RelInit
1 0 0.0492826
2 0 0.0503955
3 0 0.0594581
4 0.00984282 0.0696873
5 0.0198223 0.0795476
6 0.0449404 0.0804572
7 0.0695831 0.0740339
8 0.0948335 0.0856191
9 0.108299 0.0726657
10 0.12453 0.0858181
11 0.141002 0.0919005
12 0.154944 0.091315
13 0.164681 0.0883964
14 0.191851 0.0902032
15 0.211568 0.0864226
16 0.218778 0.0754623
17 0.225271 0.0786328
18 0.241502 0.074304
19 0.268187 0.066981
20 0.284655 0.0682257
21 0.291866 0.0708475
22 0.298597 0.0761501
23 0.29463 0.0702438
24 0.301123 0.0780736
25 0.308096 0.0809633
26 0.321558 0.0822314
27 0.319269 0.0894823
28 0.33273 0.0871922
29 0.348961 0.0828725
30 0.366388 0.0874395
40 0.453047 0.10463
50 0.518933 0.127007
60 0.588306 0.0872494
70 0.646127 0.090044
80 0.702609 0.113103
90 0.759471 0.106103
100 0.807313 0.0962774
110 0.810553 0.0964892
120 0.853578 0.11158
130 0.871957 0.117763
140 0.863791 0.115732
150 0.887236 0.091899
160 0.896256 0.0935585
170 0.93521 0.0812283
180 0.954078 0.102127
190 0.969929 0.112853
200 0.991935 0.095809
210 1 0.0852051
220 0.989061 0.0891888
230 0.991826 0.0812589
240 0.989774 0.0868272
250 0.968622 0.0807573
260 0.975357 0.0747166
270 0.972584 0.0766149
280 0.962129 0.0727984
290 0.941836 0.0780144
300 0.952053 0.0718124
310 0.949764 0.0603553
320 0.947845 0.0688768
330 0.944363 0.0736324
340 0.936435 0.0691798
350 0.939204 0.0763129
360 0.924307 0.0795295
370 0.903631 0.0707386
380 0.888254 0.0820095
390 0.857123 0.0891423
400 0.862656 0.0923352
410 0.873116 0.121143
420 0.866623 0.113506
430 0.848103 0.109432
440 0.835117 0.11408
450 0.840417 0.123646
460 0.834646 0.118959
470 0.831155 0.122414
480 0.836688 0.126174
490 0.81974 0.12595
500 0.816734 0.116654
510 0.785228 0.0968895
520 0.778735 0.0911107
530 0.75687 0.0994216
540 0.74689 0.100633
550 0.729938 0.102646
560 0.719003 0.100903
570 0.693278 0.0850943
630 0.657093 0.0844731
690 0.599408 0.08288
750 0.543744 0.077947
810 0.488454 0.085878
870 0.452744 0.082874
930 0.416929 0.0993825
990 0.343741 0.10695
1050 0.339162 0.106209
1110 0.290845 0.113954
1170 0.251411 0.110255
1230 0.175203 0.11948
1290 0.122308 0.112026
1350 0.0793917 0.108173
1410 0.0549911 0.114747
1470 0.0389984 0.11033
1530 0.0100195 0.0990518
1590 0 0.093877
1650 0 0.0887976
1710 0 0.0905463
1770 0 0.0955918
1830 0 0.0910605
1890 0 0.0946969
1950 0 0.0942492
2010 0 0.10379
2070 0 0.100123
2130 0 0.0920905
2190 0 0.0927094
2250 0 0.0888799
2310 0 0.0854279
2370 0 0.0854279
2430 0 0.0864565
2490 0 0.0838622
2550 0 0.079247
2610 0 0.0732535
2670 0 0.070081
2730 0 0.0683604
2790 0 0.0677603
2850 0 0.0704407
2910 0 0.0708605
2970 0 0.0708605
3030 0 0.0708605
3090 0 0.0708605
3150 0 0.0687667
3210 0 0.0686154
3270 0 0.0643008
3330 0 0.0645516
3390 0 0.0656316
3450 0 0.067411
3510 0 0.0699423
3570 0 0.0699423
4170 0 0.0631937
4770 0 0.0603851
5370 0 0.0622407
5970 0 0.0577147
6570 0 0.0603262
7170 0 0.0590193
7770 0 0.0585572
8370 0 0.0580108
8970 0 0.0580108
9570 0 0.0580108
10170 0 0.0588874
10770 0 0.0584144
11370 0 0.0584144
11970 0 0.0584144
12570 0 0.0584144
13170 0 0.0579376
13770 0 0.0576173
14370 0 0.0584866
14970 0 0.0585149
15570 0 0.058039
16170 0 0.058039
16770 0 0.058039
17370 0 0.058039
17970 0 0.058039
18570 0 0.058039
19170 0 0.058039
19770 0 0.058039
20370 0 0.058039
20970 0 0.058039
21570 0 0.058039
22170 0 0.058039
22770 0 0.058039
23370 0 0.058039
23970 0 0.058039
24570 0 0.058039
25170 0 0.058039
25770 0 0.058039
26370 0 0.058039
26970 0 0.058039
27570 0 0.058039
28170 0 0.058039
28770 0 0.058039
29370 0 0.058039
29970 0 0.058039
30570 0 0.058039
31170 0 0.058039
31770 0 0.058039
32370 0 0.058039
32970 0 0.058039
33570 0 0.058039
34170 0 0.058039
34770 0 0.058039
35370 0 0.058039
35970 0 0.058039
36570 0 0.058039
37170 0 0.058039
37770 0 0.058039
38370 0 0.058039
38970 0 0.058039
39570 0 0.058039
40170 0 0.058039
40770 0 0.058039
41370 0 0.058039
41970 0 0.058039
42570 0 0.058039
43170 0 0.058039
43770 0 0.058039
44370 0 0.058039
44970 0 0.058039
45570 0 0.058039
46170 0 0.058039
46770 0 0.058039
47370 0 0.058039
47970 0 0.058039
48570 0 0.058039
49170 0 0.058039
49770 0 0.058039
50370 0 0.058039
50970 0 0.058039
51570 0 0.058039
52170 0 0.058039
52770 0 0.058039
53370 0 0.058039
53970 0 0.058039
54570 0 0.058039
55170 0 0.058039
55770 0 0.058039
56370 0 0.058039
56970 0 0.058039
57570 0 0.058039
58170 0 0.058039
58770 0 0.058039
59370 0 0.058039
59970 0 0.058039
60570 0 0.058039
61170 0 0.058039
61770 0 0.058039
62370 0 0.058039
62970 0 0.058039
63570 0 0.058039
64170 0 0.058039
64770 0 0.058039
65370 0 0.058039
65970 0 0.058039
66570 0 0.058039
67170 0 0.058039
67770 0 0.058039
68370 0 0.058039
68970 0 0.058039
69570 0 0.058039
70170 0 0.058039
70770 0 0.058039
71370 0 0.058039
71970 0 0.058039
72570 0 0.058039
73170 0 0.058039
73770 0 0.058039
74370 0 0.058039
74970 0 0.058039
75570 0 0.058039
76170 0 0.058039
76770 0 0.058039
77370 0 0.058039
77970 0 0.058039
78570 0 0.058039
79170 0 0.058039
79770 0 0.058039
80370 0 0.058039
80970 0 0.058039
81570 0 0.058039
82170 0 0.058039
82770 0 0.058039
83370 0 0.058039
83970 0 0.058039
84570 0 0.058039
85170 0 0.058039
85770 0 0.058039
86370 0 0.058039


Original_Seperation_of_Misrepair
# Separation (nm) | Normalised Frequency
2.6 0.206186
5.2 1
7.8 0.948454
10.4 0.185567


Time_of_Misrepair_Interactions
# Time of Interaction (s) | Normalised Frequency
1 0.694444
2.00001 1
3.00001 0.555556
4.00002 0.527778
5.00002 0.194444
6.00003 0.25
7.00003 0.25
8.00004 0.194444
9.00004 0.166667
10 0.138889
11.0001 0.194444
12.0001 0.138889
13.0001 0.194444
14.0001 0.0833333
15.0001 0.194444
16.0001 0.0277778
17.0001 0.0833333
19.0001 0.0555556
21.0001 0.0555556
22.0001 0.0277778
23.0001 0.0555556
24.0001 0.0277778
25.0001 0.0833333
27.0001 0.0555556
28.0001 0.0277778
29.0001 0.166667
30.0001 0.0277778
31.0001 0.0555556
33.0002 0.0555556
34.0002 0.0555556
35.0002 0.0277778
36.0002 0.0555556
37.0002 0.0833333
38.0002 0.0833333
39.0002 0.0833333
40.0002 0.111111
41.0002 0.0555556
43.0002 0.0555556
44.0002 0.0555556
45.0002 0.111111
47.0002 0.0277778
48.0002 0.0833333
49.0002 0.0277778
50.0002 0.0555556
53.0002 0.0555556
55.0003 0.0555556
56.0003 0.0277778
57.0003 0.0277778
59.0003 0.0555556
60.0003 0.0277778
61.0003 0.0833333
62.0003 0.0277778
64.0003 0.0555556
65.0003 0.0833333
66.0003 0.0833333
67.0003 0.0277778
69.0003 0.0277778
70.0003 0.0833333
71.0003 0.0277778
73.0003 0.0555556
74.0003 0.0277778
76.0004 0.0277778
77.0004 0.0833333
78.0004 0.0555556
79.0004 0.0277778
81.0004 0.0277778
83.0004 0.138889
84.0004 0.0555556
85.0004 0.0833333
86.0004 0.0555556
87.0004 0.0277778
89.0004 0.0555556
90.0004 0.0277778
91.0004 0.0277778
94.0004 0.0277778
96.0004 0.0277778
97.0004 0.0833333
98.0005 0.0555556
101 0.0277778
102 0.0277778
103 0.111111
104 0.0277778
105 0.0555556
107 0.0277778
109.001 0.0555556
111.001 0.138889
112.001 0.0277778
115.001 0.0555556
118.001 0.0277778
120.001 0.0555556
122.001 0.0555556
124.001 0.0277778
125.001 0.0277778
126.001 0.0277778
128.001 0.0555556
129.001 0.0833333
130.001 0.0555556
133.001 0.0277778
134.001 0.0277778
136.001 0.0277778
137.001 0.0277778
139.001 0.0833333
140.001 0.0277778
141.001 0.0555556
142.001 0.0277778
143.001 0.0555556
145.001 0.0277778
146.001 0.0277778
147.001 0.0277778
150.001 0.0277778
151.001 0.0277778
152.001 0.0277778
153.001 0.0277778
154.001 0.0277778
155.001 0.0277778
157.001 0.0555556
161.001 0.0277778
162.001 0.0277778
167.001 0.0833333
172.001 0.0277778
173.001 0.0277778
175.001 0.0277778
176.001 0.0277778
177.001 0.0277778
179.001 0.0277778
180.001 0.0277778
181.001 0.0277778
182.001 0.0277778
183.001 0.0555556
184.001 0.111111
185.001 0.0277778
190.001 0.0277778
191.001 0.0833333
193.001 0.0277778
196.001 0.0277778
199.001 0.0277778
201.001 0.0277778
204.001 0.0277778
205.001 0.0277778
206.001 0.0277778
211.001 0.0555556
213.001 0.0277778
215.001 0.0277778
216.001 0.0555556
219.001 0.0833333
221.001 0.0277778
223.001 0.0555556
225.001 0.0277778
226.001 0.0277778
227.001 0.0277778
229.001 0.0555556
231.001 0.0277778
232.001 0.0277778
235.001 0.0277778
240.001 0.0277778
241.001 0.0555556
242.001 0.0277778
247.001 0.0277778
249.001 0.0277778
253.001 0.0277778
254.001 0.0277778
257.001 0.0277778
263.001 0.0277778
264.001 0.0277778
265.001 0.0277778
271.001 0.0277778
278.001 0.0277778
283.001 0.0277778
285.001 0.0277778
287.001 0.0277778
288.001 0.0277778
296.001 0.0555556
298.001 0.0277778
299.001 0.0277778
300.001 0.0277778
304.001 0.0277778
311.001 0.0277778
316.001 0.0277778
320.001 0.0277778
324.001 0.0555556
325.002 0.0277778
327.002 0.0277778
329.002 0.0277778
336.002 0.0277778
339.002 0.0277778
341.002 0.0277778
344.002 0.0277778
349.002 0.0277778
350.002 0.0277778
355.002 0.0833333
368.002 0.0555556
371.002 0.0277778
372.002 0.0277778
374.002 0.0277778
395.002 0.0277778
397.002 0.0277778
398.002 0.0277778
404.002 0.0277778
405.002 0.0277778
414.002 0.0277778
415.002 0.0277778
416.002 0.0277778
421.002 0.0277778
424.002 0.0277778
434.002 0.0277778
437.002 0.0555556
438.002 0.0277778
440.002 0.0555556
444.002 0.0277778
448.002 0.0277778
460.002 0.0277778
466.002 0.0277778
471.002 0.0277778
473.002 0.0277778
479.002 0.0277778
486.002 0.0277778
490.002 0.0277778
491.002 0.0277778
492.002 0.0277778
497.002 0.0555556
498.002 0.0277778
502.002 0.0277778
509.002 0.0833333
520.002 0.0277778
524.002 0.0277778
527.002 0.0277778
529.002 0.0277778
532.002 0.0277778
536.002 0.0277778
544.003 0.0555556
545.003 0.0277778
551.003 0.0277778
573.003 0.0277778
580.003 0.0277778
592.003 0.0277778
594.003 0.0277778
611.003 0.0277778
613.003 0.0277778
618.003 0.0277778
622.003 0.0277778
625.003 0.0277778
634.003 0.0277778
640.003 0.0277778
643.003 0.0277778
651.003 0.0277778
654.003 0.0277778
662.003 0.0277778
666.003 0.0277778
667.003 0.0277778
689.003 0.0277778
691.003 0.0277778
699.003 0.0277778
703.003 0.0277778
716.003 0.0277778
724.003 0.0277778
727.003 0.0277778
728.003 0.0277778
744.003 0.0277778
762.004 0.0277778
774.004 0.0277778
782.004 0.0277778
789.004 0.0277778
790.004 0.0277778
815.004 0.0277778
825.004 0.0277778
828.004 0.0277778
829.004 0.0277778
831.004 0.0277778
841.004 0.0277778
858.004 0.0277778
865.004 0.0277778
882.004 0.0555556
885.004 0.0277778
909.004 0.0277778
919.004 0.0277778
944.004 0.0277778
960.004 0.0277778
970.004 0.0277778
975.005 0.0277778
982.005 0.0277778
1049 0.0277778
1053 0.0277778
1105.01 0.0277778
1115.01 0.0277778
1405.01 0.0277778
1453.01 0.0277778
1501.01 0.0277778
1626.01 0.0277778
1652.01 0.0277778
1726.01 0.0277778
2054.01 0.0277778
4566.02 0.0277778
4635.02 0.0277778
5755.03 0.0277778
6530.03 0.0277778
6560.03 0.0277778
6573.03 0.0277778
7090.03 0.0277778
7237.03 0.0277778
7610.04 0.0277778
7735.04 0.0277778
9791.05 0.0277778
9932.05 0.0277778
10059 0.0277778
10080 0.0277778
10230 0.0277778
10376 0.0277778
10456 0.0277778
10820.1 0.0277778
10881.1 0.0277778
11054.1 0.0277778
11091.1 0.0277778
13345.1 0.0277778
14135.1 0.0277778
14223.1 0.0277778


MSD_of_DSB
# Time (s) | MSD


Displacement_at_End
# Displacement (nm) | Normalised Frequency
62.4 0.142857
67.6 0.428571
96.2 0.142857
98.8 0.142857
101.4 0.142857
104 0.142857
109.2 0.142857
122.2 0.285714
124.8 0.285714
127.4 0.142857
143 0.142857
145.6 0.142857
150.8 0.285714
158.6 0.285714
166.4 0.142857
171.6 0.428571
174.2 0.285714
182 0.142857
184.6 0.142857
192.4 0.285714
200.2 0.142857
202.8 0.142857
210.6 0.285714
239.2 0.285714
241.8 0.285714
247 0.285714
254.8 0.571429
257.4 0.285714
260 0.142857
262.6 0.142857
265.2 0.285714
267.8 0.285714
270.4 0.285714
273 0.142857
275.6 0.142857
278.2 0.285714
280.8 0.285714
293.8 0.285714
296.4 0.285714
299 0.428571
301.6 0.142857
304.2 0.428571
306.8 0.142857
312 0.142857
314.6 0.285714
317.2 0.428571
327.6 0.714286
330.2 0.142857
332.8 0.142857
335.4 0.285714
338 0.142857
348.4 0.142857
351 0.285714
356.2 0.142857
358.8 0.285714
366.6 0.142857
371.8 0.285714
374.4 0.285714
379.6 0.142857
384.8 0.428571
387.4 0.142857
390 0.285714
392.6 0.142857
397.8 0.142857
405.6 0.285714
413.4 0.285714
416 0.285714
418.6 0.285714
421.2 0.142857
426.4 0.142857
429 0.285714
431.6 0.571429
434.2 0.285714
439.4 0.571429
452.4 0.571429
460.2 0.142857
462.8 0.142857
473.2 0.142857
475.8 0.142857
478.4 0.142857
481 0.285714
486.2 0.285714
494 0.285714
496.6 0.285714
499.2 0.285714
501.8 0.571429
504.4 0.285714
507 0.285714
509.6 0.142857
512.2 0.285714
514.8 0.428571
517.4 0.285714
522.6 0.142857
525.2 0.285714
527.8 0.142857
538.2 0.428571
540.8 0.571429
543.4 0.571429
546 0.142857
551.2 0.285714
553.8 0.857143
556.4 0.142857
561.6 0.142857
569.4 1
572 0.428571
574.6 0.142857
577.2 0.428571
585 0.142857
592.8 0.285714
595.4 0.428571
598 0.428571
600.6 0.285714
603.2 0.285714
605.8 0.142857
608.4 0.142857
613.6 0.142857
616.2 0.428571
618.8 0.285714
621.4 0.142857
624 0.428571
626.6 0.285714
629.2 0.285714
631.8 0.285714
634.4 0.714286
637 0.285714
639.6 0.428571
642.2 0.285714
644.8 0.428571
647.4 0.285714
655.2 0.142857
657.8 0.285714
660.4 0.428571
665.6 0.285714
668.2 0.285714
670.8 0.142857
673.4 0.714286
681.2 0.285714
683.8 0.142857
686.4 0.285714
689 0.285714
691.6 0.142857
694.2 0.142857
699.4 0.428571
704.6 0.285714
707.2 0.285714
715 0.142857
717.6 0.142857
728 0.142857
730.6 0.285714
733.2 0.428571
735.8 0.142857
738.4 0.285714
741 0.142857
743.6 0.285714
746.2 0.142857
751.4 0.142857
761.8 0.142857
764.4 0.571429
767 0.285714
769.6 0.285714
772.2 0.285714
774.8 0.285714
780 0.285714
782.6 0.285714
785.2 0.142857
795.6 0.142857
798.2 0.142857
803.4 0.142857
813.8 0.285714
819 0.142857
826.8 0.285714
832 0.142857
837.2 0.714286
839.8 0.285714
842.4 0.428571
845 0.285714
847.6 0.428571
855.4 0.142857
858 0.142857
863.2 0.428571
876.2 0.285714
878.8 0.285714
881.4 0.142857
886.6 0.142857
891.8 0.285714
894.4 0.142857
897 0.142857
904.8 0.142857
907.4 0.285714
910 0.285714
912.6 0.142857
920.4 0.285714
925.6 0.142857
930.8 0.428571
941.2 0.285714
943.8 0.142857
946.4 0.142857
951.6 0.285714
959.4 0.142857
962 0.714286
964.6 0.714286
967.2 0.142857
969.8 0.285714
977.6 0.142857
982.8 0.142857
993.2 0.285714
1001 0.428571
1003.6 0.285714
1006.2 0.142857
1011.4 0.285714
1016.6 0.142857
1019.2 0.142857
1021.8 0.428571
1024.4 0.285714
1027 0.142857
1032.2 0.285714
1034.8 0.285714
1037.4 0.714286
1040 0.142857
1060.8 0.142857
1063.4 0.571429
1066 0.142857
1079 0.142857
1086.8 0.142857
1092 0.142857
1097.2 0.142857
1099.8 0.285714
1102.4 0.142857
1105 0.142857
1107.6 0.285714
1110.2 0.142857
1120.6 0.142857
1123.2 0.142857
1125.8 0.428571
1131 0.571429
1133.6 0.142857
1146.6 0.428571
1149.2 0.571429
1151.8 0.285714
1154.4 0.142857
1164.8 0.142857
1167.4 0.142857
1172.6 0.285714
1177.8 0.142857
1180.4 0.142857
1188.2 0.142857
1193.4 0.428571
1196 0.428571
1198.6 0.428571
1203.8 0.142857
1206.4 0.142857
1211.6 0.142857
1214.2 0.142857
1216.8 0.142857
1222 0.142857
1229.8 0.285714
1242.8 0.428571
1245.4 0.285714
1248 0.714286
1255.8 0.285714
1258.4 0.285714
1261 0.428571
1263.6 0.142857
1297.4 0.142857
1315.6 0.285714
1318.2 0.285714
1336.4 0.285714
1349.4 0.285714
1359.8 0.285714
1398.8 0.285714
1427.4 0.285714
1430 0.428571
1458.6 0.142857
1461.2 0.142857
1505.4 0.142857
1508 0.142857
1531.4 0.142857
1536.6 0.142857
1547 0.428571
1552.2 0.142857
1578.2 0.285714
1593.8 0.142857
1596.4 0.142857
1635.4 0.285714
1703 0.142857
1705.6 0.285714
1765.4 0.285714
1791.4 0.142857
1830.4 0.285714
1848.6 0.285714
1929.2 0.142857
1973.4 0.142857
1978.6 0.142857
1986.4 0.142857
1989 0.142857
2020.2 0.142857
2033.2 0.142857
2085.2 0.142857
2087.8 0.142857
2090.4 0.285714
2113.8 0.142857
2124.2 0.142857
2126.8 0.142857
2145 0.285714
2147.6 0.285714
2225.6 0.142857
2228.2 0.142857
2275 0.142857
2277.6 0.142857
2314 0.142857
2319.2 0.142857
2334.8 0.142857
2394.6 0.142857
2399.8 0.142857
2464.8 0.142857
2472.6 0.142857
2501.2 0.142857
2506.4 0.142857
2511.6 0.142857
2516.8 0.142857
2561 0.142857
2592.2 0.142857
2602.6 0.142857
2776.8 0.142857
2782 0.142857
3231.8 0.142857


Displacement_of_ResidualEnds
109.2 0.5
124.8 0.5
317.2 1
335.4 0.5
338 0.5
366.6 0.5
434.2 0.5
478.4 0.5
551.2 1
553.8 0.5
561.6 0.5
585 0.5
613.6 0.5
637 0.5
647.4 0.5
657.8 0.5
660.4 0.5
683.8 0.5
686.4 0.5
738.4 0.5
751.4 0.5
764.4 0.5
782.6 0.5
795.6 0.5
819 0.5
855.4 0.5
1079 0.5
1146.6 0.5
1149.2 0.5
1242.8 0.5
1248 0.5
1297.4 0.5
1427.4 0.5
1705.6 0.5
1791.4 0.5
1929.2 0.5
2020.2 0.5
2033.2 0.5
2113.8 0.5
2334.8 0.5
2561 0.5
2592.2 0.5
2602.6 0.5
3231.8 0.5


Displacement_of_ResidualSyn


